
Running /usr/bin/pdflatex Algebra1Rep.tex in an env with 4 entries:
This is pdfTeX, Version 3.1415926-2.5-1.40.14 (TeX Live 2013/Debian)
 restricted \write18 enabled.
entering extended mode
(data/Algebra1Rep.tex
LaTeX2e <2011/06/27>
Babel <3.9h> and hyphenation patterns for 78 languages loaded.
(/usr/share/texlive/texmf-dist/tex/latex/koma-script/scrbook.cls
Document Class: scrbook 2013/12/19 v3.12 KOMA-Script document class (book)
(/usr/share/texlive/texmf-dist/tex/latex/koma-script/scrkbase.sty
(/usr/share/texlive/texmf-dist/tex/latex/koma-script/scrbase.sty
(/usr/share/texlive/texmf-dist/tex/latex/graphics/keyval.sty)
(/usr/share/texlive/texmf-dist/tex/latex/koma-script/scrlfile.sty
Package scrlfile, 2013/12/19 v3.12 KOMA-Script package (loading files)
                  Copyright (C) Markus Kohm

))) (/usr/share/texlive/texmf-dist/tex/latex/koma-script/tocbasic.sty)
(/usr/share/texlive/texmf-dist/tex/latex/koma-script/scrsize10pt.clo)
(/usr/share/texlive/texmf-dist/tex/latex/koma-script/typearea.sty
Package typearea, 2013/12/19 v3.12 KOMA-Script package (type area)
                  Copyright (C) Frank Neukam, 1992-1994
                  Copyright (C) Markus Kohm, 1994-

)) (/usr/share/texlive/texmf-dist/tex/latex/base/fontenc.sty
(/usr/share/texlive/texmf-dist/tex/latex/base/t1enc.def))
(/usr/share/texlive/texmf-dist/tex/generic/babel/babel.sty
(/usr/share/texlive/texmf-dist/tex/generic/babel-german/germanb.ldf
(/usr/share/texlive/texmf-dist/tex/generic/babel/babel.def)))
(/usr/share/texlive/texmf-dist/tex/latex/cmbright/cmbright.sty
(/usr/share/texlive/texmf-dist/tex/latex/cmbright/t1cmbr.fd))
(/usr/share/texlive/texmf-dist/tex/latex/base/inputenc.sty
(/usr/share/texlive/texmf-dist/tex/latex/base/ansinew.def))
(/usr/share/texlive/texmf-dist/tex/latex/stmaryrd/stmaryrd.sty)
(/usr/share/texlive/texmf-dist/tex/latex/colortbl/colortbl.sty
(/usr/share/texlive/texmf-dist/tex/latex/tools/array.sty)
(/usr/share/texlive/texmf-dist/tex/latex/graphics/color.sty
(/usr/share/texlive/texmf-dist/tex/latex/latexconfig/color.cfg)
(/usr/share/texlive/texmf-dist/tex/latex/pdftex-def/pdftex.def
(/usr/share/texlive/texmf-dist/tex/generic/oberdiek/infwarerr.sty)
(/usr/share/texlive/texmf-dist/tex/generic/oberdiek/ltxcmds.sty))))
(/usr/share/texmf/tex/latex/xcolor/xcolor.sty
(/usr/share/texlive/texmf-dist/tex/latex/latexconfig/color.cfg))
(/usr/share/texlive/texmf-dist/tex/latex/hyperref/hyperref.sty
(/usr/share/texlive/texmf-dist/tex/generic/oberdiek/hobsub-hyperref.sty
(/usr/share/texlive/texmf-dist/tex/generic/oberdiek/hobsub-generic.sty))
(/usr/share/texlive/texmf-dist/tex/generic/ifxetex/ifxetex.sty)
(/usr/share/texlive/texmf-dist/tex/latex/oberdiek/auxhook.sty)
(/usr/share/texlive/texmf-dist/tex/latex/oberdiek/kvoptions.sty)
(/usr/share/texlive/texmf-dist/tex/latex/hyperref/pd1enc.def)
(/usr/share/texlive/texmf-dist/tex/latex/latexconfig/hyperref.cfg)
(/usr/share/texlive/texmf-dist/tex/latex/url/url.sty))

Package hyperref Message: Driver (autodetected): hpdftex.

(/usr/share/texlive/texmf-dist/tex/latex/hyperref/hpdftex.def
(/usr/share/texlive/texmf-dist/tex/latex/oberdiek/rerunfilecheck.sty))
(/usr/share/texlive/texmf-dist/tex/latex/amsfonts/amssymb.sty
(/usr/share/texlive/texmf-dist/tex/latex/amsfonts/amsfonts.sty))
(/usr/share/texlive/texmf-dist/tex/latex/amsmath/amsmath.sty
For additional information on amsmath, use the `?' option.
(/usr/share/texlive/texmf-dist/tex/latex/amsmath/amstext.sty
(/usr/share/texlive/texmf-dist/tex/latex/amsmath/amsgen.sty))
(/usr/share/texlive/texmf-dist/tex/latex/amsmath/amsbsy.sty)
(/usr/share/texlive/texmf-dist/tex/latex/amsmath/amsopn.sty))
(/usr/share/texlive/texmf-dist/tex/latex/amscls/amsthm.sty)
No file Algebra1Rep.aux.
(/usr/share/texlive/texmf-dist/tex/context/base/supp-pdf.mkii
[Loading MPS to PDF converter (version 2006.09.02).]
) (/usr/share/texlive/texmf-dist/tex/latex/hyperref/nameref.sty
(/usr/share/texlive/texmf-dist/tex/generic/oberdiek/gettitlestring.sty))
(/usr/share/texlive/texmf-dist/tex/latex/cmbright/ot1cmbr.fd)
(/usr/share/texlive/texmf-dist/tex/latex/cmbright/omlcmbrm.fd)
(/usr/share/texlive/texmf-dist/tex/latex/cmbright/omscmbrs.fd)
(/usr/share/texlive/texmf-dist/tex/latex/stmaryrd/Ustmry.fd) [1{/var/lib/texmf/
fonts/map/pdftex/updmap/pdftex.map}] [2]
Kapitel 1.
[3]

LaTeX Font Warning: Font shape `T1/cmbr/bx/it' undefined
(Font)              using `T1/cmbr/bx/n' instead on input line 253.


Overfull \hbox (13.44992pt too wide) in paragraph at lines 253--254
[][][] 

Overfull \hbox (13.44992pt too wide) in paragraph at lines 276--277
[][][]

Underfull \hbox (badness 10000) in paragraph at lines 276--277

[4] [5] [6] (/usr/share/texlive/texmf-dist/tex/latex/cmbright/omscmbr.fd)
Overfull \hbox (1.10342pt too wide) in paragraph at lines 428--429
[][][] 

Overfull \hbox (1.10342pt too wide) in paragraph at lines 442--443
[][][] 
[7]
Overfull \hbox (1.10342pt too wide) in paragraph at lines 455--456
[][][] 

Overfull \hbox (1.10342pt too wide) in paragraph at lines 470--471
[][][] 

Overfull \hbox (1.10342pt too wide) in paragraph at lines 495--496
[][][]

Underfull \hbox (badness 10000) in paragraph at lines 495--496


Underfull \vbox (badness 10000) has occurred while \output is active [8]
[9] [10] [11] [12]
Kapitel 2.

Overfull \hbox (13.44992pt too wide) in paragraph at lines 636--637
[][][] 
[13] [14] (./Algebra1Rep.aux)

Package rerunfilecheck Warning: File `Algebra1Rep.out' has changed.
(rerunfilecheck)                Rerun to get outlines right
(rerunfilecheck)                or use package `bookmark'.


LaTeX Font Warning: Some font shapes were not available, defaults substituted.


LaTeX Warning: Label(s) may have changed. Rerun to get cross-references right.

 )
(see the transcript file for additional information){/usr/share/texmf/fonts/enc
/dvips/cm-super/cm-super-t1.enc}</usr/share/texlive/texmf-dist/fonts/type1/publ
ic/amsfonts/cm/cmex10.pfb></usr/share/texlive/texmf-dist/fonts/type1/public/hfb
right/hfbr10.pfb></usr/share/texlive/texmf-dist/fonts/type1/public/hfbright/hfb
r8.pfb></usr/share/texlive/texmf-dist/fonts/type1/public/hfbright/hfbras10.pfb>
</usr/share/texlive/texmf-dist/fonts/type1/public/hfbright/hfbrbs10.pfb></usr/s
hare/texlive/texmf-dist/fonts/type1/public/hfbright/hfbrmi10.pfb></usr/share/te
xlive/texmf-dist/fonts/type1/public/hfbright/hfbrmi8.pfb></usr/share/texlive/te
xmf-dist/fonts/type1/public/hfbright/hfbrsy10.pfb></usr/share/texlive/texmf-dis
t/fonts/type1/public/hfbright/hfbrsy8.pfb></usr/share/texmf/fonts/type1/public/
cm-super/sfbbx10.pfb></usr/share/texmf/fonts/type1/public/cm-super/sfbmo10.pfb>
</usr/share/texmf/fonts/type1/public/cm-super/sfbmr10.pfb></usr/share/texmf/fon
ts/type1/public/cm-super/sfrm1000.pfb>
Output written on Algebra1Rep.pdf (14 pages, 170669 bytes).
Transcript written on Algebra1Rep.log.
Result: ExitSuccess

Running /usr/bin/pdflatex Algebra1Rep.tex in an env with 4 entries:
This is pdfTeX, Version 3.1415926-2.5-1.40.14 (TeX Live 2013/Debian)
 restricted \write18 enabled.
entering extended mode
(data/Algebra1Rep.tex
LaTeX2e <2011/06/27>
Babel <3.9h> and hyphenation patterns for 78 languages loaded.
(/usr/share/texlive/texmf-dist/tex/latex/koma-script/scrbook.cls
Document Class: scrbook 2013/12/19 v3.12 KOMA-Script document class (book)
(/usr/share/texlive/texmf-dist/tex/latex/koma-script/scrkbase.sty
(/usr/share/texlive/texmf-dist/tex/latex/koma-script/scrbase.sty
(/usr/share/texlive/texmf-dist/tex/latex/graphics/keyval.sty)
(/usr/share/texlive/texmf-dist/tex/latex/koma-script/scrlfile.sty
Package scrlfile, 2013/12/19 v3.12 KOMA-Script package (loading files)
                  Copyright (C) Markus Kohm

))) (/usr/share/texlive/texmf-dist/tex/latex/koma-script/tocbasic.sty)
(/usr/share/texlive/texmf-dist/tex/latex/koma-script/scrsize10pt.clo)
(/usr/share/texlive/texmf-dist/tex/latex/koma-script/typearea.sty
Package typearea, 2013/12/19 v3.12 KOMA-Script package (type area)
                  Copyright (C) Frank Neukam, 1992-1994
                  Copyright (C) Markus Kohm, 1994-

)) (/usr/share/texlive/texmf-dist/tex/latex/base/fontenc.sty
(/usr/share/texlive/texmf-dist/tex/latex/base/t1enc.def))
(/usr/share/texlive/texmf-dist/tex/generic/babel/babel.sty
(/usr/share/texlive/texmf-dist/tex/generic/babel-german/germanb.ldf
(/usr/share/texlive/texmf-dist/tex/generic/babel/babel.def)))
(/usr/share/texlive/texmf-dist/tex/latex/cmbright/cmbright.sty
(/usr/share/texlive/texmf-dist/tex/latex/cmbright/t1cmbr.fd))
(/usr/share/texlive/texmf-dist/tex/latex/base/inputenc.sty
(/usr/share/texlive/texmf-dist/tex/latex/base/ansinew.def))
(/usr/share/texlive/texmf-dist/tex/latex/stmaryrd/stmaryrd.sty)
(/usr/share/texlive/texmf-dist/tex/latex/colortbl/colortbl.sty
(/usr/share/texlive/texmf-dist/tex/latex/tools/array.sty)
(/usr/share/texlive/texmf-dist/tex/latex/graphics/color.sty
(/usr/share/texlive/texmf-dist/tex/latex/latexconfig/color.cfg)
(/usr/share/texlive/texmf-dist/tex/latex/pdftex-def/pdftex.def
(/usr/share/texlive/texmf-dist/tex/generic/oberdiek/infwarerr.sty)
(/usr/share/texlive/texmf-dist/tex/generic/oberdiek/ltxcmds.sty))))
(/usr/share/texmf/tex/latex/xcolor/xcolor.sty
(/usr/share/texlive/texmf-dist/tex/latex/latexconfig/color.cfg))
(/usr/share/texlive/texmf-dist/tex/latex/hyperref/hyperref.sty
(/usr/share/texlive/texmf-dist/tex/generic/oberdiek/hobsub-hyperref.sty
(/usr/share/texlive/texmf-dist/tex/generic/oberdiek/hobsub-generic.sty))
(/usr/share/texlive/texmf-dist/tex/generic/ifxetex/ifxetex.sty)
(/usr/share/texlive/texmf-dist/tex/latex/oberdiek/auxhook.sty)
(/usr/share/texlive/texmf-dist/tex/latex/oberdiek/kvoptions.sty)
(/usr/share/texlive/texmf-dist/tex/latex/hyperref/pd1enc.def)
(/usr/share/texlive/texmf-dist/tex/latex/latexconfig/hyperref.cfg)
(/usr/share/texlive/texmf-dist/tex/latex/url/url.sty))

Package hyperref Message: Driver (autodetected): hpdftex.

(/usr/share/texlive/texmf-dist/tex/latex/hyperref/hpdftex.def
(/usr/share/texlive/texmf-dist/tex/latex/oberdiek/rerunfilecheck.sty))
(/usr/share/texlive/texmf-dist/tex/latex/amsfonts/amssymb.sty
(/usr/share/texlive/texmf-dist/tex/latex/amsfonts/amsfonts.sty))
(/usr/share/texlive/texmf-dist/tex/latex/amsmath/amsmath.sty
For additional information on amsmath, use the `?' option.
(/usr/share/texlive/texmf-dist/tex/latex/amsmath/amstext.sty
(/usr/share/texlive/texmf-dist/tex/latex/amsmath/amsgen.sty))
(/usr/share/texlive/texmf-dist/tex/latex/amsmath/amsbsy.sty)
(/usr/share/texlive/texmf-dist/tex/latex/amsmath/amsopn.sty))
(/usr/share/texlive/texmf-dist/tex/latex/amscls/amsthm.sty) (./Algebra1Rep.aux)
(/usr/share/texlive/texmf-dist/tex/context/base/supp-pdf.mkii
[Loading MPS to PDF converter (version 2006.09.02).]
) (/usr/share/texlive/texmf-dist/tex/latex/hyperref/nameref.sty
(/usr/share/texlive/texmf-dist/tex/generic/oberdiek/gettitlestring.sty))
(./Algebra1Rep.out) (./Algebra1Rep.out)
(/usr/share/texlive/texmf-dist/tex/latex/cmbright/ot1cmbr.fd)
(/usr/share/texlive/texmf-dist/tex/latex/cmbright/omlcmbrm.fd)
(/usr/share/texlive/texmf-dist/tex/latex/cmbright/omscmbrs.fd)
(/usr/share/texlive/texmf-dist/tex/latex/stmaryrd/Ustmry.fd) [1{/var/lib/texmf/
fonts/map/pdftex/updmap/pdftex.map}] [2]
Kapitel 1.
[3]

LaTeX Font Warning: Font shape `T1/cmbr/bx/it' undefined
(Font)              using `T1/cmbr/bx/n' instead on input line 253.


Overfull \hbox (13.44992pt too wide) in paragraph at lines 253--254
[][][] 

Overfull \hbox (13.44992pt too wide) in paragraph at lines 276--277
[][][]

Underfull \hbox (badness 10000) in paragraph at lines 276--277

[4] [5] [6] (/usr/share/texlive/texmf-dist/tex/latex/cmbright/omscmbr.fd)
Overfull \hbox (1.10342pt too wide) in paragraph at lines 428--429
[][][] 

Overfull \hbox (1.10342pt too wide) in paragraph at lines 442--443
[][][] 
[7]
Overfull \hbox (1.10342pt too wide) in paragraph at lines 455--456
[][][] 

Overfull \hbox (1.10342pt too wide) in paragraph at lines 470--471
[][][] 

Overfull \hbox (1.10342pt too wide) in paragraph at lines 495--496
[][][]

Underfull \hbox (badness 10000) in paragraph at lines 495--496


Underfull \vbox (badness 10000) has occurred while \output is active [8]
[9] [10] [11] [12]
Kapitel 2.

Overfull \hbox (13.44992pt too wide) in paragraph at lines 636--637
[][][] 
[13] [14] (./Algebra1Rep.aux)

LaTeX Font Warning: Some font shapes were not available, defaults substituted.

 )
(see the transcript file for additional information){/usr/share/texmf/fonts/enc
/dvips/cm-super/cm-super-t1.enc}</usr/share/texlive/texmf-dist/fonts/type1/publ
ic/amsfonts/cm/cmex10.pfb></usr/share/texlive/texmf-dist/fonts/type1/public/hfb
right/hfbr10.pfb></usr/share/texlive/texmf-dist/fonts/type1/public/hfbright/hfb
r8.pfb></usr/share/texlive/texmf-dist/fonts/type1/public/hfbright/hfbras10.pfb>
</usr/share/texlive/texmf-dist/fonts/type1/public/hfbright/hfbrbs10.pfb></usr/s
hare/texlive/texmf-dist/fonts/type1/public/hfbright/hfbrmi10.pfb></usr/share/te
xlive/texmf-dist/fonts/type1/public/hfbright/hfbrmi8.pfb></usr/share/texlive/te
xmf-dist/fonts/type1/public/hfbright/hfbrsy10.pfb></usr/share/texlive/texmf-dis
t/fonts/type1/public/hfbright/hfbrsy8.pfb></usr/share/texmf/fonts/type1/public/
cm-super/sfbbx10.pfb></usr/share/texmf/fonts/type1/public/cm-super/sfbmo10.pfb>
</usr/share/texmf/fonts/type1/public/cm-super/sfbmr10.pfb></usr/share/texmf/fon
ts/type1/public/cm-super/sfrm1000.pfb>
Output written on Algebra1Rep.pdf (14 pages, 171965 bytes).
Transcript written on Algebra1Rep.log.
Result: ExitSuccess

Running /usr/bin/pdflatex Algebra1Rep.tex in an env with 4 entries:
This is pdfTeX, Version 3.1415926-2.5-1.40.14 (TeX Live 2013/Debian)
 restricted \write18 enabled.
entering extended mode
(data/Algebra1Rep.tex
LaTeX2e <2011/06/27>
Babel <3.9h> and hyphenation patterns for 78 languages loaded.
(/usr/share/texlive/texmf-dist/tex/latex/koma-script/scrbook.cls
Document Class: scrbook 2013/12/19 v3.12 KOMA-Script document class (book)
(/usr/share/texlive/texmf-dist/tex/latex/koma-script/scrkbase.sty
(/usr/share/texlive/texmf-dist/tex/latex/koma-script/scrbase.sty
(/usr/share/texlive/texmf-dist/tex/latex/graphics/keyval.sty)
(/usr/share/texlive/texmf-dist/tex/latex/koma-script/scrlfile.sty
Package scrlfile, 2013/12/19 v3.12 KOMA-Script package (loading files)
                  Copyright (C) Markus Kohm

))) (/usr/share/texlive/texmf-dist/tex/latex/koma-script/tocbasic.sty)
(/usr/share/texlive/texmf-dist/tex/latex/koma-script/scrsize10pt.clo)
(/usr/share/texlive/texmf-dist/tex/latex/koma-script/typearea.sty
Package typearea, 2013/12/19 v3.12 KOMA-Script package (type area)
                  Copyright (C) Frank Neukam, 1992-1994
                  Copyright (C) Markus Kohm, 1994-

)) (/usr/share/texlive/texmf-dist/tex/latex/base/fontenc.sty
(/usr/share/texlive/texmf-dist/tex/latex/base/t1enc.def))
(/usr/share/texlive/texmf-dist/tex/generic/babel/babel.sty
(/usr/share/texlive/texmf-dist/tex/generic/babel-german/germanb.ldf
(/usr/share/texlive/texmf-dist/tex/generic/babel/babel.def)))
(/usr/share/texlive/texmf-dist/tex/latex/cmbright/cmbright.sty
(/usr/share/texlive/texmf-dist/tex/latex/cmbright/t1cmbr.fd))
(/usr/share/texlive/texmf-dist/tex/latex/base/inputenc.sty
(/usr/share/texlive/texmf-dist/tex/latex/base/ansinew.def))
(/usr/share/texlive/texmf-dist/tex/latex/stmaryrd/stmaryrd.sty)
(/usr/share/texlive/texmf-dist/tex/latex/colortbl/colortbl.sty
(/usr/share/texlive/texmf-dist/tex/latex/tools/array.sty)
(/usr/share/texlive/texmf-dist/tex/latex/graphics/color.sty
(/usr/share/texlive/texmf-dist/tex/latex/latexconfig/color.cfg)
(/usr/share/texlive/texmf-dist/tex/latex/pdftex-def/pdftex.def
(/usr/share/texlive/texmf-dist/tex/generic/oberdiek/infwarerr.sty)
(/usr/share/texlive/texmf-dist/tex/generic/oberdiek/ltxcmds.sty))))
(/usr/share/texmf/tex/latex/xcolor/xcolor.sty
(/usr/share/texlive/texmf-dist/tex/latex/latexconfig/color.cfg))
(/usr/share/texlive/texmf-dist/tex/latex/hyperref/hyperref.sty
(/usr/share/texlive/texmf-dist/tex/generic/oberdiek/hobsub-hyperref.sty
(/usr/share/texlive/texmf-dist/tex/generic/oberdiek/hobsub-generic.sty))
(/usr/share/texlive/texmf-dist/tex/generic/ifxetex/ifxetex.sty)
(/usr/share/texlive/texmf-dist/tex/latex/oberdiek/auxhook.sty)
(/usr/share/texlive/texmf-dist/tex/latex/oberdiek/kvoptions.sty)
(/usr/share/texlive/texmf-dist/tex/latex/hyperref/pd1enc.def)
(/usr/share/texlive/texmf-dist/tex/latex/latexconfig/hyperref.cfg)
(/usr/share/texlive/texmf-dist/tex/latex/url/url.sty))

Package hyperref Message: Driver (autodetected): hpdftex.

(/usr/share/texlive/texmf-dist/tex/latex/hyperref/hpdftex.def
(/usr/share/texlive/texmf-dist/tex/latex/oberdiek/rerunfilecheck.sty))
(/usr/share/texlive/texmf-dist/tex/latex/amsfonts/amssymb.sty
(/usr/share/texlive/texmf-dist/tex/latex/amsfonts/amsfonts.sty))
(/usr/share/texlive/texmf-dist/tex/latex/amsmath/amsmath.sty
For additional information on amsmath, use the `?' option.
(/usr/share/texlive/texmf-dist/tex/latex/amsmath/amstext.sty
(/usr/share/texlive/texmf-dist/tex/latex/amsmath/amsgen.sty))
(/usr/share/texlive/texmf-dist/tex/latex/amsmath/amsbsy.sty)
(/usr/share/texlive/texmf-dist/tex/latex/amsmath/amsopn.sty))
(/usr/share/texlive/texmf-dist/tex/latex/amscls/amsthm.sty) (./Algebra1Rep.aux)
(/usr/share/texlive/texmf-dist/tex/context/base/supp-pdf.mkii
[Loading MPS to PDF converter (version 2006.09.02).]
) (/usr/share/texlive/texmf-dist/tex/latex/hyperref/nameref.sty
(/usr/share/texlive/texmf-dist/tex/generic/oberdiek/gettitlestring.sty))
(./Algebra1Rep.out) (./Algebra1Rep.out)
(/usr/share/texlive/texmf-dist/tex/latex/cmbright/ot1cmbr.fd)
(/usr/share/texlive/texmf-dist/tex/latex/cmbright/omlcmbrm.fd)
(/usr/share/texlive/texmf-dist/tex/latex/cmbright/omscmbrs.fd)
(/usr/share/texlive/texmf-dist/tex/latex/stmaryrd/Ustmry.fd) [1{/var/lib/texmf/
fonts/map/pdftex/updmap/pdftex.map}] [2]
Kapitel 1.
[3]

LaTeX Font Warning: Font shape `T1/cmbr/bx/it' undefined
(Font)              using `T1/cmbr/bx/n' instead on input line 253.


Overfull \hbox (13.44992pt too wide) in paragraph at lines 253--254
[][][] 

Overfull \hbox (13.44992pt too wide) in paragraph at lines 276--277
[][][]

Underfull \hbox (badness 10000) in paragraph at lines 276--277

[4] [5] [6] (/usr/share/texlive/texmf-dist/tex/latex/cmbright/omscmbr.fd)
Overfull \hbox (1.10342pt too wide) in paragraph at lines 428--429
[][][] 

Overfull \hbox (1.10342pt too wide) in paragraph at lines 442--443
[][][] 
[7]
Overfull \hbox (1.10342pt too wide) in paragraph at lines 455--456
[][][] 

Overfull \hbox (1.10342pt too wide) in paragraph at lines 470--471
[][][] 

Overfull \hbox (1.10342pt too wide) in paragraph at lines 495--496
[][][]

Underfull \hbox (badness 10000) in paragraph at lines 495--496


Underfull \vbox (badness 10000) has occurred while \output is active [8]
[9] [10] [11] [12]
Kapitel 2.

Overfull \hbox (13.44992pt too wide) in paragraph at lines 636--637
[][][] 
[13] [14] (./Algebra1Rep.aux)

LaTeX Font Warning: Some font shapes were not available, defaults substituted.

 )
(see the transcript file for additional information){/usr/share/texmf/fonts/enc
/dvips/cm-super/cm-super-t1.enc}</usr/share/texlive/texmf-dist/fonts/type1/publ
ic/amsfonts/cm/cmex10.pfb></usr/share/texlive/texmf-dist/fonts/type1/public/hfb
right/hfbr10.pfb></usr/share/texlive/texmf-dist/fonts/type1/public/hfbright/hfb
r8.pfb></usr/share/texlive/texmf-dist/fonts/type1/public/hfbright/hfbras10.pfb>
</usr/share/texlive/texmf-dist/fonts/type1/public/hfbright/hfbrbs10.pfb></usr/s
hare/texlive/texmf-dist/fonts/type1/public/hfbright/hfbrmi10.pfb></usr/share/te
xlive/texmf-dist/fonts/type1/public/hfbright/hfbrmi8.pfb></usr/share/texlive/te
xmf-dist/fonts/type1/public/hfbright/hfbrsy10.pfb></usr/share/texlive/texmf-dis
t/fonts/type1/public/hfbright/hfbrsy8.pfb></usr/share/texmf/fonts/type1/public/
cm-super/sfbbx10.pfb></usr/share/texmf/fonts/type1/public/cm-super/sfbmo10.pfb>
</usr/share/texmf/fonts/type1/public/cm-super/sfbmr10.pfb></usr/share/texmf/fon
ts/type1/public/cm-super/sfrm1000.pfb>
Output written on Algebra1Rep.pdf (14 pages, 171965 bytes).
Transcript written on Algebra1Rep.log.
Result: ExitSuccess

Running /usr/bin/convert -verbose Algebra1Rep.pdf[0] -resize 70x Algebra1Rep.png in an env with 4 entries:
"gs" -q -dQUIET -dSAFER -dBATCH -dNOPAUSE -dNOPROMPT -dMaxBitmap=500000000 -dAlignToPixels=0 -dGridFitTT=2 "-sDEVICE=pngalpha" -dTextAlphaBits=4 -dGraphicsAlphaBits=4 "-r72x72" -dFirstPage=1 -dLastPage=1 "-sOutputFile=/tmp/magick-DfDI8tPL-%08d" "-f/tmp/magick-8vejkgiL" "-f/tmp/magick-NNoJ67KK"
/tmp/magick-DfDI8tPL-00000001 PNG 595x842 595x842+0+0 8-bit DirectClass 11.4KB 0.010u 0:00.009
Algebra1Rep.pdf[0]=>Algebra1Rep.pdf PDF 595x842 595x842+0+0 16-bit DirectClass 11.4KB 0.000u 0:00.000
Algebra1Rep.pdf[0]=>Algebra1Rep.png PDF 595x842=>70x99 70x99+0+0 8-bit DirectClass 0.030u 0:00.019
Result: ExitSuccess

Running /usr/bin/optipng -verbose Algebra1Rep.png in an env with 4 entries:
OptiPNG 0.6.4: Advanced PNG optimizer.
Copyright (C) 2001-2010 Cosmin Truta.

** Processing: Algebra1Rep.png
70x99 pixels, 2x8 bits/pixel, grayscale+alpha
Reducing image to 8 bits/pixel, 82 colors (81 transparent) in palette
Input IDAT size = 426 bytes
Input file size = 721 bytes

Trying:
  zc = 9  zm = 8  zs = 0  f = 0		IDAT size = 312
  zc = 9  zm = 8  zs = 1  f = 0		IDAT size = 311
  zc = 1  zm = 8  zs = 2  f = 0		IDAT too big
  zc = 9  zm = 8  zs = 3  f = 0		IDAT size = 294
  zc = 9  zm = 8  zs = 0  f = 5		IDAT too big
  zc = 9  zm = 8  zs = 1  f = 5		IDAT too big
  zc = 1  zm = 8  zs = 2  f = 5		IDAT too big
  zc = 9  zm = 8  zs = 3  f = 5		IDAT too big

Algebra1Rep.png is already optimized.

** Status report
1 file(s) have been processed.
Result: ExitSuccess
