
Running /usr/bin/pdflatex Algebra.tex in an env with 4 entries:
This is pdfTeX, Version 3.1415926-2.5-1.40.14 (TeX Live 2013/Debian)
 restricted \write18 enabled.
entering extended mode
(data/Algebra.tex
LaTeX2e <2011/06/27>
Babel <3.9h> and hyphenation patterns for 78 languages loaded.
(/usr/share/texlive/texmf-dist/tex/latex/base/book.cls
Document Class: book 2007/10/19 v1.4h Standard LaTeX document class
(/usr/share/texlive/texmf-dist/tex/latex/base/bk11.clo))
(/usr/share/texlive/texmf-dist/tex/latex/etex-pkg/etex.sty)
(/usr/share/texlive/texmf-dist/tex/latex/amsfonts/amssymb.sty
(/usr/share/texlive/texmf-dist/tex/latex/amsfonts/amsfonts.sty))
(/usr/share/texlive/texmf-dist/tex/latex/base/inputenc.sty
(/usr/share/texlive/texmf-dist/tex/latex/base/utf8.def
(/usr/share/texlive/texmf-dist/tex/latex/base/t1enc.dfu)
(/usr/share/texlive/texmf-dist/tex/latex/base/ot1enc.dfu)
(/usr/share/texlive/texmf-dist/tex/latex/base/omsenc.dfu)))
(/usr/share/texlive/texmf-dist/tex/latex/base/fontenc.sty
(/usr/share/texlive/texmf-dist/tex/latex/base/t1enc.def))
(/usr/share/texlive/texmf-dist/tex/generic/german/german.sty v2.5e 1998-07-08)
(/usr/share/texlive/texmf-dist/tex/generic/babel/babel.sty
(/usr/share/texlive/texmf-dist/tex/generic/babel-german/germanb.ldf
(/usr/share/texlive/texmf-dist/tex/generic/babel/babel.def)))
(/usr/share/texlive/texmf-dist/tex/latex/geometry/geometry.sty
(/usr/share/texlive/texmf-dist/tex/latex/graphics/keyval.sty)
(/usr/share/texlive/texmf-dist/tex/generic/oberdiek/ifpdf.sty)
(/usr/share/texlive/texmf-dist/tex/generic/oberdiek/ifvtex.sty)
(/usr/share/texlive/texmf-dist/tex/generic/ifxetex/ifxetex.sty))
(/usr/share/texlive/texmf-dist/tex/latex/paralist/paralist.sty)
(/usr/share/texlive/texmf-dist/tex/latex/titlesec/titlesec.sty)
(/usr/share/texlive/texmf-dist/tex/latex/amsmath/amsmath.sty
For additional information on amsmath, use the `?' option.
(/usr/share/texlive/texmf-dist/tex/latex/amsmath/amstext.sty
(/usr/share/texlive/texmf-dist/tex/latex/amsmath/amsgen.sty))
(/usr/share/texlive/texmf-dist/tex/latex/amsmath/amsbsy.sty)
(/usr/share/texlive/texmf-dist/tex/latex/amsmath/amsopn.sty))
(/usr/share/texlive/texmf-dist/tex/latex/setspace/setspace.sty)
(/usr/share/texlive/texmf-dist/tex/latex/polynom/polynom.sty)
(/usr/share/texlive/texmf-dist/tex/latex/stmaryrd/stmaryrd.sty)
(/usr/share/texlive/texmf-dist/tex/generic/xypic/xy.sty
(/usr/share/texlive/texmf-dist/tex/generic/xypic/xy.tex Bootstrap'ing:
catcodes, docmode, (/usr/share/texlive/texmf-dist/tex/generic/xypic/xyrecat.tex
) (/usr/share/texlive/texmf-dist/tex/generic/xypic/xyidioms.tex)

 Xy-pic version 3.8.9 <2013/10/06>
 Copyright (c) 1991-2013 by Kristoffer H. Rose <krisrose@tug.org> and others
 Xy-pic is free software: see the User's Guide for details.

Loading kernel: messages; fonts; allocations: state, direction,
utility macros; pictures: \xy, positions, objects, decorations;
kernel objects: directionals, circles, text; options; algorithms: directions,
edges, connections;  Xy-pic loaded)
(/usr/share/texlive/texmf-dist/tex/generic/xypic/xyarrow.tex
 Xy-pic option: Arrow and Path feature v.3.9 path, \ar, loaded)
(/usr/share/texlive/texmf-dist/tex/generic/xypic/xymatrix.tex
 Xy-pic option: Matrix feature v.3.14 loaded)
(/usr/share/texlive/texmf-dist/tex/generic/xypic/xycurve.tex
 Xy-pic option: Curve and Spline extension v.3.12 curve, circles, loaded)
(/usr/share/texlive/texmf-dist/tex/generic/xypic/xypdf.tex
 Xy-pic option: PDF driver v.1.7 Xy-pic pdf driver: `curve' extension support
(/usr/share/texlive/texmf-dist/tex/generic/xypic/xypdf-cu.tex loaded) loaded))
(/usr/share/texlive/texmf-dist/tex/latex/float/float.sty)
(/usr/share/texlive/texmf-dist/tex/latex/titlesec/titletoc.sty)
(/usr/share/texlive/texmf-dist/tex/latex/pgfplots/pgfplots.sty
(/usr/share/texlive/texmf-dist/tex/generic/pgfplots/pgfplots.revision.tex)
(/usr/share/texmf/tex/latex/pgf/frontendlayer/tikz.sty
(/usr/share/texmf/tex/latex/pgf/basiclayer/pgf.sty
(/usr/share/texmf/tex/latex/pgf/utilities/pgfrcs.sty
(/usr/share/texmf/tex/generic/pgf/utilities/pgfutil-common.tex)
(/usr/share/texmf/tex/generic/pgf/utilities/pgfutil-latex.def
(/usr/share/texlive/texmf-dist/tex/latex/ms/everyshi.sty))
(/usr/share/texmf/tex/generic/pgf/utilities/pgfrcs.code.tex))
(/usr/share/texmf/tex/latex/pgf/basiclayer/pgfcore.sty
(/usr/share/texlive/texmf-dist/tex/latex/graphics/graphicx.sty
(/usr/share/texlive/texmf-dist/tex/latex/graphics/graphics.sty
(/usr/share/texlive/texmf-dist/tex/latex/graphics/trig.sty)
(/usr/share/texlive/texmf-dist/tex/latex/latexconfig/graphics.cfg)
(/usr/share/texlive/texmf-dist/tex/latex/pdftex-def/pdftex.def
(/usr/share/texlive/texmf-dist/tex/generic/oberdiek/infwarerr.sty)
(/usr/share/texlive/texmf-dist/tex/generic/oberdiek/ltxcmds.sty))))
(/usr/share/texmf/tex/latex/pgf/systemlayer/pgfsys.sty
(/usr/share/texmf/tex/generic/pgf/systemlayer/pgfsys.code.tex
(/usr/share/texmf/tex/generic/pgf/utilities/pgfkeys.code.tex
(/usr/share/texmf/tex/generic/pgf/utilities/pgfkeysfiltered.code.tex))
(/usr/share/texmf/tex/generic/pgf/systemlayer/pgf.cfg)
(/usr/share/texmf/tex/generic/pgf/systemlayer/pgfsys-pdftex.def
(/usr/share/texmf/tex/generic/pgf/systemlayer/pgfsys-common-pdf.def)))
(/usr/share/texmf/tex/generic/pgf/systemlayer/pgfsyssoftpath.code.tex)
(/usr/share/texmf/tex/generic/pgf/systemlayer/pgfsysprotocol.code.tex))
(/usr/share/texmf/tex/latex/xcolor/xcolor.sty
(/usr/share/texlive/texmf-dist/tex/latex/latexconfig/color.cfg))
(/usr/share/texmf/tex/generic/pgf/basiclayer/pgfcore.code.tex
(/usr/share/texmf/tex/generic/pgf/math/pgfmath.code.tex
(/usr/share/texmf/tex/generic/pgf/math/pgfmathcalc.code.tex
(/usr/share/texmf/tex/generic/pgf/math/pgfmathutil.code.tex)
(/usr/share/texmf/tex/generic/pgf/math/pgfmathparser.code.tex)
(/usr/share/texmf/tex/generic/pgf/math/pgfmathfunctions.code.tex
(/usr/share/texmf/tex/generic/pgf/math/pgfmathfunctions.basic.code.tex)
(/usr/share/texmf/tex/generic/pgf/math/pgfmathfunctions.trigonometric.code.tex)
(/usr/share/texmf/tex/generic/pgf/math/pgfmathfunctions.random.code.tex)
(/usr/share/texmf/tex/generic/pgf/math/pgfmathfunctions.comparison.code.tex)
(/usr/share/texmf/tex/generic/pgf/math/pgfmathfunctions.base.code.tex)
(/usr/share/texmf/tex/generic/pgf/math/pgfmathfunctions.round.code.tex)
(/usr/share/texmf/tex/generic/pgf/math/pgfmathfunctions.misc.code.tex)))
(/usr/share/texmf/tex/generic/pgf/math/pgfmathfloat.code.tex))
(/usr/share/texmf/tex/generic/pgf/basiclayer/pgfcorepoints.code.tex)
(/usr/share/texmf/tex/generic/pgf/basiclayer/pgfcorepathconstruct.code.tex)
(/usr/share/texmf/tex/generic/pgf/basiclayer/pgfcorepathusage.code.tex)
(/usr/share/texmf/tex/generic/pgf/basiclayer/pgfcorescopes.code.tex)
(/usr/share/texmf/tex/generic/pgf/basiclayer/pgfcoregraphicstate.code.tex)
(/usr/share/texmf/tex/generic/pgf/basiclayer/pgfcoretransformations.code.tex)
(/usr/share/texmf/tex/generic/pgf/basiclayer/pgfcorequick.code.tex)
(/usr/share/texmf/tex/generic/pgf/basiclayer/pgfcoreobjects.code.tex)
(/usr/share/texmf/tex/generic/pgf/basiclayer/pgfcorepathprocessing.code.tex)
(/usr/share/texmf/tex/generic/pgf/basiclayer/pgfcorearrows.code.tex)
(/usr/share/texmf/tex/generic/pgf/basiclayer/pgfcoreshade.code.tex)
(/usr/share/texmf/tex/generic/pgf/basiclayer/pgfcoreimage.code.tex
(/usr/share/texmf/tex/generic/pgf/basiclayer/pgfcoreexternal.code.tex))
(/usr/share/texmf/tex/generic/pgf/basiclayer/pgfcorelayers.code.tex)
(/usr/share/texmf/tex/generic/pgf/basiclayer/pgfcoretransparency.code.tex)
(/usr/share/texmf/tex/generic/pgf/basiclayer/pgfcorepatterns.code.tex)))
(/usr/share/texmf/tex/generic/pgf/modules/pgfmoduleshapes.code.tex)
(/usr/share/texmf/tex/generic/pgf/modules/pgfmoduleplot.code.tex)
(/usr/share/texmf/tex/latex/pgf/compatibility/pgfcomp-version-0-65.sty)
(/usr/share/texmf/tex/latex/pgf/compatibility/pgfcomp-version-1-18.sty))
(/usr/share/texmf/tex/latex/pgf/utilities/pgffor.sty
(/usr/share/texmf/tex/latex/pgf/utilities/pgfkeys.sty
(/usr/share/texmf/tex/generic/pgf/utilities/pgfkeys.code.tex))
(/usr/share/texmf/tex/generic/pgf/utilities/pgffor.code.tex))
(/usr/share/texmf/tex/generic/pgf/frontendlayer/tikz/tikz.code.tex
(/usr/share/texmf/tex/generic/pgf/libraries/pgflibraryplothandlers.code.tex)
(/usr/share/texmf/tex/generic/pgf/modules/pgfmodulematrix.code.tex)
(/usr/share/texmf/tex/generic/pgf/frontendlayer/tikz/libraries/tikzlibrarytopat
hs.code.tex)))
(/usr/share/texlive/texmf-dist/tex/generic/pgfplots/pgfplots.code.tex
(/usr/share/texlive/texmf-dist/tex/generic/pgfplots/pgfplotscore.code.tex
(/usr/share/texlive/texmf-dist/tex/generic/pgfplots/sys/pgfplotssysgeneric.code
.tex))
(/usr/share/texlive/texmf-dist/tex/generic/pgfplots/libs/pgfplotslibrary.code.t
ex)
(/usr/share/texlive/texmf-dist/tex/generic/pgfplots/oldpgfcompatib/pgfplotsoldp
gfsupp_loader.code.tex
Package pgfplots: loading complementary code for your PGF version...

(/usr/share/texlive/texmf-dist/tex/generic/pgfplots/oldpgfcompatib/pgfplotsoldp
gfsupp_misc.code.tex)
(/usr/share/texlive/texmf-dist/tex/generic/pgfplots/oldpgfcompatib/pgfplotsoldp
gfsupp_pgfkeys.code.tex
(/usr/share/texlive/texmf-dist/tex/generic/pgfplots/oldpgfcompatib/pgfplotsoldp
gfsupp_pgfkeysfiltered.code.tex))
(/usr/share/texlive/texmf-dist/tex/generic/pgfplots/oldpgfcompatib/pgfplotsoldp
gfsupp_pgfmathfloat.code.tex)
(/usr/share/texlive/texmf-dist/tex/generic/pgfplots/oldpgfcompatib/pgfplotsoldp
gfsupp_pgflibraryplothandlers.code.tex)
(/usr/share/texlive/texmf-dist/tex/generic/pgfplots/oldpgfcompatib/pgfplotsoldp
gfsupp_pgflibraryfpu.code.tex)
(/usr/share/texlive/texmf-dist/tex/generic/pgfplots/oldpgfcompatib/pgfplotsoldp
gfsupp_pgfcorescopes.code.tex)
(/usr/share/texlive/texmf-dist/tex/generic/pgfplots/oldpgfcompatib/pgfplotsoldp
gfsupp_pgfcorelayers.code.tex))
(/usr/share/texlive/texmf-dist/tex/generic/pgfplots/util/pgfplotsutil.code.tex
(/usr/share/texlive/texmf-dist/tex/generic/pgfplots/liststructure/pgfplotslists
tructure.code.tex)
(/usr/share/texlive/texmf-dist/tex/generic/pgfplots/liststructure/pgfplotslists
tructureext.code.tex)
(/usr/share/texlive/texmf-dist/tex/generic/pgfplots/liststructure/pgfplotsarray
.code.tex)
(/usr/share/texlive/texmf-dist/tex/generic/pgfplots/liststructure/pgfplotsmatri
x.code.tex)
(/usr/share/texlive/texmf-dist/tex/generic/pgfplots/numtable/pgfplotstableshare
d.code.tex)
(/usr/share/texlive/texmf-dist/tex/generic/pgfplots/liststructure/pgfplotsdeque
.code.tex)
(/usr/share/texlive/texmf-dist/tex/generic/pgfplots/util/pgfplotsbinary.code.te
x
(/usr/share/texlive/texmf-dist/tex/generic/pgfplots/util/pgfplotsbinary.data.co
de.tex))
(/usr/share/texlive/texmf-dist/tex/generic/pgfplots/util/pgfplotsutil.verb.code
.tex)
(/usr/share/texlive/texmf-dist/tex/generic/pgfplots/libs/pgflibrarypgfplots.sur
fshading.code.tex
(/usr/share/texlive/texmf-dist/tex/generic/pgfplots/sys/pgflibrarypgfplots.surf
shading.pgfsys-pdftex.def)))
(/usr/share/texlive/texmf-dist/tex/generic/pgfplots/util/pgfplotscolormap.code.
tex
(/usr/share/texlive/texmf-dist/tex/generic/pgfplots/util/pgfplotscolor.code.tex
))
(/usr/share/texlive/texmf-dist/tex/generic/pgfplots/pgfplotsstackedplots.code.t
ex)
(/usr/share/texlive/texmf-dist/tex/generic/pgfplots/pgfplotsplothandlers.code.t
ex
(/usr/share/texlive/texmf-dist/tex/generic/pgfplots/pgfplotsmeshplothandler.cod
e.tex))
(/usr/share/texlive/texmf-dist/tex/generic/pgfplots/pgfplots.scaling.code.tex)
(/usr/share/texlive/texmf-dist/tex/generic/pgfplots/pgfplotscoordprocessing.cod
e.tex)
(/usr/share/texlive/texmf-dist/tex/generic/pgfplots/pgfplots.errorbars.code.tex
) (/usr/share/texlive/texmf-dist/tex/generic/pgfplots/pgfplots.markers.code.tex
) (/usr/share/texlive/texmf-dist/tex/generic/pgfplots/pgfplotsticks.code.tex)
(/usr/share/texlive/texmf-dist/tex/generic/pgfplots/pgfplots.paths.code.tex)
(/usr/share/texmf/tex/generic/pgf/frontendlayer/tikz/libraries/tikzlibrarydecor
ations.code.tex
(/usr/share/texmf/tex/generic/pgf/modules/pgfmoduledecorations.code.tex))
(/usr/share/texmf/tex/generic/pgf/frontendlayer/tikz/libraries/tikzlibrarydecor
ations.pathmorphing.code.tex
(/usr/share/texmf/tex/generic/pgf/libraries/decorations/pgflibrarydecorations.p
athmorphing.code.tex))
(/usr/share/texmf/tex/generic/pgf/frontendlayer/tikz/libraries/tikzlibrarydecor
ations.pathreplacing.code.tex
(/usr/share/texmf/tex/generic/pgf/libraries/decorations/pgflibrarydecorations.p
athreplacing.code.tex)))
(/usr/share/texmf/tex/generic/pgf/frontendlayer/tikz/libraries/tikzlibraryplotm
arks.code.tex
(/usr/share/texmf/tex/generic/pgf/libraries/pgflibraryplotmarks.code.tex)))
(/usr/share/texlive/texmf-dist/tex/latex/wrapfig/wrapfig.sty)
(/usr/share/texlive/texmf-dist/tex/generic/mathabx/mathabx.sty
(/usr/share/texlive/texmf-dist/tex/generic/mathabx/mathabx.dcl))
(/usr/share/texlive/texmf-dist/tex/latex/base/ifthen.sty)
(/usr/share/texlive/texmf-dist/tex/latex/caption/caption.sty
(/usr/share/texlive/texmf-dist/tex/latex/caption/caption3.sty))
(/usr/share/texlive/texmf-dist/tex/latex/caption/subcaption.sty)
(data/latexki.sty)
(/usr/share/texlive/texmf-dist/tex/latex/ntheorem/ntheorem.sty
Style `ntheorem', Version 1.33 <2011/08/15>
) (/usr/share/texlive/texmf-dist/tex/latex/hyperref/hyperref.sty
(/usr/share/texlive/texmf-dist/tex/generic/oberdiek/hobsub-hyperref.sty
(/usr/share/texlive/texmf-dist/tex/generic/oberdiek/hobsub-generic.sty))
(/usr/share/texlive/texmf-dist/tex/latex/oberdiek/auxhook.sty)
(/usr/share/texlive/texmf-dist/tex/latex/oberdiek/kvoptions.sty)
(/usr/share/texlive/texmf-dist/tex/latex/hyperref/pd1enc.def)
(/usr/share/texlive/texmf-dist/tex/latex/latexconfig/hyperref.cfg)
(/usr/share/texlive/texmf-dist/tex/latex/url/url.sty))

Package hyperref Message: Driver (autodetected): hpdftex.

(/usr/share/texlive/texmf-dist/tex/latex/hyperref/hpdftex.def
(/usr/share/texlive/texmf-dist/tex/latex/oberdiek/rerunfilecheck.sty))
No file Algebra.aux.
*geometry* driver: auto-detecting
*geometry* detected driver: pdftex
(/usr/share/texlive/texmf-dist/tex/latex/amsfonts/umsa.fd)
(/usr/share/texlive/texmf-dist/tex/latex/amsfonts/umsb.fd)
(/usr/share/texlive/texmf-dist/tex/latex/stmaryrd/Ustmry.fd)
ABD: EveryShipout initializing macros
(/usr/share/texlive/texmf-dist/tex/context/base/supp-pdf.mkii
[Loading MPS to PDF converter (version 2006.09.02).]
) (/usr/share/texlive/texmf-dist/tex/latex/oberdiek/epstopdf-base.sty
(/usr/share/texlive/texmf-dist/tex/latex/oberdiek/grfext.sty)
(/usr/share/texlive/texmf-dist/tex/latex/latexconfig/epstopdf-sys.cfg))

Package pgfplots Warning: running in backwards compatibility mode (unsuitable t
ick labels; missing features). Consider writing \pgfplotsset{compat=1.9} into y
our preamble.
 on input line 129.

(/usr/share/texlive/texmf-dist/tex/latex/hyperref/nameref.sty
(/usr/share/texlive/texmf-dist/tex/generic/oberdiek/gettitlestring.sty))
Underfull \hbox (badness 10000) in paragraph at lines 135--136


LaTeX Font Warning: Font shape `T1/cmr/m/n' in size <40> not available
(Font)              size <35.83> substituted on input line 138.


LaTeX Font Warning: Font shape `T1/cmr/bx/n' in size <40> not available
(Font)              size <35.83> substituted on input line 138.


Underfull \hbox (badness 10000) in paragraph at lines 140--141


Underfull \hbox (badness 10000) in paragraph at lines 142--143


Underfull \hbox (badness 10000) in paragraph at lines 144--145

[1{/var/lib/texmf/fonts/map/pdftex/updmap/pdftex.map}] [2] [3] [4]
Kapitel I\hskip 1em\relax .
[5] (/usr/share/texlive/texmf-dist/tex/latex/amsfonts/ueuf.fd)
Underfull \hbox (badness 10000) in paragraph at lines 221--223


Underfull \vbox (badness 2980) has occurred while \output is active [6]
[7] [8]
Underfull \vbox (badness 1117) has occurred while \output is active [9]
[10] [11] [12] [13]
Underfull \hbox (badness 10000) in paragraph at lines 470--472

[14] [15] [16]
Underfull \vbox (badness 10000) has occurred while \output is active [17]
[18] [19] [20] [21] [22]
Overfull \hbox (20.49663pt too wide) detected at line 811
\OML/cmm/m/it/10.95 ^^P[] \U/matha/m/n/10.95 ^^@ \OML/cmm/m/it/10.95 ^^P[]  \U/
matha/m/n/10.95 ^^P  \OT1/cmr/m/n/10.95 2 \U/matha/m/n/10.95 ^^D [] []  ^^P  \O
T1/cmr/m/n/10.95 2 \U/matha/m/n/10.95 ^^D [] []  ^^P  \OT1/cmr/m/n/10.95 2 \U/m
atha/m/n/10.95 ^^D [] []  ^^P  \OT1/cmr/m/n/10.95 2 \U/matha/m/n/10.95 ^^D [] [
]  ^^P  \OT1/cmr/m/n/10.95 2 \U/matha/m/n/10.95 ^^D []  ^^P  ^^A\OT1/cmr/m/n/10
.95 1\OML/cmm/m/it/10.95 :
[23] [24] <xymatrix 3x3 174>
Underfull \hbox (badness 10000) in paragraph at lines 851--853

[25] <xymatrix 5x3 376> [26]
Underfull \vbox (badness 1163) has occurred while \output is active [27]
Overfull \hbox (7.53423pt too wide) in paragraph at lines 935--936
\T1/cmr/m/n/10.95 is sol-va-ble. The-re-fo-re ob-ser-ve that $[]$ is ge-ne-ra-t
ed over $\OML/cmm/m/it/10.95 k$ \T1/cmr/m/n/10.95 by the $\OML/cmm/m/it/10.95 ^
^[\U/matha/m/n/10.95 p\OML/cmm/m/it/10.95 k\U/matha/m/n/10.95 q$ \T1/cmr/m/n/10
.95 for $\OML/cmm/m/it/10.95 ^^[ \U/matha/m/n/10.95 P [][]p\U/msb/m/n/10.95 M\O
ML/cmm/m/it/10.95 ; []\U/matha/m/n/10.95 q$\T1/cmr/m/n/10.95 ,

Underfull \vbox (badness 10000) has occurred while \output is active [28]
Overfull \hbox (16.8782pt too wide) in paragraph at lines 955--959
\T1/cmr/m/n/10.95 be the cor-re-spon-ding chain of in-ter-me-dia-te fields, i.e
 $\OML/cmm/m/it/10.95 L[]\U/matha/m/n/10.95 {\OML/cmm/m/it/10.95 L[]$ \T1/cmr/m
/n/10.95 is Ga-lois and $[]\U/matha/m/n/10.95 p\OT1/cmr/m/it/10.95 L[]\U/matha/
m/n/10.95 {\OT1/cmr/m/it/10.95 L[]\U/matha/m/n/10.95 q ^^U
[29] [30] [31]
Underfull \hbox (badness 10000) in paragraph at lines 1080--1081

(/usr/share/texlive/texmf-dist/tex/latex/base/omscmr.fd) [32] [33]
Underfull \hbox (badness 10000) in paragraph at lines 1177--1178

[34]
Underfull \hbox (badness 10000) in paragraph at lines 1187--1189


Underfull \vbox (badness 10000) has occurred while \output is active [35]
[36] [37] [38] [39] [40]
Kapitel II\hskip 1em\relax .
[41]
Underfull \hbox (badness 10000) in paragraph at lines 1448--1450


Overfull \hbox (16.00597pt too wide) detected at line 1462
\OT1/cmr/m/n/10.95 0 \U/matha/m/n/10.95 ^^P \OML/cmm/m/it/10.95 ^^W\U/matha/m/n
/10.95 p\OT1/cmr/m/n/10.95 1\U/matha/m/n/10.95 q ^^P \OML/cmm/m/it/10.95 ^^W\U/
matha/m/n/10.95 p\OML/cmm/m/it/10.95 ap \U/matha/m/n/10.95 ^^@ \OML/cmm/m/it/10
.95 bq\U/matha/m/n/10.95 q ¥ []t\OML/cmm/m/it/10.95 ^^W\U/matha/m/n/10.95 p\OML
/cmm/m/it/10.95 ap\U/matha/m/n/10.95 q\OML/cmm/m/it/10.95 ; ^^W\U/matha/m/n/10.
95 p\OML/cmm/m/it/10.95 bq\U/matha/m/n/10.95 qu ^^P []t[] ^^@\OML/cmm/m/it/10.9
5 ^^W\U/matha/m/n/10.95 p\OML/cmm/m/it/10.95 p\U/matha/m/n/10.95 q\OML/cmm/m/it
/10.95 ; [] \U/matha/m/n/10.95 ^^@\OML/cmm/m/it/10.95 ^^W\U/matha/m/n/10.95 p\O
ML/cmm/m/it/10.95 q\U/matha/m/n/10.95 qu ¥ []t\OML/cmm/m/it/10.95 ^^W\U/matha/m
/n/10.95 p\OML/cmm/m/it/10.95 p\U/matha/m/n/10.95 q\OML/cmm/m/it/10.95 ; ^^W\U/
matha/m/n/10.95 p\OML/cmm/m/it/10.95 q\U/matha/m/n/10.95 qu ¡ \OT1/cmr/m/n/10.9
5 0
[42] [43]
Underfull \vbox (badness 10000) has occurred while \output is active [44]
[45]
Underfull \vbox (badness 10000) has occurred while \output is active [46]
[47] [48] [49] [50] [51] [52] [53]

LaTeX Font Warning: Font shape `U/stmry/b/n' undefined
(Font)              using `U/stmry/m/n' instead on input line 1902.

[54] [55]
Underfull \vbox (badness 10000) has occurred while \output is active [56]
Overfull \hbox (25.30984pt too wide) detected at line 2012
\OT1/cmr/m/n/10.95 0  \U/matha/m/n/10.95 ^^P  [] [] \OML/cmm/m/it/10.95 a[]p[] 
\U/matha/m/n/10.95 ^^A [] \OML/cmm/m/it/10.95 b[]p[][]  \U/matha/m/n/10.95 ^^P 
 [] []  ^^@ \OML/cmm/m/it/10.95 p[] \U/matha/m/n/10.95 ^^D [] []\OML/cmm/m/it/1
0.95 :

Underfull \vbox (badness 10000) has occurred while \output is active [57]
Underfull \vbox (badness 4660) has occurred while \output is active [58]
[59]
Underfull \vbox (badness 10000) has occurred while \output is active [60]
[61] [62]
Kapitel III\hskip 1em\relax .
[63] [64] <xymatrix 3x3 161> [65] <xymatrix 3x2 149> <xymatrix 3x2 192>
<xymatrix 3x2 149> [66] [67] [68] [69] [70]
Underfull \hbox (badness 10000) in paragraph at lines 2495--2498

[71] [72]
Underfull \hbox (badness 10000) in paragraph at lines 2565--2567

[73] <xymatrix 3x3 243> [74]
Underfull \hbox (badness 10000) in paragraph at lines 2630--2633

<xymatrix 10x2 491> [75] [76] [77] [78]
Overfull \hbox (11.06415pt too wide) detected at line 2825
\OML/cmm/m/it/10.95 ht\U/matha/m/n/10.95 p\U/euf/m/n/10.95 p\U/matha/m/n/10.95 
q \OT1/cmr/m/n/10.95 :\U/matha/m/n/10.95 ^^P []t\OML/cmm/m/it/10.95 n \U/matha/
m/n/10.95 P \U/msb/m/n/10.95 N[] [] []\U/euf/m/n/10.95 p[]\OML/cmm/m/it/10.95 ;
 \U/euf/m/n/10.95 p[]\OML/cmm/m/it/10.95 ; [] ; \U/euf/m/n/10.95 p[]\OML/cmm/m/
it/10.95 ; []\U/euf/m/n/10.95 p[] \U/matha/m/n/10.95 ^^P \U/euf/m/n/10.95 p[]p[
] \U/matha/m/n/10.95 ˆ [] ˆ \U/euf/m/n/10.95 p[]\U/matha/m/n/10.95 u

Overfull \hbox (39.39798pt too wide) in paragraph at lines 2834--2834
[]\T1/cmr/m/n/10.95 Since $\U/matha/m/n/10.95 p\OT1/cmr/m/n/10.95 0\U/matha/m/n
/10.95 q ˆ p\OML/cmm/m/it/10.95 X[]\U/matha/m/n/10.95 q ˆ p\OML/cmm/m/it/10.95 
X[]; X[]\U/matha/m/n/10.95 q ˆ [] ˆ p\OML/cmm/m/it/10.95 X[]; [] ; X[]\U/matha/
m/n/10.95 q$\T1/cmr/m/n/10.95 , we ha-ve $[] [] \U/matha/m/n/10.95 ¥
[79] [80]
Underfull \hbox (badness 10000) in paragraph at lines 2879--2881

[81]
Underfull \vbox (badness 1681) has occurred while \output is active [82]
[83] [84] [85]
Underfull \hbox (badness 10000) in paragraph at lines 3075--3077

[86]
Underfull \vbox (badness 10000) has occurred while \output is active [87]
[88] (./Algebra.aux)

Package rerunfilecheck Warning: File `Algebra.out' has changed.
(rerunfilecheck)                Rerun to get outlines right
(rerunfilecheck)                or use package `bookmark'.


LaTeX Font Warning: Size substitutions with differences
(Font)              up to 4.17pt have occurred.


LaTeX Font Warning: Some font shapes were not available, defaults substituted.

 )
(see the transcript file for additional information){/usr/share/texmf/fonts/enc
/dvips/cm-super/cm-super-t1.enc}</usr/share/texlive/texmf-dist/fonts/type1/publ
ic/amsfonts/cm/cmmi10.pfb></usr/share/texlive/texmf-dist/fonts/type1/public/ams
fonts/cm/cmmi6.pfb></usr/share/texlive/texmf-dist/fonts/type1/public/amsfonts/c
m/cmmi8.pfb></usr/share/texlive/texmf-dist/fonts/type1/public/amsfonts/cm/cmmib
10.pfb></usr/share/texlive/texmf-dist/fonts/type1/public/amsfonts/cmextra/cmmib
8.pfb></usr/share/texlive/texmf-dist/fonts/type1/public/amsfonts/cm/cmr10.pfb><
/usr/share/texlive/texmf-dist/fonts/type1/public/amsfonts/cm/cmr6.pfb></usr/sha
re/texlive/texmf-dist/fonts/type1/public/amsfonts/cm/cmr8.pfb></usr/share/texli
ve/texmf-dist/fonts/type1/public/amsfonts/cm/cmsy10.pfb></usr/share/texlive/tex
mf-dist/fonts/type1/public/amsfonts/cm/cmti10.pfb></usr/share/texlive/texmf-dis
t/fonts/type1/public/amsfonts/cm/cmti8.pfb></usr/share/texlive/texmf-dist/fonts
/type1/public/amsfonts/euler/eufm10.pfb></usr/share/texlive/texmf-dist/fonts/ty
pe1/public/mathabx-type1/matha10.pfb></usr/share/texlive/texmf-dist/fonts/type1
/public/mathabx-type1/matha6.pfb></usr/share/texlive/texmf-dist/fonts/type1/pub
lic/mathabx-type1/matha8.pfb></usr/share/texlive/texmf-dist/fonts/type1/public/
mathabx-type1/mathb10.pfb></usr/share/texlive/texmf-dist/fonts/type1/public/mat
habx-type1/mathb8.pfb></usr/share/texlive/texmf-dist/fonts/type1/public/mathabx
-type1/mathx10.pfb></usr/share/texlive/texmf-dist/fonts/type1/public/amsfonts/s
ymbols/msbm10.pfb></usr/share/texmf/fonts/type1/public/cm-super/sfbi1440.pfb></
usr/share/texmf/fonts/type1/public/cm-super/sfbx1095.pfb></usr/share/texmf/font
s/type1/public/cm-super/sfbx1440.pfb></usr/share/texmf/fonts/type1/public/cm-su
per/sfbx2074.pfb></usr/share/texmf/fonts/type1/public/cm-super/sfbx2488.pfb></u
sr/share/texmf/fonts/type1/public/cm-super/sfbx3583.pfb></usr/share/texmf/fonts
/type1/public/cm-super/sfrm0800.pfb></usr/share/texmf/fonts/type1/public/cm-sup
er/sfrm1095.pfb></usr/share/texmf/fonts/type1/public/cm-super/sfrm1200.pfb></us
r/share/texmf/fonts/type1/public/cm-super/sfsl1095.pfb></usr/share/texmf/fonts/
type1/public/cm-super/sfti0800.pfb></usr/share/texmf/fonts/type1/public/cm-supe
r/sfti1095.pfb></usr/share/texmf/fonts/type1/public/cm-super/sfti1200.pfb></usr
/share/texlive/texmf-dist/fonts/type1/public/stmaryrd/stmary10.pfb></usr/share/
texlive/texmf-dist/fonts/type1/public/xypic/xyatip10.pfb></usr/share/texlive/te
xmf-dist/fonts/type1/public/xypic/xybtip10.pfb>
Output written on Algebra.pdf (88 pages, 757818 bytes).
Transcript written on Algebra.log.
Result: ExitSuccess

Running /usr/bin/pdflatex Algebra.tex in an env with 4 entries:
This is pdfTeX, Version 3.1415926-2.5-1.40.14 (TeX Live 2013/Debian)
 restricted \write18 enabled.
entering extended mode
(data/Algebra.tex
LaTeX2e <2011/06/27>
Babel <3.9h> and hyphenation patterns for 78 languages loaded.
(/usr/share/texlive/texmf-dist/tex/latex/base/book.cls
Document Class: book 2007/10/19 v1.4h Standard LaTeX document class
(/usr/share/texlive/texmf-dist/tex/latex/base/bk11.clo))
(/usr/share/texlive/texmf-dist/tex/latex/etex-pkg/etex.sty)
(/usr/share/texlive/texmf-dist/tex/latex/amsfonts/amssymb.sty
(/usr/share/texlive/texmf-dist/tex/latex/amsfonts/amsfonts.sty))
(/usr/share/texlive/texmf-dist/tex/latex/base/inputenc.sty
(/usr/share/texlive/texmf-dist/tex/latex/base/utf8.def
(/usr/share/texlive/texmf-dist/tex/latex/base/t1enc.dfu)
(/usr/share/texlive/texmf-dist/tex/latex/base/ot1enc.dfu)
(/usr/share/texlive/texmf-dist/tex/latex/base/omsenc.dfu)))
(/usr/share/texlive/texmf-dist/tex/latex/base/fontenc.sty
(/usr/share/texlive/texmf-dist/tex/latex/base/t1enc.def))
(/usr/share/texlive/texmf-dist/tex/generic/german/german.sty v2.5e 1998-07-08)
(/usr/share/texlive/texmf-dist/tex/generic/babel/babel.sty
(/usr/share/texlive/texmf-dist/tex/generic/babel-german/germanb.ldf
(/usr/share/texlive/texmf-dist/tex/generic/babel/babel.def)))
(/usr/share/texlive/texmf-dist/tex/latex/geometry/geometry.sty
(/usr/share/texlive/texmf-dist/tex/latex/graphics/keyval.sty)
(/usr/share/texlive/texmf-dist/tex/generic/oberdiek/ifpdf.sty)
(/usr/share/texlive/texmf-dist/tex/generic/oberdiek/ifvtex.sty)
(/usr/share/texlive/texmf-dist/tex/generic/ifxetex/ifxetex.sty))
(/usr/share/texlive/texmf-dist/tex/latex/paralist/paralist.sty)
(/usr/share/texlive/texmf-dist/tex/latex/titlesec/titlesec.sty)
(/usr/share/texlive/texmf-dist/tex/latex/amsmath/amsmath.sty
For additional information on amsmath, use the `?' option.
(/usr/share/texlive/texmf-dist/tex/latex/amsmath/amstext.sty
(/usr/share/texlive/texmf-dist/tex/latex/amsmath/amsgen.sty))
(/usr/share/texlive/texmf-dist/tex/latex/amsmath/amsbsy.sty)
(/usr/share/texlive/texmf-dist/tex/latex/amsmath/amsopn.sty))
(/usr/share/texlive/texmf-dist/tex/latex/setspace/setspace.sty)
(/usr/share/texlive/texmf-dist/tex/latex/polynom/polynom.sty)
(/usr/share/texlive/texmf-dist/tex/latex/stmaryrd/stmaryrd.sty)
(/usr/share/texlive/texmf-dist/tex/generic/xypic/xy.sty
(/usr/share/texlive/texmf-dist/tex/generic/xypic/xy.tex Bootstrap'ing:
catcodes, docmode, (/usr/share/texlive/texmf-dist/tex/generic/xypic/xyrecat.tex
) (/usr/share/texlive/texmf-dist/tex/generic/xypic/xyidioms.tex)

 Xy-pic version 3.8.9 <2013/10/06>
 Copyright (c) 1991-2013 by Kristoffer H. Rose <krisrose@tug.org> and others
 Xy-pic is free software: see the User's Guide for details.

Loading kernel: messages; fonts; allocations: state, direction,
utility macros; pictures: \xy, positions, objects, decorations;
kernel objects: directionals, circles, text; options; algorithms: directions,
edges, connections;  Xy-pic loaded)
(/usr/share/texlive/texmf-dist/tex/generic/xypic/xyarrow.tex
 Xy-pic option: Arrow and Path feature v.3.9 path, \ar, loaded)
(/usr/share/texlive/texmf-dist/tex/generic/xypic/xymatrix.tex
 Xy-pic option: Matrix feature v.3.14 loaded)
(/usr/share/texlive/texmf-dist/tex/generic/xypic/xycurve.tex
 Xy-pic option: Curve and Spline extension v.3.12 curve, circles, loaded)
(/usr/share/texlive/texmf-dist/tex/generic/xypic/xypdf.tex
 Xy-pic option: PDF driver v.1.7 Xy-pic pdf driver: `curve' extension support
(/usr/share/texlive/texmf-dist/tex/generic/xypic/xypdf-cu.tex loaded) loaded))
(/usr/share/texlive/texmf-dist/tex/latex/float/float.sty)
(/usr/share/texlive/texmf-dist/tex/latex/titlesec/titletoc.sty)
(/usr/share/texlive/texmf-dist/tex/latex/pgfplots/pgfplots.sty
(/usr/share/texlive/texmf-dist/tex/generic/pgfplots/pgfplots.revision.tex)
(/usr/share/texmf/tex/latex/pgf/frontendlayer/tikz.sty
(/usr/share/texmf/tex/latex/pgf/basiclayer/pgf.sty
(/usr/share/texmf/tex/latex/pgf/utilities/pgfrcs.sty
(/usr/share/texmf/tex/generic/pgf/utilities/pgfutil-common.tex)
(/usr/share/texmf/tex/generic/pgf/utilities/pgfutil-latex.def
(/usr/share/texlive/texmf-dist/tex/latex/ms/everyshi.sty))
(/usr/share/texmf/tex/generic/pgf/utilities/pgfrcs.code.tex))
(/usr/share/texmf/tex/latex/pgf/basiclayer/pgfcore.sty
(/usr/share/texlive/texmf-dist/tex/latex/graphics/graphicx.sty
(/usr/share/texlive/texmf-dist/tex/latex/graphics/graphics.sty
(/usr/share/texlive/texmf-dist/tex/latex/graphics/trig.sty)
(/usr/share/texlive/texmf-dist/tex/latex/latexconfig/graphics.cfg)
(/usr/share/texlive/texmf-dist/tex/latex/pdftex-def/pdftex.def
(/usr/share/texlive/texmf-dist/tex/generic/oberdiek/infwarerr.sty)
(/usr/share/texlive/texmf-dist/tex/generic/oberdiek/ltxcmds.sty))))
(/usr/share/texmf/tex/latex/pgf/systemlayer/pgfsys.sty
(/usr/share/texmf/tex/generic/pgf/systemlayer/pgfsys.code.tex
(/usr/share/texmf/tex/generic/pgf/utilities/pgfkeys.code.tex
(/usr/share/texmf/tex/generic/pgf/utilities/pgfkeysfiltered.code.tex))
(/usr/share/texmf/tex/generic/pgf/systemlayer/pgf.cfg)
(/usr/share/texmf/tex/generic/pgf/systemlayer/pgfsys-pdftex.def
(/usr/share/texmf/tex/generic/pgf/systemlayer/pgfsys-common-pdf.def)))
(/usr/share/texmf/tex/generic/pgf/systemlayer/pgfsyssoftpath.code.tex)
(/usr/share/texmf/tex/generic/pgf/systemlayer/pgfsysprotocol.code.tex))
(/usr/share/texmf/tex/latex/xcolor/xcolor.sty
(/usr/share/texlive/texmf-dist/tex/latex/latexconfig/color.cfg))
(/usr/share/texmf/tex/generic/pgf/basiclayer/pgfcore.code.tex
(/usr/share/texmf/tex/generic/pgf/math/pgfmath.code.tex
(/usr/share/texmf/tex/generic/pgf/math/pgfmathcalc.code.tex
(/usr/share/texmf/tex/generic/pgf/math/pgfmathutil.code.tex)
(/usr/share/texmf/tex/generic/pgf/math/pgfmathparser.code.tex)
(/usr/share/texmf/tex/generic/pgf/math/pgfmathfunctions.code.tex
(/usr/share/texmf/tex/generic/pgf/math/pgfmathfunctions.basic.code.tex)
(/usr/share/texmf/tex/generic/pgf/math/pgfmathfunctions.trigonometric.code.tex)
(/usr/share/texmf/tex/generic/pgf/math/pgfmathfunctions.random.code.tex)
(/usr/share/texmf/tex/generic/pgf/math/pgfmathfunctions.comparison.code.tex)
(/usr/share/texmf/tex/generic/pgf/math/pgfmathfunctions.base.code.tex)
(/usr/share/texmf/tex/generic/pgf/math/pgfmathfunctions.round.code.tex)
(/usr/share/texmf/tex/generic/pgf/math/pgfmathfunctions.misc.code.tex)))
(/usr/share/texmf/tex/generic/pgf/math/pgfmathfloat.code.tex))
(/usr/share/texmf/tex/generic/pgf/basiclayer/pgfcorepoints.code.tex)
(/usr/share/texmf/tex/generic/pgf/basiclayer/pgfcorepathconstruct.code.tex)
(/usr/share/texmf/tex/generic/pgf/basiclayer/pgfcorepathusage.code.tex)
(/usr/share/texmf/tex/generic/pgf/basiclayer/pgfcorescopes.code.tex)
(/usr/share/texmf/tex/generic/pgf/basiclayer/pgfcoregraphicstate.code.tex)
(/usr/share/texmf/tex/generic/pgf/basiclayer/pgfcoretransformations.code.tex)
(/usr/share/texmf/tex/generic/pgf/basiclayer/pgfcorequick.code.tex)
(/usr/share/texmf/tex/generic/pgf/basiclayer/pgfcoreobjects.code.tex)
(/usr/share/texmf/tex/generic/pgf/basiclayer/pgfcorepathprocessing.code.tex)
(/usr/share/texmf/tex/generic/pgf/basiclayer/pgfcorearrows.code.tex)
(/usr/share/texmf/tex/generic/pgf/basiclayer/pgfcoreshade.code.tex)
(/usr/share/texmf/tex/generic/pgf/basiclayer/pgfcoreimage.code.tex
(/usr/share/texmf/tex/generic/pgf/basiclayer/pgfcoreexternal.code.tex))
(/usr/share/texmf/tex/generic/pgf/basiclayer/pgfcorelayers.code.tex)
(/usr/share/texmf/tex/generic/pgf/basiclayer/pgfcoretransparency.code.tex)
(/usr/share/texmf/tex/generic/pgf/basiclayer/pgfcorepatterns.code.tex)))
(/usr/share/texmf/tex/generic/pgf/modules/pgfmoduleshapes.code.tex)
(/usr/share/texmf/tex/generic/pgf/modules/pgfmoduleplot.code.tex)
(/usr/share/texmf/tex/latex/pgf/compatibility/pgfcomp-version-0-65.sty)
(/usr/share/texmf/tex/latex/pgf/compatibility/pgfcomp-version-1-18.sty))
(/usr/share/texmf/tex/latex/pgf/utilities/pgffor.sty
(/usr/share/texmf/tex/latex/pgf/utilities/pgfkeys.sty
(/usr/share/texmf/tex/generic/pgf/utilities/pgfkeys.code.tex))
(/usr/share/texmf/tex/generic/pgf/utilities/pgffor.code.tex))
(/usr/share/texmf/tex/generic/pgf/frontendlayer/tikz/tikz.code.tex
(/usr/share/texmf/tex/generic/pgf/libraries/pgflibraryplothandlers.code.tex)
(/usr/share/texmf/tex/generic/pgf/modules/pgfmodulematrix.code.tex)
(/usr/share/texmf/tex/generic/pgf/frontendlayer/tikz/libraries/tikzlibrarytopat
hs.code.tex)))
(/usr/share/texlive/texmf-dist/tex/generic/pgfplots/pgfplots.code.tex
(/usr/share/texlive/texmf-dist/tex/generic/pgfplots/pgfplotscore.code.tex
(/usr/share/texlive/texmf-dist/tex/generic/pgfplots/sys/pgfplotssysgeneric.code
.tex))
(/usr/share/texlive/texmf-dist/tex/generic/pgfplots/libs/pgfplotslibrary.code.t
ex)
(/usr/share/texlive/texmf-dist/tex/generic/pgfplots/oldpgfcompatib/pgfplotsoldp
gfsupp_loader.code.tex
Package pgfplots: loading complementary code for your PGF version...

(/usr/share/texlive/texmf-dist/tex/generic/pgfplots/oldpgfcompatib/pgfplotsoldp
gfsupp_misc.code.tex)
(/usr/share/texlive/texmf-dist/tex/generic/pgfplots/oldpgfcompatib/pgfplotsoldp
gfsupp_pgfkeys.code.tex
(/usr/share/texlive/texmf-dist/tex/generic/pgfplots/oldpgfcompatib/pgfplotsoldp
gfsupp_pgfkeysfiltered.code.tex))
(/usr/share/texlive/texmf-dist/tex/generic/pgfplots/oldpgfcompatib/pgfplotsoldp
gfsupp_pgfmathfloat.code.tex)
(/usr/share/texlive/texmf-dist/tex/generic/pgfplots/oldpgfcompatib/pgfplotsoldp
gfsupp_pgflibraryplothandlers.code.tex)
(/usr/share/texlive/texmf-dist/tex/generic/pgfplots/oldpgfcompatib/pgfplotsoldp
gfsupp_pgflibraryfpu.code.tex)
(/usr/share/texlive/texmf-dist/tex/generic/pgfplots/oldpgfcompatib/pgfplotsoldp
gfsupp_pgfcorescopes.code.tex)
(/usr/share/texlive/texmf-dist/tex/generic/pgfplots/oldpgfcompatib/pgfplotsoldp
gfsupp_pgfcorelayers.code.tex))
(/usr/share/texlive/texmf-dist/tex/generic/pgfplots/util/pgfplotsutil.code.tex
(/usr/share/texlive/texmf-dist/tex/generic/pgfplots/liststructure/pgfplotslists
tructure.code.tex)
(/usr/share/texlive/texmf-dist/tex/generic/pgfplots/liststructure/pgfplotslists
tructureext.code.tex)
(/usr/share/texlive/texmf-dist/tex/generic/pgfplots/liststructure/pgfplotsarray
.code.tex)
(/usr/share/texlive/texmf-dist/tex/generic/pgfplots/liststructure/pgfplotsmatri
x.code.tex)
(/usr/share/texlive/texmf-dist/tex/generic/pgfplots/numtable/pgfplotstableshare
d.code.tex)
(/usr/share/texlive/texmf-dist/tex/generic/pgfplots/liststructure/pgfplotsdeque
.code.tex)
(/usr/share/texlive/texmf-dist/tex/generic/pgfplots/util/pgfplotsbinary.code.te
x
(/usr/share/texlive/texmf-dist/tex/generic/pgfplots/util/pgfplotsbinary.data.co
de.tex))
(/usr/share/texlive/texmf-dist/tex/generic/pgfplots/util/pgfplotsutil.verb.code
.tex)
(/usr/share/texlive/texmf-dist/tex/generic/pgfplots/libs/pgflibrarypgfplots.sur
fshading.code.tex
(/usr/share/texlive/texmf-dist/tex/generic/pgfplots/sys/pgflibrarypgfplots.surf
shading.pgfsys-pdftex.def)))
(/usr/share/texlive/texmf-dist/tex/generic/pgfplots/util/pgfplotscolormap.code.
tex
(/usr/share/texlive/texmf-dist/tex/generic/pgfplots/util/pgfplotscolor.code.tex
))
(/usr/share/texlive/texmf-dist/tex/generic/pgfplots/pgfplotsstackedplots.code.t
ex)
(/usr/share/texlive/texmf-dist/tex/generic/pgfplots/pgfplotsplothandlers.code.t
ex
(/usr/share/texlive/texmf-dist/tex/generic/pgfplots/pgfplotsmeshplothandler.cod
e.tex))
(/usr/share/texlive/texmf-dist/tex/generic/pgfplots/pgfplots.scaling.code.tex)
(/usr/share/texlive/texmf-dist/tex/generic/pgfplots/pgfplotscoordprocessing.cod
e.tex)
(/usr/share/texlive/texmf-dist/tex/generic/pgfplots/pgfplots.errorbars.code.tex
) (/usr/share/texlive/texmf-dist/tex/generic/pgfplots/pgfplots.markers.code.tex
) (/usr/share/texlive/texmf-dist/tex/generic/pgfplots/pgfplotsticks.code.tex)
(/usr/share/texlive/texmf-dist/tex/generic/pgfplots/pgfplots.paths.code.tex)
(/usr/share/texmf/tex/generic/pgf/frontendlayer/tikz/libraries/tikzlibrarydecor
ations.code.tex
(/usr/share/texmf/tex/generic/pgf/modules/pgfmoduledecorations.code.tex))
(/usr/share/texmf/tex/generic/pgf/frontendlayer/tikz/libraries/tikzlibrarydecor
ations.pathmorphing.code.tex
(/usr/share/texmf/tex/generic/pgf/libraries/decorations/pgflibrarydecorations.p
athmorphing.code.tex))
(/usr/share/texmf/tex/generic/pgf/frontendlayer/tikz/libraries/tikzlibrarydecor
ations.pathreplacing.code.tex
(/usr/share/texmf/tex/generic/pgf/libraries/decorations/pgflibrarydecorations.p
athreplacing.code.tex)))
(/usr/share/texmf/tex/generic/pgf/frontendlayer/tikz/libraries/tikzlibraryplotm
arks.code.tex
(/usr/share/texmf/tex/generic/pgf/libraries/pgflibraryplotmarks.code.tex)))
(/usr/share/texlive/texmf-dist/tex/latex/wrapfig/wrapfig.sty)
(/usr/share/texlive/texmf-dist/tex/generic/mathabx/mathabx.sty
(/usr/share/texlive/texmf-dist/tex/generic/mathabx/mathabx.dcl))
(/usr/share/texlive/texmf-dist/tex/latex/base/ifthen.sty)
(/usr/share/texlive/texmf-dist/tex/latex/caption/caption.sty
(/usr/share/texlive/texmf-dist/tex/latex/caption/caption3.sty))
(/usr/share/texlive/texmf-dist/tex/latex/caption/subcaption.sty)
(data/latexki.sty)
(/usr/share/texlive/texmf-dist/tex/latex/ntheorem/ntheorem.sty
Style `ntheorem', Version 1.33 <2011/08/15>
) (/usr/share/texlive/texmf-dist/tex/latex/hyperref/hyperref.sty
(/usr/share/texlive/texmf-dist/tex/generic/oberdiek/hobsub-hyperref.sty
(/usr/share/texlive/texmf-dist/tex/generic/oberdiek/hobsub-generic.sty))
(/usr/share/texlive/texmf-dist/tex/latex/oberdiek/auxhook.sty)
(/usr/share/texlive/texmf-dist/tex/latex/oberdiek/kvoptions.sty)
(/usr/share/texlive/texmf-dist/tex/latex/hyperref/pd1enc.def)
(/usr/share/texlive/texmf-dist/tex/latex/latexconfig/hyperref.cfg)
(/usr/share/texlive/texmf-dist/tex/latex/url/url.sty))

Package hyperref Message: Driver (autodetected): hpdftex.

(/usr/share/texlive/texmf-dist/tex/latex/hyperref/hpdftex.def
(/usr/share/texlive/texmf-dist/tex/latex/oberdiek/rerunfilecheck.sty))
(./Algebra.aux)
*geometry* driver: auto-detecting
*geometry* detected driver: pdftex
(/usr/share/texlive/texmf-dist/tex/latex/amsfonts/umsa.fd)
(/usr/share/texlive/texmf-dist/tex/latex/amsfonts/umsb.fd)
(/usr/share/texlive/texmf-dist/tex/latex/stmaryrd/Ustmry.fd)
ABD: EveryShipout initializing macros
(/usr/share/texlive/texmf-dist/tex/context/base/supp-pdf.mkii
[Loading MPS to PDF converter (version 2006.09.02).]
) (/usr/share/texlive/texmf-dist/tex/latex/oberdiek/epstopdf-base.sty
(/usr/share/texlive/texmf-dist/tex/latex/oberdiek/grfext.sty)
(/usr/share/texlive/texmf-dist/tex/latex/latexconfig/epstopdf-sys.cfg))

Package pgfplots Warning: running in backwards compatibility mode (unsuitable t
ick labels; missing features). Consider writing \pgfplotsset{compat=1.9} into y
our preamble.
 on input line 129.

(/usr/share/texlive/texmf-dist/tex/latex/hyperref/nameref.sty
(/usr/share/texlive/texmf-dist/tex/generic/oberdiek/gettitlestring.sty))
(./Algebra.out) (./Algebra.out)
Underfull \hbox (badness 10000) in paragraph at lines 135--136


LaTeX Font Warning: Font shape `T1/cmr/m/n' in size <40> not available
(Font)              size <35.83> substituted on input line 138.


LaTeX Font Warning: Font shape `T1/cmr/bx/n' in size <40> not available
(Font)              size <35.83> substituted on input line 138.


Underfull \hbox (badness 10000) in paragraph at lines 140--141


Underfull \hbox (badness 10000) in paragraph at lines 142--143


Underfull \hbox (badness 10000) in paragraph at lines 144--145

[1{/var/lib/texmf/fonts/map/pdftex/updmap/pdftex.map}] [2] (./Algebra.toc
Overfull \hbox (0.93665pt too wide) detected at line 8
\T1/cmr/bx/n/10.95 II  

Overfull \hbox (1.81714pt too wide) detected at line 12
\T1/cmr/m/n/10.95 Ÿ 10  

Overfull \hbox (5.95705pt too wide) detected at line 13
\T1/cmr/bx/n/10.95 III  

Overfull \hbox (1.81714pt too wide) detected at line 14
\T1/cmr/m/n/10.95 Ÿ 11  

Overfull \hbox (1.81714pt too wide) detected at line 15
\T1/cmr/m/n/10.95 Ÿ 12  

Overfull \hbox (1.81714pt too wide) detected at line 16
\T1/cmr/m/n/10.95 Ÿ 13  

Overfull \hbox (1.81714pt too wide) detected at line 17
\T1/cmr/m/n/10.95 Ÿ 14  
) [3] [4]
Kapitel I\hskip 1em\relax .
[5] (/usr/share/texlive/texmf-dist/tex/latex/amsfonts/ueuf.fd)
Underfull \hbox (badness 10000) in paragraph at lines 221--223


Underfull \vbox (badness 2980) has occurred while \output is active [6]
[7] [8]
Underfull \vbox (badness 1117) has occurred while \output is active [9]
[10] [11] [12] [13]
Underfull \hbox (badness 10000) in paragraph at lines 470--472

[14] [15] [16]
Underfull \vbox (badness 10000) has occurred while \output is active [17]
[18] [19] [20] [21] [22]
Overfull \hbox (20.49663pt too wide) detected at line 811
\OML/cmm/m/it/10.95 ^^P[] \U/matha/m/n/10.95 ^^@ \OML/cmm/m/it/10.95 ^^P[]  \U/
matha/m/n/10.95 ^^P  \OT1/cmr/m/n/10.95 2 \U/matha/m/n/10.95 ^^D [] []  ^^P  \O
T1/cmr/m/n/10.95 2 \U/matha/m/n/10.95 ^^D [] []  ^^P  \OT1/cmr/m/n/10.95 2 \U/m
atha/m/n/10.95 ^^D [] []  ^^P  \OT1/cmr/m/n/10.95 2 \U/matha/m/n/10.95 ^^D [] [
]  ^^P  \OT1/cmr/m/n/10.95 2 \U/matha/m/n/10.95 ^^D []  ^^P  ^^A\OT1/cmr/m/n/10
.95 1\OML/cmm/m/it/10.95 :
[23] [24] <xymatrix 3x3 174>
Underfull \hbox (badness 10000) in paragraph at lines 851--853

[25] <xymatrix 5x3 376> [26]
Underfull \vbox (badness 1163) has occurred while \output is active [27]
Overfull \hbox (7.53423pt too wide) in paragraph at lines 935--936
\T1/cmr/m/n/10.95 is sol-va-ble. The-re-fo-re ob-ser-ve that $[]$ is ge-ne-ra-t
ed over $\OML/cmm/m/it/10.95 k$ \T1/cmr/m/n/10.95 by the $\OML/cmm/m/it/10.95 ^
^[\U/matha/m/n/10.95 p\OML/cmm/m/it/10.95 k\U/matha/m/n/10.95 q$ \T1/cmr/m/n/10
.95 for $\OML/cmm/m/it/10.95 ^^[ \U/matha/m/n/10.95 P [][]p\U/msb/m/n/10.95 M\O
ML/cmm/m/it/10.95 ; []\U/matha/m/n/10.95 q$\T1/cmr/m/n/10.95 ,

Underfull \vbox (badness 10000) has occurred while \output is active [28]
Overfull \hbox (16.8782pt too wide) in paragraph at lines 955--959
\T1/cmr/m/n/10.95 be the cor-re-spon-ding chain of in-ter-me-dia-te fields, i.e
 $\OML/cmm/m/it/10.95 L[]\U/matha/m/n/10.95 {\OML/cmm/m/it/10.95 L[]$ \T1/cmr/m
/n/10.95 is Ga-lois and $[]\U/matha/m/n/10.95 p\OT1/cmr/m/it/10.95 L[]\U/matha/
m/n/10.95 {\OT1/cmr/m/it/10.95 L[]\U/matha/m/n/10.95 q ^^U
[29] [30] [31]
Underfull \hbox (badness 10000) in paragraph at lines 1080--1081

(/usr/share/texlive/texmf-dist/tex/latex/base/omscmr.fd) [32] [33]
Underfull \hbox (badness 10000) in paragraph at lines 1177--1178

[34]
Underfull \hbox (badness 10000) in paragraph at lines 1187--1189


Underfull \vbox (badness 10000) has occurred while \output is active [35]
[36] [37] [38] [39] [40]
Kapitel II\hskip 1em\relax .
[41]
Underfull \hbox (badness 10000) in paragraph at lines 1448--1450


Overfull \hbox (16.00597pt too wide) detected at line 1462
\OT1/cmr/m/n/10.95 0 \U/matha/m/n/10.95 ^^P \OML/cmm/m/it/10.95 ^^W\U/matha/m/n
/10.95 p\OT1/cmr/m/n/10.95 1\U/matha/m/n/10.95 q ^^P \OML/cmm/m/it/10.95 ^^W\U/
matha/m/n/10.95 p\OML/cmm/m/it/10.95 ap \U/matha/m/n/10.95 ^^@ \OML/cmm/m/it/10
.95 bq\U/matha/m/n/10.95 q ¥ []t\OML/cmm/m/it/10.95 ^^W\U/matha/m/n/10.95 p\OML
/cmm/m/it/10.95 ap\U/matha/m/n/10.95 q\OML/cmm/m/it/10.95 ; ^^W\U/matha/m/n/10.
95 p\OML/cmm/m/it/10.95 bq\U/matha/m/n/10.95 qu ^^P []t[] ^^@\OML/cmm/m/it/10.9
5 ^^W\U/matha/m/n/10.95 p\OML/cmm/m/it/10.95 p\U/matha/m/n/10.95 q\OML/cmm/m/it
/10.95 ; [] \U/matha/m/n/10.95 ^^@\OML/cmm/m/it/10.95 ^^W\U/matha/m/n/10.95 p\O
ML/cmm/m/it/10.95 q\U/matha/m/n/10.95 qu ¥ []t\OML/cmm/m/it/10.95 ^^W\U/matha/m
/n/10.95 p\OML/cmm/m/it/10.95 p\U/matha/m/n/10.95 q\OML/cmm/m/it/10.95 ; ^^W\U/
matha/m/n/10.95 p\OML/cmm/m/it/10.95 q\U/matha/m/n/10.95 qu ¡ \OT1/cmr/m/n/10.9
5 0
[42] [43]
Underfull \vbox (badness 10000) has occurred while \output is active [44]
[45]
Underfull \vbox (badness 10000) has occurred while \output is active [46]
[47] [48] [49] [50] [51] [52] [53]

LaTeX Font Warning: Font shape `U/stmry/b/n' undefined
(Font)              using `U/stmry/m/n' instead on input line 1902.

[54] [55]
Underfull \vbox (badness 10000) has occurred while \output is active [56]
Overfull \hbox (25.30984pt too wide) detected at line 2012
\OT1/cmr/m/n/10.95 0  \U/matha/m/n/10.95 ^^P  [] [] \OML/cmm/m/it/10.95 a[]p[] 
\U/matha/m/n/10.95 ^^A [] \OML/cmm/m/it/10.95 b[]p[][]  \U/matha/m/n/10.95 ^^P 
 [] []  ^^@ \OML/cmm/m/it/10.95 p[] \U/matha/m/n/10.95 ^^D [] []\OML/cmm/m/it/1
0.95 :

Underfull \vbox (badness 10000) has occurred while \output is active [57]
Underfull \vbox (badness 4660) has occurred while \output is active [58]
[59]
Underfull \vbox (badness 10000) has occurred while \output is active [60]
[61] [62]
Kapitel III\hskip 1em\relax .
[63] [64] <xymatrix 3x3 161> [65] <xymatrix 3x2 149> <xymatrix 3x2 192>
<xymatrix 3x2 149> [66] [67] [68] [69] [70]
Underfull \hbox (badness 10000) in paragraph at lines 2495--2498

[71] [72]
Underfull \hbox (badness 10000) in paragraph at lines 2565--2567

[73] <xymatrix 3x3 243> [74]
Underfull \hbox (badness 10000) in paragraph at lines 2630--2633

<xymatrix 10x2 491> [75] [76] [77] [78]
Overfull \hbox (11.06415pt too wide) detected at line 2825
\OML/cmm/m/it/10.95 ht\U/matha/m/n/10.95 p\U/euf/m/n/10.95 p\U/matha/m/n/10.95 
q \OT1/cmr/m/n/10.95 :\U/matha/m/n/10.95 ^^P []t\OML/cmm/m/it/10.95 n \U/matha/
m/n/10.95 P \U/msb/m/n/10.95 N[] [] []\U/euf/m/n/10.95 p[]\OML/cmm/m/it/10.95 ;
 \U/euf/m/n/10.95 p[]\OML/cmm/m/it/10.95 ; [] ; \U/euf/m/n/10.95 p[]\OML/cmm/m/
it/10.95 ; []\U/euf/m/n/10.95 p[] \U/matha/m/n/10.95 ^^P \U/euf/m/n/10.95 p[]p[
] \U/matha/m/n/10.95 ˆ [] ˆ \U/euf/m/n/10.95 p[]\U/matha/m/n/10.95 u

Overfull \hbox (39.39798pt too wide) in paragraph at lines 2834--2834
[]\T1/cmr/m/n/10.95 Since $\U/matha/m/n/10.95 p\OT1/cmr/m/n/10.95 0\U/matha/m/n
/10.95 q ˆ p\OML/cmm/m/it/10.95 X[]\U/matha/m/n/10.95 q ˆ p\OML/cmm/m/it/10.95 
X[]; X[]\U/matha/m/n/10.95 q ˆ [] ˆ p\OML/cmm/m/it/10.95 X[]; [] ; X[]\U/matha/
m/n/10.95 q$\T1/cmr/m/n/10.95 , we ha-ve $[] [] \U/matha/m/n/10.95 ¥
[79] [80]
Underfull \hbox (badness 10000) in paragraph at lines 2879--2881

[81]
Underfull \vbox (badness 1681) has occurred while \output is active [82]
[83] [84] [85]
Underfull \hbox (badness 10000) in paragraph at lines 3075--3077

[86]
Underfull \vbox (badness 10000) has occurred while \output is active [87]
[88] (./Algebra.aux)

LaTeX Font Warning: Size substitutions with differences
(Font)              up to 4.17pt have occurred.


LaTeX Font Warning: Some font shapes were not available, defaults substituted.

 )
(see the transcript file for additional information){/usr/share/texmf/fonts/enc
/dvips/cm-super/cm-super-t1.enc}</usr/share/texlive/texmf-dist/fonts/type1/publ
ic/amsfonts/cm/cmmi10.pfb></usr/share/texlive/texmf-dist/fonts/type1/public/ams
fonts/cm/cmmi6.pfb></usr/share/texlive/texmf-dist/fonts/type1/public/amsfonts/c
m/cmmi8.pfb></usr/share/texlive/texmf-dist/fonts/type1/public/amsfonts/cm/cmmib
10.pfb></usr/share/texlive/texmf-dist/fonts/type1/public/amsfonts/cmextra/cmmib
8.pfb></usr/share/texlive/texmf-dist/fonts/type1/public/amsfonts/cm/cmr10.pfb><
/usr/share/texlive/texmf-dist/fonts/type1/public/amsfonts/cm/cmr6.pfb></usr/sha
re/texlive/texmf-dist/fonts/type1/public/amsfonts/cm/cmr8.pfb></usr/share/texli
ve/texmf-dist/fonts/type1/public/amsfonts/cm/cmsy10.pfb></usr/share/texlive/tex
mf-dist/fonts/type1/public/amsfonts/cm/cmti10.pfb></usr/share/texlive/texmf-dis
t/fonts/type1/public/amsfonts/cm/cmti8.pfb></usr/share/texlive/texmf-dist/fonts
/type1/public/amsfonts/euler/eufm10.pfb></usr/share/texlive/texmf-dist/fonts/ty
pe1/public/mathabx-type1/matha10.pfb></usr/share/texlive/texmf-dist/fonts/type1
/public/mathabx-type1/matha6.pfb></usr/share/texlive/texmf-dist/fonts/type1/pub
lic/mathabx-type1/matha8.pfb></usr/share/texlive/texmf-dist/fonts/type1/public/
mathabx-type1/mathb10.pfb></usr/share/texlive/texmf-dist/fonts/type1/public/mat
habx-type1/mathb8.pfb></usr/share/texlive/texmf-dist/fonts/type1/public/mathabx
-type1/mathx10.pfb></usr/share/texlive/texmf-dist/fonts/type1/public/amsfonts/s
ymbols/msbm10.pfb></usr/share/texmf/fonts/type1/public/cm-super/sfbi1440.pfb></
usr/share/texmf/fonts/type1/public/cm-super/sfbx1095.pfb></usr/share/texmf/font
s/type1/public/cm-super/sfbx1440.pfb></usr/share/texmf/fonts/type1/public/cm-su
per/sfbx2074.pfb></usr/share/texmf/fonts/type1/public/cm-super/sfbx2488.pfb></u
sr/share/texmf/fonts/type1/public/cm-super/sfbx3583.pfb></usr/share/texmf/fonts
/type1/public/cm-super/sfrm0800.pfb></usr/share/texmf/fonts/type1/public/cm-sup
er/sfrm1095.pfb></usr/share/texmf/fonts/type1/public/cm-super/sfrm1200.pfb></us
r/share/texmf/fonts/type1/public/cm-super/sfsl1095.pfb></usr/share/texmf/fonts/
type1/public/cm-super/sfti0800.pfb></usr/share/texmf/fonts/type1/public/cm-supe
r/sfti1095.pfb></usr/share/texmf/fonts/type1/public/cm-super/sfti1200.pfb></usr
/share/texlive/texmf-dist/fonts/type1/public/stmaryrd/stmary10.pfb></usr/share/
texlive/texmf-dist/fonts/type1/public/xypic/xyatip10.pfb></usr/share/texlive/te
xmf-dist/fonts/type1/public/xypic/xybtip10.pfb>
Output written on Algebra.pdf (88 pages, 761659 bytes).
Transcript written on Algebra.log.
Result: ExitSuccess

Running /usr/bin/pdflatex Algebra.tex in an env with 4 entries:
This is pdfTeX, Version 3.1415926-2.5-1.40.14 (TeX Live 2013/Debian)
 restricted \write18 enabled.
entering extended mode
(data/Algebra.tex
LaTeX2e <2011/06/27>
Babel <3.9h> and hyphenation patterns for 78 languages loaded.
(/usr/share/texlive/texmf-dist/tex/latex/base/book.cls
Document Class: book 2007/10/19 v1.4h Standard LaTeX document class
(/usr/share/texlive/texmf-dist/tex/latex/base/bk11.clo))
(/usr/share/texlive/texmf-dist/tex/latex/etex-pkg/etex.sty)
(/usr/share/texlive/texmf-dist/tex/latex/amsfonts/amssymb.sty
(/usr/share/texlive/texmf-dist/tex/latex/amsfonts/amsfonts.sty))
(/usr/share/texlive/texmf-dist/tex/latex/base/inputenc.sty
(/usr/share/texlive/texmf-dist/tex/latex/base/utf8.def
(/usr/share/texlive/texmf-dist/tex/latex/base/t1enc.dfu)
(/usr/share/texlive/texmf-dist/tex/latex/base/ot1enc.dfu)
(/usr/share/texlive/texmf-dist/tex/latex/base/omsenc.dfu)))
(/usr/share/texlive/texmf-dist/tex/latex/base/fontenc.sty
(/usr/share/texlive/texmf-dist/tex/latex/base/t1enc.def))
(/usr/share/texlive/texmf-dist/tex/generic/german/german.sty v2.5e 1998-07-08)
(/usr/share/texlive/texmf-dist/tex/generic/babel/babel.sty
(/usr/share/texlive/texmf-dist/tex/generic/babel-german/germanb.ldf
(/usr/share/texlive/texmf-dist/tex/generic/babel/babel.def)))
(/usr/share/texlive/texmf-dist/tex/latex/geometry/geometry.sty
(/usr/share/texlive/texmf-dist/tex/latex/graphics/keyval.sty)
(/usr/share/texlive/texmf-dist/tex/generic/oberdiek/ifpdf.sty)
(/usr/share/texlive/texmf-dist/tex/generic/oberdiek/ifvtex.sty)
(/usr/share/texlive/texmf-dist/tex/generic/ifxetex/ifxetex.sty))
(/usr/share/texlive/texmf-dist/tex/latex/paralist/paralist.sty)
(/usr/share/texlive/texmf-dist/tex/latex/titlesec/titlesec.sty)
(/usr/share/texlive/texmf-dist/tex/latex/amsmath/amsmath.sty
For additional information on amsmath, use the `?' option.
(/usr/share/texlive/texmf-dist/tex/latex/amsmath/amstext.sty
(/usr/share/texlive/texmf-dist/tex/latex/amsmath/amsgen.sty))
(/usr/share/texlive/texmf-dist/tex/latex/amsmath/amsbsy.sty)
(/usr/share/texlive/texmf-dist/tex/latex/amsmath/amsopn.sty))
(/usr/share/texlive/texmf-dist/tex/latex/setspace/setspace.sty)
(/usr/share/texlive/texmf-dist/tex/latex/polynom/polynom.sty)
(/usr/share/texlive/texmf-dist/tex/latex/stmaryrd/stmaryrd.sty)
(/usr/share/texlive/texmf-dist/tex/generic/xypic/xy.sty
(/usr/share/texlive/texmf-dist/tex/generic/xypic/xy.tex Bootstrap'ing:
catcodes, docmode, (/usr/share/texlive/texmf-dist/tex/generic/xypic/xyrecat.tex
) (/usr/share/texlive/texmf-dist/tex/generic/xypic/xyidioms.tex)

 Xy-pic version 3.8.9 <2013/10/06>
 Copyright (c) 1991-2013 by Kristoffer H. Rose <krisrose@tug.org> and others
 Xy-pic is free software: see the User's Guide for details.

Loading kernel: messages; fonts; allocations: state, direction,
utility macros; pictures: \xy, positions, objects, decorations;
kernel objects: directionals, circles, text; options; algorithms: directions,
edges, connections;  Xy-pic loaded)
(/usr/share/texlive/texmf-dist/tex/generic/xypic/xyarrow.tex
 Xy-pic option: Arrow and Path feature v.3.9 path, \ar, loaded)
(/usr/share/texlive/texmf-dist/tex/generic/xypic/xymatrix.tex
 Xy-pic option: Matrix feature v.3.14 loaded)
(/usr/share/texlive/texmf-dist/tex/generic/xypic/xycurve.tex
 Xy-pic option: Curve and Spline extension v.3.12 curve, circles, loaded)
(/usr/share/texlive/texmf-dist/tex/generic/xypic/xypdf.tex
 Xy-pic option: PDF driver v.1.7 Xy-pic pdf driver: `curve' extension support
(/usr/share/texlive/texmf-dist/tex/generic/xypic/xypdf-cu.tex loaded) loaded))
(/usr/share/texlive/texmf-dist/tex/latex/float/float.sty)
(/usr/share/texlive/texmf-dist/tex/latex/titlesec/titletoc.sty)
(/usr/share/texlive/texmf-dist/tex/latex/pgfplots/pgfplots.sty
(/usr/share/texlive/texmf-dist/tex/generic/pgfplots/pgfplots.revision.tex)
(/usr/share/texmf/tex/latex/pgf/frontendlayer/tikz.sty
(/usr/share/texmf/tex/latex/pgf/basiclayer/pgf.sty
(/usr/share/texmf/tex/latex/pgf/utilities/pgfrcs.sty
(/usr/share/texmf/tex/generic/pgf/utilities/pgfutil-common.tex)
(/usr/share/texmf/tex/generic/pgf/utilities/pgfutil-latex.def
(/usr/share/texlive/texmf-dist/tex/latex/ms/everyshi.sty))
(/usr/share/texmf/tex/generic/pgf/utilities/pgfrcs.code.tex))
(/usr/share/texmf/tex/latex/pgf/basiclayer/pgfcore.sty
(/usr/share/texlive/texmf-dist/tex/latex/graphics/graphicx.sty
(/usr/share/texlive/texmf-dist/tex/latex/graphics/graphics.sty
(/usr/share/texlive/texmf-dist/tex/latex/graphics/trig.sty)
(/usr/share/texlive/texmf-dist/tex/latex/latexconfig/graphics.cfg)
(/usr/share/texlive/texmf-dist/tex/latex/pdftex-def/pdftex.def
(/usr/share/texlive/texmf-dist/tex/generic/oberdiek/infwarerr.sty)
(/usr/share/texlive/texmf-dist/tex/generic/oberdiek/ltxcmds.sty))))
(/usr/share/texmf/tex/latex/pgf/systemlayer/pgfsys.sty
(/usr/share/texmf/tex/generic/pgf/systemlayer/pgfsys.code.tex
(/usr/share/texmf/tex/generic/pgf/utilities/pgfkeys.code.tex
(/usr/share/texmf/tex/generic/pgf/utilities/pgfkeysfiltered.code.tex))
(/usr/share/texmf/tex/generic/pgf/systemlayer/pgf.cfg)
(/usr/share/texmf/tex/generic/pgf/systemlayer/pgfsys-pdftex.def
(/usr/share/texmf/tex/generic/pgf/systemlayer/pgfsys-common-pdf.def)))
(/usr/share/texmf/tex/generic/pgf/systemlayer/pgfsyssoftpath.code.tex)
(/usr/share/texmf/tex/generic/pgf/systemlayer/pgfsysprotocol.code.tex))
(/usr/share/texmf/tex/latex/xcolor/xcolor.sty
(/usr/share/texlive/texmf-dist/tex/latex/latexconfig/color.cfg))
(/usr/share/texmf/tex/generic/pgf/basiclayer/pgfcore.code.tex
(/usr/share/texmf/tex/generic/pgf/math/pgfmath.code.tex
(/usr/share/texmf/tex/generic/pgf/math/pgfmathcalc.code.tex
(/usr/share/texmf/tex/generic/pgf/math/pgfmathutil.code.tex)
(/usr/share/texmf/tex/generic/pgf/math/pgfmathparser.code.tex)
(/usr/share/texmf/tex/generic/pgf/math/pgfmathfunctions.code.tex
(/usr/share/texmf/tex/generic/pgf/math/pgfmathfunctions.basic.code.tex)
(/usr/share/texmf/tex/generic/pgf/math/pgfmathfunctions.trigonometric.code.tex)
(/usr/share/texmf/tex/generic/pgf/math/pgfmathfunctions.random.code.tex)
(/usr/share/texmf/tex/generic/pgf/math/pgfmathfunctions.comparison.code.tex)
(/usr/share/texmf/tex/generic/pgf/math/pgfmathfunctions.base.code.tex)
(/usr/share/texmf/tex/generic/pgf/math/pgfmathfunctions.round.code.tex)
(/usr/share/texmf/tex/generic/pgf/math/pgfmathfunctions.misc.code.tex)))
(/usr/share/texmf/tex/generic/pgf/math/pgfmathfloat.code.tex))
(/usr/share/texmf/tex/generic/pgf/basiclayer/pgfcorepoints.code.tex)
(/usr/share/texmf/tex/generic/pgf/basiclayer/pgfcorepathconstruct.code.tex)
(/usr/share/texmf/tex/generic/pgf/basiclayer/pgfcorepathusage.code.tex)
(/usr/share/texmf/tex/generic/pgf/basiclayer/pgfcorescopes.code.tex)
(/usr/share/texmf/tex/generic/pgf/basiclayer/pgfcoregraphicstate.code.tex)
(/usr/share/texmf/tex/generic/pgf/basiclayer/pgfcoretransformations.code.tex)
(/usr/share/texmf/tex/generic/pgf/basiclayer/pgfcorequick.code.tex)
(/usr/share/texmf/tex/generic/pgf/basiclayer/pgfcoreobjects.code.tex)
(/usr/share/texmf/tex/generic/pgf/basiclayer/pgfcorepathprocessing.code.tex)
(/usr/share/texmf/tex/generic/pgf/basiclayer/pgfcorearrows.code.tex)
(/usr/share/texmf/tex/generic/pgf/basiclayer/pgfcoreshade.code.tex)
(/usr/share/texmf/tex/generic/pgf/basiclayer/pgfcoreimage.code.tex
(/usr/share/texmf/tex/generic/pgf/basiclayer/pgfcoreexternal.code.tex))
(/usr/share/texmf/tex/generic/pgf/basiclayer/pgfcorelayers.code.tex)
(/usr/share/texmf/tex/generic/pgf/basiclayer/pgfcoretransparency.code.tex)
(/usr/share/texmf/tex/generic/pgf/basiclayer/pgfcorepatterns.code.tex)))
(/usr/share/texmf/tex/generic/pgf/modules/pgfmoduleshapes.code.tex)
(/usr/share/texmf/tex/generic/pgf/modules/pgfmoduleplot.code.tex)
(/usr/share/texmf/tex/latex/pgf/compatibility/pgfcomp-version-0-65.sty)
(/usr/share/texmf/tex/latex/pgf/compatibility/pgfcomp-version-1-18.sty))
(/usr/share/texmf/tex/latex/pgf/utilities/pgffor.sty
(/usr/share/texmf/tex/latex/pgf/utilities/pgfkeys.sty
(/usr/share/texmf/tex/generic/pgf/utilities/pgfkeys.code.tex))
(/usr/share/texmf/tex/generic/pgf/utilities/pgffor.code.tex))
(/usr/share/texmf/tex/generic/pgf/frontendlayer/tikz/tikz.code.tex
(/usr/share/texmf/tex/generic/pgf/libraries/pgflibraryplothandlers.code.tex)
(/usr/share/texmf/tex/generic/pgf/modules/pgfmodulematrix.code.tex)
(/usr/share/texmf/tex/generic/pgf/frontendlayer/tikz/libraries/tikzlibrarytopat
hs.code.tex)))
(/usr/share/texlive/texmf-dist/tex/generic/pgfplots/pgfplots.code.tex
(/usr/share/texlive/texmf-dist/tex/generic/pgfplots/pgfplotscore.code.tex
(/usr/share/texlive/texmf-dist/tex/generic/pgfplots/sys/pgfplotssysgeneric.code
.tex))
(/usr/share/texlive/texmf-dist/tex/generic/pgfplots/libs/pgfplotslibrary.code.t
ex)
(/usr/share/texlive/texmf-dist/tex/generic/pgfplots/oldpgfcompatib/pgfplotsoldp
gfsupp_loader.code.tex
Package pgfplots: loading complementary code for your PGF version...

(/usr/share/texlive/texmf-dist/tex/generic/pgfplots/oldpgfcompatib/pgfplotsoldp
gfsupp_misc.code.tex)
(/usr/share/texlive/texmf-dist/tex/generic/pgfplots/oldpgfcompatib/pgfplotsoldp
gfsupp_pgfkeys.code.tex
(/usr/share/texlive/texmf-dist/tex/generic/pgfplots/oldpgfcompatib/pgfplotsoldp
gfsupp_pgfkeysfiltered.code.tex))
(/usr/share/texlive/texmf-dist/tex/generic/pgfplots/oldpgfcompatib/pgfplotsoldp
gfsupp_pgfmathfloat.code.tex)
(/usr/share/texlive/texmf-dist/tex/generic/pgfplots/oldpgfcompatib/pgfplotsoldp
gfsupp_pgflibraryplothandlers.code.tex)
(/usr/share/texlive/texmf-dist/tex/generic/pgfplots/oldpgfcompatib/pgfplotsoldp
gfsupp_pgflibraryfpu.code.tex)
(/usr/share/texlive/texmf-dist/tex/generic/pgfplots/oldpgfcompatib/pgfplotsoldp
gfsupp_pgfcorescopes.code.tex)
(/usr/share/texlive/texmf-dist/tex/generic/pgfplots/oldpgfcompatib/pgfplotsoldp
gfsupp_pgfcorelayers.code.tex))
(/usr/share/texlive/texmf-dist/tex/generic/pgfplots/util/pgfplotsutil.code.tex
(/usr/share/texlive/texmf-dist/tex/generic/pgfplots/liststructure/pgfplotslists
tructure.code.tex)
(/usr/share/texlive/texmf-dist/tex/generic/pgfplots/liststructure/pgfplotslists
tructureext.code.tex)
(/usr/share/texlive/texmf-dist/tex/generic/pgfplots/liststructure/pgfplotsarray
.code.tex)
(/usr/share/texlive/texmf-dist/tex/generic/pgfplots/liststructure/pgfplotsmatri
x.code.tex)
(/usr/share/texlive/texmf-dist/tex/generic/pgfplots/numtable/pgfplotstableshare
d.code.tex)
(/usr/share/texlive/texmf-dist/tex/generic/pgfplots/liststructure/pgfplotsdeque
.code.tex)
(/usr/share/texlive/texmf-dist/tex/generic/pgfplots/util/pgfplotsbinary.code.te
x
(/usr/share/texlive/texmf-dist/tex/generic/pgfplots/util/pgfplotsbinary.data.co
de.tex))
(/usr/share/texlive/texmf-dist/tex/generic/pgfplots/util/pgfplotsutil.verb.code
.tex)
(/usr/share/texlive/texmf-dist/tex/generic/pgfplots/libs/pgflibrarypgfplots.sur
fshading.code.tex
(/usr/share/texlive/texmf-dist/tex/generic/pgfplots/sys/pgflibrarypgfplots.surf
shading.pgfsys-pdftex.def)))
(/usr/share/texlive/texmf-dist/tex/generic/pgfplots/util/pgfplotscolormap.code.
tex
(/usr/share/texlive/texmf-dist/tex/generic/pgfplots/util/pgfplotscolor.code.tex
))
(/usr/share/texlive/texmf-dist/tex/generic/pgfplots/pgfplotsstackedplots.code.t
ex)
(/usr/share/texlive/texmf-dist/tex/generic/pgfplots/pgfplotsplothandlers.code.t
ex
(/usr/share/texlive/texmf-dist/tex/generic/pgfplots/pgfplotsmeshplothandler.cod
e.tex))
(/usr/share/texlive/texmf-dist/tex/generic/pgfplots/pgfplots.scaling.code.tex)
(/usr/share/texlive/texmf-dist/tex/generic/pgfplots/pgfplotscoordprocessing.cod
e.tex)
(/usr/share/texlive/texmf-dist/tex/generic/pgfplots/pgfplots.errorbars.code.tex
) (/usr/share/texlive/texmf-dist/tex/generic/pgfplots/pgfplots.markers.code.tex
) (/usr/share/texlive/texmf-dist/tex/generic/pgfplots/pgfplotsticks.code.tex)
(/usr/share/texlive/texmf-dist/tex/generic/pgfplots/pgfplots.paths.code.tex)
(/usr/share/texmf/tex/generic/pgf/frontendlayer/tikz/libraries/tikzlibrarydecor
ations.code.tex
(/usr/share/texmf/tex/generic/pgf/modules/pgfmoduledecorations.code.tex))
(/usr/share/texmf/tex/generic/pgf/frontendlayer/tikz/libraries/tikzlibrarydecor
ations.pathmorphing.code.tex
(/usr/share/texmf/tex/generic/pgf/libraries/decorations/pgflibrarydecorations.p
athmorphing.code.tex))
(/usr/share/texmf/tex/generic/pgf/frontendlayer/tikz/libraries/tikzlibrarydecor
ations.pathreplacing.code.tex
(/usr/share/texmf/tex/generic/pgf/libraries/decorations/pgflibrarydecorations.p
athreplacing.code.tex)))
(/usr/share/texmf/tex/generic/pgf/frontendlayer/tikz/libraries/tikzlibraryplotm
arks.code.tex
(/usr/share/texmf/tex/generic/pgf/libraries/pgflibraryplotmarks.code.tex)))
(/usr/share/texlive/texmf-dist/tex/latex/wrapfig/wrapfig.sty)
(/usr/share/texlive/texmf-dist/tex/generic/mathabx/mathabx.sty
(/usr/share/texlive/texmf-dist/tex/generic/mathabx/mathabx.dcl))
(/usr/share/texlive/texmf-dist/tex/latex/base/ifthen.sty)
(/usr/share/texlive/texmf-dist/tex/latex/caption/caption.sty
(/usr/share/texlive/texmf-dist/tex/latex/caption/caption3.sty))
(/usr/share/texlive/texmf-dist/tex/latex/caption/subcaption.sty)
(data/latexki.sty)
(/usr/share/texlive/texmf-dist/tex/latex/ntheorem/ntheorem.sty
Style `ntheorem', Version 1.33 <2011/08/15>
) (/usr/share/texlive/texmf-dist/tex/latex/hyperref/hyperref.sty
(/usr/share/texlive/texmf-dist/tex/generic/oberdiek/hobsub-hyperref.sty
(/usr/share/texlive/texmf-dist/tex/generic/oberdiek/hobsub-generic.sty))
(/usr/share/texlive/texmf-dist/tex/latex/oberdiek/auxhook.sty)
(/usr/share/texlive/texmf-dist/tex/latex/oberdiek/kvoptions.sty)
(/usr/share/texlive/texmf-dist/tex/latex/hyperref/pd1enc.def)
(/usr/share/texlive/texmf-dist/tex/latex/latexconfig/hyperref.cfg)
(/usr/share/texlive/texmf-dist/tex/latex/url/url.sty))

Package hyperref Message: Driver (autodetected): hpdftex.

(/usr/share/texlive/texmf-dist/tex/latex/hyperref/hpdftex.def
(/usr/share/texlive/texmf-dist/tex/latex/oberdiek/rerunfilecheck.sty))
(./Algebra.aux)
*geometry* driver: auto-detecting
*geometry* detected driver: pdftex
(/usr/share/texlive/texmf-dist/tex/latex/amsfonts/umsa.fd)
(/usr/share/texlive/texmf-dist/tex/latex/amsfonts/umsb.fd)
(/usr/share/texlive/texmf-dist/tex/latex/stmaryrd/Ustmry.fd)
ABD: EveryShipout initializing macros
(/usr/share/texlive/texmf-dist/tex/context/base/supp-pdf.mkii
[Loading MPS to PDF converter (version 2006.09.02).]
) (/usr/share/texlive/texmf-dist/tex/latex/oberdiek/epstopdf-base.sty
(/usr/share/texlive/texmf-dist/tex/latex/oberdiek/grfext.sty)
(/usr/share/texlive/texmf-dist/tex/latex/latexconfig/epstopdf-sys.cfg))

Package pgfplots Warning: running in backwards compatibility mode (unsuitable t
ick labels; missing features). Consider writing \pgfplotsset{compat=1.9} into y
our preamble.
 on input line 129.

(/usr/share/texlive/texmf-dist/tex/latex/hyperref/nameref.sty
(/usr/share/texlive/texmf-dist/tex/generic/oberdiek/gettitlestring.sty))
(./Algebra.out) (./Algebra.out)
Underfull \hbox (badness 10000) in paragraph at lines 135--136


LaTeX Font Warning: Font shape `T1/cmr/m/n' in size <40> not available
(Font)              size <35.83> substituted on input line 138.


LaTeX Font Warning: Font shape `T1/cmr/bx/n' in size <40> not available
(Font)              size <35.83> substituted on input line 138.


Underfull \hbox (badness 10000) in paragraph at lines 140--141


Underfull \hbox (badness 10000) in paragraph at lines 142--143


Underfull \hbox (badness 10000) in paragraph at lines 144--145

[1{/var/lib/texmf/fonts/map/pdftex/updmap/pdftex.map}] [2] (./Algebra.toc
Overfull \hbox (0.93665pt too wide) detected at line 8
\T1/cmr/bx/n/10.95 II  

Overfull \hbox (1.81714pt too wide) detected at line 12
\T1/cmr/m/n/10.95 Ÿ 10  

Overfull \hbox (5.95705pt too wide) detected at line 13
\T1/cmr/bx/n/10.95 III  

Overfull \hbox (1.81714pt too wide) detected at line 14
\T1/cmr/m/n/10.95 Ÿ 11  

Overfull \hbox (1.81714pt too wide) detected at line 15
\T1/cmr/m/n/10.95 Ÿ 12  

Overfull \hbox (1.81714pt too wide) detected at line 16
\T1/cmr/m/n/10.95 Ÿ 13  

Overfull \hbox (1.81714pt too wide) detected at line 17
\T1/cmr/m/n/10.95 Ÿ 14  
) [3] [4]
Kapitel I\hskip 1em\relax .
[5] (/usr/share/texlive/texmf-dist/tex/latex/amsfonts/ueuf.fd)
Underfull \hbox (badness 10000) in paragraph at lines 221--223


Underfull \vbox (badness 2980) has occurred while \output is active [6]
[7] [8]
Underfull \vbox (badness 1117) has occurred while \output is active [9]
[10] [11] [12] [13]
Underfull \hbox (badness 10000) in paragraph at lines 470--472

[14] [15] [16]
Underfull \vbox (badness 10000) has occurred while \output is active [17]
[18] [19] [20] [21] [22]
Overfull \hbox (20.49663pt too wide) detected at line 811
\OML/cmm/m/it/10.95 ^^P[] \U/matha/m/n/10.95 ^^@ \OML/cmm/m/it/10.95 ^^P[]  \U/
matha/m/n/10.95 ^^P  \OT1/cmr/m/n/10.95 2 \U/matha/m/n/10.95 ^^D [] []  ^^P  \O
T1/cmr/m/n/10.95 2 \U/matha/m/n/10.95 ^^D [] []  ^^P  \OT1/cmr/m/n/10.95 2 \U/m
atha/m/n/10.95 ^^D [] []  ^^P  \OT1/cmr/m/n/10.95 2 \U/matha/m/n/10.95 ^^D [] [
]  ^^P  \OT1/cmr/m/n/10.95 2 \U/matha/m/n/10.95 ^^D []  ^^P  ^^A\OT1/cmr/m/n/10
.95 1\OML/cmm/m/it/10.95 :
[23] [24] <xymatrix 3x3 174>
Underfull \hbox (badness 10000) in paragraph at lines 851--853

[25] <xymatrix 5x3 376> [26]
Underfull \vbox (badness 1163) has occurred while \output is active [27]
Overfull \hbox (7.53423pt too wide) in paragraph at lines 935--936
\T1/cmr/m/n/10.95 is sol-va-ble. The-re-fo-re ob-ser-ve that $[]$ is ge-ne-ra-t
ed over $\OML/cmm/m/it/10.95 k$ \T1/cmr/m/n/10.95 by the $\OML/cmm/m/it/10.95 ^
^[\U/matha/m/n/10.95 p\OML/cmm/m/it/10.95 k\U/matha/m/n/10.95 q$ \T1/cmr/m/n/10
.95 for $\OML/cmm/m/it/10.95 ^^[ \U/matha/m/n/10.95 P [][]p\U/msb/m/n/10.95 M\O
ML/cmm/m/it/10.95 ; []\U/matha/m/n/10.95 q$\T1/cmr/m/n/10.95 ,

Underfull \vbox (badness 10000) has occurred while \output is active [28]
Overfull \hbox (16.8782pt too wide) in paragraph at lines 955--959
\T1/cmr/m/n/10.95 be the cor-re-spon-ding chain of in-ter-me-dia-te fields, i.e
 $\OML/cmm/m/it/10.95 L[]\U/matha/m/n/10.95 {\OML/cmm/m/it/10.95 L[]$ \T1/cmr/m
/n/10.95 is Ga-lois and $[]\U/matha/m/n/10.95 p\OT1/cmr/m/it/10.95 L[]\U/matha/
m/n/10.95 {\OT1/cmr/m/it/10.95 L[]\U/matha/m/n/10.95 q ^^U
[29] [30] [31]
Underfull \hbox (badness 10000) in paragraph at lines 1080--1081

(/usr/share/texlive/texmf-dist/tex/latex/base/omscmr.fd) [32] [33]
Underfull \hbox (badness 10000) in paragraph at lines 1177--1178

[34]
Underfull \hbox (badness 10000) in paragraph at lines 1187--1189


Underfull \vbox (badness 10000) has occurred while \output is active [35]
[36] [37] [38] [39] [40]
Kapitel II\hskip 1em\relax .
[41]
Underfull \hbox (badness 10000) in paragraph at lines 1448--1450


Overfull \hbox (16.00597pt too wide) detected at line 1462
\OT1/cmr/m/n/10.95 0 \U/matha/m/n/10.95 ^^P \OML/cmm/m/it/10.95 ^^W\U/matha/m/n
/10.95 p\OT1/cmr/m/n/10.95 1\U/matha/m/n/10.95 q ^^P \OML/cmm/m/it/10.95 ^^W\U/
matha/m/n/10.95 p\OML/cmm/m/it/10.95 ap \U/matha/m/n/10.95 ^^@ \OML/cmm/m/it/10
.95 bq\U/matha/m/n/10.95 q ¥ []t\OML/cmm/m/it/10.95 ^^W\U/matha/m/n/10.95 p\OML
/cmm/m/it/10.95 ap\U/matha/m/n/10.95 q\OML/cmm/m/it/10.95 ; ^^W\U/matha/m/n/10.
95 p\OML/cmm/m/it/10.95 bq\U/matha/m/n/10.95 qu ^^P []t[] ^^@\OML/cmm/m/it/10.9
5 ^^W\U/matha/m/n/10.95 p\OML/cmm/m/it/10.95 p\U/matha/m/n/10.95 q\OML/cmm/m/it
/10.95 ; [] \U/matha/m/n/10.95 ^^@\OML/cmm/m/it/10.95 ^^W\U/matha/m/n/10.95 p\O
ML/cmm/m/it/10.95 q\U/matha/m/n/10.95 qu ¥ []t\OML/cmm/m/it/10.95 ^^W\U/matha/m
/n/10.95 p\OML/cmm/m/it/10.95 p\U/matha/m/n/10.95 q\OML/cmm/m/it/10.95 ; ^^W\U/
matha/m/n/10.95 p\OML/cmm/m/it/10.95 q\U/matha/m/n/10.95 qu ¡ \OT1/cmr/m/n/10.9
5 0
[42] [43]
Underfull \vbox (badness 10000) has occurred while \output is active [44]
[45]
Underfull \vbox (badness 10000) has occurred while \output is active [46]
[47] [48] [49] [50] [51] [52] [53]

LaTeX Font Warning: Font shape `U/stmry/b/n' undefined
(Font)              using `U/stmry/m/n' instead on input line 1902.

[54] [55]
Underfull \vbox (badness 10000) has occurred while \output is active [56]
Overfull \hbox (25.30984pt too wide) detected at line 2012
\OT1/cmr/m/n/10.95 0  \U/matha/m/n/10.95 ^^P  [] [] \OML/cmm/m/it/10.95 a[]p[] 
\U/matha/m/n/10.95 ^^A [] \OML/cmm/m/it/10.95 b[]p[][]  \U/matha/m/n/10.95 ^^P 
 [] []  ^^@ \OML/cmm/m/it/10.95 p[] \U/matha/m/n/10.95 ^^D [] []\OML/cmm/m/it/1
0.95 :

Underfull \vbox (badness 10000) has occurred while \output is active [57]
Underfull \vbox (badness 4660) has occurred while \output is active [58]
[59]
Underfull \vbox (badness 10000) has occurred while \output is active [60]
[61] [62]
Kapitel III\hskip 1em\relax .
[63] [64] <xymatrix 3x3 161> [65] <xymatrix 3x2 149> <xymatrix 3x2 192>
<xymatrix 3x2 149> [66] [67] [68] [69] [70]
Underfull \hbox (badness 10000) in paragraph at lines 2495--2498

[71] [72]
Underfull \hbox (badness 10000) in paragraph at lines 2565--2567

[73] <xymatrix 3x3 243> [74]
Underfull \hbox (badness 10000) in paragraph at lines 2630--2633

<xymatrix 10x2 491> [75] [76] [77] [78]
Overfull \hbox (11.06415pt too wide) detected at line 2825
\OML/cmm/m/it/10.95 ht\U/matha/m/n/10.95 p\U/euf/m/n/10.95 p\U/matha/m/n/10.95 
q \OT1/cmr/m/n/10.95 :\U/matha/m/n/10.95 ^^P []t\OML/cmm/m/it/10.95 n \U/matha/
m/n/10.95 P \U/msb/m/n/10.95 N[] [] []\U/euf/m/n/10.95 p[]\OML/cmm/m/it/10.95 ;
 \U/euf/m/n/10.95 p[]\OML/cmm/m/it/10.95 ; [] ; \U/euf/m/n/10.95 p[]\OML/cmm/m/
it/10.95 ; []\U/euf/m/n/10.95 p[] \U/matha/m/n/10.95 ^^P \U/euf/m/n/10.95 p[]p[
] \U/matha/m/n/10.95 ˆ [] ˆ \U/euf/m/n/10.95 p[]\U/matha/m/n/10.95 u

Overfull \hbox (39.39798pt too wide) in paragraph at lines 2834--2834
[]\T1/cmr/m/n/10.95 Since $\U/matha/m/n/10.95 p\OT1/cmr/m/n/10.95 0\U/matha/m/n
/10.95 q ˆ p\OML/cmm/m/it/10.95 X[]\U/matha/m/n/10.95 q ˆ p\OML/cmm/m/it/10.95 
X[]; X[]\U/matha/m/n/10.95 q ˆ [] ˆ p\OML/cmm/m/it/10.95 X[]; [] ; X[]\U/matha/
m/n/10.95 q$\T1/cmr/m/n/10.95 , we ha-ve $[] [] \U/matha/m/n/10.95 ¥
[79] [80]
Underfull \hbox (badness 10000) in paragraph at lines 2879--2881

[81]
Underfull \vbox (badness 1681) has occurred while \output is active [82]
[83] [84] [85]
Underfull \hbox (badness 10000) in paragraph at lines 3075--3077

[86]
Underfull \vbox (badness 10000) has occurred while \output is active [87]
[88] (./Algebra.aux)

LaTeX Font Warning: Size substitutions with differences
(Font)              up to 4.17pt have occurred.


LaTeX Font Warning: Some font shapes were not available, defaults substituted.

 )
(see the transcript file for additional information){/usr/share/texmf/fonts/enc
/dvips/cm-super/cm-super-t1.enc}</usr/share/texlive/texmf-dist/fonts/type1/publ
ic/amsfonts/cm/cmmi10.pfb></usr/share/texlive/texmf-dist/fonts/type1/public/ams
fonts/cm/cmmi6.pfb></usr/share/texlive/texmf-dist/fonts/type1/public/amsfonts/c
m/cmmi8.pfb></usr/share/texlive/texmf-dist/fonts/type1/public/amsfonts/cm/cmmib
10.pfb></usr/share/texlive/texmf-dist/fonts/type1/public/amsfonts/cmextra/cmmib
8.pfb></usr/share/texlive/texmf-dist/fonts/type1/public/amsfonts/cm/cmr10.pfb><
/usr/share/texlive/texmf-dist/fonts/type1/public/amsfonts/cm/cmr6.pfb></usr/sha
re/texlive/texmf-dist/fonts/type1/public/amsfonts/cm/cmr8.pfb></usr/share/texli
ve/texmf-dist/fonts/type1/public/amsfonts/cm/cmsy10.pfb></usr/share/texlive/tex
mf-dist/fonts/type1/public/amsfonts/cm/cmti10.pfb></usr/share/texlive/texmf-dis
t/fonts/type1/public/amsfonts/cm/cmti8.pfb></usr/share/texlive/texmf-dist/fonts
/type1/public/amsfonts/euler/eufm10.pfb></usr/share/texlive/texmf-dist/fonts/ty
pe1/public/mathabx-type1/matha10.pfb></usr/share/texlive/texmf-dist/fonts/type1
/public/mathabx-type1/matha6.pfb></usr/share/texlive/texmf-dist/fonts/type1/pub
lic/mathabx-type1/matha8.pfb></usr/share/texlive/texmf-dist/fonts/type1/public/
mathabx-type1/mathb10.pfb></usr/share/texlive/texmf-dist/fonts/type1/public/mat
habx-type1/mathb8.pfb></usr/share/texlive/texmf-dist/fonts/type1/public/mathabx
-type1/mathx10.pfb></usr/share/texlive/texmf-dist/fonts/type1/public/amsfonts/s
ymbols/msbm10.pfb></usr/share/texmf/fonts/type1/public/cm-super/sfbi1440.pfb></
usr/share/texmf/fonts/type1/public/cm-super/sfbx1095.pfb></usr/share/texmf/font
s/type1/public/cm-super/sfbx1440.pfb></usr/share/texmf/fonts/type1/public/cm-su
per/sfbx2074.pfb></usr/share/texmf/fonts/type1/public/cm-super/sfbx2488.pfb></u
sr/share/texmf/fonts/type1/public/cm-super/sfbx3583.pfb></usr/share/texmf/fonts
/type1/public/cm-super/sfrm0800.pfb></usr/share/texmf/fonts/type1/public/cm-sup
er/sfrm1095.pfb></usr/share/texmf/fonts/type1/public/cm-super/sfrm1200.pfb></us
r/share/texmf/fonts/type1/public/cm-super/sfsl1095.pfb></usr/share/texmf/fonts/
type1/public/cm-super/sfti0800.pfb></usr/share/texmf/fonts/type1/public/cm-supe
r/sfti1095.pfb></usr/share/texmf/fonts/type1/public/cm-super/sfti1200.pfb></usr
/share/texlive/texmf-dist/fonts/type1/public/stmaryrd/stmary10.pfb></usr/share/
texlive/texmf-dist/fonts/type1/public/xypic/xyatip10.pfb></usr/share/texlive/te
xmf-dist/fonts/type1/public/xypic/xybtip10.pfb>
Output written on Algebra.pdf (88 pages, 761659 bytes).
Transcript written on Algebra.log.
Result: ExitSuccess

Running /usr/bin/convert -verbose Algebra.pdf[0] -resize 70x Algebra.png in an env with 4 entries:
"gs" -q -dQUIET -dSAFER -dBATCH -dNOPAUSE -dNOPROMPT -dMaxBitmap=500000000 -dAlignToPixels=0 -dGridFitTT=2 "-sDEVICE=pngalpha" -dTextAlphaBits=4 -dGraphicsAlphaBits=4 "-r72x72" -dFirstPage=1 -dLastPage=1 "-sOutputFile=/tmp/magick-sT11ASdA-%08d" "-f/tmp/magick-cyBaNEN6" "-f/tmp/magick-cCdTZznD"
/tmp/magick-sT11ASdA-00000001 PNG 595x842 595x842+0+0 8-bit DirectClass 12.8KB 0.010u 0:00.019
Algebra.pdf[0]=>Algebra.pdf PDF 595x842 595x842+0+0 16-bit DirectClass 12.8KB 0.000u 0:00.000
Algebra.pdf[0]=>Algebra.png PDF 595x842=>70x99 70x99+0+0 8-bit DirectClass 0.040u 0:00.019
Result: ExitSuccess

Running /usr/bin/optipng -verbose Algebra.png in an env with 4 entries:
OptiPNG 0.6.4: Advanced PNG optimizer.
Copyright (C) 2001-2010 Cosmin Truta.

** Processing: Algebra.png
70x99 pixels, 2x8 bits/pixel, grayscale+alpha
Reducing image to 8 bits/pixel, 67 colors (66 transparent) in palette
Input IDAT size = 496 bytes
Input file size = 791 bytes

Trying:
  zc = 9  zm = 8  zs = 0  f = 0		IDAT size = 360
  zc = 9  zm = 8  zs = 1  f = 0		IDAT too big
  zc = 1  zm = 8  zs = 2  f = 0		IDAT too big
  zc = 9  zm = 8  zs = 3  f = 0		IDAT size = 346
  zc = 9  zm = 8  zs = 0  f = 5		IDAT too big
  zc = 9  zm = 8  zs = 1  f = 5		IDAT too big
  zc = 1  zm = 8  zs = 2  f = 5		IDAT too big
  zc = 9  zm = 8  zs = 3  f = 5		IDAT too big

Algebra.png is already optimized.

** Status report
1 file(s) have been processed.
Result: ExitSuccess
