This is pdfTeX, Version 3.1415926-2.5-1.40.14 (TeX Live 2013/Debian) (format=pdflatex 2018.8.7)  7 AUG 2018 14:15
entering extended mode
 restricted \write18 enabled.
 %&-line parsing enabled.
**Algebra1Rep.tex
(data/Algebra1Rep.tex
LaTeX2e <2011/06/27>
Babel <3.9h> and hyphenation patterns for 78 languages loaded.
(/usr/share/texlive/texmf-dist/tex/latex/koma-script/scrbook.cls
Document Class: scrbook 2013/12/19 v3.12 KOMA-Script document class (book)
(/usr/share/texlive/texmf-dist/tex/latex/koma-script/scrkbase.sty
Package: scrkbase 2013/12/19 v3.12 KOMA-Script package (KOMA-Script-dependent b
asics and keyval usage)

(/usr/share/texlive/texmf-dist/tex/latex/koma-script/scrbase.sty
Package: scrbase 2013/12/19 v3.12 KOMA-Script package (KOMA-Script-independent 
basics and keyval usage)

(/usr/share/texlive/texmf-dist/tex/latex/graphics/keyval.sty
Package: keyval 1999/03/16 v1.13 key=value parser (DPC)
\KV@toks@=\toks14
)
(/usr/share/texlive/texmf-dist/tex/latex/koma-script/scrlfile.sty
Package: scrlfile 2013/12/19 v3.12 KOMA-Script package (loading files)

Package scrlfile, 2013/12/19 v3.12 KOMA-Script package (loading files)
                  Copyright (C) Markus Kohm

))) (/usr/share/texlive/texmf-dist/tex/latex/koma-script/tocbasic.sty
Package: tocbasic 2013/12/19 v3.12 KOMA-Script package (handling toc-files)
)
Package tocbasic Info: omitting babel extension for `toc'
(tocbasic)             because of feature `nobabel' available
(tocbasic)             for `toc' on input line 117.
Package tocbasic Info: omitting babel extension for `lof'
(tocbasic)             because of feature `nobabel' available
(tocbasic)             for `lof' on input line 118.
Package tocbasic Info: omitting babel extension for `lot'
(tocbasic)             because of feature `nobabel' available
(tocbasic)             for `lot' on input line 119.
Package tocbasic Info: defining new hook before heading of `' on input line 111
8.
Package scrbook Info: You've used standard option `10pt'.
(scrbook)             This is correct!
(scrbook)             Internally I'm using `fontsize=10pt'.
(scrbook)             If you'd like to set the option with \KOMAoptions,
(scrbook)             you'd have to use `fontsize=10pt' there
(scrbook)             instead of `10pt', too.
Class scrbook Info: File `scrsize10pt.clo' used to setup font sizes on input li
ne 1655.

(/usr/share/texlive/texmf-dist/tex/latex/koma-script/scrsize10pt.clo
File: scrsize10pt.clo 2013/12/19 v3.12 KOMA-Script font size class option (10pt
)
)
(/usr/share/texlive/texmf-dist/tex/latex/koma-script/typearea.sty
Package: typearea 2013/12/19 v3.12 KOMA-Script package (type area)

Package typearea, 2013/12/19 v3.12 KOMA-Script package (type area)
                  Copyright (C) Frank Neukam, 1992-1994
                  Copyright (C) Markus Kohm, 1994-

\ta@bcor=\skip41
\ta@div=\count79
Package typearea Info: You've used standard option `a4paper'.
(typearea)             This is correct!
(typearea)             Internally I'm using `paper=a4'.
(typearea)             If you'd like to set the option with \KOMAoptions,
(typearea)             you'd have to use `paper=a4' there
(typearea)             instead of `a4paper', too.
\ta@hblk=\skip42
\ta@vblk=\skip43
\ta@temp=\skip44
\footheight=\skip45
Package typearea Info: These are the values describing the layout:
(typearea)             DIV  = 8
(typearea)             BCOR = 0.0pt
(typearea)             \paperwidth      = 597.50793pt
(typearea)              \textwidth      = 373.44246pt
(typearea)              DIV departure   = -4%
(typearea)              \evensidemargin = 77.107pt
(typearea)              \oddsidemargin  = 2.4185pt
(typearea)             \paperheight     = 845.04694pt
(typearea)              \textheight     = 538.0pt
(typearea)              \topmargin      = 0.36087pt
(typearea)              \headheight     = 15.0pt
(typearea)              \headsep        = 18.0pt
(typearea)              \topskip        = 10.0pt
(typearea)              \footskip       = 42.0pt
(typearea)              \baselineskip   = 12.0pt
(typearea)              on input line 1330.
)
\c@part=\count80
\c@chapter=\count81
\c@section=\count82
\c@subsection=\count83
\c@subsubsection=\count84
\c@paragraph=\count85
\c@subparagraph=\count86
\abovecaptionskip=\skip46
\belowcaptionskip=\skip47
\c@pti@nb@sid@b@x=\box26
\c@figure=\count87
\c@table=\count88
\bibindent=\dimen102
) (/usr/share/texlive/texmf-dist/tex/latex/base/fontenc.sty
Package: fontenc 2005/09/27 v1.99g Standard LaTeX package

(/usr/share/texlive/texmf-dist/tex/latex/base/t1enc.def
File: t1enc.def 2005/09/27 v1.99g Standard LaTeX file
LaTeX Font Info:    Redeclaring font encoding T1 on input line 43.
))
(/usr/share/texlive/texmf-dist/tex/generic/babel/babel.sty
Package: babel 2013/12/03 3.9h The Babel package

(/usr/share/texlive/texmf-dist/tex/generic/babel-german/germanb.ldf
Language: germanb 2013/12/13 v2.7 German support for babel (traditional orthogr
aphy)

(/usr/share/texlive/texmf-dist/tex/generic/babel/babel.def
File: babel.def 2013/12/03 3.9h Babel common definitions
\babel@savecnt=\count89
\U@D=\dimen103
)
\l@austrian = a dialect from \language\l@german 
Package babel Info: Making " an active character on input line 107.
))
(/usr/share/texlive/texmf-dist/tex/latex/cmbright/cmbright.sty
Package: cmbright 2005/04/13 v8.1 (WaS)
LaTeX Font Info:    Redeclaring symbol font `operators' on input line 29.
LaTeX Font Info:    Overwriting symbol font `operators' in version `normal'
(Font)                  OT1/cmr/m/n --> OT1/cmbr/m/n on input line 29.
LaTeX Font Info:    Overwriting symbol font `operators' in version `bold'
(Font)                  OT1/cmr/bx/n --> OT1/cmbr/m/n on input line 29.
LaTeX Font Info:    Redeclaring symbol font `letters' on input line 30.
LaTeX Font Info:    Overwriting symbol font `letters' in version `normal'
(Font)                  OML/cmm/m/it --> OML/cmbrm/m/it on input line 30.
LaTeX Font Info:    Overwriting symbol font `letters' in version `bold'
(Font)                  OML/cmm/b/it --> OML/cmbrm/m/it on input line 30.
LaTeX Font Info:    Overwriting symbol font `letters' in version `bold'
(Font)                  OML/cmbrm/m/it --> OML/cmbrm/b/it on input line 31.
LaTeX Font Info:    Redeclaring symbol font `symbols' on input line 32.
LaTeX Font Info:    Overwriting symbol font `symbols' in version `normal'
(Font)                  OMS/cmsy/m/n --> OMS/cmbrs/m/n on input line 32.
LaTeX Font Info:    Overwriting symbol font `symbols' in version `bold'
(Font)                  OMS/cmsy/b/n --> OMS/cmbrs/m/n on input line 32.
LaTeX Font Info:    Redeclaring math alphabet \mathit on input line 33.
LaTeX Font Info:    Overwriting math alphabet `\mathit' in version `normal'
(Font)                  OT1/cmr/m/it --> OT1/cmbr/m/sl on input line 33.
LaTeX Font Info:    Overwriting math alphabet `\mathit' in version `bold'
(Font)                  OT1/cmr/bx/it --> OT1/cmbr/m/sl on input line 33.
LaTeX Font Info:    Redeclaring math alphabet \mathbf on input line 34.
LaTeX Font Info:    Overwriting math alphabet `\mathbf' in version `normal'
(Font)                  OT1/cmr/bx/n --> OT1/cmbr/bx/n on input line 34.
LaTeX Font Info:    Overwriting math alphabet `\mathbf' in version `bold'
(Font)                  OT1/cmr/bx/n --> OT1/cmbr/bx/n on input line 34.
LaTeX Font Info:    Redeclaring math alphabet \mathtt on input line 35.
LaTeX Font Info:    Overwriting math alphabet `\mathtt' in version `normal'
(Font)                  OT1/cmtt/m/n --> OT1/cmtl/m/n on input line 35.
LaTeX Font Info:    Overwriting math alphabet `\mathtt' in version `bold'
(Font)                  OT1/cmtt/m/n --> OT1/cmtl/m/n on input line 35.
LaTeX Font Info:    Redeclaring math symbol \alpha on input line 37.
LaTeX Font Info:    Redeclaring math symbol \beta on input line 38.
LaTeX Font Info:    Redeclaring math symbol \gamma on input line 39.
LaTeX Font Info:    Redeclaring math symbol \delta on input line 40.
LaTeX Font Info:    Redeclaring math symbol \epsilon on input line 41.
LaTeX Font Info:    Redeclaring math symbol \zeta on input line 42.
LaTeX Font Info:    Redeclaring math symbol \eta on input line 43.
LaTeX Font Info:    Redeclaring math symbol \theta on input line 44.
LaTeX Font Info:    Redeclaring math symbol \iota on input line 45.
LaTeX Font Info:    Redeclaring math symbol \kappa on input line 46.
LaTeX Font Info:    Redeclaring math symbol \lambda on input line 47.
LaTeX Font Info:    Redeclaring math symbol \mu on input line 48.
LaTeX Font Info:    Redeclaring math symbol \nu on input line 49.
LaTeX Font Info:    Redeclaring math symbol \xi on input line 50.
LaTeX Font Info:    Redeclaring math symbol \pi on input line 51.
LaTeX Font Info:    Redeclaring math symbol \rho on input line 52.
LaTeX Font Info:    Redeclaring math symbol \sigma on input line 53.
LaTeX Font Info:    Redeclaring math symbol \tau on input line 54.
LaTeX Font Info:    Redeclaring math symbol \upsilon on input line 55.
LaTeX Font Info:    Redeclaring math symbol \phi on input line 56.
LaTeX Font Info:    Redeclaring math symbol \chi on input line 57.
LaTeX Font Info:    Redeclaring math symbol \psi on input line 58.
LaTeX Font Info:    Redeclaring math symbol \omega on input line 59.
LaTeX Font Info:    Redeclaring math symbol \varepsilon on input line 60.
LaTeX Font Info:    Redeclaring math symbol \vartheta on input line 61.
LaTeX Font Info:    Redeclaring math symbol \varpi on input line 62.
LaTeX Font Info:    Redeclaring math symbol \varrho on input line 63.
LaTeX Font Info:    Redeclaring math symbol \varsigma on input line 64.
LaTeX Font Info:    Redeclaring math symbol \varphi on input line 65.
LaTeX Info: Redefining \LaTeX on input line 129.
LaTeX Info: Redefining \LaTeXe on input line 139.
LaTeX Font Info:    Try loading font information for T1+cmbr on input line 144.


(/usr/share/texlive/texmf-dist/tex/latex/cmbright/t1cmbr.fd
File: t1cmbr.fd 2005/04/13 v8.1 (WaS)
))
(/usr/share/texlive/texmf-dist/tex/latex/base/inputenc.sty
Package: inputenc 2008/03/30 v1.1d Input encoding file
\inpenc@prehook=\toks15
\inpenc@posthook=\toks16

(/usr/share/texlive/texmf-dist/tex/latex/base/ansinew.def
File: ansinew.def 2008/03/30 v1.1d Input encoding file
))
(/usr/share/texlive/texmf-dist/tex/latex/stmaryrd/stmaryrd.sty
Package: stmaryrd 1994/03/03 St Mary's Road symbol package
\symstmry=\mathgroup4
LaTeX Font Info:    Overwriting symbol font `stmry' in version `bold'
(Font)                  U/stmry/m/n --> U/stmry/b/n on input line 89.
)
(/usr/share/texlive/texmf-dist/tex/latex/colortbl/colortbl.sty
Package: colortbl 2012/02/13 v1.0a Color table columns (DPC)

(/usr/share/texlive/texmf-dist/tex/latex/tools/array.sty
Package: array 2008/09/09 v2.4c Tabular extension package (FMi)
\col@sep=\dimen104
\extrarowheight=\dimen105
\NC@list=\toks17
\extratabsurround=\skip48
\backup@length=\skip49
)
(/usr/share/texlive/texmf-dist/tex/latex/graphics/color.sty
Package: color 2005/11/14 v1.0j Standard LaTeX Color (DPC)

(/usr/share/texlive/texmf-dist/tex/latex/latexconfig/color.cfg
File: color.cfg 2007/01/18 v1.5 color configuration of teTeX/TeXLive
)
Package color Info: Driver file: pdftex.def on input line 130.

(/usr/share/texlive/texmf-dist/tex/latex/pdftex-def/pdftex.def
File: pdftex.def 2011/05/27 v0.06d Graphics/color for pdfTeX

(/usr/share/texlive/texmf-dist/tex/generic/oberdiek/infwarerr.sty
Package: infwarerr 2010/04/08 v1.3 Providing info/warning/error messages (HO)
)
(/usr/share/texlive/texmf-dist/tex/generic/oberdiek/ltxcmds.sty
Package: ltxcmds 2011/11/09 v1.22 LaTeX kernel commands for general use (HO)
)
\Gread@gobject=\count90
))
\everycr=\toks18
\minrowclearance=\skip50
)
(/usr/share/texmf/tex/latex/xcolor/xcolor.sty
Package: xcolor 2007/01/21 v2.11 LaTeX color extensions (UK)

(/usr/share/texlive/texmf-dist/tex/latex/latexconfig/color.cfg
File: color.cfg 2007/01/18 v1.5 color configuration of teTeX/TeXLive
)
Package xcolor Info: Driver file: pdftex.def on input line 225.
LaTeX Info: Redefining \color on input line 702.
Package xcolor Info: Model `cmy' substituted by `cmy0' on input line 1337.
Package xcolor Info: Model `hsb' substituted by `rgb' on input line 1341.
Package xcolor Info: Model `RGB' extended on input line 1353.
Package xcolor Info: Model `HTML' substituted by `rgb' on input line 1355.
Package xcolor Info: Model `Hsb' substituted by `hsb' on input line 1356.
Package xcolor Info: Model `tHsb' substituted by `hsb' on input line 1357.
Package xcolor Info: Model `HSB' substituted by `hsb' on input line 1358.
Package xcolor Info: Model `Gray' substituted by `gray' on input line 1359.
Package xcolor Info: Model `wave' substituted by `hsb' on input line 1360.
)
(/usr/share/texlive/texmf-dist/tex/latex/hyperref/hyperref.sty
Package: hyperref 2012/11/06 v6.83m Hypertext links for LaTeX

(/usr/share/texlive/texmf-dist/tex/generic/oberdiek/hobsub-hyperref.sty
Package: hobsub-hyperref 2012/05/28 v1.13 Bundle oberdiek, subset hyperref (HO)


(/usr/share/texlive/texmf-dist/tex/generic/oberdiek/hobsub-generic.sty
Package: hobsub-generic 2012/05/28 v1.13 Bundle oberdiek, subset generic (HO)
Package: hobsub 2012/05/28 v1.13 Construct package bundles (HO)
Package hobsub Info: Skipping package `infwarerr' (already loaded).
Package hobsub Info: Skipping package `ltxcmds' (already loaded).
Package: ifluatex 2010/03/01 v1.3 Provides the ifluatex switch (HO)
Package ifluatex Info: LuaTeX not detected.
Package: ifvtex 2010/03/01 v1.5 Detect VTeX and its facilities (HO)
Package ifvtex Info: VTeX not detected.
Package: intcalc 2007/09/27 v1.1 Expandable calculations with integers (HO)
Package: ifpdf 2011/01/30 v2.3 Provides the ifpdf switch (HO)
Package ifpdf Info: pdfTeX in PDF mode is detected.
Package: etexcmds 2011/02/16 v1.5 Avoid name clashes with e-TeX commands (HO)
Package etexcmds Info: Could not find \expanded.
(etexcmds)             That can mean that you are not using pdfTeX 1.50 or
(etexcmds)             that some package has redefined \expanded.
(etexcmds)             In the latter case, load this package earlier.
Package: kvsetkeys 2012/04/25 v1.16 Key value parser (HO)
Package: kvdefinekeys 2011/04/07 v1.3 Define keys (HO)
Package: pdftexcmds 2011/11/29 v0.20 Utility functions of pdfTeX for LuaTeX (HO
)
Package pdftexcmds Info: LuaTeX not detected.
Package pdftexcmds Info: \pdf@primitive is available.
Package pdftexcmds Info: \pdf@ifprimitive is available.
Package pdftexcmds Info: \pdfdraftmode found.
Package: pdfescape 2011/11/25 v1.13 Implements pdfTeX's escape features (HO)
Package: bigintcalc 2012/04/08 v1.3 Expandable calculations on big integers (HO
)
Package: bitset 2011/01/30 v1.1 Handle bit-vector datatype (HO)
Package: uniquecounter 2011/01/30 v1.2 Provide unlimited unique counter (HO)
)
Package hobsub Info: Skipping package `hobsub' (already loaded).
Package: letltxmacro 2010/09/02 v1.4 Let assignment for LaTeX macros (HO)
Package: hopatch 2012/05/28 v1.2 Wrapper for package hooks (HO)
Package: xcolor-patch 2011/01/30 xcolor patch
Package: atveryend 2011/06/30 v1.8 Hooks at the very end of document (HO)
Package atveryend Info: \enddocument detected (standard20110627).
Package: atbegshi 2011/10/05 v1.16 At begin shipout hook (HO)
Package: refcount 2011/10/16 v3.4 Data extraction from label references (HO)
Package: hycolor 2011/01/30 v1.7 Color options for hyperref/bookmark (HO)
)
(/usr/share/texlive/texmf-dist/tex/generic/ifxetex/ifxetex.sty
Package: ifxetex 2010/09/12 v0.6 Provides ifxetex conditional
)
(/usr/share/texlive/texmf-dist/tex/latex/oberdiek/auxhook.sty
Package: auxhook 2011/03/04 v1.3 Hooks for auxiliary files (HO)
)
(/usr/share/texlive/texmf-dist/tex/latex/oberdiek/kvoptions.sty
Package: kvoptions 2011/06/30 v3.11 Key value format for package options (HO)
)
\@linkdim=\dimen106
\Hy@linkcounter=\count91
\Hy@pagecounter=\count92

(/usr/share/texlive/texmf-dist/tex/latex/hyperref/pd1enc.def
File: pd1enc.def 2012/11/06 v6.83m Hyperref: PDFDocEncoding definition (HO)
)
\Hy@SavedSpaceFactor=\count93

(/usr/share/texlive/texmf-dist/tex/latex/latexconfig/hyperref.cfg
File: hyperref.cfg 2002/06/06 v1.2 hyperref configuration of TeXLive
)
Package hyperref Info: Hyper figures OFF on input line 4443.
Package hyperref Info: Link nesting OFF on input line 4448.
Package hyperref Info: Hyper index ON on input line 4451.
Package hyperref Info: Plain pages OFF on input line 4458.
Package hyperref Info: Backreferencing OFF on input line 4463.
Package hyperref Info: Implicit mode ON; LaTeX internals redefined.
Package hyperref Info: Bookmarks ON on input line 4688.
\c@Hy@tempcnt=\count94

(/usr/share/texlive/texmf-dist/tex/latex/url/url.sty
\Urlmuskip=\muskip10
Package: url 2013/09/16  ver 3.4  Verb mode for urls, etc.
)
LaTeX Info: Redefining \url on input line 5041.
\XeTeXLinkMargin=\dimen107
\Fld@menulength=\count95
\Field@Width=\dimen108
\Fld@charsize=\dimen109
Package hyperref Info: Hyper figures OFF on input line 6295.
Package hyperref Info: Link nesting OFF on input line 6300.
Package hyperref Info: Hyper index ON on input line 6303.
Package hyperref Info: backreferencing OFF on input line 6310.
Package hyperref Info: Link coloring OFF on input line 6315.
Package hyperref Info: Link coloring with OCG OFF on input line 6320.
Package hyperref Info: PDF/A mode OFF on input line 6325.
LaTeX Info: Redefining \ref on input line 6365.
LaTeX Info: Redefining \pageref on input line 6369.
\Hy@abspage=\count96
\c@Item=\count97
\c@Hfootnote=\count98
)

Package hyperref Message: Driver (autodetected): hpdftex.

(/usr/share/texlive/texmf-dist/tex/latex/hyperref/hpdftex.def
File: hpdftex.def 2012/11/06 v6.83m Hyperref driver for pdfTeX
\Fld@listcount=\count99
\c@bookmark@seq@number=\count100

(/usr/share/texlive/texmf-dist/tex/latex/oberdiek/rerunfilecheck.sty
Package: rerunfilecheck 2011/04/15 v1.7 Rerun checks for auxiliary files (HO)
Package uniquecounter Info: New unique counter `rerunfilecheck' on input line 2
82.
)
\Hy@SectionHShift=\skip51
)
(/usr/share/texlive/texmf-dist/tex/latex/amsfonts/amssymb.sty
Package: amssymb 2013/01/14 v3.01 AMS font symbols

(/usr/share/texlive/texmf-dist/tex/latex/amsfonts/amsfonts.sty
Package: amsfonts 2013/01/14 v3.01 Basic AMSFonts support
\@emptytoks=\toks19
\symAMSa=\mathgroup5
\symAMSb=\mathgroup6
LaTeX Font Info:    Overwriting math alphabet `\mathfrak' in version `bold'
(Font)                  U/euf/m/n --> U/euf/b/n on input line 106.
)
LaTeX Font Info:    Redeclaring math symbol \boxdot on input line 44.
)
(/usr/share/texlive/texmf-dist/tex/latex/amsmath/amsmath.sty
Package: amsmath 2013/01/14 v2.14 AMS math features
\@mathmargin=\skip52

For additional information on amsmath, use the `?' option.
(/usr/share/texlive/texmf-dist/tex/latex/amsmath/amstext.sty
Package: amstext 2000/06/29 v2.01

(/usr/share/texlive/texmf-dist/tex/latex/amsmath/amsgen.sty
File: amsgen.sty 1999/11/30 v2.0
\@emptytoks=\toks20
\ex@=\dimen110
))
(/usr/share/texlive/texmf-dist/tex/latex/amsmath/amsbsy.sty
Package: amsbsy 1999/11/29 v1.2d
\pmbraise@=\dimen111
)
(/usr/share/texlive/texmf-dist/tex/latex/amsmath/amsopn.sty
Package: amsopn 1999/12/14 v2.01 operator names
)
\inf@bad=\count101
LaTeX Info: Redefining \frac on input line 210.
\uproot@=\count102
\leftroot@=\count103
LaTeX Info: Redefining \overline on input line 306.
\classnum@=\count104
\DOTSCASE@=\count105
LaTeX Info: Redefining \ldots on input line 378.
LaTeX Info: Redefining \dots on input line 381.
LaTeX Info: Redefining \cdots on input line 466.
\Mathstrutbox@=\box27
\strutbox@=\box28
\big@size=\dimen112
LaTeX Font Info:    Redeclaring font encoding OML on input line 566.
LaTeX Font Info:    Redeclaring font encoding OMS on input line 567.
\macc@depth=\count106
\c@MaxMatrixCols=\count107
\dotsspace@=\muskip11
\c@parentequation=\count108
\dspbrk@lvl=\count109
\tag@help=\toks21
\row@=\count110
\column@=\count111
\maxfields@=\count112
\andhelp@=\toks22
\eqnshift@=\dimen113
\alignsep@=\dimen114
\tagshift@=\dimen115
\tagwidth@=\dimen116
\totwidth@=\dimen117
\lineht@=\dimen118
\@envbody=\toks23
\multlinegap=\skip53
\multlinetaggap=\skip54
\mathdisplay@stack=\toks24
LaTeX Info: Redefining \[ on input line 2665.
LaTeX Info: Redefining \] on input line 2666.
)
(/usr/share/texlive/texmf-dist/tex/latex/amscls/amsthm.sty
Package: amsthm 2004/08/06 v2.20
\thm@style=\toks25
\thm@bodyfont=\toks26
\thm@headfont=\toks27
\thm@notefont=\toks28
\thm@headpunct=\toks29
\thm@preskip=\skip55
\thm@postskip=\skip56
\thm@headsep=\skip57
\dth@everypar=\toks30
)
\c@Satz=\count113
\c@Def=\count114
 (./Algebra1Rep.aux)
\openout1 = `Algebra1Rep.aux'.

LaTeX Font Info:    Checking defaults for OML/cmm/m/it on input line 72.
LaTeX Font Info:    ... okay on input line 72.
LaTeX Font Info:    Checking defaults for T1/cmr/m/n on input line 72.
LaTeX Font Info:    ... okay on input line 72.
LaTeX Font Info:    Checking defaults for OT1/cmr/m/n on input line 72.
LaTeX Font Info:    ... okay on input line 72.
LaTeX Font Info:    Checking defaults for OMS/cmsy/m/n on input line 72.
LaTeX Font Info:    ... okay on input line 72.
LaTeX Font Info:    Checking defaults for OMX/cmex/m/n on input line 72.
LaTeX Font Info:    ... okay on input line 72.
LaTeX Font Info:    Checking defaults for U/cmr/m/n on input line 72.
LaTeX Font Info:    ... okay on input line 72.
LaTeX Font Info:    Checking defaults for PD1/pdf/m/n on input line 72.
LaTeX Font Info:    ... okay on input line 72.
(/usr/share/texlive/texmf-dist/tex/context/base/supp-pdf.mkii
[Loading MPS to PDF converter (version 2006.09.02).]
\scratchcounter=\count115
\scratchdimen=\dimen119
\scratchbox=\box29
\nofMPsegments=\count116
\nofMParguments=\count117
\everyMPshowfont=\toks31
\MPscratchCnt=\count118
\MPscratchDim=\dimen120
\MPnumerator=\count119
\makeMPintoPDFobject=\count120
\everyMPtoPDFconversion=\toks32
)
\AtBeginShipoutBox=\box30
Package hyperref Info: Link coloring OFF on input line 72.
 (/usr/share/texlive/texmf-dist/tex/latex/hyperref/nameref.sty
Package: nameref 2012/10/27 v2.43 Cross-referencing by name of section

(/usr/share/texlive/texmf-dist/tex/generic/oberdiek/gettitlestring.sty
Package: gettitlestring 2010/12/03 v1.4 Cleanup title references (HO)
)
\c@section@level=\count121
)
LaTeX Info: Redefining \ref on input line 72.
LaTeX Info: Redefining \pageref on input line 72.
LaTeX Info: Redefining \nameref on input line 72.

(./Algebra1Rep.out) (./Algebra1Rep.out)
\@outlinefile=\write3
\openout3 = `Algebra1Rep.out'.

Package scrkbase Info: You've told me to redefine the font selection of the
(scrkbase)             element `sectioning' that is an alias of element
(scrkbase)             `disposition' on input line 75.
LaTeX Font Info:    Try loading font information for OT1+cmbr on input line 159
.

(/usr/share/texlive/texmf-dist/tex/latex/cmbright/ot1cmbr.fd
File: ot1cmbr.fd 2005/04/13 v8.1 (WaS)
)
LaTeX Font Info:    Try loading font information for OML+cmbrm on input line 15
9.

(/usr/share/texlive/texmf-dist/tex/latex/cmbright/omlcmbrm.fd
File: omlcmbrm.fd 2005/04/13 v8.1 (WaS)
)
LaTeX Font Info:    Try loading font information for OMS+cmbrs on input line 15
9.

(/usr/share/texlive/texmf-dist/tex/latex/cmbright/omscmbrs.fd
File: omscmbrs.fd 2005/04/13 v8.1 (WaS)
)
LaTeX Font Info:    Try loading font information for U+stmry on input line 159.


(/usr/share/texlive/texmf-dist/tex/latex/stmaryrd/Ustmry.fd)
Package babel Info: Redefining german shorthand "f
(babel)             in language  on input line 159.
Package babel Info: Redefining german shorthand "|
(babel)             in language  on input line 159.
Package babel Info: Redefining german shorthand "~
(babel)             in language  on input line 159.
Package babel Info: Redefining german shorthand "f
(babel)             in language  on input line 159.
Package babel Info: Redefining german shorthand "|
(babel)             in language  on input line 159.
Package babel Info: Redefining german shorthand "~
(babel)             in language  on input line 159.
 [1



{/var/lib/texmf/fonts/map/pdftex/updmap/pdftex.map}]
Package babel Info: Redefining german shorthand "f
(babel)             in language  on input line 160.
Package babel Info: Redefining german shorthand "|
(babel)             in language  on input line 160.
Package babel Info: Redefining german shorthand "~
(babel)             in language  on input line 160.
Package babel Info: Redefining german shorthand "f
(babel)             in language  on input line 160.
Package babel Info: Redefining german shorthand "|
(babel)             in language  on input line 160.
Package babel Info: Redefining german shorthand "~
(babel)             in language  on input line 160.
 [2


]
Kapitel 1.
Package babel Info: Redefining german shorthand "f
(babel)             in language  on input line 160.
Package babel Info: Redefining german shorthand "|
(babel)             in language  on input line 160.
Package babel Info: Redefining german shorthand "~
(babel)             in language  on input line 160.
Package babel Info: Redefining german shorthand "f
(babel)             in language  on input line 162.
Package babel Info: Redefining german shorthand "|
(babel)             in language  on input line 162.
Package babel Info: Redefining german shorthand "~
(babel)             in language  on input line 162.
Package babel Info: Redefining german shorthand "f
(babel)             in language  on input line 164.
Package babel Info: Redefining german shorthand "|
(babel)             in language  on input line 164.
Package babel Info: Redefining german shorthand "~
(babel)             in language  on input line 164.
Package babel Info: Redefining german shorthand "f
(babel)             in language  on input line 189.
Package babel Info: Redefining german shorthand "|
(babel)             in language  on input line 189.
Package babel Info: Redefining german shorthand "~
(babel)             in language  on input line 189.
LaTeX Font Info:    Font shape `T1/cmbr/m/it' in size <10> not available
(Font)              Font shape `T1/cmbr/m/sl' tried instead on input line 196.
Package babel Info: Redefining german shorthand "f
(babel)             in language  on input line 210.
Package babel Info: Redefining german shorthand "|
(babel)             in language  on input line 210.
Package babel Info: Redefining german shorthand "~
(babel)             in language  on input line 210.
Package babel Info: Redefining german shorthand "f
(babel)             in language  on input line 210.
Package babel Info: Redefining german shorthand "|
(babel)             in language  on input line 210.
Package babel Info: Redefining german shorthand "~
(babel)             in language  on input line 210.
[3]
Package babel Info: Redefining german shorthand "f
(babel)             in language  on input line 228.
Package babel Info: Redefining german shorthand "|
(babel)             in language  on input line 228.
Package babel Info: Redefining german shorthand "~
(babel)             in language  on input line 228.


LaTeX Font Warning: Font shape `T1/cmbr/bx/it' undefined
(Font)              using `T1/cmbr/bx/n' instead on input line 253.


Overfull \hbox (13.44992pt too wide) in paragraph at lines 253--254
[][][] 
 []


Overfull \hbox (13.44992pt too wide) in paragraph at lines 276--277
[][][]
 []


Underfull \hbox (badness 10000) in paragraph at lines 276--277

 []

Package babel Info: Redefining german shorthand "f
(babel)             in language  on input line 277.
Package babel Info: Redefining german shorthand "|
(babel)             in language  on input line 277.
Package babel Info: Redefining german shorthand "~
(babel)             in language  on input line 277.
Package babel Info: Redefining german shorthand "f
(babel)             in language  on input line 277.
Package babel Info: Redefining german shorthand "|
(babel)             in language  on input line 277.
Package babel Info: Redefining german shorthand "~
(babel)             in language  on input line 277.
[4]
Package babel Info: Redefining german shorthand "f
(babel)             in language  on input line 297.
Package babel Info: Redefining german shorthand "|
(babel)             in language  on input line 297.
Package babel Info: Redefining german shorthand "~
(babel)             in language  on input line 297.
Package babel Info: Redefining german shorthand "f
(babel)             in language  on input line 299.
Package babel Info: Redefining german shorthand "|
(babel)             in language  on input line 299.
Package babel Info: Redefining german shorthand "~
(babel)             in language  on input line 299.
Package babel Info: Redefining german shorthand "f
(babel)             in language  on input line 301.
Package babel Info: Redefining german shorthand "|
(babel)             in language  on input line 301.
Package babel Info: Redefining german shorthand "~
(babel)             in language  on input line 301.
Package babel Info: Redefining german shorthand "f
(babel)             in language  on input line 317.
Package babel Info: Redefining german shorthand "|
(babel)             in language  on input line 317.
Package babel Info: Redefining german shorthand "~
(babel)             in language  on input line 317.
Package babel Info: Redefining german shorthand "f
(babel)             in language  on input line 317.
Package babel Info: Redefining german shorthand "|
(babel)             in language  on input line 317.
Package babel Info: Redefining german shorthand "~
(babel)             in language  on input line 317.
 [5]
Package babel Info: Redefining german shorthand "f
(babel)             in language  on input line 335.
Package babel Info: Redefining german shorthand "|
(babel)             in language  on input line 335.
Package babel Info: Redefining german shorthand "~
(babel)             in language  on input line 335.
Package babel Info: Redefining german shorthand "f
(babel)             in language  on input line 337.
Package babel Info: Redefining german shorthand "|
(babel)             in language  on input line 337.
Package babel Info: Redefining german shorthand "~
(babel)             in language  on input line 337.
Package babel Info: Redefining german shorthand "f
(babel)             in language  on input line 345.
Package babel Info: Redefining german shorthand "|
(babel)             in language  on input line 345.
Package babel Info: Redefining german shorthand "~
(babel)             in language  on input line 345.
Package babel Info: Redefining german shorthand "f
(babel)             in language  on input line 384.
Package babel Info: Redefining german shorthand "|
(babel)             in language  on input line 384.
Package babel Info: Redefining german shorthand "~
(babel)             in language  on input line 384.
Package babel Info: Redefining german shorthand "f
(babel)             in language  on input line 384.
Package babel Info: Redefining german shorthand "|
(babel)             in language  on input line 384.
Package babel Info: Redefining german shorthand "~
(babel)             in language  on input line 384.
 [6]
LaTeX Font Info:    Try loading font information for OMS+cmbr on input line 405
.
 (/usr/share/texlive/texmf-dist/tex/latex/cmbright/omscmbr.fd
File: omscmbr.fd 2005/04/13 v8.1 (WaS)
)
LaTeX Font Info:    Font shape `OMS/cmbr/m/n' in size <10> not available
(Font)              Font shape `OMS/cmbrs/m/n' tried instead on input line 405.

Package babel Info: Redefining german shorthand "f
(babel)             in language  on input line 419.
Package babel Info: Redefining german shorthand "|
(babel)             in language  on input line 419.
Package babel Info: Redefining german shorthand "~
(babel)             in language  on input line 419.

Overfull \hbox (1.10342pt too wide) in paragraph at lines 428--429
[][][] 
 []


Overfull \hbox (1.10342pt too wide) in paragraph at lines 442--443
[][][] 
 []

Package babel Info: Redefining german shorthand "f
(babel)             in language  on input line 443.
Package babel Info: Redefining german shorthand "|
(babel)             in language  on input line 443.
Package babel Info: Redefining german shorthand "~
(babel)             in language  on input line 443.
Package babel Info: Redefining german shorthand "f
(babel)             in language  on input line 443.
Package babel Info: Redefining german shorthand "|
(babel)             in language  on input line 443.
Package babel Info: Redefining german shorthand "~
(babel)             in language  on input line 443.
[7]
Overfull \hbox (1.10342pt too wide) in paragraph at lines 455--456
[][][] 
 []


Overfull \hbox (1.10342pt too wide) in paragraph at lines 470--471
[][][] 
 []


Overfull \hbox (1.10342pt too wide) in paragraph at lines 495--496
[][][]
 []


Underfull \hbox (badness 10000) in paragraph at lines 495--496

 []


Underfull \vbox (badness 10000) has occurred while \output is active []

Package babel Info: Redefining german shorthand "f
(babel)             in language  on input line 496.
Package babel Info: Redefining german shorthand "|
(babel)             in language  on input line 496.
Package babel Info: Redefining german shorthand "~
(babel)             in language  on input line 496.
Package babel Info: Redefining german shorthand "f
(babel)             in language  on input line 496.
Package babel Info: Redefining german shorthand "|
(babel)             in language  on input line 496.
Package babel Info: Redefining german shorthand "~
(babel)             in language  on input line 496.
 [8]
Package babel Info: Redefining german shorthand "f
(babel)             in language  on input line 500.
Package babel Info: Redefining german shorthand "|
(babel)             in language  on input line 500.
Package babel Info: Redefining german shorthand "~
(babel)             in language  on input line 500.
Package babel Info: Redefining german shorthand "f
(babel)             in language  on input line 518.
Package babel Info: Redefining german shorthand "|
(babel)             in language  on input line 518.
Package babel Info: Redefining german shorthand "~
(babel)             in language  on input line 518.
Package babel Info: Redefining german shorthand "f
(babel)             in language  on input line 520.
Package babel Info: Redefining german shorthand "|
(babel)             in language  on input line 520.
Package babel Info: Redefining german shorthand "~
(babel)             in language  on input line 520.
Package babel Info: Redefining german shorthand "f
(babel)             in language  on input line 522.
Package babel Info: Redefining german shorthand "|
(babel)             in language  on input line 522.
Package babel Info: Redefining german shorthand "~
(babel)             in language  on input line 522.
Package babel Info: Redefining german shorthand "f
(babel)             in language  on input line 530.
Package babel Info: Redefining german shorthand "|
(babel)             in language  on input line 530.
Package babel Info: Redefining german shorthand "~
(babel)             in language  on input line 530.
Package babel Info: Redefining german shorthand "f
(babel)             in language  on input line 534.
Package babel Info: Redefining german shorthand "|
(babel)             in language  on input line 534.
Package babel Info: Redefining german shorthand "~
(babel)             in language  on input line 534.
Package babel Info: Redefining german shorthand "f
(babel)             in language  on input line 534.
Package babel Info: Redefining german shorthand "|
(babel)             in language  on input line 534.
Package babel Info: Redefining german shorthand "~
(babel)             in language  on input line 534.

[9]
Package babel Info: Redefining german shorthand "f
(babel)             in language  on input line 538.
Package babel Info: Redefining german shorthand "|
(babel)             in language  on input line 538.
Package babel Info: Redefining german shorthand "~
(babel)             in language  on input line 538.
Package babel Info: Redefining german shorthand "f
(babel)             in language  on input line 578.
Package babel Info: Redefining german shorthand "|
(babel)             in language  on input line 578.
Package babel Info: Redefining german shorthand "~
(babel)             in language  on input line 578.
Package babel Info: Redefining german shorthand "f
(babel)             in language  on input line 586.
Package babel Info: Redefining german shorthand "|
(babel)             in language  on input line 586.
Package babel Info: Redefining german shorthand "~
(babel)             in language  on input line 586.
Package babel Info: Redefining german shorthand "f
(babel)             in language  on input line 586.
Package babel Info: Redefining german shorthand "|
(babel)             in language  on input line 586.
Package babel Info: Redefining german shorthand "~
(babel)             in language  on input line 586.
 [10]
Package babel Info: Redefining german shorthand "f
(babel)             in language  on input line 615.
Package babel Info: Redefining german shorthand "|
(babel)             in language  on input line 615.
Package babel Info: Redefining german shorthand "~
(babel)             in language  on input line 615.
Package babel Info: Redefining german shorthand "f
(babel)             in language  on input line 615.
Package babel Info: Redefining german shorthand "|
(babel)             in language  on input line 615.
Package babel Info: Redefining german shorthand "~
(babel)             in language  on input line 615.
 [11]
Package babel Info: Redefining german shorthand "f
(babel)             in language  on input line 615.
Package babel Info: Redefining german shorthand "|
(babel)             in language  on input line 615.
Package babel Info: Redefining german shorthand "~
(babel)             in language  on input line 615.
Package babel Info: Redefining german shorthand "f
(babel)             in language  on input line 615.
Package babel Info: Redefining german shorthand "|
(babel)             in language  on input line 615.
Package babel Info: Redefining german shorthand "~
(babel)             in language  on input line 615.
 [12


]
Kapitel 2.
Package babel Info: Redefining german shorthand "f
(babel)             in language  on input line 615.
Package babel Info: Redefining german shorthand "|
(babel)             in language  on input line 615.
Package babel Info: Redefining german shorthand "~
(babel)             in language  on input line 615.
Package babel Info: Redefining german shorthand "f
(babel)             in language  on input line 617.
Package babel Info: Redefining german shorthand "|
(babel)             in language  on input line 617.
Package babel Info: Redefining german shorthand "~
(babel)             in language  on input line 617.

Overfull \hbox (13.44992pt too wide) in paragraph at lines 636--637
[][][] 
 []

Package babel Info: Redefining german shorthand "f
(babel)             in language  on input line 639.
Package babel Info: Redefining german shorthand "|
(babel)             in language  on input line 639.
Package babel Info: Redefining german shorthand "~
(babel)             in language  on input line 639.
Package babel Info: Redefining german shorthand "f
(babel)             in language  on input line 661.
Package babel Info: Redefining german shorthand "|
(babel)             in language  on input line 661.
Package babel Info: Redefining german shorthand "~
(babel)             in language  on input line 661.
Package babel Info: Redefining german shorthand "f
(babel)             in language  on input line 670.
Package babel Info: Redefining german shorthand "|
(babel)             in language  on input line 670.
Package babel Info: Redefining german shorthand "~
(babel)             in language  on input line 670.
Package babel Info: Redefining german shorthand "f
(babel)             in language  on input line 670.
Package babel Info: Redefining german shorthand "|
(babel)             in language  on input line 670.
Package babel Info: Redefining german shorthand "~
(babel)             in language  on input line 670.
[13]
Package babel Info: Redefining german shorthand "f
(babel)             in language  on input line 699.
Package babel Info: Redefining german shorthand "|
(babel)             in language  on input line 699.
Package babel Info: Redefining german shorthand "~
(babel)             in language  on input line 699.
Package atveryend Info: Empty hook `BeforeClearDocument' on input line 716.
Package babel Info: Redefining german shorthand "f
(babel)             in language  on input line 716.
Package babel Info: Redefining german shorthand "|
(babel)             in language  on input line 716.
Package babel Info: Redefining german shorthand "~
(babel)             in language  on input line 716.
Package babel Info: Redefining german shorthand "f
(babel)             in language  on input line 716.
Package babel Info: Redefining german shorthand "|
(babel)             in language  on input line 716.
Package babel Info: Redefining german shorthand "~
(babel)             in language  on input line 716.
 [14]
Package atveryend Info: Empty hook `AfterLastShipout' on input line 716.
 (./Algebra1Rep.aux)
Package atveryend Info: Executing hook `AtVeryEndDocument' on input line 716.
Package atveryend Info: Executing hook `AtEndAfterFileList' on input line 716.
Package rerunfilecheck Info: File `Algebra1Rep.out' has not changed.
(rerunfilecheck)             Checksum: A2B05AB9F3C33A2588FDE8E141798DE3;1614.


LaTeX Font Warning: Some font shapes were not available, defaults substituted.

Package atveryend Info: Empty hook `AtVeryVeryEnd' on input line 716.
 ) 
Here is how much of TeX's memory you used:
 8804 strings out of 493304
 126652 string characters out of 6139872
 266970 words of memory out of 5000000
 12024 multiletter control sequences out of 15000+600000
 20237 words of font info for 54 fonts, out of 8000000 for 9000
 957 hyphenation exceptions out of 8191
 40i,14n,51p,243b,596s stack positions out of 5000i,500n,10000p,200000b,80000s
{/usr/share/texmf/fonts/enc/dvips/cm-super/cm-super-t1.enc}</usr/share/texliv
e/texmf-dist/fonts/type1/public/amsfonts/cm/cmex10.pfb></usr/share/texlive/texm
f-dist/fonts/type1/public/hfbright/hfbr10.pfb></usr/share/texlive/texmf-dist/fo
nts/type1/public/hfbright/hfbr8.pfb></usr/share/texlive/texmf-dist/fonts/type1/
public/hfbright/hfbras10.pfb></usr/share/texlive/texmf-dist/fonts/type1/public/
hfbright/hfbrbs10.pfb></usr/share/texlive/texmf-dist/fonts/type1/public/hfbrigh
t/hfbrmi10.pfb></usr/share/texlive/texmf-dist/fonts/type1/public/hfbright/hfbrm
i8.pfb></usr/share/texlive/texmf-dist/fonts/type1/public/hfbright/hfbrsy10.pfb>
</usr/share/texlive/texmf-dist/fonts/type1/public/hfbright/hfbrsy8.pfb></usr/sh
are/texmf/fonts/type1/public/cm-super/sfbbx10.pfb></usr/share/texmf/fonts/type1
/public/cm-super/sfbmo10.pfb></usr/share/texmf/fonts/type1/public/cm-super/sfbm
r10.pfb></usr/share/texmf/fonts/type1/public/cm-super/sfrm1000.pfb>
Output written on Algebra1Rep.pdf (14 pages, 171965 bytes).
PDF statistics:
 330 PDF objects out of 1000 (max. 8388607)
 298 compressed objects within 3 object streams
 124 named destinations out of 1000 (max. 500000)
 193 words of extra memory for PDF output out of 10000 (max. 10000000)

