
Running /usr/bin/pdflatex AlgGeo15.tex in an env with 4 entries:
This is pdfTeX, Version 3.1415926-2.5-1.40.14 (TeX Live 2013/Debian)
 restricted \write18 enabled.
entering extended mode
(data/AlgGeo15.tex
LaTeX2e <2011/06/27>
Babel <3.9h> and hyphenation patterns for 78 languages loaded.
(/usr/share/texlive/texmf-dist/tex/latex/base/book.cls
Document Class: book 2007/10/19 v1.4h Standard LaTeX document class
(/usr/share/texlive/texmf-dist/tex/latex/base/bk11.clo))
(/usr/share/texlive/texmf-dist/tex/latex/etex-pkg/etex.sty)
(/usr/share/texlive/texmf-dist/tex/latex/amsfonts/amssymb.sty
(/usr/share/texlive/texmf-dist/tex/latex/amsfonts/amsfonts.sty))
(/usr/share/texlive/texmf-dist/tex/latex/base/inputenc.sty
(/usr/share/texlive/texmf-dist/tex/latex/base/utf8.def
(/usr/share/texlive/texmf-dist/tex/latex/base/t1enc.dfu)
(/usr/share/texlive/texmf-dist/tex/latex/base/ot1enc.dfu)
(/usr/share/texlive/texmf-dist/tex/latex/base/omsenc.dfu)))
(/usr/share/texlive/texmf-dist/tex/latex/base/fontenc.sty
(/usr/share/texlive/texmf-dist/tex/latex/base/t1enc.def))
(/usr/share/texlive/texmf-dist/tex/generic/german/german.sty v2.5e 1998-07-08)
(/usr/share/texlive/texmf-dist/tex/generic/babel/babel.sty
(/usr/share/texlive/texmf-dist/tex/generic/babel-german/germanb.ldf
(/usr/share/texlive/texmf-dist/tex/generic/babel/babel.def)))
(/usr/share/texlive/texmf-dist/tex/latex/geometry/geometry.sty
(/usr/share/texlive/texmf-dist/tex/latex/graphics/keyval.sty)
(/usr/share/texlive/texmf-dist/tex/generic/oberdiek/ifpdf.sty)
(/usr/share/texlive/texmf-dist/tex/generic/oberdiek/ifvtex.sty)
(/usr/share/texlive/texmf-dist/tex/generic/ifxetex/ifxetex.sty))
(/usr/share/texlive/texmf-dist/tex/latex/paralist/paralist.sty)
(/usr/share/texlive/texmf-dist/tex/latex/titlesec/titlesec.sty)
(/usr/share/texlive/texmf-dist/tex/latex/amsmath/amsmath.sty
For additional information on amsmath, use the `?' option.
(/usr/share/texlive/texmf-dist/tex/latex/amsmath/amstext.sty
(/usr/share/texlive/texmf-dist/tex/latex/amsmath/amsgen.sty))
(/usr/share/texlive/texmf-dist/tex/latex/amsmath/amsbsy.sty)
(/usr/share/texlive/texmf-dist/tex/latex/amsmath/amsopn.sty))
(/usr/share/texlive/texmf-dist/tex/latex/setspace/setspace.sty)
(/usr/share/texlive/texmf-dist/tex/latex/polynom/polynom.sty)
(/usr/share/texlive/texmf-dist/tex/latex/stmaryrd/stmaryrd.sty)
(/usr/share/texlive/texmf-dist/tex/generic/xypic/xy.sty
(/usr/share/texlive/texmf-dist/tex/generic/xypic/xy.tex Bootstrap'ing:
catcodes, docmode, (/usr/share/texlive/texmf-dist/tex/generic/xypic/xyrecat.tex
) (/usr/share/texlive/texmf-dist/tex/generic/xypic/xyidioms.tex)

 Xy-pic version 3.8.9 <2013/10/06>
 Copyright (c) 1991-2013 by Kristoffer H. Rose <krisrose@tug.org> and others
 Xy-pic is free software: see the User's Guide for details.

Loading kernel: messages; fonts; allocations: state, direction,
utility macros; pictures: \xy, positions, objects, decorations;
kernel objects: directionals, circles, text; options; algorithms: directions,
edges, connections;  Xy-pic loaded)
(/usr/share/texlive/texmf-dist/tex/generic/xypic/xyarrow.tex
 Xy-pic option: Arrow and Path feature v.3.9 path, \ar, loaded)
(/usr/share/texlive/texmf-dist/tex/generic/xypic/xymatrix.tex
 Xy-pic option: Matrix feature v.3.14 loaded)
(/usr/share/texlive/texmf-dist/tex/generic/xypic/xycurve.tex
 Xy-pic option: Curve and Spline extension v.3.12 curve, circles, loaded)
(/usr/share/texlive/texmf-dist/tex/generic/xypic/xypdf.tex
 Xy-pic option: PDF driver v.1.7 Xy-pic pdf driver: `curve' extension support
(/usr/share/texlive/texmf-dist/tex/generic/xypic/xypdf-cu.tex loaded) loaded))
(/usr/share/texlive/texmf-dist/tex/latex/float/float.sty)
(/usr/share/texlive/texmf-dist/tex/latex/titlesec/titletoc.sty)
(/usr/share/texlive/texmf-dist/tex/latex/pgfplots/pgfplots.sty
(/usr/share/texlive/texmf-dist/tex/generic/pgfplots/pgfplots.revision.tex)
(/usr/share/texmf/tex/latex/pgf/frontendlayer/tikz.sty
(/usr/share/texmf/tex/latex/pgf/basiclayer/pgf.sty
(/usr/share/texmf/tex/latex/pgf/utilities/pgfrcs.sty
(/usr/share/texmf/tex/generic/pgf/utilities/pgfutil-common.tex)
(/usr/share/texmf/tex/generic/pgf/utilities/pgfutil-latex.def
(/usr/share/texlive/texmf-dist/tex/latex/ms/everyshi.sty))
(/usr/share/texmf/tex/generic/pgf/utilities/pgfrcs.code.tex))
(/usr/share/texmf/tex/latex/pgf/basiclayer/pgfcore.sty
(/usr/share/texlive/texmf-dist/tex/latex/graphics/graphicx.sty
(/usr/share/texlive/texmf-dist/tex/latex/graphics/graphics.sty
(/usr/share/texlive/texmf-dist/tex/latex/graphics/trig.sty)
(/usr/share/texlive/texmf-dist/tex/latex/latexconfig/graphics.cfg)
(/usr/share/texlive/texmf-dist/tex/latex/pdftex-def/pdftex.def
(/usr/share/texlive/texmf-dist/tex/generic/oberdiek/infwarerr.sty)
(/usr/share/texlive/texmf-dist/tex/generic/oberdiek/ltxcmds.sty))))
(/usr/share/texmf/tex/latex/pgf/systemlayer/pgfsys.sty
(/usr/share/texmf/tex/generic/pgf/systemlayer/pgfsys.code.tex
(/usr/share/texmf/tex/generic/pgf/utilities/pgfkeys.code.tex
(/usr/share/texmf/tex/generic/pgf/utilities/pgfkeysfiltered.code.tex))
(/usr/share/texmf/tex/generic/pgf/systemlayer/pgf.cfg)
(/usr/share/texmf/tex/generic/pgf/systemlayer/pgfsys-pdftex.def
(/usr/share/texmf/tex/generic/pgf/systemlayer/pgfsys-common-pdf.def)))
(/usr/share/texmf/tex/generic/pgf/systemlayer/pgfsyssoftpath.code.tex)
(/usr/share/texmf/tex/generic/pgf/systemlayer/pgfsysprotocol.code.tex))
(/usr/share/texmf/tex/latex/xcolor/xcolor.sty
(/usr/share/texlive/texmf-dist/tex/latex/latexconfig/color.cfg))
(/usr/share/texmf/tex/generic/pgf/basiclayer/pgfcore.code.tex
(/usr/share/texmf/tex/generic/pgf/math/pgfmath.code.tex
(/usr/share/texmf/tex/generic/pgf/math/pgfmathcalc.code.tex
(/usr/share/texmf/tex/generic/pgf/math/pgfmathutil.code.tex)
(/usr/share/texmf/tex/generic/pgf/math/pgfmathparser.code.tex)
(/usr/share/texmf/tex/generic/pgf/math/pgfmathfunctions.code.tex
(/usr/share/texmf/tex/generic/pgf/math/pgfmathfunctions.basic.code.tex)
(/usr/share/texmf/tex/generic/pgf/math/pgfmathfunctions.trigonometric.code.tex)
(/usr/share/texmf/tex/generic/pgf/math/pgfmathfunctions.random.code.tex)
(/usr/share/texmf/tex/generic/pgf/math/pgfmathfunctions.comparison.code.tex)
(/usr/share/texmf/tex/generic/pgf/math/pgfmathfunctions.base.code.tex)
(/usr/share/texmf/tex/generic/pgf/math/pgfmathfunctions.round.code.tex)
(/usr/share/texmf/tex/generic/pgf/math/pgfmathfunctions.misc.code.tex)))
(/usr/share/texmf/tex/generic/pgf/math/pgfmathfloat.code.tex))
(/usr/share/texmf/tex/generic/pgf/basiclayer/pgfcorepoints.code.tex)
(/usr/share/texmf/tex/generic/pgf/basiclayer/pgfcorepathconstruct.code.tex)
(/usr/share/texmf/tex/generic/pgf/basiclayer/pgfcorepathusage.code.tex)
(/usr/share/texmf/tex/generic/pgf/basiclayer/pgfcorescopes.code.tex)
(/usr/share/texmf/tex/generic/pgf/basiclayer/pgfcoregraphicstate.code.tex)
(/usr/share/texmf/tex/generic/pgf/basiclayer/pgfcoretransformations.code.tex)
(/usr/share/texmf/tex/generic/pgf/basiclayer/pgfcorequick.code.tex)
(/usr/share/texmf/tex/generic/pgf/basiclayer/pgfcoreobjects.code.tex)
(/usr/share/texmf/tex/generic/pgf/basiclayer/pgfcorepathprocessing.code.tex)
(/usr/share/texmf/tex/generic/pgf/basiclayer/pgfcorearrows.code.tex)
(/usr/share/texmf/tex/generic/pgf/basiclayer/pgfcoreshade.code.tex)
(/usr/share/texmf/tex/generic/pgf/basiclayer/pgfcoreimage.code.tex
(/usr/share/texmf/tex/generic/pgf/basiclayer/pgfcoreexternal.code.tex))
(/usr/share/texmf/tex/generic/pgf/basiclayer/pgfcorelayers.code.tex)
(/usr/share/texmf/tex/generic/pgf/basiclayer/pgfcoretransparency.code.tex)
(/usr/share/texmf/tex/generic/pgf/basiclayer/pgfcorepatterns.code.tex)))
(/usr/share/texmf/tex/generic/pgf/modules/pgfmoduleshapes.code.tex)
(/usr/share/texmf/tex/generic/pgf/modules/pgfmoduleplot.code.tex)
(/usr/share/texmf/tex/latex/pgf/compatibility/pgfcomp-version-0-65.sty)
(/usr/share/texmf/tex/latex/pgf/compatibility/pgfcomp-version-1-18.sty))
(/usr/share/texmf/tex/latex/pgf/utilities/pgffor.sty
(/usr/share/texmf/tex/latex/pgf/utilities/pgfkeys.sty
(/usr/share/texmf/tex/generic/pgf/utilities/pgfkeys.code.tex))
(/usr/share/texmf/tex/generic/pgf/utilities/pgffor.code.tex))
(/usr/share/texmf/tex/generic/pgf/frontendlayer/tikz/tikz.code.tex
(/usr/share/texmf/tex/generic/pgf/libraries/pgflibraryplothandlers.code.tex)
(/usr/share/texmf/tex/generic/pgf/modules/pgfmodulematrix.code.tex)
(/usr/share/texmf/tex/generic/pgf/frontendlayer/tikz/libraries/tikzlibrarytopat
hs.code.tex)))
(/usr/share/texlive/texmf-dist/tex/generic/pgfplots/pgfplots.code.tex
(/usr/share/texlive/texmf-dist/tex/generic/pgfplots/pgfplotscore.code.tex
(/usr/share/texlive/texmf-dist/tex/generic/pgfplots/sys/pgfplotssysgeneric.code
.tex))
(/usr/share/texlive/texmf-dist/tex/generic/pgfplots/libs/pgfplotslibrary.code.t
ex)
(/usr/share/texlive/texmf-dist/tex/generic/pgfplots/oldpgfcompatib/pgfplotsoldp
gfsupp_loader.code.tex
Package pgfplots: loading complementary code for your PGF version...

(/usr/share/texlive/texmf-dist/tex/generic/pgfplots/oldpgfcompatib/pgfplotsoldp
gfsupp_misc.code.tex)
(/usr/share/texlive/texmf-dist/tex/generic/pgfplots/oldpgfcompatib/pgfplotsoldp
gfsupp_pgfkeys.code.tex
(/usr/share/texlive/texmf-dist/tex/generic/pgfplots/oldpgfcompatib/pgfplotsoldp
gfsupp_pgfkeysfiltered.code.tex))
(/usr/share/texlive/texmf-dist/tex/generic/pgfplots/oldpgfcompatib/pgfplotsoldp
gfsupp_pgfmathfloat.code.tex)
(/usr/share/texlive/texmf-dist/tex/generic/pgfplots/oldpgfcompatib/pgfplotsoldp
gfsupp_pgflibraryplothandlers.code.tex)
(/usr/share/texlive/texmf-dist/tex/generic/pgfplots/oldpgfcompatib/pgfplotsoldp
gfsupp_pgflibraryfpu.code.tex)
(/usr/share/texlive/texmf-dist/tex/generic/pgfplots/oldpgfcompatib/pgfplotsoldp
gfsupp_pgfcorescopes.code.tex)
(/usr/share/texlive/texmf-dist/tex/generic/pgfplots/oldpgfcompatib/pgfplotsoldp
gfsupp_pgfcorelayers.code.tex))
(/usr/share/texlive/texmf-dist/tex/generic/pgfplots/util/pgfplotsutil.code.tex
(/usr/share/texlive/texmf-dist/tex/generic/pgfplots/liststructure/pgfplotslists
tructure.code.tex)
(/usr/share/texlive/texmf-dist/tex/generic/pgfplots/liststructure/pgfplotslists
tructureext.code.tex)
(/usr/share/texlive/texmf-dist/tex/generic/pgfplots/liststructure/pgfplotsarray
.code.tex)
(/usr/share/texlive/texmf-dist/tex/generic/pgfplots/liststructure/pgfplotsmatri
x.code.tex)
(/usr/share/texlive/texmf-dist/tex/generic/pgfplots/numtable/pgfplotstableshare
d.code.tex)
(/usr/share/texlive/texmf-dist/tex/generic/pgfplots/liststructure/pgfplotsdeque
.code.tex)
(/usr/share/texlive/texmf-dist/tex/generic/pgfplots/util/pgfplotsbinary.code.te
x
(/usr/share/texlive/texmf-dist/tex/generic/pgfplots/util/pgfplotsbinary.data.co
de.tex))
(/usr/share/texlive/texmf-dist/tex/generic/pgfplots/util/pgfplotsutil.verb.code
.tex)
(/usr/share/texlive/texmf-dist/tex/generic/pgfplots/libs/pgflibrarypgfplots.sur
fshading.code.tex
(/usr/share/texlive/texmf-dist/tex/generic/pgfplots/sys/pgflibrarypgfplots.surf
shading.pgfsys-pdftex.def)))
(/usr/share/texlive/texmf-dist/tex/generic/pgfplots/util/pgfplotscolormap.code.
tex
(/usr/share/texlive/texmf-dist/tex/generic/pgfplots/util/pgfplotscolor.code.tex
))
(/usr/share/texlive/texmf-dist/tex/generic/pgfplots/pgfplotsstackedplots.code.t
ex)
(/usr/share/texlive/texmf-dist/tex/generic/pgfplots/pgfplotsplothandlers.code.t
ex
(/usr/share/texlive/texmf-dist/tex/generic/pgfplots/pgfplotsmeshplothandler.cod
e.tex))
(/usr/share/texlive/texmf-dist/tex/generic/pgfplots/pgfplots.scaling.code.tex)
(/usr/share/texlive/texmf-dist/tex/generic/pgfplots/pgfplotscoordprocessing.cod
e.tex)
(/usr/share/texlive/texmf-dist/tex/generic/pgfplots/pgfplots.errorbars.code.tex
) (/usr/share/texlive/texmf-dist/tex/generic/pgfplots/pgfplots.markers.code.tex
) (/usr/share/texlive/texmf-dist/tex/generic/pgfplots/pgfplotsticks.code.tex)
(/usr/share/texlive/texmf-dist/tex/generic/pgfplots/pgfplots.paths.code.tex)
(/usr/share/texmf/tex/generic/pgf/frontendlayer/tikz/libraries/tikzlibrarydecor
ations.code.tex
(/usr/share/texmf/tex/generic/pgf/modules/pgfmoduledecorations.code.tex))
(/usr/share/texmf/tex/generic/pgf/frontendlayer/tikz/libraries/tikzlibrarydecor
ations.pathmorphing.code.tex
(/usr/share/texmf/tex/generic/pgf/libraries/decorations/pgflibrarydecorations.p
athmorphing.code.tex))
(/usr/share/texmf/tex/generic/pgf/frontendlayer/tikz/libraries/tikzlibrarydecor
ations.pathreplacing.code.tex
(/usr/share/texmf/tex/generic/pgf/libraries/decorations/pgflibrarydecorations.p
athreplacing.code.tex)))
(/usr/share/texmf/tex/generic/pgf/frontendlayer/tikz/libraries/tikzlibraryplotm
arks.code.tex
(/usr/share/texmf/tex/generic/pgf/libraries/pgflibraryplotmarks.code.tex)))
(/usr/share/texlive/texmf-dist/tex/latex/wrapfig/wrapfig.sty)
(/usr/share/texlive/texmf-dist/tex/generic/mathabx/mathabx.sty
(/usr/share/texlive/texmf-dist/tex/generic/mathabx/mathabx.dcl))
(/usr/share/texlive/texmf-dist/tex/latex/caption/caption.sty
(/usr/share/texlive/texmf-dist/tex/latex/caption/caption3.sty))
(/usr/share/texlive/texmf-dist/tex/latex/caption/subcaption.sty)
(/usr/share/texlive/texmf-dist/tex/latex/base/ifthen.sty) (data/latexki.sty)
(/usr/share/texlive/texmf-dist/tex/latex/ntheorem/ntheorem.sty
Style `ntheorem', Version 1.33 <2011/08/15>
) (/usr/share/texlive/texmf-dist/tex/latex/hyperref/hyperref.sty
(/usr/share/texlive/texmf-dist/tex/generic/oberdiek/hobsub-hyperref.sty
(/usr/share/texlive/texmf-dist/tex/generic/oberdiek/hobsub-generic.sty))
(/usr/share/texlive/texmf-dist/tex/latex/oberdiek/auxhook.sty)
(/usr/share/texlive/texmf-dist/tex/latex/oberdiek/kvoptions.sty)
(/usr/share/texlive/texmf-dist/tex/latex/hyperref/pd1enc.def)
(/usr/share/texlive/texmf-dist/tex/latex/latexconfig/hyperref.cfg)
(/usr/share/texlive/texmf-dist/tex/latex/url/url.sty))

Package hyperref Message: Driver (autodetected): hpdftex.

(/usr/share/texlive/texmf-dist/tex/latex/hyperref/hpdftex.def
(/usr/share/texlive/texmf-dist/tex/latex/oberdiek/rerunfilecheck.sty))
No file AlgGeo15.aux.
*geometry* driver: auto-detecting
*geometry* detected driver: pdftex
(/usr/share/texlive/texmf-dist/tex/latex/amsfonts/umsa.fd)
(/usr/share/texlive/texmf-dist/tex/latex/amsfonts/umsb.fd)
(/usr/share/texlive/texmf-dist/tex/latex/stmaryrd/Ustmry.fd)
ABD: EveryShipout initializing macros
(/usr/share/texlive/texmf-dist/tex/context/base/supp-pdf.mkii
[Loading MPS to PDF converter (version 2006.09.02).]
) (/usr/share/texlive/texmf-dist/tex/latex/oberdiek/epstopdf-base.sty
(/usr/share/texlive/texmf-dist/tex/latex/oberdiek/grfext.sty)
(/usr/share/texlive/texmf-dist/tex/latex/latexconfig/epstopdf-sys.cfg))

Package pgfplots Warning: running in backwards compatibility mode (unsuitable t
ick labels; missing features). Consider writing \pgfplotsset{compat=1.9} into y
our preamble.
 on input line 139.

(/usr/share/texlive/texmf-dist/tex/latex/hyperref/nameref.sty
(/usr/share/texlive/texmf-dist/tex/generic/oberdiek/gettitlestring.sty))
Underfull \hbox (badness 10000) in paragraph at lines 145--146


LaTeX Font Warning: Font shape `T1/cmr/m/n' in size <40> not available
(Font)              size <35.83> substituted on input line 148.


LaTeX Font Warning: Font shape `T1/cmr/bx/n' in size <40> not available
(Font)              size <35.83> substituted on input line 148.


Underfull \hbox (badness 10000) in paragraph at lines 150--151


Underfull \hbox (badness 10000) in paragraph at lines 152--153


Underfull \hbox (badness 10000) in paragraph at lines 154--155

[1{/var/lib/texmf/fonts/map/pdftex/updmap/pdftex.map}] [2] [3] [4]
Kapitel I\hskip 1em\relax .
[5] [6]
Underfull \hbox (badness 10000) in paragraph at lines 321--322

<xymatrix 3x2 135> [7]
Underfull \hbox (badness 10000) in paragraph at lines 383--385


Underfull \hbox (badness 10000) in paragraph at lines 391--394

[8] [9] (/usr/share/texlive/texmf-dist/tex/latex/amsfonts/ueuf.fd) [10]
Overfull \hbox (25.79701pt too wide) in paragraph at lines 517--518
[]\T1/cmr/m/it/10.95 Sei $\U/msb/m/n/10.95 K$ \T1/cmr/m/it/10.95 Kör-per, $\OML
/cmm/m/it/10.95 n \U/matha/m/n/10.95 P \U/msb/m/n/10.95 N$\T1/cmr/m/it/10.95 , 
$\U/euf/m/n/10.95 m \U/matha/m/n/10.95 ˜ \U/msb/m/n/10.95 K\U/matha/m/n/10.95 r
\OML/cmm/m/it/10.95 X[]; [] ; X[]\U/matha/m/n/10.95 s$
[11]
Underfull \vbox (badness 4995) has occurred while \output is active [12]
Underfull \vbox (badness 3364) has occurred while \output is active [13]
[14]
Underfull \hbox (badness 10000) in paragraph at lines 661--662

[15]
Overfull \hbox (8.5732pt too wide) in paragraph at lines 710--711
[]\T1/cmr/m/n/10.95 Sei $\OML/cmm/m/it/10.95 ^^^ \OT1/cmr/m/n/10.95 : \U/msb/m/
n/10.95 K\U/matha/m/n/10.95 r\OML/cmm/m/it/10.95 W\U/matha/m/n/10.95 s Ý[]Ñ \U/
msb/m/n/10.95 K\U/matha/m/n/10.95 r\OML/cmm/m/it/10.95 V\U/matha/m/n/10.95 s$ \
T1/cmr/m/n/10.95 Ho-mo-mor-phis-mus von $\U/msb/m/n/10.95 K$\T1/cmr/m/n/10.95 -
Algebren, al-so $\OML/cmm/m/it/10.95 ^^^ \U/matha/m/n/10.95 P [][]p\U/msb/m/n/1
0.95 K\U/matha/m/n/10.95 r\OML/cmm/m/it/10.95 W\U/matha/m/n/10.95 s\OML/cmm/m/i
t/10.95 ; \U/msb/m/n/10.95 K\U/matha/m/n/10.95 r\OML/cmm/m/it/10.95 V\U/matha/m
/n/10.95 sq$\T1/cmr/m/n/10.95 .
<xymatrix 3x2 190>
Underfull \vbox (badness 2735) has occurred while \output is active [16]
Underfull \hbox (badness 10000) in paragraph at lines 748--750

<xymatrix 9x3 356> [17]
Underfull \hbox (badness 10000) in paragraph at lines 788--791

[18] [19]
Underfull \vbox (badness 1048) has occurred while \output is active [20]
Underfull \vbox (badness 10000) has occurred while \output is active [21]
Underfull \hbox (badness 10000) in paragraph at lines 959--962

[22] <xymatrix 4x3 214> [23]
Underfull \hbox (badness 10000) in paragraph at lines 1033--1035

[24] [25] [26]
Underfull \hbox (badness 10000) in paragraph at lines 1160--1162

[27] [28]
Kapitel II\hskip 1em\relax .

Underfull \vbox (badness 10000) has occurred while \output is active [29]
Overfull \hbox (24.62369pt too wide) in paragraph at lines 1268--1269
[]\T1/cmr/m/n/10.95 Ein Teil-men-ge $\OML/cmm/m/it/10.95 V \U/matha/m/n/10.95 €
 \U/msb/m/n/10.95 P[]\U/matha/m/n/10.95 p\U/msb/m/n/10.95 K\U/matha/m/n/10.95 q
$ \T1/cmr/m/n/10.95 heiÿt \T1/cmr/m/it/10.95 pro-jek-ti-ve Va-rie-tät\T1/cmr/m/
n/10.95 , wenn es ei-ne Men-ge $\OMS/cmsy/m/n/10.95 F \U/matha/m/n/10.95 „ \U/m
sb/m/n/10.95 K\U/matha/m/n/10.95 r\OML/cmm/m/it/10.95 X[]; [] ; X[]\U/matha/m/n
/10.95 s$
[30] [31]

Package hyperref Warning: Token not allowed in a PDF string (PDFDocEncoding):
(hyperref)                removing `math shift' on input line 1373.


Package hyperref Warning: Token not allowed in a PDF string (PDFDocEncoding):
(hyperref)                removing `superscript' on input line 1373.


Package hyperref Warning: Token not allowed in a PDF string (PDFDocEncoding):
(hyperref)                removing `math shift' on input line 1373.

[32] [33] [34] [35]
Underfull \hbox (badness 10000) in paragraph at lines 1529--1530

[36]
Underfull \vbox (badness 10000) has occurred while \output is active [37]
[38]
Underfull \vbox (badness 10000) has occurred while \output is active [39]
Underfull \vbox (badness 10000) has occurred while \output is active [40]
Underfull \vbox (badness 10000) has occurred while \output is active [41]
[42] [43] [44]
Kapitel III\hskip 1em\relax .

Underfull \vbox (badness 10000) has occurred while \output is active [45]
Underfull \vbox (badness 2142) has occurred while \output is active [46]
Underfull \vbox (badness 4060) has occurred while \output is active [47]
Overfull \hbox (0.28587pt too wide) detected at line 2047
[]\U/matha/m/n/10.95 p\OML/cmm/m/it/10.95 X\U/matha/m/n/10.95 q \OT1/cmr/m/n/10
.95 :\U/matha/m/n/10.95 ^^P []t\OML/cmm/m/it/10.95 n \U/matha/m/n/10.95 P \U/ms
b/m/n/10.95 N[] \U/matha/m/n/10.95 | []\OML/cmm/m/it/10.95 V[] \U/matha/m/n/10.
95 ˆ \OML/cmm/m/it/10.95 V[] \U/matha/m/n/10.95 ˆ [] ˆ \OML/cmm/m/it/10.95 V[];
 V[][]\U/matha/m/n/10.95 u
[48] [49] [50]
Overfull \hbox (17.64655pt too wide) detected at line 2186
[][] \OML/cmm/m/it/10.95 V \U/matha/m/n/10.95 ^^P [] \OMS/cmsy/m/n/10.95 O[] \U
/matha/m/n/10.95 ^^P [] [] ^^P []t\OML/cmm/m/it/10.95 k \U/matha/m/n/10.95 P \U
/msb/m/n/10.95 N \U/matha/m/n/10.95 | []x\OT1/cmr/m/n/10.95 0\U/matha/m/n/10.95
 y ^^X [] ˆ [] \OML/cmm/m/it/10.95 ; \U/matha/m/n/10.95 ˆ \U/euf/m/n/10.95 p[] 
\U/matha/m/n/10.95 ^^P \U/euf/m/n/10.95 m[]\U/matha/m/n/10.95 u
[51]
Overfull \hbox (0.48561pt too wide) in paragraph at lines 2231--2233
[]\T1/cmr/m/it/10.95 Sei $\OML/cmm/m/it/10.95 A$ \T1/cmr/m/it/10.95 end-lich er
-zeug-te, null-tei-ler-freie $\U/msb/m/n/10.95 K$\T1/cmr/m/it/10.95 -Algebra, $
\OML/cmm/m/it/10.95 A\U/matha/m/n/10.95 {\OML/cmm/m/it/10.95 B$
[52] [53]
Underfull \hbox (badness 10000) in paragraph at lines 2332--2333

[54] [55]
Overfull \hbox (13.76538pt too wide) in paragraph at lines 2406--2407
[]\T1/cmr/m/it/10.95 Sei $\OML/cmm/m/it/10.95 V \U/matha/m/n/10.95 „ \U/msb/m/n
/10.95 A[]\U/matha/m/n/10.95 p\U/msb/m/n/10.95 K\U/matha/m/n/10.95 q$ \T1/cmr/m
/it/10.95 af-fi-ne Va-ri-te-ät, $\OML/cmm/m/it/10.95 a \U/matha/m/n/10.95 P \OM
L/cmm/m/it/10.95 V$\T1/cmr/m/it/10.95 , $\OML/cmm/m/it/10.95 I \U/matha/m/n/10.
95 ^^P \OML/cmm/m/it/10.95 I\U/matha/m/n/10.95 p\OML/cmm/m/it/10.95 V\U/matha/m
/n/10.95 q ^^P x\OML/cmm/m/it/10.95 f[]; [] ; f[]\U/matha/m/n/10.95 y$\T1/cmr/m
/it/10.95 .
[56]
Underfull \vbox (badness 1558) has occurred while \output is active [57]
Underfull \hbox (badness 10000) in paragraph at lines 2475--2476


Underfull \hbox (badness 10000) in paragraph at lines 2481--2482

[58] [59]
Underfull \hbox (badness 10000) in paragraph at lines 2574--2576

[60] [61] [62]
Kapitel IV\hskip 1em\relax .
[63] [64]

LaTeX Warning: Command \l invalid in math mode on input line 2728.


LaTeX Warning: Command \l invalid in math mode on input line 2728.

[65] [66]
Underfull \vbox (badness 3148) has occurred while \output is active [67]
[68]
Underfull \hbox (badness 10000) in paragraph at lines 2892--2895


Overfull \hbox (16.63132pt too wide) in paragraph at lines 2895--2896
[]\T1/cmr/m/n/10.95 Sicherlich sind $\U/msb/m/n/10.95 K\U/matha/m/n/10.95 p\OML
/cmm/m/it/10.95 C[]\U/matha/m/n/10.95 q\OML/cmm/m/it/10.95 ; \U/msb/m/n/10.95 K
\U/matha/m/n/10.95 p\OML/cmm/m/it/10.95 C[]\U/matha/m/n/10.95 q$ \T1/cmr/m/n/10
.95 end-lich er-zeugt über $\U/msb/m/n/10.95 K$\T1/cmr/m/n/10.95 . Wei-ter gilt
 $[][]\U/msb/m/n/10.95 K\U/matha/m/n/10.95 p\OML/cmm/m/it/10.95 C[]\U/matha/m/n
/10.95 q ^^P \OT1/cmr/m/n/10.95 1 \U/matha/m/n/10.95 ^^P [][]\U/msb/m/n/10.95 K
\U/matha/m/n/10.95 p\OML/cmm/m/it/10.95 C[]\U/matha/m/n/10.95 q$\T1/cmr/m/n/10.
95 ,
[69] [70] [71] (./AlgGeo15.aux)

Package rerunfilecheck Warning: File `AlgGeo15.out' has changed.
(rerunfilecheck)                Rerun to get outlines right
(rerunfilecheck)                or use package `bookmark'.


LaTeX Font Warning: Size substitutions with differences
(Font)              up to 4.17pt have occurred.

 )
(see the transcript file for additional information){/usr/share/texmf/fonts/enc
/dvips/cm-super/cm-super-t1.enc}</usr/share/texlive/texmf-dist/fonts/type1/publ
ic/amsfonts/cm/cmmi10.pfb></usr/share/texlive/texmf-dist/fonts/type1/public/ams
fonts/cm/cmmi6.pfb></usr/share/texlive/texmf-dist/fonts/type1/public/amsfonts/c
m/cmmi8.pfb></usr/share/texlive/texmf-dist/fonts/type1/public/amsfonts/cm/cmmi9
.pfb></usr/share/texlive/texmf-dist/fonts/type1/public/amsfonts/cm/cmr10.pfb></
usr/share/texlive/texmf-dist/fonts/type1/public/amsfonts/cm/cmr6.pfb></usr/shar
e/texlive/texmf-dist/fonts/type1/public/amsfonts/cm/cmr8.pfb></usr/share/texliv
e/texmf-dist/fonts/type1/public/amsfonts/cm/cmr9.pfb></usr/share/texlive/texmf-
dist/fonts/type1/public/amsfonts/cm/cmsy10.pfb></usr/share/texlive/texmf-dist/f
onts/type1/public/amsfonts/cm/cmsy8.pfb></usr/share/texlive/texmf-dist/fonts/ty
pe1/public/amsfonts/cm/cmti10.pfb></usr/share/texlive/texmf-dist/fonts/type1/pu
blic/amsfonts/euler/eufm10.pfb></usr/share/texlive/texmf-dist/fonts/type1/publi
c/mathabx-type1/matha10.pfb></usr/share/texlive/texmf-dist/fonts/type1/public/m
athabx-type1/matha12.pfb></usr/share/texlive/texmf-dist/fonts/type1/public/math
abx-type1/matha6.pfb></usr/share/texlive/texmf-dist/fonts/type1/public/mathabx-
type1/matha8.pfb></usr/share/texlive/texmf-dist/fonts/type1/public/mathabx-type
1/matha9.pfb></usr/share/texlive/texmf-dist/fonts/type1/public/mathabx-type1/ma
thb10.pfb></usr/share/texlive/texmf-dist/fonts/type1/public/mathabx-type1/mathx
10.pfb></usr/share/texlive/texmf-dist/fonts/type1/public/amsfonts/symbols/msam1
0.pfb></usr/share/texlive/texmf-dist/fonts/type1/public/amsfonts/symbols/msbm10
.pfb></usr/share/texmf/fonts/type1/public/cm-super/sfbx1095.pfb></usr/share/tex
mf/fonts/type1/public/cm-super/sfbx1440.pfb></usr/share/texmf/fonts/type1/publi
c/cm-super/sfbx2074.pfb></usr/share/texmf/fonts/type1/public/cm-super/sfbx2488.
pfb></usr/share/texmf/fonts/type1/public/cm-super/sfbx3583.pfb></usr/share/texm
f/fonts/type1/public/cm-super/sfrm0800.pfb></usr/share/texmf/fonts/type1/public
/cm-super/sfrm0900.pfb></usr/share/texmf/fonts/type1/public/cm-super/sfrm1095.p
fb></usr/share/texmf/fonts/type1/public/cm-super/sfrm1200.pfb></usr/share/texmf
/fonts/type1/public/cm-super/sfsl1095.pfb></usr/share/texmf/fonts/type1/public/
cm-super/sfti0800.pfb></usr/share/texmf/fonts/type1/public/cm-super/sfti1095.pf
b></usr/share/texmf/fonts/type1/public/cm-super/sfti1200.pfb></usr/share/texliv
e/texmf-dist/fonts/type1/public/stmaryrd/stmary10.pfb></usr/share/texlive/texmf
-dist/fonts/type1/public/xypic/xyatip10.pfb></usr/share/texlive/texmf-dist/font
s/type1/public/xypic/xybtip10.pfb>
Output written on AlgGeo15.pdf (71 pages, 689844 bytes).
Transcript written on AlgGeo15.log.
Result: ExitSuccess

Running /usr/bin/pdflatex AlgGeo15.tex in an env with 4 entries:
This is pdfTeX, Version 3.1415926-2.5-1.40.14 (TeX Live 2013/Debian)
 restricted \write18 enabled.
entering extended mode
(data/AlgGeo15.tex
LaTeX2e <2011/06/27>
Babel <3.9h> and hyphenation patterns for 78 languages loaded.
(/usr/share/texlive/texmf-dist/tex/latex/base/book.cls
Document Class: book 2007/10/19 v1.4h Standard LaTeX document class
(/usr/share/texlive/texmf-dist/tex/latex/base/bk11.clo))
(/usr/share/texlive/texmf-dist/tex/latex/etex-pkg/etex.sty)
(/usr/share/texlive/texmf-dist/tex/latex/amsfonts/amssymb.sty
(/usr/share/texlive/texmf-dist/tex/latex/amsfonts/amsfonts.sty))
(/usr/share/texlive/texmf-dist/tex/latex/base/inputenc.sty
(/usr/share/texlive/texmf-dist/tex/latex/base/utf8.def
(/usr/share/texlive/texmf-dist/tex/latex/base/t1enc.dfu)
(/usr/share/texlive/texmf-dist/tex/latex/base/ot1enc.dfu)
(/usr/share/texlive/texmf-dist/tex/latex/base/omsenc.dfu)))
(/usr/share/texlive/texmf-dist/tex/latex/base/fontenc.sty
(/usr/share/texlive/texmf-dist/tex/latex/base/t1enc.def))
(/usr/share/texlive/texmf-dist/tex/generic/german/german.sty v2.5e 1998-07-08)
(/usr/share/texlive/texmf-dist/tex/generic/babel/babel.sty
(/usr/share/texlive/texmf-dist/tex/generic/babel-german/germanb.ldf
(/usr/share/texlive/texmf-dist/tex/generic/babel/babel.def)))
(/usr/share/texlive/texmf-dist/tex/latex/geometry/geometry.sty
(/usr/share/texlive/texmf-dist/tex/latex/graphics/keyval.sty)
(/usr/share/texlive/texmf-dist/tex/generic/oberdiek/ifpdf.sty)
(/usr/share/texlive/texmf-dist/tex/generic/oberdiek/ifvtex.sty)
(/usr/share/texlive/texmf-dist/tex/generic/ifxetex/ifxetex.sty))
(/usr/share/texlive/texmf-dist/tex/latex/paralist/paralist.sty)
(/usr/share/texlive/texmf-dist/tex/latex/titlesec/titlesec.sty)
(/usr/share/texlive/texmf-dist/tex/latex/amsmath/amsmath.sty
For additional information on amsmath, use the `?' option.
(/usr/share/texlive/texmf-dist/tex/latex/amsmath/amstext.sty
(/usr/share/texlive/texmf-dist/tex/latex/amsmath/amsgen.sty))
(/usr/share/texlive/texmf-dist/tex/latex/amsmath/amsbsy.sty)
(/usr/share/texlive/texmf-dist/tex/latex/amsmath/amsopn.sty))
(/usr/share/texlive/texmf-dist/tex/latex/setspace/setspace.sty)
(/usr/share/texlive/texmf-dist/tex/latex/polynom/polynom.sty)
(/usr/share/texlive/texmf-dist/tex/latex/stmaryrd/stmaryrd.sty)
(/usr/share/texlive/texmf-dist/tex/generic/xypic/xy.sty
(/usr/share/texlive/texmf-dist/tex/generic/xypic/xy.tex Bootstrap'ing:
catcodes, docmode, (/usr/share/texlive/texmf-dist/tex/generic/xypic/xyrecat.tex
) (/usr/share/texlive/texmf-dist/tex/generic/xypic/xyidioms.tex)

 Xy-pic version 3.8.9 <2013/10/06>
 Copyright (c) 1991-2013 by Kristoffer H. Rose <krisrose@tug.org> and others
 Xy-pic is free software: see the User's Guide for details.

Loading kernel: messages; fonts; allocations: state, direction,
utility macros; pictures: \xy, positions, objects, decorations;
kernel objects: directionals, circles, text; options; algorithms: directions,
edges, connections;  Xy-pic loaded)
(/usr/share/texlive/texmf-dist/tex/generic/xypic/xyarrow.tex
 Xy-pic option: Arrow and Path feature v.3.9 path, \ar, loaded)
(/usr/share/texlive/texmf-dist/tex/generic/xypic/xymatrix.tex
 Xy-pic option: Matrix feature v.3.14 loaded)
(/usr/share/texlive/texmf-dist/tex/generic/xypic/xycurve.tex
 Xy-pic option: Curve and Spline extension v.3.12 curve, circles, loaded)
(/usr/share/texlive/texmf-dist/tex/generic/xypic/xypdf.tex
 Xy-pic option: PDF driver v.1.7 Xy-pic pdf driver: `curve' extension support
(/usr/share/texlive/texmf-dist/tex/generic/xypic/xypdf-cu.tex loaded) loaded))
(/usr/share/texlive/texmf-dist/tex/latex/float/float.sty)
(/usr/share/texlive/texmf-dist/tex/latex/titlesec/titletoc.sty)
(/usr/share/texlive/texmf-dist/tex/latex/pgfplots/pgfplots.sty
(/usr/share/texlive/texmf-dist/tex/generic/pgfplots/pgfplots.revision.tex)
(/usr/share/texmf/tex/latex/pgf/frontendlayer/tikz.sty
(/usr/share/texmf/tex/latex/pgf/basiclayer/pgf.sty
(/usr/share/texmf/tex/latex/pgf/utilities/pgfrcs.sty
(/usr/share/texmf/tex/generic/pgf/utilities/pgfutil-common.tex)
(/usr/share/texmf/tex/generic/pgf/utilities/pgfutil-latex.def
(/usr/share/texlive/texmf-dist/tex/latex/ms/everyshi.sty))
(/usr/share/texmf/tex/generic/pgf/utilities/pgfrcs.code.tex))
(/usr/share/texmf/tex/latex/pgf/basiclayer/pgfcore.sty
(/usr/share/texlive/texmf-dist/tex/latex/graphics/graphicx.sty
(/usr/share/texlive/texmf-dist/tex/latex/graphics/graphics.sty
(/usr/share/texlive/texmf-dist/tex/latex/graphics/trig.sty)
(/usr/share/texlive/texmf-dist/tex/latex/latexconfig/graphics.cfg)
(/usr/share/texlive/texmf-dist/tex/latex/pdftex-def/pdftex.def
(/usr/share/texlive/texmf-dist/tex/generic/oberdiek/infwarerr.sty)
(/usr/share/texlive/texmf-dist/tex/generic/oberdiek/ltxcmds.sty))))
(/usr/share/texmf/tex/latex/pgf/systemlayer/pgfsys.sty
(/usr/share/texmf/tex/generic/pgf/systemlayer/pgfsys.code.tex
(/usr/share/texmf/tex/generic/pgf/utilities/pgfkeys.code.tex
(/usr/share/texmf/tex/generic/pgf/utilities/pgfkeysfiltered.code.tex))
(/usr/share/texmf/tex/generic/pgf/systemlayer/pgf.cfg)
(/usr/share/texmf/tex/generic/pgf/systemlayer/pgfsys-pdftex.def
(/usr/share/texmf/tex/generic/pgf/systemlayer/pgfsys-common-pdf.def)))
(/usr/share/texmf/tex/generic/pgf/systemlayer/pgfsyssoftpath.code.tex)
(/usr/share/texmf/tex/generic/pgf/systemlayer/pgfsysprotocol.code.tex))
(/usr/share/texmf/tex/latex/xcolor/xcolor.sty
(/usr/share/texlive/texmf-dist/tex/latex/latexconfig/color.cfg))
(/usr/share/texmf/tex/generic/pgf/basiclayer/pgfcore.code.tex
(/usr/share/texmf/tex/generic/pgf/math/pgfmath.code.tex
(/usr/share/texmf/tex/generic/pgf/math/pgfmathcalc.code.tex
(/usr/share/texmf/tex/generic/pgf/math/pgfmathutil.code.tex)
(/usr/share/texmf/tex/generic/pgf/math/pgfmathparser.code.tex)
(/usr/share/texmf/tex/generic/pgf/math/pgfmathfunctions.code.tex
(/usr/share/texmf/tex/generic/pgf/math/pgfmathfunctions.basic.code.tex)
(/usr/share/texmf/tex/generic/pgf/math/pgfmathfunctions.trigonometric.code.tex)
(/usr/share/texmf/tex/generic/pgf/math/pgfmathfunctions.random.code.tex)
(/usr/share/texmf/tex/generic/pgf/math/pgfmathfunctions.comparison.code.tex)
(/usr/share/texmf/tex/generic/pgf/math/pgfmathfunctions.base.code.tex)
(/usr/share/texmf/tex/generic/pgf/math/pgfmathfunctions.round.code.tex)
(/usr/share/texmf/tex/generic/pgf/math/pgfmathfunctions.misc.code.tex)))
(/usr/share/texmf/tex/generic/pgf/math/pgfmathfloat.code.tex))
(/usr/share/texmf/tex/generic/pgf/basiclayer/pgfcorepoints.code.tex)
(/usr/share/texmf/tex/generic/pgf/basiclayer/pgfcorepathconstruct.code.tex)
(/usr/share/texmf/tex/generic/pgf/basiclayer/pgfcorepathusage.code.tex)
(/usr/share/texmf/tex/generic/pgf/basiclayer/pgfcorescopes.code.tex)
(/usr/share/texmf/tex/generic/pgf/basiclayer/pgfcoregraphicstate.code.tex)
(/usr/share/texmf/tex/generic/pgf/basiclayer/pgfcoretransformations.code.tex)
(/usr/share/texmf/tex/generic/pgf/basiclayer/pgfcorequick.code.tex)
(/usr/share/texmf/tex/generic/pgf/basiclayer/pgfcoreobjects.code.tex)
(/usr/share/texmf/tex/generic/pgf/basiclayer/pgfcorepathprocessing.code.tex)
(/usr/share/texmf/tex/generic/pgf/basiclayer/pgfcorearrows.code.tex)
(/usr/share/texmf/tex/generic/pgf/basiclayer/pgfcoreshade.code.tex)
(/usr/share/texmf/tex/generic/pgf/basiclayer/pgfcoreimage.code.tex
(/usr/share/texmf/tex/generic/pgf/basiclayer/pgfcoreexternal.code.tex))
(/usr/share/texmf/tex/generic/pgf/basiclayer/pgfcorelayers.code.tex)
(/usr/share/texmf/tex/generic/pgf/basiclayer/pgfcoretransparency.code.tex)
(/usr/share/texmf/tex/generic/pgf/basiclayer/pgfcorepatterns.code.tex)))
(/usr/share/texmf/tex/generic/pgf/modules/pgfmoduleshapes.code.tex)
(/usr/share/texmf/tex/generic/pgf/modules/pgfmoduleplot.code.tex)
(/usr/share/texmf/tex/latex/pgf/compatibility/pgfcomp-version-0-65.sty)
(/usr/share/texmf/tex/latex/pgf/compatibility/pgfcomp-version-1-18.sty))
(/usr/share/texmf/tex/latex/pgf/utilities/pgffor.sty
(/usr/share/texmf/tex/latex/pgf/utilities/pgfkeys.sty
(/usr/share/texmf/tex/generic/pgf/utilities/pgfkeys.code.tex))
(/usr/share/texmf/tex/generic/pgf/utilities/pgffor.code.tex))
(/usr/share/texmf/tex/generic/pgf/frontendlayer/tikz/tikz.code.tex
(/usr/share/texmf/tex/generic/pgf/libraries/pgflibraryplothandlers.code.tex)
(/usr/share/texmf/tex/generic/pgf/modules/pgfmodulematrix.code.tex)
(/usr/share/texmf/tex/generic/pgf/frontendlayer/tikz/libraries/tikzlibrarytopat
hs.code.tex)))
(/usr/share/texlive/texmf-dist/tex/generic/pgfplots/pgfplots.code.tex
(/usr/share/texlive/texmf-dist/tex/generic/pgfplots/pgfplotscore.code.tex
(/usr/share/texlive/texmf-dist/tex/generic/pgfplots/sys/pgfplotssysgeneric.code
.tex))
(/usr/share/texlive/texmf-dist/tex/generic/pgfplots/libs/pgfplotslibrary.code.t
ex)
(/usr/share/texlive/texmf-dist/tex/generic/pgfplots/oldpgfcompatib/pgfplotsoldp
gfsupp_loader.code.tex
Package pgfplots: loading complementary code for your PGF version...

(/usr/share/texlive/texmf-dist/tex/generic/pgfplots/oldpgfcompatib/pgfplotsoldp
gfsupp_misc.code.tex)
(/usr/share/texlive/texmf-dist/tex/generic/pgfplots/oldpgfcompatib/pgfplotsoldp
gfsupp_pgfkeys.code.tex
(/usr/share/texlive/texmf-dist/tex/generic/pgfplots/oldpgfcompatib/pgfplotsoldp
gfsupp_pgfkeysfiltered.code.tex))
(/usr/share/texlive/texmf-dist/tex/generic/pgfplots/oldpgfcompatib/pgfplotsoldp
gfsupp_pgfmathfloat.code.tex)
(/usr/share/texlive/texmf-dist/tex/generic/pgfplots/oldpgfcompatib/pgfplotsoldp
gfsupp_pgflibraryplothandlers.code.tex)
(/usr/share/texlive/texmf-dist/tex/generic/pgfplots/oldpgfcompatib/pgfplotsoldp
gfsupp_pgflibraryfpu.code.tex)
(/usr/share/texlive/texmf-dist/tex/generic/pgfplots/oldpgfcompatib/pgfplotsoldp
gfsupp_pgfcorescopes.code.tex)
(/usr/share/texlive/texmf-dist/tex/generic/pgfplots/oldpgfcompatib/pgfplotsoldp
gfsupp_pgfcorelayers.code.tex))
(/usr/share/texlive/texmf-dist/tex/generic/pgfplots/util/pgfplotsutil.code.tex
(/usr/share/texlive/texmf-dist/tex/generic/pgfplots/liststructure/pgfplotslists
tructure.code.tex)
(/usr/share/texlive/texmf-dist/tex/generic/pgfplots/liststructure/pgfplotslists
tructureext.code.tex)
(/usr/share/texlive/texmf-dist/tex/generic/pgfplots/liststructure/pgfplotsarray
.code.tex)
(/usr/share/texlive/texmf-dist/tex/generic/pgfplots/liststructure/pgfplotsmatri
x.code.tex)
(/usr/share/texlive/texmf-dist/tex/generic/pgfplots/numtable/pgfplotstableshare
d.code.tex)
(/usr/share/texlive/texmf-dist/tex/generic/pgfplots/liststructure/pgfplotsdeque
.code.tex)
(/usr/share/texlive/texmf-dist/tex/generic/pgfplots/util/pgfplotsbinary.code.te
x
(/usr/share/texlive/texmf-dist/tex/generic/pgfplots/util/pgfplotsbinary.data.co
de.tex))
(/usr/share/texlive/texmf-dist/tex/generic/pgfplots/util/pgfplotsutil.verb.code
.tex)
(/usr/share/texlive/texmf-dist/tex/generic/pgfplots/libs/pgflibrarypgfplots.sur
fshading.code.tex
(/usr/share/texlive/texmf-dist/tex/generic/pgfplots/sys/pgflibrarypgfplots.surf
shading.pgfsys-pdftex.def)))
(/usr/share/texlive/texmf-dist/tex/generic/pgfplots/util/pgfplotscolormap.code.
tex
(/usr/share/texlive/texmf-dist/tex/generic/pgfplots/util/pgfplotscolor.code.tex
))
(/usr/share/texlive/texmf-dist/tex/generic/pgfplots/pgfplotsstackedplots.code.t
ex)
(/usr/share/texlive/texmf-dist/tex/generic/pgfplots/pgfplotsplothandlers.code.t
ex
(/usr/share/texlive/texmf-dist/tex/generic/pgfplots/pgfplotsmeshplothandler.cod
e.tex))
(/usr/share/texlive/texmf-dist/tex/generic/pgfplots/pgfplots.scaling.code.tex)
(/usr/share/texlive/texmf-dist/tex/generic/pgfplots/pgfplotscoordprocessing.cod
e.tex)
(/usr/share/texlive/texmf-dist/tex/generic/pgfplots/pgfplots.errorbars.code.tex
) (/usr/share/texlive/texmf-dist/tex/generic/pgfplots/pgfplots.markers.code.tex
) (/usr/share/texlive/texmf-dist/tex/generic/pgfplots/pgfplotsticks.code.tex)
(/usr/share/texlive/texmf-dist/tex/generic/pgfplots/pgfplots.paths.code.tex)
(/usr/share/texmf/tex/generic/pgf/frontendlayer/tikz/libraries/tikzlibrarydecor
ations.code.tex
(/usr/share/texmf/tex/generic/pgf/modules/pgfmoduledecorations.code.tex))
(/usr/share/texmf/tex/generic/pgf/frontendlayer/tikz/libraries/tikzlibrarydecor
ations.pathmorphing.code.tex
(/usr/share/texmf/tex/generic/pgf/libraries/decorations/pgflibrarydecorations.p
athmorphing.code.tex))
(/usr/share/texmf/tex/generic/pgf/frontendlayer/tikz/libraries/tikzlibrarydecor
ations.pathreplacing.code.tex
(/usr/share/texmf/tex/generic/pgf/libraries/decorations/pgflibrarydecorations.p
athreplacing.code.tex)))
(/usr/share/texmf/tex/generic/pgf/frontendlayer/tikz/libraries/tikzlibraryplotm
arks.code.tex
(/usr/share/texmf/tex/generic/pgf/libraries/pgflibraryplotmarks.code.tex)))
(/usr/share/texlive/texmf-dist/tex/latex/wrapfig/wrapfig.sty)
(/usr/share/texlive/texmf-dist/tex/generic/mathabx/mathabx.sty
(/usr/share/texlive/texmf-dist/tex/generic/mathabx/mathabx.dcl))
(/usr/share/texlive/texmf-dist/tex/latex/caption/caption.sty
(/usr/share/texlive/texmf-dist/tex/latex/caption/caption3.sty))
(/usr/share/texlive/texmf-dist/tex/latex/caption/subcaption.sty)
(/usr/share/texlive/texmf-dist/tex/latex/base/ifthen.sty) (data/latexki.sty)
(/usr/share/texlive/texmf-dist/tex/latex/ntheorem/ntheorem.sty
Style `ntheorem', Version 1.33 <2011/08/15>
) (/usr/share/texlive/texmf-dist/tex/latex/hyperref/hyperref.sty
(/usr/share/texlive/texmf-dist/tex/generic/oberdiek/hobsub-hyperref.sty
(/usr/share/texlive/texmf-dist/tex/generic/oberdiek/hobsub-generic.sty))
(/usr/share/texlive/texmf-dist/tex/latex/oberdiek/auxhook.sty)
(/usr/share/texlive/texmf-dist/tex/latex/oberdiek/kvoptions.sty)
(/usr/share/texlive/texmf-dist/tex/latex/hyperref/pd1enc.def)
(/usr/share/texlive/texmf-dist/tex/latex/latexconfig/hyperref.cfg)
(/usr/share/texlive/texmf-dist/tex/latex/url/url.sty))

Package hyperref Message: Driver (autodetected): hpdftex.

(/usr/share/texlive/texmf-dist/tex/latex/hyperref/hpdftex.def
(/usr/share/texlive/texmf-dist/tex/latex/oberdiek/rerunfilecheck.sty))
(./AlgGeo15.aux)
*geometry* driver: auto-detecting
*geometry* detected driver: pdftex
(/usr/share/texlive/texmf-dist/tex/latex/amsfonts/umsa.fd)
(/usr/share/texlive/texmf-dist/tex/latex/amsfonts/umsb.fd)
(/usr/share/texlive/texmf-dist/tex/latex/stmaryrd/Ustmry.fd)
ABD: EveryShipout initializing macros
(/usr/share/texlive/texmf-dist/tex/context/base/supp-pdf.mkii
[Loading MPS to PDF converter (version 2006.09.02).]
) (/usr/share/texlive/texmf-dist/tex/latex/oberdiek/epstopdf-base.sty
(/usr/share/texlive/texmf-dist/tex/latex/oberdiek/grfext.sty)
(/usr/share/texlive/texmf-dist/tex/latex/latexconfig/epstopdf-sys.cfg))

Package pgfplots Warning: running in backwards compatibility mode (unsuitable t
ick labels; missing features). Consider writing \pgfplotsset{compat=1.9} into y
our preamble.
 on input line 139.

(/usr/share/texlive/texmf-dist/tex/latex/hyperref/nameref.sty
(/usr/share/texlive/texmf-dist/tex/generic/oberdiek/gettitlestring.sty))
(./AlgGeo15.out) (./AlgGeo15.out)
Underfull \hbox (badness 10000) in paragraph at lines 145--146


LaTeX Font Warning: Font shape `T1/cmr/m/n' in size <40> not available
(Font)              size <35.83> substituted on input line 148.


LaTeX Font Warning: Font shape `T1/cmr/bx/n' in size <40> not available
(Font)              size <35.83> substituted on input line 148.


Underfull \hbox (badness 10000) in paragraph at lines 150--151


Underfull \hbox (badness 10000) in paragraph at lines 152--153


Underfull \hbox (badness 10000) in paragraph at lines 154--155

[1{/var/lib/texmf/fonts/map/pdftex/updmap/pdftex.map}] [2] (./AlgGeo15.toc
Overfull \hbox (0.93665pt too wide) detected at line 9
\T1/cmr/bx/n/10.95 II  

Overfull \hbox (1.81714pt too wide) detected at line 12
\T1/cmr/m/n/10.95 Ÿ 10  

Overfull \hbox (1.81714pt too wide) detected at line 13
\T1/cmr/m/n/10.95 Ÿ 11  

Overfull \hbox (5.95705pt too wide) detected at line 14
\T1/cmr/bx/n/10.95 III  

Overfull \hbox (1.81714pt too wide) detected at line 15
\T1/cmr/m/n/10.95 Ÿ 12  

Overfull \hbox (1.81714pt too wide) detected at line 16
\T1/cmr/m/n/10.95 Ÿ 13  

Overfull \hbox (1.81714pt too wide) detected at line 17
\T1/cmr/m/n/10.95 Ÿ 14  

Overfull \hbox (5.3589pt too wide) detected at line 18
\T1/cmr/bx/n/10.95 IV  

Overfull \hbox (1.81714pt too wide) detected at line 19
\T1/cmr/m/n/10.95 Ÿ 15  

Overfull \hbox (1.81714pt too wide) detected at line 20
\T1/cmr/m/n/10.95 Ÿ 16  

Overfull \hbox (1.81714pt too wide) detected at line 21
\T1/cmr/m/n/10.95 Ÿ 17  
) [3] [4]
Kapitel I\hskip 1em\relax .
[5] [6]
Underfull \hbox (badness 10000) in paragraph at lines 321--322

<xymatrix 3x2 135> [7]
Underfull \hbox (badness 10000) in paragraph at lines 383--385


Underfull \hbox (badness 10000) in paragraph at lines 391--394

[8] [9] (/usr/share/texlive/texmf-dist/tex/latex/amsfonts/ueuf.fd) [10]
Overfull \hbox (25.79701pt too wide) in paragraph at lines 517--518
[]\T1/cmr/m/it/10.95 Sei $\U/msb/m/n/10.95 K$ \T1/cmr/m/it/10.95 Kör-per, $\OML
/cmm/m/it/10.95 n \U/matha/m/n/10.95 P \U/msb/m/n/10.95 N$\T1/cmr/m/it/10.95 , 
$\U/euf/m/n/10.95 m \U/matha/m/n/10.95 ˜ \U/msb/m/n/10.95 K\U/matha/m/n/10.95 r
\OML/cmm/m/it/10.95 X[]; [] ; X[]\U/matha/m/n/10.95 s$
[11]
Underfull \vbox (badness 4995) has occurred while \output is active [12]
Underfull \vbox (badness 3364) has occurred while \output is active [13]
[14]
Underfull \hbox (badness 10000) in paragraph at lines 661--662

[15]
Overfull \hbox (8.5732pt too wide) in paragraph at lines 710--711
[]\T1/cmr/m/n/10.95 Sei $\OML/cmm/m/it/10.95 ^^^ \OT1/cmr/m/n/10.95 : \U/msb/m/
n/10.95 K\U/matha/m/n/10.95 r\OML/cmm/m/it/10.95 W\U/matha/m/n/10.95 s Ý[]Ñ \U/
msb/m/n/10.95 K\U/matha/m/n/10.95 r\OML/cmm/m/it/10.95 V\U/matha/m/n/10.95 s$ \
T1/cmr/m/n/10.95 Ho-mo-mor-phis-mus von $\U/msb/m/n/10.95 K$\T1/cmr/m/n/10.95 -
Algebren, al-so $\OML/cmm/m/it/10.95 ^^^ \U/matha/m/n/10.95 P [][]p\U/msb/m/n/1
0.95 K\U/matha/m/n/10.95 r\OML/cmm/m/it/10.95 W\U/matha/m/n/10.95 s\OML/cmm/m/i
t/10.95 ; \U/msb/m/n/10.95 K\U/matha/m/n/10.95 r\OML/cmm/m/it/10.95 V\U/matha/m
/n/10.95 sq$\T1/cmr/m/n/10.95 .
<xymatrix 3x2 190>
Underfull \vbox (badness 2735) has occurred while \output is active [16]
Underfull \hbox (badness 10000) in paragraph at lines 748--750

<xymatrix 9x3 356> [17]
Underfull \hbox (badness 10000) in paragraph at lines 788--791

[18] [19]
Underfull \vbox (badness 1048) has occurred while \output is active [20]
Underfull \vbox (badness 10000) has occurred while \output is active [21]
Underfull \hbox (badness 10000) in paragraph at lines 959--962

[22] <xymatrix 4x3 214> [23]
Underfull \hbox (badness 10000) in paragraph at lines 1033--1035

[24] [25] [26]
Underfull \hbox (badness 10000) in paragraph at lines 1160--1162

[27] [28]
Kapitel II\hskip 1em\relax .

Underfull \vbox (badness 10000) has occurred while \output is active [29]
Overfull \hbox (24.62369pt too wide) in paragraph at lines 1268--1269
[]\T1/cmr/m/n/10.95 Ein Teil-men-ge $\OML/cmm/m/it/10.95 V \U/matha/m/n/10.95 €
 \U/msb/m/n/10.95 P[]\U/matha/m/n/10.95 p\U/msb/m/n/10.95 K\U/matha/m/n/10.95 q
$ \T1/cmr/m/n/10.95 heiÿt \T1/cmr/m/it/10.95 pro-jek-ti-ve Va-rie-tät\T1/cmr/m/
n/10.95 , wenn es ei-ne Men-ge $\OMS/cmsy/m/n/10.95 F \U/matha/m/n/10.95 „ \U/m
sb/m/n/10.95 K\U/matha/m/n/10.95 r\OML/cmm/m/it/10.95 X[]; [] ; X[]\U/matha/m/n
/10.95 s$
[30] [31]

Package hyperref Warning: Token not allowed in a PDF string (PDFDocEncoding):
(hyperref)                removing `math shift' on input line 1373.


Package hyperref Warning: Token not allowed in a PDF string (PDFDocEncoding):
(hyperref)                removing `superscript' on input line 1373.


Package hyperref Warning: Token not allowed in a PDF string (PDFDocEncoding):
(hyperref)                removing `math shift' on input line 1373.

[32] [33] [34] [35]
Underfull \hbox (badness 10000) in paragraph at lines 1529--1530

[36]
Underfull \vbox (badness 10000) has occurred while \output is active [37]
[38]
Underfull \vbox (badness 10000) has occurred while \output is active [39]
Underfull \vbox (badness 10000) has occurred while \output is active [40]
Underfull \vbox (badness 10000) has occurred while \output is active [41]
[42] [43] [44]
Kapitel III\hskip 1em\relax .

Underfull \vbox (badness 10000) has occurred while \output is active [45]
Underfull \vbox (badness 2142) has occurred while \output is active [46]
Underfull \vbox (badness 4060) has occurred while \output is active [47]
Overfull \hbox (0.28587pt too wide) detected at line 2047
[]\U/matha/m/n/10.95 p\OML/cmm/m/it/10.95 X\U/matha/m/n/10.95 q \OT1/cmr/m/n/10
.95 :\U/matha/m/n/10.95 ^^P []t\OML/cmm/m/it/10.95 n \U/matha/m/n/10.95 P \U/ms
b/m/n/10.95 N[] \U/matha/m/n/10.95 | []\OML/cmm/m/it/10.95 V[] \U/matha/m/n/10.
95 ˆ \OML/cmm/m/it/10.95 V[] \U/matha/m/n/10.95 ˆ [] ˆ \OML/cmm/m/it/10.95 V[];
 V[][]\U/matha/m/n/10.95 u
[48] [49] [50]
Overfull \hbox (17.64655pt too wide) detected at line 2186
[][] \OML/cmm/m/it/10.95 V \U/matha/m/n/10.95 ^^P [] \OMS/cmsy/m/n/10.95 O[] \U
/matha/m/n/10.95 ^^P [] [] ^^P []t\OML/cmm/m/it/10.95 k \U/matha/m/n/10.95 P \U
/msb/m/n/10.95 N \U/matha/m/n/10.95 | []x\OT1/cmr/m/n/10.95 0\U/matha/m/n/10.95
 y ^^X [] ˆ [] \OML/cmm/m/it/10.95 ; \U/matha/m/n/10.95 ˆ \U/euf/m/n/10.95 p[] 
\U/matha/m/n/10.95 ^^P \U/euf/m/n/10.95 m[]\U/matha/m/n/10.95 u
[51]
Overfull \hbox (0.48561pt too wide) in paragraph at lines 2231--2233
[]\T1/cmr/m/it/10.95 Sei $\OML/cmm/m/it/10.95 A$ \T1/cmr/m/it/10.95 end-lich er
-zeug-te, null-tei-ler-freie $\U/msb/m/n/10.95 K$\T1/cmr/m/it/10.95 -Algebra, $
\OML/cmm/m/it/10.95 A\U/matha/m/n/10.95 {\OML/cmm/m/it/10.95 B$
[52] [53]
Underfull \hbox (badness 10000) in paragraph at lines 2332--2333

[54] [55]
Overfull \hbox (13.76538pt too wide) in paragraph at lines 2406--2407
[]\T1/cmr/m/it/10.95 Sei $\OML/cmm/m/it/10.95 V \U/matha/m/n/10.95 „ \U/msb/m/n
/10.95 A[]\U/matha/m/n/10.95 p\U/msb/m/n/10.95 K\U/matha/m/n/10.95 q$ \T1/cmr/m
/it/10.95 af-fi-ne Va-ri-te-ät, $\OML/cmm/m/it/10.95 a \U/matha/m/n/10.95 P \OM
L/cmm/m/it/10.95 V$\T1/cmr/m/it/10.95 , $\OML/cmm/m/it/10.95 I \U/matha/m/n/10.
95 ^^P \OML/cmm/m/it/10.95 I\U/matha/m/n/10.95 p\OML/cmm/m/it/10.95 V\U/matha/m
/n/10.95 q ^^P x\OML/cmm/m/it/10.95 f[]; [] ; f[]\U/matha/m/n/10.95 y$\T1/cmr/m
/it/10.95 .
[56]
Underfull \vbox (badness 1558) has occurred while \output is active [57]
Underfull \hbox (badness 10000) in paragraph at lines 2475--2476


Underfull \hbox (badness 10000) in paragraph at lines 2481--2482

[58] [59]
Underfull \hbox (badness 10000) in paragraph at lines 2574--2576

[60] [61] [62]
Kapitel IV\hskip 1em\relax .
[63] [64]

LaTeX Warning: Command \l invalid in math mode on input line 2728.


LaTeX Warning: Command \l invalid in math mode on input line 2728.

[65] [66]
Underfull \vbox (badness 3148) has occurred while \output is active [67]
[68]
Underfull \hbox (badness 10000) in paragraph at lines 2892--2895


Overfull \hbox (16.63132pt too wide) in paragraph at lines 2895--2896
[]\T1/cmr/m/n/10.95 Sicherlich sind $\U/msb/m/n/10.95 K\U/matha/m/n/10.95 p\OML
/cmm/m/it/10.95 C[]\U/matha/m/n/10.95 q\OML/cmm/m/it/10.95 ; \U/msb/m/n/10.95 K
\U/matha/m/n/10.95 p\OML/cmm/m/it/10.95 C[]\U/matha/m/n/10.95 q$ \T1/cmr/m/n/10
.95 end-lich er-zeugt über $\U/msb/m/n/10.95 K$\T1/cmr/m/n/10.95 . Wei-ter gilt
 $[][]\U/msb/m/n/10.95 K\U/matha/m/n/10.95 p\OML/cmm/m/it/10.95 C[]\U/matha/m/n
/10.95 q ^^P \OT1/cmr/m/n/10.95 1 \U/matha/m/n/10.95 ^^P [][]\U/msb/m/n/10.95 K
\U/matha/m/n/10.95 p\OML/cmm/m/it/10.95 C[]\U/matha/m/n/10.95 q$\T1/cmr/m/n/10.
95 ,
[69] [70] [71] (./AlgGeo15.aux)

LaTeX Font Warning: Size substitutions with differences
(Font)              up to 4.17pt have occurred.

 )
(see the transcript file for additional information){/usr/share/texmf/fonts/enc
/dvips/cm-super/cm-super-t1.enc}</usr/share/texlive/texmf-dist/fonts/type1/publ
ic/amsfonts/cm/cmmi10.pfb></usr/share/texlive/texmf-dist/fonts/type1/public/ams
fonts/cm/cmmi6.pfb></usr/share/texlive/texmf-dist/fonts/type1/public/amsfonts/c
m/cmmi8.pfb></usr/share/texlive/texmf-dist/fonts/type1/public/amsfonts/cm/cmmi9
.pfb></usr/share/texlive/texmf-dist/fonts/type1/public/amsfonts/cm/cmr10.pfb></
usr/share/texlive/texmf-dist/fonts/type1/public/amsfonts/cm/cmr6.pfb></usr/shar
e/texlive/texmf-dist/fonts/type1/public/amsfonts/cm/cmr8.pfb></usr/share/texliv
e/texmf-dist/fonts/type1/public/amsfonts/cm/cmr9.pfb></usr/share/texlive/texmf-
dist/fonts/type1/public/amsfonts/cm/cmsy10.pfb></usr/share/texlive/texmf-dist/f
onts/type1/public/amsfonts/cm/cmsy8.pfb></usr/share/texlive/texmf-dist/fonts/ty
pe1/public/amsfonts/cm/cmti10.pfb></usr/share/texlive/texmf-dist/fonts/type1/pu
blic/amsfonts/euler/eufm10.pfb></usr/share/texlive/texmf-dist/fonts/type1/publi
c/mathabx-type1/matha10.pfb></usr/share/texlive/texmf-dist/fonts/type1/public/m
athabx-type1/matha12.pfb></usr/share/texlive/texmf-dist/fonts/type1/public/math
abx-type1/matha6.pfb></usr/share/texlive/texmf-dist/fonts/type1/public/mathabx-
type1/matha8.pfb></usr/share/texlive/texmf-dist/fonts/type1/public/mathabx-type
1/matha9.pfb></usr/share/texlive/texmf-dist/fonts/type1/public/mathabx-type1/ma
thb10.pfb></usr/share/texlive/texmf-dist/fonts/type1/public/mathabx-type1/mathx
10.pfb></usr/share/texlive/texmf-dist/fonts/type1/public/amsfonts/symbols/msam1
0.pfb></usr/share/texlive/texmf-dist/fonts/type1/public/amsfonts/symbols/msbm10
.pfb></usr/share/texmf/fonts/type1/public/cm-super/sfbx1095.pfb></usr/share/tex
mf/fonts/type1/public/cm-super/sfbx1440.pfb></usr/share/texmf/fonts/type1/publi
c/cm-super/sfbx2074.pfb></usr/share/texmf/fonts/type1/public/cm-super/sfbx2488.
pfb></usr/share/texmf/fonts/type1/public/cm-super/sfbx3583.pfb></usr/share/texm
f/fonts/type1/public/cm-super/sfrm0800.pfb></usr/share/texmf/fonts/type1/public
/cm-super/sfrm0900.pfb></usr/share/texmf/fonts/type1/public/cm-super/sfrm1095.p
fb></usr/share/texmf/fonts/type1/public/cm-super/sfrm1200.pfb></usr/share/texmf
/fonts/type1/public/cm-super/sfsl1095.pfb></usr/share/texmf/fonts/type1/public/
cm-super/sfti0800.pfb></usr/share/texmf/fonts/type1/public/cm-super/sfti1095.pf
b></usr/share/texmf/fonts/type1/public/cm-super/sfti1200.pfb></usr/share/texliv
e/texmf-dist/fonts/type1/public/stmaryrd/stmary10.pfb></usr/share/texlive/texmf
-dist/fonts/type1/public/xypic/xyatip10.pfb></usr/share/texlive/texmf-dist/font
s/type1/public/xypic/xybtip10.pfb>
Output written on AlgGeo15.pdf (71 pages, 695264 bytes).
Transcript written on AlgGeo15.log.
Result: ExitSuccess

Running /usr/bin/pdflatex AlgGeo15.tex in an env with 4 entries:
This is pdfTeX, Version 3.1415926-2.5-1.40.14 (TeX Live 2013/Debian)
 restricted \write18 enabled.
entering extended mode
(data/AlgGeo15.tex
LaTeX2e <2011/06/27>
Babel <3.9h> and hyphenation patterns for 78 languages loaded.
(/usr/share/texlive/texmf-dist/tex/latex/base/book.cls
Document Class: book 2007/10/19 v1.4h Standard LaTeX document class
(/usr/share/texlive/texmf-dist/tex/latex/base/bk11.clo))
(/usr/share/texlive/texmf-dist/tex/latex/etex-pkg/etex.sty)
(/usr/share/texlive/texmf-dist/tex/latex/amsfonts/amssymb.sty
(/usr/share/texlive/texmf-dist/tex/latex/amsfonts/amsfonts.sty))
(/usr/share/texlive/texmf-dist/tex/latex/base/inputenc.sty
(/usr/share/texlive/texmf-dist/tex/latex/base/utf8.def
(/usr/share/texlive/texmf-dist/tex/latex/base/t1enc.dfu)
(/usr/share/texlive/texmf-dist/tex/latex/base/ot1enc.dfu)
(/usr/share/texlive/texmf-dist/tex/latex/base/omsenc.dfu)))
(/usr/share/texlive/texmf-dist/tex/latex/base/fontenc.sty
(/usr/share/texlive/texmf-dist/tex/latex/base/t1enc.def))
(/usr/share/texlive/texmf-dist/tex/generic/german/german.sty v2.5e 1998-07-08)
(/usr/share/texlive/texmf-dist/tex/generic/babel/babel.sty
(/usr/share/texlive/texmf-dist/tex/generic/babel-german/germanb.ldf
(/usr/share/texlive/texmf-dist/tex/generic/babel/babel.def)))
(/usr/share/texlive/texmf-dist/tex/latex/geometry/geometry.sty
(/usr/share/texlive/texmf-dist/tex/latex/graphics/keyval.sty)
(/usr/share/texlive/texmf-dist/tex/generic/oberdiek/ifpdf.sty)
(/usr/share/texlive/texmf-dist/tex/generic/oberdiek/ifvtex.sty)
(/usr/share/texlive/texmf-dist/tex/generic/ifxetex/ifxetex.sty))
(/usr/share/texlive/texmf-dist/tex/latex/paralist/paralist.sty)
(/usr/share/texlive/texmf-dist/tex/latex/titlesec/titlesec.sty)
(/usr/share/texlive/texmf-dist/tex/latex/amsmath/amsmath.sty
For additional information on amsmath, use the `?' option.
(/usr/share/texlive/texmf-dist/tex/latex/amsmath/amstext.sty
(/usr/share/texlive/texmf-dist/tex/latex/amsmath/amsgen.sty))
(/usr/share/texlive/texmf-dist/tex/latex/amsmath/amsbsy.sty)
(/usr/share/texlive/texmf-dist/tex/latex/amsmath/amsopn.sty))
(/usr/share/texlive/texmf-dist/tex/latex/setspace/setspace.sty)
(/usr/share/texlive/texmf-dist/tex/latex/polynom/polynom.sty)
(/usr/share/texlive/texmf-dist/tex/latex/stmaryrd/stmaryrd.sty)
(/usr/share/texlive/texmf-dist/tex/generic/xypic/xy.sty
(/usr/share/texlive/texmf-dist/tex/generic/xypic/xy.tex Bootstrap'ing:
catcodes, docmode, (/usr/share/texlive/texmf-dist/tex/generic/xypic/xyrecat.tex
) (/usr/share/texlive/texmf-dist/tex/generic/xypic/xyidioms.tex)

 Xy-pic version 3.8.9 <2013/10/06>
 Copyright (c) 1991-2013 by Kristoffer H. Rose <krisrose@tug.org> and others
 Xy-pic is free software: see the User's Guide for details.

Loading kernel: messages; fonts; allocations: state, direction,
utility macros; pictures: \xy, positions, objects, decorations;
kernel objects: directionals, circles, text; options; algorithms: directions,
edges, connections;  Xy-pic loaded)
(/usr/share/texlive/texmf-dist/tex/generic/xypic/xyarrow.tex
 Xy-pic option: Arrow and Path feature v.3.9 path, \ar, loaded)
(/usr/share/texlive/texmf-dist/tex/generic/xypic/xymatrix.tex
 Xy-pic option: Matrix feature v.3.14 loaded)
(/usr/share/texlive/texmf-dist/tex/generic/xypic/xycurve.tex
 Xy-pic option: Curve and Spline extension v.3.12 curve, circles, loaded)
(/usr/share/texlive/texmf-dist/tex/generic/xypic/xypdf.tex
 Xy-pic option: PDF driver v.1.7 Xy-pic pdf driver: `curve' extension support
(/usr/share/texlive/texmf-dist/tex/generic/xypic/xypdf-cu.tex loaded) loaded))
(/usr/share/texlive/texmf-dist/tex/latex/float/float.sty)
(/usr/share/texlive/texmf-dist/tex/latex/titlesec/titletoc.sty)
(/usr/share/texlive/texmf-dist/tex/latex/pgfplots/pgfplots.sty
(/usr/share/texlive/texmf-dist/tex/generic/pgfplots/pgfplots.revision.tex)
(/usr/share/texmf/tex/latex/pgf/frontendlayer/tikz.sty
(/usr/share/texmf/tex/latex/pgf/basiclayer/pgf.sty
(/usr/share/texmf/tex/latex/pgf/utilities/pgfrcs.sty
(/usr/share/texmf/tex/generic/pgf/utilities/pgfutil-common.tex)
(/usr/share/texmf/tex/generic/pgf/utilities/pgfutil-latex.def
(/usr/share/texlive/texmf-dist/tex/latex/ms/everyshi.sty))
(/usr/share/texmf/tex/generic/pgf/utilities/pgfrcs.code.tex))
(/usr/share/texmf/tex/latex/pgf/basiclayer/pgfcore.sty
(/usr/share/texlive/texmf-dist/tex/latex/graphics/graphicx.sty
(/usr/share/texlive/texmf-dist/tex/latex/graphics/graphics.sty
(/usr/share/texlive/texmf-dist/tex/latex/graphics/trig.sty)
(/usr/share/texlive/texmf-dist/tex/latex/latexconfig/graphics.cfg)
(/usr/share/texlive/texmf-dist/tex/latex/pdftex-def/pdftex.def
(/usr/share/texlive/texmf-dist/tex/generic/oberdiek/infwarerr.sty)
(/usr/share/texlive/texmf-dist/tex/generic/oberdiek/ltxcmds.sty))))
(/usr/share/texmf/tex/latex/pgf/systemlayer/pgfsys.sty
(/usr/share/texmf/tex/generic/pgf/systemlayer/pgfsys.code.tex
(/usr/share/texmf/tex/generic/pgf/utilities/pgfkeys.code.tex
(/usr/share/texmf/tex/generic/pgf/utilities/pgfkeysfiltered.code.tex))
(/usr/share/texmf/tex/generic/pgf/systemlayer/pgf.cfg)
(/usr/share/texmf/tex/generic/pgf/systemlayer/pgfsys-pdftex.def
(/usr/share/texmf/tex/generic/pgf/systemlayer/pgfsys-common-pdf.def)))
(/usr/share/texmf/tex/generic/pgf/systemlayer/pgfsyssoftpath.code.tex)
(/usr/share/texmf/tex/generic/pgf/systemlayer/pgfsysprotocol.code.tex))
(/usr/share/texmf/tex/latex/xcolor/xcolor.sty
(/usr/share/texlive/texmf-dist/tex/latex/latexconfig/color.cfg))
(/usr/share/texmf/tex/generic/pgf/basiclayer/pgfcore.code.tex
(/usr/share/texmf/tex/generic/pgf/math/pgfmath.code.tex
(/usr/share/texmf/tex/generic/pgf/math/pgfmathcalc.code.tex
(/usr/share/texmf/tex/generic/pgf/math/pgfmathutil.code.tex)
(/usr/share/texmf/tex/generic/pgf/math/pgfmathparser.code.tex)
(/usr/share/texmf/tex/generic/pgf/math/pgfmathfunctions.code.tex
(/usr/share/texmf/tex/generic/pgf/math/pgfmathfunctions.basic.code.tex)
(/usr/share/texmf/tex/generic/pgf/math/pgfmathfunctions.trigonometric.code.tex)
(/usr/share/texmf/tex/generic/pgf/math/pgfmathfunctions.random.code.tex)
(/usr/share/texmf/tex/generic/pgf/math/pgfmathfunctions.comparison.code.tex)
(/usr/share/texmf/tex/generic/pgf/math/pgfmathfunctions.base.code.tex)
(/usr/share/texmf/tex/generic/pgf/math/pgfmathfunctions.round.code.tex)
(/usr/share/texmf/tex/generic/pgf/math/pgfmathfunctions.misc.code.tex)))
(/usr/share/texmf/tex/generic/pgf/math/pgfmathfloat.code.tex))
(/usr/share/texmf/tex/generic/pgf/basiclayer/pgfcorepoints.code.tex)
(/usr/share/texmf/tex/generic/pgf/basiclayer/pgfcorepathconstruct.code.tex)
(/usr/share/texmf/tex/generic/pgf/basiclayer/pgfcorepathusage.code.tex)
(/usr/share/texmf/tex/generic/pgf/basiclayer/pgfcorescopes.code.tex)
(/usr/share/texmf/tex/generic/pgf/basiclayer/pgfcoregraphicstate.code.tex)
(/usr/share/texmf/tex/generic/pgf/basiclayer/pgfcoretransformations.code.tex)
(/usr/share/texmf/tex/generic/pgf/basiclayer/pgfcorequick.code.tex)
(/usr/share/texmf/tex/generic/pgf/basiclayer/pgfcoreobjects.code.tex)
(/usr/share/texmf/tex/generic/pgf/basiclayer/pgfcorepathprocessing.code.tex)
(/usr/share/texmf/tex/generic/pgf/basiclayer/pgfcorearrows.code.tex)
(/usr/share/texmf/tex/generic/pgf/basiclayer/pgfcoreshade.code.tex)
(/usr/share/texmf/tex/generic/pgf/basiclayer/pgfcoreimage.code.tex
(/usr/share/texmf/tex/generic/pgf/basiclayer/pgfcoreexternal.code.tex))
(/usr/share/texmf/tex/generic/pgf/basiclayer/pgfcorelayers.code.tex)
(/usr/share/texmf/tex/generic/pgf/basiclayer/pgfcoretransparency.code.tex)
(/usr/share/texmf/tex/generic/pgf/basiclayer/pgfcorepatterns.code.tex)))
(/usr/share/texmf/tex/generic/pgf/modules/pgfmoduleshapes.code.tex)
(/usr/share/texmf/tex/generic/pgf/modules/pgfmoduleplot.code.tex)
(/usr/share/texmf/tex/latex/pgf/compatibility/pgfcomp-version-0-65.sty)
(/usr/share/texmf/tex/latex/pgf/compatibility/pgfcomp-version-1-18.sty))
(/usr/share/texmf/tex/latex/pgf/utilities/pgffor.sty
(/usr/share/texmf/tex/latex/pgf/utilities/pgfkeys.sty
(/usr/share/texmf/tex/generic/pgf/utilities/pgfkeys.code.tex))
(/usr/share/texmf/tex/generic/pgf/utilities/pgffor.code.tex))
(/usr/share/texmf/tex/generic/pgf/frontendlayer/tikz/tikz.code.tex
(/usr/share/texmf/tex/generic/pgf/libraries/pgflibraryplothandlers.code.tex)
(/usr/share/texmf/tex/generic/pgf/modules/pgfmodulematrix.code.tex)
(/usr/share/texmf/tex/generic/pgf/frontendlayer/tikz/libraries/tikzlibrarytopat
hs.code.tex)))
(/usr/share/texlive/texmf-dist/tex/generic/pgfplots/pgfplots.code.tex
(/usr/share/texlive/texmf-dist/tex/generic/pgfplots/pgfplotscore.code.tex
(/usr/share/texlive/texmf-dist/tex/generic/pgfplots/sys/pgfplotssysgeneric.code
.tex))
(/usr/share/texlive/texmf-dist/tex/generic/pgfplots/libs/pgfplotslibrary.code.t
ex)
(/usr/share/texlive/texmf-dist/tex/generic/pgfplots/oldpgfcompatib/pgfplotsoldp
gfsupp_loader.code.tex
Package pgfplots: loading complementary code for your PGF version...

(/usr/share/texlive/texmf-dist/tex/generic/pgfplots/oldpgfcompatib/pgfplotsoldp
gfsupp_misc.code.tex)
(/usr/share/texlive/texmf-dist/tex/generic/pgfplots/oldpgfcompatib/pgfplotsoldp
gfsupp_pgfkeys.code.tex
(/usr/share/texlive/texmf-dist/tex/generic/pgfplots/oldpgfcompatib/pgfplotsoldp
gfsupp_pgfkeysfiltered.code.tex))
(/usr/share/texlive/texmf-dist/tex/generic/pgfplots/oldpgfcompatib/pgfplotsoldp
gfsupp_pgfmathfloat.code.tex)
(/usr/share/texlive/texmf-dist/tex/generic/pgfplots/oldpgfcompatib/pgfplotsoldp
gfsupp_pgflibraryplothandlers.code.tex)
(/usr/share/texlive/texmf-dist/tex/generic/pgfplots/oldpgfcompatib/pgfplotsoldp
gfsupp_pgflibraryfpu.code.tex)
(/usr/share/texlive/texmf-dist/tex/generic/pgfplots/oldpgfcompatib/pgfplotsoldp
gfsupp_pgfcorescopes.code.tex)
(/usr/share/texlive/texmf-dist/tex/generic/pgfplots/oldpgfcompatib/pgfplotsoldp
gfsupp_pgfcorelayers.code.tex))
(/usr/share/texlive/texmf-dist/tex/generic/pgfplots/util/pgfplotsutil.code.tex
(/usr/share/texlive/texmf-dist/tex/generic/pgfplots/liststructure/pgfplotslists
tructure.code.tex)
(/usr/share/texlive/texmf-dist/tex/generic/pgfplots/liststructure/pgfplotslists
tructureext.code.tex)
(/usr/share/texlive/texmf-dist/tex/generic/pgfplots/liststructure/pgfplotsarray
.code.tex)
(/usr/share/texlive/texmf-dist/tex/generic/pgfplots/liststructure/pgfplotsmatri
x.code.tex)
(/usr/share/texlive/texmf-dist/tex/generic/pgfplots/numtable/pgfplotstableshare
d.code.tex)
(/usr/share/texlive/texmf-dist/tex/generic/pgfplots/liststructure/pgfplotsdeque
.code.tex)
(/usr/share/texlive/texmf-dist/tex/generic/pgfplots/util/pgfplotsbinary.code.te
x
(/usr/share/texlive/texmf-dist/tex/generic/pgfplots/util/pgfplotsbinary.data.co
de.tex))
(/usr/share/texlive/texmf-dist/tex/generic/pgfplots/util/pgfplotsutil.verb.code
.tex)
(/usr/share/texlive/texmf-dist/tex/generic/pgfplots/libs/pgflibrarypgfplots.sur
fshading.code.tex
(/usr/share/texlive/texmf-dist/tex/generic/pgfplots/sys/pgflibrarypgfplots.surf
shading.pgfsys-pdftex.def)))
(/usr/share/texlive/texmf-dist/tex/generic/pgfplots/util/pgfplotscolormap.code.
tex
(/usr/share/texlive/texmf-dist/tex/generic/pgfplots/util/pgfplotscolor.code.tex
))
(/usr/share/texlive/texmf-dist/tex/generic/pgfplots/pgfplotsstackedplots.code.t
ex)
(/usr/share/texlive/texmf-dist/tex/generic/pgfplots/pgfplotsplothandlers.code.t
ex
(/usr/share/texlive/texmf-dist/tex/generic/pgfplots/pgfplotsmeshplothandler.cod
e.tex))
(/usr/share/texlive/texmf-dist/tex/generic/pgfplots/pgfplots.scaling.code.tex)
(/usr/share/texlive/texmf-dist/tex/generic/pgfplots/pgfplotscoordprocessing.cod
e.tex)
(/usr/share/texlive/texmf-dist/tex/generic/pgfplots/pgfplots.errorbars.code.tex
) (/usr/share/texlive/texmf-dist/tex/generic/pgfplots/pgfplots.markers.code.tex
) (/usr/share/texlive/texmf-dist/tex/generic/pgfplots/pgfplotsticks.code.tex)
(/usr/share/texlive/texmf-dist/tex/generic/pgfplots/pgfplots.paths.code.tex)
(/usr/share/texmf/tex/generic/pgf/frontendlayer/tikz/libraries/tikzlibrarydecor
ations.code.tex
(/usr/share/texmf/tex/generic/pgf/modules/pgfmoduledecorations.code.tex))
(/usr/share/texmf/tex/generic/pgf/frontendlayer/tikz/libraries/tikzlibrarydecor
ations.pathmorphing.code.tex
(/usr/share/texmf/tex/generic/pgf/libraries/decorations/pgflibrarydecorations.p
athmorphing.code.tex))
(/usr/share/texmf/tex/generic/pgf/frontendlayer/tikz/libraries/tikzlibrarydecor
ations.pathreplacing.code.tex
(/usr/share/texmf/tex/generic/pgf/libraries/decorations/pgflibrarydecorations.p
athreplacing.code.tex)))
(/usr/share/texmf/tex/generic/pgf/frontendlayer/tikz/libraries/tikzlibraryplotm
arks.code.tex
(/usr/share/texmf/tex/generic/pgf/libraries/pgflibraryplotmarks.code.tex)))
(/usr/share/texlive/texmf-dist/tex/latex/wrapfig/wrapfig.sty)
(/usr/share/texlive/texmf-dist/tex/generic/mathabx/mathabx.sty
(/usr/share/texlive/texmf-dist/tex/generic/mathabx/mathabx.dcl))
(/usr/share/texlive/texmf-dist/tex/latex/caption/caption.sty
(/usr/share/texlive/texmf-dist/tex/latex/caption/caption3.sty))
(/usr/share/texlive/texmf-dist/tex/latex/caption/subcaption.sty)
(/usr/share/texlive/texmf-dist/tex/latex/base/ifthen.sty) (data/latexki.sty)
(/usr/share/texlive/texmf-dist/tex/latex/ntheorem/ntheorem.sty
Style `ntheorem', Version 1.33 <2011/08/15>
) (/usr/share/texlive/texmf-dist/tex/latex/hyperref/hyperref.sty
(/usr/share/texlive/texmf-dist/tex/generic/oberdiek/hobsub-hyperref.sty
(/usr/share/texlive/texmf-dist/tex/generic/oberdiek/hobsub-generic.sty))
(/usr/share/texlive/texmf-dist/tex/latex/oberdiek/auxhook.sty)
(/usr/share/texlive/texmf-dist/tex/latex/oberdiek/kvoptions.sty)
(/usr/share/texlive/texmf-dist/tex/latex/hyperref/pd1enc.def)
(/usr/share/texlive/texmf-dist/tex/latex/latexconfig/hyperref.cfg)
(/usr/share/texlive/texmf-dist/tex/latex/url/url.sty))

Package hyperref Message: Driver (autodetected): hpdftex.

(/usr/share/texlive/texmf-dist/tex/latex/hyperref/hpdftex.def
(/usr/share/texlive/texmf-dist/tex/latex/oberdiek/rerunfilecheck.sty))
(./AlgGeo15.aux)
*geometry* driver: auto-detecting
*geometry* detected driver: pdftex
(/usr/share/texlive/texmf-dist/tex/latex/amsfonts/umsa.fd)
(/usr/share/texlive/texmf-dist/tex/latex/amsfonts/umsb.fd)
(/usr/share/texlive/texmf-dist/tex/latex/stmaryrd/Ustmry.fd)
ABD: EveryShipout initializing macros
(/usr/share/texlive/texmf-dist/tex/context/base/supp-pdf.mkii
[Loading MPS to PDF converter (version 2006.09.02).]
) (/usr/share/texlive/texmf-dist/tex/latex/oberdiek/epstopdf-base.sty
(/usr/share/texlive/texmf-dist/tex/latex/oberdiek/grfext.sty)
(/usr/share/texlive/texmf-dist/tex/latex/latexconfig/epstopdf-sys.cfg))

Package pgfplots Warning: running in backwards compatibility mode (unsuitable t
ick labels; missing features). Consider writing \pgfplotsset{compat=1.9} into y
our preamble.
 on input line 139.

(/usr/share/texlive/texmf-dist/tex/latex/hyperref/nameref.sty
(/usr/share/texlive/texmf-dist/tex/generic/oberdiek/gettitlestring.sty))
(./AlgGeo15.out) (./AlgGeo15.out)
Underfull \hbox (badness 10000) in paragraph at lines 145--146


LaTeX Font Warning: Font shape `T1/cmr/m/n' in size <40> not available
(Font)              size <35.83> substituted on input line 148.


LaTeX Font Warning: Font shape `T1/cmr/bx/n' in size <40> not available
(Font)              size <35.83> substituted on input line 148.


Underfull \hbox (badness 10000) in paragraph at lines 150--151


Underfull \hbox (badness 10000) in paragraph at lines 152--153


Underfull \hbox (badness 10000) in paragraph at lines 154--155

[1{/var/lib/texmf/fonts/map/pdftex/updmap/pdftex.map}] [2] (./AlgGeo15.toc
Overfull \hbox (0.93665pt too wide) detected at line 9
\T1/cmr/bx/n/10.95 II  

Overfull \hbox (1.81714pt too wide) detected at line 12
\T1/cmr/m/n/10.95 Ÿ 10  

Overfull \hbox (1.81714pt too wide) detected at line 13
\T1/cmr/m/n/10.95 Ÿ 11  

Overfull \hbox (5.95705pt too wide) detected at line 14
\T1/cmr/bx/n/10.95 III  

Overfull \hbox (1.81714pt too wide) detected at line 15
\T1/cmr/m/n/10.95 Ÿ 12  

Overfull \hbox (1.81714pt too wide) detected at line 16
\T1/cmr/m/n/10.95 Ÿ 13  

Overfull \hbox (1.81714pt too wide) detected at line 17
\T1/cmr/m/n/10.95 Ÿ 14  

Overfull \hbox (5.3589pt too wide) detected at line 18
\T1/cmr/bx/n/10.95 IV  

Overfull \hbox (1.81714pt too wide) detected at line 19
\T1/cmr/m/n/10.95 Ÿ 15  

Overfull \hbox (1.81714pt too wide) detected at line 20
\T1/cmr/m/n/10.95 Ÿ 16  

Overfull \hbox (1.81714pt too wide) detected at line 21
\T1/cmr/m/n/10.95 Ÿ 17  
) [3] [4]
Kapitel I\hskip 1em\relax .
[5] [6]
Underfull \hbox (badness 10000) in paragraph at lines 321--322

<xymatrix 3x2 135> [7]
Underfull \hbox (badness 10000) in paragraph at lines 383--385


Underfull \hbox (badness 10000) in paragraph at lines 391--394

[8] [9] (/usr/share/texlive/texmf-dist/tex/latex/amsfonts/ueuf.fd) [10]
Overfull \hbox (25.79701pt too wide) in paragraph at lines 517--518
[]\T1/cmr/m/it/10.95 Sei $\U/msb/m/n/10.95 K$ \T1/cmr/m/it/10.95 Kör-per, $\OML
/cmm/m/it/10.95 n \U/matha/m/n/10.95 P \U/msb/m/n/10.95 N$\T1/cmr/m/it/10.95 , 
$\U/euf/m/n/10.95 m \U/matha/m/n/10.95 ˜ \U/msb/m/n/10.95 K\U/matha/m/n/10.95 r
\OML/cmm/m/it/10.95 X[]; [] ; X[]\U/matha/m/n/10.95 s$
[11]
Underfull \vbox (badness 4995) has occurred while \output is active [12]
Underfull \vbox (badness 3364) has occurred while \output is active [13]
[14]
Underfull \hbox (badness 10000) in paragraph at lines 661--662

[15]
Overfull \hbox (8.5732pt too wide) in paragraph at lines 710--711
[]\T1/cmr/m/n/10.95 Sei $\OML/cmm/m/it/10.95 ^^^ \OT1/cmr/m/n/10.95 : \U/msb/m/
n/10.95 K\U/matha/m/n/10.95 r\OML/cmm/m/it/10.95 W\U/matha/m/n/10.95 s Ý[]Ñ \U/
msb/m/n/10.95 K\U/matha/m/n/10.95 r\OML/cmm/m/it/10.95 V\U/matha/m/n/10.95 s$ \
T1/cmr/m/n/10.95 Ho-mo-mor-phis-mus von $\U/msb/m/n/10.95 K$\T1/cmr/m/n/10.95 -
Algebren, al-so $\OML/cmm/m/it/10.95 ^^^ \U/matha/m/n/10.95 P [][]p\U/msb/m/n/1
0.95 K\U/matha/m/n/10.95 r\OML/cmm/m/it/10.95 W\U/matha/m/n/10.95 s\OML/cmm/m/i
t/10.95 ; \U/msb/m/n/10.95 K\U/matha/m/n/10.95 r\OML/cmm/m/it/10.95 V\U/matha/m
/n/10.95 sq$\T1/cmr/m/n/10.95 .
<xymatrix 3x2 190>
Underfull \vbox (badness 2735) has occurred while \output is active [16]
Underfull \hbox (badness 10000) in paragraph at lines 748--750

<xymatrix 9x3 356> [17]
Underfull \hbox (badness 10000) in paragraph at lines 788--791

[18] [19]
Underfull \vbox (badness 1048) has occurred while \output is active [20]
Underfull \vbox (badness 10000) has occurred while \output is active [21]
Underfull \hbox (badness 10000) in paragraph at lines 959--962

[22] <xymatrix 4x3 214> [23]
Underfull \hbox (badness 10000) in paragraph at lines 1033--1035

[24] [25] [26]
Underfull \hbox (badness 10000) in paragraph at lines 1160--1162

[27] [28]
Kapitel II\hskip 1em\relax .

Underfull \vbox (badness 10000) has occurred while \output is active [29]
Overfull \hbox (24.62369pt too wide) in paragraph at lines 1268--1269
[]\T1/cmr/m/n/10.95 Ein Teil-men-ge $\OML/cmm/m/it/10.95 V \U/matha/m/n/10.95 €
 \U/msb/m/n/10.95 P[]\U/matha/m/n/10.95 p\U/msb/m/n/10.95 K\U/matha/m/n/10.95 q
$ \T1/cmr/m/n/10.95 heiÿt \T1/cmr/m/it/10.95 pro-jek-ti-ve Va-rie-tät\T1/cmr/m/
n/10.95 , wenn es ei-ne Men-ge $\OMS/cmsy/m/n/10.95 F \U/matha/m/n/10.95 „ \U/m
sb/m/n/10.95 K\U/matha/m/n/10.95 r\OML/cmm/m/it/10.95 X[]; [] ; X[]\U/matha/m/n
/10.95 s$
[30] [31]

Package hyperref Warning: Token not allowed in a PDF string (PDFDocEncoding):
(hyperref)                removing `math shift' on input line 1373.


Package hyperref Warning: Token not allowed in a PDF string (PDFDocEncoding):
(hyperref)                removing `superscript' on input line 1373.


Package hyperref Warning: Token not allowed in a PDF string (PDFDocEncoding):
(hyperref)                removing `math shift' on input line 1373.

[32] [33] [34] [35]
Underfull \hbox (badness 10000) in paragraph at lines 1529--1530

[36]
Underfull \vbox (badness 10000) has occurred while \output is active [37]
[38]
Underfull \vbox (badness 10000) has occurred while \output is active [39]
Underfull \vbox (badness 10000) has occurred while \output is active [40]
Underfull \vbox (badness 10000) has occurred while \output is active [41]
[42] [43] [44]
Kapitel III\hskip 1em\relax .

Underfull \vbox (badness 10000) has occurred while \output is active [45]
Underfull \vbox (badness 2142) has occurred while \output is active [46]
Underfull \vbox (badness 4060) has occurred while \output is active [47]
Overfull \hbox (0.28587pt too wide) detected at line 2047
[]\U/matha/m/n/10.95 p\OML/cmm/m/it/10.95 X\U/matha/m/n/10.95 q \OT1/cmr/m/n/10
.95 :\U/matha/m/n/10.95 ^^P []t\OML/cmm/m/it/10.95 n \U/matha/m/n/10.95 P \U/ms
b/m/n/10.95 N[] \U/matha/m/n/10.95 | []\OML/cmm/m/it/10.95 V[] \U/matha/m/n/10.
95 ˆ \OML/cmm/m/it/10.95 V[] \U/matha/m/n/10.95 ˆ [] ˆ \OML/cmm/m/it/10.95 V[];
 V[][]\U/matha/m/n/10.95 u
[48] [49] [50]
Overfull \hbox (17.64655pt too wide) detected at line 2186
[][] \OML/cmm/m/it/10.95 V \U/matha/m/n/10.95 ^^P [] \OMS/cmsy/m/n/10.95 O[] \U
/matha/m/n/10.95 ^^P [] [] ^^P []t\OML/cmm/m/it/10.95 k \U/matha/m/n/10.95 P \U
/msb/m/n/10.95 N \U/matha/m/n/10.95 | []x\OT1/cmr/m/n/10.95 0\U/matha/m/n/10.95
 y ^^X [] ˆ [] \OML/cmm/m/it/10.95 ; \U/matha/m/n/10.95 ˆ \U/euf/m/n/10.95 p[] 
\U/matha/m/n/10.95 ^^P \U/euf/m/n/10.95 m[]\U/matha/m/n/10.95 u
[51]
Overfull \hbox (0.48561pt too wide) in paragraph at lines 2231--2233
[]\T1/cmr/m/it/10.95 Sei $\OML/cmm/m/it/10.95 A$ \T1/cmr/m/it/10.95 end-lich er
-zeug-te, null-tei-ler-freie $\U/msb/m/n/10.95 K$\T1/cmr/m/it/10.95 -Algebra, $
\OML/cmm/m/it/10.95 A\U/matha/m/n/10.95 {\OML/cmm/m/it/10.95 B$
[52] [53]
Underfull \hbox (badness 10000) in paragraph at lines 2332--2333

[54] [55]
Overfull \hbox (13.76538pt too wide) in paragraph at lines 2406--2407
[]\T1/cmr/m/it/10.95 Sei $\OML/cmm/m/it/10.95 V \U/matha/m/n/10.95 „ \U/msb/m/n
/10.95 A[]\U/matha/m/n/10.95 p\U/msb/m/n/10.95 K\U/matha/m/n/10.95 q$ \T1/cmr/m
/it/10.95 af-fi-ne Va-ri-te-ät, $\OML/cmm/m/it/10.95 a \U/matha/m/n/10.95 P \OM
L/cmm/m/it/10.95 V$\T1/cmr/m/it/10.95 , $\OML/cmm/m/it/10.95 I \U/matha/m/n/10.
95 ^^P \OML/cmm/m/it/10.95 I\U/matha/m/n/10.95 p\OML/cmm/m/it/10.95 V\U/matha/m
/n/10.95 q ^^P x\OML/cmm/m/it/10.95 f[]; [] ; f[]\U/matha/m/n/10.95 y$\T1/cmr/m
/it/10.95 .
[56]
Underfull \vbox (badness 1558) has occurred while \output is active [57]
Underfull \hbox (badness 10000) in paragraph at lines 2475--2476


Underfull \hbox (badness 10000) in paragraph at lines 2481--2482

[58] [59]
Underfull \hbox (badness 10000) in paragraph at lines 2574--2576

[60] [61] [62]
Kapitel IV\hskip 1em\relax .
[63] [64]

LaTeX Warning: Command \l invalid in math mode on input line 2728.


LaTeX Warning: Command \l invalid in math mode on input line 2728.

[65] [66]
Underfull \vbox (badness 3148) has occurred while \output is active [67]
[68]
Underfull \hbox (badness 10000) in paragraph at lines 2892--2895


Overfull \hbox (16.63132pt too wide) in paragraph at lines 2895--2896
[]\T1/cmr/m/n/10.95 Sicherlich sind $\U/msb/m/n/10.95 K\U/matha/m/n/10.95 p\OML
/cmm/m/it/10.95 C[]\U/matha/m/n/10.95 q\OML/cmm/m/it/10.95 ; \U/msb/m/n/10.95 K
\U/matha/m/n/10.95 p\OML/cmm/m/it/10.95 C[]\U/matha/m/n/10.95 q$ \T1/cmr/m/n/10
.95 end-lich er-zeugt über $\U/msb/m/n/10.95 K$\T1/cmr/m/n/10.95 . Wei-ter gilt
 $[][]\U/msb/m/n/10.95 K\U/matha/m/n/10.95 p\OML/cmm/m/it/10.95 C[]\U/matha/m/n
/10.95 q ^^P \OT1/cmr/m/n/10.95 1 \U/matha/m/n/10.95 ^^P [][]\U/msb/m/n/10.95 K
\U/matha/m/n/10.95 p\OML/cmm/m/it/10.95 C[]\U/matha/m/n/10.95 q$\T1/cmr/m/n/10.
95 ,
[69] [70] [71] (./AlgGeo15.aux)

LaTeX Font Warning: Size substitutions with differences
(Font)              up to 4.17pt have occurred.

 )
(see the transcript file for additional information){/usr/share/texmf/fonts/enc
/dvips/cm-super/cm-super-t1.enc}</usr/share/texlive/texmf-dist/fonts/type1/publ
ic/amsfonts/cm/cmmi10.pfb></usr/share/texlive/texmf-dist/fonts/type1/public/ams
fonts/cm/cmmi6.pfb></usr/share/texlive/texmf-dist/fonts/type1/public/amsfonts/c
m/cmmi8.pfb></usr/share/texlive/texmf-dist/fonts/type1/public/amsfonts/cm/cmmi9
.pfb></usr/share/texlive/texmf-dist/fonts/type1/public/amsfonts/cm/cmr10.pfb></
usr/share/texlive/texmf-dist/fonts/type1/public/amsfonts/cm/cmr6.pfb></usr/shar
e/texlive/texmf-dist/fonts/type1/public/amsfonts/cm/cmr8.pfb></usr/share/texliv
e/texmf-dist/fonts/type1/public/amsfonts/cm/cmr9.pfb></usr/share/texlive/texmf-
dist/fonts/type1/public/amsfonts/cm/cmsy10.pfb></usr/share/texlive/texmf-dist/f
onts/type1/public/amsfonts/cm/cmsy8.pfb></usr/share/texlive/texmf-dist/fonts/ty
pe1/public/amsfonts/cm/cmti10.pfb></usr/share/texlive/texmf-dist/fonts/type1/pu
blic/amsfonts/euler/eufm10.pfb></usr/share/texlive/texmf-dist/fonts/type1/publi
c/mathabx-type1/matha10.pfb></usr/share/texlive/texmf-dist/fonts/type1/public/m
athabx-type1/matha12.pfb></usr/share/texlive/texmf-dist/fonts/type1/public/math
abx-type1/matha6.pfb></usr/share/texlive/texmf-dist/fonts/type1/public/mathabx-
type1/matha8.pfb></usr/share/texlive/texmf-dist/fonts/type1/public/mathabx-type
1/matha9.pfb></usr/share/texlive/texmf-dist/fonts/type1/public/mathabx-type1/ma
thb10.pfb></usr/share/texlive/texmf-dist/fonts/type1/public/mathabx-type1/mathx
10.pfb></usr/share/texlive/texmf-dist/fonts/type1/public/amsfonts/symbols/msam1
0.pfb></usr/share/texlive/texmf-dist/fonts/type1/public/amsfonts/symbols/msbm10
.pfb></usr/share/texmf/fonts/type1/public/cm-super/sfbx1095.pfb></usr/share/tex
mf/fonts/type1/public/cm-super/sfbx1440.pfb></usr/share/texmf/fonts/type1/publi
c/cm-super/sfbx2074.pfb></usr/share/texmf/fonts/type1/public/cm-super/sfbx2488.
pfb></usr/share/texmf/fonts/type1/public/cm-super/sfbx3583.pfb></usr/share/texm
f/fonts/type1/public/cm-super/sfrm0800.pfb></usr/share/texmf/fonts/type1/public
/cm-super/sfrm0900.pfb></usr/share/texmf/fonts/type1/public/cm-super/sfrm1095.p
fb></usr/share/texmf/fonts/type1/public/cm-super/sfrm1200.pfb></usr/share/texmf
/fonts/type1/public/cm-super/sfsl1095.pfb></usr/share/texmf/fonts/type1/public/
cm-super/sfti0800.pfb></usr/share/texmf/fonts/type1/public/cm-super/sfti1095.pf
b></usr/share/texmf/fonts/type1/public/cm-super/sfti1200.pfb></usr/share/texliv
e/texmf-dist/fonts/type1/public/stmaryrd/stmary10.pfb></usr/share/texlive/texmf
-dist/fonts/type1/public/xypic/xyatip10.pfb></usr/share/texlive/texmf-dist/font
s/type1/public/xypic/xybtip10.pfb>
Output written on AlgGeo15.pdf (71 pages, 695264 bytes).
Transcript written on AlgGeo15.log.
Result: ExitSuccess

Running /usr/bin/convert -verbose AlgGeo15.pdf[0] -resize 70x AlgGeo15.png in an env with 4 entries:
"gs" -q -dQUIET -dSAFER -dBATCH -dNOPAUSE -dNOPROMPT -dMaxBitmap=500000000 -dAlignToPixels=0 -dGridFitTT=2 "-sDEVICE=pngalpha" -dTextAlphaBits=4 -dGraphicsAlphaBits=4 "-r72x72" -dFirstPage=1 -dLastPage=1 "-sOutputFile=/tmp/magick--Ix5NAU7-%08d" "-f/tmp/magick-YM0fHdqW" "-f/tmp/magick-6c1M2XVK"
/tmp/magick--Ix5NAU7-00000001 PNG 595x842 595x842+0+0 8-bit DirectClass 14.4KB 0.010u 0:00.009
AlgGeo15.pdf[0]=>AlgGeo15.pdf PDF 595x842 595x842+0+0 16-bit DirectClass 14.4KB 0.000u 0:00.000
AlgGeo15.pdf[0]=>AlgGeo15.png PDF 595x842=>70x99 70x99+0+0 8-bit DirectClass 0.030u 0:00.019
Result: ExitSuccess

Running /usr/bin/optipng -verbose AlgGeo15.png in an env with 4 entries:
OptiPNG 0.6.4: Advanced PNG optimizer.
Copyright (C) 2001-2010 Cosmin Truta.

** Processing: AlgGeo15.png
70x99 pixels, 2x8 bits/pixel, grayscale+alpha
Reducing image to 8 bits/pixel, 90 colors (89 transparent) in palette
Input IDAT size = 611 bytes
Input file size = 906 bytes

Trying:
  zc = 9  zm = 8  zs = 0  f = 0		IDAT size = 464
  zc = 9  zm = 8  zs = 1  f = 0		IDAT size = 464
  zc = 1  zm = 8  zs = 2  f = 0		IDAT too big
  zc = 9  zm = 8  zs = 3  f = 0		IDAT size = 453
  zc = 9  zm = 8  zs = 0  f = 5		IDAT too big
  zc = 9  zm = 8  zs = 1  f = 5		IDAT too big
  zc = 1  zm = 8  zs = 2  f = 5		IDAT too big
  zc = 9  zm = 8  zs = 3  f = 5		IDAT size = 453

AlgGeo15.png is already optimized.

** Status report
1 file(s) have been processed.
Result: ExitSuccess
