This is pdfTeX, Version 3.1415926-2.5-1.40.14 (TeX Live 2013/Debian) (format=pdflatex 2018.8.7)  7 AUG 2018 14:16
entering extended mode
 restricted \write18 enabled.
 %&-line parsing enabled.
**AlgGeo2.tex
(data/AlgGeo2.tex
LaTeX2e <2011/06/27>
Babel <3.9h> and hyphenation patterns for 78 languages loaded.
(/usr/share/texlive/texmf-dist/tex/latex/koma-script/scrbook.cls
Document Class: scrbook 2013/12/19 v3.12 KOMA-Script document class (book)
(/usr/share/texlive/texmf-dist/tex/latex/koma-script/scrkbase.sty
Package: scrkbase 2013/12/19 v3.12 KOMA-Script package (KOMA-Script-dependent b
asics and keyval usage)

(/usr/share/texlive/texmf-dist/tex/latex/koma-script/scrbase.sty
Package: scrbase 2013/12/19 v3.12 KOMA-Script package (KOMA-Script-independent 
basics and keyval usage)

(/usr/share/texlive/texmf-dist/tex/latex/graphics/keyval.sty
Package: keyval 1999/03/16 v1.13 key=value parser (DPC)
\KV@toks@=\toks14
)
(/usr/share/texlive/texmf-dist/tex/latex/koma-script/scrlfile.sty
Package: scrlfile 2013/12/19 v3.12 KOMA-Script package (loading files)

Package scrlfile, 2013/12/19 v3.12 KOMA-Script package (loading files)
                  Copyright (C) Markus Kohm

))) (/usr/share/texlive/texmf-dist/tex/latex/koma-script/tocbasic.sty
Package: tocbasic 2013/12/19 v3.12 KOMA-Script package (handling toc-files)
)
Package tocbasic Info: omitting babel extension for `toc'
(tocbasic)             because of feature `nobabel' available
(tocbasic)             for `toc' on input line 117.
Package tocbasic Info: omitting babel extension for `lof'
(tocbasic)             because of feature `nobabel' available
(tocbasic)             for `lof' on input line 118.
Package tocbasic Info: omitting babel extension for `lot'
(tocbasic)             because of feature `nobabel' available
(tocbasic)             for `lot' on input line 119.
Package tocbasic Info: defining new hook before heading of `' on input line 111
8.
Class scrbook Info: You've used standard option `oneside'.
(scrbook)           This is correct!
(scrbook)           Internally I'm using `twoside=false'.
(scrbook)           If you'd like to set the option with \KOMAoptions,
(scrbook)           you'd have to use `twoside=false' there
(scrbook)           instead of `oneside', too.
Package scrbase Info: Unknown processing state.
(scrbase)             Processing option `twoside=false'
(scrbase)             of member `.scrbook.cls'
(scrbase)             of family `KOMA'
(scrbase)             doesn't set a valid state.
(scrbase)             This will be interpreted
(scrbase)             as \FamilyKeyStateProcessed on input line 1269.
Class scrbook Info: File `scrsize11pt.clo' used instead of
(scrbook)           file `scrsize11.clo' to setup font sizes on input line 1655
.

(/usr/share/texlive/texmf-dist/tex/latex/koma-script/scrsize11pt.clo
File: scrsize11pt.clo 2013/12/19 v3.12 KOMA-Script font size class option (11pt
)
)
(/usr/share/texlive/texmf-dist/tex/latex/koma-script/typearea.sty
Package: typearea 2013/12/19 v3.12 KOMA-Script package (type area)

Package typearea, 2013/12/19 v3.12 KOMA-Script package (type area)
                  Copyright (C) Frank Neukam, 1992-1994
                  Copyright (C) Markus Kohm, 1994-

\ta@bcor=\skip41
\ta@div=\count79
Package typearea Info: You've used standard option `a4paper'.
(typearea)             This is correct!
(typearea)             Internally I'm using `paper=a4'.
(typearea)             If you'd like to set the option with \KOMAoptions,
(typearea)             you'd have to use `paper=a4' there
(typearea)             instead of `a4paper', too.
Package typearea Info: You've used standard option `oneside'.
(typearea)             This is correct!
(typearea)             Internally I'm using `twoside=false'.
(typearea)             If you'd like to set the option with \KOMAoptions,
(typearea)             you'd have to use `twoside=false' there
(typearea)             instead of `oneside', too.
\ta@hblk=\skip42
\ta@vblk=\skip43
\ta@temp=\skip44
\footheight=\skip45
Package typearea Info: These are the values describing the layout:
(typearea)             DIV  = 10
(typearea)             BCOR = 0.0pt
(typearea)             \paperwidth      = 597.50793pt
(typearea)              \textwidth      = 418.25555pt
(typearea)              DIV departure   = -6%
(typearea)              \evensidemargin = 17.3562pt
(typearea)              \oddsidemargin  = 17.3562pt
(typearea)             \paperheight     = 845.04694pt
(typearea)              \textheight     = 595.80026pt
(typearea)              \topmargin      = -25.16531pt
(typearea)              \headheight     = 17.0pt
(typearea)              \headsep        = 20.40001pt
(typearea)              \topskip        = 11.0pt
(typearea)              \footskip       = 47.6pt
(typearea)              \baselineskip   = 13.6pt
(typearea)              on input line 1330.
)
\c@part=\count80
\c@chapter=\count81
\c@section=\count82
\c@subsection=\count83
\c@subsubsection=\count84
\c@paragraph=\count85
\c@subparagraph=\count86
\abovecaptionskip=\skip46
\belowcaptionskip=\skip47
\c@pti@nb@sid@b@x=\box26
\c@figure=\count87
\c@table=\count88
\bibindent=\dimen102
) (data/latexki.sty)
(/usr/share/texlive/texmf-dist/tex/generic/babel/babel.sty
Package: babel 2013/12/03 3.9h The Babel package

(/usr/share/texlive/texmf-dist/tex/generic/babel-german/ngermanb.ldf
Language: ngermanb 2013/12/13 v2.7 German support for babel (new orthography)

(/usr/share/texlive/texmf-dist/tex/generic/babel/babel.def
File: babel.def 2013/12/03 3.9h Babel common definitions
\babel@savecnt=\count89
\U@D=\dimen103
)
\l@naustrian = a dialect from \language\l@ngerman 
\l@nswissgerman = a dialect from \language\l@ngerman 
Package babel Info: Making " an active character on input line 88.
))
(/usr/share/texlive/texmf-dist/tex/latex/base/inputenc.sty
Package: inputenc 2008/03/30 v1.1d Input encoding file
\inpenc@prehook=\toks15
\inpenc@posthook=\toks16

(/usr/share/texlive/texmf-dist/tex/latex/base/utf8.def
File: utf8.def 2008/04/05 v1.1m UTF-8 support for inputenc
Now handling font encoding OML ...
... no UTF-8 mapping file for font encoding OML
Now handling font encoding T1 ...
... processing UTF-8 mapping file for font encoding T1

(/usr/share/texlive/texmf-dist/tex/latex/base/t1enc.dfu
File: t1enc.dfu 2008/04/05 v1.1m UTF-8 support for inputenc
   defining Unicode char U+00A1 (decimal 161)
   defining Unicode char U+00A3 (decimal 163)
   defining Unicode char U+00AB (decimal 171)
   defining Unicode char U+00BB (decimal 187)
   defining Unicode char U+00BF (decimal 191)
   defining Unicode char U+00C0 (decimal 192)
   defining Unicode char U+00C1 (decimal 193)
   defining Unicode char U+00C2 (decimal 194)
   defining Unicode char U+00C3 (decimal 195)
   defining Unicode char U+00C4 (decimal 196)
   defining Unicode char U+00C5 (decimal 197)
   defining Unicode char U+00C6 (decimal 198)
   defining Unicode char U+00C7 (decimal 199)
   defining Unicode char U+00C8 (decimal 200)
   defining Unicode char U+00C9 (decimal 201)
   defining Unicode char U+00CA (decimal 202)
   defining Unicode char U+00CB (decimal 203)
   defining Unicode char U+00CC (decimal 204)
   defining Unicode char U+00CD (decimal 205)
   defining Unicode char U+00CE (decimal 206)
   defining Unicode char U+00CF (decimal 207)
   defining Unicode char U+00D0 (decimal 208)
   defining Unicode char U+00D1 (decimal 209)
   defining Unicode char U+00D2 (decimal 210)
   defining Unicode char U+00D3 (decimal 211)
   defining Unicode char U+00D4 (decimal 212)
   defining Unicode char U+00D5 (decimal 213)
   defining Unicode char U+00D6 (decimal 214)
   defining Unicode char U+00D8 (decimal 216)
   defining Unicode char U+00D9 (decimal 217)
   defining Unicode char U+00DA (decimal 218)
   defining Unicode char U+00DB (decimal 219)
   defining Unicode char U+00DC (decimal 220)
   defining Unicode char U+00DD (decimal 221)
   defining Unicode char U+00DE (decimal 222)
   defining Unicode char U+00DF (decimal 223)
   defining Unicode char U+00E0 (decimal 224)
   defining Unicode char U+00E1 (decimal 225)
   defining Unicode char U+00E2 (decimal 226)
   defining Unicode char U+00E3 (decimal 227)
   defining Unicode char U+00E4 (decimal 228)
   defining Unicode char U+00E5 (decimal 229)
   defining Unicode char U+00E6 (decimal 230)
   defining Unicode char U+00E7 (decimal 231)
   defining Unicode char U+00E8 (decimal 232)
   defining Unicode char U+00E9 (decimal 233)
   defining Unicode char U+00EA (decimal 234)
   defining Unicode char U+00EB (decimal 235)
   defining Unicode char U+00EC (decimal 236)
   defining Unicode char U+00ED (decimal 237)
   defining Unicode char U+00EE (decimal 238)
   defining Unicode char U+00EF (decimal 239)
   defining Unicode char U+00F0 (decimal 240)
   defining Unicode char U+00F1 (decimal 241)
   defining Unicode char U+00F2 (decimal 242)
   defining Unicode char U+00F3 (decimal 243)
   defining Unicode char U+00F4 (decimal 244)
   defining Unicode char U+00F5 (decimal 245)
   defining Unicode char U+00F6 (decimal 246)
   defining Unicode char U+00F8 (decimal 248)
   defining Unicode char U+00F9 (decimal 249)
   defining Unicode char U+00FA (decimal 250)
   defining Unicode char U+00FB (decimal 251)
   defining Unicode char U+00FC (decimal 252)
   defining Unicode char U+00FD (decimal 253)
   defining Unicode char U+00FE (decimal 254)
   defining Unicode char U+00FF (decimal 255)
   defining Unicode char U+0102 (decimal 258)
   defining Unicode char U+0103 (decimal 259)
   defining Unicode char U+0104 (decimal 260)
   defining Unicode char U+0105 (decimal 261)
   defining Unicode char U+0106 (decimal 262)
   defining Unicode char U+0107 (decimal 263)
   defining Unicode char U+010C (decimal 268)
   defining Unicode char U+010D (decimal 269)
   defining Unicode char U+010E (decimal 270)
   defining Unicode char U+010F (decimal 271)
   defining Unicode char U+0110 (decimal 272)
   defining Unicode char U+0111 (decimal 273)
   defining Unicode char U+0118 (decimal 280)
   defining Unicode char U+0119 (decimal 281)
   defining Unicode char U+011A (decimal 282)
   defining Unicode char U+011B (decimal 283)
   defining Unicode char U+011E (decimal 286)
   defining Unicode char U+011F (decimal 287)
   defining Unicode char U+0130 (decimal 304)
   defining Unicode char U+0131 (decimal 305)
   defining Unicode char U+0132 (decimal 306)
   defining Unicode char U+0133 (decimal 307)
   defining Unicode char U+0139 (decimal 313)
   defining Unicode char U+013A (decimal 314)
   defining Unicode char U+013D (decimal 317)
   defining Unicode char U+013E (decimal 318)
   defining Unicode char U+0141 (decimal 321)
   defining Unicode char U+0142 (decimal 322)
   defining Unicode char U+0143 (decimal 323)
   defining Unicode char U+0144 (decimal 324)
   defining Unicode char U+0147 (decimal 327)
   defining Unicode char U+0148 (decimal 328)
   defining Unicode char U+014A (decimal 330)
   defining Unicode char U+014B (decimal 331)
   defining Unicode char U+0150 (decimal 336)
   defining Unicode char U+0151 (decimal 337)
   defining Unicode char U+0152 (decimal 338)
   defining Unicode char U+0153 (decimal 339)
   defining Unicode char U+0154 (decimal 340)
   defining Unicode char U+0155 (decimal 341)
   defining Unicode char U+0158 (decimal 344)
   defining Unicode char U+0159 (decimal 345)
   defining Unicode char U+015A (decimal 346)
   defining Unicode char U+015B (decimal 347)
   defining Unicode char U+015E (decimal 350)
   defining Unicode char U+015F (decimal 351)
   defining Unicode char U+0160 (decimal 352)
   defining Unicode char U+0161 (decimal 353)
   defining Unicode char U+0162 (decimal 354)
   defining Unicode char U+0163 (decimal 355)
   defining Unicode char U+0164 (decimal 356)
   defining Unicode char U+0165 (decimal 357)
   defining Unicode char U+016E (decimal 366)
   defining Unicode char U+016F (decimal 367)
   defining Unicode char U+0170 (decimal 368)
   defining Unicode char U+0171 (decimal 369)
   defining Unicode char U+0178 (decimal 376)
   defining Unicode char U+0179 (decimal 377)
   defining Unicode char U+017A (decimal 378)
   defining Unicode char U+017B (decimal 379)
   defining Unicode char U+017C (decimal 380)
   defining Unicode char U+017D (decimal 381)
   defining Unicode char U+017E (decimal 382)
   defining Unicode char U+200C (decimal 8204)
   defining Unicode char U+2013 (decimal 8211)
   defining Unicode char U+2014 (decimal 8212)
   defining Unicode char U+2018 (decimal 8216)
   defining Unicode char U+2019 (decimal 8217)
   defining Unicode char U+201A (decimal 8218)
   defining Unicode char U+201C (decimal 8220)
   defining Unicode char U+201D (decimal 8221)
   defining Unicode char U+201E (decimal 8222)
   defining Unicode char U+2030 (decimal 8240)
   defining Unicode char U+2031 (decimal 8241)
   defining Unicode char U+2039 (decimal 8249)
   defining Unicode char U+203A (decimal 8250)
   defining Unicode char U+2423 (decimal 9251)
)
Now handling font encoding OT1 ...
... processing UTF-8 mapping file for font encoding OT1

(/usr/share/texlive/texmf-dist/tex/latex/base/ot1enc.dfu
File: ot1enc.dfu 2008/04/05 v1.1m UTF-8 support for inputenc
   defining Unicode char U+00A1 (decimal 161)
   defining Unicode char U+00A3 (decimal 163)
   defining Unicode char U+00B8 (decimal 184)
   defining Unicode char U+00BF (decimal 191)
   defining Unicode char U+00C5 (decimal 197)
   defining Unicode char U+00C6 (decimal 198)
   defining Unicode char U+00D8 (decimal 216)
   defining Unicode char U+00DF (decimal 223)
   defining Unicode char U+00E6 (decimal 230)
   defining Unicode char U+00EC (decimal 236)
   defining Unicode char U+00ED (decimal 237)
   defining Unicode char U+00EE (decimal 238)
   defining Unicode char U+00EF (decimal 239)
   defining Unicode char U+00F8 (decimal 248)
   defining Unicode char U+0131 (decimal 305)
   defining Unicode char U+0141 (decimal 321)
   defining Unicode char U+0142 (decimal 322)
   defining Unicode char U+0152 (decimal 338)
   defining Unicode char U+0153 (decimal 339)
   defining Unicode char U+2013 (decimal 8211)
   defining Unicode char U+2014 (decimal 8212)
   defining Unicode char U+2018 (decimal 8216)
   defining Unicode char U+2019 (decimal 8217)
   defining Unicode char U+201C (decimal 8220)
   defining Unicode char U+201D (decimal 8221)
)
Now handling font encoding OMS ...
... processing UTF-8 mapping file for font encoding OMS

(/usr/share/texlive/texmf-dist/tex/latex/base/omsenc.dfu
File: omsenc.dfu 2008/04/05 v1.1m UTF-8 support for inputenc
   defining Unicode char U+00A7 (decimal 167)
   defining Unicode char U+00B6 (decimal 182)
   defining Unicode char U+00B7 (decimal 183)
   defining Unicode char U+2020 (decimal 8224)
   defining Unicode char U+2021 (decimal 8225)
   defining Unicode char U+2022 (decimal 8226)
)
Now handling font encoding OMX ...
... no UTF-8 mapping file for font encoding OMX
Now handling font encoding U ...
... no UTF-8 mapping file for font encoding U
   defining Unicode char U+00A9 (decimal 169)
   defining Unicode char U+00AA (decimal 170)
   defining Unicode char U+00AE (decimal 174)
   defining Unicode char U+00BA (decimal 186)
   defining Unicode char U+02C6 (decimal 710)
   defining Unicode char U+02DC (decimal 732)
   defining Unicode char U+200C (decimal 8204)
   defining Unicode char U+2026 (decimal 8230)
   defining Unicode char U+2122 (decimal 8482)
   defining Unicode char U+2423 (decimal 9251)
))
(/usr/share/texlive/texmf-dist/tex/latex/base/fontenc.sty
Package: fontenc 2005/09/27 v1.99g Standard LaTeX package

(/usr/share/texlive/texmf-dist/tex/latex/base/t1enc.def
File: t1enc.def 2005/09/27 v1.99g Standard LaTeX file
LaTeX Font Info:    Redeclaring font encoding T1 on input line 43.
))
(/usr/share/texmf/tex/latex/lm/lmodern.sty
Package: lmodern 2009/10/30 v1.6 Latin Modern Fonts
LaTeX Font Info:    Overwriting symbol font `operators' in version `normal'
(Font)                  OT1/cmr/m/n --> OT1/lmr/m/n on input line 22.
LaTeX Font Info:    Overwriting symbol font `letters' in version `normal'
(Font)                  OML/cmm/m/it --> OML/lmm/m/it on input line 23.
LaTeX Font Info:    Overwriting symbol font `symbols' in version `normal'
(Font)                  OMS/cmsy/m/n --> OMS/lmsy/m/n on input line 24.
LaTeX Font Info:    Overwriting symbol font `largesymbols' in version `normal'
(Font)                  OMX/cmex/m/n --> OMX/lmex/m/n on input line 25.
LaTeX Font Info:    Overwriting symbol font `operators' in version `bold'
(Font)                  OT1/cmr/bx/n --> OT1/lmr/bx/n on input line 26.
LaTeX Font Info:    Overwriting symbol font `letters' in version `bold'
(Font)                  OML/cmm/b/it --> OML/lmm/b/it on input line 27.
LaTeX Font Info:    Overwriting symbol font `symbols' in version `bold'
(Font)                  OMS/cmsy/b/n --> OMS/lmsy/b/n on input line 28.
LaTeX Font Info:    Overwriting symbol font `largesymbols' in version `bold'
(Font)                  OMX/cmex/m/n --> OMX/lmex/m/n on input line 29.
LaTeX Font Info:    Overwriting math alphabet `\mathbf' in version `normal'
(Font)                  OT1/cmr/bx/n --> OT1/lmr/bx/n on input line 31.
LaTeX Font Info:    Overwriting math alphabet `\mathsf' in version `normal'
(Font)                  OT1/cmss/m/n --> OT1/lmss/m/n on input line 32.
LaTeX Font Info:    Overwriting math alphabet `\mathit' in version `normal'
(Font)                  OT1/cmr/m/it --> OT1/lmr/m/it on input line 33.
LaTeX Font Info:    Overwriting math alphabet `\mathtt' in version `normal'
(Font)                  OT1/cmtt/m/n --> OT1/lmtt/m/n on input line 34.
LaTeX Font Info:    Overwriting math alphabet `\mathbf' in version `bold'
(Font)                  OT1/cmr/bx/n --> OT1/lmr/bx/n on input line 35.
LaTeX Font Info:    Overwriting math alphabet `\mathsf' in version `bold'
(Font)                  OT1/cmss/bx/n --> OT1/lmss/bx/n on input line 36.
LaTeX Font Info:    Overwriting math alphabet `\mathit' in version `bold'
(Font)                  OT1/cmr/bx/it --> OT1/lmr/bx/it on input line 37.
LaTeX Font Info:    Overwriting math alphabet `\mathtt' in version `bold'
(Font)                  OT1/cmtt/m/n --> OT1/lmtt/m/n on input line 38.
)
(/usr/share/texmf/tex/latex/pgf/frontendlayer/tikz.sty
(/usr/share/texmf/tex/latex/pgf/basiclayer/pgf.sty
(/usr/share/texmf/tex/latex/pgf/utilities/pgfrcs.sty
(/usr/share/texmf/tex/generic/pgf/utilities/pgfutil-common.tex
\pgfutil@everybye=\toks17
)
(/usr/share/texmf/tex/generic/pgf/utilities/pgfutil-latex.def
\pgfutil@abb=\box27

(/usr/share/texlive/texmf-dist/tex/latex/ms/everyshi.sty
Package: everyshi 2001/05/15 v3.00 EveryShipout Package (MS)
))
(/usr/share/texmf/tex/generic/pgf/utilities/pgfrcs.code.tex
Package: pgfrcs 2010/10/25 v2.10 (rcs-revision 1.24)
))
Package: pgf 2008/01/15 v2.10 (rcs-revision 1.12)

(/usr/share/texmf/tex/latex/pgf/basiclayer/pgfcore.sty
(/usr/share/texlive/texmf-dist/tex/latex/graphics/graphicx.sty
Package: graphicx 1999/02/16 v1.0f Enhanced LaTeX Graphics (DPC,SPQR)

(/usr/share/texlive/texmf-dist/tex/latex/graphics/graphics.sty
Package: graphics 2009/02/05 v1.0o Standard LaTeX Graphics (DPC,SPQR)

(/usr/share/texlive/texmf-dist/tex/latex/graphics/trig.sty
Package: trig 1999/03/16 v1.09 sin cos tan (DPC)
)
(/usr/share/texlive/texmf-dist/tex/latex/latexconfig/graphics.cfg
File: graphics.cfg 2010/04/23 v1.9 graphics configuration of TeX Live
)
Package graphics Info: Driver file: pdftex.def on input line 91.

(/usr/share/texlive/texmf-dist/tex/latex/pdftex-def/pdftex.def
File: pdftex.def 2011/05/27 v0.06d Graphics/color for pdfTeX

(/usr/share/texlive/texmf-dist/tex/generic/oberdiek/infwarerr.sty
Package: infwarerr 2010/04/08 v1.3 Providing info/warning/error messages (HO)
)
(/usr/share/texlive/texmf-dist/tex/generic/oberdiek/ltxcmds.sty
Package: ltxcmds 2011/11/09 v1.22 LaTeX kernel commands for general use (HO)
)
\Gread@gobject=\count90
))
\Gin@req@height=\dimen104
\Gin@req@width=\dimen105
)
(/usr/share/texmf/tex/latex/pgf/systemlayer/pgfsys.sty
(/usr/share/texmf/tex/generic/pgf/systemlayer/pgfsys.code.tex
Package: pgfsys 2010/06/30 v2.10 (rcs-revision 1.37)

(/usr/share/texmf/tex/generic/pgf/utilities/pgfkeys.code.tex
\pgfkeys@pathtoks=\toks18
\pgfkeys@temptoks=\toks19

(/usr/share/texmf/tex/generic/pgf/utilities/pgfkeysfiltered.code.tex
\pgfkeys@tmptoks=\toks20
))
\pgf@x=\dimen106
\pgf@y=\dimen107
\pgf@xa=\dimen108
\pgf@ya=\dimen109
\pgf@xb=\dimen110
\pgf@yb=\dimen111
\pgf@xc=\dimen112
\pgf@yc=\dimen113
\w@pgf@writea=\write3
\r@pgf@reada=\read1
\c@pgf@counta=\count91
\c@pgf@countb=\count92
\c@pgf@countc=\count93
\c@pgf@countd=\count94

(/usr/share/texmf/tex/generic/pgf/systemlayer/pgf.cfg
File: pgf.cfg 2008/05/14  (rcs-revision 1.7)
)
Package pgfsys Info: Driver file for pgf: pgfsys-pdftex.def on input line 900.

(/usr/share/texmf/tex/generic/pgf/systemlayer/pgfsys-pdftex.def
File: pgfsys-pdftex.def 2009/05/22  (rcs-revision 1.26)

(/usr/share/texmf/tex/generic/pgf/systemlayer/pgfsys-common-pdf.def
File: pgfsys-common-pdf.def 2008/05/19  (rcs-revision 1.10)
)))
(/usr/share/texmf/tex/generic/pgf/systemlayer/pgfsyssoftpath.code.tex
File: pgfsyssoftpath.code.tex 2008/07/18  (rcs-revision 1.7)
\pgfsyssoftpath@smallbuffer@items=\count95
\pgfsyssoftpath@bigbuffer@items=\count96
)
(/usr/share/texmf/tex/generic/pgf/systemlayer/pgfsysprotocol.code.tex
File: pgfsysprotocol.code.tex 2006/10/16  (rcs-revision 1.4)
))
(/usr/share/texmf/tex/latex/xcolor/xcolor.sty
Package: xcolor 2007/01/21 v2.11 LaTeX color extensions (UK)

(/usr/share/texlive/texmf-dist/tex/latex/latexconfig/color.cfg
File: color.cfg 2007/01/18 v1.5 color configuration of teTeX/TeXLive
)
Package xcolor Info: Driver file: pdftex.def on input line 225.
Package xcolor Info: Model `cmy' substituted by `cmy0' on input line 1337.
Package xcolor Info: Model `hsb' substituted by `rgb' on input line 1341.
Package xcolor Info: Model `RGB' extended on input line 1353.
Package xcolor Info: Model `HTML' substituted by `rgb' on input line 1355.
Package xcolor Info: Model `Hsb' substituted by `hsb' on input line 1356.
Package xcolor Info: Model `tHsb' substituted by `hsb' on input line 1357.
Package xcolor Info: Model `HSB' substituted by `hsb' on input line 1358.
Package xcolor Info: Model `Gray' substituted by `gray' on input line 1359.
Package xcolor Info: Model `wave' substituted by `hsb' on input line 1360.
)
(/usr/share/texmf/tex/generic/pgf/basiclayer/pgfcore.code.tex
Package: pgfcore 2010/04/11 v2.10 (rcs-revision 1.7)

(/usr/share/texmf/tex/generic/pgf/math/pgfmath.code.tex
(/usr/share/texmf/tex/generic/pgf/math/pgfmathcalc.code.tex
(/usr/share/texmf/tex/generic/pgf/math/pgfmathutil.code.tex)
(/usr/share/texmf/tex/generic/pgf/math/pgfmathparser.code.tex
\pgfmath@dimen=\dimen114
\pgfmath@count=\count97
\pgfmath@box=\box28
\pgfmath@toks=\toks21
\pgfmath@stack@operand=\toks22
\pgfmath@stack@operation=\toks23
)
(/usr/share/texmf/tex/generic/pgf/math/pgfmathfunctions.code.tex
(/usr/share/texmf/tex/generic/pgf/math/pgfmathfunctions.basic.code.tex)
(/usr/share/texmf/tex/generic/pgf/math/pgfmathfunctions.trigonometric.code.tex)
(/usr/share/texmf/tex/generic/pgf/math/pgfmathfunctions.random.code.tex)
(/usr/share/texmf/tex/generic/pgf/math/pgfmathfunctions.comparison.code.tex)
(/usr/share/texmf/tex/generic/pgf/math/pgfmathfunctions.base.code.tex)
(/usr/share/texmf/tex/generic/pgf/math/pgfmathfunctions.round.code.tex)
(/usr/share/texmf/tex/generic/pgf/math/pgfmathfunctions.misc.code.tex)))
(/usr/share/texmf/tex/generic/pgf/math/pgfmathfloat.code.tex
\c@pgfmathroundto@lastzeros=\count98
))
(/usr/share/texmf/tex/generic/pgf/basiclayer/pgfcorepoints.code.tex
File: pgfcorepoints.code.tex 2010/04/09  (rcs-revision 1.20)
\pgf@picminx=\dimen115
\pgf@picmaxx=\dimen116
\pgf@picminy=\dimen117
\pgf@picmaxy=\dimen118
\pgf@pathminx=\dimen119
\pgf@pathmaxx=\dimen120
\pgf@pathminy=\dimen121
\pgf@pathmaxy=\dimen122
\pgf@xx=\dimen123
\pgf@xy=\dimen124
\pgf@yx=\dimen125
\pgf@yy=\dimen126
\pgf@zx=\dimen127
\pgf@zy=\dimen128
)
(/usr/share/texmf/tex/generic/pgf/basiclayer/pgfcorepathconstruct.code.tex
File: pgfcorepathconstruct.code.tex 2010/08/03  (rcs-revision 1.24)
\pgf@path@lastx=\dimen129
\pgf@path@lasty=\dimen130
)
(/usr/share/texmf/tex/generic/pgf/basiclayer/pgfcorepathusage.code.tex
File: pgfcorepathusage.code.tex 2008/04/22  (rcs-revision 1.12)
\pgf@shorten@end@additional=\dimen131
\pgf@shorten@start@additional=\dimen132
)
(/usr/share/texmf/tex/generic/pgf/basiclayer/pgfcorescopes.code.tex
File: pgfcorescopes.code.tex 2010/09/08  (rcs-revision 1.34)
\pgfpic=\box29
\pgf@hbox=\box30
\pgf@layerbox@main=\box31
\pgf@picture@serial@count=\count99
)
(/usr/share/texmf/tex/generic/pgf/basiclayer/pgfcoregraphicstate.code.tex
File: pgfcoregraphicstate.code.tex 2008/04/22  (rcs-revision 1.9)
\pgflinewidth=\dimen133
)
(/usr/share/texmf/tex/generic/pgf/basiclayer/pgfcoretransformations.code.tex
File: pgfcoretransformations.code.tex 2009/06/10  (rcs-revision 1.11)
\pgf@pt@x=\dimen134
\pgf@pt@y=\dimen135
\pgf@pt@temp=\dimen136
)
(/usr/share/texmf/tex/generic/pgf/basiclayer/pgfcorequick.code.tex
File: pgfcorequick.code.tex 2008/10/09  (rcs-revision 1.3)
)
(/usr/share/texmf/tex/generic/pgf/basiclayer/pgfcoreobjects.code.tex
File: pgfcoreobjects.code.tex 2006/10/11  (rcs-revision 1.2)
)
(/usr/share/texmf/tex/generic/pgf/basiclayer/pgfcorepathprocessing.code.tex
File: pgfcorepathprocessing.code.tex 2008/10/09  (rcs-revision 1.8)
)
(/usr/share/texmf/tex/generic/pgf/basiclayer/pgfcorearrows.code.tex
File: pgfcorearrows.code.tex 2008/04/23  (rcs-revision 1.11)
)
(/usr/share/texmf/tex/generic/pgf/basiclayer/pgfcoreshade.code.tex
File: pgfcoreshade.code.tex 2008/11/23  (rcs-revision 1.13)
\pgf@max=\dimen137
\pgf@sys@shading@range@num=\count100
)
(/usr/share/texmf/tex/generic/pgf/basiclayer/pgfcoreimage.code.tex
File: pgfcoreimage.code.tex 2010/03/25  (rcs-revision 1.16)

(/usr/share/texmf/tex/generic/pgf/basiclayer/pgfcoreexternal.code.tex
File: pgfcoreexternal.code.tex 2010/09/01  (rcs-revision 1.17)
\pgfexternal@startupbox=\box32
))
(/usr/share/texmf/tex/generic/pgf/basiclayer/pgfcorelayers.code.tex
File: pgfcorelayers.code.tex 2010/08/27  (rcs-revision 1.2)
)
(/usr/share/texmf/tex/generic/pgf/basiclayer/pgfcoretransparency.code.tex
File: pgfcoretransparency.code.tex 2008/01/17  (rcs-revision 1.2)
)
(/usr/share/texmf/tex/generic/pgf/basiclayer/pgfcorepatterns.code.tex
File: pgfcorepatterns.code.tex 2009/07/02  (rcs-revision 1.3)
)))
(/usr/share/texmf/tex/generic/pgf/modules/pgfmoduleshapes.code.tex
File: pgfmoduleshapes.code.tex 2010/09/09  (rcs-revision 1.13)
\pgfnodeparttextbox=\box33
)
(/usr/share/texmf/tex/generic/pgf/modules/pgfmoduleplot.code.tex
File: pgfmoduleplot.code.tex 2010/10/22  (rcs-revision 1.8)
)
(/usr/share/texmf/tex/latex/pgf/compatibility/pgfcomp-version-0-65.sty
Package: pgfcomp-version-0-65 2007/07/03 v2.10 (rcs-revision 1.7)
\pgf@nodesepstart=\dimen138
\pgf@nodesepend=\dimen139
)
(/usr/share/texmf/tex/latex/pgf/compatibility/pgfcomp-version-1-18.sty
Package: pgfcomp-version-1-18 2007/07/23 v2.10 (rcs-revision 1.1)
))
(/usr/share/texmf/tex/latex/pgf/utilities/pgffor.sty
(/usr/share/texmf/tex/latex/pgf/utilities/pgfkeys.sty
(/usr/share/texmf/tex/generic/pgf/utilities/pgfkeys.code.tex))
(/usr/share/texmf/tex/generic/pgf/utilities/pgffor.code.tex
Package: pgffor 2010/03/23 v2.10 (rcs-revision 1.18)
\pgffor@iter=\dimen140
\pgffor@skip=\dimen141
\pgffor@stack=\toks24
\pgffor@toks=\toks25
))
(/usr/share/texmf/tex/generic/pgf/frontendlayer/tikz/tikz.code.tex
Package: tikz 2010/10/13 v2.10 (rcs-revision 1.76)

(/usr/share/texmf/tex/generic/pgf/libraries/pgflibraryplothandlers.code.tex
File: pgflibraryplothandlers.code.tex 2010/05/31 v2.10 (rcs-revision 1.15)
\pgf@plot@mark@count=\count101
\pgfplotmarksize=\dimen142
)
\tikz@lastx=\dimen143
\tikz@lasty=\dimen144
\tikz@lastxsaved=\dimen145
\tikz@lastysaved=\dimen146
\tikzleveldistance=\dimen147
\tikzsiblingdistance=\dimen148
\tikz@figbox=\box34
\tikz@tempbox=\box35
\tikztreelevel=\count102
\tikznumberofchildren=\count103
\tikznumberofcurrentchild=\count104
\tikz@fig@count=\count105

(/usr/share/texmf/tex/generic/pgf/modules/pgfmodulematrix.code.tex
File: pgfmodulematrix.code.tex 2010/08/24  (rcs-revision 1.4)
\pgfmatrixcurrentrow=\count106
\pgfmatrixcurrentcolumn=\count107
\pgf@matrix@numberofcolumns=\count108
)
\tikz@expandcount=\count109

(/usr/share/texmf/tex/generic/pgf/frontendlayer/tikz/libraries/tikzlibrarytopat
hs.code.tex
File: tikzlibrarytopaths.code.tex 2008/06/17 v2.10 (rcs-revision 1.2)
)))
(/usr/share/texmf/tex/generic/pgf/frontendlayer/tikz/libraries/tikzlibrarymatri
x.code.tex
File: tikzlibrarymatrix.code.tex 2008/06/18 v2.10 (rcs-revision 1.2)
)
(/usr/share/texmf/tex/generic/pgf/frontendlayer/tikz/libraries/tikzlibraryarrow
s.code.tex
File: tikzlibraryarrows.code.tex 2008/01/09 v2.10 (rcs-revision 1.1)

(/usr/share/texmf/tex/generic/pgf/libraries/pgflibraryarrows.code.tex
File: pgflibraryarrows.code.tex 2008/10/27 v2.10 (rcs-revision 1.9)
\arrowsize=\dimen149
))
(/usr/share/texlive/texmf-dist/tex/latex/geometry/geometry.sty
Package: geometry 2010/09/12 v5.6 Page Geometry

(/usr/share/texlive/texmf-dist/tex/generic/oberdiek/ifpdf.sty
Package: ifpdf 2011/01/30 v2.3 Provides the ifpdf switch (HO)
Package ifpdf Info: pdfTeX in PDF mode is detected.
)
(/usr/share/texlive/texmf-dist/tex/generic/oberdiek/ifvtex.sty
Package: ifvtex 2010/03/01 v1.5 Detect VTeX and its facilities (HO)
Package ifvtex Info: VTeX not detected.
)
(/usr/share/texlive/texmf-dist/tex/generic/ifxetex/ifxetex.sty
Package: ifxetex 2010/09/12 v0.6 Provides ifxetex conditional
)
\Gm@cnth=\count110
\Gm@cntv=\count111
\c@Gm@tempcnt=\count112
\Gm@bindingoffset=\dimen150
\Gm@wd@mp=\dimen151
\Gm@odd@mp=\dimen152
\Gm@even@mp=\dimen153
\Gm@layoutwidth=\dimen154
\Gm@layoutheight=\dimen155
\Gm@layouthoffset=\dimen156
\Gm@layoutvoffset=\dimen157
\Gm@dimlist=\toks26
)
(/usr/share/texlive/texmf-dist/tex/latex/index/index.sty
Package: index 2004/01/20 v4.2beta Improved index support (dmj)
\@indexbox=\insert233
\indexproofstyle=\toks27


LaTeX Warning: Command \markboth  has changed.
               Check if current package is valid.


LaTeX Warning: Command \markright  has changed.
               Check if current package is valid.

)
\idxtitle@default=\toks28
\tf@default=\write4
\openout4 = `AlgGeo2.idx'.

Package index Info: Writing index file AlgGeo2.idx on input line 35.
 (/usr/share/texlive/texmf-dist/tex/latex/hyperref/hyperref.sty
Package: hyperref 2012/11/06 v6.83m Hypertext links for LaTeX

(/usr/share/texlive/texmf-dist/tex/generic/oberdiek/hobsub-hyperref.sty
Package: hobsub-hyperref 2012/05/28 v1.13 Bundle oberdiek, subset hyperref (HO)


(/usr/share/texlive/texmf-dist/tex/generic/oberdiek/hobsub-generic.sty
Package: hobsub-generic 2012/05/28 v1.13 Bundle oberdiek, subset generic (HO)
Package: hobsub 2012/05/28 v1.13 Construct package bundles (HO)
Package hobsub Info: Skipping package `infwarerr' (already loaded).
Package hobsub Info: Skipping package `ltxcmds' (already loaded).
Package: ifluatex 2010/03/01 v1.3 Provides the ifluatex switch (HO)
Package ifluatex Info: LuaTeX not detected.
Package hobsub Info: Skipping package `ifvtex' (already loaded).
Package: intcalc 2007/09/27 v1.1 Expandable calculations with integers (HO)
Package hobsub Info: Skipping package `ifpdf' (already loaded).
Package: etexcmds 2011/02/16 v1.5 Avoid name clashes with e-TeX commands (HO)
Package etexcmds Info: Could not find \expanded.
(etexcmds)             That can mean that you are not using pdfTeX 1.50 or
(etexcmds)             that some package has redefined \expanded.
(etexcmds)             In the latter case, load this package earlier.
Package: kvsetkeys 2012/04/25 v1.16 Key value parser (HO)
Package: kvdefinekeys 2011/04/07 v1.3 Define keys (HO)
Package: pdftexcmds 2011/11/29 v0.20 Utility functions of pdfTeX for LuaTeX (HO
)
Package pdftexcmds Info: LuaTeX not detected.
Package pdftexcmds Info: \pdf@primitive is available.
Package pdftexcmds Info: \pdf@ifprimitive is available.
Package pdftexcmds Info: \pdfdraftmode found.
Package: pdfescape 2011/11/25 v1.13 Implements pdfTeX's escape features (HO)
Package: bigintcalc 2012/04/08 v1.3 Expandable calculations on big integers (HO
)
Package: bitset 2011/01/30 v1.1 Handle bit-vector datatype (HO)
Package: uniquecounter 2011/01/30 v1.2 Provide unlimited unique counter (HO)
)
Package hobsub Info: Skipping package `hobsub' (already loaded).
Package: letltxmacro 2010/09/02 v1.4 Let assignment for LaTeX macros (HO)
Package: hopatch 2012/05/28 v1.2 Wrapper for package hooks (HO)
Package: xcolor-patch 2011/01/30 xcolor patch
Package: atveryend 2011/06/30 v1.8 Hooks at the very end of document (HO)
Package atveryend Info: \enddocument detected (standard20110627).
Package: atbegshi 2011/10/05 v1.16 At begin shipout hook (HO)
Package: refcount 2011/10/16 v3.4 Data extraction from label references (HO)
Package: hycolor 2011/01/30 v1.7 Color options for hyperref/bookmark (HO)
)
(/usr/share/texlive/texmf-dist/tex/latex/oberdiek/auxhook.sty
Package: auxhook 2011/03/04 v1.3 Hooks for auxiliary files (HO)
)
(/usr/share/texlive/texmf-dist/tex/latex/oberdiek/kvoptions.sty
Package: kvoptions 2011/06/30 v3.11 Key value format for package options (HO)
)
\@linkdim=\dimen158
\Hy@linkcounter=\count113
\Hy@pagecounter=\count114

(/usr/share/texlive/texmf-dist/tex/latex/hyperref/pd1enc.def
File: pd1enc.def 2012/11/06 v6.83m Hyperref: PDFDocEncoding definition (HO)
Now handling font encoding PD1 ...
... no UTF-8 mapping file for font encoding PD1
)
\Hy@SavedSpaceFactor=\count115

(/usr/share/texlive/texmf-dist/tex/latex/latexconfig/hyperref.cfg
File: hyperref.cfg 2002/06/06 v1.2 hyperref configuration of TeXLive
)
Package hyperref Info: Option `hyperfigures' set `true' on input line 4319.
Package hyperref Info: Hyper figures ON on input line 4441.
Package hyperref Info: Link nesting OFF on input line 4448.
Package hyperref Info: Hyper index ON on input line 4451.
Package hyperref Info: Plain pages OFF on input line 4458.
Package hyperref Info: Backreferencing OFF on input line 4463.
Package hyperref Info: Implicit mode ON; LaTeX internals redefined.
Package hyperref Info: Bookmarks ON on input line 4688.
\c@Hy@tempcnt=\count116

(/usr/share/texlive/texmf-dist/tex/latex/url/url.sty
\Urlmuskip=\muskip10
Package: url 2013/09/16  ver 3.4  Verb mode for urls, etc.
)
LaTeX Info: Redefining \url on input line 5041.
\XeTeXLinkMargin=\dimen159
\Fld@menulength=\count117
\Field@Width=\dimen160
\Fld@charsize=\dimen161
Package hyperref Info: Hyper figures ON on input line 6293.
Package hyperref Info: Link nesting OFF on input line 6300.
Package hyperref Info: Hyper index ON on input line 6303.
Package hyperref Info: backreferencing OFF on input line 6310.
Package hyperref Info: Link coloring OFF on input line 6315.
Package hyperref Info: Link coloring with OCG OFF on input line 6320.
Package hyperref Info: PDF/A mode OFF on input line 6325.
LaTeX Info: Redefining \ref on input line 6365.
LaTeX Info: Redefining \pageref on input line 6369.
\Hy@abspage=\count118
\c@Item=\count119
\c@Hfootnote=\count120
)

Package hyperref Message: Driver: hpdftex.

(/usr/share/texlive/texmf-dist/tex/latex/hyperref/hpdftex.def
File: hpdftex.def 2012/11/06 v6.83m Hyperref driver for pdfTeX
\Fld@listcount=\count121
\c@bookmark@seq@number=\count122

(/usr/share/texlive/texmf-dist/tex/latex/oberdiek/rerunfilecheck.sty
Package: rerunfilecheck 2011/04/15 v1.7 Rerun checks for auxiliary files (HO)
Package uniquecounter Info: New unique counter `rerunfilecheck' on input line 2
82.
)
\Hy@SectionHShift=\skip48
)
Package hyperref Info: Option `colorlinks' set `true' on input line 60.
Package hyperref Info: Option `bookmarksopen' set `true' on input line 60.
Package hyperref Info: Option `bookmarksnumbered' set `true' on input line 60.


Package hyperref Warning: Option `backref' has already been used,
(hyperref)                setting the option has no effect on input line 60.


Package hyperref Warning: Option `pagebackref' has already been used,
(hyperref)                setting the option has no effect on input line 60.

(/usr/share/texlive/texmf-dist/tex/latex/amsfonts/amssymb.sty
Package: amssymb 2013/01/14 v3.01 AMS font symbols

(/usr/share/texlive/texmf-dist/tex/latex/amsfonts/amsfonts.sty
Package: amsfonts 2013/01/14 v3.01 Basic AMSFonts support
\@emptytoks=\toks29
\symAMSa=\mathgroup4
\symAMSb=\mathgroup5
LaTeX Font Info:    Overwriting math alphabet `\mathfrak' in version `bold'
(Font)                  U/euf/m/n --> U/euf/b/n on input line 106.
))
(/usr/share/texlive/texmf-dist/tex/latex/amsmath/amsmath.sty
Package: amsmath 2013/01/14 v2.14 AMS math features
\@mathmargin=\skip49

For additional information on amsmath, use the `?' option.
(/usr/share/texlive/texmf-dist/tex/latex/amsmath/amstext.sty
Package: amstext 2000/06/29 v2.01

(/usr/share/texlive/texmf-dist/tex/latex/amsmath/amsgen.sty
File: amsgen.sty 1999/11/30 v2.0
\@emptytoks=\toks30
\ex@=\dimen162
))
(/usr/share/texlive/texmf-dist/tex/latex/amsmath/amsbsy.sty
Package: amsbsy 1999/11/29 v1.2d
\pmbraise@=\dimen163
)
(/usr/share/texlive/texmf-dist/tex/latex/amsmath/amsopn.sty
Package: amsopn 1999/12/14 v2.01 operator names
)
\inf@bad=\count123
LaTeX Info: Redefining \frac on input line 210.
\uproot@=\count124
\leftroot@=\count125
LaTeX Info: Redefining \overline on input line 306.
\classnum@=\count126
\DOTSCASE@=\count127
LaTeX Info: Redefining \ldots on input line 378.
LaTeX Info: Redefining \dots on input line 381.
LaTeX Info: Redefining \cdots on input line 466.
\Mathstrutbox@=\box36
\strutbox@=\box37
\big@size=\dimen164
LaTeX Font Info:    Redeclaring font encoding OML on input line 566.
LaTeX Font Info:    Redeclaring font encoding OMS on input line 567.
\macc@depth=\count128
\c@MaxMatrixCols=\count129
\dotsspace@=\muskip11
\c@parentequation=\count130
\dspbrk@lvl=\count131
\tag@help=\toks31
\row@=\count132
\column@=\count133
\maxfields@=\count134
\andhelp@=\toks32
\eqnshift@=\dimen165
\alignsep@=\dimen166
\tagshift@=\dimen167
\tagwidth@=\dimen168
\totwidth@=\dimen169
\lineht@=\dimen170
\@envbody=\toks33
\multlinegap=\skip50
\multlinetaggap=\skip51
\mathdisplay@stack=\toks34
LaTeX Info: Redefining \[ on input line 2665.
LaTeX Info: Redefining \] on input line 2666.
)
(/usr/share/texlive/texmf-dist/tex/latex/stmaryrd/stmaryrd.sty
Package: stmaryrd 1994/03/03 St Mary's Road symbol package
\symstmry=\mathgroup6
LaTeX Font Info:    Overwriting symbol font `stmry' in version `bold'
(Font)                  U/stmry/m/n --> U/stmry/b/n on input line 89.
)
(/usr/share/texlive/texmf-dist/tex/latex/tools/enumerate.sty
Package: enumerate 1999/03/05 v3.00 enumerate extensions (DPC)
\@enLab=\toks35
)
(/usr/share/texlive/texmf-dist/tex/latex/etex-pkg/etex.sty
Package: etex 1998/03/26 v2.0 eTeX basic definition package (PEB)
\et@xins=\count135
)
(/usr/share/texlive/texmf-dist/tex/generic/pictex/pictex.sty
(/usr/share/texlive/texmf-dist/tex/generic/pictex/prepictex.tex)
(/usr/share/texlive/texmf-dist/tex/generic/pictex/pictex.tex)
(/usr/share/texlive/texmf-dist/tex/generic/pictex/postpictex.tex)
(/usr/share/texlive/texmf-dist/tex/generic/pictex/picmore.tex)
(/usr/share/texlive/texmf-dist/tex/generic/pictex/piccorr.sty))
(/usr/share/texlive/texmf-dist/tex/latex/ntheorem/ntheorem.sty
Style `ntheorem', Version 1.33 <2011/08/15>
Package: ntheorem 2011/08/15 1.33
(/usr/share/texlive/texmf-dist/tex/latex/base/ifthen.sty
Package: ifthen 2001/05/26 v1.1c Standard LaTeX ifthen package (DPC)
)
\theorem@style=\toks39
\theorem@@style=\toks40
\theorembodyfont=\toks41
\theoremnumbering=\toks42
\theorempreskipamount=\skip52
\theorempostskipamount=\skip53
\theoremframepreskipamount=\skip54
\theoremframepostskipamount=\skip55
\theoreminframepreskipamount=\skip56
\theoreminframepostskipamount=\skip57
\theorem@preskip=\toks43
\theorem@postskip=\toks44
\theorem@framepreskip=\toks45
\theorem@framepostskip=\toks46
\theorem@inframepreskip=\toks47
\theorem@inframepostskip=\toks48
\theoremindent=\dimen304
\theorem@indent=\dimen305
\theoremrightindent=\dimen306
\theorem@rightindent=\dimen307
\theoremheaderfont=\toks49
\theoremseparator=\toks50
\theoremprework=\toks51
\theorempostwork=\toks52
\theoremsymbol=\toks53
\qedsymbol=\toks54
\theoremkeyword=\toks55
\qedsymbol=\toks56
\thm@topsep=\skip58
\thm@topsepadd=\skip59
Package ntheorem Info: Option `thmmarks' loaded on input line 1175.
\c@endNonectr=\count152
\c@currNonectr=\count153
\mysavskip=\skip60
Package ntheorem Info: Option `thref' loaded on input line 1175.
\mysavskip=\skip61
Package ntheorem Info: option `amsmath' handling for `thref' loaded on input li
ne 1175.
Package ntheorem Info: option `amsmath' handling for `thmmarks' loaded on input
 line 1175.
\thm@amstmpdepth=\dimen308
\tagwidth=\dimen309
)
\c@currSatzctr=\count154
\c@endSatzctr=\count155
\c@Satz=\count156
\c@currSatzDefctr=\count157
\c@endSatzDefctr=\count158
\c@currDefctr=\count159
\c@endDefctr=\count160
\c@Def=\count161
\c@currDefBemctr=\count162
\c@endDefBemctr=\count163
\c@currErinnDefBemctr=\count164
\c@endErinnDefBemctr=\count165
\c@currErinnDefctr=\count166
\c@endErinnDefctr=\count167
\c@currDefSatzctr=\count168
\c@endDefSatzctr=\count169
\c@currBemctr=\count170
\c@endBemctr=\count171
\c@currBemDefctr=\count172
\c@endBemDefctr=\count173
\c@currPropctr=\count174
\c@endPropctr=\count175
\c@currPropDefctr=\count176
\c@endPropDefctr=\count177
\c@currFolgctr=\count178
\c@endFolgctr=\count179
\c@currBspctr=\count180
\c@endBspctr=\count181
\c@currDefPropctr=\count182
\c@endDefPropctr=\count183
\c@curranBewctr=\count184
\c@endanBewctr=\count185
\c@currKorctr=\count186
\c@endKorctr=\count187
\c@currLemmactr=\count188
\c@endLemmactr=\count189
\c@Lemma=\count190
\c@currnnBemctr=\count191
\c@endnnBemctr=\count192
\c@nnBem=\count193
\c@currnnBspctr=\count194
\c@endnnBspctr=\count195
\c@nnBsp=\count196
\c@currnnSatzctr=\count197
\c@endnnSatzctr=\count198
\c@nnSatz=\count199
\c@currnnFolgctr=\count200
\c@endnnFolgctr=\count201
\c@nnFolg=\count202
\c@currBeoctr=\count203
\c@endBeoctr=\count204
\c@Beo=\count205
\c@currErictr=\count206
\c@endErictr=\count207
\c@Eri=\count208
\c@currBehctr=\count209
\c@endBehctr=\count210
\c@Beh=\count211
\c@currBewctr=\count212
\c@endBewctr=\count213
\c@Bew=\count214
\c@curranmerkungctr=\count215
\c@endanmerkungctr=\count216
\c@anmerkung=\count217
 (./AlgGeo2.aux)
\openout1 = `AlgGeo2.aux'.

LaTeX Font Info:    Checking defaults for OML/cmm/m/it on input line 312.
LaTeX Font Info:    ... okay on input line 312.
LaTeX Font Info:    Checking defaults for T1/cmr/m/n on input line 312.
LaTeX Font Info:    ... okay on input line 312.
LaTeX Font Info:    Checking defaults for OT1/cmr/m/n on input line 312.
LaTeX Font Info:    ... okay on input line 312.
LaTeX Font Info:    Checking defaults for OMS/cmsy/m/n on input line 312.
LaTeX Font Info:    ... okay on input line 312.
LaTeX Font Info:    Checking defaults for OMX/cmex/m/n on input line 312.
LaTeX Font Info:    ... okay on input line 312.
LaTeX Font Info:    Checking defaults for U/cmr/m/n on input line 312.
LaTeX Font Info:    ... okay on input line 312.
LaTeX Font Info:    Checking defaults for PD1/pdf/m/n on input line 312.
LaTeX Font Info:    ... okay on input line 312.
LaTeX Font Info:    Try loading font information for T1+lmr on input line 312.

(/usr/share/texmf/tex/latex/lm/t1lmr.fd
File: t1lmr.fd 2009/10/30 v1.6 Font defs for Latin Modern
) ABD: EveryShipout initializing macros
(/usr/share/texlive/texmf-dist/tex/context/base/supp-pdf.mkii
[Loading MPS to PDF converter (version 2006.09.02).]
\scratchcounter=\count218
\scratchdimen=\dimen310
\scratchbox=\box44
\nofMPsegments=\count219
\nofMParguments=\count220
\everyMPshowfont=\toks57
\MPscratchCnt=\count221
\MPscratchDim=\dimen311
\MPnumerator=\count222
\makeMPintoPDFobject=\count223
\everyMPtoPDFconversion=\toks58
) (/usr/share/texlive/texmf-dist/tex/latex/oberdiek/epstopdf-base.sty
Package: epstopdf-base 2010/02/09 v2.5 Base part for package epstopdf

(/usr/share/texlive/texmf-dist/tex/latex/oberdiek/grfext.sty
Package: grfext 2010/08/19 v1.1 Manage graphics extensions (HO)
)
Package grfext Info: Graphics extension search list:
(grfext)             [.png,.pdf,.jpg,.mps,.jpeg,.jbig2,.jb2,.PNG,.PDF,.JPG,.JPE
G,.JBIG2,.JB2,.eps]
(grfext)             \AppendGraphicsExtensions on input line 452.

(/usr/share/texlive/texmf-dist/tex/latex/latexconfig/epstopdf-sys.cfg
File: epstopdf-sys.cfg 2010/07/13 v1.3 Configuration of (r)epstopdf for TeX Liv
e
))
*geometry* driver: auto-detecting
*geometry* detected driver: pdftex
*geometry* verbose mode - [ preamble ] result:
* driver: pdftex
* paper: a4paper
* layout: <same size as paper>
* layoutoffset:(h,v)=(0.0pt,0.0pt)
* modes: 
* h-part:(L,W,R)=(56.9055pt, 483.69687pt, 56.9055pt)
* v-part:(T,H,B)=(56.9055pt, 686.7347pt, 101.40665pt)
* \paperwidth=597.50787pt
* \paperheight=845.04684pt
* \textwidth=483.69687pt
* \textheight=686.7347pt
* \oddsidemargin=-15.36449pt
* \evensidemargin=-15.36449pt
* \topmargin=-52.7645pt
* \headheight=17.0pt
* \headsep=20.40001pt
* \topskip=11.0pt
* \footskip=47.6pt
* \marginparwidth=59.7508pt
* \marginparsep=12.8401pt
* \columnsep=10.0pt
* \skip\footins=10.0pt plus 4.0pt minus 2.0pt
* \hoffset=0.0pt
* \voffset=0.0pt
* \mag=1000
* \@twocolumnfalse
* \@twosidefalse
* \@mparswitchfalse
* \@reversemarginfalse
* (1in=72.27pt=25.4mm, 1cm=28.453pt)

\AtBeginShipoutBox=\box45
Package hyperref Info: Link coloring ON on input line 312.
(/usr/share/texlive/texmf-dist/tex/latex/hyperref/nameref.sty
Package: nameref 2012/10/27 v2.43 Cross-referencing by name of section

(/usr/share/texlive/texmf-dist/tex/generic/oberdiek/gettitlestring.sty
Package: gettitlestring 2010/12/03 v1.4 Cleanup title references (HO)
)
\c@section@level=\count224
)
LaTeX Info: Redefining \ref on input line 312.
LaTeX Info: Redefining \pageref on input line 312.
LaTeX Info: Redefining \nameref on input line 312.

(./AlgGeo2.out) (./AlgGeo2.out)
\@outlinefile=\write6
\openout6 = `AlgGeo2.out'.

LaTeX Font Info:    Try loading font information for T1+lmss on input line 314.

 (/usr/share/texmf/tex/latex/lm/t1lmss.fd
File: t1lmss.fd 2009/10/30 v1.6 Font defs for Latin Modern
)
LaTeX Font Info:    Try loading font information for OT1+lmr on input line 314.


(/usr/share/texmf/tex/latex/lm/ot1lmr.fd
File: ot1lmr.fd 2009/10/30 v1.6 Font defs for Latin Modern
)
LaTeX Font Info:    Try loading font information for OML+lmm on input line 314.


(/usr/share/texmf/tex/latex/lm/omllmm.fd
File: omllmm.fd 2009/10/30 v1.6 Font defs for Latin Modern
)
LaTeX Font Info:    Try loading font information for OMS+lmsy on input line 314
.

(/usr/share/texmf/tex/latex/lm/omslmsy.fd
File: omslmsy.fd 2009/10/30 v1.6 Font defs for Latin Modern
)
LaTeX Font Info:    Try loading font information for OMX+lmex on input line 314
.

(/usr/share/texmf/tex/latex/lm/omxlmex.fd
File: omxlmex.fd 2009/10/30 v1.6 Font defs for Latin Modern
)
LaTeX Font Info:    External font `lmex10' loaded for size
(Font)              <14.4> on input line 314.
LaTeX Font Info:    External font `lmex10' loaded for size
(Font)              <10> on input line 314.
LaTeX Font Info:    External font `lmex10' loaded for size
(Font)              <7> on input line 314.
LaTeX Font Info:    Try loading font information for U+msa on input line 314.

(/usr/share/texlive/texmf-dist/tex/latex/amsfonts/umsa.fd
File: umsa.fd 2013/01/14 v3.01 AMS symbols A
)
LaTeX Font Info:    Try loading font information for U+msb on input line 314.

(/usr/share/texlive/texmf-dist/tex/latex/amsfonts/umsb.fd
File: umsb.fd 2013/01/14 v3.01 AMS symbols B
)
LaTeX Font Info:    Try loading font information for U+stmry on input line 314.


(/usr/share/texlive/texmf-dist/tex/latex/stmaryrd/Ustmry.fd)
LaTeX Font Info:    Try loading font information for T1+lmtt on input line 314.


(/usr/share/texmf/tex/latex/lm/t1lmtt.fd
File: t1lmtt.fd 2009/10/30 v1.6 Font defs for Latin Modern
)
Package babel Info: Redefining ngerman shorthand "|
(babel)             in language  on input line 314.
Package babel Info: Redefining ngerman shorthand "~
(babel)             in language  on input line 314.
Package babel Info: Redefining ngerman shorthand "|
(babel)             in language  on input line 314.
Package babel Info: Redefining ngerman shorthand "~
(babel)             in language  on input line 314.
 [1



{/var/lib/texmf/fonts/map/pdftex/updmap/pdftex.map}]
Package babel Info: Redefining ngerman shorthand "|
(babel)             in language  on input line 316.
Package babel Info: Redefining ngerman shorthand "~
(babel)             in language  on input line 316.
 (./AlgGeo2.toc
LaTeX Font Info:    External font `lmex10' loaded for size
(Font)              <10.95> on input line 4.
LaTeX Font Info:    External font `lmex10' loaded for size
(Font)              <8> on input line 4.
LaTeX Font Info:    External font `lmex10' loaded for size
(Font)              <6> on input line 4.
)
\tf@toc=\write7
\openout7 = `AlgGeo2.toc'.

Package babel Info: Redefining ngerman shorthand "|
(babel)             in language  on input line 322.
Package babel Info: Redefining ngerman shorthand "~
(babel)             in language  on input line 322.

** Generating table of Satz,SatzDef,Def,DefBem,BemDef,Prop,PropDef,Bsp,DefProp
(./AlgGeo2.thm
Overfull \hbox (2.79823pt too wide) detected at line 16
\T1/lmr/m/n/10.95 1.1.12 
 []


Overfull \hbox (2.79823pt too wide) detected at line 18
\T1/lmr/m/n/10.95 1.1.13 
 []


Overfull \hbox (2.79823pt too wide) detected at line 19
\T1/lmr/m/n/10.95 1.1.14 
 []


Overfull \hbox (2.79823pt too wide) detected at line 21
\T1/lmr/m/n/10.95 1.1.16 
 []


Overfull \hbox (2.79823pt too wide) detected at line 49
\T1/lmr/m/n/10.95 1.2.11 
 []

)
Package babel Info: Redefining ngerman shorthand "|
(babel)             in language  on input line 329.
Package babel Info: Redefining ngerman shorthand "~
(babel)             in language  on input line 329.
Package babel Info: Redefining ngerman shorthand "|
(babel)             in language  on input line 329.
Package babel Info: Redefining ngerman shorthand "~
(babel)             in language  on input line 329.
 [2


pdfTeX warning (ext4): destination with the same identifier (name{contents.1}) 
has been already used, duplicate ignored

\@EveryShipout@Output ...@Org@Shipout \box \@cclv 
                                                  
l.329 \chapter
              {Vorwort}]
Package babel Info: Redefining ngerman shorthand "|
(babel)             in language  on input line 329.
Package babel Info: Redefining ngerman shorthand "~
(babel)             in language  on input line 329.
Package babel Info: Redefining ngerman shorthand "|
(babel)             in language  on input line 345.
Package babel Info: Redefining ngerman shorthand "~
(babel)             in language  on input line 345.
Package babel Info: Redefining ngerman shorthand "|
(babel)             in language  on input line 345.
Package babel Info: Redefining ngerman shorthand "~
(babel)             in language  on input line 345.
 [3


]
Kapitel 1.
Package babel Info: Redefining ngerman shorthand "|
(babel)             in language  on input line 345.
Package babel Info: Redefining ngerman shorthand "~
(babel)             in language  on input line 345.
Package babel Info: Redefining ngerman shorthand "|
(babel)             in language  on input line 348.
Package babel Info: Redefining ngerman shorthand "~
(babel)             in language  on input line 348.
Package hyperref Info: bookmark level for unknown Def defaults to 0 on input li
ne 351.
Package hyperref Info: bookmark level for unknown Bsp defaults to 0 on input li
ne 383.
Package hyperref Info: bookmark level for unknown Bem defaults to 0 on input li
ne 402.
Package hyperref Info: bookmark level for unknown Bew defaults to 0 on input li
ne 406.
LaTeX Font Info:    External font `lmex10' loaded for size
(Font)              <5> on input line 430.
Package babel Info: Redefining ngerman shorthand "|
(babel)             in language  on input line 435.
Package babel Info: Redefining ngerman shorthand "~
(babel)             in language  on input line 435.
Package babel Info: Redefining ngerman shorthand "|
(babel)             in language  on input line 435.
Package babel Info: Redefining ngerman shorthand "~
(babel)             in language  on input line 435.
[4


]
Package babel Info: Redefining ngerman shorthand "|
(babel)             in language  on input line 522.
Package babel Info: Redefining ngerman shorthand "~
(babel)             in language  on input line 522.
Package babel Info: Redefining ngerman shorthand "|
(babel)             in language  on input line 522.
Package babel Info: Redefining ngerman shorthand "~
(babel)             in language  on input line 522.
 [5]
Package hyperref Info: bookmark level for unknown BemDef defaults to 0 on input
 line 566.
Package babel Info: Redefining ngerman shorthand "|
(babel)             in language  on input line 597.
Package babel Info: Redefining ngerman shorthand "~
(babel)             in language  on input line 597.
Package babel Info: Redefining ngerman shorthand "|
(babel)             in language  on input line 597.
Package babel Info: Redefining ngerman shorthand "~
(babel)             in language  on input line 597.
 [6]
Underfull \hbox (badness 3039) in paragraph at lines 602--602
\T1/lmr/m/n/10.95 Beweis kla-
 []

Package babel Info: Redefining ngerman shorthand "|
(babel)             in language  on input line 676.
Package babel Info: Redefining ngerman shorthand "~
(babel)             in language  on input line 676.
Package babel Info: Redefining ngerman shorthand "|
(babel)             in language  on input line 676.
Package babel Info: Redefining ngerman shorthand "~
(babel)             in language  on input line 676.
[7]
Package babel Info: Redefining ngerman shorthand "|
(babel)             in language  on input line 732.
Package babel Info: Redefining ngerman shorthand "~
(babel)             in language  on input line 732.
Package babel Info: Redefining ngerman shorthand "|
(babel)             in language  on input line 732.
Package babel Info: Redefining ngerman shorthand "~
(babel)             in language  on input line 732.
 [8]
Underfull \hbox (badness 3039) in paragraph at lines 743--743
\T1/lmr/m/n/10.95 Beweis kla-
 []

Package babel Info: Redefining ngerman shorthand "|
(babel)             in language  on input line 769.
Package babel Info: Redefining ngerman shorthand "~
(babel)             in language  on input line 769.
LaTeX Font Info:    Try loading font information for U+euf on input line 780.
(/usr/share/texlive/texmf-dist/tex/latex/amsfonts/ueuf.fd
File: ueuf.fd 2013/01/14 v3.01 Euler Fraktur
)
Package hyperref Info: bookmark level for unknown anmerkung defaults to 0 on in
put line 794.
Package babel Info: Redefining ngerman shorthand "|
(babel)             in language  on input line 840.
Package babel Info: Redefining ngerman shorthand "~
(babel)             in language  on input line 840.
Package babel Info: Redefining ngerman shorthand "|
(babel)             in language  on input line 840.
Package babel Info: Redefining ngerman shorthand "~
(babel)             in language  on input line 840.
 [9]
Package babel Info: Redefining ngerman shorthand "|
(babel)             in language  on input line 933.
Package babel Info: Redefining ngerman shorthand "~
(babel)             in language  on input line 933.
Package babel Info: Redefining ngerman shorthand "|
(babel)             in language  on input line 933.
Package babel Info: Redefining ngerman shorthand "~
(babel)             in language  on input line 933.
 [10]
Package hyperref Info: bookmark level for unknown Prop defaults to 0 on input l
ine 949.
Package babel Info: Redefining ngerman shorthand "|
(babel)             in language  on input line 1026.
Package babel Info: Redefining ngerman shorthand "~
(babel)             in language  on input line 1026.
Package babel Info: Redefining ngerman shorthand "|
(babel)             in language  on input line 1026.
Package babel Info: Redefining ngerman shorthand "~
(babel)             in language  on input line 1026.
 [11]
Package babel Info: Redefining ngerman shorthand "|
(babel)             in language  on input line 1096.
Package babel Info: Redefining ngerman shorthand "~
(babel)             in language  on input line 1096.
Package babel Info: Redefining ngerman shorthand "|
(babel)             in language  on input line 1096.
Package babel Info: Redefining ngerman shorthand "~
(babel)             in language  on input line 1096.

[12]
Package babel Info: Redefining ngerman shorthand "|
(babel)             in language  on input line 1172.
Package babel Info: Redefining ngerman shorthand "~
(babel)             in language  on input line 1172.
Package babel Info: Redefining ngerman shorthand "|
(babel)             in language  on input line 1172.
Package babel Info: Redefining ngerman shorthand "~
(babel)             in language  on input line 1172.
 [13]
Package babel Info: Redefining ngerman shorthand "|
(babel)             in language  on input line 1230.
Package babel Info: Redefining ngerman shorthand "~
(babel)             in language  on input line 1230.
Package babel Info: Redefining ngerman shorthand "|
(babel)             in language  on input line 1241.
Package babel Info: Redefining ngerman shorthand "~
(babel)             in language  on input line 1241.
Package babel Info: Redefining ngerman shorthand "|
(babel)             in language  on input line 1241.
Package babel Info: Redefining ngerman shorthand "~
(babel)             in language  on input line 1241.
 [14]
LaTeX Font Info:    Try loading font information for OMS+lmr on input line 1263
.
 (/usr/share/texmf/tex/latex/lm/omslmr.fd
File: omslmr.fd 2009/10/30 v1.6 Font defs for Latin Modern
)
LaTeX Font Info:    Font shape `OMS/lmr/m/n' in size <10.95> not available
(Font)              Font shape `OMS/lmsy/m/n' tried instead on input line 1263.


Overfull \hbox (29.26443pt too wide) in paragraph at lines 1279--1281
\OML/lmm/m/it/10.95 U \OMS/lmsy/m/n/10.95 ^^R \OML/lmm/m/it/10.95 X$ \T1/lmr/m/
n/10.95 of-fen sei $\OMS/lmsy/m/n/10.95 O[]\OT1/lmr/m/n/10.95 (\OML/lmm/m/it/10
.95 U\OT1/lmr/m/n/10.95 ) := []$
 []

Package babel Info: Redefining ngerman shorthand "|
(babel)             in language  on input line 1286.
Package babel Info: Redefining ngerman shorthand "~
(babel)             in language  on input line 1286.
Package babel Info: Redefining ngerman shorthand "|
(babel)             in language  on input line 1286.
Package babel Info: Redefining ngerman shorthand "~
(babel)             in language  on input line 1286.
[15]
Overfull \hbox (46.1164pt too wide) in paragraph at lines 1290--1291
[]\T1/lmr/m/n/10.95 Sei $[]$ ein Sche-ma und $\OML/lmm/m/it/10.95 R$ \T1/lmr/m/
n/10.95 ein Ring. Dann ist die Zu-ord-nung $\OML/lmm/m/it/10.95 Mor\OT1/lmr/m/n
/10.95 (\OML/lmm/m/it/10.95 X; [] R\OT1/lmr/m/n/10.95 ) \OMS/lmsy/m/n/10.95 ! \
OML/lmm/m/it/10.95 Hom\OT1/lmr/m/n/10.95 (\OML/lmm/m/it/10.95 R; \OMS/lmsy/m/n/
10.95 O[]\OT1/lmr/m/n/10.95 (\OML/lmm/m/it/10.95 X\OT1/lmr/m/n/10.95 ))\OML/lmm
/m/it/10.95 ; \OT1/lmr/m/n/10.95 (\OML/lmm/m/it/10.95 '; '[]\OT1/lmr/m/n/10.95 
) \OMS/lmsy/m/n/10.95 7!
 []

Package babel Info: Redefining ngerman shorthand "|
(babel)             in language  on input line 1327.
Package babel Info: Redefining ngerman shorthand "~
(babel)             in language  on input line 1327.
Package hyperref Info: bookmark level for unknown DefBem defaults to 0 on input
 line 1330.
Package babel Info: Redefining ngerman shorthand "|
(babel)             in language  on input line 1346.
Package babel Info: Redefining ngerman shorthand "~
(babel)             in language  on input line 1346.
Package babel Info: Redefining ngerman shorthand "|
(babel)             in language  on input line 1346.
Package babel Info: Redefining ngerman shorthand "~
(babel)             in language  on input line 1346.
[16]

LaTeX Warning: The counter will not be printed.
             The label is: (g) on input line 1357.


LaTeX Warning: The counter will not be printed.
             The label is: (c) on input line 1371.

Package babel Info: Redefining ngerman shorthand "|
(babel)             in language  on input line 1406.
Package babel Info: Redefining ngerman shorthand "~
(babel)             in language  on input line 1406.
Package babel Info: Redefining ngerman shorthand "|
(babel)             in language  on input line 1411.
Package babel Info: Redefining ngerman shorthand "~
(babel)             in language  on input line 1411.
Package babel Info: Redefining ngerman shorthand "|
(babel)             in language  on input line 1411.
Package babel Info: Redefining ngerman shorthand "~
(babel)             in language  on input line 1411.
[17]
Package hyperref Info: bookmark level for unknown Satz defaults to 0 on input l
ine 1437.
Package hyperref Info: bookmark level for unknown Beh defaults to 0 on input li
ne 1459.
Package babel Info: Redefining ngerman shorthand "|
(babel)             in language  on input line 1479.
Package babel Info: Redefining ngerman shorthand "~
(babel)             in language  on input line 1479.
Package babel Info: Redefining ngerman shorthand "|
(babel)             in language  on input line 1479.
Package babel Info: Redefining ngerman shorthand "~
(babel)             in language  on input line 1479.
 [18]
Package babel Info: Redefining ngerman shorthand "|
(babel)             in language  on input line 1551.
Package babel Info: Redefining ngerman shorthand "~
(babel)             in language  on input line 1551.
Package babel Info: Redefining ngerman shorthand "|
(babel)             in language  on input line 1551.
Package babel Info: Redefining ngerman shorthand "~
(babel)             in language  on input line 1551.
 [19]
Package hyperref Info: bookmark level for unknown nnBsp defaults to 0 on input 
line 1605.
Package babel Info: Redefining ngerman shorthand "|
(babel)             in language  on input line 1613.
Package babel Info: Redefining ngerman shorthand "~
(babel)             in language  on input line 1613.
Package babel Info: Redefining ngerman shorthand "|
(babel)             in language  on input line 1613.
Package babel Info: Redefining ngerman shorthand "~
(babel)             in language  on input line 1613.
 [20]
Underfull \hbox (badness 10000) in paragraph at lines 1616--1618

 []

Package babel Info: Redefining ngerman shorthand "|
(babel)             in language  on input line 1684.
Package babel Info: Redefining ngerman shorthand "~
(babel)             in language  on input line 1684.
Package babel Info: Redefining ngerman shorthand "|
(babel)             in language  on input line 1684.
Package babel Info: Redefining ngerman shorthand "~
(babel)             in language  on input line 1684.
[21]
Package babel Info: Redefining ngerman shorthand "|
(babel)             in language  on input line 1711.
Package babel Info: Redefining ngerman shorthand "~
(babel)             in language  on input line 1711.
Package babel Info: Redefining ngerman shorthand "|
(babel)             in language  on input line 1711.
Package babel Info: Redefining ngerman shorthand "~
(babel)             in language  on input line 1711.
 [22]
Kapitel 2.
Package babel Info: Redefining ngerman shorthand "|
(babel)             in language  on input line 1711.
Package babel Info: Redefining ngerman shorthand "~
(babel)             in language  on input line 1711.
Package babel Info: Redefining ngerman shorthand "|
(babel)             in language  on input line 1713.
Package babel Info: Redefining ngerman shorthand "~
(babel)             in language  on input line 1713.
Package hyperref Info: bookmark level for unknown ErinnDef defaults to 0 on inp
ut line 1742.
Package babel Info: Redefining ngerman shorthand "|
(babel)             in language  on input line 1777.
Package babel Info: Redefining ngerman shorthand "~
(babel)             in language  on input line 1777.
Package babel Info: Redefining ngerman shorthand "|
(babel)             in language  on input line 1777.
Package babel Info: Redefining ngerman shorthand "~
(babel)             in language  on input line 1777.
[23


]
Package hyperref Info: bookmark level for unknown Folg defaults to 0 on input l
ine 1786.
Package babel Info: Redefining ngerman shorthand "|
(babel)             in language  on input line 1791.
Package babel Info: Redefining ngerman shorthand "~
(babel)             in language  on input line 1791.
Package babel Info: Redefining ngerman shorthand "|
(babel)             in language  on input line 1846.
Package babel Info: Redefining ngerman shorthand "~
(babel)             in language  on input line 1846.
Package babel Info: Redefining ngerman shorthand "|
(babel)             in language  on input line 1846.
Package babel Info: Redefining ngerman shorthand "~
(babel)             in language  on input line 1846.
 [24]
Package babel Info: Redefining ngerman shorthand "|
(babel)             in language  on input line 1919.
Package babel Info: Redefining ngerman shorthand "~
(babel)             in language  on input line 1919.
Package babel Info: Redefining ngerman shorthand "|
(babel)             in language  on input line 1919.
Package babel Info: Redefining ngerman shorthand "~
(babel)             in language  on input line 1919.
 [25]
Package babel Info: Redefining ngerman shorthand "|
(babel)             in language  on input line 1994.
Package babel Info: Redefining ngerman shorthand "~
(babel)             in language  on input line 1994.
Package babel Info: Redefining ngerman shorthand "|
(babel)             in language  on input line 1994.
Package babel Info: Redefining ngerman shorthand "~
(babel)             in language  on input line 1994.
 [26]
Package babel Info: Redefining ngerman shorthand "|
(babel)             in language  on input line 2050.
Package babel Info: Redefining ngerman shorthand "~
(babel)             in language  on input line 2050.
Package babel Info: Redefining ngerman shorthand "|
(babel)             in language  on input line 2050.
Package babel Info: Redefining ngerman shorthand "~
(babel)             in language  on input line 2050.
 [27]
Package babel Info: Redefining ngerman shorthand "|
(babel)             in language  on input line 2077.
Package babel Info: Redefining ngerman shorthand "~
(babel)             in language  on input line 2077.
Package babel Info: Redefining ngerman shorthand "|
(babel)             in language  on input line 2116.
Package babel Info: Redefining ngerman shorthand "~
(babel)             in language  on input line 2116.
Package babel Info: Redefining ngerman shorthand "|
(babel)             in language  on input line 2116.
Package babel Info: Redefining ngerman shorthand "~
(babel)             in language  on input line 2116.
 [28]
Package babel Info: Redefining ngerman shorthand "|
(babel)             in language  on input line 2176.
Package babel Info: Redefining ngerman shorthand "~
(babel)             in language  on input line 2176.
Package babel Info: Redefining ngerman shorthand "|
(babel)             in language  on input line 2176.
Package babel Info: Redefining ngerman shorthand "~
(babel)             in language  on input line 2176.
 [29]
Kapitel 3.
Package babel Info: Redefining ngerman shorthand "|
(babel)             in language  on input line 2176.
Package babel Info: Redefining ngerman shorthand "~
(babel)             in language  on input line 2176.
Package babel Info: Redefining ngerman shorthand "|
(babel)             in language  on input line 2178.
Package babel Info: Redefining ngerman shorthand "~
(babel)             in language  on input line 2178.

Package hyperref Warning: Token not allowed in a PDF string (PDFDocEncoding):
(hyperref)                removing `math shift' on input line 2178.


Package hyperref Warning: Token not allowed in a PDF string (PDFDocEncoding):
(hyperref)                removing `subscript' on input line 2178.


Package hyperref Warning: Token not allowed in a PDF string (PDFDocEncoding):
(hyperref)                removing `math shift' on input line 2178.

Package babel Info: Redefining ngerman shorthand "|
(babel)             in language  on input line 2245.
Package babel Info: Redefining ngerman shorthand "~
(babel)             in language  on input line 2245.

Package hyperref Warning: Token not allowed in a PDF string (PDFDocEncoding):
(hyperref)                removing `math shift' on input line 2245.


Package hyperref Warning: Token not allowed in a PDF string (PDFDocEncoding):
(hyperref)                removing `subscript' on input line 2245.


Package hyperref Warning: Token not allowed in a PDF string (PDFDocEncoding):
(hyperref)                removing `math shift' on input line 2245.

Package babel Info: Redefining ngerman shorthand "|
(babel)             in language  on input line 2253.
Package babel Info: Redefining ngerman shorthand "~
(babel)             in language  on input line 2253.
Package babel Info: Redefining ngerman shorthand "|
(babel)             in language  on input line 2253.
Package babel Info: Redefining ngerman shorthand "~
(babel)             in language  on input line 2253.
[30


]
Package babel Info: Redefining ngerman shorthand "|
(babel)             in language  on input line 2335.
Package babel Info: Redefining ngerman shorthand "~
(babel)             in language  on input line 2335.
Package babel Info: Redefining ngerman shorthand "|
(babel)             in language  on input line 2335.
Package babel Info: Redefining ngerman shorthand "~
(babel)             in language  on input line 2335.
 [31] (./AlgGeo2.ind
Package babel Info: Redefining ngerman shorthand "|
(babel)             in language  on input line 1.
Package babel Info: Redefining ngerman shorthand "~
(babel)             in language  on input line 1.
Package babel Info: Redefining ngerman shorthand "|
(babel)             in language  on input line 1.
Package babel Info: Redefining ngerman shorthand "~
(babel)             in language  on input line 1.
 [32]
Package babel Info: Redefining ngerman shorthand "|
(babel)             in language  on input line 1.
Package babel Info: Redefining ngerman shorthand "~
(babel)             in language  on input line 1.
Package babel Info: Redefining ngerman shorthand "|
(babel)             in language  on input line 13.
Package babel Info: Redefining ngerman shorthand "~
(babel)             in language  on input line 13.
Package babel Info: Redefining ngerman shorthand "|
(babel)             in language  on input line 13.
Package babel Info: Redefining ngerman shorthand "~
(babel)             in language  on input line 13.
 [33


])
\tf@thm=\write8
\openout8 = `AlgGeo2.thm'.

Package atveryend Info: Empty hook `BeforeClearDocument' on input line 2347.
Package atveryend Info: Empty hook `AfterLastShipout' on input line 2347.
 (./AlgGeo2.aux)
Package atveryend Info: Executing hook `AtVeryEndDocument' on input line 2347.
Package atveryend Info: Executing hook `AtEndAfterFileList' on input line 2347.

Package rerunfilecheck Info: File `AlgGeo2.out' has not changed.
(rerunfilecheck)             Checksum: BFED053BA1F62B5139BE19A84BCFDDE1;1031.
Package atveryend Info: Empty hook `AtVeryVeryEnd' on input line 2347.
 ) 
Here is how much of TeX's memory you used:
 20356 strings out of 493304
 340796 string characters out of 6139872
 472459 words of memory out of 5000000
 23068 multiletter control sequences out of 15000+600000
 106121 words of font info for 90 fonts, out of 8000000 for 9000
 957 hyphenation exceptions out of 8191
 65i,17n,71p,766b,992s stack positions out of 5000i,500n,10000p,200000b,80000s
{/usr/share/texmf/fonts/enc/dvips/lm/lm-ec.enc}{/usr/share/texmf/fonts/enc/dv
ips/lm/lm-mathit.enc}{/usr/share/texmf/fonts/enc/dvips/lm/lm-rm.enc}{/usr/share
/texmf/fonts/enc/dvips/lm/lm-mathsy.enc}{/usr/share/texmf/fonts/enc/dvips/lm/lm
-mathex.enc}</usr/share/texlive/texmf-dist/fonts/type1/public/amsfonts/euler/eu
fm10.pfb></usr/share/texlive/texmf-dist/fonts/type1/public/amsfonts/euler/eufm7
.pfb></usr/share/texmf/fonts/type1/public/lm/lmbx10.pfb></usr/share/texmf/fonts
/type1/public/lm/lmbx12.pfb></usr/share/texmf/fonts/type1/public/lm/lmbxi10.pfb
></usr/share/texmf/fonts/type1/public/lm/lmex10.pfb></usr/share/texmf/fonts/typ
e1/public/lm/lmmi10.pfb></usr/share/texmf/fonts/type1/public/lm/lmmi5.pfb></usr
/share/texmf/fonts/type1/public/lm/lmmi6.pfb></usr/share/texmf/fonts/type1/publ
ic/lm/lmmi7.pfb></usr/share/texmf/fonts/type1/public/lm/lmmi8.pfb></usr/share/t
exmf/fonts/type1/public/lm/lmr10.pfb></usr/share/texmf/fonts/type1/public/lm/lm
r12.pfb></usr/share/texmf/fonts/type1/public/lm/lmr6.pfb></usr/share/texmf/font
s/type1/public/lm/lmr7.pfb></usr/share/texmf/fonts/type1/public/lm/lmr8.pfb></u
sr/share/texmf/fonts/type1/public/lm/lmri10.pfb></usr/share/texmf/fonts/type1/p
ublic/lm/lmro10.pfb></usr/share/texmf/fonts/type1/public/lm/lmssbx10.pfb></usr/
share/texmf/fonts/type1/public/lm/lmsy10.pfb></usr/share/texmf/fonts/type1/publ
ic/lm/lmsy5.pfb></usr/share/texmf/fonts/type1/public/lm/lmsy6.pfb></usr/share/t
exmf/fonts/type1/public/lm/lmsy7.pfb></usr/share/texmf/fonts/type1/public/lm/lm
sy8.pfb></usr/share/texmf/fonts/type1/public/lm/lmtt10.pfb></usr/share/texmf/fo
nts/type1/public/lm/lmtt12.pfb></usr/share/texlive/texmf-dist/fonts/type1/publi
c/amsfonts/symbols/msam10.pfb></usr/share/texlive/texmf-dist/fonts/type1/public
/amsfonts/symbols/msbm10.pfb>
Output written on AlgGeo2.pdf (33 pages, 530479 bytes).
PDF statistics:
 726 PDF objects out of 1000 (max. 8388607)
 656 compressed objects within 7 object streams
 315 named destinations out of 1000 (max. 500000)
 149 words of extra memory for PDF output out of 10000 (max. 10000000)

