
Running /usr/bin/pdflatex AlgGeo.tex in an env with 4 entries:
This is pdfTeX, Version 3.1415926-2.5-1.40.14 (TeX Live 2013/Debian)
 restricted \write18 enabled.
entering extended mode
(data/AlgGeo.tex
LaTeX2e <2011/06/27>
Babel <3.9h> and hyphenation patterns for 78 languages loaded.
(/usr/share/texlive/texmf-dist/tex/latex/koma-script/scrreprt.cls
Document Class: scrreprt 2013/12/19 v3.12 KOMA-Script document class (report)
(/usr/share/texlive/texmf-dist/tex/latex/koma-script/scrkbase.sty
(/usr/share/texlive/texmf-dist/tex/latex/koma-script/scrbase.sty
(/usr/share/texlive/texmf-dist/tex/latex/graphics/keyval.sty)
(/usr/share/texlive/texmf-dist/tex/latex/koma-script/scrlfile.sty
Package scrlfile, 2013/12/19 v3.12 KOMA-Script package (loading files)
                  Copyright (C) Markus Kohm

))) (/usr/share/texlive/texmf-dist/tex/latex/koma-script/tocbasic.sty)
(/usr/share/texlive/texmf-dist/tex/latex/koma-script/scrsize12pt.clo)
(/usr/share/texlive/texmf-dist/tex/latex/koma-script/typearea.sty
Package typearea, 2013/12/19 v3.12 KOMA-Script package (type area)
                  Copyright (C) Frank Neukam, 1992-1994
                  Copyright (C) Markus Kohm, 1994-

)) (/usr/share/texlive/texmf-dist/tex/latex/etex-pkg/etex.sty)
(data/latexki.sty)
(/usr/share/texlive/texmf-dist/tex/generic/german/ngerman.sty v2.5e 1998-07-08)
 (/usr/share/texlive/texmf-dist/tex/latex/base/inputenc.sty
(/usr/share/texlive/texmf-dist/tex/latex/base/utf8.def
(/usr/share/texlive/texmf-dist/tex/latex/base/t1enc.dfu)
(/usr/share/texlive/texmf-dist/tex/latex/base/ot1enc.dfu)
(/usr/share/texlive/texmf-dist/tex/latex/base/omsenc.dfu)))
(/usr/share/texlive/texmf-dist/tex/latex/base/fontenc.sty
(/usr/share/texlive/texmf-dist/tex/latex/base/t1enc.def))
(/usr/share/texmf/tex/latex/lm/lmodern.sty)
(/usr/share/texmf/tex/latex/pgf/frontendlayer/tikz.sty
(/usr/share/texmf/tex/latex/pgf/basiclayer/pgf.sty
(/usr/share/texmf/tex/latex/pgf/utilities/pgfrcs.sty
(/usr/share/texmf/tex/generic/pgf/utilities/pgfutil-common.tex)
(/usr/share/texmf/tex/generic/pgf/utilities/pgfutil-latex.def
(/usr/share/texlive/texmf-dist/tex/latex/ms/everyshi.sty))
(/usr/share/texmf/tex/generic/pgf/utilities/pgfrcs.code.tex))
(/usr/share/texmf/tex/latex/pgf/basiclayer/pgfcore.sty
(/usr/share/texlive/texmf-dist/tex/latex/graphics/graphicx.sty
(/usr/share/texlive/texmf-dist/tex/latex/graphics/graphics.sty
(/usr/share/texlive/texmf-dist/tex/latex/graphics/trig.sty)
(/usr/share/texlive/texmf-dist/tex/latex/latexconfig/graphics.cfg)
(/usr/share/texlive/texmf-dist/tex/latex/pdftex-def/pdftex.def
(/usr/share/texlive/texmf-dist/tex/generic/oberdiek/infwarerr.sty)
(/usr/share/texlive/texmf-dist/tex/generic/oberdiek/ltxcmds.sty))))
(/usr/share/texmf/tex/latex/pgf/systemlayer/pgfsys.sty
(/usr/share/texmf/tex/generic/pgf/systemlayer/pgfsys.code.tex
(/usr/share/texmf/tex/generic/pgf/utilities/pgfkeys.code.tex
(/usr/share/texmf/tex/generic/pgf/utilities/pgfkeysfiltered.code.tex))
(/usr/share/texmf/tex/generic/pgf/systemlayer/pgf.cfg)
(/usr/share/texmf/tex/generic/pgf/systemlayer/pgfsys-pdftex.def
(/usr/share/texmf/tex/generic/pgf/systemlayer/pgfsys-common-pdf.def)))
(/usr/share/texmf/tex/generic/pgf/systemlayer/pgfsyssoftpath.code.tex)
(/usr/share/texmf/tex/generic/pgf/systemlayer/pgfsysprotocol.code.tex))
(/usr/share/texmf/tex/latex/xcolor/xcolor.sty
(/usr/share/texlive/texmf-dist/tex/latex/latexconfig/color.cfg))
(/usr/share/texmf/tex/generic/pgf/basiclayer/pgfcore.code.tex
(/usr/share/texmf/tex/generic/pgf/math/pgfmath.code.tex
(/usr/share/texmf/tex/generic/pgf/math/pgfmathcalc.code.tex
(/usr/share/texmf/tex/generic/pgf/math/pgfmathutil.code.tex)
(/usr/share/texmf/tex/generic/pgf/math/pgfmathparser.code.tex)
(/usr/share/texmf/tex/generic/pgf/math/pgfmathfunctions.code.tex
(/usr/share/texmf/tex/generic/pgf/math/pgfmathfunctions.basic.code.tex)
(/usr/share/texmf/tex/generic/pgf/math/pgfmathfunctions.trigonometric.code.tex)
(/usr/share/texmf/tex/generic/pgf/math/pgfmathfunctions.random.code.tex)
(/usr/share/texmf/tex/generic/pgf/math/pgfmathfunctions.comparison.code.tex)
(/usr/share/texmf/tex/generic/pgf/math/pgfmathfunctions.base.code.tex)
(/usr/share/texmf/tex/generic/pgf/math/pgfmathfunctions.round.code.tex)
(/usr/share/texmf/tex/generic/pgf/math/pgfmathfunctions.misc.code.tex)))
(/usr/share/texmf/tex/generic/pgf/math/pgfmathfloat.code.tex))
(/usr/share/texmf/tex/generic/pgf/basiclayer/pgfcorepoints.code.tex)
(/usr/share/texmf/tex/generic/pgf/basiclayer/pgfcorepathconstruct.code.tex)
(/usr/share/texmf/tex/generic/pgf/basiclayer/pgfcorepathusage.code.tex)
(/usr/share/texmf/tex/generic/pgf/basiclayer/pgfcorescopes.code.tex)
(/usr/share/texmf/tex/generic/pgf/basiclayer/pgfcoregraphicstate.code.tex)
(/usr/share/texmf/tex/generic/pgf/basiclayer/pgfcoretransformations.code.tex)
(/usr/share/texmf/tex/generic/pgf/basiclayer/pgfcorequick.code.tex)
(/usr/share/texmf/tex/generic/pgf/basiclayer/pgfcoreobjects.code.tex)
(/usr/share/texmf/tex/generic/pgf/basiclayer/pgfcorepathprocessing.code.tex)
(/usr/share/texmf/tex/generic/pgf/basiclayer/pgfcorearrows.code.tex)
(/usr/share/texmf/tex/generic/pgf/basiclayer/pgfcoreshade.code.tex)
(/usr/share/texmf/tex/generic/pgf/basiclayer/pgfcoreimage.code.tex
(/usr/share/texmf/tex/generic/pgf/basiclayer/pgfcoreexternal.code.tex))
(/usr/share/texmf/tex/generic/pgf/basiclayer/pgfcorelayers.code.tex)
(/usr/share/texmf/tex/generic/pgf/basiclayer/pgfcoretransparency.code.tex)
(/usr/share/texmf/tex/generic/pgf/basiclayer/pgfcorepatterns.code.tex)))
(/usr/share/texmf/tex/generic/pgf/modules/pgfmoduleshapes.code.tex)
(/usr/share/texmf/tex/generic/pgf/modules/pgfmoduleplot.code.tex)
(/usr/share/texmf/tex/latex/pgf/compatibility/pgfcomp-version-0-65.sty)
(/usr/share/texmf/tex/latex/pgf/compatibility/pgfcomp-version-1-18.sty))
(/usr/share/texmf/tex/latex/pgf/utilities/pgffor.sty
(/usr/share/texmf/tex/latex/pgf/utilities/pgfkeys.sty
(/usr/share/texmf/tex/generic/pgf/utilities/pgfkeys.code.tex))
(/usr/share/texmf/tex/generic/pgf/utilities/pgffor.code.tex))
(/usr/share/texmf/tex/generic/pgf/frontendlayer/tikz/tikz.code.tex
(/usr/share/texmf/tex/generic/pgf/libraries/pgflibraryplothandlers.code.tex)
(/usr/share/texmf/tex/generic/pgf/modules/pgfmodulematrix.code.tex)
(/usr/share/texmf/tex/generic/pgf/frontendlayer/tikz/libraries/tikzlibrarytopat
hs.code.tex))) (/usr/share/texlive/texmf-dist/tex/latex/geometry/geometry.sty
(/usr/share/texlive/texmf-dist/tex/generic/oberdiek/ifpdf.sty)
(/usr/share/texlive/texmf-dist/tex/generic/oberdiek/ifvtex.sty)
(/usr/share/texlive/texmf-dist/tex/generic/ifxetex/ifxetex.sty))
(/usr/share/texlive/texmf-dist/tex/latex/index/index.sty)
(/usr/share/texlive/texmf-dist/tex/latex/hyperref/hyperref.sty
(/usr/share/texlive/texmf-dist/tex/generic/oberdiek/hobsub-hyperref.sty
(/usr/share/texlive/texmf-dist/tex/generic/oberdiek/hobsub-generic.sty))
(/usr/share/texlive/texmf-dist/tex/latex/oberdiek/auxhook.sty)
(/usr/share/texlive/texmf-dist/tex/latex/oberdiek/kvoptions.sty)
(/usr/share/texlive/texmf-dist/tex/latex/hyperref/pd1enc.def)
(/usr/share/texlive/texmf-dist/tex/latex/latexconfig/hyperref.cfg)
(/usr/share/texlive/texmf-dist/tex/latex/url/url.sty))

Package hyperref Message: Driver (autodetected): hpdftex.

(/usr/share/texlive/texmf-dist/tex/latex/hyperref/hpdftex.def
(/usr/share/texlive/texmf-dist/tex/latex/oberdiek/rerunfilecheck.sty))

Package hyperref Warning: Option `backref' has already been used,
(hyperref)                setting the option has no effect on input line 59.


Package hyperref Warning: Option `pagebackref' has already been used,
(hyperref)                setting the option has no effect on input line 59.


Package hyperref Warning: Values of option `pdfpagemode':
(hyperref)                * `UseNone'
(hyperref)                * `UseOutlines'
(hyperref)                * `UseThumbs'
(hyperref)                * `FullScreen'
(hyperref)                * `UseOC' (PDF 1.5)
(hyperref)                * `UseAttachments' (PDF 1.6)
(hyperref)                * An empty value disables the option.
(hyperref)                Unknown value `None' on input line 59.

(/usr/share/texlive/texmf-dist/tex/latex/amsfonts/amssymb.sty
(/usr/share/texlive/texmf-dist/tex/latex/amsfonts/amsfonts.sty))
(/usr/share/texlive/texmf-dist/tex/latex/amsmath/amsmath.sty
For additional information on amsmath, use the `?' option.
(/usr/share/texlive/texmf-dist/tex/latex/amsmath/amstext.sty
(/usr/share/texlive/texmf-dist/tex/latex/amsmath/amsgen.sty))
(/usr/share/texlive/texmf-dist/tex/latex/amsmath/amsbsy.sty)
(/usr/share/texlive/texmf-dist/tex/latex/amsmath/amsopn.sty))
(/usr/share/texlive/texmf-dist/tex/latex/stmaryrd/stmaryrd.sty)
(/usr/share/texlive/texmf-dist/tex/latex/enumitem/enumitem.sty)
(/usr/share/texlive/texmf-dist/tex/generic/xypic/xy.sty
(/usr/share/texlive/texmf-dist/tex/generic/xypic/xy.tex Bootstrap'ing:
catcodes, docmode, (/usr/share/texlive/texmf-dist/tex/generic/xypic/xyrecat.tex
) (/usr/share/texlive/texmf-dist/tex/generic/xypic/xyidioms.tex)

 Xy-pic version 3.8.9 <2013/10/06>
 Copyright (c) 1991-2013 by Kristoffer H. Rose <krisrose@tug.org> and others
 Xy-pic is free software: see the User's Guide for details.

Loading kernel: messages; fonts; allocations: state, direction,
utility macros; pictures: \xy, positions, objects, decorations;
kernel objects: directionals, circles, text; options; algorithms: directions,
edges, connections;  Xy-pic loaded)
(/usr/share/texlive/texmf-dist/tex/generic/xypic/xyarrow.tex
 Xy-pic option: Arrow and Path feature v.3.9 path, \ar, loaded)
(/usr/share/texlive/texmf-dist/tex/generic/xypic/xymatrix.tex
 Xy-pic option: Matrix feature v.3.14 loaded)
(/usr/share/texlive/texmf-dist/tex/generic/xypic/xycurve.tex
 Xy-pic option: Curve and Spline extension v.3.12 curve, circles, loaded)
(/usr/share/texlive/texmf-dist/tex/generic/xypic/xypdf.tex
 Xy-pic option: PDF driver v.1.7 Xy-pic pdf driver: `curve' extension support
(/usr/share/texlive/texmf-dist/tex/generic/xypic/xypdf-cu.tex loaded) loaded))
(/usr/share/texlive/texmf-dist/tex/generic/pictex/pictex.sty
(/usr/share/texlive/texmf-dist/tex/generic/pictex/prepictex.tex)
(/usr/share/texlive/texmf-dist/tex/generic/pictex/pictex.tex)
(/usr/share/texlive/texmf-dist/tex/generic/pictex/postpictex.tex)
(/usr/share/texlive/texmf-dist/tex/generic/pictex/picmore.tex)
(/usr/share/texlive/texmf-dist/tex/generic/pictex/piccorr.sty))
(/usr/share/texlive/texmf-dist/tex/latex/ntheorem/ntheorem.sty
Style `ntheorem', Version 1.33 <2011/08/15>
(/usr/share/texlive/texmf-dist/tex/latex/base/ifthen.sty))
No file AlgGeo.aux.
(/usr/share/texmf/tex/latex/lm/t1lmr.fd) ABD: EveryShipout initializing macros
(/usr/share/texlive/texmf-dist/tex/context/base/supp-pdf.mkii
[Loading MPS to PDF converter (version 2006.09.02).]
) (/usr/share/texlive/texmf-dist/tex/latex/oberdiek/epstopdf-base.sty
(/usr/share/texlive/texmf-dist/tex/latex/oberdiek/grfext.sty)
(/usr/share/texlive/texmf-dist/tex/latex/latexconfig/epstopdf-sys.cfg))
*geometry* driver: auto-detecting
*geometry* detected driver: pdftex
(/usr/share/texlive/texmf-dist/tex/latex/hyperref/nameref.sty
(/usr/share/texlive/texmf-dist/tex/generic/oberdiek/gettitlestring.sty))
(/usr/share/texmf/tex/latex/lm/ot1lmr.fd)
(/usr/share/texmf/tex/latex/lm/omllmm.fd)
(/usr/share/texmf/tex/latex/lm/omslmsy.fd)
(/usr/share/texmf/tex/latex/lm/omxlmex.fd)
(/usr/share/texlive/texmf-dist/tex/latex/amsfonts/umsa.fd)
(/usr/share/texlive/texmf-dist/tex/latex/amsfonts/umsb.fd)
(/usr/share/texlive/texmf-dist/tex/latex/stmaryrd/Ustmry.fd)
(/usr/share/texmf/tex/latex/lm/t1lmss.fd)
(/usr/share/texmf/tex/latex/lm/t1lmtt.fd) [1{/var/lib/texmf/fonts/map/pdftex/up
dmap/pdftex.map}]
** Generating table of Satz,SatzDef,Def,DefBem,BemDef,Prop,PropDef,Bsp,DefProp
No file AlgGeo.thm.
[2pdfTeX warning (ext4): destination with the same identifier (name{contents.1}
) has been already used, duplicate ignored

\@EveryShipout@Output ...@Org@Shipout \box \@cclv 
                                                  
l.208 \chapter
              {Vorwort}] [3]
Kapitel 1.

Overfull \hbox (1.087pt too wide) in paragraph at lines 229--231
\T1/lmr/m/n/12 Ist $\OML/lmm/m/it/12 A$ \T1/lmr/m/n/12 ei-ne $\OML/lmm/m/it/12 
k$\T1/lmr/m/n/12 -Algebra und sind $\OML/lmm/m/it/12 a[]; [] ; a[] \OMS/lmsy/m/
n/12 2 \OML/lmm/m/it/12 A$\T1/lmr/m/n/12 , so gibt es ge-nau einen $\OML/lmm/m/
it/12 k$\T1/lmr/m/n/12 -Algebra-Homomorphismus
[4] <xymatrix 2x2 127> [5] [6] [7] [8]
Underfull \hbox (badness 10000) in paragraph at lines 465--479


Underfull \hbox (badness 10000) in paragraph at lines 465--479


Underfull \hbox (badness 10000) in paragraph at lines 465--479

<xymatrix 2x2 168> [9] <xymatrix 2x2 168> [10] <xymatrix 2x2 168>
Underfull \hbox (badness 10000) in paragraph at lines 588--594

[11]

LaTeX Warning: Reference `bem:6.5' on page 12 undefined on input line 615.

[12] <xymatrix 3x5 530> [13]

LaTeX Warning: Reference `bem:5.3' on page 14 undefined on input line 682.


Underfull \hbox (badness 10000) in paragraph at lines 703--704

[14]
Underfull \hbox (badness 10000) in paragraph at lines 717--719


Underfull \hbox (badness 10000) in paragraph at lines 720--721


Overfull \hbox (3.00328pt too wide) in paragraph at lines 749--752
[]$\OMS/lmsy/m/n/12 ^^X$ \T1/lmr/m/n/12 ist tran-si-tiv: Sei-en $\OT1/lmr/m/n/1
2 (\OML/lmm/m/it/12 U; f\OT1/lmr/m/n/12 ) \OMS/lmsy/m/n/12 ^^X \OT1/lmr/m/n/12 
(\OML/lmm/m/it/12 U[]; f[]\OT1/lmr/m/n/12 )\OML/lmm/m/it/12 ; \OT1/lmr/m/n/12 (
\OML/lmm/m/it/12 U[]; f[]\OT1/lmr/m/n/12 ) \OMS/lmsy/m/n/12 ^^X \OT1/lmr/m/n/12
 (\OML/lmm/m/it/12 U[]; f[]\OT1/lmr/m/n/12 )$\T1/lmr/m/n/12 , dann folgt: $\OML
/lmm/m/it/12 f\OMS/lmsy/m/n/12 j[] \OT1/lmr/m/n/12 =
[15]

LaTeX Warning: Reference `prop:6.6' on page 16 undefined on input line 809.


LaTeX Warning: Reference `satz:HNSaffin' on page 16 undefined on input line 809
.


LaTeX Warning: Reference `prop:6.6' on page 16 undefined on input line 809.


LaTeX Warning: Reference `satz:HNSaffin' on page 16 undefined on input line 809
.


LaTeX Warning: Reference `satz:HNSaffin' on page 16 undefined on input line 818
.

[16]
Kapitel 2.

Package hyperref Warning: Token not allowed in a PDF string (PDFDocEncoding):
(hyperref)                removing `math shift' on input line 831.


Package hyperref Warning: Token not allowed in a PDF string (PDFDocEncoding):
(hyperref)                removing `superscript' on input line 831.


Package hyperref Warning: Token not allowed in a PDF string (PDFDocEncoding):
(hyperref)                removing `math shift' on input line 831.


Underfull \hbox (badness 10000) in paragraph at lines 839--854


Underfull \hbox (badness 10000) in paragraph at lines 839--854


Underfull \hbox (badness 10000) in paragraph at lines 839--854


Overfull \hbox (3.86916pt too wide) in paragraph at lines 875--876
[]$\U/msb/m/n/12 P[]\OT1/lmr/m/n/12 (\OML/lmm/m/it/12 k\OT1/lmr/m/n/12 )$ \T1/l
mr/m/n/12 ist dis-junk-te Ver-ei-ni-gung von $\U/msb/m/n/12 A[]\OT1/lmr/m/n/12 
(\OML/lmm/m/it/12 k\OT1/lmr/m/n/12 )$ \T1/lmr/m/n/12 und $\U/msb/m/n/12 P[]\OT1
/lmr/m/n/12 (\OML/lmm/m/it/12 k\OT1/lmr/m/n/12 )$\T1/lmr/m/n/12 , oder auch von
 $\U/msb/m/n/12 A[]\OT1/lmr/m/n/12 (\OML/lmm/m/it/12 k\OT1/lmr/m/n/12 )\OML/lmm
/m/it/12 ; \U/msb/m/n/12 A[]\OT1/lmr/m/n/12 (\OML/lmm/m/it/12 k\OT1/lmr/m/n/12 
)\OML/lmm/m/it/12 ; [] ; \U/msb/m/n/12 A[]\OT1/lmr/m/n/12 (\OML/lmm/m/it/12 k\O
T1/lmr/m/n/12 )$\T1/lmr/m/n/12 . 
[17]
Underfull \hbox (badness 10000) in paragraph at lines 911--913

[18]

LaTeX Warning: Reference `defbem:8.6' on page 19 undefined on input line 933.


LaTeX Warning: Reference `defbem:8.10' on page 19 undefined on input line 972.


LaTeX Warning: Reference `defbem:8.10' on page 19 undefined on input line 972.


LaTeX Warning: Reference `satz:HNS' on page 19 undefined on input line 972.

[19]

LaTeX Warning: Reference `bem:2.7' on page 20 undefined on input line 1006.

[20]

LaTeX Warning: Reference `bem:9.5' on page 21 undefined on input line 1056.


LaTeX Warning: Reference `bem:2.7' on page 21 undefined on input line 1071.

[21]

LaTeX Warning: Reference `def:6.2' on page 22 undefined on input line 1098.

[22]
Underfull \hbox (badness 10000) in paragraph at lines 1154--1162


Underfull \hbox (badness 10000) in paragraph at lines 1154--1162

[23] [24]

LaTeX Warning: Reference `bem:10.3' on page 25 undefined on input line 1215.


Underfull \hbox (badness 10000) in paragraph at lines 1238--1239

[25]

LaTeX Warning: Reference `defbem:11.1' on page 26 undefined on input line 1270.



LaTeX Warning: Reference `prop:6.6' on page 26 undefined on input line 1270.


LaTeX Warning: Reference `defbem:11.1' on page 26 undefined on input line 1284.


[26]

LaTeX Warning: Reference `bem:11.5' on page 27 undefined on input line 1324.

[27]
Overfull \hbox (0.37965pt too wide) detected at line 1353
[] [] \OMS/lmsy/m/n/12 $ [] []
[28] [29]

Package amsmath Warning: Foreign command \atop;
(amsmath)                \frac or \genfrac should be used instead
(amsmath)                 on input line 1473.

[30] [31] <xymatrix 3x3 215> [32] [33]
Kapitel 3.

Underfull \hbox (badness 10000) in paragraph at lines 1644--1645

<xymatrix 4x4 312> <xymatrix 4x4 312>

LaTeX Warning: Reference `bem:14.1' on page 34 undefined on input line 1659.

[34]

LaTeX Warning: Reference `prop:3.3' on page 35 undefined on input line 1728.


LaTeX Warning: Reference `satz:HNSaffin' on page 35 undefined on input line 172
9.

[35] [36]
Overfull \hbox (7.10385pt too wide) in paragraph at lines 1818--1825
\T1/lmr/m/n/12 Schreibe $\OML/lmm/m/it/12 g[] \OT1/lmr/m/n/12 = [][] \OML/lmm/m
/it/12 a[]Y[];  [] []a[] \OMS/lmsy/m/n/12 2 \OML/lmm/m/it/12 k \OT1/lmr/m/n/12 
= (\OML/lmm/m/it/12 d[]'\OT1/lmr/m/n/12 )[](\OML/lmm/m/it/12 f\OT1/lmr/m/n/12 )
 = [][] \OML/lmm/m/it/12 a[] [][] []\OT1/lmr/m/n/12 (0) \OMS/lmsy/m/n/12 ^^A \O
ML/lmm/m/it/12 X[] \OT1/lmr/m/n/12 = [][]([][] \OML/lmm/m/it/12 a[][]\OT1/lmr/m
/n/12 (0)) \OMS/lmsy/m/n/12 ^^A
[37]
Underfull \hbox (badness 10000) in paragraph at lines 1846--1847


Underfull \hbox (badness 10000) in paragraph at lines 1880--1906


Underfull \hbox (badness 10000) in paragraph at lines 1880--1906

[38] [39] [40] (/usr/share/texlive/texmf-dist/tex/latex/amsfonts/ueuf.fd)

LaTeX Font Warning: Font shape `U/stmry/b/n' undefined
(Font)              using `U/stmry/m/n' instead on input line 2022.

[41] [42]
Kapitel 4.

Underfull \hbox (badness 10000) in paragraph at lines 2092--2109


Underfull \hbox (badness 10000) in paragraph at lines 2092--2109


Underfull \hbox (badness 10000) in paragraph at lines 2113--2115

[43]
Underfull \hbox (badness 10000) in paragraph at lines 2134--2136

<xymatrix 4x5 116>
Underfull \hbox (badness 10000) in paragraph at lines 2162--2164


LaTeX Warning: Reference `prop:18.3' on page 44 undefined on input line 2173.


LaTeX Warning: Reference `prop:18.5' on page 44 undefined on input line 2175.

[44]
Underfull \hbox (badness 10000) in paragraph at lines 2202--2213

[45] [46] [47] [48]

LaTeX Warning: Reference `defbem:19.3' on page 49 undefined on input line 2401.



LaTeX Warning: Reference `defbem:19.3' on page 49 undefined on input line 2401.



LaTeX Warning: Reference `defprop:19.4' on page 49 undefined on input line 2404
.

[49]

LaTeX Warning: Reference `bsp:19.1' on page 50 undefined on input line 2461.


LaTeX Warning: Reference `satz:8' on page 50 undefined on input line 2478.

[50]
Overfull \hbox (5.57727pt too wide) in paragraph at lines 2508--2511
\T1/lmr/bx/n/12 denn: \T1/lmr/m/n/12 Sei $\OML/lmm/m/it/12 f[]; [] ; f[]$ \T1/l
mr/m/n/12 ei-ne Ba-sis von $\OML/lmm/m/it/12 L\OT1/lmr/m/n/12 (\OML/lmm/m/it/12
 D \OT1/lmr/m/n/12 + \OML/lmm/m/it/12 P\OT1/lmr/m/n/12 )$\T1/lmr/m/n/12 . Wie o
ben sei $\OML/lmm/m/it/12 f[]; [] ; f[] [] L\OT1/lmr/m/n/12 (\OML/lmm/m/it/12 D
\OT1/lmr/m/n/12 )\OML/lmm/m/it/12 ; f[]; [] ; f[] \OMS/lmsy/m/n/12 2

LaTeX Warning: Reference `defbem:20.1' on page 51 undefined on input line 2522.


[51]
Underfull \hbox (badness 10000) in paragraph at lines 2565--2580


Underfull \hbox (badness 10000) in paragraph at lines 2565--2580

[52]
Underfull \hbox (badness 10000) in paragraph at lines 2611--2619


Underfull \hbox (badness 10000) in paragraph at lines 2611--2619


Underfull \hbox (badness 10000) in paragraph at lines 2619--2626

[53]
Underfull \hbox (badness 10000) in paragraph at lines 2644--2646

(/usr/share/texmf/tex/latex/lm/omslmr.fd) [54]
No file AlgGeo.ind.
[55] (./AlgGeo.aux)

Package rerunfilecheck Warning: File `AlgGeo.out' has changed.
(rerunfilecheck)                Rerun to get outlines right
(rerunfilecheck)                or use package `bookmark'.


LaTeX Font Warning: Some font shapes were not available, defaults substituted.


LaTeX Warning: There were undefined references.


LaTeX Warning: Label(s) may have changed. Rerun to get cross-references right.

 )
(see the transcript file for additional information){/usr/share/texmf/fonts/enc
/dvips/lm/lm-mathsy.enc}{/usr/share/texmf/fonts/enc/dvips/lm/lm-mathit.enc}{/us
r/share/texmf/fonts/enc/dvips/lm/lm-rm.enc}{/usr/share/texmf/fonts/enc/dvips/lm
/lm-ec.enc}{/usr/share/texmf/fonts/enc/dvips/lm/lm-mathex.enc}</usr/share/texli
ve/texmf-dist/fonts/type1/public/amsfonts/euler/eufm10.pfb></usr/share/texmf/fo
nts/type1/public/lm/lmbsy10.pfb></usr/share/texmf/fonts/type1/public/lm/lmbx12.
pfb></usr/share/texmf/fonts/type1/public/lm/lmbx8.pfb></usr/share/texmf/fonts/t
ype1/public/lm/lmbxi10.pfb></usr/share/texmf/fonts/type1/public/lm/lmex10.pfb><
/usr/share/texmf/fonts/type1/public/lm/lmmi12.pfb></usr/share/texmf/fonts/type1
/public/lm/lmmi6.pfb></usr/share/texmf/fonts/type1/public/lm/lmmi8.pfb></usr/sh
are/texmf/fonts/type1/public/lm/lmmib10.pfb></usr/share/texmf/fonts/type1/publi
c/lm/lmr12.pfb></usr/share/texmf/fonts/type1/public/lm/lmr17.pfb></usr/share/te
xmf/fonts/type1/public/lm/lmr6.pfb></usr/share/texmf/fonts/type1/public/lm/lmr8
.pfb></usr/share/texmf/fonts/type1/public/lm/lmri12.pfb></usr/share/texmf/fonts
/type1/public/lm/lmssbx10.pfb></usr/share/texmf/fonts/type1/public/lm/lmsy10.pf
b></usr/share/texmf/fonts/type1/public/lm/lmsy6.pfb></usr/share/texmf/fonts/typ
e1/public/lm/lmsy8.pfb></usr/share/texmf/fonts/type1/public/lm/lmtt12.pfb></usr
/share/texlive/texmf-dist/fonts/type1/public/amsfonts/symbols/msam10.pfb></usr/
share/texlive/texmf-dist/fonts/type1/public/amsfonts/symbols/msbm10.pfb></usr/s
hare/texlive/texmf-dist/fonts/type1/public/stmaryrd/stmary10.pfb></usr/share/te
xlive/texmf-dist/fonts/type1/public/xypic/xyatip10.pfb></usr/share/texlive/texm
f-dist/fonts/type1/public/xypic/xybtip10.pfb></usr/share/texlive/texmf-dist/fon
ts/type1/public/xypic/xydash10.pfb>
Output written on AlgGeo.pdf (55 pages, 563296 bytes).
Transcript written on AlgGeo.log.
Result: ExitSuccess

Running /usr/bin/makeindex AlgGeo.idx in an env with 4 entries:
This is makeindex, version 2.15 [TeX Live 2013] (kpathsea + Thai support).
Scanning input file AlgGeo.idx....done (70 entries accepted, 0 rejected).
Sorting entries....done (427 comparisons).
Generating output file AlgGeo.ind....done (119 lines written, 0 warnings).
Output written in AlgGeo.ind.
Transcript written in AlgGeo.ilg.
Result: ExitSuccess

Running /usr/bin/pdflatex AlgGeo.tex in an env with 4 entries:
This is pdfTeX, Version 3.1415926-2.5-1.40.14 (TeX Live 2013/Debian)
 restricted \write18 enabled.
entering extended mode
(data/AlgGeo.tex
LaTeX2e <2011/06/27>
Babel <3.9h> and hyphenation patterns for 78 languages loaded.
(/usr/share/texlive/texmf-dist/tex/latex/koma-script/scrreprt.cls
Document Class: scrreprt 2013/12/19 v3.12 KOMA-Script document class (report)
(/usr/share/texlive/texmf-dist/tex/latex/koma-script/scrkbase.sty
(/usr/share/texlive/texmf-dist/tex/latex/koma-script/scrbase.sty
(/usr/share/texlive/texmf-dist/tex/latex/graphics/keyval.sty)
(/usr/share/texlive/texmf-dist/tex/latex/koma-script/scrlfile.sty
Package scrlfile, 2013/12/19 v3.12 KOMA-Script package (loading files)
                  Copyright (C) Markus Kohm

))) (/usr/share/texlive/texmf-dist/tex/latex/koma-script/tocbasic.sty)
(/usr/share/texlive/texmf-dist/tex/latex/koma-script/scrsize12pt.clo)
(/usr/share/texlive/texmf-dist/tex/latex/koma-script/typearea.sty
Package typearea, 2013/12/19 v3.12 KOMA-Script package (type area)
                  Copyright (C) Frank Neukam, 1992-1994
                  Copyright (C) Markus Kohm, 1994-

)) (/usr/share/texlive/texmf-dist/tex/latex/etex-pkg/etex.sty)
(data/latexki.sty)
(/usr/share/texlive/texmf-dist/tex/generic/german/ngerman.sty v2.5e 1998-07-08)
 (/usr/share/texlive/texmf-dist/tex/latex/base/inputenc.sty
(/usr/share/texlive/texmf-dist/tex/latex/base/utf8.def
(/usr/share/texlive/texmf-dist/tex/latex/base/t1enc.dfu)
(/usr/share/texlive/texmf-dist/tex/latex/base/ot1enc.dfu)
(/usr/share/texlive/texmf-dist/tex/latex/base/omsenc.dfu)))
(/usr/share/texlive/texmf-dist/tex/latex/base/fontenc.sty
(/usr/share/texlive/texmf-dist/tex/latex/base/t1enc.def))
(/usr/share/texmf/tex/latex/lm/lmodern.sty)
(/usr/share/texmf/tex/latex/pgf/frontendlayer/tikz.sty
(/usr/share/texmf/tex/latex/pgf/basiclayer/pgf.sty
(/usr/share/texmf/tex/latex/pgf/utilities/pgfrcs.sty
(/usr/share/texmf/tex/generic/pgf/utilities/pgfutil-common.tex)
(/usr/share/texmf/tex/generic/pgf/utilities/pgfutil-latex.def
(/usr/share/texlive/texmf-dist/tex/latex/ms/everyshi.sty))
(/usr/share/texmf/tex/generic/pgf/utilities/pgfrcs.code.tex))
(/usr/share/texmf/tex/latex/pgf/basiclayer/pgfcore.sty
(/usr/share/texlive/texmf-dist/tex/latex/graphics/graphicx.sty
(/usr/share/texlive/texmf-dist/tex/latex/graphics/graphics.sty
(/usr/share/texlive/texmf-dist/tex/latex/graphics/trig.sty)
(/usr/share/texlive/texmf-dist/tex/latex/latexconfig/graphics.cfg)
(/usr/share/texlive/texmf-dist/tex/latex/pdftex-def/pdftex.def
(/usr/share/texlive/texmf-dist/tex/generic/oberdiek/infwarerr.sty)
(/usr/share/texlive/texmf-dist/tex/generic/oberdiek/ltxcmds.sty))))
(/usr/share/texmf/tex/latex/pgf/systemlayer/pgfsys.sty
(/usr/share/texmf/tex/generic/pgf/systemlayer/pgfsys.code.tex
(/usr/share/texmf/tex/generic/pgf/utilities/pgfkeys.code.tex
(/usr/share/texmf/tex/generic/pgf/utilities/pgfkeysfiltered.code.tex))
(/usr/share/texmf/tex/generic/pgf/systemlayer/pgf.cfg)
(/usr/share/texmf/tex/generic/pgf/systemlayer/pgfsys-pdftex.def
(/usr/share/texmf/tex/generic/pgf/systemlayer/pgfsys-common-pdf.def)))
(/usr/share/texmf/tex/generic/pgf/systemlayer/pgfsyssoftpath.code.tex)
(/usr/share/texmf/tex/generic/pgf/systemlayer/pgfsysprotocol.code.tex))
(/usr/share/texmf/tex/latex/xcolor/xcolor.sty
(/usr/share/texlive/texmf-dist/tex/latex/latexconfig/color.cfg))
(/usr/share/texmf/tex/generic/pgf/basiclayer/pgfcore.code.tex
(/usr/share/texmf/tex/generic/pgf/math/pgfmath.code.tex
(/usr/share/texmf/tex/generic/pgf/math/pgfmathcalc.code.tex
(/usr/share/texmf/tex/generic/pgf/math/pgfmathutil.code.tex)
(/usr/share/texmf/tex/generic/pgf/math/pgfmathparser.code.tex)
(/usr/share/texmf/tex/generic/pgf/math/pgfmathfunctions.code.tex
(/usr/share/texmf/tex/generic/pgf/math/pgfmathfunctions.basic.code.tex)
(/usr/share/texmf/tex/generic/pgf/math/pgfmathfunctions.trigonometric.code.tex)
(/usr/share/texmf/tex/generic/pgf/math/pgfmathfunctions.random.code.tex)
(/usr/share/texmf/tex/generic/pgf/math/pgfmathfunctions.comparison.code.tex)
(/usr/share/texmf/tex/generic/pgf/math/pgfmathfunctions.base.code.tex)
(/usr/share/texmf/tex/generic/pgf/math/pgfmathfunctions.round.code.tex)
(/usr/share/texmf/tex/generic/pgf/math/pgfmathfunctions.misc.code.tex)))
(/usr/share/texmf/tex/generic/pgf/math/pgfmathfloat.code.tex))
(/usr/share/texmf/tex/generic/pgf/basiclayer/pgfcorepoints.code.tex)
(/usr/share/texmf/tex/generic/pgf/basiclayer/pgfcorepathconstruct.code.tex)
(/usr/share/texmf/tex/generic/pgf/basiclayer/pgfcorepathusage.code.tex)
(/usr/share/texmf/tex/generic/pgf/basiclayer/pgfcorescopes.code.tex)
(/usr/share/texmf/tex/generic/pgf/basiclayer/pgfcoregraphicstate.code.tex)
(/usr/share/texmf/tex/generic/pgf/basiclayer/pgfcoretransformations.code.tex)
(/usr/share/texmf/tex/generic/pgf/basiclayer/pgfcorequick.code.tex)
(/usr/share/texmf/tex/generic/pgf/basiclayer/pgfcoreobjects.code.tex)
(/usr/share/texmf/tex/generic/pgf/basiclayer/pgfcorepathprocessing.code.tex)
(/usr/share/texmf/tex/generic/pgf/basiclayer/pgfcorearrows.code.tex)
(/usr/share/texmf/tex/generic/pgf/basiclayer/pgfcoreshade.code.tex)
(/usr/share/texmf/tex/generic/pgf/basiclayer/pgfcoreimage.code.tex
(/usr/share/texmf/tex/generic/pgf/basiclayer/pgfcoreexternal.code.tex))
(/usr/share/texmf/tex/generic/pgf/basiclayer/pgfcorelayers.code.tex)
(/usr/share/texmf/tex/generic/pgf/basiclayer/pgfcoretransparency.code.tex)
(/usr/share/texmf/tex/generic/pgf/basiclayer/pgfcorepatterns.code.tex)))
(/usr/share/texmf/tex/generic/pgf/modules/pgfmoduleshapes.code.tex)
(/usr/share/texmf/tex/generic/pgf/modules/pgfmoduleplot.code.tex)
(/usr/share/texmf/tex/latex/pgf/compatibility/pgfcomp-version-0-65.sty)
(/usr/share/texmf/tex/latex/pgf/compatibility/pgfcomp-version-1-18.sty))
(/usr/share/texmf/tex/latex/pgf/utilities/pgffor.sty
(/usr/share/texmf/tex/latex/pgf/utilities/pgfkeys.sty
(/usr/share/texmf/tex/generic/pgf/utilities/pgfkeys.code.tex))
(/usr/share/texmf/tex/generic/pgf/utilities/pgffor.code.tex))
(/usr/share/texmf/tex/generic/pgf/frontendlayer/tikz/tikz.code.tex
(/usr/share/texmf/tex/generic/pgf/libraries/pgflibraryplothandlers.code.tex)
(/usr/share/texmf/tex/generic/pgf/modules/pgfmodulematrix.code.tex)
(/usr/share/texmf/tex/generic/pgf/frontendlayer/tikz/libraries/tikzlibrarytopat
hs.code.tex))) (/usr/share/texlive/texmf-dist/tex/latex/geometry/geometry.sty
(/usr/share/texlive/texmf-dist/tex/generic/oberdiek/ifpdf.sty)
(/usr/share/texlive/texmf-dist/tex/generic/oberdiek/ifvtex.sty)
(/usr/share/texlive/texmf-dist/tex/generic/ifxetex/ifxetex.sty))
(/usr/share/texlive/texmf-dist/tex/latex/index/index.sty)
(/usr/share/texlive/texmf-dist/tex/latex/hyperref/hyperref.sty
(/usr/share/texlive/texmf-dist/tex/generic/oberdiek/hobsub-hyperref.sty
(/usr/share/texlive/texmf-dist/tex/generic/oberdiek/hobsub-generic.sty))
(/usr/share/texlive/texmf-dist/tex/latex/oberdiek/auxhook.sty)
(/usr/share/texlive/texmf-dist/tex/latex/oberdiek/kvoptions.sty)
(/usr/share/texlive/texmf-dist/tex/latex/hyperref/pd1enc.def)
(/usr/share/texlive/texmf-dist/tex/latex/latexconfig/hyperref.cfg)
(/usr/share/texlive/texmf-dist/tex/latex/url/url.sty))

Package hyperref Message: Driver (autodetected): hpdftex.

(/usr/share/texlive/texmf-dist/tex/latex/hyperref/hpdftex.def
(/usr/share/texlive/texmf-dist/tex/latex/oberdiek/rerunfilecheck.sty))

Package hyperref Warning: Option `backref' has already been used,
(hyperref)                setting the option has no effect on input line 59.


Package hyperref Warning: Option `pagebackref' has already been used,
(hyperref)                setting the option has no effect on input line 59.


Package hyperref Warning: Values of option `pdfpagemode':
(hyperref)                * `UseNone'
(hyperref)                * `UseOutlines'
(hyperref)                * `UseThumbs'
(hyperref)                * `FullScreen'
(hyperref)                * `UseOC' (PDF 1.5)
(hyperref)                * `UseAttachments' (PDF 1.6)
(hyperref)                * An empty value disables the option.
(hyperref)                Unknown value `None' on input line 59.

(/usr/share/texlive/texmf-dist/tex/latex/amsfonts/amssymb.sty
(/usr/share/texlive/texmf-dist/tex/latex/amsfonts/amsfonts.sty))
(/usr/share/texlive/texmf-dist/tex/latex/amsmath/amsmath.sty
For additional information on amsmath, use the `?' option.
(/usr/share/texlive/texmf-dist/tex/latex/amsmath/amstext.sty
(/usr/share/texlive/texmf-dist/tex/latex/amsmath/amsgen.sty))
(/usr/share/texlive/texmf-dist/tex/latex/amsmath/amsbsy.sty)
(/usr/share/texlive/texmf-dist/tex/latex/amsmath/amsopn.sty))
(/usr/share/texlive/texmf-dist/tex/latex/stmaryrd/stmaryrd.sty)
(/usr/share/texlive/texmf-dist/tex/latex/enumitem/enumitem.sty)
(/usr/share/texlive/texmf-dist/tex/generic/xypic/xy.sty
(/usr/share/texlive/texmf-dist/tex/generic/xypic/xy.tex Bootstrap'ing:
catcodes, docmode, (/usr/share/texlive/texmf-dist/tex/generic/xypic/xyrecat.tex
) (/usr/share/texlive/texmf-dist/tex/generic/xypic/xyidioms.tex)

 Xy-pic version 3.8.9 <2013/10/06>
 Copyright (c) 1991-2013 by Kristoffer H. Rose <krisrose@tug.org> and others
 Xy-pic is free software: see the User's Guide for details.

Loading kernel: messages; fonts; allocations: state, direction,
utility macros; pictures: \xy, positions, objects, decorations;
kernel objects: directionals, circles, text; options; algorithms: directions,
edges, connections;  Xy-pic loaded)
(/usr/share/texlive/texmf-dist/tex/generic/xypic/xyarrow.tex
 Xy-pic option: Arrow and Path feature v.3.9 path, \ar, loaded)
(/usr/share/texlive/texmf-dist/tex/generic/xypic/xymatrix.tex
 Xy-pic option: Matrix feature v.3.14 loaded)
(/usr/share/texlive/texmf-dist/tex/generic/xypic/xycurve.tex
 Xy-pic option: Curve and Spline extension v.3.12 curve, circles, loaded)
(/usr/share/texlive/texmf-dist/tex/generic/xypic/xypdf.tex
 Xy-pic option: PDF driver v.1.7 Xy-pic pdf driver: `curve' extension support
(/usr/share/texlive/texmf-dist/tex/generic/xypic/xypdf-cu.tex loaded) loaded))
(/usr/share/texlive/texmf-dist/tex/generic/pictex/pictex.sty
(/usr/share/texlive/texmf-dist/tex/generic/pictex/prepictex.tex)
(/usr/share/texlive/texmf-dist/tex/generic/pictex/pictex.tex)
(/usr/share/texlive/texmf-dist/tex/generic/pictex/postpictex.tex)
(/usr/share/texlive/texmf-dist/tex/generic/pictex/picmore.tex)
(/usr/share/texlive/texmf-dist/tex/generic/pictex/piccorr.sty))
(/usr/share/texlive/texmf-dist/tex/latex/ntheorem/ntheorem.sty
Style `ntheorem', Version 1.33 <2011/08/15>
(/usr/share/texlive/texmf-dist/tex/latex/base/ifthen.sty)) (./AlgGeo.aux)
(/usr/share/texmf/tex/latex/lm/t1lmr.fd) ABD: EveryShipout initializing macros
(/usr/share/texlive/texmf-dist/tex/context/base/supp-pdf.mkii
[Loading MPS to PDF converter (version 2006.09.02).]
) (/usr/share/texlive/texmf-dist/tex/latex/oberdiek/epstopdf-base.sty
(/usr/share/texlive/texmf-dist/tex/latex/oberdiek/grfext.sty)
(/usr/share/texlive/texmf-dist/tex/latex/latexconfig/epstopdf-sys.cfg))
*geometry* driver: auto-detecting
*geometry* detected driver: pdftex
(/usr/share/texlive/texmf-dist/tex/latex/hyperref/nameref.sty
(/usr/share/texlive/texmf-dist/tex/generic/oberdiek/gettitlestring.sty))
(./AlgGeo.out) (./AlgGeo.out) (/usr/share/texmf/tex/latex/lm/ot1lmr.fd)
(/usr/share/texmf/tex/latex/lm/omllmm.fd)
(/usr/share/texmf/tex/latex/lm/omslmsy.fd)
(/usr/share/texmf/tex/latex/lm/omxlmex.fd)
(/usr/share/texlive/texmf-dist/tex/latex/amsfonts/umsa.fd)
(/usr/share/texlive/texmf-dist/tex/latex/amsfonts/umsb.fd)
(/usr/share/texlive/texmf-dist/tex/latex/stmaryrd/Ustmry.fd)
(/usr/share/texmf/tex/latex/lm/t1lmss.fd)
(/usr/share/texmf/tex/latex/lm/t1lmtt.fd) [1{/var/lib/texmf/fonts/map/pdftex/up
dmap/pdftex.map}] (./AlgGeo.toc)
** Generating table of Satz,SatzDef,Def,DefBem,BemDef,Prop,PropDef,Bsp,DefProp
(./AlgGeo.thm) [2pdfTeX warning (ext4): destination with the same identifier (n
ame{contents.1}) has been already used, duplicate ignored

\@EveryShipout@Output ...@Org@Shipout \box \@cclv 
                                                  
l.208 \chapter
              {Vorwort}] [3]
Kapitel 1.

Overfull \hbox (1.087pt too wide) in paragraph at lines 229--231
\T1/lmr/m/n/12 Ist $\OML/lmm/m/it/12 A$ \T1/lmr/m/n/12 ei-ne $\OML/lmm/m/it/12 
k$\T1/lmr/m/n/12 -Algebra und sind $\OML/lmm/m/it/12 a[]; [] ; a[] \OMS/lmsy/m/
n/12 2 \OML/lmm/m/it/12 A$\T1/lmr/m/n/12 , so gibt es ge-nau einen $\OML/lmm/m/
it/12 k$\T1/lmr/m/n/12 -Algebra-Homomorphismus
[4] <xymatrix 2x2 127> [5] [6] [7] [8]
Underfull \hbox (badness 10000) in paragraph at lines 465--479


Underfull \hbox (badness 10000) in paragraph at lines 465--479


Underfull \hbox (badness 10000) in paragraph at lines 465--479

<xymatrix 2x2 168> [9] <xymatrix 2x2 168> [10] <xymatrix 2x2 168>
Underfull \hbox (badness 10000) in paragraph at lines 588--594

[11] [12] <xymatrix 3x5 530> [13]
Underfull \hbox (badness 10000) in paragraph at lines 703--704

[14]
Underfull \hbox (badness 10000) in paragraph at lines 717--719


Underfull \hbox (badness 10000) in paragraph at lines 720--721


Overfull \hbox (3.00328pt too wide) in paragraph at lines 749--752
[]$\OMS/lmsy/m/n/12 ^^X$ \T1/lmr/m/n/12 ist tran-si-tiv: Sei-en $\OT1/lmr/m/n/1
2 (\OML/lmm/m/it/12 U; f\OT1/lmr/m/n/12 ) \OMS/lmsy/m/n/12 ^^X \OT1/lmr/m/n/12 
(\OML/lmm/m/it/12 U[]; f[]\OT1/lmr/m/n/12 )\OML/lmm/m/it/12 ; \OT1/lmr/m/n/12 (
\OML/lmm/m/it/12 U[]; f[]\OT1/lmr/m/n/12 ) \OMS/lmsy/m/n/12 ^^X \OT1/lmr/m/n/12
 (\OML/lmm/m/it/12 U[]; f[]\OT1/lmr/m/n/12 )$\T1/lmr/m/n/12 , dann folgt: $\OML
/lmm/m/it/12 f\OMS/lmsy/m/n/12 j[] \OT1/lmr/m/n/12 =
[15] [16]
Kapitel 2.

Package hyperref Warning: Token not allowed in a PDF string (PDFDocEncoding):
(hyperref)                removing `math shift' on input line 831.


Package hyperref Warning: Token not allowed in a PDF string (PDFDocEncoding):
(hyperref)                removing `superscript' on input line 831.


Package hyperref Warning: Token not allowed in a PDF string (PDFDocEncoding):
(hyperref)                removing `math shift' on input line 831.


Underfull \hbox (badness 10000) in paragraph at lines 839--854


Underfull \hbox (badness 10000) in paragraph at lines 839--854


Underfull \hbox (badness 10000) in paragraph at lines 839--854


Overfull \hbox (3.86916pt too wide) in paragraph at lines 875--876
[]$\U/msb/m/n/12 P[]\OT1/lmr/m/n/12 (\OML/lmm/m/it/12 k\OT1/lmr/m/n/12 )$ \T1/l
mr/m/n/12 ist dis-junk-te Ver-ei-ni-gung von $\U/msb/m/n/12 A[]\OT1/lmr/m/n/12 
(\OML/lmm/m/it/12 k\OT1/lmr/m/n/12 )$ \T1/lmr/m/n/12 und $\U/msb/m/n/12 P[]\OT1
/lmr/m/n/12 (\OML/lmm/m/it/12 k\OT1/lmr/m/n/12 )$\T1/lmr/m/n/12 , oder auch von
 $\U/msb/m/n/12 A[]\OT1/lmr/m/n/12 (\OML/lmm/m/it/12 k\OT1/lmr/m/n/12 )\OML/lmm
/m/it/12 ; \U/msb/m/n/12 A[]\OT1/lmr/m/n/12 (\OML/lmm/m/it/12 k\OT1/lmr/m/n/12 
)\OML/lmm/m/it/12 ; [] ; \U/msb/m/n/12 A[]\OT1/lmr/m/n/12 (\OML/lmm/m/it/12 k\O
T1/lmr/m/n/12 )$\T1/lmr/m/n/12 . 
[17]
Underfull \hbox (badness 10000) in paragraph at lines 911--913

[18] [19] [20] [21] [22]
Underfull \hbox (badness 10000) in paragraph at lines 1154--1162


Underfull \hbox (badness 10000) in paragraph at lines 1154--1162

[23] [24]
Underfull \hbox (badness 10000) in paragraph at lines 1238--1239

[25] [26] [27]
Overfull \hbox (0.37965pt too wide) detected at line 1353
[] [] \OMS/lmsy/m/n/12 $ [] []
[28] [29]

Package amsmath Warning: Foreign command \atop;
(amsmath)                \frac or \genfrac should be used instead
(amsmath)                 on input line 1473.

[30] [31] <xymatrix 3x3 215> [32] [33]
Kapitel 3.

Underfull \hbox (badness 10000) in paragraph at lines 1644--1645

<xymatrix 4x4 312> <xymatrix 4x4 312> [34] [35] [36]
Overfull \hbox (7.10385pt too wide) in paragraph at lines 1818--1825
\T1/lmr/m/n/12 Schreibe $\OML/lmm/m/it/12 g[] \OT1/lmr/m/n/12 = [][] \OML/lmm/m
/it/12 a[]Y[];  [] []a[] \OMS/lmsy/m/n/12 2 \OML/lmm/m/it/12 k \OT1/lmr/m/n/12 
= (\OML/lmm/m/it/12 d[]'\OT1/lmr/m/n/12 )[](\OML/lmm/m/it/12 f\OT1/lmr/m/n/12 )
 = [][] \OML/lmm/m/it/12 a[] [][] []\OT1/lmr/m/n/12 (0) \OMS/lmsy/m/n/12 ^^A \O
ML/lmm/m/it/12 X[] \OT1/lmr/m/n/12 = [][]([][] \OML/lmm/m/it/12 a[][]\OT1/lmr/m
/n/12 (0)) \OMS/lmsy/m/n/12 ^^A
[37]
Underfull \hbox (badness 10000) in paragraph at lines 1846--1847


Underfull \hbox (badness 10000) in paragraph at lines 1880--1906


Underfull \hbox (badness 10000) in paragraph at lines 1880--1906

[38] [39] [40] (/usr/share/texlive/texmf-dist/tex/latex/amsfonts/ueuf.fd)

LaTeX Font Warning: Font shape `U/stmry/b/n' undefined
(Font)              using `U/stmry/m/n' instead on input line 2022.

[41] [42]
Kapitel 4.

Underfull \hbox (badness 10000) in paragraph at lines 2092--2109


Underfull \hbox (badness 10000) in paragraph at lines 2092--2109


Underfull \hbox (badness 10000) in paragraph at lines 2113--2115

[43]
Underfull \hbox (badness 10000) in paragraph at lines 2134--2136

<xymatrix 4x5 116>
Underfull \hbox (badness 10000) in paragraph at lines 2162--2164


LaTeX Warning: Reference `prop:18.3' on page 44 undefined on input line 2173.

[44]
Underfull \hbox (badness 10000) in paragraph at lines 2202--2213

[45] [46] [47] [48] [49] [50]
Overfull \hbox (5.57727pt too wide) in paragraph at lines 2508--2511
\T1/lmr/bx/n/12 denn: \T1/lmr/m/n/12 Sei $\OML/lmm/m/it/12 f[]; [] ; f[]$ \T1/l
mr/m/n/12 ei-ne Ba-sis von $\OML/lmm/m/it/12 L\OT1/lmr/m/n/12 (\OML/lmm/m/it/12
 D \OT1/lmr/m/n/12 + \OML/lmm/m/it/12 P\OT1/lmr/m/n/12 )$\T1/lmr/m/n/12 . Wie o
ben sei $\OML/lmm/m/it/12 f[]; [] ; f[] [] L\OT1/lmr/m/n/12 (\OML/lmm/m/it/12 D
\OT1/lmr/m/n/12 )\OML/lmm/m/it/12 ; f[]; [] ; f[] \OMS/lmsy/m/n/12 2
[51]
Underfull \hbox (badness 10000) in paragraph at lines 2565--2580


Underfull \hbox (badness 10000) in paragraph at lines 2565--2580

[52]
Underfull \hbox (badness 10000) in paragraph at lines 2611--2619


Underfull \hbox (badness 10000) in paragraph at lines 2611--2619


Underfull \hbox (badness 10000) in paragraph at lines 2619--2626

[53]
Underfull \hbox (badness 10000) in paragraph at lines 2644--2646

(/usr/share/texmf/tex/latex/lm/omslmr.fd) [54] (./AlgGeo.ind [55] [56])
(./AlgGeo.aux)

Package rerunfilecheck Warning: File `AlgGeo.out' has changed.
(rerunfilecheck)                Rerun to get outlines right
(rerunfilecheck)                or use package `bookmark'.


LaTeX Font Warning: Some font shapes were not available, defaults substituted.


LaTeX Warning: There were undefined references.

 )
(see the transcript file for additional information){/usr/share/texmf/fonts/enc
/dvips/lm/lm-mathsy.enc}{/usr/share/texmf/fonts/enc/dvips/lm/lm-mathit.enc}{/us
r/share/texmf/fonts/enc/dvips/lm/lm-rm.enc}{/usr/share/texmf/fonts/enc/dvips/lm
/lm-mathex.enc}{/usr/share/texmf/fonts/enc/dvips/lm/lm-ec.enc}</usr/share/texli
ve/texmf-dist/fonts/type1/public/amsfonts/euler/eufm10.pfb></usr/share/texmf/fo
nts/type1/public/lm/lmbsy10.pfb></usr/share/texmf/fonts/type1/public/lm/lmbx12.
pfb></usr/share/texmf/fonts/type1/public/lm/lmbxi10.pfb></usr/share/texmf/fonts
/type1/public/lm/lmex10.pfb></usr/share/texmf/fonts/type1/public/lm/lmmi12.pfb>
</usr/share/texmf/fonts/type1/public/lm/lmmi6.pfb></usr/share/texmf/fonts/type1
/public/lm/lmmi8.pfb></usr/share/texmf/fonts/type1/public/lm/lmmib10.pfb></usr/
share/texmf/fonts/type1/public/lm/lmr12.pfb></usr/share/texmf/fonts/type1/publi
c/lm/lmr17.pfb></usr/share/texmf/fonts/type1/public/lm/lmr6.pfb></usr/share/tex
mf/fonts/type1/public/lm/lmr8.pfb></usr/share/texmf/fonts/type1/public/lm/lmri1
2.pfb></usr/share/texmf/fonts/type1/public/lm/lmssbx10.pfb></usr/share/texmf/fo
nts/type1/public/lm/lmsy10.pfb></usr/share/texmf/fonts/type1/public/lm/lmsy6.pf
b></usr/share/texmf/fonts/type1/public/lm/lmsy8.pfb></usr/share/texmf/fonts/typ
e1/public/lm/lmtt12.pfb></usr/share/texlive/texmf-dist/fonts/type1/public/amsfo
nts/symbols/msam10.pfb></usr/share/texlive/texmf-dist/fonts/type1/public/amsfon
ts/symbols/msbm10.pfb></usr/share/texlive/texmf-dist/fonts/type1/public/stmaryr
d/stmary10.pfb></usr/share/texlive/texmf-dist/fonts/type1/public/xypic/xyatip10
.pfb></usr/share/texlive/texmf-dist/fonts/type1/public/xypic/xybtip10.pfb></usr
/share/texlive/texmf-dist/fonts/type1/public/xypic/xydash10.pfb>
Output written on AlgGeo.pdf (56 pages, 553118 bytes).
Transcript written on AlgGeo.log.
Result: ExitSuccess

Running /usr/bin/pdflatex AlgGeo.tex in an env with 4 entries:
This is pdfTeX, Version 3.1415926-2.5-1.40.14 (TeX Live 2013/Debian)
 restricted \write18 enabled.
entering extended mode
(data/AlgGeo.tex
LaTeX2e <2011/06/27>
Babel <3.9h> and hyphenation patterns for 78 languages loaded.
(/usr/share/texlive/texmf-dist/tex/latex/koma-script/scrreprt.cls
Document Class: scrreprt 2013/12/19 v3.12 KOMA-Script document class (report)
(/usr/share/texlive/texmf-dist/tex/latex/koma-script/scrkbase.sty
(/usr/share/texlive/texmf-dist/tex/latex/koma-script/scrbase.sty
(/usr/share/texlive/texmf-dist/tex/latex/graphics/keyval.sty)
(/usr/share/texlive/texmf-dist/tex/latex/koma-script/scrlfile.sty
Package scrlfile, 2013/12/19 v3.12 KOMA-Script package (loading files)
                  Copyright (C) Markus Kohm

))) (/usr/share/texlive/texmf-dist/tex/latex/koma-script/tocbasic.sty)
(/usr/share/texlive/texmf-dist/tex/latex/koma-script/scrsize12pt.clo)
(/usr/share/texlive/texmf-dist/tex/latex/koma-script/typearea.sty
Package typearea, 2013/12/19 v3.12 KOMA-Script package (type area)
                  Copyright (C) Frank Neukam, 1992-1994
                  Copyright (C) Markus Kohm, 1994-

)) (/usr/share/texlive/texmf-dist/tex/latex/etex-pkg/etex.sty)
(data/latexki.sty)
(/usr/share/texlive/texmf-dist/tex/generic/german/ngerman.sty v2.5e 1998-07-08)
 (/usr/share/texlive/texmf-dist/tex/latex/base/inputenc.sty
(/usr/share/texlive/texmf-dist/tex/latex/base/utf8.def
(/usr/share/texlive/texmf-dist/tex/latex/base/t1enc.dfu)
(/usr/share/texlive/texmf-dist/tex/latex/base/ot1enc.dfu)
(/usr/share/texlive/texmf-dist/tex/latex/base/omsenc.dfu)))
(/usr/share/texlive/texmf-dist/tex/latex/base/fontenc.sty
(/usr/share/texlive/texmf-dist/tex/latex/base/t1enc.def))
(/usr/share/texmf/tex/latex/lm/lmodern.sty)
(/usr/share/texmf/tex/latex/pgf/frontendlayer/tikz.sty
(/usr/share/texmf/tex/latex/pgf/basiclayer/pgf.sty
(/usr/share/texmf/tex/latex/pgf/utilities/pgfrcs.sty
(/usr/share/texmf/tex/generic/pgf/utilities/pgfutil-common.tex)
(/usr/share/texmf/tex/generic/pgf/utilities/pgfutil-latex.def
(/usr/share/texlive/texmf-dist/tex/latex/ms/everyshi.sty))
(/usr/share/texmf/tex/generic/pgf/utilities/pgfrcs.code.tex))
(/usr/share/texmf/tex/latex/pgf/basiclayer/pgfcore.sty
(/usr/share/texlive/texmf-dist/tex/latex/graphics/graphicx.sty
(/usr/share/texlive/texmf-dist/tex/latex/graphics/graphics.sty
(/usr/share/texlive/texmf-dist/tex/latex/graphics/trig.sty)
(/usr/share/texlive/texmf-dist/tex/latex/latexconfig/graphics.cfg)
(/usr/share/texlive/texmf-dist/tex/latex/pdftex-def/pdftex.def
(/usr/share/texlive/texmf-dist/tex/generic/oberdiek/infwarerr.sty)
(/usr/share/texlive/texmf-dist/tex/generic/oberdiek/ltxcmds.sty))))
(/usr/share/texmf/tex/latex/pgf/systemlayer/pgfsys.sty
(/usr/share/texmf/tex/generic/pgf/systemlayer/pgfsys.code.tex
(/usr/share/texmf/tex/generic/pgf/utilities/pgfkeys.code.tex
(/usr/share/texmf/tex/generic/pgf/utilities/pgfkeysfiltered.code.tex))
(/usr/share/texmf/tex/generic/pgf/systemlayer/pgf.cfg)
(/usr/share/texmf/tex/generic/pgf/systemlayer/pgfsys-pdftex.def
(/usr/share/texmf/tex/generic/pgf/systemlayer/pgfsys-common-pdf.def)))
(/usr/share/texmf/tex/generic/pgf/systemlayer/pgfsyssoftpath.code.tex)
(/usr/share/texmf/tex/generic/pgf/systemlayer/pgfsysprotocol.code.tex))
(/usr/share/texmf/tex/latex/xcolor/xcolor.sty
(/usr/share/texlive/texmf-dist/tex/latex/latexconfig/color.cfg))
(/usr/share/texmf/tex/generic/pgf/basiclayer/pgfcore.code.tex
(/usr/share/texmf/tex/generic/pgf/math/pgfmath.code.tex
(/usr/share/texmf/tex/generic/pgf/math/pgfmathcalc.code.tex
(/usr/share/texmf/tex/generic/pgf/math/pgfmathutil.code.tex)
(/usr/share/texmf/tex/generic/pgf/math/pgfmathparser.code.tex)
(/usr/share/texmf/tex/generic/pgf/math/pgfmathfunctions.code.tex
(/usr/share/texmf/tex/generic/pgf/math/pgfmathfunctions.basic.code.tex)
(/usr/share/texmf/tex/generic/pgf/math/pgfmathfunctions.trigonometric.code.tex)
(/usr/share/texmf/tex/generic/pgf/math/pgfmathfunctions.random.code.tex)
(/usr/share/texmf/tex/generic/pgf/math/pgfmathfunctions.comparison.code.tex)
(/usr/share/texmf/tex/generic/pgf/math/pgfmathfunctions.base.code.tex)
(/usr/share/texmf/tex/generic/pgf/math/pgfmathfunctions.round.code.tex)
(/usr/share/texmf/tex/generic/pgf/math/pgfmathfunctions.misc.code.tex)))
(/usr/share/texmf/tex/generic/pgf/math/pgfmathfloat.code.tex))
(/usr/share/texmf/tex/generic/pgf/basiclayer/pgfcorepoints.code.tex)
(/usr/share/texmf/tex/generic/pgf/basiclayer/pgfcorepathconstruct.code.tex)
(/usr/share/texmf/tex/generic/pgf/basiclayer/pgfcorepathusage.code.tex)
(/usr/share/texmf/tex/generic/pgf/basiclayer/pgfcorescopes.code.tex)
(/usr/share/texmf/tex/generic/pgf/basiclayer/pgfcoregraphicstate.code.tex)
(/usr/share/texmf/tex/generic/pgf/basiclayer/pgfcoretransformations.code.tex)
(/usr/share/texmf/tex/generic/pgf/basiclayer/pgfcorequick.code.tex)
(/usr/share/texmf/tex/generic/pgf/basiclayer/pgfcoreobjects.code.tex)
(/usr/share/texmf/tex/generic/pgf/basiclayer/pgfcorepathprocessing.code.tex)
(/usr/share/texmf/tex/generic/pgf/basiclayer/pgfcorearrows.code.tex)
(/usr/share/texmf/tex/generic/pgf/basiclayer/pgfcoreshade.code.tex)
(/usr/share/texmf/tex/generic/pgf/basiclayer/pgfcoreimage.code.tex
(/usr/share/texmf/tex/generic/pgf/basiclayer/pgfcoreexternal.code.tex))
(/usr/share/texmf/tex/generic/pgf/basiclayer/pgfcorelayers.code.tex)
(/usr/share/texmf/tex/generic/pgf/basiclayer/pgfcoretransparency.code.tex)
(/usr/share/texmf/tex/generic/pgf/basiclayer/pgfcorepatterns.code.tex)))
(/usr/share/texmf/tex/generic/pgf/modules/pgfmoduleshapes.code.tex)
(/usr/share/texmf/tex/generic/pgf/modules/pgfmoduleplot.code.tex)
(/usr/share/texmf/tex/latex/pgf/compatibility/pgfcomp-version-0-65.sty)
(/usr/share/texmf/tex/latex/pgf/compatibility/pgfcomp-version-1-18.sty))
(/usr/share/texmf/tex/latex/pgf/utilities/pgffor.sty
(/usr/share/texmf/tex/latex/pgf/utilities/pgfkeys.sty
(/usr/share/texmf/tex/generic/pgf/utilities/pgfkeys.code.tex))
(/usr/share/texmf/tex/generic/pgf/utilities/pgffor.code.tex))
(/usr/share/texmf/tex/generic/pgf/frontendlayer/tikz/tikz.code.tex
(/usr/share/texmf/tex/generic/pgf/libraries/pgflibraryplothandlers.code.tex)
(/usr/share/texmf/tex/generic/pgf/modules/pgfmodulematrix.code.tex)
(/usr/share/texmf/tex/generic/pgf/frontendlayer/tikz/libraries/tikzlibrarytopat
hs.code.tex))) (/usr/share/texlive/texmf-dist/tex/latex/geometry/geometry.sty
(/usr/share/texlive/texmf-dist/tex/generic/oberdiek/ifpdf.sty)
(/usr/share/texlive/texmf-dist/tex/generic/oberdiek/ifvtex.sty)
(/usr/share/texlive/texmf-dist/tex/generic/ifxetex/ifxetex.sty))
(/usr/share/texlive/texmf-dist/tex/latex/index/index.sty)
(/usr/share/texlive/texmf-dist/tex/latex/hyperref/hyperref.sty
(/usr/share/texlive/texmf-dist/tex/generic/oberdiek/hobsub-hyperref.sty
(/usr/share/texlive/texmf-dist/tex/generic/oberdiek/hobsub-generic.sty))
(/usr/share/texlive/texmf-dist/tex/latex/oberdiek/auxhook.sty)
(/usr/share/texlive/texmf-dist/tex/latex/oberdiek/kvoptions.sty)
(/usr/share/texlive/texmf-dist/tex/latex/hyperref/pd1enc.def)
(/usr/share/texlive/texmf-dist/tex/latex/latexconfig/hyperref.cfg)
(/usr/share/texlive/texmf-dist/tex/latex/url/url.sty))

Package hyperref Message: Driver (autodetected): hpdftex.

(/usr/share/texlive/texmf-dist/tex/latex/hyperref/hpdftex.def
(/usr/share/texlive/texmf-dist/tex/latex/oberdiek/rerunfilecheck.sty))

Package hyperref Warning: Option `backref' has already been used,
(hyperref)                setting the option has no effect on input line 59.


Package hyperref Warning: Option `pagebackref' has already been used,
(hyperref)                setting the option has no effect on input line 59.


Package hyperref Warning: Values of option `pdfpagemode':
(hyperref)                * `UseNone'
(hyperref)                * `UseOutlines'
(hyperref)                * `UseThumbs'
(hyperref)                * `FullScreen'
(hyperref)                * `UseOC' (PDF 1.5)
(hyperref)                * `UseAttachments' (PDF 1.6)
(hyperref)                * An empty value disables the option.
(hyperref)                Unknown value `None' on input line 59.

(/usr/share/texlive/texmf-dist/tex/latex/amsfonts/amssymb.sty
(/usr/share/texlive/texmf-dist/tex/latex/amsfonts/amsfonts.sty))
(/usr/share/texlive/texmf-dist/tex/latex/amsmath/amsmath.sty
For additional information on amsmath, use the `?' option.
(/usr/share/texlive/texmf-dist/tex/latex/amsmath/amstext.sty
(/usr/share/texlive/texmf-dist/tex/latex/amsmath/amsgen.sty))
(/usr/share/texlive/texmf-dist/tex/latex/amsmath/amsbsy.sty)
(/usr/share/texlive/texmf-dist/tex/latex/amsmath/amsopn.sty))
(/usr/share/texlive/texmf-dist/tex/latex/stmaryrd/stmaryrd.sty)
(/usr/share/texlive/texmf-dist/tex/latex/enumitem/enumitem.sty)
(/usr/share/texlive/texmf-dist/tex/generic/xypic/xy.sty
(/usr/share/texlive/texmf-dist/tex/generic/xypic/xy.tex Bootstrap'ing:
catcodes, docmode, (/usr/share/texlive/texmf-dist/tex/generic/xypic/xyrecat.tex
) (/usr/share/texlive/texmf-dist/tex/generic/xypic/xyidioms.tex)

 Xy-pic version 3.8.9 <2013/10/06>
 Copyright (c) 1991-2013 by Kristoffer H. Rose <krisrose@tug.org> and others
 Xy-pic is free software: see the User's Guide for details.

Loading kernel: messages; fonts; allocations: state, direction,
utility macros; pictures: \xy, positions, objects, decorations;
kernel objects: directionals, circles, text; options; algorithms: directions,
edges, connections;  Xy-pic loaded)
(/usr/share/texlive/texmf-dist/tex/generic/xypic/xyarrow.tex
 Xy-pic option: Arrow and Path feature v.3.9 path, \ar, loaded)
(/usr/share/texlive/texmf-dist/tex/generic/xypic/xymatrix.tex
 Xy-pic option: Matrix feature v.3.14 loaded)
(/usr/share/texlive/texmf-dist/tex/generic/xypic/xycurve.tex
 Xy-pic option: Curve and Spline extension v.3.12 curve, circles, loaded)
(/usr/share/texlive/texmf-dist/tex/generic/xypic/xypdf.tex
 Xy-pic option: PDF driver v.1.7 Xy-pic pdf driver: `curve' extension support
(/usr/share/texlive/texmf-dist/tex/generic/xypic/xypdf-cu.tex loaded) loaded))
(/usr/share/texlive/texmf-dist/tex/generic/pictex/pictex.sty
(/usr/share/texlive/texmf-dist/tex/generic/pictex/prepictex.tex)
(/usr/share/texlive/texmf-dist/tex/generic/pictex/pictex.tex)
(/usr/share/texlive/texmf-dist/tex/generic/pictex/postpictex.tex)
(/usr/share/texlive/texmf-dist/tex/generic/pictex/picmore.tex)
(/usr/share/texlive/texmf-dist/tex/generic/pictex/piccorr.sty))
(/usr/share/texlive/texmf-dist/tex/latex/ntheorem/ntheorem.sty
Style `ntheorem', Version 1.33 <2011/08/15>
(/usr/share/texlive/texmf-dist/tex/latex/base/ifthen.sty)) (./AlgGeo.aux)
(/usr/share/texmf/tex/latex/lm/t1lmr.fd) ABD: EveryShipout initializing macros
(/usr/share/texlive/texmf-dist/tex/context/base/supp-pdf.mkii
[Loading MPS to PDF converter (version 2006.09.02).]
) (/usr/share/texlive/texmf-dist/tex/latex/oberdiek/epstopdf-base.sty
(/usr/share/texlive/texmf-dist/tex/latex/oberdiek/grfext.sty)
(/usr/share/texlive/texmf-dist/tex/latex/latexconfig/epstopdf-sys.cfg))
*geometry* driver: auto-detecting
*geometry* detected driver: pdftex
(/usr/share/texlive/texmf-dist/tex/latex/hyperref/nameref.sty
(/usr/share/texlive/texmf-dist/tex/generic/oberdiek/gettitlestring.sty))
(./AlgGeo.out) (./AlgGeo.out) (/usr/share/texmf/tex/latex/lm/ot1lmr.fd)
(/usr/share/texmf/tex/latex/lm/omllmm.fd)
(/usr/share/texmf/tex/latex/lm/omslmsy.fd)
(/usr/share/texmf/tex/latex/lm/omxlmex.fd)
(/usr/share/texlive/texmf-dist/tex/latex/amsfonts/umsa.fd)
(/usr/share/texlive/texmf-dist/tex/latex/amsfonts/umsb.fd)
(/usr/share/texlive/texmf-dist/tex/latex/stmaryrd/Ustmry.fd)
(/usr/share/texmf/tex/latex/lm/t1lmss.fd)
(/usr/share/texmf/tex/latex/lm/t1lmtt.fd) [1{/var/lib/texmf/fonts/map/pdftex/up
dmap/pdftex.map}] (./AlgGeo.toc)
** Generating table of Satz,SatzDef,Def,DefBem,BemDef,Prop,PropDef,Bsp,DefProp
(./AlgGeo.thm) [2pdfTeX warning (ext4): destination with the same identifier (n
ame{contents.1}) has been already used, duplicate ignored

\@EveryShipout@Output ...@Org@Shipout \box \@cclv 
                                                  
l.208 \chapter
              {Vorwort}] [3]
Kapitel 1.

Overfull \hbox (1.087pt too wide) in paragraph at lines 229--231
\T1/lmr/m/n/12 Ist $\OML/lmm/m/it/12 A$ \T1/lmr/m/n/12 ei-ne $\OML/lmm/m/it/12 
k$\T1/lmr/m/n/12 -Algebra und sind $\OML/lmm/m/it/12 a[]; [] ; a[] \OMS/lmsy/m/
n/12 2 \OML/lmm/m/it/12 A$\T1/lmr/m/n/12 , so gibt es ge-nau einen $\OML/lmm/m/
it/12 k$\T1/lmr/m/n/12 -Algebra-Homomorphismus
[4] <xymatrix 2x2 127> [5] [6] [7] [8]
Underfull \hbox (badness 10000) in paragraph at lines 465--479


Underfull \hbox (badness 10000) in paragraph at lines 465--479


Underfull \hbox (badness 10000) in paragraph at lines 465--479

<xymatrix 2x2 168> [9] <xymatrix 2x2 168> [10] <xymatrix 2x2 168>
Underfull \hbox (badness 10000) in paragraph at lines 588--594

[11] [12] <xymatrix 3x5 530> [13]
Underfull \hbox (badness 10000) in paragraph at lines 703--704

[14]
Underfull \hbox (badness 10000) in paragraph at lines 717--719


Underfull \hbox (badness 10000) in paragraph at lines 720--721


Overfull \hbox (3.00328pt too wide) in paragraph at lines 749--752
[]$\OMS/lmsy/m/n/12 ^^X$ \T1/lmr/m/n/12 ist tran-si-tiv: Sei-en $\OT1/lmr/m/n/1
2 (\OML/lmm/m/it/12 U; f\OT1/lmr/m/n/12 ) \OMS/lmsy/m/n/12 ^^X \OT1/lmr/m/n/12 
(\OML/lmm/m/it/12 U[]; f[]\OT1/lmr/m/n/12 )\OML/lmm/m/it/12 ; \OT1/lmr/m/n/12 (
\OML/lmm/m/it/12 U[]; f[]\OT1/lmr/m/n/12 ) \OMS/lmsy/m/n/12 ^^X \OT1/lmr/m/n/12
 (\OML/lmm/m/it/12 U[]; f[]\OT1/lmr/m/n/12 )$\T1/lmr/m/n/12 , dann folgt: $\OML
/lmm/m/it/12 f\OMS/lmsy/m/n/12 j[] \OT1/lmr/m/n/12 =
[15] [16]
Kapitel 2.

Package hyperref Warning: Token not allowed in a PDF string (PDFDocEncoding):
(hyperref)                removing `math shift' on input line 831.


Package hyperref Warning: Token not allowed in a PDF string (PDFDocEncoding):
(hyperref)                removing `superscript' on input line 831.


Package hyperref Warning: Token not allowed in a PDF string (PDFDocEncoding):
(hyperref)                removing `math shift' on input line 831.


Underfull \hbox (badness 10000) in paragraph at lines 839--854


Underfull \hbox (badness 10000) in paragraph at lines 839--854


Underfull \hbox (badness 10000) in paragraph at lines 839--854


Overfull \hbox (3.86916pt too wide) in paragraph at lines 875--876
[]$\U/msb/m/n/12 P[]\OT1/lmr/m/n/12 (\OML/lmm/m/it/12 k\OT1/lmr/m/n/12 )$ \T1/l
mr/m/n/12 ist dis-junk-te Ver-ei-ni-gung von $\U/msb/m/n/12 A[]\OT1/lmr/m/n/12 
(\OML/lmm/m/it/12 k\OT1/lmr/m/n/12 )$ \T1/lmr/m/n/12 und $\U/msb/m/n/12 P[]\OT1
/lmr/m/n/12 (\OML/lmm/m/it/12 k\OT1/lmr/m/n/12 )$\T1/lmr/m/n/12 , oder auch von
 $\U/msb/m/n/12 A[]\OT1/lmr/m/n/12 (\OML/lmm/m/it/12 k\OT1/lmr/m/n/12 )\OML/lmm
/m/it/12 ; \U/msb/m/n/12 A[]\OT1/lmr/m/n/12 (\OML/lmm/m/it/12 k\OT1/lmr/m/n/12 
)\OML/lmm/m/it/12 ; [] ; \U/msb/m/n/12 A[]\OT1/lmr/m/n/12 (\OML/lmm/m/it/12 k\O
T1/lmr/m/n/12 )$\T1/lmr/m/n/12 . 
[17]
Underfull \hbox (badness 10000) in paragraph at lines 911--913

[18] [19] [20] [21] [22]
Underfull \hbox (badness 10000) in paragraph at lines 1154--1162


Underfull \hbox (badness 10000) in paragraph at lines 1154--1162

[23] [24]
Underfull \hbox (badness 10000) in paragraph at lines 1238--1239

[25] [26] [27]
Overfull \hbox (0.37965pt too wide) detected at line 1353
[] [] \OMS/lmsy/m/n/12 $ [] []
[28] [29]

Package amsmath Warning: Foreign command \atop;
(amsmath)                \frac or \genfrac should be used instead
(amsmath)                 on input line 1473.

[30] [31] <xymatrix 3x3 215> [32] [33]
Kapitel 3.

Underfull \hbox (badness 10000) in paragraph at lines 1644--1645

<xymatrix 4x4 312> <xymatrix 4x4 312> [34] [35] [36]
Overfull \hbox (7.10385pt too wide) in paragraph at lines 1818--1825
\T1/lmr/m/n/12 Schreibe $\OML/lmm/m/it/12 g[] \OT1/lmr/m/n/12 = [][] \OML/lmm/m
/it/12 a[]Y[];  [] []a[] \OMS/lmsy/m/n/12 2 \OML/lmm/m/it/12 k \OT1/lmr/m/n/12 
= (\OML/lmm/m/it/12 d[]'\OT1/lmr/m/n/12 )[](\OML/lmm/m/it/12 f\OT1/lmr/m/n/12 )
 = [][] \OML/lmm/m/it/12 a[] [][] []\OT1/lmr/m/n/12 (0) \OMS/lmsy/m/n/12 ^^A \O
ML/lmm/m/it/12 X[] \OT1/lmr/m/n/12 = [][]([][] \OML/lmm/m/it/12 a[][]\OT1/lmr/m
/n/12 (0)) \OMS/lmsy/m/n/12 ^^A
[37]
Underfull \hbox (badness 10000) in paragraph at lines 1846--1847


Underfull \hbox (badness 10000) in paragraph at lines 1880--1906


Underfull \hbox (badness 10000) in paragraph at lines 1880--1906

[38] [39] [40] (/usr/share/texlive/texmf-dist/tex/latex/amsfonts/ueuf.fd)

LaTeX Font Warning: Font shape `U/stmry/b/n' undefined
(Font)              using `U/stmry/m/n' instead on input line 2022.

[41] [42]
Kapitel 4.

Underfull \hbox (badness 10000) in paragraph at lines 2092--2109


Underfull \hbox (badness 10000) in paragraph at lines 2092--2109


Underfull \hbox (badness 10000) in paragraph at lines 2113--2115

[43]
Underfull \hbox (badness 10000) in paragraph at lines 2134--2136

<xymatrix 4x5 116>
Underfull \hbox (badness 10000) in paragraph at lines 2162--2164


LaTeX Warning: Reference `prop:18.3' on page 44 undefined on input line 2173.

[44]
Underfull \hbox (badness 10000) in paragraph at lines 2202--2213

[45] [46] [47] [48] [49] [50]
Overfull \hbox (5.57727pt too wide) in paragraph at lines 2508--2511
\T1/lmr/bx/n/12 denn: \T1/lmr/m/n/12 Sei $\OML/lmm/m/it/12 f[]; [] ; f[]$ \T1/l
mr/m/n/12 ei-ne Ba-sis von $\OML/lmm/m/it/12 L\OT1/lmr/m/n/12 (\OML/lmm/m/it/12
 D \OT1/lmr/m/n/12 + \OML/lmm/m/it/12 P\OT1/lmr/m/n/12 )$\T1/lmr/m/n/12 . Wie o
ben sei $\OML/lmm/m/it/12 f[]; [] ; f[] [] L\OT1/lmr/m/n/12 (\OML/lmm/m/it/12 D
\OT1/lmr/m/n/12 )\OML/lmm/m/it/12 ; f[]; [] ; f[] \OMS/lmsy/m/n/12 2
[51]
Underfull \hbox (badness 10000) in paragraph at lines 2565--2580


Underfull \hbox (badness 10000) in paragraph at lines 2565--2580

[52]
Underfull \hbox (badness 10000) in paragraph at lines 2611--2619


Underfull \hbox (badness 10000) in paragraph at lines 2611--2619


Underfull \hbox (badness 10000) in paragraph at lines 2619--2626

[53]
Underfull \hbox (badness 10000) in paragraph at lines 2644--2646

(/usr/share/texmf/tex/latex/lm/omslmr.fd) [54] (./AlgGeo.ind [55] [56])
(./AlgGeo.aux)

LaTeX Font Warning: Some font shapes were not available, defaults substituted.


LaTeX Warning: There were undefined references.

 )
(see the transcript file for additional information){/usr/share/texmf/fonts/enc
/dvips/lm/lm-mathsy.enc}{/usr/share/texmf/fonts/enc/dvips/lm/lm-mathit.enc}{/us
r/share/texmf/fonts/enc/dvips/lm/lm-rm.enc}{/usr/share/texmf/fonts/enc/dvips/lm
/lm-mathex.enc}{/usr/share/texmf/fonts/enc/dvips/lm/lm-ec.enc}</usr/share/texli
ve/texmf-dist/fonts/type1/public/amsfonts/euler/eufm10.pfb></usr/share/texmf/fo
nts/type1/public/lm/lmbsy10.pfb></usr/share/texmf/fonts/type1/public/lm/lmbx12.
pfb></usr/share/texmf/fonts/type1/public/lm/lmbxi10.pfb></usr/share/texmf/fonts
/type1/public/lm/lmex10.pfb></usr/share/texmf/fonts/type1/public/lm/lmmi12.pfb>
</usr/share/texmf/fonts/type1/public/lm/lmmi6.pfb></usr/share/texmf/fonts/type1
/public/lm/lmmi8.pfb></usr/share/texmf/fonts/type1/public/lm/lmmib10.pfb></usr/
share/texmf/fonts/type1/public/lm/lmr12.pfb></usr/share/texmf/fonts/type1/publi
c/lm/lmr17.pfb></usr/share/texmf/fonts/type1/public/lm/lmr6.pfb></usr/share/tex
mf/fonts/type1/public/lm/lmr8.pfb></usr/share/texmf/fonts/type1/public/lm/lmri1
2.pfb></usr/share/texmf/fonts/type1/public/lm/lmssbx10.pfb></usr/share/texmf/fo
nts/type1/public/lm/lmsy10.pfb></usr/share/texmf/fonts/type1/public/lm/lmsy6.pf
b></usr/share/texmf/fonts/type1/public/lm/lmsy8.pfb></usr/share/texmf/fonts/typ
e1/public/lm/lmtt12.pfb></usr/share/texlive/texmf-dist/fonts/type1/public/amsfo
nts/symbols/msam10.pfb></usr/share/texlive/texmf-dist/fonts/type1/public/amsfon
ts/symbols/msbm10.pfb></usr/share/texlive/texmf-dist/fonts/type1/public/stmaryr
d/stmary10.pfb></usr/share/texlive/texmf-dist/fonts/type1/public/xypic/xyatip10
.pfb></usr/share/texlive/texmf-dist/fonts/type1/public/xypic/xybtip10.pfb></usr
/share/texlive/texmf-dist/fonts/type1/public/xypic/xydash10.pfb>
Output written on AlgGeo.pdf (56 pages, 553228 bytes).
Transcript written on AlgGeo.log.
Result: ExitSuccess

Running /usr/bin/convert -verbose AlgGeo.pdf[0] -resize 70x AlgGeo.png in an env with 4 entries:
"gs" -q -dQUIET -dSAFER -dBATCH -dNOPAUSE -dNOPROMPT -dMaxBitmap=500000000 -dAlignToPixels=0 -dGridFitTT=2 "-sDEVICE=pngalpha" -dTextAlphaBits=4 -dGraphicsAlphaBits=4 "-r72x72" -dFirstPage=1 -dLastPage=1 "-sOutputFile=/tmp/magick-k_QAwRtt-%08d" "-f/tmp/magick-PRYpSIa2" "-f/tmp/magick-EAib6GRA"
/tmp/magick-k_QAwRtt-00000001 PNG 595x842 595x842+0+0 8-bit DirectClass 13.7KB 0.000u 0:00.009
AlgGeo.pdf[0]=>AlgGeo.pdf PDF 595x842 595x842+0+0 16-bit DirectClass 13.7KB 0.000u 0:00.000
AlgGeo.pdf[0]=>AlgGeo.png PDF 595x842=>70x99 70x99+0+0 16-bit DirectClass 0.040u 0:00.020
Result: ExitSuccess

Running /usr/bin/optipng -verbose AlgGeo.png in an env with 4 entries:
OptiPNG 0.6.4: Advanced PNG optimizer.
Copyright (C) 2001-2010 Cosmin Truta.

** Processing: AlgGeo.png
70x99 pixels, 4x16 bits/pixel, RGB+alpha
Input IDAT size = 1583 bytes
Input file size = 1882 bytes

Trying:
  zc = 9  zm = 8  zs = 0  f = 0		IDAT size = 1484
  zc = 9  zm = 8  zs = 1  f = 0		IDAT too big
  zc = 1  zm = 8  zs = 2  f = 0		IDAT too big
  zc = 9  zm = 8  zs = 3  f = 0		IDAT too big
  zc = 9  zm = 8  zs = 0  f = 5		IDAT too big
  zc = 9  zm = 8  zs = 1  f = 5		IDAT too big
  zc = 1  zm = 8  zs = 2  f = 5		IDAT too big
  zc = 9  zm = 8  zs = 3  f = 5		IDAT size = 1438

Selecting parameters:
  zc = 9  zm = 8  zs = 3  f = 5		IDAT size = 1438

Output IDAT size = 1438 bytes (145 bytes decrease)
Output file size = 1737 bytes (145 bytes = 7.70% decrease)

** Status report
1 file(s) have been processed.
Result: ExitSuccess
