This is pdfTeX, Version 3.1415926-2.5-1.40.14 (TeX Live 2013/Debian) (format=pdflatex 2018.8.7)  7 AUG 2018 14:17
entering extended mode
 restricted \write18 enabled.
 %&-line parsing enabled.
**AlgGeo.tex
(data/AlgGeo.tex
LaTeX2e <2011/06/27>
Babel <3.9h> and hyphenation patterns for 78 languages loaded.
(/usr/share/texlive/texmf-dist/tex/latex/koma-script/scrreprt.cls
Document Class: scrreprt 2013/12/19 v3.12 KOMA-Script document class (report)
(/usr/share/texlive/texmf-dist/tex/latex/koma-script/scrkbase.sty
Package: scrkbase 2013/12/19 v3.12 KOMA-Script package (KOMA-Script-dependent b
asics and keyval usage)

(/usr/share/texlive/texmf-dist/tex/latex/koma-script/scrbase.sty
Package: scrbase 2013/12/19 v3.12 KOMA-Script package (KOMA-Script-independent 
basics and keyval usage)

(/usr/share/texlive/texmf-dist/tex/latex/graphics/keyval.sty
Package: keyval 1999/03/16 v1.13 key=value parser (DPC)
\KV@toks@=\toks14
)
(/usr/share/texlive/texmf-dist/tex/latex/koma-script/scrlfile.sty
Package: scrlfile 2013/12/19 v3.12 KOMA-Script package (loading files)

Package scrlfile, 2013/12/19 v3.12 KOMA-Script package (loading files)
                  Copyright (C) Markus Kohm

))) (/usr/share/texlive/texmf-dist/tex/latex/koma-script/tocbasic.sty
Package: tocbasic 2013/12/19 v3.12 KOMA-Script package (handling toc-files)
)
Package tocbasic Info: omitting babel extension for `toc'
(tocbasic)             because of feature `nobabel' available
(tocbasic)             for `toc' on input line 117.
Package tocbasic Info: omitting babel extension for `lof'
(tocbasic)             because of feature `nobabel' available
(tocbasic)             for `lof' on input line 118.
Package tocbasic Info: omitting babel extension for `lot'
(tocbasic)             because of feature `nobabel' available
(tocbasic)             for `lot' on input line 119.
Package tocbasic Info: defining new hook before heading of `' on input line 112
3.
Package scrreprt Info: You've used standard option `12pt'.
(scrreprt)             This is correct!
(scrreprt)             Internally I'm using `fontsize=12pt'.
(scrreprt)             If you'd like to set the option with \KOMAoptions,
(scrreprt)             you'd have to use `fontsize=12pt' there
(scrreprt)             instead of `12pt', too.
Class scrreprt Info: File `scrsize12pt.clo' used to setup font sizes on input l
ine 1655.

(/usr/share/texlive/texmf-dist/tex/latex/koma-script/scrsize12pt.clo
File: scrsize12pt.clo 2013/12/19 v3.12 KOMA-Script font size class option (12pt
)
)
(/usr/share/texlive/texmf-dist/tex/latex/koma-script/typearea.sty
Package: typearea 2013/12/19 v3.12 KOMA-Script package (type area)

Package typearea, 2013/12/19 v3.12 KOMA-Script package (type area)
                  Copyright (C) Frank Neukam, 1992-1994
                  Copyright (C) Markus Kohm, 1994-

\ta@bcor=\skip41
\ta@div=\count79
Package typearea Info: You've used standard option `a4paper'.
(typearea)             This is correct!
(typearea)             Internally I'm using `paper=a4'.
(typearea)             If you'd like to set the option with \KOMAoptions,
(typearea)             you'd have to use `paper=a4' there
(typearea)             instead of `a4paper', too.
\ta@hblk=\skip42
\ta@vblk=\skip43
\ta@temp=\skip44
\footheight=\skip45
Package typearea Info: These are the values describing the layout:
(typearea)             DIV  = 12
(typearea)             BCOR = 0.0pt
(typearea)             \paperwidth      = 597.50793pt
(typearea)              \textwidth      = 448.13095pt
(typearea)              DIV departure   = -6%
(typearea)              \evensidemargin = 2.4185pt
(typearea)              \oddsidemargin  = 2.4185pt
(typearea)             \paperheight     = 845.04694pt
(typearea)              \textheight     = 635.5pt
(typearea)              \topmargin      = -41.72441pt
(typearea)              \headheight     = 18.125pt
(typearea)              \headsep        = 21.75pt
(typearea)              \topskip        = 12.0pt
(typearea)              \footskip       = 50.75pt
(typearea)              \baselineskip   = 14.5pt
(typearea)              on input line 1330.
)
\c@part=\count80
\c@chapter=\count81
\c@section=\count82
\c@subsection=\count83
\c@subsubsection=\count84
\c@paragraph=\count85
\c@subparagraph=\count86
\abovecaptionskip=\skip46
\belowcaptionskip=\skip47
\c@pti@nb@sid@b@x=\box26
\c@figure=\count87
\c@table=\count88
\bibindent=\dimen102
) (/usr/share/texlive/texmf-dist/tex/latex/etex-pkg/etex.sty
Package: etex 1998/03/26 v2.0 eTeX basic definition package (PEB)
\et@xins=\count89
)
(data/latexki.sty)
(/usr/share/texlive/texmf-dist/tex/generic/german/ngerman.sty v2.5e 1998-07-08
Package: ngerman 1998/07/08 v2.5e Support for writing german texts (br)
\grmnU@D=\dimen103
ngerman -- \language number for naustrian undefined, default 44 used.
) (/usr/share/texlive/texmf-dist/tex/latex/base/inputenc.sty
Package: inputenc 2008/03/30 v1.1d Input encoding file
\inpenc@prehook=\toks15
\inpenc@posthook=\toks16

(/usr/share/texlive/texmf-dist/tex/latex/base/utf8.def
File: utf8.def 2008/04/05 v1.1m UTF-8 support for inputenc
Now handling font encoding OML ...
... no UTF-8 mapping file for font encoding OML
Now handling font encoding T1 ...
... processing UTF-8 mapping file for font encoding T1

(/usr/share/texlive/texmf-dist/tex/latex/base/t1enc.dfu
File: t1enc.dfu 2008/04/05 v1.1m UTF-8 support for inputenc
   defining Unicode char U+00A1 (decimal 161)
   defining Unicode char U+00A3 (decimal 163)
   defining Unicode char U+00AB (decimal 171)
   defining Unicode char U+00BB (decimal 187)
   defining Unicode char U+00BF (decimal 191)
   defining Unicode char U+00C0 (decimal 192)
   defining Unicode char U+00C1 (decimal 193)
   defining Unicode char U+00C2 (decimal 194)
   defining Unicode char U+00C3 (decimal 195)
   defining Unicode char U+00C4 (decimal 196)
   defining Unicode char U+00C5 (decimal 197)
   defining Unicode char U+00C6 (decimal 198)
   defining Unicode char U+00C7 (decimal 199)
   defining Unicode char U+00C8 (decimal 200)
   defining Unicode char U+00C9 (decimal 201)
   defining Unicode char U+00CA (decimal 202)
   defining Unicode char U+00CB (decimal 203)
   defining Unicode char U+00CC (decimal 204)
   defining Unicode char U+00CD (decimal 205)
   defining Unicode char U+00CE (decimal 206)
   defining Unicode char U+00CF (decimal 207)
   defining Unicode char U+00D0 (decimal 208)
   defining Unicode char U+00D1 (decimal 209)
   defining Unicode char U+00D2 (decimal 210)
   defining Unicode char U+00D3 (decimal 211)
   defining Unicode char U+00D4 (decimal 212)
   defining Unicode char U+00D5 (decimal 213)
   defining Unicode char U+00D6 (decimal 214)
   defining Unicode char U+00D8 (decimal 216)
   defining Unicode char U+00D9 (decimal 217)
   defining Unicode char U+00DA (decimal 218)
   defining Unicode char U+00DB (decimal 219)
   defining Unicode char U+00DC (decimal 220)
   defining Unicode char U+00DD (decimal 221)
   defining Unicode char U+00DE (decimal 222)
   defining Unicode char U+00DF (decimal 223)
   defining Unicode char U+00E0 (decimal 224)
   defining Unicode char U+00E1 (decimal 225)
   defining Unicode char U+00E2 (decimal 226)
   defining Unicode char U+00E3 (decimal 227)
   defining Unicode char U+00E4 (decimal 228)
   defining Unicode char U+00E5 (decimal 229)
   defining Unicode char U+00E6 (decimal 230)
   defining Unicode char U+00E7 (decimal 231)
   defining Unicode char U+00E8 (decimal 232)
   defining Unicode char U+00E9 (decimal 233)
   defining Unicode char U+00EA (decimal 234)
   defining Unicode char U+00EB (decimal 235)
   defining Unicode char U+00EC (decimal 236)
   defining Unicode char U+00ED (decimal 237)
   defining Unicode char U+00EE (decimal 238)
   defining Unicode char U+00EF (decimal 239)
   defining Unicode char U+00F0 (decimal 240)
   defining Unicode char U+00F1 (decimal 241)
   defining Unicode char U+00F2 (decimal 242)
   defining Unicode char U+00F3 (decimal 243)
   defining Unicode char U+00F4 (decimal 244)
   defining Unicode char U+00F5 (decimal 245)
   defining Unicode char U+00F6 (decimal 246)
   defining Unicode char U+00F8 (decimal 248)
   defining Unicode char U+00F9 (decimal 249)
   defining Unicode char U+00FA (decimal 250)
   defining Unicode char U+00FB (decimal 251)
   defining Unicode char U+00FC (decimal 252)
   defining Unicode char U+00FD (decimal 253)
   defining Unicode char U+00FE (decimal 254)
   defining Unicode char U+00FF (decimal 255)
   defining Unicode char U+0102 (decimal 258)
   defining Unicode char U+0103 (decimal 259)
   defining Unicode char U+0104 (decimal 260)
   defining Unicode char U+0105 (decimal 261)
   defining Unicode char U+0106 (decimal 262)
   defining Unicode char U+0107 (decimal 263)
   defining Unicode char U+010C (decimal 268)
   defining Unicode char U+010D (decimal 269)
   defining Unicode char U+010E (decimal 270)
   defining Unicode char U+010F (decimal 271)
   defining Unicode char U+0110 (decimal 272)
   defining Unicode char U+0111 (decimal 273)
   defining Unicode char U+0118 (decimal 280)
   defining Unicode char U+0119 (decimal 281)
   defining Unicode char U+011A (decimal 282)
   defining Unicode char U+011B (decimal 283)
   defining Unicode char U+011E (decimal 286)
   defining Unicode char U+011F (decimal 287)
   defining Unicode char U+0130 (decimal 304)
   defining Unicode char U+0131 (decimal 305)
   defining Unicode char U+0132 (decimal 306)
   defining Unicode char U+0133 (decimal 307)
   defining Unicode char U+0139 (decimal 313)
   defining Unicode char U+013A (decimal 314)
   defining Unicode char U+013D (decimal 317)
   defining Unicode char U+013E (decimal 318)
   defining Unicode char U+0141 (decimal 321)
   defining Unicode char U+0142 (decimal 322)
   defining Unicode char U+0143 (decimal 323)
   defining Unicode char U+0144 (decimal 324)
   defining Unicode char U+0147 (decimal 327)
   defining Unicode char U+0148 (decimal 328)
   defining Unicode char U+014A (decimal 330)
   defining Unicode char U+014B (decimal 331)
   defining Unicode char U+0150 (decimal 336)
   defining Unicode char U+0151 (decimal 337)
   defining Unicode char U+0152 (decimal 338)
   defining Unicode char U+0153 (decimal 339)
   defining Unicode char U+0154 (decimal 340)
   defining Unicode char U+0155 (decimal 341)
   defining Unicode char U+0158 (decimal 344)
   defining Unicode char U+0159 (decimal 345)
   defining Unicode char U+015A (decimal 346)
   defining Unicode char U+015B (decimal 347)
   defining Unicode char U+015E (decimal 350)
   defining Unicode char U+015F (decimal 351)
   defining Unicode char U+0160 (decimal 352)
   defining Unicode char U+0161 (decimal 353)
   defining Unicode char U+0162 (decimal 354)
   defining Unicode char U+0163 (decimal 355)
   defining Unicode char U+0164 (decimal 356)
   defining Unicode char U+0165 (decimal 357)
   defining Unicode char U+016E (decimal 366)
   defining Unicode char U+016F (decimal 367)
   defining Unicode char U+0170 (decimal 368)
   defining Unicode char U+0171 (decimal 369)
   defining Unicode char U+0178 (decimal 376)
   defining Unicode char U+0179 (decimal 377)
   defining Unicode char U+017A (decimal 378)
   defining Unicode char U+017B (decimal 379)
   defining Unicode char U+017C (decimal 380)
   defining Unicode char U+017D (decimal 381)
   defining Unicode char U+017E (decimal 382)
   defining Unicode char U+200C (decimal 8204)
   defining Unicode char U+2013 (decimal 8211)
   defining Unicode char U+2014 (decimal 8212)
   defining Unicode char U+2018 (decimal 8216)
   defining Unicode char U+2019 (decimal 8217)
   defining Unicode char U+201A (decimal 8218)
   defining Unicode char U+201C (decimal 8220)
   defining Unicode char U+201D (decimal 8221)
   defining Unicode char U+201E (decimal 8222)
   defining Unicode char U+2030 (decimal 8240)
   defining Unicode char U+2031 (decimal 8241)
   defining Unicode char U+2039 (decimal 8249)
   defining Unicode char U+203A (decimal 8250)
   defining Unicode char U+2423 (decimal 9251)
)
Now handling font encoding OT1 ...
... processing UTF-8 mapping file for font encoding OT1

(/usr/share/texlive/texmf-dist/tex/latex/base/ot1enc.dfu
File: ot1enc.dfu 2008/04/05 v1.1m UTF-8 support for inputenc
   defining Unicode char U+00A1 (decimal 161)
   defining Unicode char U+00A3 (decimal 163)
   defining Unicode char U+00B8 (decimal 184)
   defining Unicode char U+00BF (decimal 191)
   defining Unicode char U+00C5 (decimal 197)
   defining Unicode char U+00C6 (decimal 198)
   defining Unicode char U+00D8 (decimal 216)
   defining Unicode char U+00DF (decimal 223)
   defining Unicode char U+00E6 (decimal 230)
   defining Unicode char U+00EC (decimal 236)
   defining Unicode char U+00ED (decimal 237)
   defining Unicode char U+00EE (decimal 238)
   defining Unicode char U+00EF (decimal 239)
   defining Unicode char U+00F8 (decimal 248)
   defining Unicode char U+0131 (decimal 305)
   defining Unicode char U+0141 (decimal 321)
   defining Unicode char U+0142 (decimal 322)
   defining Unicode char U+0152 (decimal 338)
   defining Unicode char U+0153 (decimal 339)
   defining Unicode char U+2013 (decimal 8211)
   defining Unicode char U+2014 (decimal 8212)
   defining Unicode char U+2018 (decimal 8216)
   defining Unicode char U+2019 (decimal 8217)
   defining Unicode char U+201C (decimal 8220)
   defining Unicode char U+201D (decimal 8221)
)
Now handling font encoding OMS ...
... processing UTF-8 mapping file for font encoding OMS

(/usr/share/texlive/texmf-dist/tex/latex/base/omsenc.dfu
File: omsenc.dfu 2008/04/05 v1.1m UTF-8 support for inputenc
   defining Unicode char U+00A7 (decimal 167)
   defining Unicode char U+00B6 (decimal 182)
   defining Unicode char U+00B7 (decimal 183)
   defining Unicode char U+2020 (decimal 8224)
   defining Unicode char U+2021 (decimal 8225)
   defining Unicode char U+2022 (decimal 8226)
)
Now handling font encoding OMX ...
... no UTF-8 mapping file for font encoding OMX
Now handling font encoding U ...
... no UTF-8 mapping file for font encoding U
   defining Unicode char U+00A9 (decimal 169)
   defining Unicode char U+00AA (decimal 170)
   defining Unicode char U+00AE (decimal 174)
   defining Unicode char U+00BA (decimal 186)
   defining Unicode char U+02C6 (decimal 710)
   defining Unicode char U+02DC (decimal 732)
   defining Unicode char U+200C (decimal 8204)
   defining Unicode char U+2026 (decimal 8230)
   defining Unicode char U+2122 (decimal 8482)
   defining Unicode char U+2423 (decimal 9251)
))
(/usr/share/texlive/texmf-dist/tex/latex/base/fontenc.sty
Package: fontenc 2005/09/27 v1.99g Standard LaTeX package

(/usr/share/texlive/texmf-dist/tex/latex/base/t1enc.def
File: t1enc.def 2005/09/27 v1.99g Standard LaTeX file
LaTeX Font Info:    Redeclaring font encoding T1 on input line 43.
))
(/usr/share/texmf/tex/latex/lm/lmodern.sty
Package: lmodern 2009/10/30 v1.6 Latin Modern Fonts
LaTeX Font Info:    Overwriting symbol font `operators' in version `normal'
(Font)                  OT1/cmr/m/n --> OT1/lmr/m/n on input line 22.
LaTeX Font Info:    Overwriting symbol font `letters' in version `normal'
(Font)                  OML/cmm/m/it --> OML/lmm/m/it on input line 23.
LaTeX Font Info:    Overwriting symbol font `symbols' in version `normal'
(Font)                  OMS/cmsy/m/n --> OMS/lmsy/m/n on input line 24.
LaTeX Font Info:    Overwriting symbol font `largesymbols' in version `normal'
(Font)                  OMX/cmex/m/n --> OMX/lmex/m/n on input line 25.
LaTeX Font Info:    Overwriting symbol font `operators' in version `bold'
(Font)                  OT1/cmr/bx/n --> OT1/lmr/bx/n on input line 26.
LaTeX Font Info:    Overwriting symbol font `letters' in version `bold'
(Font)                  OML/cmm/b/it --> OML/lmm/b/it on input line 27.
LaTeX Font Info:    Overwriting symbol font `symbols' in version `bold'
(Font)                  OMS/cmsy/b/n --> OMS/lmsy/b/n on input line 28.
LaTeX Font Info:    Overwriting symbol font `largesymbols' in version `bold'
(Font)                  OMX/cmex/m/n --> OMX/lmex/m/n on input line 29.
LaTeX Font Info:    Overwriting math alphabet `\mathbf' in version `normal'
(Font)                  OT1/cmr/bx/n --> OT1/lmr/bx/n on input line 31.
LaTeX Font Info:    Overwriting math alphabet `\mathsf' in version `normal'
(Font)                  OT1/cmss/m/n --> OT1/lmss/m/n on input line 32.
LaTeX Font Info:    Overwriting math alphabet `\mathit' in version `normal'
(Font)                  OT1/cmr/m/it --> OT1/lmr/m/it on input line 33.
LaTeX Font Info:    Overwriting math alphabet `\mathtt' in version `normal'
(Font)                  OT1/cmtt/m/n --> OT1/lmtt/m/n on input line 34.
LaTeX Font Info:    Overwriting math alphabet `\mathbf' in version `bold'
(Font)                  OT1/cmr/bx/n --> OT1/lmr/bx/n on input line 35.
LaTeX Font Info:    Overwriting math alphabet `\mathsf' in version `bold'
(Font)                  OT1/cmss/bx/n --> OT1/lmss/bx/n on input line 36.
LaTeX Font Info:    Overwriting math alphabet `\mathit' in version `bold'
(Font)                  OT1/cmr/bx/it --> OT1/lmr/bx/it on input line 37.
LaTeX Font Info:    Overwriting math alphabet `\mathtt' in version `bold'
(Font)                  OT1/cmtt/m/n --> OT1/lmtt/m/n on input line 38.
)
(/usr/share/texmf/tex/latex/pgf/frontendlayer/tikz.sty
(/usr/share/texmf/tex/latex/pgf/basiclayer/pgf.sty
(/usr/share/texmf/tex/latex/pgf/utilities/pgfrcs.sty
(/usr/share/texmf/tex/generic/pgf/utilities/pgfutil-common.tex
\pgfutil@everybye=\toks17
)
(/usr/share/texmf/tex/generic/pgf/utilities/pgfutil-latex.def
\pgfutil@abb=\box27

(/usr/share/texlive/texmf-dist/tex/latex/ms/everyshi.sty
Package: everyshi 2001/05/15 v3.00 EveryShipout Package (MS)
))
(/usr/share/texmf/tex/generic/pgf/utilities/pgfrcs.code.tex
Package: pgfrcs 2010/10/25 v2.10 (rcs-revision 1.24)
))
Package: pgf 2008/01/15 v2.10 (rcs-revision 1.12)

(/usr/share/texmf/tex/latex/pgf/basiclayer/pgfcore.sty
(/usr/share/texlive/texmf-dist/tex/latex/graphics/graphicx.sty
Package: graphicx 1999/02/16 v1.0f Enhanced LaTeX Graphics (DPC,SPQR)

(/usr/share/texlive/texmf-dist/tex/latex/graphics/graphics.sty
Package: graphics 2009/02/05 v1.0o Standard LaTeX Graphics (DPC,SPQR)

(/usr/share/texlive/texmf-dist/tex/latex/graphics/trig.sty
Package: trig 1999/03/16 v1.09 sin cos tan (DPC)
)
(/usr/share/texlive/texmf-dist/tex/latex/latexconfig/graphics.cfg
File: graphics.cfg 2010/04/23 v1.9 graphics configuration of TeX Live
)
Package graphics Info: Driver file: pdftex.def on input line 91.

(/usr/share/texlive/texmf-dist/tex/latex/pdftex-def/pdftex.def
File: pdftex.def 2011/05/27 v0.06d Graphics/color for pdfTeX

(/usr/share/texlive/texmf-dist/tex/generic/oberdiek/infwarerr.sty
Package: infwarerr 2010/04/08 v1.3 Providing info/warning/error messages (HO)
)
(/usr/share/texlive/texmf-dist/tex/generic/oberdiek/ltxcmds.sty
Package: ltxcmds 2011/11/09 v1.22 LaTeX kernel commands for general use (HO)
)
\Gread@gobject=\count90
))
\Gin@req@height=\dimen104
\Gin@req@width=\dimen105
)
(/usr/share/texmf/tex/latex/pgf/systemlayer/pgfsys.sty
(/usr/share/texmf/tex/generic/pgf/systemlayer/pgfsys.code.tex
Package: pgfsys 2010/06/30 v2.10 (rcs-revision 1.37)

(/usr/share/texmf/tex/generic/pgf/utilities/pgfkeys.code.tex
\pgfkeys@pathtoks=\toks18
\pgfkeys@temptoks=\toks19

(/usr/share/texmf/tex/generic/pgf/utilities/pgfkeysfiltered.code.tex
\pgfkeys@tmptoks=\toks20
))
\pgf@x=\dimen106
\pgf@y=\dimen107
\pgf@xa=\dimen108
\pgf@ya=\dimen109
\pgf@xb=\dimen110
\pgf@yb=\dimen111
\pgf@xc=\dimen112
\pgf@yc=\dimen113
\w@pgf@writea=\write3
\r@pgf@reada=\read1
\c@pgf@counta=\count91
\c@pgf@countb=\count92
\c@pgf@countc=\count93
\c@pgf@countd=\count94

(/usr/share/texmf/tex/generic/pgf/systemlayer/pgf.cfg
File: pgf.cfg 2008/05/14  (rcs-revision 1.7)
)
Package pgfsys Info: Driver file for pgf: pgfsys-pdftex.def on input line 900.

(/usr/share/texmf/tex/generic/pgf/systemlayer/pgfsys-pdftex.def
File: pgfsys-pdftex.def 2009/05/22  (rcs-revision 1.26)

(/usr/share/texmf/tex/generic/pgf/systemlayer/pgfsys-common-pdf.def
File: pgfsys-common-pdf.def 2008/05/19  (rcs-revision 1.10)
)))
(/usr/share/texmf/tex/generic/pgf/systemlayer/pgfsyssoftpath.code.tex
File: pgfsyssoftpath.code.tex 2008/07/18  (rcs-revision 1.7)
\pgfsyssoftpath@smallbuffer@items=\count95
\pgfsyssoftpath@bigbuffer@items=\count96
)
(/usr/share/texmf/tex/generic/pgf/systemlayer/pgfsysprotocol.code.tex
File: pgfsysprotocol.code.tex 2006/10/16  (rcs-revision 1.4)
))
(/usr/share/texmf/tex/latex/xcolor/xcolor.sty
Package: xcolor 2007/01/21 v2.11 LaTeX color extensions (UK)

(/usr/share/texlive/texmf-dist/tex/latex/latexconfig/color.cfg
File: color.cfg 2007/01/18 v1.5 color configuration of teTeX/TeXLive
)
Package xcolor Info: Driver file: pdftex.def on input line 225.
Package xcolor Info: Model `cmy' substituted by `cmy0' on input line 1337.
Package xcolor Info: Model `hsb' substituted by `rgb' on input line 1341.
Package xcolor Info: Model `RGB' extended on input line 1353.
Package xcolor Info: Model `HTML' substituted by `rgb' on input line 1355.
Package xcolor Info: Model `Hsb' substituted by `hsb' on input line 1356.
Package xcolor Info: Model `tHsb' substituted by `hsb' on input line 1357.
Package xcolor Info: Model `HSB' substituted by `hsb' on input line 1358.
Package xcolor Info: Model `Gray' substituted by `gray' on input line 1359.
Package xcolor Info: Model `wave' substituted by `hsb' on input line 1360.
)
(/usr/share/texmf/tex/generic/pgf/basiclayer/pgfcore.code.tex
Package: pgfcore 2010/04/11 v2.10 (rcs-revision 1.7)

(/usr/share/texmf/tex/generic/pgf/math/pgfmath.code.tex
(/usr/share/texmf/tex/generic/pgf/math/pgfmathcalc.code.tex
(/usr/share/texmf/tex/generic/pgf/math/pgfmathutil.code.tex)
(/usr/share/texmf/tex/generic/pgf/math/pgfmathparser.code.tex
\pgfmath@dimen=\dimen114
\pgfmath@count=\count97
\pgfmath@box=\box28
\pgfmath@toks=\toks21
\pgfmath@stack@operand=\toks22
\pgfmath@stack@operation=\toks23
)
(/usr/share/texmf/tex/generic/pgf/math/pgfmathfunctions.code.tex
(/usr/share/texmf/tex/generic/pgf/math/pgfmathfunctions.basic.code.tex)
(/usr/share/texmf/tex/generic/pgf/math/pgfmathfunctions.trigonometric.code.tex)
(/usr/share/texmf/tex/generic/pgf/math/pgfmathfunctions.random.code.tex)
(/usr/share/texmf/tex/generic/pgf/math/pgfmathfunctions.comparison.code.tex)
(/usr/share/texmf/tex/generic/pgf/math/pgfmathfunctions.base.code.tex)
(/usr/share/texmf/tex/generic/pgf/math/pgfmathfunctions.round.code.tex)
(/usr/share/texmf/tex/generic/pgf/math/pgfmathfunctions.misc.code.tex)))
(/usr/share/texmf/tex/generic/pgf/math/pgfmathfloat.code.tex
\c@pgfmathroundto@lastzeros=\count98
))
(/usr/share/texmf/tex/generic/pgf/basiclayer/pgfcorepoints.code.tex
File: pgfcorepoints.code.tex 2010/04/09  (rcs-revision 1.20)
\pgf@picminx=\dimen115
\pgf@picmaxx=\dimen116
\pgf@picminy=\dimen117
\pgf@picmaxy=\dimen118
\pgf@pathminx=\dimen119
\pgf@pathmaxx=\dimen120
\pgf@pathminy=\dimen121
\pgf@pathmaxy=\dimen122
\pgf@xx=\dimen123
\pgf@xy=\dimen124
\pgf@yx=\dimen125
\pgf@yy=\dimen126
\pgf@zx=\dimen127
\pgf@zy=\dimen128
)
(/usr/share/texmf/tex/generic/pgf/basiclayer/pgfcorepathconstruct.code.tex
File: pgfcorepathconstruct.code.tex 2010/08/03  (rcs-revision 1.24)
\pgf@path@lastx=\dimen129
\pgf@path@lasty=\dimen130
)
(/usr/share/texmf/tex/generic/pgf/basiclayer/pgfcorepathusage.code.tex
File: pgfcorepathusage.code.tex 2008/04/22  (rcs-revision 1.12)
\pgf@shorten@end@additional=\dimen131
\pgf@shorten@start@additional=\dimen132
)
(/usr/share/texmf/tex/generic/pgf/basiclayer/pgfcorescopes.code.tex
File: pgfcorescopes.code.tex 2010/09/08  (rcs-revision 1.34)
\pgfpic=\box29
\pgf@hbox=\box30
\pgf@layerbox@main=\box31
\pgf@picture@serial@count=\count99
)
(/usr/share/texmf/tex/generic/pgf/basiclayer/pgfcoregraphicstate.code.tex
File: pgfcoregraphicstate.code.tex 2008/04/22  (rcs-revision 1.9)
\pgflinewidth=\dimen133
)
(/usr/share/texmf/tex/generic/pgf/basiclayer/pgfcoretransformations.code.tex
File: pgfcoretransformations.code.tex 2009/06/10  (rcs-revision 1.11)
\pgf@pt@x=\dimen134
\pgf@pt@y=\dimen135
\pgf@pt@temp=\dimen136
)
(/usr/share/texmf/tex/generic/pgf/basiclayer/pgfcorequick.code.tex
File: pgfcorequick.code.tex 2008/10/09  (rcs-revision 1.3)
)
(/usr/share/texmf/tex/generic/pgf/basiclayer/pgfcoreobjects.code.tex
File: pgfcoreobjects.code.tex 2006/10/11  (rcs-revision 1.2)
)
(/usr/share/texmf/tex/generic/pgf/basiclayer/pgfcorepathprocessing.code.tex
File: pgfcorepathprocessing.code.tex 2008/10/09  (rcs-revision 1.8)
)
(/usr/share/texmf/tex/generic/pgf/basiclayer/pgfcorearrows.code.tex
File: pgfcorearrows.code.tex 2008/04/23  (rcs-revision 1.11)
)
(/usr/share/texmf/tex/generic/pgf/basiclayer/pgfcoreshade.code.tex
File: pgfcoreshade.code.tex 2008/11/23  (rcs-revision 1.13)
\pgf@max=\dimen137
\pgf@sys@shading@range@num=\count100
)
(/usr/share/texmf/tex/generic/pgf/basiclayer/pgfcoreimage.code.tex
File: pgfcoreimage.code.tex 2010/03/25  (rcs-revision 1.16)

(/usr/share/texmf/tex/generic/pgf/basiclayer/pgfcoreexternal.code.tex
File: pgfcoreexternal.code.tex 2010/09/01  (rcs-revision 1.17)
\pgfexternal@startupbox=\box32
))
(/usr/share/texmf/tex/generic/pgf/basiclayer/pgfcorelayers.code.tex
File: pgfcorelayers.code.tex 2010/08/27  (rcs-revision 1.2)
)
(/usr/share/texmf/tex/generic/pgf/basiclayer/pgfcoretransparency.code.tex
File: pgfcoretransparency.code.tex 2008/01/17  (rcs-revision 1.2)
)
(/usr/share/texmf/tex/generic/pgf/basiclayer/pgfcorepatterns.code.tex
File: pgfcorepatterns.code.tex 2009/07/02  (rcs-revision 1.3)
)))
(/usr/share/texmf/tex/generic/pgf/modules/pgfmoduleshapes.code.tex
File: pgfmoduleshapes.code.tex 2010/09/09  (rcs-revision 1.13)
\pgfnodeparttextbox=\box33
)
(/usr/share/texmf/tex/generic/pgf/modules/pgfmoduleplot.code.tex
File: pgfmoduleplot.code.tex 2010/10/22  (rcs-revision 1.8)
)
(/usr/share/texmf/tex/latex/pgf/compatibility/pgfcomp-version-0-65.sty
Package: pgfcomp-version-0-65 2007/07/03 v2.10 (rcs-revision 1.7)
\pgf@nodesepstart=\dimen138
\pgf@nodesepend=\dimen139
)
(/usr/share/texmf/tex/latex/pgf/compatibility/pgfcomp-version-1-18.sty
Package: pgfcomp-version-1-18 2007/07/23 v2.10 (rcs-revision 1.1)
))
(/usr/share/texmf/tex/latex/pgf/utilities/pgffor.sty
(/usr/share/texmf/tex/latex/pgf/utilities/pgfkeys.sty
(/usr/share/texmf/tex/generic/pgf/utilities/pgfkeys.code.tex))
(/usr/share/texmf/tex/generic/pgf/utilities/pgffor.code.tex
Package: pgffor 2010/03/23 v2.10 (rcs-revision 1.18)
\pgffor@iter=\dimen140
\pgffor@skip=\dimen141
\pgffor@stack=\toks24
\pgffor@toks=\toks25
))
(/usr/share/texmf/tex/generic/pgf/frontendlayer/tikz/tikz.code.tex
Package: tikz 2010/10/13 v2.10 (rcs-revision 1.76)

(/usr/share/texmf/tex/generic/pgf/libraries/pgflibraryplothandlers.code.tex
File: pgflibraryplothandlers.code.tex 2010/05/31 v2.10 (rcs-revision 1.15)
\pgf@plot@mark@count=\count101
\pgfplotmarksize=\dimen142
)
\tikz@lastx=\dimen143
\tikz@lasty=\dimen144
\tikz@lastxsaved=\dimen145
\tikz@lastysaved=\dimen146
\tikzleveldistance=\dimen147
\tikzsiblingdistance=\dimen148
\tikz@figbox=\box34
\tikz@tempbox=\box35
\tikztreelevel=\count102
\tikznumberofchildren=\count103
\tikznumberofcurrentchild=\count104
\tikz@fig@count=\count105

(/usr/share/texmf/tex/generic/pgf/modules/pgfmodulematrix.code.tex
File: pgfmodulematrix.code.tex 2010/08/24  (rcs-revision 1.4)
\pgfmatrixcurrentrow=\count106
\pgfmatrixcurrentcolumn=\count107
\pgf@matrix@numberofcolumns=\count108
)
\tikz@expandcount=\count109

(/usr/share/texmf/tex/generic/pgf/frontendlayer/tikz/libraries/tikzlibrarytopat
hs.code.tex
File: tikzlibrarytopaths.code.tex 2008/06/17 v2.10 (rcs-revision 1.2)
))) (/usr/share/texlive/texmf-dist/tex/latex/geometry/geometry.sty
Package: geometry 2010/09/12 v5.6 Page Geometry

(/usr/share/texlive/texmf-dist/tex/generic/oberdiek/ifpdf.sty
Package: ifpdf 2011/01/30 v2.3 Provides the ifpdf switch (HO)
Package ifpdf Info: pdfTeX in PDF mode is detected.
)
(/usr/share/texlive/texmf-dist/tex/generic/oberdiek/ifvtex.sty
Package: ifvtex 2010/03/01 v1.5 Detect VTeX and its facilities (HO)
Package ifvtex Info: VTeX not detected.
)
(/usr/share/texlive/texmf-dist/tex/generic/ifxetex/ifxetex.sty
Package: ifxetex 2010/09/12 v0.6 Provides ifxetex conditional
)
\Gm@cnth=\count110
\Gm@cntv=\count111
\c@Gm@tempcnt=\count112
\Gm@bindingoffset=\dimen149
\Gm@wd@mp=\dimen150
\Gm@odd@mp=\dimen151
\Gm@even@mp=\dimen152
\Gm@layoutwidth=\dimen153
\Gm@layoutheight=\dimen154
\Gm@layouthoffset=\dimen155
\Gm@layoutvoffset=\dimen156
\Gm@dimlist=\toks26
)
(/usr/share/texlive/texmf-dist/tex/latex/index/index.sty
Package: index 2004/01/20 v4.2beta Improved index support (dmj)
\@indexbox=\insert233
\indexproofstyle=\toks27
)
\idxtitle@default=\toks28
\tf@default=\write4
\openout4 = `AlgGeo.idx'.

Package index Info: Writing index file AlgGeo.idx on input line 34.

(/usr/share/texlive/texmf-dist/tex/latex/hyperref/hyperref.sty
Package: hyperref 2012/11/06 v6.83m Hypertext links for LaTeX

(/usr/share/texlive/texmf-dist/tex/generic/oberdiek/hobsub-hyperref.sty
Package: hobsub-hyperref 2012/05/28 v1.13 Bundle oberdiek, subset hyperref (HO)


(/usr/share/texlive/texmf-dist/tex/generic/oberdiek/hobsub-generic.sty
Package: hobsub-generic 2012/05/28 v1.13 Bundle oberdiek, subset generic (HO)
Package: hobsub 2012/05/28 v1.13 Construct package bundles (HO)
Package hobsub Info: Skipping package `infwarerr' (already loaded).
Package hobsub Info: Skipping package `ltxcmds' (already loaded).
Package: ifluatex 2010/03/01 v1.3 Provides the ifluatex switch (HO)
Package ifluatex Info: LuaTeX not detected.
Package hobsub Info: Skipping package `ifvtex' (already loaded).
Package: intcalc 2007/09/27 v1.1 Expandable calculations with integers (HO)
Package hobsub Info: Skipping package `ifpdf' (already loaded).
Package: etexcmds 2011/02/16 v1.5 Avoid name clashes with e-TeX commands (HO)
Package etexcmds Info: Could not find \expanded.
(etexcmds)             That can mean that you are not using pdfTeX 1.50 or
(etexcmds)             that some package has redefined \expanded.
(etexcmds)             In the latter case, load this package earlier.
Package: kvsetkeys 2012/04/25 v1.16 Key value parser (HO)
Package: kvdefinekeys 2011/04/07 v1.3 Define keys (HO)
Package: pdftexcmds 2011/11/29 v0.20 Utility functions of pdfTeX for LuaTeX (HO
)
Package pdftexcmds Info: LuaTeX not detected.
Package pdftexcmds Info: \pdf@primitive is available.
Package pdftexcmds Info: \pdf@ifprimitive is available.
Package pdftexcmds Info: \pdfdraftmode found.
Package: pdfescape 2011/11/25 v1.13 Implements pdfTeX's escape features (HO)
Package: bigintcalc 2012/04/08 v1.3 Expandable calculations on big integers (HO
)
Package: bitset 2011/01/30 v1.1 Handle bit-vector datatype (HO)
Package: uniquecounter 2011/01/30 v1.2 Provide unlimited unique counter (HO)
)
Package hobsub Info: Skipping package `hobsub' (already loaded).
Package: letltxmacro 2010/09/02 v1.4 Let assignment for LaTeX macros (HO)
Package: hopatch 2012/05/28 v1.2 Wrapper for package hooks (HO)
Package: xcolor-patch 2011/01/30 xcolor patch
Package: atveryend 2011/06/30 v1.8 Hooks at the very end of document (HO)
Package atveryend Info: \enddocument detected (standard20110627).
Package: atbegshi 2011/10/05 v1.16 At begin shipout hook (HO)
Package: refcount 2011/10/16 v3.4 Data extraction from label references (HO)
Package: hycolor 2011/01/30 v1.7 Color options for hyperref/bookmark (HO)
)
(/usr/share/texlive/texmf-dist/tex/latex/oberdiek/auxhook.sty
Package: auxhook 2011/03/04 v1.3 Hooks for auxiliary files (HO)
)
(/usr/share/texlive/texmf-dist/tex/latex/oberdiek/kvoptions.sty
Package: kvoptions 2011/06/30 v3.11 Key value format for package options (HO)
)
\@linkdim=\dimen157
\Hy@linkcounter=\count113
\Hy@pagecounter=\count114

(/usr/share/texlive/texmf-dist/tex/latex/hyperref/pd1enc.def
File: pd1enc.def 2012/11/06 v6.83m Hyperref: PDFDocEncoding definition (HO)
Now handling font encoding PD1 ...
... no UTF-8 mapping file for font encoding PD1
)
\Hy@SavedSpaceFactor=\count115

(/usr/share/texlive/texmf-dist/tex/latex/latexconfig/hyperref.cfg
File: hyperref.cfg 2002/06/06 v1.2 hyperref configuration of TeXLive
)
Package hyperref Info: Hyper figures OFF on input line 4443.
Package hyperref Info: Link nesting OFF on input line 4448.
Package hyperref Info: Hyper index ON on input line 4451.
Package hyperref Info: Plain pages OFF on input line 4458.
Package hyperref Info: Backreferencing OFF on input line 4463.
Package hyperref Info: Implicit mode ON; LaTeX internals redefined.
Package hyperref Info: Bookmarks ON on input line 4688.
\c@Hy@tempcnt=\count116

(/usr/share/texlive/texmf-dist/tex/latex/url/url.sty
\Urlmuskip=\muskip10
Package: url 2013/09/16  ver 3.4  Verb mode for urls, etc.
)
LaTeX Info: Redefining \url on input line 5041.
\XeTeXLinkMargin=\dimen158
\Fld@menulength=\count117
\Field@Width=\dimen159
\Fld@charsize=\dimen160
Package hyperref Info: Hyper figures OFF on input line 6295.
Package hyperref Info: Link nesting OFF on input line 6300.
Package hyperref Info: Hyper index ON on input line 6303.
Package hyperref Info: backreferencing OFF on input line 6310.
Package hyperref Info: Link coloring OFF on input line 6315.
Package hyperref Info: Link coloring with OCG OFF on input line 6320.
Package hyperref Info: PDF/A mode OFF on input line 6325.
LaTeX Info: Redefining \ref on input line 6365.
LaTeX Info: Redefining \pageref on input line 6369.
\Hy@abspage=\count118
\c@Item=\count119
\c@Hfootnote=\count120
)

Package hyperref Message: Driver (autodetected): hpdftex.

(/usr/share/texlive/texmf-dist/tex/latex/hyperref/hpdftex.def
File: hpdftex.def 2012/11/06 v6.83m Hyperref driver for pdfTeX
\Fld@listcount=\count121
\c@bookmark@seq@number=\count122

(/usr/share/texlive/texmf-dist/tex/latex/oberdiek/rerunfilecheck.sty
Package: rerunfilecheck 2011/04/15 v1.7 Rerun checks for auxiliary files (HO)
Package uniquecounter Info: New unique counter `rerunfilecheck' on input line 2
82.
)
\Hy@SectionHShift=\skip48
)
Package hyperref Info: Option `colorlinks' set `true' on input line 59.
Package hyperref Info: Option `bookmarksopen' set `true' on input line 59.
Package hyperref Info: Option `bookmarksnumbered' set `true' on input line 59.


Package hyperref Warning: Option `backref' has already been used,
(hyperref)                setting the option has no effect on input line 59.


Package hyperref Warning: Option `pagebackref' has already been used,
(hyperref)                setting the option has no effect on input line 59.


Package hyperref Warning: Values of option `pdfpagemode':
(hyperref)                * `UseNone'
(hyperref)                * `UseOutlines'
(hyperref)                * `UseThumbs'
(hyperref)                * `FullScreen'
(hyperref)                * `UseOC' (PDF 1.5)
(hyperref)                * `UseAttachments' (PDF 1.6)
(hyperref)                * An empty value disables the option.
(hyperref)                Unknown value `None' on input line 59.

(/usr/share/texlive/texmf-dist/tex/latex/amsfonts/amssymb.sty
Package: amssymb 2013/01/14 v3.01 AMS font symbols

(/usr/share/texlive/texmf-dist/tex/latex/amsfonts/amsfonts.sty
Package: amsfonts 2013/01/14 v3.01 Basic AMSFonts support
\@emptytoks=\toks29
\symAMSa=\mathgroup4
\symAMSb=\mathgroup5
LaTeX Font Info:    Overwriting math alphabet `\mathfrak' in version `bold'
(Font)                  U/euf/m/n --> U/euf/b/n on input line 106.
))
(/usr/share/texlive/texmf-dist/tex/latex/amsmath/amsmath.sty
Package: amsmath 2013/01/14 v2.14 AMS math features
\@mathmargin=\skip49

For additional information on amsmath, use the `?' option.
(/usr/share/texlive/texmf-dist/tex/latex/amsmath/amstext.sty
Package: amstext 2000/06/29 v2.01

(/usr/share/texlive/texmf-dist/tex/latex/amsmath/amsgen.sty
File: amsgen.sty 1999/11/30 v2.0
\@emptytoks=\toks30
\ex@=\dimen161
))
(/usr/share/texlive/texmf-dist/tex/latex/amsmath/amsbsy.sty
Package: amsbsy 1999/11/29 v1.2d
\pmbraise@=\dimen162
)
(/usr/share/texlive/texmf-dist/tex/latex/amsmath/amsopn.sty
Package: amsopn 1999/12/14 v2.01 operator names
)
\inf@bad=\count123
LaTeX Info: Redefining \frac on input line 210.
\uproot@=\count124
\leftroot@=\count125
LaTeX Info: Redefining \overline on input line 306.
\classnum@=\count126
\DOTSCASE@=\count127
LaTeX Info: Redefining \ldots on input line 378.
LaTeX Info: Redefining \dots on input line 381.
LaTeX Info: Redefining \cdots on input line 466.
\Mathstrutbox@=\box36
\strutbox@=\box37
\big@size=\dimen163
LaTeX Font Info:    Redeclaring font encoding OML on input line 566.
LaTeX Font Info:    Redeclaring font encoding OMS on input line 567.
\macc@depth=\count128
\c@MaxMatrixCols=\count129
\dotsspace@=\muskip11
\c@parentequation=\count130
\dspbrk@lvl=\count131
\tag@help=\toks31
\row@=\count132
\column@=\count133
\maxfields@=\count134
\andhelp@=\toks32
\eqnshift@=\dimen164
\alignsep@=\dimen165
\tagshift@=\dimen166
\tagwidth@=\dimen167
\totwidth@=\dimen168
\lineht@=\dimen169
\@envbody=\toks33
\multlinegap=\skip50
\multlinetaggap=\skip51
\mathdisplay@stack=\toks34
LaTeX Info: Redefining \[ on input line 2665.
LaTeX Info: Redefining \] on input line 2666.
)
(/usr/share/texlive/texmf-dist/tex/latex/stmaryrd/stmaryrd.sty
Package: stmaryrd 1994/03/03 St Mary's Road symbol package
\symstmry=\mathgroup6
LaTeX Font Info:    Overwriting symbol font `stmry' in version `bold'
(Font)                  U/stmry/m/n --> U/stmry/b/n on input line 89.
)
(/usr/share/texlive/texmf-dist/tex/latex/enumitem/enumitem.sty
Package: enumitem 2011/09/28 v3.5.2 Customized lists
\labelindent=\skip52
\enit@outerparindent=\dimen170
\enit@toks=\toks35
\enit@inbox=\box38
\enitdp@description=\count135
)
(/usr/share/texlive/texmf-dist/tex/generic/xypic/xy.sty
(/usr/share/texlive/texmf-dist/tex/generic/xypic/xy.tex Bootstrap'ing:
catcodes, docmode, (/usr/share/texlive/texmf-dist/tex/generic/xypic/xyrecat.tex
) (/usr/share/texlive/texmf-dist/tex/generic/xypic/xyidioms.tex)

 Xy-pic version 3.8.9 <2013/10/06>
 Copyright (c) 1991-2013 by Kristoffer H. Rose <krisrose@tug.org> and others
 Xy-pic is free software: see the User's Guide for details.

Loading kernel: messages; fonts; allocations: state,
\X@c=\dimen171
\Y@c=\dimen172
\U@c=\dimen173
\D@c=\dimen174
\L@c=\dimen175
\R@c=\dimen176
\Edge@c=\toks36
\X@p=\dimen177
\Y@p=\dimen178
\U@p=\dimen179
\D@p=\dimen180
\L@p=\dimen181
\R@p=\dimen182
\Edge@p=\toks37
\X@origin=\dimen183
\Y@origin=\dimen184
\X@xbase=\dimen185
\Y@xbase=\dimen186
\X@ybase=\dimen187
\Y@ybase=\dimen188
\X@min=\dimen189
\Y@min=\dimen190
\X@max=\dimen191
\Y@max=\dimen192
\lastobjectbox@=\box39
\zerodotbox@=\box40
\almostz@=\dimen193
 direction,
\d@X=\dimen194
\d@Y=\dimen195
\K@=\count136
\KK@=\count137
\Direction=\count138
\K@dXdY=\dimen196
\K@dYdX=\dimen197
\xyread@=\read2
\xywrite@=\write5
\csp@=\count139
\quotPTK@=\dimen198

utility macros; pictures: \xy, positions,
\swaptoks@@=\toks38
\connectobjectbox@@=\box41
 objects,
\styletoks@=\toks39
 decorations;
kernel objects: directionals, circles, text; options; algorithms: directions,
edges, connections;  Xy-pic loaded)
Package: xy 2013/10/06 Xy-pic version 3.8.9

(/usr/share/texlive/texmf-dist/tex/generic/xypic/xyarrow.tex
 Xy-pic option: Arrow and Path feature v.3.9 path, \ar, loaded)
(/usr/share/texlive/texmf-dist/tex/generic/xypic/xymatrix.tex
 Xy-pic option: Matrix feature v.3.14
\Row=\count140
\Col=\count141
\queue@=\toks40
\queue@@=\toks41
\qcount@=\count142
\qcount@@=\count143
\matrixsize@=\count144
 loaded)
(/usr/share/texlive/texmf-dist/tex/generic/xypic/xycurve.tex
 Xy-pic option: Curve and Spline extension v.3.12 curve,
\crv@cnt@=\count145
\crvpts@=\toks42
\splinebox@=\box42
\splineval@=\dimen199
\splinedepth@=\dimen200
\splinetol@=\dimen201
\splinelength@=\dimen202
 circles,
\L@=\dimen203
 loaded)
(/usr/share/texlive/texmf-dist/tex/generic/xypic/xypdf.tex
 Xy-pic option: PDF driver v.1.7 Xy-pic pdf driver: `curve' extension support
(/usr/share/texlive/texmf-dist/tex/generic/xypic/xypdf-cu.tex loaded) loaded))
(/usr/share/texlive/texmf-dist/tex/generic/pictex/pictex.sty
(/usr/share/texlive/texmf-dist/tex/generic/pictex/prepictex.tex)
(/usr/share/texlive/texmf-dist/tex/generic/pictex/pictex.tex)
(/usr/share/texlive/texmf-dist/tex/generic/pictex/postpictex.tex)
(/usr/share/texlive/texmf-dist/tex/generic/pictex/picmore.tex)
(/usr/share/texlive/texmf-dist/tex/generic/pictex/piccorr.sty))
(/usr/share/texlive/texmf-dist/tex/latex/ntheorem/ntheorem.sty
Style `ntheorem', Version 1.33 <2011/08/15>
Package: ntheorem 2011/08/15 1.33
(/usr/share/texlive/texmf-dist/tex/latex/base/ifthen.sty
Package: ifthen 2001/05/26 v1.1c Standard LaTeX ifthen package (DPC)
)
\theorem@style=\toks46
\theorem@@style=\toks47
\theorembodyfont=\toks48
\theoremnumbering=\toks49
\theorempreskipamount=\skip53
\theorempostskipamount=\skip54
\theoremframepreskipamount=\skip55
\theoremframepostskipamount=\skip56
\theoreminframepreskipamount=\skip57
\theoreminframepostskipamount=\skip58
\theorem@preskip=\toks50
\theorem@postskip=\toks51
\theorem@framepreskip=\toks52
\theorem@framepostskip=\toks53
\theorem@inframepreskip=\toks54
\theorem@inframepostskip=\toks55
\theoremindent=\dimen337
\theorem@indent=\dimen338
\theoremrightindent=\dimen339
\theorem@rightindent=\dimen340
\theoremheaderfont=\toks56
\theoremseparator=\toks57
\theoremprework=\toks58
\theorempostwork=\toks59
\theoremsymbol=\toks60
\qedsymbol=\toks61
\theoremkeyword=\toks62
\qedsymbol=\toks63
\thm@topsep=\skip59
\thm@topsepadd=\skip60
Package ntheorem Info: Option `thmmarks' loaded on input line 1175.
\c@endNonectr=\count162
\c@currNonectr=\count163
\mysavskip=\skip61
Package ntheorem Info: Option `thref' loaded on input line 1175.
\mysavskip=\skip62
Package ntheorem Info: option `amsmath' handling for `thref' loaded on input li
ne 1175.
Package ntheorem Info: option `amsmath' handling for `thmmarks' loaded on input
 line 1175.
\thm@amstmpdepth=\dimen341
\tagwidth=\dimen342
)
\c@currSatzctr=\count164
\c@endSatzctr=\count165
\c@Satz=\count166
\c@currSatzDefctr=\count167
\c@endSatzDefctr=\count168
\c@currDefctr=\count169
\c@endDefctr=\count170
\c@Def=\count171
\c@currDefBemctr=\count172
\c@endDefBemctr=\count173
\c@currErinnDefBemctr=\count174
\c@endErinnDefBemctr=\count175
\c@currErinnDefctr=\count176
\c@endErinnDefctr=\count177
\c@currDefSatzctr=\count178
\c@endDefSatzctr=\count179
\c@currBemctr=\count180
\c@endBemctr=\count181
\c@currBemDefctr=\count182
\c@endBemDefctr=\count183
\c@currPropctr=\count184
\c@endPropctr=\count185
\c@currPropDefctr=\count186
\c@endPropDefctr=\count187
\c@currFolgctr=\count188
\c@endFolgctr=\count189
\c@currBspctr=\count190
\c@endBspctr=\count191
\c@currDefPropctr=\count192
\c@endDefPropctr=\count193
\c@curranBewctr=\count194
\c@endanBewctr=\count195
\c@currKorctr=\count196
\c@endKorctr=\count197
\c@currLemmactr=\count198
\c@endLemmactr=\count199
\c@Lemma=\count200
\c@currnnBemctr=\count201
\c@endnnBemctr=\count202
\c@nnBem=\count203
\c@currnnBspctr=\count204
\c@endnnBspctr=\count205
\c@nnBsp=\count206
\c@currnnSatzctr=\count207
\c@endnnSatzctr=\count208
\c@nnSatz=\count209
\c@currnnFolgctr=\count210
\c@endnnFolgctr=\count211
\c@nnFolg=\count212
\c@currBeoctr=\count213
\c@endBeoctr=\count214
\c@Beo=\count215
\c@currErictr=\count216
\c@endErictr=\count217
\c@Eri=\count218
\c@currBehctr=\count219
\c@endBehctr=\count220
\c@Beh=\count221
\c@currBewctr=\count222
\c@endBewctr=\count223
\c@Bew=\count224
 (./AlgGeo.aux)
\openout1 = `AlgGeo.aux'.

LaTeX Font Info:    Checking defaults for OML/cmm/m/it on input line 191.
LaTeX Font Info:    ... okay on input line 191.
LaTeX Font Info:    Checking defaults for T1/cmr/m/n on input line 191.
LaTeX Font Info:    ... okay on input line 191.
LaTeX Font Info:    Checking defaults for OT1/cmr/m/n on input line 191.
LaTeX Font Info:    ... okay on input line 191.
LaTeX Font Info:    Checking defaults for OMS/cmsy/m/n on input line 191.
LaTeX Font Info:    ... okay on input line 191.
LaTeX Font Info:    Checking defaults for OMX/cmex/m/n on input line 191.
LaTeX Font Info:    ... okay on input line 191.
LaTeX Font Info:    Checking defaults for U/cmr/m/n on input line 191.
LaTeX Font Info:    ... okay on input line 191.
LaTeX Font Info:    Checking defaults for PD1/pdf/m/n on input line 191.
LaTeX Font Info:    ... okay on input line 191.
LaTeX Font Info:    Try loading font information for T1+lmr on input line 191.

(/usr/share/texmf/tex/latex/lm/t1lmr.fd
File: t1lmr.fd 2009/10/30 v1.6 Font defs for Latin Modern
) ABD: EveryShipout initializing macros
(/usr/share/texlive/texmf-dist/tex/context/base/supp-pdf.mkii
[Loading MPS to PDF converter (version 2006.09.02).]
\scratchcounter=\count225
\scratchdimen=\dimen343
\scratchbox=\box49
\nofMPsegments=\count226
\nofMParguments=\count227
\everyMPshowfont=\toks64
\MPscratchCnt=\count228
\MPscratchDim=\dimen344
\MPnumerator=\count229
\makeMPintoPDFobject=\count230
\everyMPtoPDFconversion=\toks65
) (/usr/share/texlive/texmf-dist/tex/latex/oberdiek/epstopdf-base.sty
Package: epstopdf-base 2010/02/09 v2.5 Base part for package epstopdf

(/usr/share/texlive/texmf-dist/tex/latex/oberdiek/grfext.sty
Package: grfext 2010/08/19 v1.1 Manage graphics extensions (HO)
)
Package grfext Info: Graphics extension search list:
(grfext)             [.png,.pdf,.jpg,.mps,.jpeg,.jbig2,.jb2,.PNG,.PDF,.JPG,.JPE
G,.JBIG2,.JB2,.eps]
(grfext)             \AppendGraphicsExtensions on input line 452.

(/usr/share/texlive/texmf-dist/tex/latex/latexconfig/epstopdf-sys.cfg
File: epstopdf-sys.cfg 2010/07/13 v1.3 Configuration of (r)epstopdf for TeX Liv
e
))
*geometry* driver: auto-detecting
*geometry* detected driver: pdftex
*geometry* verbose mode - [ preamble ] result:
* driver: pdftex
* paper: a4paper
* layout: <same size as paper>
* layoutoffset:(h,v)=(0.0pt,0.0pt)
* modes: 
* h-part:(L,W,R)=(56.9055pt, 483.69687pt, 56.9055pt)
* v-part:(T,H,B)=(56.9055pt, 686.7347pt, 101.40665pt)
* \paperwidth=597.50787pt
* \paperheight=845.04684pt
* \textwidth=483.69687pt
* \textheight=686.7347pt
* \oddsidemargin=-15.36449pt
* \evensidemargin=-15.36449pt
* \topmargin=-55.23949pt
* \headheight=18.125pt
* \headsep=21.75pt
* \topskip=12.0pt
* \footskip=50.75pt
* \marginparwidth=49.79233pt
* \marginparsep=12.8401pt
* \columnsep=10.0pt
* \skip\footins=10.8pt plus 4.0pt minus 2.0pt
* \hoffset=0.0pt
* \voffset=0.0pt
* \mag=1000
* \@twocolumnfalse
* \@twosidefalse
* \@mparswitchfalse
* \@reversemarginfalse
* (1in=72.27pt=25.4mm, 1cm=28.453pt)

\AtBeginShipoutBox=\box50
Package hyperref Info: Link coloring ON on input line 191.
(/usr/share/texlive/texmf-dist/tex/latex/hyperref/nameref.sty
Package: nameref 2012/10/27 v2.43 Cross-referencing by name of section

(/usr/share/texlive/texmf-dist/tex/generic/oberdiek/gettitlestring.sty
Package: gettitlestring 2010/12/03 v1.4 Cleanup title references (HO)
)
\c@section@level=\count231
)
LaTeX Info: Redefining \ref on input line 191.
LaTeX Info: Redefining \pageref on input line 191.
LaTeX Info: Redefining \nameref on input line 191.

(./AlgGeo.out) (./AlgGeo.out)
\@outlinefile=\write7
\openout7 = `AlgGeo.out'.

LaTeX Font Info:    Try loading font information for OT1+lmr on input line 191.

 (/usr/share/texmf/tex/latex/lm/ot1lmr.fd
File: ot1lmr.fd 2009/10/30 v1.6 Font defs for Latin Modern
)
LaTeX Font Info:    Try loading font information for OML+lmm on input line 191.


(/usr/share/texmf/tex/latex/lm/omllmm.fd
File: omllmm.fd 2009/10/30 v1.6 Font defs for Latin Modern
)
LaTeX Font Info:    Try loading font information for OMS+lmsy on input line 191
.

(/usr/share/texmf/tex/latex/lm/omslmsy.fd
File: omslmsy.fd 2009/10/30 v1.6 Font defs for Latin Modern
)
LaTeX Font Info:    Try loading font information for OMX+lmex on input line 191
.

(/usr/share/texmf/tex/latex/lm/omxlmex.fd
File: omxlmex.fd 2009/10/30 v1.6 Font defs for Latin Modern
)
LaTeX Font Info:    External font `lmex10' loaded for size
(Font)              <12> on input line 191.
LaTeX Font Info:    External font `lmex10' loaded for size
(Font)              <8> on input line 191.
LaTeX Font Info:    External font `lmex10' loaded for size
(Font)              <6> on input line 191.
LaTeX Font Info:    Try loading font information for U+msa on input line 191.

(/usr/share/texlive/texmf-dist/tex/latex/amsfonts/umsa.fd
File: umsa.fd 2013/01/14 v3.01 AMS symbols A
)
LaTeX Font Info:    Try loading font information for U+msb on input line 191.

(/usr/share/texlive/texmf-dist/tex/latex/amsfonts/umsb.fd
File: umsb.fd 2013/01/14 v3.01 AMS symbols B
)
LaTeX Font Info:    Try loading font information for U+stmry on input line 191.


(/usr/share/texlive/texmf-dist/tex/latex/stmaryrd/Ustmry.fd)
Package xypdf Info: Line width: 0.39998pt on input line 191.
LaTeX Font Info:    Try loading font information for T1+lmss on input line 193.


(/usr/share/texmf/tex/latex/lm/t1lmss.fd
File: t1lmss.fd 2009/10/30 v1.6 Font defs for Latin Modern
)
LaTeX Font Info:    External font `lmex10' loaded for size
(Font)              <17.28> on input line 193.
LaTeX Font Info:    External font `lmex10' loaded for size
(Font)              <10> on input line 193.
LaTeX Font Info:    Try loading font information for T1+lmtt on input line 193.


(/usr/share/texmf/tex/latex/lm/t1lmtt.fd
File: t1lmtt.fd 2009/10/30 v1.6 Font defs for Latin Modern
) [1



{/var/lib/texmf/fonts/map/pdftex/updmap/pdftex.map}] (./AlgGeo.toc)
\tf@toc=\write8
\openout8 = `AlgGeo.toc'.


** Generating table of Satz,SatzDef,Def,DefBem,BemDef,Prop,PropDef,Bsp,DefProp
(./AlgGeo.thm) [2

pdfTeX warning (ext4): destination with the same identifier (name{contents.1}) 
has been already used, duplicate ignored

\@EveryShipout@Output ...@Org@Shipout \box \@cclv 
                                                  
l.208 \chapter
              {Vorwort}] [3

]
Kapitel 1.

Overfull \hbox (1.087pt too wide) in paragraph at lines 229--231
\T1/lmr/m/n/12 Ist $\OML/lmm/m/it/12 A$ \T1/lmr/m/n/12 ei-ne $\OML/lmm/m/it/12 
k$\T1/lmr/m/n/12 -Algebra und sind $\OML/lmm/m/it/12 a[]; [] ; a[] \OMS/lmsy/m/
n/12 2 \OML/lmm/m/it/12 A$\T1/lmr/m/n/12 , so gibt es ge-nau einen $\OML/lmm/m/
it/12 k$\T1/lmr/m/n/12 -Algebra-Homomorphismus
 []

LaTeX Font Info:    External font `lmex10' loaded for size
(Font)              <14.4> on input line 231.
LaTeX Font Info:    External font `lmex10' loaded for size
(Font)              <7> on input line 231.
Package hyperref Info: bookmark level for unknown Def defaults to 0 on input li
ne 244.
Package hyperref Info: bookmark level for unknown nnBsp defaults to 0 on input 
line 249.
[4

]
Package hyperref Info: bookmark level for unknown Bem defaults to 0 on input li
ne 260.
Package hyperref Info: bookmark level for unknown Bew defaults to 0 on input li
ne 269.
 <xymatrix 2x2 127> [5]
Package hyperref Info: bookmark level for unknown DefSatz defaults to 0 on inpu
t line 310.
Package hyperref Info: bookmark level for unknown Prop defaults to 0 on input l
ine 350.
 [6]
Package hyperref Info: bookmark level for unknown Satz defaults to 0 on input l
ine 370.
Package hyperref Info: bookmark level for unknown Bsp defaults to 0 on input li
ne 399.
 [7]
Package hyperref Info: bookmark level for unknown Folg defaults to 0 on input l
ine 409.
 [8]
Package hyperref Info: bookmark level for unknown DefBem defaults to 0 on input
 line 460.

Underfull \hbox (badness 10000) in paragraph at lines 465--479

 []


Underfull \hbox (badness 10000) in paragraph at lines 465--479

 []


Underfull \hbox (badness 10000) in paragraph at lines 465--479

 []

<xymatrix 2x2 168> [9] <xymatrix 2x2 168> [10] <xymatrix 2x2 168>
Underfull \hbox (badness 10000) in paragraph at lines 588--594

 []

[11] [12] <xymatrix 3x5 530>
Package hyperref Info: bookmark level for unknown Beh defaults to 0 on input li
ne 665.
 [13]
Underfull \hbox (badness 10000) in paragraph at lines 703--704

 []

[14]
Underfull \hbox (badness 10000) in paragraph at lines 717--719

 []


Underfull \hbox (badness 10000) in paragraph at lines 720--721

 []


Overfull \hbox (3.00328pt too wide) in paragraph at lines 749--752
[]$\OMS/lmsy/m/n/12 ^^X$ \T1/lmr/m/n/12 ist tran-si-tiv: Sei-en $\OT1/lmr/m/n/1
2 (\OML/lmm/m/it/12 U; f\OT1/lmr/m/n/12 ) \OMS/lmsy/m/n/12 ^^X \OT1/lmr/m/n/12 
(\OML/lmm/m/it/12 U[]; f[]\OT1/lmr/m/n/12 )\OML/lmm/m/it/12 ; \OT1/lmr/m/n/12 (
\OML/lmm/m/it/12 U[]; f[]\OT1/lmr/m/n/12 ) \OMS/lmsy/m/n/12 ^^X \OT1/lmr/m/n/12
 (\OML/lmm/m/it/12 U[]; f[]\OT1/lmr/m/n/12 )$\T1/lmr/m/n/12 , dann folgt: $\OML
/lmm/m/it/12 f\OMS/lmsy/m/n/12 j[] \OT1/lmr/m/n/12 =
 []

[15]
Package hyperref Info: bookmark level for unknown Kor defaults to 0 on input li
ne 822.
 [16]
Kapitel 2.

Package hyperref Warning: Token not allowed in a PDF string (PDFDocEncoding):
(hyperref)                removing `math shift' on input line 831.


Package hyperref Warning: Token not allowed in a PDF string (PDFDocEncoding):
(hyperref)                removing `superscript' on input line 831.


Package hyperref Warning: Token not allowed in a PDF string (PDFDocEncoding):
(hyperref)                removing `math shift' on input line 831.

Package hyperref Info: bookmark level for unknown Eri defaults to 0 on input li
ne 833.

Underfull \hbox (badness 10000) in paragraph at lines 839--854

 []


Underfull \hbox (badness 10000) in paragraph at lines 839--854

 []


Underfull \hbox (badness 10000) in paragraph at lines 839--854

 []


Overfull \hbox (3.86916pt too wide) in paragraph at lines 875--876
[]$\U/msb/m/n/12 P[]\OT1/lmr/m/n/12 (\OML/lmm/m/it/12 k\OT1/lmr/m/n/12 )$ \T1/l
mr/m/n/12 ist dis-junk-te Ver-ei-ni-gung von $\U/msb/m/n/12 A[]\OT1/lmr/m/n/12 
(\OML/lmm/m/it/12 k\OT1/lmr/m/n/12 )$ \T1/lmr/m/n/12 und $\U/msb/m/n/12 P[]\OT1
/lmr/m/n/12 (\OML/lmm/m/it/12 k\OT1/lmr/m/n/12 )$\T1/lmr/m/n/12 , oder auch von
 $\U/msb/m/n/12 A[]\OT1/lmr/m/n/12 (\OML/lmm/m/it/12 k\OT1/lmr/m/n/12 )\OML/lmm
/m/it/12 ; \U/msb/m/n/12 A[]\OT1/lmr/m/n/12 (\OML/lmm/m/it/12 k\OT1/lmr/m/n/12 
)\OML/lmm/m/it/12 ; [] ; \U/msb/m/n/12 A[]\OT1/lmr/m/n/12 (\OML/lmm/m/it/12 k\O
T1/lmr/m/n/12 )$\T1/lmr/m/n/12 . 
 []

[17

]
Package hyperref Info: bookmark level for unknown Beo defaults to 0 on input li
ne 878.

Underfull \hbox (badness 10000) in paragraph at lines 911--913

 []

[18] [19]
Package hyperref Info: bookmark level for unknown BemDef defaults to 0 on input
 line 995.
 [20] [21]
Package hyperref Info: bookmark level for unknown Lemma defaults to 0 on input 
line 1114.
 [22]
Underfull \hbox (badness 10000) in paragraph at lines 1154--1162

 []


Underfull \hbox (badness 10000) in paragraph at lines 1154--1162

 []

[23] [24]
Underfull \hbox (badness 10000) in paragraph at lines 1238--1239

 []

[25] [26]
Package hyperref Info: bookmark level for unknown ErinnDefBem defaults to 0 on 
input line 1342.
 [27]
Overfull \hbox (0.37965pt too wide) detected at line 1353
[] [] \OMS/lmsy/m/n/12 $ [] []
 []

[28] [29]

Package amsmath Warning: Foreign command \atop;
(amsmath)                \frac or \genfrac should be used instead
(amsmath)                 on input line 1473.

[30] [31] <xymatrix 3x3 215> [32] [33]
Kapitel 3.

Underfull \hbox (badness 10000) in paragraph at lines 1644--1645

 []

<xymatrix 4x4 312> <xymatrix 4x4 312> [34

]
Package hyperref Info: bookmark level for unknown ErinnDef defaults to 0 on inp
ut line 1715.
 [35] [36]
Overfull \hbox (7.10385pt too wide) in paragraph at lines 1818--1825
\T1/lmr/m/n/12 Schreibe $\OML/lmm/m/it/12 g[] \OT1/lmr/m/n/12 = [][] \OML/lmm/m
/it/12 a[]Y[];  [] []a[] \OMS/lmsy/m/n/12 2 \OML/lmm/m/it/12 k \OT1/lmr/m/n/12 
= (\OML/lmm/m/it/12 d[]'\OT1/lmr/m/n/12 )[](\OML/lmm/m/it/12 f\OT1/lmr/m/n/12 )
 = [][] \OML/lmm/m/it/12 a[] [][] []\OT1/lmr/m/n/12 (0) \OMS/lmsy/m/n/12 ^^A \O
ML/lmm/m/it/12 X[] \OT1/lmr/m/n/12 = [][]([][] \OML/lmm/m/it/12 a[][]\OT1/lmr/m
/n/12 (0)) \OMS/lmsy/m/n/12 ^^A
 []

Package hyperref Info: bookmark level for unknown PropDef defaults to 0 on inpu
t line 1828.
[37]
Underfull \hbox (badness 10000) in paragraph at lines 1846--1847

 []


Underfull \hbox (badness 10000) in paragraph at lines 1880--1906

 []


Underfull \hbox (badness 10000) in paragraph at lines 1880--1906

 []

[38] [39] [40]
LaTeX Font Info:    Try loading font information for U+euf on input line 2009.
 (/usr/share/texlive/texmf-dist/tex/latex/amsfonts/ueuf.fd
File: ueuf.fd 2013/01/14 v3.01 Euler Fraktur
)

LaTeX Font Warning: Font shape `U/stmry/b/n' undefined
(Font)              using `U/stmry/m/n' instead on input line 2022.

[41] [42]
Kapitel 4.

Underfull \hbox (badness 10000) in paragraph at lines 2092--2109

 []


Underfull \hbox (badness 10000) in paragraph at lines 2092--2109

 []


Underfull \hbox (badness 10000) in paragraph at lines 2113--2115

 []

[43

]
Underfull \hbox (badness 10000) in paragraph at lines 2134--2136

 []

<xymatrix 4x5 116>
Underfull \hbox (badness 10000) in paragraph at lines 2162--2164

 []


LaTeX Warning: Reference `prop:18.3' on page 44 undefined on input line 2173.

[44]
Underfull \hbox (badness 10000) in paragraph at lines 2202--2213

 []

[45] [46] [47]
Package hyperref Info: bookmark level for unknown DefProp defaults to 0 on inpu
t line 2348.
 [48] [49]
Package hyperref Info: bookmark level for unknown SatzDef defaults to 0 on inpu
t line 2436.
 [50]
Overfull \hbox (5.57727pt too wide) in paragraph at lines 2508--2511
\T1/lmr/bx/n/12 denn: \T1/lmr/m/n/12 Sei $\OML/lmm/m/it/12 f[]; [] ; f[]$ \T1/l
mr/m/n/12 ei-ne Ba-sis von $\OML/lmm/m/it/12 L\OT1/lmr/m/n/12 (\OML/lmm/m/it/12
 D \OT1/lmr/m/n/12 + \OML/lmm/m/it/12 P\OT1/lmr/m/n/12 )$\T1/lmr/m/n/12 . Wie o
ben sei $\OML/lmm/m/it/12 f[]; [] ; f[] [] L\OT1/lmr/m/n/12 (\OML/lmm/m/it/12 D
\OT1/lmr/m/n/12 )\OML/lmm/m/it/12 ; f[]; [] ; f[] \OMS/lmsy/m/n/12 2
 []

[51]
Underfull \hbox (badness 10000) in paragraph at lines 2565--2580

 []


Underfull \hbox (badness 10000) in paragraph at lines 2565--2580

 []

[52]
Underfull \hbox (badness 10000) in paragraph at lines 2611--2619

 []


Underfull \hbox (badness 10000) in paragraph at lines 2611--2619

 []


Underfull \hbox (badness 10000) in paragraph at lines 2619--2626

 []

[53]
Underfull \hbox (badness 10000) in paragraph at lines 2644--2646

 []

LaTeX Font Info:    Try loading font information for OMS+lmr on input line 2646
.
(/usr/share/texmf/tex/latex/lm/omslmr.fd
File: omslmr.fd 2009/10/30 v1.6 Font defs for Latin Modern
)
LaTeX Font Info:    Font shape `OMS/lmr/m/n' in size <12> not available
(Font)              Font shape `OMS/lmsy/m/n' tried instead on input line 2646.

 [54] (./AlgGeo.ind [55] [56

])
\tf@thm=\write9
\openout9 = `AlgGeo.thm'.

Package atveryend Info: Empty hook `BeforeClearDocument' on input line 2744.
Package atveryend Info: Empty hook `AfterLastShipout' on input line 2744.

(./AlgGeo.aux)
Package atveryend Info: Executing hook `AtVeryEndDocument' on input line 2744.
Package atveryend Info: Executing hook `AtEndAfterFileList' on input line 2744.

Package rerunfilecheck Info: File `AlgGeo.out' has not changed.
(rerunfilecheck)             Checksum: AF56AC5BABB56D866423DF2E33F8C24F;1975.


LaTeX Font Warning: Some font shapes were not available, defaults substituted.


LaTeX Warning: There were undefined references.

Package atveryend Info: Empty hook `AtVeryVeryEnd' on input line 2744.
 ) 
Here is how much of TeX's memory you used:
 22260 strings out of 493304
 357520 string characters out of 6139872
 527064 words of memory out of 5000000
 24786 multiletter control sequences out of 15000+600000
 89310 words of font info for 97 fonts, out of 8000000 for 9000
 957 hyphenation exceptions out of 8191
 65i,20n,71p,1397b,835s stack positions out of 5000i,500n,10000p,200000b,80000s
{/usr/share/texmf/fonts/enc/dvips/lm/lm-mathsy.enc}{/usr/share/texmf/fonts/en
c/dvips/lm/lm-mathit.enc}{/usr/share/texmf/fonts/enc/dvips/lm/lm-rm.enc}{/usr/s
hare/texmf/fonts/enc/dvips/lm/lm-mathex.enc}{/usr/share/texmf/fonts/enc/dvips/l
m/lm-ec.enc}</usr/share/texlive/texmf-dist/fonts/type1/public/amsfonts/euler/eu
fm10.pfb></usr/share/texmf/fonts/type1/public/lm/lmbsy10.pfb></usr/share/texmf/
fonts/type1/public/lm/lmbx12.pfb></usr/share/texmf/fonts/type1/public/lm/lmbxi1
0.pfb></usr/share/texmf/fonts/type1/public/lm/lmex10.pfb></usr/share/texmf/font
s/type1/public/lm/lmmi12.pfb></usr/share/texmf/fonts/type1/public/lm/lmmi6.pfb>
</usr/share/texmf/fonts/type1/public/lm/lmmi8.pfb></usr/share/texmf/fonts/type1
/public/lm/lmmib10.pfb></usr/share/texmf/fonts/type1/public/lm/lmr12.pfb></usr/
share/texmf/fonts/type1/public/lm/lmr17.pfb></usr/share/texmf/fonts/type1/publi
c/lm/lmr6.pfb></usr/share/texmf/fonts/type1/public/lm/lmr8.pfb></usr/share/texm
f/fonts/type1/public/lm/lmri12.pfb></usr/share/texmf/fonts/type1/public/lm/lmss
bx10.pfb></usr/share/texmf/fonts/type1/public/lm/lmsy10.pfb></usr/share/texmf/f
onts/type1/public/lm/lmsy6.pfb></usr/share/texmf/fonts/type1/public/lm/lmsy8.pf
b></usr/share/texmf/fonts/type1/public/lm/lmtt12.pfb></usr/share/texlive/texmf-
dist/fonts/type1/public/amsfonts/symbols/msam10.pfb></usr/share/texlive/texmf-d
ist/fonts/type1/public/amsfonts/symbols/msbm10.pfb></usr/share/texlive/texmf-di
st/fonts/type1/public/stmaryrd/stmary10.pfb></usr/share/texlive/texmf-dist/font
s/type1/public/xypic/xyatip10.pfb></usr/share/texlive/texmf-dist/fonts/type1/pu
blic/xypic/xybtip10.pfb></usr/share/texlive/texmf-dist/fonts/type1/public/xypic
/xydash10.pfb>
Output written on AlgGeo.pdf (56 pages, 553228 bytes).
PDF statistics:
 1120 PDF objects out of 1200 (max. 8388607)
 1023 compressed objects within 11 object streams
 487 named destinations out of 1000 (max. 500000)
 245 words of extra memory for PDF output out of 10000 (max. 10000000)

