
Running /usr/bin/pdflatex AlgoTechZusammenfassung.tex in an env with 4 entries:
This is pdfTeX, Version 3.1415926-2.5-1.40.14 (TeX Live 2013/Debian)
 restricted \write18 enabled.
entering extended mode
(data/AlgoTechZusammenfassung.tex
LaTeX2e <2011/06/27>
Babel <3.9h> and hyphenation patterns for 78 languages loaded.
(/usr/share/texlive/texmf-dist/tex/latex/koma-script/scrartcl.cls
Document Class: scrartcl 2013/12/19 v3.12 KOMA-Script document class (article)
(/usr/share/texlive/texmf-dist/tex/latex/koma-script/scrkbase.sty
(/usr/share/texlive/texmf-dist/tex/latex/koma-script/scrbase.sty
(/usr/share/texlive/texmf-dist/tex/latex/graphics/keyval.sty)
(/usr/share/texlive/texmf-dist/tex/latex/koma-script/scrlfile.sty
Package scrlfile, 2013/12/19 v3.12 KOMA-Script package (loading files)
                  Copyright (C) Markus Kohm

))) (/usr/share/texlive/texmf-dist/tex/latex/koma-script/tocbasic.sty)
(/usr/share/texlive/texmf-dist/tex/latex/koma-script/scrsize10pt.clo)
(/usr/share/texlive/texmf-dist/tex/latex/koma-script/typearea.sty
Package typearea, 2013/12/19 v3.12 KOMA-Script package (type area)
                  Copyright (C) Frank Neukam, 1992-1994
                  Copyright (C) Markus Kohm, 1994-

)) (data/latexki.sty)
(/usr/share/texlive/texmf-dist/tex/generic/german/german.sty v2.5e 1998-07-08)
(/usr/share/texlive/texmf-dist/tex/latex/base/fontenc.sty
(/usr/share/texlive/texmf-dist/tex/latex/base/t1enc.def))
(/usr/share/texlive/texmf-dist/tex/latex/base/inputenc.sty
(/usr/share/texlive/texmf-dist/tex/latex/base/utf8.def
(/usr/share/texlive/texmf-dist/tex/latex/base/t1enc.dfu)
(/usr/share/texlive/texmf-dist/tex/latex/base/ot1enc.dfu)
(/usr/share/texlive/texmf-dist/tex/latex/base/omsenc.dfu)))
(/usr/share/texlive/texmf-dist/tex/latex/amsmath/amsmath.sty
For additional information on amsmath, use the `?' option.
(/usr/share/texlive/texmf-dist/tex/latex/amsmath/amstext.sty
(/usr/share/texlive/texmf-dist/tex/latex/amsmath/amsgen.sty))
(/usr/share/texlive/texmf-dist/tex/latex/amsmath/amsbsy.sty)
(/usr/share/texlive/texmf-dist/tex/latex/amsmath/amsopn.sty))
(/usr/share/texlive/texmf-dist/tex/latex/amsfonts/amssymb.sty
(/usr/share/texlive/texmf-dist/tex/latex/amsfonts/amsfonts.sty))
(/usr/share/texlive/texmf-dist/tex/latex/amscls/amsthm.sty)
(/usr/share/texlive/texmf-dist/tex/latex/graphics/color.sty
(/usr/share/texlive/texmf-dist/tex/latex/latexconfig/color.cfg)
(/usr/share/texlive/texmf-dist/tex/latex/pdftex-def/pdftex.def
(/usr/share/texlive/texmf-dist/tex/generic/oberdiek/infwarerr.sty)
(/usr/share/texlive/texmf-dist/tex/generic/oberdiek/ltxcmds.sty)))
(/usr/share/texlive/texmf-dist/tex/latex/geometry/geometry.sty
(/usr/share/texlive/texmf-dist/tex/generic/oberdiek/ifpdf.sty)
(/usr/share/texlive/texmf-dist/tex/generic/oberdiek/ifvtex.sty)
(/usr/share/texlive/texmf-dist/tex/generic/ifxetex/ifxetex.sty))
(/usr/share/texlive/texmf-dist/tex/latex/tools/enumerate.sty)
(/usr/share/texlive/texmf-dist/tex/latex/algorithms/algorithm.sty
(/usr/share/texlive/texmf-dist/tex/latex/float/float.sty)
(/usr/share/texlive/texmf-dist/tex/latex/base/ifthen.sty))
(/usr/share/texlive/texmf-dist/tex/latex/algorithms/algorithmic.sty)
(/usr/share/texlive/texmf-dist/tex/latex/setspace/setspace.sty)
No file AlgoTechZusammenfassung.aux.
(/usr/share/texlive/texmf-dist/tex/context/base/supp-pdf.mkii
[Loading MPS to PDF converter (version 2006.09.02).]
)
*geometry* driver: auto-detecting
*geometry* detected driver: pdftex
(/usr/share/texlive/texmf-dist/tex/latex/base/t1cmss.fd)
(/usr/share/texlive/texmf-dist/tex/latex/amsfonts/umsa.fd)
(/usr/share/texlive/texmf-dist/tex/latex/amsfonts/umsb.fd)
No file AlgoTechZusammenfassung.toc.
[1{/var/lib/texmf/fonts/map/pdftex/updmap/pdftex.map}]

Class scrartcl Warning: \float@listhead detected!
(scrartcl)              Implementation of \float@listhead became
(scrartcl)              deprecated in KOMA-Script v3.01 2008/11/14 and
(scrartcl)              has been replaced by more several more flexible
(scrartcl)              features of package `tocbasic`.
(scrartcl)              Maybe implementation of \float@listhead will
(scrartcl)              be removed from KOMA-Script soon.
(scrartcl)              Loading of package `scrhack' may help to
(scrartcl)              avoid this warning, if you are using a
(scrartcl)              a package that still implements the
(scrartcl)              deprecated \float@listhead interface  on input line 118
.

No file AlgoTechZusammenfassung.loa.
[2] (/usr/share/texlive/texmf-dist/tex/latex/base/omscmr.fd) [3]
Underfull \hbox (badness 10000) in paragraph at lines 211--212

[4]
Underfull \hbox (badness 10000) in paragraph at lines 213--214


Underfull \hbox (badness 10000) in paragraph at lines 215--216


LaTeX Font Warning: Font shape `T1/cmss/bx/sc' undefined
(Font)              using `T1/cmss/bx/n' instead on input line 240.


Overfull \hbox (3.82352pt too wide) in paragraph at lines 241--242
\T1/cmr/bx/sc/10 Offline-Min\T1/cmr/bx/n/10 -Problem\T1/cmr/m/n/10 : Ge-be zu e
i-ner Fol-ge $\OML/cmm/m/it/10 Q$ \T1/cmr/m/n/10 von $\OML/cmm/m/it/10 n$ $[]\O
T1/cmr/m/n/10 (\OML/cmm/m/it/10 i\OT1/cmr/m/n/10 )$ \T1/cmr/m/n/10 und \T1/cmr/
m/sc/10 Extract-Min\T1/cmr/m/n/10 -Operationen

Underfull \hbox (badness 10000) in paragraph at lines 241--242


Underfull \hbox (badness 10000) in paragraph at lines 260--261


Overfull \hbox (27.58005pt too wide) in paragraph at lines 278--279
\T1/cmr/bx/sc/10 Priority Queue \T1/cmr/m/n/10 nennt man ei-ne Da-ten-struk-tur
 $\OML/cmm/m/it/10 H$ \T1/cmr/m/n/10 wel-che die Ope-ra-tio-nen $[]\OT1/cmr/m/n
/10 ()$\T1/cmr/m/n/10 , $[]\OT1/cmr/m/n/10 (\OML/cmm/m/it/10 H; i\OT1/cmr/m/n/1
0 )$\T1/cmr/m/n/10 ,

Underfull \hbox (badness 10000) in paragraph at lines 278--279

[5]
Underfull \hbox (badness 10000) in paragraph at lines 280--282

[6] [7]
Underfull \hbox (badness 10000) in paragraph at lines 405--406


Underfull \hbox (badness 10000) in paragraph at lines 407--408


Underfull \hbox (badness 10000) in paragraph at lines 409--410


Underfull \hbox (badness 10000) in paragraph at lines 411--412


Underfull \hbox (badness 10000) in paragraph at lines 414--415


Underfull \hbox (badness 10000) in paragraph at lines 417--418


Underfull \hbox (badness 10000) in paragraph at lines 419--420


Underfull \hbox (badness 10000) in paragraph at lines 421--422

[8]
Underfull \hbox (badness 10000) in paragraph at lines 423--424


Underfull \hbox (badness 10000) in paragraph at lines 425--426

[9]
Underfull \hbox (badness 10000) in paragraph at lines 521--522


Underfull \hbox (badness 10000) in paragraph at lines 523--524


Underfull \hbox (badness 10000) in paragraph at lines 525--526


Underfull \hbox (badness 10000) in paragraph at lines 527--528


Underfull \hbox (badness 10000) in paragraph at lines 529--530


Underfull \hbox (badness 10000) in paragraph at lines 531--532


Underfull \hbox (badness 10000) in paragraph at lines 533--534


Underfull \hbox (badness 10000) in paragraph at lines 535--536

[10]
Underfull \hbox (badness 10000) in paragraph at lines 537--538


Underfull \hbox (badness 10000) in paragraph at lines 552--554


Underfull \hbox (badness 10000) in paragraph at lines 564--568


Underfull \hbox (badness 10000) in paragraph at lines 569--573


Underfull \hbox (badness 10000) in paragraph at lines 574--581

[11] [12]
Underfull \hbox (badness 10000) in paragraph at lines 585--586


Underfull \hbox (badness 10000) in paragraph at lines 587--588


Underfull \hbox (badness 10000) in paragraph at lines 589--590


Underfull \hbox (badness 10000) in paragraph at lines 591--592


Underfull \hbox (badness 10000) in paragraph at lines 593--594


Underfull \hbox (badness 10000) in paragraph at lines 595--596


Underfull \hbox (badness 10000) in paragraph at lines 632--633

[13]
Underfull \hbox (badness 10000) in paragraph at lines 634--635

[14]
Underfull \hbox (badness 10000) in paragraph at lines 639--640


Underfull \hbox (badness 10000) in paragraph at lines 641--642


Underfull \hbox (badness 10000) in paragraph at lines 648--649


Underfull \hbox (badness 10000) in paragraph at lines 650--651


Underfull \hbox (badness 10000) in paragraph at lines 652--653


Underfull \hbox (badness 10000) in paragraph at lines 654--655


Underfull \hbox (badness 10000) in paragraph at lines 661--662


Underfull \hbox (badness 10000) in paragraph at lines 663--664


Underfull \hbox (badness 10000) in paragraph at lines 665--666

[15]
Underfull \hbox (badness 10000) in paragraph at lines 680--681


Underfull \hbox (badness 10000) in paragraph at lines 686--687


Overfull \hbox (8.76895pt too wide) in paragraph at lines 770--771
\T1/cmr/m/n/10 Der Al-go-rith-mus von \T1/cmss/m/n/10 Gold-berg \T1/cmr/m/n/10 
und \T1/cmss/m/n/10 Tar-jan \T1/cmr/m/n/10 ist der ef-fi-zi-en-te-ste be-kann-t
e Al-go-rith-mus zur Maximalfluss-

Underfull \hbox (badness 10000) in paragraph at lines 770--771


Underfull \hbox (badness 10000) in paragraph at lines 772--773


Underfull \hbox (badness 10000) in paragraph at lines 774--775

[16] [17]
Underfull \hbox (badness 10000) in paragraph at lines 776--777


Underfull \hbox (badness 10000) in paragraph at lines 778--779


Underfull \hbox (badness 10000) in paragraph at lines 780--781


Underfull \hbox (badness 10000) in paragraph at lines 782--783


Underfull \hbox (badness 10000) in paragraph at lines 784--785


Underfull \hbox (badness 10000) in paragraph at lines 786--787


Underfull \hbox (badness 10000) in paragraph at lines 788--789


Underfull \hbox (badness 10000) in paragraph at lines 790--791


Underfull \hbox (badness 10000) in paragraph at lines 792--793


Underfull \hbox (badness 10000) in paragraph at lines 842--843

[18]
Underfull \hbox (badness 10000) in paragraph at lines 854--855


LaTeX Warning: Reference `PushXORRelabel' on page 19 undefined on input line 86
6.


LaTeX Warning: Reference `keinSTWeg' on page 19 undefined on input line 866.


Underfull \hbox (badness 10000) in paragraph at lines 866--867


LaTeX Warning: Reference `sErreichbar' on page 19 undefined on input line 880.

[19]

LaTeX Warning: Reference `dSchranke' on page 20 undefined on input line 886.


Underfull \hbox (badness 10000) in paragraph at lines 886--887


Underfull \hbox (badness 10000) in paragraph at lines 888--889


LaTeX Warning: Reference `dSchranke' on page 20 undefined on input line 894.


Underfull \hbox (badness 10000) in paragraph at lines 894--895


LaTeX Warning: Reference `dSchranke' on page 20 undefined on input line 900.


LaTeX Warning: Reference `satPushSchranke' on page 20 undefined on input line 9
00.


LaTeX Warning: Reference `RelabelSchranke' on page 20 undefined on input line 9
00.


Underfull \hbox (badness 10000) in paragraph at lines 900--901


Overfull \hbox (1.57542pt too wide) in paragraph at lines 903--904
\T1/cmss/m/it/10 berg \T1/cmr/m/it/10 und \T1/cmss/m/it/10 Tar-jan \T1/cmr/m/it
/10 ter-mi-niert nach höch-stens $\OML/cmm/m/it/10 O\OT1/cmr/m/n/10 (\OMS/cmsy/
m/n/10 j\OML/cmm/m/it/10 V\OMS/cmsy/m/n/10 j[]j\OML/cmm/m/it/10 E\OMS/cmsy/m/n/
10 j\OT1/cmr/m/n/10 )$ \T1/cmr/m/it/10 zu-läs-si-gen \T1/cmr/m/sc/10 Pu-sh \T1/
cmr/m/it/10 oder \T1/cmr/m/sc/10 Relabel\T1/cmr/m/it/10 -Operationen. 

Underfull \hbox (badness 10000) in paragraph at lines 906--907

[20]
Underfull \hbox (badness 10000) in paragraph at lines 920--921


Underfull \hbox (badness 10000) in paragraph at lines 922--923


Underfull \hbox (badness 10000) in paragraph at lines 924--925


Underfull \hbox (badness 10000) in paragraph at lines 926--927


Underfull \hbox (badness 10000) in paragraph at lines 928--929


Underfull \hbox (badness 10000) in paragraph at lines 930--931


Underfull \hbox (badness 10000) in paragraph at lines 932--933


Underfull \hbox (badness 10000) in paragraph at lines 934--935


Underfull \hbox (badness 10000) in paragraph at lines 936--937


Underfull \hbox (badness 10000) in paragraph at lines 938--939


Underfull \hbox (badness 10000) in paragraph at lines 947--948


Underfull \hbox (badness 10000) in paragraph at lines 953--954


Underfull \hbox (badness 10000) in paragraph at lines 970--971

[21]
Underfull \hbox (badness 10000) in paragraph at lines 977--978


LaTeX Warning: Reference `Kreisbasiszerlegung' on page 22 undefined on input li
ne 983.


LaTeX Warning: Reference `Kreisbasiswegersetzung' on page 22 undefined on input
 line 989.


LaTeX Warning: Reference `KreisbasisSP' on page 22 undefined on input line 995.



Underfull \hbox (badness 10000) in paragraph at lines 995--996


Overfull \hbox (6.51755pt too wide) in paragraph at lines 1013--1014
[]\T1/cmr/m/n/10 Durch schnel-le Matirzen-Multiplikation kann die Lauf-zeit des
 Al-go-rith-mus von \T1/cmss/m/n/10 Hor-ton \T1/cmr/m/n/10 auf $\OML/cmm/m/it/1
0 O\OT1/cmr/m/n/10 (\OMS/cmsy/m/n/10 j\OML/cmm/m/it/10 V\OMS/cmsy/m/n/10 jj\OML
/cmm/m/it/10 E\OMS/cmsy/m/n/10 j[]\OT1/cmr/m/n/10 )$

Underfull \hbox (badness 10000) in paragraph at lines 1013--1014

[22]
Underfull \hbox (badness 10000) in paragraph at lines 1034--1035


Underfull \hbox (badness 10000) in paragraph at lines 1036--1037


Underfull \hbox (badness 10000) in paragraph at lines 1038--1039


Underfull \hbox (badness 10000) in paragraph at lines 1040--1041


Underfull \hbox (badness 10000) in paragraph at lines 1068--1069


Underfull \hbox (badness 10000) in paragraph at lines 1070--1071

[23]

LaTeX Warning: Reference `PinaInvariante' on page 24 undefined on input line 10
91.


LaTeX Warning: Reference `PinaInvariante' on page 24 undefined on input line 10
92.


Underfull \hbox (badness 10000) in paragraph at lines 1091--1093


Underfull \hbox (badness 10000) in paragraph at lines 1094--1095


Underfull \hbox (badness 10000) in paragraph at lines 1096--1097


Underfull \hbox (badness 10000) in paragraph at lines 1110--1111

[24]
Underfull \hbox (badness 10000) in paragraph at lines 1128--1129


Underfull \hbox (badness 10000) in paragraph at lines 1130--1131


Underfull \hbox (badness 10000) in paragraph at lines 1132--1133


Underfull \hbox (badness 10000) in paragraph at lines 1138--1139


Underfull \hbox (badness 10000) in paragraph at lines 1141--1142


Underfull \hbox (badness 10000) in paragraph at lines 1143--1144


Underfull \hbox (badness 10000) in paragraph at lines 1145--1146


Underfull \hbox (badness 10000) in paragraph at lines 1147--1148


Underfull \hbox (badness 10000) in paragraph at lines 1149--1150


Underfull \hbox (badness 10000) in paragraph at lines 1151--1152


Underfull \hbox (badness 10000) in paragraph at lines 1153--1154


Underfull \hbox (badness 10000) in paragraph at lines 1155--1156


Underfull \hbox (badness 10000) in paragraph at lines 1157--1158


Underfull \hbox (badness 10000) in paragraph at lines 1159--1160


Underfull \hbox (badness 10000) in paragraph at lines 1161--1162

[25]
Underfull \hbox (badness 10000) in paragraph at lines 1168--1169


Underfull \hbox (badness 10000) in paragraph at lines 1170--1171


Underfull \hbox (badness 10000) in paragraph at lines 1172--1173


Underfull \hbox (badness 10000) in paragraph at lines 1174--1175

[26]
Underfull \hbox (badness 10000) in paragraph at lines 1179--1180


Underfull \hbox (badness 10000) in paragraph at lines 1181--1182


Underfull \hbox (badness 10000) in paragraph at lines 1183--1184


Underfull \hbox (badness 10000) in paragraph at lines 1185--1186


Underfull \hbox (badness 10000) in paragraph at lines 1191--1193


Underfull \hbox (badness 10000) in paragraph at lines 1196--1197


Underfull \hbox (badness 10000) in paragraph at lines 1198--1199


Underfull \hbox (badness 10000) in paragraph at lines 1200--1202


Overfull \hbox (3.09138pt too wide) in paragraph at lines 1203--1204
[]\T1/cmr/bx/n/10 Allgemeines \T1/cmr/bx/sc/10 Knap-sack\T1/cmr/bx/n/10 -Proble
m $\OMS/cmsy/m/n/10 2 []$\T1/cmr/m/n/10 : Gibt es zu ei-ner Men-ge $\OML/cmm/m/
it/10 M$ \T1/cmr/m/n/10 mit $\OMS/cmsy/m/n/10 j\OML/cmm/m/it/10 M\OMS/cmsy/m/n/
10 j \OT1/cmr/m/n/10 = \OML/cmm/m/it/10 n$\T1/cmr/m/n/10 , $\OML/cmm/m/it/10 ![
]; [] ; ![] \OMS/cmsy/m/n/10 2

Underfull \hbox (badness 10000) in paragraph at lines 1203--1204


Underfull \hbox (badness 10000) in paragraph at lines 1222--1223


Underfull \hbox (badness 10000) in paragraph at lines 1224--1225

[27]
Underfull \hbox (badness 10000) in paragraph at lines 1245--1249


Underfull \hbox (badness 10000) in paragraph at lines 1270--1271


Underfull \hbox (badness 10000) in paragraph at lines 1273--1274

[28]
Underfull \hbox (badness 10000) in paragraph at lines 1275--1276


Underfull \hbox (badness 10000) in paragraph at lines 1281--1282


Underfull \hbox (badness 10000) in paragraph at lines 1283--1284


Underfull \hbox (badness 10000) in paragraph at lines 1285--1286


Underfull \hbox (badness 10000) in paragraph at lines 1306--1307

[29]
Underfull \hbox (badness 10000) in paragraph at lines 1329--1330


Underfull \hbox (badness 10000) in paragraph at lines 1332--1333


Underfull \hbox (badness 10000) in paragraph at lines 1334--1335


Underfull \hbox (badness 10000) in paragraph at lines 1336--1337


Underfull \hbox (badness 10000) in paragraph at lines 1338--1339


Underfull \hbox (badness 10000) in paragraph at lines 1345--1348


Underfull \hbox (badness 10000) in paragraph at lines 1349--1350


Underfull \hbox (badness 10000) in paragraph at lines 1351--1352

[30]
Underfull \hbox (badness 10000) in paragraph at lines 1357--1359


Underfull \hbox (badness 10000) in paragraph at lines 1360--1361


Underfull \hbox (badness 10000) in paragraph at lines 1382--1383

[31]
Underfull \hbox (badness 10000) in paragraph at lines 1386--1387


Underfull \hbox (badness 10000) in paragraph at lines 1388--1389


Underfull \hbox (badness 10000) in paragraph at lines 1390--1391


Underfull \hbox (badness 10000) in paragraph at lines 1392--1393


Underfull \hbox (badness 10000) in paragraph at lines 1394--1395


Underfull \hbox (badness 10000) in paragraph at lines 1396--1397


Underfull \hbox (badness 10000) in paragraph at lines 1399--1400


Underfull \hbox (badness 10000) in paragraph at lines 1403--1404


Underfull \hbox (badness 10000) in paragraph at lines 1421--1425

[32]
Underfull \hbox (badness 10000) in paragraph at lines 1426--1427


Underfull \hbox (badness 10000) in paragraph at lines 1451--1452


Underfull \hbox (badness 10000) in paragraph at lines 1454--1455


Underfull \hbox (badness 10000) in paragraph at lines 1457--1458


Underfull \hbox (badness 10000) in paragraph at lines 1459--1460


Underfull \hbox (badness 10000) in paragraph at lines 1477--1478


Underfull \hbox (badness 10000) in paragraph at lines 1480--1481

[33]
Underfull \hbox (badness 10000) in paragraph at lines 1483--1484


Underfull \hbox (badness 10000) in paragraph at lines 1485--1486


Underfull \hbox (badness 10000) in paragraph at lines 1487--1488


Underfull \hbox (badness 10000) in paragraph at lines 1490--1491


Underfull \hbox (badness 10000) in paragraph at lines 1492--1493

[34]
Underfull \hbox (badness 10000) in paragraph at lines 1517--1518


Underfull \hbox (badness 10000) in paragraph at lines 1519--1520

[35]
Underfull \hbox (badness 10000) in paragraph at lines 1526--1527


Underfull \hbox (badness 10000) in paragraph at lines 1528--1529


Underfull \hbox (badness 10000) in paragraph at lines 1531--1533


Overfull \hbox (10.58412pt too wide) in paragraph at lines 1534--1536
\OML/cmm/m/it/10 P[]\OT1/cmr/m/n/10 (\OML/cmm/m/it/10 n\OT1/cmr/m/n/10 ) := []\
OMS/cmsy/m/n/10 f\OT1/cmr/m/n/10 #[]\OMS/cmsy/m/n/10 A[]\OML/cmm/m/it/10 I[]\OM
S/cmsy/m/n/10 g$ 

Underfull \hbox (badness 10000) in paragraph at lines 1534--1536


Overfull \hbox (60.19994pt too wide) in paragraph at lines 1537--1538
[]\T1/cmr/m/n/10 Der \T1/cmr/bx/n/10 Speed Up \T1/cmr/m/n/10 ei-nes par-al-le-l
en Al-go-rith-mus $\OMS/cmsy/m/n/10 A$ \T1/cmr/m/n/10 ist $[]\OT1/cmr/m/n/10 (\
OMS/cmsy/m/n/10 A\OT1/cmr/m/n/10 ) := []$ 

Underfull \hbox (badness 10000) in paragraph at lines 1537--1538


Underfull \hbox (badness 10000) in paragraph at lines 1539--1540


Underfull \hbox (badness 10000) in paragraph at lines 1541--1542


Overfull \hbox (33.5216pt too wide) in paragraph at lines 1543--1544
[]\T1/cmr/m/n/10 Die \T1/cmr/bx/n/10 Ef-fi-zi-enz \T1/cmr/m/n/10 ei-nes par-al-
le-len Al-go-rith-mus $\OMS/cmsy/m/n/10 A$ \T1/cmr/m/n/10 ist $\OML/cmm/m/it/10
 E[]\OT1/cmr/m/n/10 (\OML/cmm/m/it/10 n\OT1/cmr/m/n/10 ) := []$ 

Underfull \hbox (badness 10000) in paragraph at lines 1543--1544


Underfull \hbox (badness 10000) in paragraph at lines 1546--1547


Underfull \hbox (badness 10000) in paragraph at lines 1548--1549


Underfull \hbox (badness 10000) in paragraph at lines 1550--1551


Underfull \hbox (badness 10000) in paragraph at lines 1572--1573

[36]
Underfull \hbox (badness 10000) in paragraph at lines 1590--1591


Underfull \hbox (badness 10000) in paragraph at lines 1592--1593


Underfull \hbox (badness 10000) in paragraph at lines 1594--1595


Underfull \hbox (badness 10000) in paragraph at lines 1596--1597


Underfull \hbox (badness 10000) in paragraph at lines 1614--1615

[37]
Underfull \hbox (badness 10000) in paragraph at lines 1639--1640


Underfull \hbox (badness 10000) in paragraph at lines 1642--1643


Underfull \hbox (badness 10000) in paragraph at lines 1658--1659


Underfull \hbox (badness 10000) in paragraph at lines 1660--1664

[38]
Underfull \hbox (badness 10000) in paragraph at lines 1703--1704


Underfull \hbox (badness 10000) in paragraph at lines 1750--1751

[39] [40]
Underfull \hbox (badness 10000) in paragraph at lines 1758--1759


Underfull \hbox (badness 10000) in paragraph at lines 1760--1761


Underfull \hbox (badness 10000) in paragraph at lines 1762--1763


Underfull \hbox (badness 10000) in paragraph at lines 1764--1765


Underfull \hbox (badness 10000) in paragraph at lines 1766--1767


Underfull \hbox (badness 10000) in paragraph at lines 1768--1769


Underfull \hbox (badness 10000) in paragraph at lines 1770--1771


Underfull \hbox (badness 10000) in paragraph at lines 1773--1774


Underfull \hbox (badness 10000) in paragraph at lines 1776--1777


Underfull \hbox (badness 10000) in paragraph at lines 1778--1779


Underfull \hbox (badness 10000) in paragraph at lines 1808--1809

[41] [42] (./AlgoTechZusammenfassung.aux)

LaTeX Font Warning: Some font shapes were not available, defaults substituted.


LaTeX Warning: There were undefined references.


LaTeX Warning: Label(s) may have changed. Rerun to get cross-references right.

 )
(see the transcript file for additional information){/usr/share/texmf/fonts/enc
/dvips/cm-super/cm-super-t1.enc}</usr/share/texlive/texmf-dist/fonts/type1/publ
ic/amsfonts/cm/cmex10.pfb></usr/share/texlive/texmf-dist/fonts/type1/public/ams
fonts/cm/cmmi10.pfb></usr/share/texlive/texmf-dist/fonts/type1/public/amsfonts/
cm/cmmi12.pfb></usr/share/texlive/texmf-dist/fonts/type1/public/amsfonts/cm/cmm
i5.pfb></usr/share/texlive/texmf-dist/fonts/type1/public/amsfonts/cm/cmmi7.pfb>
</usr/share/texlive/texmf-dist/fonts/type1/public/amsfonts/cm/cmr10.pfb></usr/s
hare/texlive/texmf-dist/fonts/type1/public/amsfonts/cm/cmr5.pfb></usr/share/tex
live/texmf-dist/fonts/type1/public/amsfonts/cm/cmr7.pfb></usr/share/texlive/tex
mf-dist/fonts/type1/public/amsfonts/cm/cmsy10.pfb></usr/share/texlive/texmf-dis
t/fonts/type1/public/amsfonts/cm/cmsy5.pfb></usr/share/texlive/texmf-dist/fonts
/type1/public/amsfonts/cm/cmsy7.pfb></usr/share/texlive/texmf-dist/fonts/type1/
public/amsfonts/symbols/msam10.pfb></usr/share/texlive/texmf-dist/fonts/type1/p
ublic/amsfonts/symbols/msbm10.pfb></usr/share/texlive/texmf-dist/fonts/type1/pu
blic/amsfonts/symbols/msbm7.pfb></usr/share/texmf/fonts/type1/public/cm-super/s
fbx0700.pfb></usr/share/texmf/fonts/type1/public/cm-super/sfbx1000.pfb></usr/sh
are/texmf/fonts/type1/public/cm-super/sfcc0700.pfb></usr/share/texmf/fonts/type
1/public/cm-super/sfcc1000.pfb></usr/share/texmf/fonts/type1/public/cm-super/sf
rm0700.pfb></usr/share/texmf/fonts/type1/public/cm-super/sfrm1000.pfb></usr/sha
re/texmf/fonts/type1/public/cm-super/sfrm1440.pfb></usr/share/texmf/fonts/type1
/public/cm-super/sfsi1000.pfb></usr/share/texmf/fonts/type1/public/cm-super/sfs
s1000.pfb></usr/share/texmf/fonts/type1/public/cm-super/sfsx1000.pfb></usr/shar
e/texmf/fonts/type1/public/cm-super/sfsx1200.pfb></usr/share/texmf/fonts/type1/
public/cm-super/sfsx1440.pfb></usr/share/texmf/fonts/type1/public/cm-super/sfsx
2074.pfb></usr/share/texmf/fonts/type1/public/cm-super/sfti0700.pfb></usr/share
/texmf/fonts/type1/public/cm-super/sfti1000.pfb></usr/share/texmf/fonts/type1/p
ublic/cm-super/sfxc1000.pfb>
Output written on AlgoTechZusammenfassung.pdf (42 pages, 558585 bytes).
Transcript written on AlgoTechZusammenfassung.log.
Result: ExitSuccess

Running /usr/bin/pdflatex AlgoTechZusammenfassung.tex in an env with 4 entries:
This is pdfTeX, Version 3.1415926-2.5-1.40.14 (TeX Live 2013/Debian)
 restricted \write18 enabled.
entering extended mode
(data/AlgoTechZusammenfassung.tex
LaTeX2e <2011/06/27>
Babel <3.9h> and hyphenation patterns for 78 languages loaded.
(/usr/share/texlive/texmf-dist/tex/latex/koma-script/scrartcl.cls
Document Class: scrartcl 2013/12/19 v3.12 KOMA-Script document class (article)
(/usr/share/texlive/texmf-dist/tex/latex/koma-script/scrkbase.sty
(/usr/share/texlive/texmf-dist/tex/latex/koma-script/scrbase.sty
(/usr/share/texlive/texmf-dist/tex/latex/graphics/keyval.sty)
(/usr/share/texlive/texmf-dist/tex/latex/koma-script/scrlfile.sty
Package scrlfile, 2013/12/19 v3.12 KOMA-Script package (loading files)
                  Copyright (C) Markus Kohm

))) (/usr/share/texlive/texmf-dist/tex/latex/koma-script/tocbasic.sty)
(/usr/share/texlive/texmf-dist/tex/latex/koma-script/scrsize10pt.clo)
(/usr/share/texlive/texmf-dist/tex/latex/koma-script/typearea.sty
Package typearea, 2013/12/19 v3.12 KOMA-Script package (type area)
                  Copyright (C) Frank Neukam, 1992-1994
                  Copyright (C) Markus Kohm, 1994-

)) (data/latexki.sty)
(/usr/share/texlive/texmf-dist/tex/generic/german/german.sty v2.5e 1998-07-08)
(/usr/share/texlive/texmf-dist/tex/latex/base/fontenc.sty
(/usr/share/texlive/texmf-dist/tex/latex/base/t1enc.def))
(/usr/share/texlive/texmf-dist/tex/latex/base/inputenc.sty
(/usr/share/texlive/texmf-dist/tex/latex/base/utf8.def
(/usr/share/texlive/texmf-dist/tex/latex/base/t1enc.dfu)
(/usr/share/texlive/texmf-dist/tex/latex/base/ot1enc.dfu)
(/usr/share/texlive/texmf-dist/tex/latex/base/omsenc.dfu)))
(/usr/share/texlive/texmf-dist/tex/latex/amsmath/amsmath.sty
For additional information on amsmath, use the `?' option.
(/usr/share/texlive/texmf-dist/tex/latex/amsmath/amstext.sty
(/usr/share/texlive/texmf-dist/tex/latex/amsmath/amsgen.sty))
(/usr/share/texlive/texmf-dist/tex/latex/amsmath/amsbsy.sty)
(/usr/share/texlive/texmf-dist/tex/latex/amsmath/amsopn.sty))
(/usr/share/texlive/texmf-dist/tex/latex/amsfonts/amssymb.sty
(/usr/share/texlive/texmf-dist/tex/latex/amsfonts/amsfonts.sty))
(/usr/share/texlive/texmf-dist/tex/latex/amscls/amsthm.sty)
(/usr/share/texlive/texmf-dist/tex/latex/graphics/color.sty
(/usr/share/texlive/texmf-dist/tex/latex/latexconfig/color.cfg)
(/usr/share/texlive/texmf-dist/tex/latex/pdftex-def/pdftex.def
(/usr/share/texlive/texmf-dist/tex/generic/oberdiek/infwarerr.sty)
(/usr/share/texlive/texmf-dist/tex/generic/oberdiek/ltxcmds.sty)))
(/usr/share/texlive/texmf-dist/tex/latex/geometry/geometry.sty
(/usr/share/texlive/texmf-dist/tex/generic/oberdiek/ifpdf.sty)
(/usr/share/texlive/texmf-dist/tex/generic/oberdiek/ifvtex.sty)
(/usr/share/texlive/texmf-dist/tex/generic/ifxetex/ifxetex.sty))
(/usr/share/texlive/texmf-dist/tex/latex/tools/enumerate.sty)
(/usr/share/texlive/texmf-dist/tex/latex/algorithms/algorithm.sty
(/usr/share/texlive/texmf-dist/tex/latex/float/float.sty)
(/usr/share/texlive/texmf-dist/tex/latex/base/ifthen.sty))
(/usr/share/texlive/texmf-dist/tex/latex/algorithms/algorithmic.sty)
(/usr/share/texlive/texmf-dist/tex/latex/setspace/setspace.sty)
(./AlgoTechZusammenfassung.aux)
(/usr/share/texlive/texmf-dist/tex/context/base/supp-pdf.mkii
[Loading MPS to PDF converter (version 2006.09.02).]
)
*geometry* driver: auto-detecting
*geometry* detected driver: pdftex
(/usr/share/texlive/texmf-dist/tex/latex/base/t1cmss.fd)
(/usr/share/texlive/texmf-dist/tex/latex/amsfonts/umsa.fd)
(/usr/share/texlive/texmf-dist/tex/latex/amsfonts/umsb.fd)
(./AlgoTechZusammenfassung.toc) [1{/var/lib/texmf/fonts/map/pdftex/updmap/pdfte
x.map}]

Class scrartcl Warning: \float@listhead detected!
(scrartcl)              Implementation of \float@listhead became
(scrartcl)              deprecated in KOMA-Script v3.01 2008/11/14 and
(scrartcl)              has been replaced by more several more flexible
(scrartcl)              features of package `tocbasic`.
(scrartcl)              Maybe implementation of \float@listhead will
(scrartcl)              be removed from KOMA-Script soon.
(scrartcl)              Loading of package `scrhack' may help to
(scrartcl)              avoid this warning, if you are using a
(scrartcl)              a package that still implements the
(scrartcl)              deprecated \float@listhead interface  on input line 118
.

(./AlgoTechZusammenfassung.loa [2]) [3]
(/usr/share/texlive/texmf-dist/tex/latex/base/omscmr.fd) [4]
Underfull \hbox (badness 10000) in paragraph at lines 211--212

[5]
Underfull \hbox (badness 10000) in paragraph at lines 213--214


Underfull \hbox (badness 10000) in paragraph at lines 215--216


LaTeX Font Warning: Font shape `T1/cmss/bx/sc' undefined
(Font)              using `T1/cmss/bx/n' instead on input line 240.


Overfull \hbox (3.82352pt too wide) in paragraph at lines 241--242
\T1/cmr/bx/sc/10 Offline-Min\T1/cmr/bx/n/10 -Problem\T1/cmr/m/n/10 : Ge-be zu e
i-ner Fol-ge $\OML/cmm/m/it/10 Q$ \T1/cmr/m/n/10 von $\OML/cmm/m/it/10 n$ $[]\O
T1/cmr/m/n/10 (\OML/cmm/m/it/10 i\OT1/cmr/m/n/10 )$ \T1/cmr/m/n/10 und \T1/cmr/
m/sc/10 Extract-Min\T1/cmr/m/n/10 -Operationen

Underfull \hbox (badness 10000) in paragraph at lines 241--242


Underfull \hbox (badness 10000) in paragraph at lines 260--261


Overfull \hbox (27.58005pt too wide) in paragraph at lines 278--279
\T1/cmr/bx/sc/10 Priority Queue \T1/cmr/m/n/10 nennt man ei-ne Da-ten-struk-tur
 $\OML/cmm/m/it/10 H$ \T1/cmr/m/n/10 wel-che die Ope-ra-tio-nen $[]\OT1/cmr/m/n
/10 ()$\T1/cmr/m/n/10 , $[]\OT1/cmr/m/n/10 (\OML/cmm/m/it/10 H; i\OT1/cmr/m/n/1
0 )$\T1/cmr/m/n/10 ,

Underfull \hbox (badness 10000) in paragraph at lines 278--279

[6]
Underfull \hbox (badness 10000) in paragraph at lines 280--282

[7] [8]
Underfull \hbox (badness 10000) in paragraph at lines 405--406


Underfull \hbox (badness 10000) in paragraph at lines 407--408


Underfull \hbox (badness 10000) in paragraph at lines 409--410


Underfull \hbox (badness 10000) in paragraph at lines 411--412


Underfull \hbox (badness 10000) in paragraph at lines 414--415


Underfull \hbox (badness 10000) in paragraph at lines 417--418


Underfull \hbox (badness 10000) in paragraph at lines 419--420


Underfull \hbox (badness 10000) in paragraph at lines 421--422

[9]
Underfull \hbox (badness 10000) in paragraph at lines 423--424


Underfull \hbox (badness 10000) in paragraph at lines 425--426

[10]
Underfull \hbox (badness 10000) in paragraph at lines 521--522


Underfull \hbox (badness 10000) in paragraph at lines 523--524


Underfull \hbox (badness 10000) in paragraph at lines 525--526


Underfull \hbox (badness 10000) in paragraph at lines 527--528


Underfull \hbox (badness 10000) in paragraph at lines 529--530


Underfull \hbox (badness 10000) in paragraph at lines 531--532


Underfull \hbox (badness 10000) in paragraph at lines 533--534


Underfull \hbox (badness 10000) in paragraph at lines 535--536

[11]
Underfull \hbox (badness 10000) in paragraph at lines 537--538


Underfull \hbox (badness 10000) in paragraph at lines 552--554


Underfull \hbox (badness 10000) in paragraph at lines 564--568


Underfull \hbox (badness 10000) in paragraph at lines 569--573


Underfull \hbox (badness 10000) in paragraph at lines 574--581

[12] [13]
Underfull \hbox (badness 10000) in paragraph at lines 585--586


Underfull \hbox (badness 10000) in paragraph at lines 587--588


Underfull \hbox (badness 10000) in paragraph at lines 589--590


Underfull \hbox (badness 10000) in paragraph at lines 591--592


Underfull \hbox (badness 10000) in paragraph at lines 593--594


Underfull \hbox (badness 10000) in paragraph at lines 595--596


Underfull \hbox (badness 10000) in paragraph at lines 632--633

[14]
Underfull \hbox (badness 10000) in paragraph at lines 634--635

[15]
Underfull \hbox (badness 10000) in paragraph at lines 639--640


Underfull \hbox (badness 10000) in paragraph at lines 641--642


Underfull \hbox (badness 10000) in paragraph at lines 648--649


Underfull \hbox (badness 10000) in paragraph at lines 650--651


Underfull \hbox (badness 10000) in paragraph at lines 652--653


Underfull \hbox (badness 10000) in paragraph at lines 654--655


Underfull \hbox (badness 10000) in paragraph at lines 661--662


Underfull \hbox (badness 10000) in paragraph at lines 663--664


Underfull \hbox (badness 10000) in paragraph at lines 665--666

[16]
Underfull \hbox (badness 10000) in paragraph at lines 680--681


Underfull \hbox (badness 10000) in paragraph at lines 686--687


Overfull \hbox (8.76895pt too wide) in paragraph at lines 770--771
\T1/cmr/m/n/10 Der Al-go-rith-mus von \T1/cmss/m/n/10 Gold-berg \T1/cmr/m/n/10 
und \T1/cmss/m/n/10 Tar-jan \T1/cmr/m/n/10 ist der ef-fi-zi-en-te-ste be-kann-t
e Al-go-rith-mus zur Maximalfluss-

Underfull \hbox (badness 10000) in paragraph at lines 770--771


Underfull \hbox (badness 10000) in paragraph at lines 772--773


Underfull \hbox (badness 10000) in paragraph at lines 774--775

[17] [18]
Underfull \hbox (badness 10000) in paragraph at lines 776--777


Underfull \hbox (badness 10000) in paragraph at lines 778--779


Underfull \hbox (badness 10000) in paragraph at lines 780--781


Underfull \hbox (badness 10000) in paragraph at lines 782--783


Underfull \hbox (badness 10000) in paragraph at lines 784--785


Underfull \hbox (badness 10000) in paragraph at lines 786--787


Underfull \hbox (badness 10000) in paragraph at lines 788--789


Underfull \hbox (badness 10000) in paragraph at lines 790--791


Underfull \hbox (badness 10000) in paragraph at lines 792--793


Underfull \hbox (badness 10000) in paragraph at lines 842--843

[19]
Underfull \hbox (badness 10000) in paragraph at lines 854--855


Underfull \hbox (badness 10000) in paragraph at lines 866--867

[20]
Underfull \hbox (badness 10000) in paragraph at lines 886--887


Underfull \hbox (badness 10000) in paragraph at lines 888--889


Underfull \hbox (badness 10000) in paragraph at lines 894--895


Underfull \hbox (badness 10000) in paragraph at lines 900--901


Overfull \hbox (1.57542pt too wide) in paragraph at lines 903--904
\T1/cmss/m/it/10 berg \T1/cmr/m/it/10 und \T1/cmss/m/it/10 Tar-jan \T1/cmr/m/it
/10 ter-mi-niert nach höch-stens $\OML/cmm/m/it/10 O\OT1/cmr/m/n/10 (\OMS/cmsy/
m/n/10 j\OML/cmm/m/it/10 V\OMS/cmsy/m/n/10 j[]j\OML/cmm/m/it/10 E\OMS/cmsy/m/n/
10 j\OT1/cmr/m/n/10 )$ \T1/cmr/m/it/10 zu-läs-si-gen \T1/cmr/m/sc/10 Pu-sh \T1/
cmr/m/it/10 oder \T1/cmr/m/sc/10 Relabel\T1/cmr/m/it/10 -Operationen. 

Underfull \hbox (badness 10000) in paragraph at lines 906--907

[21]
Underfull \hbox (badness 10000) in paragraph at lines 920--921


Underfull \hbox (badness 10000) in paragraph at lines 922--923


Underfull \hbox (badness 10000) in paragraph at lines 924--925


Underfull \hbox (badness 10000) in paragraph at lines 926--927


Underfull \hbox (badness 10000) in paragraph at lines 928--929


Underfull \hbox (badness 10000) in paragraph at lines 930--931


Underfull \hbox (badness 10000) in paragraph at lines 932--933


Underfull \hbox (badness 10000) in paragraph at lines 934--935


Underfull \hbox (badness 10000) in paragraph at lines 936--937


Underfull \hbox (badness 10000) in paragraph at lines 938--939


Underfull \hbox (badness 10000) in paragraph at lines 947--948


Underfull \hbox (badness 10000) in paragraph at lines 953--954


Underfull \hbox (badness 10000) in paragraph at lines 970--971

[22]
Underfull \hbox (badness 10000) in paragraph at lines 977--978


Underfull \hbox (badness 10000) in paragraph at lines 995--996


Overfull \hbox (6.51755pt too wide) in paragraph at lines 1013--1014
[]\T1/cmr/m/n/10 Durch schnel-le Matirzen-Multiplikation kann die Lauf-zeit des
 Al-go-rith-mus von \T1/cmss/m/n/10 Hor-ton \T1/cmr/m/n/10 auf $\OML/cmm/m/it/1
0 O\OT1/cmr/m/n/10 (\OMS/cmsy/m/n/10 j\OML/cmm/m/it/10 V\OMS/cmsy/m/n/10 jj\OML
/cmm/m/it/10 E\OMS/cmsy/m/n/10 j[]\OT1/cmr/m/n/10 )$

Underfull \hbox (badness 10000) in paragraph at lines 1013--1014

[23]
Underfull \hbox (badness 10000) in paragraph at lines 1034--1035


Underfull \hbox (badness 10000) in paragraph at lines 1036--1037


Underfull \hbox (badness 10000) in paragraph at lines 1038--1039


Underfull \hbox (badness 10000) in paragraph at lines 1040--1041


Underfull \hbox (badness 10000) in paragraph at lines 1068--1069


Underfull \hbox (badness 10000) in paragraph at lines 1070--1071

[24]
Underfull \hbox (badness 10000) in paragraph at lines 1091--1093


Underfull \hbox (badness 10000) in paragraph at lines 1094--1095


Underfull \hbox (badness 10000) in paragraph at lines 1096--1097


Underfull \hbox (badness 10000) in paragraph at lines 1110--1111

[25]
Underfull \hbox (badness 10000) in paragraph at lines 1128--1129


Underfull \hbox (badness 10000) in paragraph at lines 1130--1131


Underfull \hbox (badness 10000) in paragraph at lines 1132--1133


Underfull \hbox (badness 10000) in paragraph at lines 1138--1139


Underfull \hbox (badness 10000) in paragraph at lines 1141--1142


Underfull \hbox (badness 10000) in paragraph at lines 1143--1144


Underfull \hbox (badness 10000) in paragraph at lines 1145--1146


Underfull \hbox (badness 10000) in paragraph at lines 1147--1148


Underfull \hbox (badness 10000) in paragraph at lines 1149--1150


Underfull \hbox (badness 10000) in paragraph at lines 1151--1152


Underfull \hbox (badness 10000) in paragraph at lines 1153--1154


Underfull \hbox (badness 10000) in paragraph at lines 1155--1156


Underfull \hbox (badness 10000) in paragraph at lines 1157--1158


Underfull \hbox (badness 10000) in paragraph at lines 1159--1160


Underfull \hbox (badness 10000) in paragraph at lines 1161--1162

[26]
Underfull \hbox (badness 10000) in paragraph at lines 1168--1169


Underfull \hbox (badness 10000) in paragraph at lines 1170--1171


Underfull \hbox (badness 10000) in paragraph at lines 1172--1173


Underfull \hbox (badness 10000) in paragraph at lines 1174--1175

[27]
Underfull \hbox (badness 10000) in paragraph at lines 1179--1180


Underfull \hbox (badness 10000) in paragraph at lines 1181--1182


Underfull \hbox (badness 10000) in paragraph at lines 1183--1184


Underfull \hbox (badness 10000) in paragraph at lines 1185--1186


Underfull \hbox (badness 10000) in paragraph at lines 1191--1193


Underfull \hbox (badness 10000) in paragraph at lines 1196--1197


Underfull \hbox (badness 10000) in paragraph at lines 1198--1199


Underfull \hbox (badness 10000) in paragraph at lines 1200--1202


Overfull \hbox (3.09138pt too wide) in paragraph at lines 1203--1204
[]\T1/cmr/bx/n/10 Allgemeines \T1/cmr/bx/sc/10 Knap-sack\T1/cmr/bx/n/10 -Proble
m $\OMS/cmsy/m/n/10 2 []$\T1/cmr/m/n/10 : Gibt es zu ei-ner Men-ge $\OML/cmm/m/
it/10 M$ \T1/cmr/m/n/10 mit $\OMS/cmsy/m/n/10 j\OML/cmm/m/it/10 M\OMS/cmsy/m/n/
10 j \OT1/cmr/m/n/10 = \OML/cmm/m/it/10 n$\T1/cmr/m/n/10 , $\OML/cmm/m/it/10 ![
]; [] ; ![] \OMS/cmsy/m/n/10 2

Underfull \hbox (badness 10000) in paragraph at lines 1203--1204


Underfull \hbox (badness 10000) in paragraph at lines 1222--1223


Underfull \hbox (badness 10000) in paragraph at lines 1224--1225

[28]
Underfull \hbox (badness 10000) in paragraph at lines 1245--1249


Underfull \hbox (badness 10000) in paragraph at lines 1270--1271


Underfull \hbox (badness 10000) in paragraph at lines 1273--1274

[29]
Underfull \hbox (badness 10000) in paragraph at lines 1275--1276


Underfull \hbox (badness 10000) in paragraph at lines 1281--1282


Underfull \hbox (badness 10000) in paragraph at lines 1283--1284


Underfull \hbox (badness 10000) in paragraph at lines 1285--1286


Underfull \hbox (badness 10000) in paragraph at lines 1306--1307

[30]
Underfull \hbox (badness 10000) in paragraph at lines 1329--1330


Underfull \hbox (badness 10000) in paragraph at lines 1332--1333


Underfull \hbox (badness 10000) in paragraph at lines 1334--1335


Underfull \hbox (badness 10000) in paragraph at lines 1336--1337


Underfull \hbox (badness 10000) in paragraph at lines 1338--1339


Underfull \hbox (badness 10000) in paragraph at lines 1345--1348


Underfull \hbox (badness 10000) in paragraph at lines 1349--1350


Underfull \hbox (badness 10000) in paragraph at lines 1351--1352

[31]
Underfull \hbox (badness 10000) in paragraph at lines 1357--1359


Underfull \hbox (badness 10000) in paragraph at lines 1360--1361


Underfull \hbox (badness 10000) in paragraph at lines 1382--1383

[32]
Underfull \hbox (badness 10000) in paragraph at lines 1386--1387


Underfull \hbox (badness 10000) in paragraph at lines 1388--1389


Underfull \hbox (badness 10000) in paragraph at lines 1390--1391


Underfull \hbox (badness 10000) in paragraph at lines 1392--1393


Underfull \hbox (badness 10000) in paragraph at lines 1394--1395


Underfull \hbox (badness 10000) in paragraph at lines 1396--1397


Underfull \hbox (badness 10000) in paragraph at lines 1399--1400


Underfull \hbox (badness 10000) in paragraph at lines 1403--1404


Underfull \hbox (badness 10000) in paragraph at lines 1421--1425

[33]
Underfull \hbox (badness 10000) in paragraph at lines 1426--1427


Underfull \hbox (badness 10000) in paragraph at lines 1451--1452


Underfull \hbox (badness 10000) in paragraph at lines 1454--1455


Underfull \hbox (badness 10000) in paragraph at lines 1457--1458


Underfull \hbox (badness 10000) in paragraph at lines 1459--1460


Underfull \hbox (badness 10000) in paragraph at lines 1477--1478


Underfull \hbox (badness 10000) in paragraph at lines 1480--1481

[34]
Underfull \hbox (badness 10000) in paragraph at lines 1483--1484


Underfull \hbox (badness 10000) in paragraph at lines 1485--1486


Underfull \hbox (badness 10000) in paragraph at lines 1487--1488


Underfull \hbox (badness 10000) in paragraph at lines 1490--1491


Underfull \hbox (badness 10000) in paragraph at lines 1492--1493

[35]
Underfull \hbox (badness 10000) in paragraph at lines 1517--1518


Underfull \hbox (badness 10000) in paragraph at lines 1519--1520

[36]
Underfull \hbox (badness 10000) in paragraph at lines 1526--1527


Underfull \hbox (badness 10000) in paragraph at lines 1528--1529


Underfull \hbox (badness 10000) in paragraph at lines 1531--1533


Overfull \hbox (10.58412pt too wide) in paragraph at lines 1534--1536
\OML/cmm/m/it/10 P[]\OT1/cmr/m/n/10 (\OML/cmm/m/it/10 n\OT1/cmr/m/n/10 ) := []\
OMS/cmsy/m/n/10 f\OT1/cmr/m/n/10 #[]\OMS/cmsy/m/n/10 A[]\OML/cmm/m/it/10 I[]\OM
S/cmsy/m/n/10 g$ 

Underfull \hbox (badness 10000) in paragraph at lines 1534--1536


Overfull \hbox (60.19994pt too wide) in paragraph at lines 1537--1538
[]\T1/cmr/m/n/10 Der \T1/cmr/bx/n/10 Speed Up \T1/cmr/m/n/10 ei-nes par-al-le-l
en Al-go-rith-mus $\OMS/cmsy/m/n/10 A$ \T1/cmr/m/n/10 ist $[]\OT1/cmr/m/n/10 (\
OMS/cmsy/m/n/10 A\OT1/cmr/m/n/10 ) := []$ 

Underfull \hbox (badness 10000) in paragraph at lines 1537--1538


Underfull \hbox (badness 10000) in paragraph at lines 1539--1540


Underfull \hbox (badness 10000) in paragraph at lines 1541--1542


Overfull \hbox (33.5216pt too wide) in paragraph at lines 1543--1544
[]\T1/cmr/m/n/10 Die \T1/cmr/bx/n/10 Ef-fi-zi-enz \T1/cmr/m/n/10 ei-nes par-al-
le-len Al-go-rith-mus $\OMS/cmsy/m/n/10 A$ \T1/cmr/m/n/10 ist $\OML/cmm/m/it/10
 E[]\OT1/cmr/m/n/10 (\OML/cmm/m/it/10 n\OT1/cmr/m/n/10 ) := []$ 

Underfull \hbox (badness 10000) in paragraph at lines 1543--1544


Underfull \hbox (badness 10000) in paragraph at lines 1546--1547


Underfull \hbox (badness 10000) in paragraph at lines 1548--1549


Underfull \hbox (badness 10000) in paragraph at lines 1550--1551


Underfull \hbox (badness 10000) in paragraph at lines 1572--1573

[37]
Underfull \hbox (badness 10000) in paragraph at lines 1590--1591


Underfull \hbox (badness 10000) in paragraph at lines 1592--1593


Underfull \hbox (badness 10000) in paragraph at lines 1594--1595


Underfull \hbox (badness 10000) in paragraph at lines 1596--1597


Underfull \hbox (badness 10000) in paragraph at lines 1614--1615

[38]
Underfull \hbox (badness 10000) in paragraph at lines 1639--1640


Underfull \hbox (badness 10000) in paragraph at lines 1642--1643


Underfull \hbox (badness 10000) in paragraph at lines 1658--1659


Underfull \hbox (badness 10000) in paragraph at lines 1660--1664

[39]
Underfull \hbox (badness 10000) in paragraph at lines 1703--1704


Underfull \hbox (badness 10000) in paragraph at lines 1750--1751

[40] [41]
Underfull \hbox (badness 10000) in paragraph at lines 1758--1759


Underfull \hbox (badness 10000) in paragraph at lines 1760--1761


Underfull \hbox (badness 10000) in paragraph at lines 1762--1763


Underfull \hbox (badness 10000) in paragraph at lines 1764--1765


Underfull \hbox (badness 10000) in paragraph at lines 1766--1767


Underfull \hbox (badness 10000) in paragraph at lines 1768--1769


Underfull \hbox (badness 10000) in paragraph at lines 1770--1771


Underfull \hbox (badness 10000) in paragraph at lines 1773--1774


Underfull \hbox (badness 10000) in paragraph at lines 1776--1777


Underfull \hbox (badness 10000) in paragraph at lines 1778--1779


Underfull \hbox (badness 10000) in paragraph at lines 1808--1809

[42] [43] (./AlgoTechZusammenfassung.aux)

LaTeX Font Warning: Some font shapes were not available, defaults substituted.


LaTeX Warning: Label(s) may have changed. Rerun to get cross-references right.

 )
(see the transcript file for additional information){/usr/share/texmf/fonts/enc
/dvips/cm-super/cm-super-t1.enc}</usr/share/texlive/texmf-dist/fonts/type1/publ
ic/amsfonts/cm/cmex10.pfb></usr/share/texlive/texmf-dist/fonts/type1/public/ams
fonts/cm/cmmi10.pfb></usr/share/texlive/texmf-dist/fonts/type1/public/amsfonts/
cm/cmmi12.pfb></usr/share/texlive/texmf-dist/fonts/type1/public/amsfonts/cm/cmm
i5.pfb></usr/share/texlive/texmf-dist/fonts/type1/public/amsfonts/cm/cmmi7.pfb>
</usr/share/texlive/texmf-dist/fonts/type1/public/amsfonts/cm/cmr10.pfb></usr/s
hare/texlive/texmf-dist/fonts/type1/public/amsfonts/cm/cmr5.pfb></usr/share/tex
live/texmf-dist/fonts/type1/public/amsfonts/cm/cmr7.pfb></usr/share/texlive/tex
mf-dist/fonts/type1/public/amsfonts/cm/cmsy10.pfb></usr/share/texlive/texmf-dis
t/fonts/type1/public/amsfonts/cm/cmsy5.pfb></usr/share/texlive/texmf-dist/fonts
/type1/public/amsfonts/cm/cmsy7.pfb></usr/share/texlive/texmf-dist/fonts/type1/
public/amsfonts/symbols/msam10.pfb></usr/share/texlive/texmf-dist/fonts/type1/p
ublic/amsfonts/symbols/msbm10.pfb></usr/share/texlive/texmf-dist/fonts/type1/pu
blic/amsfonts/symbols/msbm7.pfb></usr/share/texmf/fonts/type1/public/cm-super/s
fbx1000.pfb></usr/share/texmf/fonts/type1/public/cm-super/sfcc0700.pfb></usr/sh
are/texmf/fonts/type1/public/cm-super/sfcc1000.pfb></usr/share/texmf/fonts/type
1/public/cm-super/sfrm0700.pfb></usr/share/texmf/fonts/type1/public/cm-super/sf
rm1000.pfb></usr/share/texmf/fonts/type1/public/cm-super/sfrm1440.pfb></usr/sha
re/texmf/fonts/type1/public/cm-super/sfsi1000.pfb></usr/share/texmf/fonts/type1
/public/cm-super/sfss1000.pfb></usr/share/texmf/fonts/type1/public/cm-super/sfs
x1000.pfb></usr/share/texmf/fonts/type1/public/cm-super/sfsx1200.pfb></usr/shar
e/texmf/fonts/type1/public/cm-super/sfsx1440.pfb></usr/share/texmf/fonts/type1/
public/cm-super/sfsx2074.pfb></usr/share/texmf/fonts/type1/public/cm-super/sfti
0700.pfb></usr/share/texmf/fonts/type1/public/cm-super/sfti1000.pfb></usr/share
/texmf/fonts/type1/public/cm-super/sfxc1000.pfb>
Output written on AlgoTechZusammenfassung.pdf (43 pages, 553594 bytes).
Transcript written on AlgoTechZusammenfassung.log.
Result: ExitSuccess

Running /usr/bin/pdflatex AlgoTechZusammenfassung.tex in an env with 4 entries:
This is pdfTeX, Version 3.1415926-2.5-1.40.14 (TeX Live 2013/Debian)
 restricted \write18 enabled.
entering extended mode
(data/AlgoTechZusammenfassung.tex
LaTeX2e <2011/06/27>
Babel <3.9h> and hyphenation patterns for 78 languages loaded.
(/usr/share/texlive/texmf-dist/tex/latex/koma-script/scrartcl.cls
Document Class: scrartcl 2013/12/19 v3.12 KOMA-Script document class (article)
(/usr/share/texlive/texmf-dist/tex/latex/koma-script/scrkbase.sty
(/usr/share/texlive/texmf-dist/tex/latex/koma-script/scrbase.sty
(/usr/share/texlive/texmf-dist/tex/latex/graphics/keyval.sty)
(/usr/share/texlive/texmf-dist/tex/latex/koma-script/scrlfile.sty
Package scrlfile, 2013/12/19 v3.12 KOMA-Script package (loading files)
                  Copyright (C) Markus Kohm

))) (/usr/share/texlive/texmf-dist/tex/latex/koma-script/tocbasic.sty)
(/usr/share/texlive/texmf-dist/tex/latex/koma-script/scrsize10pt.clo)
(/usr/share/texlive/texmf-dist/tex/latex/koma-script/typearea.sty
Package typearea, 2013/12/19 v3.12 KOMA-Script package (type area)
                  Copyright (C) Frank Neukam, 1992-1994
                  Copyright (C) Markus Kohm, 1994-

)) (data/latexki.sty)
(/usr/share/texlive/texmf-dist/tex/generic/german/german.sty v2.5e 1998-07-08)
(/usr/share/texlive/texmf-dist/tex/latex/base/fontenc.sty
(/usr/share/texlive/texmf-dist/tex/latex/base/t1enc.def))
(/usr/share/texlive/texmf-dist/tex/latex/base/inputenc.sty
(/usr/share/texlive/texmf-dist/tex/latex/base/utf8.def
(/usr/share/texlive/texmf-dist/tex/latex/base/t1enc.dfu)
(/usr/share/texlive/texmf-dist/tex/latex/base/ot1enc.dfu)
(/usr/share/texlive/texmf-dist/tex/latex/base/omsenc.dfu)))
(/usr/share/texlive/texmf-dist/tex/latex/amsmath/amsmath.sty
For additional information on amsmath, use the `?' option.
(/usr/share/texlive/texmf-dist/tex/latex/amsmath/amstext.sty
(/usr/share/texlive/texmf-dist/tex/latex/amsmath/amsgen.sty))
(/usr/share/texlive/texmf-dist/tex/latex/amsmath/amsbsy.sty)
(/usr/share/texlive/texmf-dist/tex/latex/amsmath/amsopn.sty))
(/usr/share/texlive/texmf-dist/tex/latex/amsfonts/amssymb.sty
(/usr/share/texlive/texmf-dist/tex/latex/amsfonts/amsfonts.sty))
(/usr/share/texlive/texmf-dist/tex/latex/amscls/amsthm.sty)
(/usr/share/texlive/texmf-dist/tex/latex/graphics/color.sty
(/usr/share/texlive/texmf-dist/tex/latex/latexconfig/color.cfg)
(/usr/share/texlive/texmf-dist/tex/latex/pdftex-def/pdftex.def
(/usr/share/texlive/texmf-dist/tex/generic/oberdiek/infwarerr.sty)
(/usr/share/texlive/texmf-dist/tex/generic/oberdiek/ltxcmds.sty)))
(/usr/share/texlive/texmf-dist/tex/latex/geometry/geometry.sty
(/usr/share/texlive/texmf-dist/tex/generic/oberdiek/ifpdf.sty)
(/usr/share/texlive/texmf-dist/tex/generic/oberdiek/ifvtex.sty)
(/usr/share/texlive/texmf-dist/tex/generic/ifxetex/ifxetex.sty))
(/usr/share/texlive/texmf-dist/tex/latex/tools/enumerate.sty)
(/usr/share/texlive/texmf-dist/tex/latex/algorithms/algorithm.sty
(/usr/share/texlive/texmf-dist/tex/latex/float/float.sty)
(/usr/share/texlive/texmf-dist/tex/latex/base/ifthen.sty))
(/usr/share/texlive/texmf-dist/tex/latex/algorithms/algorithmic.sty)
(/usr/share/texlive/texmf-dist/tex/latex/setspace/setspace.sty)
(./AlgoTechZusammenfassung.aux)
(/usr/share/texlive/texmf-dist/tex/context/base/supp-pdf.mkii
[Loading MPS to PDF converter (version 2006.09.02).]
)
*geometry* driver: auto-detecting
*geometry* detected driver: pdftex
(/usr/share/texlive/texmf-dist/tex/latex/base/t1cmss.fd)
(/usr/share/texlive/texmf-dist/tex/latex/amsfonts/umsa.fd)
(/usr/share/texlive/texmf-dist/tex/latex/amsfonts/umsb.fd)
(./AlgoTechZusammenfassung.toc) [1{/var/lib/texmf/fonts/map/pdftex/updmap/pdfte
x.map}]

Class scrartcl Warning: \float@listhead detected!
(scrartcl)              Implementation of \float@listhead became
(scrartcl)              deprecated in KOMA-Script v3.01 2008/11/14 and
(scrartcl)              has been replaced by more several more flexible
(scrartcl)              features of package `tocbasic`.
(scrartcl)              Maybe implementation of \float@listhead will
(scrartcl)              be removed from KOMA-Script soon.
(scrartcl)              Loading of package `scrhack' may help to
(scrartcl)              avoid this warning, if you are using a
(scrartcl)              a package that still implements the
(scrartcl)              deprecated \float@listhead interface  on input line 118
.

(./AlgoTechZusammenfassung.loa [2]) [3]
(/usr/share/texlive/texmf-dist/tex/latex/base/omscmr.fd) [4]
Underfull \hbox (badness 10000) in paragraph at lines 211--212

[5]
Underfull \hbox (badness 10000) in paragraph at lines 213--214


Underfull \hbox (badness 10000) in paragraph at lines 215--216


LaTeX Font Warning: Font shape `T1/cmss/bx/sc' undefined
(Font)              using `T1/cmss/bx/n' instead on input line 240.


Overfull \hbox (3.82352pt too wide) in paragraph at lines 241--242
\T1/cmr/bx/sc/10 Offline-Min\T1/cmr/bx/n/10 -Problem\T1/cmr/m/n/10 : Ge-be zu e
i-ner Fol-ge $\OML/cmm/m/it/10 Q$ \T1/cmr/m/n/10 von $\OML/cmm/m/it/10 n$ $[]\O
T1/cmr/m/n/10 (\OML/cmm/m/it/10 i\OT1/cmr/m/n/10 )$ \T1/cmr/m/n/10 und \T1/cmr/
m/sc/10 Extract-Min\T1/cmr/m/n/10 -Operationen

Underfull \hbox (badness 10000) in paragraph at lines 241--242


Underfull \hbox (badness 10000) in paragraph at lines 260--261


Overfull \hbox (27.58005pt too wide) in paragraph at lines 278--279
\T1/cmr/bx/sc/10 Priority Queue \T1/cmr/m/n/10 nennt man ei-ne Da-ten-struk-tur
 $\OML/cmm/m/it/10 H$ \T1/cmr/m/n/10 wel-che die Ope-ra-tio-nen $[]\OT1/cmr/m/n
/10 ()$\T1/cmr/m/n/10 , $[]\OT1/cmr/m/n/10 (\OML/cmm/m/it/10 H; i\OT1/cmr/m/n/1
0 )$\T1/cmr/m/n/10 ,

Underfull \hbox (badness 10000) in paragraph at lines 278--279

[6]
Underfull \hbox (badness 10000) in paragraph at lines 280--282

[7] [8]
Underfull \hbox (badness 10000) in paragraph at lines 405--406


Underfull \hbox (badness 10000) in paragraph at lines 407--408


Underfull \hbox (badness 10000) in paragraph at lines 409--410


Underfull \hbox (badness 10000) in paragraph at lines 411--412


Underfull \hbox (badness 10000) in paragraph at lines 414--415


Underfull \hbox (badness 10000) in paragraph at lines 417--418


Underfull \hbox (badness 10000) in paragraph at lines 419--420


Underfull \hbox (badness 10000) in paragraph at lines 421--422

[9]
Underfull \hbox (badness 10000) in paragraph at lines 423--424


Underfull \hbox (badness 10000) in paragraph at lines 425--426

[10]
Underfull \hbox (badness 10000) in paragraph at lines 521--522


Underfull \hbox (badness 10000) in paragraph at lines 523--524


Underfull \hbox (badness 10000) in paragraph at lines 525--526


Underfull \hbox (badness 10000) in paragraph at lines 527--528


Underfull \hbox (badness 10000) in paragraph at lines 529--530


Underfull \hbox (badness 10000) in paragraph at lines 531--532


Underfull \hbox (badness 10000) in paragraph at lines 533--534


Underfull \hbox (badness 10000) in paragraph at lines 535--536

[11]
Underfull \hbox (badness 10000) in paragraph at lines 537--538


Underfull \hbox (badness 10000) in paragraph at lines 552--554


Underfull \hbox (badness 10000) in paragraph at lines 564--568


Underfull \hbox (badness 10000) in paragraph at lines 569--573


Underfull \hbox (badness 10000) in paragraph at lines 574--581

[12] [13]
Underfull \hbox (badness 10000) in paragraph at lines 585--586


Underfull \hbox (badness 10000) in paragraph at lines 587--588


Underfull \hbox (badness 10000) in paragraph at lines 589--590


Underfull \hbox (badness 10000) in paragraph at lines 591--592


Underfull \hbox (badness 10000) in paragraph at lines 593--594


Underfull \hbox (badness 10000) in paragraph at lines 595--596


Underfull \hbox (badness 10000) in paragraph at lines 632--633

[14]
Underfull \hbox (badness 10000) in paragraph at lines 634--635

[15]
Underfull \hbox (badness 10000) in paragraph at lines 639--640


Underfull \hbox (badness 10000) in paragraph at lines 641--642


Underfull \hbox (badness 10000) in paragraph at lines 648--649


Underfull \hbox (badness 10000) in paragraph at lines 650--651


Underfull \hbox (badness 10000) in paragraph at lines 652--653


Underfull \hbox (badness 10000) in paragraph at lines 654--655


Underfull \hbox (badness 10000) in paragraph at lines 661--662


Underfull \hbox (badness 10000) in paragraph at lines 663--664


Underfull \hbox (badness 10000) in paragraph at lines 665--666

[16]
Underfull \hbox (badness 10000) in paragraph at lines 680--681


Underfull \hbox (badness 10000) in paragraph at lines 686--687


Overfull \hbox (8.76895pt too wide) in paragraph at lines 770--771
\T1/cmr/m/n/10 Der Al-go-rith-mus von \T1/cmss/m/n/10 Gold-berg \T1/cmr/m/n/10 
und \T1/cmss/m/n/10 Tar-jan \T1/cmr/m/n/10 ist der ef-fi-zi-en-te-ste be-kann-t
e Al-go-rith-mus zur Maximalfluss-

Underfull \hbox (badness 10000) in paragraph at lines 770--771


Underfull \hbox (badness 10000) in paragraph at lines 772--773


Underfull \hbox (badness 10000) in paragraph at lines 774--775

[17] [18]
Underfull \hbox (badness 10000) in paragraph at lines 776--777


Underfull \hbox (badness 10000) in paragraph at lines 778--779


Underfull \hbox (badness 10000) in paragraph at lines 780--781


Underfull \hbox (badness 10000) in paragraph at lines 782--783


Underfull \hbox (badness 10000) in paragraph at lines 784--785


Underfull \hbox (badness 10000) in paragraph at lines 786--787


Underfull \hbox (badness 10000) in paragraph at lines 788--789


Underfull \hbox (badness 10000) in paragraph at lines 790--791


Underfull \hbox (badness 10000) in paragraph at lines 792--793


Underfull \hbox (badness 10000) in paragraph at lines 842--843

[19]
Underfull \hbox (badness 10000) in paragraph at lines 854--855


Underfull \hbox (badness 10000) in paragraph at lines 866--867

[20]
Underfull \hbox (badness 10000) in paragraph at lines 886--887


Underfull \hbox (badness 10000) in paragraph at lines 888--889


Underfull \hbox (badness 10000) in paragraph at lines 894--895


Underfull \hbox (badness 10000) in paragraph at lines 900--901


Overfull \hbox (1.57542pt too wide) in paragraph at lines 903--904
\T1/cmss/m/it/10 berg \T1/cmr/m/it/10 und \T1/cmss/m/it/10 Tar-jan \T1/cmr/m/it
/10 ter-mi-niert nach höch-stens $\OML/cmm/m/it/10 O\OT1/cmr/m/n/10 (\OMS/cmsy/
m/n/10 j\OML/cmm/m/it/10 V\OMS/cmsy/m/n/10 j[]j\OML/cmm/m/it/10 E\OMS/cmsy/m/n/
10 j\OT1/cmr/m/n/10 )$ \T1/cmr/m/it/10 zu-läs-si-gen \T1/cmr/m/sc/10 Pu-sh \T1/
cmr/m/it/10 oder \T1/cmr/m/sc/10 Relabel\T1/cmr/m/it/10 -Operationen. 

Underfull \hbox (badness 10000) in paragraph at lines 906--907

[21]
Underfull \hbox (badness 10000) in paragraph at lines 920--921


Underfull \hbox (badness 10000) in paragraph at lines 922--923


Underfull \hbox (badness 10000) in paragraph at lines 924--925


Underfull \hbox (badness 10000) in paragraph at lines 926--927


Underfull \hbox (badness 10000) in paragraph at lines 928--929


Underfull \hbox (badness 10000) in paragraph at lines 930--931


Underfull \hbox (badness 10000) in paragraph at lines 932--933


Underfull \hbox (badness 10000) in paragraph at lines 934--935


Underfull \hbox (badness 10000) in paragraph at lines 936--937


Underfull \hbox (badness 10000) in paragraph at lines 938--939


Underfull \hbox (badness 10000) in paragraph at lines 947--948


Underfull \hbox (badness 10000) in paragraph at lines 953--954


Underfull \hbox (badness 10000) in paragraph at lines 970--971

[22]
Underfull \hbox (badness 10000) in paragraph at lines 977--978


Underfull \hbox (badness 10000) in paragraph at lines 995--996


Overfull \hbox (6.51755pt too wide) in paragraph at lines 1013--1014
[]\T1/cmr/m/n/10 Durch schnel-le Matirzen-Multiplikation kann die Lauf-zeit des
 Al-go-rith-mus von \T1/cmss/m/n/10 Hor-ton \T1/cmr/m/n/10 auf $\OML/cmm/m/it/1
0 O\OT1/cmr/m/n/10 (\OMS/cmsy/m/n/10 j\OML/cmm/m/it/10 V\OMS/cmsy/m/n/10 jj\OML
/cmm/m/it/10 E\OMS/cmsy/m/n/10 j[]\OT1/cmr/m/n/10 )$

Underfull \hbox (badness 10000) in paragraph at lines 1013--1014

[23]
Underfull \hbox (badness 10000) in paragraph at lines 1034--1035


Underfull \hbox (badness 10000) in paragraph at lines 1036--1037


Underfull \hbox (badness 10000) in paragraph at lines 1038--1039


Underfull \hbox (badness 10000) in paragraph at lines 1040--1041


Underfull \hbox (badness 10000) in paragraph at lines 1068--1069


Underfull \hbox (badness 10000) in paragraph at lines 1070--1071

[24]
Underfull \hbox (badness 10000) in paragraph at lines 1091--1093


Underfull \hbox (badness 10000) in paragraph at lines 1094--1095


Underfull \hbox (badness 10000) in paragraph at lines 1096--1097


Underfull \hbox (badness 10000) in paragraph at lines 1110--1111

[25]
Underfull \hbox (badness 10000) in paragraph at lines 1128--1129


Underfull \hbox (badness 10000) in paragraph at lines 1130--1131


Underfull \hbox (badness 10000) in paragraph at lines 1132--1133


Underfull \hbox (badness 10000) in paragraph at lines 1138--1139


Underfull \hbox (badness 10000) in paragraph at lines 1141--1142


Underfull \hbox (badness 10000) in paragraph at lines 1143--1144


Underfull \hbox (badness 10000) in paragraph at lines 1145--1146


Underfull \hbox (badness 10000) in paragraph at lines 1147--1148


Underfull \hbox (badness 10000) in paragraph at lines 1149--1150


Underfull \hbox (badness 10000) in paragraph at lines 1151--1152


Underfull \hbox (badness 10000) in paragraph at lines 1153--1154


Underfull \hbox (badness 10000) in paragraph at lines 1155--1156


Underfull \hbox (badness 10000) in paragraph at lines 1157--1158


Underfull \hbox (badness 10000) in paragraph at lines 1159--1160


Underfull \hbox (badness 10000) in paragraph at lines 1161--1162

[26]
Underfull \hbox (badness 10000) in paragraph at lines 1168--1169


Underfull \hbox (badness 10000) in paragraph at lines 1170--1171


Underfull \hbox (badness 10000) in paragraph at lines 1172--1173


Underfull \hbox (badness 10000) in paragraph at lines 1174--1175

[27]
Underfull \hbox (badness 10000) in paragraph at lines 1179--1180


Underfull \hbox (badness 10000) in paragraph at lines 1181--1182


Underfull \hbox (badness 10000) in paragraph at lines 1183--1184


Underfull \hbox (badness 10000) in paragraph at lines 1185--1186


Underfull \hbox (badness 10000) in paragraph at lines 1191--1193


Underfull \hbox (badness 10000) in paragraph at lines 1196--1197


Underfull \hbox (badness 10000) in paragraph at lines 1198--1199


Underfull \hbox (badness 10000) in paragraph at lines 1200--1202


Overfull \hbox (3.09138pt too wide) in paragraph at lines 1203--1204
[]\T1/cmr/bx/n/10 Allgemeines \T1/cmr/bx/sc/10 Knap-sack\T1/cmr/bx/n/10 -Proble
m $\OMS/cmsy/m/n/10 2 []$\T1/cmr/m/n/10 : Gibt es zu ei-ner Men-ge $\OML/cmm/m/
it/10 M$ \T1/cmr/m/n/10 mit $\OMS/cmsy/m/n/10 j\OML/cmm/m/it/10 M\OMS/cmsy/m/n/
10 j \OT1/cmr/m/n/10 = \OML/cmm/m/it/10 n$\T1/cmr/m/n/10 , $\OML/cmm/m/it/10 ![
]; [] ; ![] \OMS/cmsy/m/n/10 2

Underfull \hbox (badness 10000) in paragraph at lines 1203--1204


Underfull \hbox (badness 10000) in paragraph at lines 1222--1223


Underfull \hbox (badness 10000) in paragraph at lines 1224--1225

[28]
Underfull \hbox (badness 10000) in paragraph at lines 1245--1249


Underfull \hbox (badness 10000) in paragraph at lines 1270--1271


Underfull \hbox (badness 10000) in paragraph at lines 1273--1274

[29]
Underfull \hbox (badness 10000) in paragraph at lines 1275--1276


Underfull \hbox (badness 10000) in paragraph at lines 1281--1282


Underfull \hbox (badness 10000) in paragraph at lines 1283--1284


Underfull \hbox (badness 10000) in paragraph at lines 1285--1286


Underfull \hbox (badness 10000) in paragraph at lines 1306--1307

[30]
Underfull \hbox (badness 10000) in paragraph at lines 1329--1330


Underfull \hbox (badness 10000) in paragraph at lines 1332--1333


Underfull \hbox (badness 10000) in paragraph at lines 1334--1335


Underfull \hbox (badness 10000) in paragraph at lines 1336--1337


Underfull \hbox (badness 10000) in paragraph at lines 1338--1339


Underfull \hbox (badness 10000) in paragraph at lines 1345--1348


Underfull \hbox (badness 10000) in paragraph at lines 1349--1350


Underfull \hbox (badness 10000) in paragraph at lines 1351--1352

[31]
Underfull \hbox (badness 10000) in paragraph at lines 1357--1359


Underfull \hbox (badness 10000) in paragraph at lines 1360--1361


Underfull \hbox (badness 10000) in paragraph at lines 1382--1383

[32]
Underfull \hbox (badness 10000) in paragraph at lines 1386--1387


Underfull \hbox (badness 10000) in paragraph at lines 1388--1389


Underfull \hbox (badness 10000) in paragraph at lines 1390--1391


Underfull \hbox (badness 10000) in paragraph at lines 1392--1393


Underfull \hbox (badness 10000) in paragraph at lines 1394--1395


Underfull \hbox (badness 10000) in paragraph at lines 1396--1397


Underfull \hbox (badness 10000) in paragraph at lines 1399--1400


Underfull \hbox (badness 10000) in paragraph at lines 1403--1404


Underfull \hbox (badness 10000) in paragraph at lines 1421--1425

[33]
Underfull \hbox (badness 10000) in paragraph at lines 1426--1427


Underfull \hbox (badness 10000) in paragraph at lines 1451--1452


Underfull \hbox (badness 10000) in paragraph at lines 1454--1455


Underfull \hbox (badness 10000) in paragraph at lines 1457--1458


Underfull \hbox (badness 10000) in paragraph at lines 1459--1460


Underfull \hbox (badness 10000) in paragraph at lines 1477--1478


Underfull \hbox (badness 10000) in paragraph at lines 1480--1481

[34]
Underfull \hbox (badness 10000) in paragraph at lines 1483--1484


Underfull \hbox (badness 10000) in paragraph at lines 1485--1486


Underfull \hbox (badness 10000) in paragraph at lines 1487--1488


Underfull \hbox (badness 10000) in paragraph at lines 1490--1491


Underfull \hbox (badness 10000) in paragraph at lines 1492--1493

[35]
Underfull \hbox (badness 10000) in paragraph at lines 1517--1518


Underfull \hbox (badness 10000) in paragraph at lines 1519--1520

[36]
Underfull \hbox (badness 10000) in paragraph at lines 1526--1527


Underfull \hbox (badness 10000) in paragraph at lines 1528--1529


Underfull \hbox (badness 10000) in paragraph at lines 1531--1533


Overfull \hbox (10.58412pt too wide) in paragraph at lines 1534--1536
\OML/cmm/m/it/10 P[]\OT1/cmr/m/n/10 (\OML/cmm/m/it/10 n\OT1/cmr/m/n/10 ) := []\
OMS/cmsy/m/n/10 f\OT1/cmr/m/n/10 #[]\OMS/cmsy/m/n/10 A[]\OML/cmm/m/it/10 I[]\OM
S/cmsy/m/n/10 g$ 

Underfull \hbox (badness 10000) in paragraph at lines 1534--1536


Overfull \hbox (60.19994pt too wide) in paragraph at lines 1537--1538
[]\T1/cmr/m/n/10 Der \T1/cmr/bx/n/10 Speed Up \T1/cmr/m/n/10 ei-nes par-al-le-l
en Al-go-rith-mus $\OMS/cmsy/m/n/10 A$ \T1/cmr/m/n/10 ist $[]\OT1/cmr/m/n/10 (\
OMS/cmsy/m/n/10 A\OT1/cmr/m/n/10 ) := []$ 

Underfull \hbox (badness 10000) in paragraph at lines 1537--1538


Underfull \hbox (badness 10000) in paragraph at lines 1539--1540


Underfull \hbox (badness 10000) in paragraph at lines 1541--1542


Overfull \hbox (33.5216pt too wide) in paragraph at lines 1543--1544
[]\T1/cmr/m/n/10 Die \T1/cmr/bx/n/10 Ef-fi-zi-enz \T1/cmr/m/n/10 ei-nes par-al-
le-len Al-go-rith-mus $\OMS/cmsy/m/n/10 A$ \T1/cmr/m/n/10 ist $\OML/cmm/m/it/10
 E[]\OT1/cmr/m/n/10 (\OML/cmm/m/it/10 n\OT1/cmr/m/n/10 ) := []$ 

Underfull \hbox (badness 10000) in paragraph at lines 1543--1544


Underfull \hbox (badness 10000) in paragraph at lines 1546--1547


Underfull \hbox (badness 10000) in paragraph at lines 1548--1549


Underfull \hbox (badness 10000) in paragraph at lines 1550--1551


Underfull \hbox (badness 10000) in paragraph at lines 1572--1573

[37]
Underfull \hbox (badness 10000) in paragraph at lines 1590--1591


Underfull \hbox (badness 10000) in paragraph at lines 1592--1593


Underfull \hbox (badness 10000) in paragraph at lines 1594--1595


Underfull \hbox (badness 10000) in paragraph at lines 1596--1597


Underfull \hbox (badness 10000) in paragraph at lines 1614--1615

[38]
Underfull \hbox (badness 10000) in paragraph at lines 1639--1640


Underfull \hbox (badness 10000) in paragraph at lines 1642--1643


Underfull \hbox (badness 10000) in paragraph at lines 1658--1659


Underfull \hbox (badness 10000) in paragraph at lines 1660--1664

[39]
Underfull \hbox (badness 10000) in paragraph at lines 1703--1704


Underfull \hbox (badness 10000) in paragraph at lines 1750--1751

[40] [41]
Underfull \hbox (badness 10000) in paragraph at lines 1758--1759


Underfull \hbox (badness 10000) in paragraph at lines 1760--1761


Underfull \hbox (badness 10000) in paragraph at lines 1762--1763


Underfull \hbox (badness 10000) in paragraph at lines 1764--1765


Underfull \hbox (badness 10000) in paragraph at lines 1766--1767


Underfull \hbox (badness 10000) in paragraph at lines 1768--1769


Underfull \hbox (badness 10000) in paragraph at lines 1770--1771


Underfull \hbox (badness 10000) in paragraph at lines 1773--1774


Underfull \hbox (badness 10000) in paragraph at lines 1776--1777


Underfull \hbox (badness 10000) in paragraph at lines 1778--1779


Underfull \hbox (badness 10000) in paragraph at lines 1808--1809

[42] [43] (./AlgoTechZusammenfassung.aux)

LaTeX Font Warning: Some font shapes were not available, defaults substituted.

 )
(see the transcript file for additional information){/usr/share/texmf/fonts/enc
/dvips/cm-super/cm-super-t1.enc}</usr/share/texlive/texmf-dist/fonts/type1/publ
ic/amsfonts/cm/cmex10.pfb></usr/share/texlive/texmf-dist/fonts/type1/public/ams
fonts/cm/cmmi10.pfb></usr/share/texlive/texmf-dist/fonts/type1/public/amsfonts/
cm/cmmi12.pfb></usr/share/texlive/texmf-dist/fonts/type1/public/amsfonts/cm/cmm
i5.pfb></usr/share/texlive/texmf-dist/fonts/type1/public/amsfonts/cm/cmmi7.pfb>
</usr/share/texlive/texmf-dist/fonts/type1/public/amsfonts/cm/cmr10.pfb></usr/s
hare/texlive/texmf-dist/fonts/type1/public/amsfonts/cm/cmr5.pfb></usr/share/tex
live/texmf-dist/fonts/type1/public/amsfonts/cm/cmr7.pfb></usr/share/texlive/tex
mf-dist/fonts/type1/public/amsfonts/cm/cmsy10.pfb></usr/share/texlive/texmf-dis
t/fonts/type1/public/amsfonts/cm/cmsy5.pfb></usr/share/texlive/texmf-dist/fonts
/type1/public/amsfonts/cm/cmsy7.pfb></usr/share/texlive/texmf-dist/fonts/type1/
public/amsfonts/symbols/msam10.pfb></usr/share/texlive/texmf-dist/fonts/type1/p
ublic/amsfonts/symbols/msbm10.pfb></usr/share/texlive/texmf-dist/fonts/type1/pu
blic/amsfonts/symbols/msbm7.pfb></usr/share/texmf/fonts/type1/public/cm-super/s
fbx1000.pfb></usr/share/texmf/fonts/type1/public/cm-super/sfcc0700.pfb></usr/sh
are/texmf/fonts/type1/public/cm-super/sfcc1000.pfb></usr/share/texmf/fonts/type
1/public/cm-super/sfrm0700.pfb></usr/share/texmf/fonts/type1/public/cm-super/sf
rm1000.pfb></usr/share/texmf/fonts/type1/public/cm-super/sfrm1440.pfb></usr/sha
re/texmf/fonts/type1/public/cm-super/sfsi1000.pfb></usr/share/texmf/fonts/type1
/public/cm-super/sfss1000.pfb></usr/share/texmf/fonts/type1/public/cm-super/sfs
x1000.pfb></usr/share/texmf/fonts/type1/public/cm-super/sfsx1200.pfb></usr/shar
e/texmf/fonts/type1/public/cm-super/sfsx1440.pfb></usr/share/texmf/fonts/type1/
public/cm-super/sfsx2074.pfb></usr/share/texmf/fonts/type1/public/cm-super/sfti
0700.pfb></usr/share/texmf/fonts/type1/public/cm-super/sfti1000.pfb></usr/share
/texmf/fonts/type1/public/cm-super/sfxc1000.pfb>
Output written on AlgoTechZusammenfassung.pdf (43 pages, 553596 bytes).
Transcript written on AlgoTechZusammenfassung.log.
Result: ExitSuccess

Running /usr/bin/convert -verbose AlgoTechZusammenfassung.pdf[0] -resize 70x AlgoTechZusammenfassung.png in an env with 4 entries:
"gs" -q -dQUIET -dSAFER -dBATCH -dNOPAUSE -dNOPROMPT -dMaxBitmap=500000000 -dAlignToPixels=0 -dGridFitTT=2 "-sDEVICE=pngalpha" -dTextAlphaBits=4 -dGraphicsAlphaBits=4 "-r72x72" -dFirstPage=1 -dLastPage=1 "-sOutputFile=/tmp/magick-ZAuYgWpb-%08d" "-f/tmp/magick-It5Hfs9Y" "-f/tmp/magick-z9btT3SM"
/tmp/magick-ZAuYgWpb-00000001 PNG 595x842 595x842+0+0 8-bit DirectClass 32.1KB 0.010u 0:00.009
AlgoTechZusammenfassung.pdf[0]=>AlgoTechZusammenfassung.pdf PDF 595x842 595x842+0+0 16-bit DirectClass 32.1KB 0.000u 0:00.000
AlgoTechZusammenfassung.pdf[0]=>AlgoTechZusammenfassung.png PDF 595x842=>70x99 70x99+0+0 8-bit DirectClass 0.040u 0:00.020
Result: ExitSuccess

Running /usr/bin/optipng -verbose AlgoTechZusammenfassung.png in an env with 4 entries:
OptiPNG 0.6.4: Advanced PNG optimizer.
Copyright (C) 2001-2010 Cosmin Truta.

** Processing: AlgoTechZusammenfassung.png
70x99 pixels, 2x8 bits/pixel, grayscale+alpha
Reducing image to 8 bits/pixel, 94 colors (93 transparent) in palette
Input IDAT size = 1788 bytes
Input file size = 2083 bytes

Trying:
  zc = 9  zm = 8  zs = 0  f = 0		IDAT size = 1377
  zc = 9  zm = 8  zs = 1  f = 0		IDAT too big
  zc = 1  zm = 8  zs = 2  f = 0		IDAT too big
  zc = 9  zm = 8  zs = 3  f = 0		IDAT size = 1373
  zc = 9  zm = 8  zs = 0  f = 5		IDAT too big
  zc = 9  zm = 8  zs = 1  f = 5		IDAT size = 1346
  zc = 1  zm = 8  zs = 2  f = 5		IDAT too big
  zc = 9  zm = 8  zs = 3  f = 5		IDAT too big

Selecting parameters:
  zc = 9  zm = 8  zs = 1  f = 5		IDAT size = 1346

Output IDAT size = 1346 bytes (442 bytes decrease)
Output file size = 2039 bytes (44 bytes = 2.11% decrease)

** Status report
1 file(s) have been processed.
Result: ExitSuccess
