
Running /usr/bin/pdflatex AlgUebung1.tex in an env with 4 entries:
This is pdfTeX, Version 3.1415926-2.5-1.40.14 (TeX Live 2013/Debian)
 restricted \write18 enabled.
entering extended mode
(data/AlgUebung1.tex
LaTeX2e <2011/06/27>
Babel <3.9h> and hyphenation patterns for 78 languages loaded.
(/usr/share/texlive/texmf-dist/tex/latex/base/article.cls
Document Class: article 2007/10/19 v1.4h Standard LaTeX document class
(/usr/share/texlive/texmf-dist/tex/latex/base/size10.clo))
(/usr/share/texlive/texmf-dist/tex/latex/base/inputenc.sty
(/usr/share/texlive/texmf-dist/tex/latex/base/utf8.def
(/usr/share/texlive/texmf-dist/tex/latex/base/t1enc.dfu)
(/usr/share/texlive/texmf-dist/tex/latex/base/ot1enc.dfu)
(/usr/share/texlive/texmf-dist/tex/latex/base/omsenc.dfu)))
(/usr/share/texlive/texmf-dist/tex/latex/amsmath/amsmath.sty
For additional information on amsmath, use the `?' option.
(/usr/share/texlive/texmf-dist/tex/latex/amsmath/amstext.sty
(/usr/share/texlive/texmf-dist/tex/latex/amsmath/amsgen.sty))
(/usr/share/texlive/texmf-dist/tex/latex/amsmath/amsbsy.sty)
(/usr/share/texlive/texmf-dist/tex/latex/amsmath/amsopn.sty))
(/usr/share/texlive/texmf-dist/tex/latex/amsfonts/amsfonts.sty)
(/usr/share/texlive/texmf-dist/tex/latex/amsfonts/amssymb.sty)
(/usr/share/texlive/texmf-dist/tex/latex/amscls/amsthm.sty)
(/usr/share/texlive/texmf-dist/tex/latex/jknapltx/mathrsfs.sty)
(/usr/share/texlive/texmf-dist/tex/generic/german/german.sty v2.5e 1998-07-08)
(/usr/share/texlive/texmf-dist/tex/latex/tools/enumerate.sty)
(/usr/share/texlive/texmf-dist/tex/latex/stmaryrd/stmaryrd.sty)
No file AlgUebung1.aux.
(/usr/share/texlive/texmf-dist/tex/latex/amsfonts/umsa.fd)
(/usr/share/texlive/texmf-dist/tex/latex/amsfonts/umsb.fd)
(/usr/share/texlive/texmf-dist/tex/latex/jknapltx/ursfs.fd)
(/usr/share/texlive/texmf-dist/tex/latex/stmaryrd/Ustmry.fd)
Underfull \hbox (badness 10000) in paragraph at lines 23--27


Underfull \hbox (badness 10000) in paragraph at lines 27--32


LaTeX Warning: Command \grqq invalid in math mode on input line 39.


LaTeX Warning: Command \grqq invalid in math mode on input line 41.

[1{/var/lib/texmf/fonts/map/pdftex/updmap/pdftex.map}]
Underfull \hbox (badness 10000) in paragraph at lines 45--49


Underfull \hbox (badness 10000) in paragraph at lines 57--59

(/usr/share/texlive/texmf-dist/tex/latex/base/omscmr.fd)
Underfull \hbox (badness 10000) in paragraph at lines 61--63


Underfull \hbox (badness 10000) in paragraph at lines 65--66


Overfull \hbox (42.51389pt too wide) in paragraph at lines 71--81
\OT1/cmr/m/n/10 (\OML/cmm/m/it/10 Y \OMS/cmsy/m/n/10 ^^@ \OML/cmm/m/it/10 u \OM
S/cmsy/m/n/10 ^^@ \OML/cmm/m/it/10 v\OT1/cmr/m/n/10 )(\OML/cmm/m/it/10 Y \OMS/c
msy/m/n/10 ^^@ \OML/cmm/m/it/10 ^^Pu \OMS/cmsy/m/n/10 ^^@ \OML/cmm/m/it/10 ^^P[
]v\OT1/cmr/m/n/10 )(\OML/cmm/m/it/10 Y \OMS/cmsy/m/n/10 ^^@ \OML/cmm/m/it/10 ^^
P[]u \OMS/cmsy/m/n/10 ^^@ \OML/cmm/m/it/10 ^^Pv\OT1/cmr/m/n/10 ) = [] = \OML/cm
m/m/it/10 Y[] \OT1/cmr/m/n/10 + [] \OMS/cmsy/m/n/10 ^^@ \OML/cmm/m/it/10 u [] \
OMS/cmsy/m/n/10 ^^@\OML/cmm/m/it/10 v [] []Y[][] 

Overfull \hbox (110.93384pt too wide) in paragraph at lines 71--81
\OT1/cmr/m/n/10 + [] \OMS/cmsy/m/n/10 ^^@ \OML/cmm/m/it/10 u[] [] \OT1/cmr/m/n/
10 +\OML/cmm/m/it/10 v[] [] \OT1/cmr/m/n/10 +3\OML/cmm/m/it/10 uv [] []Y \OT1/c
mr/m/n/10 + [] \OMS/cmsy/m/n/10 ^^@ \OML/cmm/m/it/10 u[] \OMS/cmsy/m/n/10 ^^@ \
OML/cmm/m/it/10 v[] \OMS/cmsy/m/n/10 ^^@ \OML/cmm/m/it/10 uv[] [] \OMS/cmsy/m/n
/10 ^^@\OML/cmm/m/it/10 u[]v [] [][] 

Underfull \hbox (badness 10000) in paragraph at lines 71--81

[2]
Overfull \hbox (20.80125pt too wide) in paragraph at lines 82--84
[]$\OMS/cmsy/m/n/10 ^^@\OT1/cmr/m/n/10 3\OML/cmm/m/it/10 uv \OT1/cmr/m/n/10 = \
OMS/cmsy/m/n/10 ^^@\OT1/cmr/m/n/10 3[][](\OMS/cmsy/m/n/10 ^^@\OML/cmm/m/it/10 q
 \OT1/cmr/m/n/10 + [][]) \OMS/cmsy/m/n/10 ^^A \OT1/cmr/m/n/10 (\OMS/cmsy/m/n/10
 ^^@\OML/cmm/m/it/10 q \OMS/cmsy/m/n/10 ^^@ [][]\OT1/cmr/m/n/10 )[][] = \OMS/cm
sy/m/n/10 ^^@\OT1/cmr/m/n/10 3[][][]\OML/cmm/m/it/10 q[] \OMS/cmsy/m/n/10 ^^@ [
]\OT1/cmr/m/n/10 (\OMS/cmsy/m/n/10 ^^@\OT1/cmr/m/n/10 3\OML/cmm/m/it/10 D\OT1/c
mr/m/n/10 )[][][] =
[3] (./AlgUebung1.aux) )
(see the transcript file for additional information)</usr/share/texlive/texmf-d
ist/fonts/type1/public/amsfonts/cm/cmbx10.pfb></usr/share/texlive/texmf-dist/fo
nts/type1/public/amsfonts/cm/cmex10.pfb></usr/share/texlive/texmf-dist/fonts/ty
pe1/public/amsfonts/cm/cmmi10.pfb></usr/share/texlive/texmf-dist/fonts/type1/pu
blic/amsfonts/cm/cmmi5.pfb></usr/share/texlive/texmf-dist/fonts/type1/public/am
sfonts/cm/cmmi7.pfb></usr/share/texlive/texmf-dist/fonts/type1/public/amsfonts/
cm/cmr10.pfb></usr/share/texlive/texmf-dist/fonts/type1/public/amsfonts/cm/cmr1
2.pfb></usr/share/texlive/texmf-dist/fonts/type1/public/amsfonts/cm/cmr17.pfb><
/usr/share/texlive/texmf-dist/fonts/type1/public/amsfonts/cm/cmr5.pfb></usr/sha
re/texlive/texmf-dist/fonts/type1/public/amsfonts/cm/cmr7.pfb></usr/share/texli
ve/texmf-dist/fonts/type1/public/amsfonts/cm/cmsy10.pfb></usr/share/texlive/tex
mf-dist/fonts/type1/public/amsfonts/cm/cmsy7.pfb></usr/share/texlive/texmf-dist
/fonts/type1/public/amsfonts/symbols/msam10.pfb></usr/share/texlive/texmf-dist/
fonts/type1/public/rsfs/rsfs10.pfb></usr/share/texlive/texmf-dist/fonts/type1/p
ublic/stmaryrd/stmary10.pfb></usr/share/texlive/texmf-dist/fonts/type1/public/s
tmaryrd/stmary7.pfb>
Output written on AlgUebung1.pdf (3 pages, 147272 bytes).
Transcript written on AlgUebung1.log.
Result: ExitSuccess

Running /usr/bin/pdflatex AlgUebung1.tex in an env with 4 entries:
This is pdfTeX, Version 3.1415926-2.5-1.40.14 (TeX Live 2013/Debian)
 restricted \write18 enabled.
entering extended mode
(data/AlgUebung1.tex
LaTeX2e <2011/06/27>
Babel <3.9h> and hyphenation patterns for 78 languages loaded.
(/usr/share/texlive/texmf-dist/tex/latex/base/article.cls
Document Class: article 2007/10/19 v1.4h Standard LaTeX document class
(/usr/share/texlive/texmf-dist/tex/latex/base/size10.clo))
(/usr/share/texlive/texmf-dist/tex/latex/base/inputenc.sty
(/usr/share/texlive/texmf-dist/tex/latex/base/utf8.def
(/usr/share/texlive/texmf-dist/tex/latex/base/t1enc.dfu)
(/usr/share/texlive/texmf-dist/tex/latex/base/ot1enc.dfu)
(/usr/share/texlive/texmf-dist/tex/latex/base/omsenc.dfu)))
(/usr/share/texlive/texmf-dist/tex/latex/amsmath/amsmath.sty
For additional information on amsmath, use the `?' option.
(/usr/share/texlive/texmf-dist/tex/latex/amsmath/amstext.sty
(/usr/share/texlive/texmf-dist/tex/latex/amsmath/amsgen.sty))
(/usr/share/texlive/texmf-dist/tex/latex/amsmath/amsbsy.sty)
(/usr/share/texlive/texmf-dist/tex/latex/amsmath/amsopn.sty))
(/usr/share/texlive/texmf-dist/tex/latex/amsfonts/amsfonts.sty)
(/usr/share/texlive/texmf-dist/tex/latex/amsfonts/amssymb.sty)
(/usr/share/texlive/texmf-dist/tex/latex/amscls/amsthm.sty)
(/usr/share/texlive/texmf-dist/tex/latex/jknapltx/mathrsfs.sty)
(/usr/share/texlive/texmf-dist/tex/generic/german/german.sty v2.5e 1998-07-08)
(/usr/share/texlive/texmf-dist/tex/latex/tools/enumerate.sty)
(/usr/share/texlive/texmf-dist/tex/latex/stmaryrd/stmaryrd.sty)
(./AlgUebung1.aux) (/usr/share/texlive/texmf-dist/tex/latex/amsfonts/umsa.fd)
(/usr/share/texlive/texmf-dist/tex/latex/amsfonts/umsb.fd)
(/usr/share/texlive/texmf-dist/tex/latex/jknapltx/ursfs.fd)
(/usr/share/texlive/texmf-dist/tex/latex/stmaryrd/Ustmry.fd)
Underfull \hbox (badness 10000) in paragraph at lines 23--27


Underfull \hbox (badness 10000) in paragraph at lines 27--32


LaTeX Warning: Command \grqq invalid in math mode on input line 39.


LaTeX Warning: Command \grqq invalid in math mode on input line 41.

[1{/var/lib/texmf/fonts/map/pdftex/updmap/pdftex.map}]
Underfull \hbox (badness 10000) in paragraph at lines 45--49


Underfull \hbox (badness 10000) in paragraph at lines 57--59

(/usr/share/texlive/texmf-dist/tex/latex/base/omscmr.fd)
Underfull \hbox (badness 10000) in paragraph at lines 61--63


Underfull \hbox (badness 10000) in paragraph at lines 65--66


Overfull \hbox (42.51389pt too wide) in paragraph at lines 71--81
\OT1/cmr/m/n/10 (\OML/cmm/m/it/10 Y \OMS/cmsy/m/n/10 ^^@ \OML/cmm/m/it/10 u \OM
S/cmsy/m/n/10 ^^@ \OML/cmm/m/it/10 v\OT1/cmr/m/n/10 )(\OML/cmm/m/it/10 Y \OMS/c
msy/m/n/10 ^^@ \OML/cmm/m/it/10 ^^Pu \OMS/cmsy/m/n/10 ^^@ \OML/cmm/m/it/10 ^^P[
]v\OT1/cmr/m/n/10 )(\OML/cmm/m/it/10 Y \OMS/cmsy/m/n/10 ^^@ \OML/cmm/m/it/10 ^^
P[]u \OMS/cmsy/m/n/10 ^^@ \OML/cmm/m/it/10 ^^Pv\OT1/cmr/m/n/10 ) = [] = \OML/cm
m/m/it/10 Y[] \OT1/cmr/m/n/10 + [] \OMS/cmsy/m/n/10 ^^@ \OML/cmm/m/it/10 u [] \
OMS/cmsy/m/n/10 ^^@\OML/cmm/m/it/10 v [] []Y[][] 

Overfull \hbox (110.93384pt too wide) in paragraph at lines 71--81
\OT1/cmr/m/n/10 + [] \OMS/cmsy/m/n/10 ^^@ \OML/cmm/m/it/10 u[] [] \OT1/cmr/m/n/
10 +\OML/cmm/m/it/10 v[] [] \OT1/cmr/m/n/10 +3\OML/cmm/m/it/10 uv [] []Y \OT1/c
mr/m/n/10 + [] \OMS/cmsy/m/n/10 ^^@ \OML/cmm/m/it/10 u[] \OMS/cmsy/m/n/10 ^^@ \
OML/cmm/m/it/10 v[] \OMS/cmsy/m/n/10 ^^@ \OML/cmm/m/it/10 uv[] [] \OMS/cmsy/m/n
/10 ^^@\OML/cmm/m/it/10 u[]v [] [][] 

Underfull \hbox (badness 10000) in paragraph at lines 71--81

[2]
Overfull \hbox (20.80125pt too wide) in paragraph at lines 82--84
[]$\OMS/cmsy/m/n/10 ^^@\OT1/cmr/m/n/10 3\OML/cmm/m/it/10 uv \OT1/cmr/m/n/10 = \
OMS/cmsy/m/n/10 ^^@\OT1/cmr/m/n/10 3[][](\OMS/cmsy/m/n/10 ^^@\OML/cmm/m/it/10 q
 \OT1/cmr/m/n/10 + [][]) \OMS/cmsy/m/n/10 ^^A \OT1/cmr/m/n/10 (\OMS/cmsy/m/n/10
 ^^@\OML/cmm/m/it/10 q \OMS/cmsy/m/n/10 ^^@ [][]\OT1/cmr/m/n/10 )[][] = \OMS/cm
sy/m/n/10 ^^@\OT1/cmr/m/n/10 3[][][]\OML/cmm/m/it/10 q[] \OMS/cmsy/m/n/10 ^^@ [
]\OT1/cmr/m/n/10 (\OMS/cmsy/m/n/10 ^^@\OT1/cmr/m/n/10 3\OML/cmm/m/it/10 D\OT1/c
mr/m/n/10 )[][][] =
[3] (./AlgUebung1.aux) )
(see the transcript file for additional information)</usr/share/texlive/texmf-d
ist/fonts/type1/public/amsfonts/cm/cmbx10.pfb></usr/share/texlive/texmf-dist/fo
nts/type1/public/amsfonts/cm/cmex10.pfb></usr/share/texlive/texmf-dist/fonts/ty
pe1/public/amsfonts/cm/cmmi10.pfb></usr/share/texlive/texmf-dist/fonts/type1/pu
blic/amsfonts/cm/cmmi5.pfb></usr/share/texlive/texmf-dist/fonts/type1/public/am
sfonts/cm/cmmi7.pfb></usr/share/texlive/texmf-dist/fonts/type1/public/amsfonts/
cm/cmr10.pfb></usr/share/texlive/texmf-dist/fonts/type1/public/amsfonts/cm/cmr1
2.pfb></usr/share/texlive/texmf-dist/fonts/type1/public/amsfonts/cm/cmr17.pfb><
/usr/share/texlive/texmf-dist/fonts/type1/public/amsfonts/cm/cmr5.pfb></usr/sha
re/texlive/texmf-dist/fonts/type1/public/amsfonts/cm/cmr7.pfb></usr/share/texli
ve/texmf-dist/fonts/type1/public/amsfonts/cm/cmsy10.pfb></usr/share/texlive/tex
mf-dist/fonts/type1/public/amsfonts/cm/cmsy7.pfb></usr/share/texlive/texmf-dist
/fonts/type1/public/amsfonts/symbols/msam10.pfb></usr/share/texlive/texmf-dist/
fonts/type1/public/rsfs/rsfs10.pfb></usr/share/texlive/texmf-dist/fonts/type1/p
ublic/stmaryrd/stmary10.pfb></usr/share/texlive/texmf-dist/fonts/type1/public/s
tmaryrd/stmary7.pfb>
Output written on AlgUebung1.pdf (3 pages, 147272 bytes).
Transcript written on AlgUebung1.log.
Result: ExitSuccess

Running /usr/bin/pdflatex AlgUebung1.tex in an env with 4 entries:
This is pdfTeX, Version 3.1415926-2.5-1.40.14 (TeX Live 2013/Debian)
 restricted \write18 enabled.
entering extended mode
(data/AlgUebung1.tex
LaTeX2e <2011/06/27>
Babel <3.9h> and hyphenation patterns for 78 languages loaded.
(/usr/share/texlive/texmf-dist/tex/latex/base/article.cls
Document Class: article 2007/10/19 v1.4h Standard LaTeX document class
(/usr/share/texlive/texmf-dist/tex/latex/base/size10.clo))
(/usr/share/texlive/texmf-dist/tex/latex/base/inputenc.sty
(/usr/share/texlive/texmf-dist/tex/latex/base/utf8.def
(/usr/share/texlive/texmf-dist/tex/latex/base/t1enc.dfu)
(/usr/share/texlive/texmf-dist/tex/latex/base/ot1enc.dfu)
(/usr/share/texlive/texmf-dist/tex/latex/base/omsenc.dfu)))
(/usr/share/texlive/texmf-dist/tex/latex/amsmath/amsmath.sty
For additional information on amsmath, use the `?' option.
(/usr/share/texlive/texmf-dist/tex/latex/amsmath/amstext.sty
(/usr/share/texlive/texmf-dist/tex/latex/amsmath/amsgen.sty))
(/usr/share/texlive/texmf-dist/tex/latex/amsmath/amsbsy.sty)
(/usr/share/texlive/texmf-dist/tex/latex/amsmath/amsopn.sty))
(/usr/share/texlive/texmf-dist/tex/latex/amsfonts/amsfonts.sty)
(/usr/share/texlive/texmf-dist/tex/latex/amsfonts/amssymb.sty)
(/usr/share/texlive/texmf-dist/tex/latex/amscls/amsthm.sty)
(/usr/share/texlive/texmf-dist/tex/latex/jknapltx/mathrsfs.sty)
(/usr/share/texlive/texmf-dist/tex/generic/german/german.sty v2.5e 1998-07-08)
(/usr/share/texlive/texmf-dist/tex/latex/tools/enumerate.sty)
(/usr/share/texlive/texmf-dist/tex/latex/stmaryrd/stmaryrd.sty)
(./AlgUebung1.aux) (/usr/share/texlive/texmf-dist/tex/latex/amsfonts/umsa.fd)
(/usr/share/texlive/texmf-dist/tex/latex/amsfonts/umsb.fd)
(/usr/share/texlive/texmf-dist/tex/latex/jknapltx/ursfs.fd)
(/usr/share/texlive/texmf-dist/tex/latex/stmaryrd/Ustmry.fd)
Underfull \hbox (badness 10000) in paragraph at lines 23--27


Underfull \hbox (badness 10000) in paragraph at lines 27--32


LaTeX Warning: Command \grqq invalid in math mode on input line 39.


LaTeX Warning: Command \grqq invalid in math mode on input line 41.

[1{/var/lib/texmf/fonts/map/pdftex/updmap/pdftex.map}]
Underfull \hbox (badness 10000) in paragraph at lines 45--49


Underfull \hbox (badness 10000) in paragraph at lines 57--59

(/usr/share/texlive/texmf-dist/tex/latex/base/omscmr.fd)
Underfull \hbox (badness 10000) in paragraph at lines 61--63


Underfull \hbox (badness 10000) in paragraph at lines 65--66


Overfull \hbox (42.51389pt too wide) in paragraph at lines 71--81
\OT1/cmr/m/n/10 (\OML/cmm/m/it/10 Y \OMS/cmsy/m/n/10 ^^@ \OML/cmm/m/it/10 u \OM
S/cmsy/m/n/10 ^^@ \OML/cmm/m/it/10 v\OT1/cmr/m/n/10 )(\OML/cmm/m/it/10 Y \OMS/c
msy/m/n/10 ^^@ \OML/cmm/m/it/10 ^^Pu \OMS/cmsy/m/n/10 ^^@ \OML/cmm/m/it/10 ^^P[
]v\OT1/cmr/m/n/10 )(\OML/cmm/m/it/10 Y \OMS/cmsy/m/n/10 ^^@ \OML/cmm/m/it/10 ^^
P[]u \OMS/cmsy/m/n/10 ^^@ \OML/cmm/m/it/10 ^^Pv\OT1/cmr/m/n/10 ) = [] = \OML/cm
m/m/it/10 Y[] \OT1/cmr/m/n/10 + [] \OMS/cmsy/m/n/10 ^^@ \OML/cmm/m/it/10 u [] \
OMS/cmsy/m/n/10 ^^@\OML/cmm/m/it/10 v [] []Y[][] 

Overfull \hbox (110.93384pt too wide) in paragraph at lines 71--81
\OT1/cmr/m/n/10 + [] \OMS/cmsy/m/n/10 ^^@ \OML/cmm/m/it/10 u[] [] \OT1/cmr/m/n/
10 +\OML/cmm/m/it/10 v[] [] \OT1/cmr/m/n/10 +3\OML/cmm/m/it/10 uv [] []Y \OT1/c
mr/m/n/10 + [] \OMS/cmsy/m/n/10 ^^@ \OML/cmm/m/it/10 u[] \OMS/cmsy/m/n/10 ^^@ \
OML/cmm/m/it/10 v[] \OMS/cmsy/m/n/10 ^^@ \OML/cmm/m/it/10 uv[] [] \OMS/cmsy/m/n
/10 ^^@\OML/cmm/m/it/10 u[]v [] [][] 

Underfull \hbox (badness 10000) in paragraph at lines 71--81

[2]
Overfull \hbox (20.80125pt too wide) in paragraph at lines 82--84
[]$\OMS/cmsy/m/n/10 ^^@\OT1/cmr/m/n/10 3\OML/cmm/m/it/10 uv \OT1/cmr/m/n/10 = \
OMS/cmsy/m/n/10 ^^@\OT1/cmr/m/n/10 3[][](\OMS/cmsy/m/n/10 ^^@\OML/cmm/m/it/10 q
 \OT1/cmr/m/n/10 + [][]) \OMS/cmsy/m/n/10 ^^A \OT1/cmr/m/n/10 (\OMS/cmsy/m/n/10
 ^^@\OML/cmm/m/it/10 q \OMS/cmsy/m/n/10 ^^@ [][]\OT1/cmr/m/n/10 )[][] = \OMS/cm
sy/m/n/10 ^^@\OT1/cmr/m/n/10 3[][][]\OML/cmm/m/it/10 q[] \OMS/cmsy/m/n/10 ^^@ [
]\OT1/cmr/m/n/10 (\OMS/cmsy/m/n/10 ^^@\OT1/cmr/m/n/10 3\OML/cmm/m/it/10 D\OT1/c
mr/m/n/10 )[][][] =
[3] (./AlgUebung1.aux) )
(see the transcript file for additional information)</usr/share/texlive/texmf-d
ist/fonts/type1/public/amsfonts/cm/cmbx10.pfb></usr/share/texlive/texmf-dist/fo
nts/type1/public/amsfonts/cm/cmex10.pfb></usr/share/texlive/texmf-dist/fonts/ty
pe1/public/amsfonts/cm/cmmi10.pfb></usr/share/texlive/texmf-dist/fonts/type1/pu
blic/amsfonts/cm/cmmi5.pfb></usr/share/texlive/texmf-dist/fonts/type1/public/am
sfonts/cm/cmmi7.pfb></usr/share/texlive/texmf-dist/fonts/type1/public/amsfonts/
cm/cmr10.pfb></usr/share/texlive/texmf-dist/fonts/type1/public/amsfonts/cm/cmr1
2.pfb></usr/share/texlive/texmf-dist/fonts/type1/public/amsfonts/cm/cmr17.pfb><
/usr/share/texlive/texmf-dist/fonts/type1/public/amsfonts/cm/cmr5.pfb></usr/sha
re/texlive/texmf-dist/fonts/type1/public/amsfonts/cm/cmr7.pfb></usr/share/texli
ve/texmf-dist/fonts/type1/public/amsfonts/cm/cmsy10.pfb></usr/share/texlive/tex
mf-dist/fonts/type1/public/amsfonts/cm/cmsy7.pfb></usr/share/texlive/texmf-dist
/fonts/type1/public/amsfonts/symbols/msam10.pfb></usr/share/texlive/texmf-dist/
fonts/type1/public/rsfs/rsfs10.pfb></usr/share/texlive/texmf-dist/fonts/type1/p
ublic/stmaryrd/stmary10.pfb></usr/share/texlive/texmf-dist/fonts/type1/public/s
tmaryrd/stmary7.pfb>
Output written on AlgUebung1.pdf (3 pages, 147272 bytes).
Transcript written on AlgUebung1.log.
Result: ExitSuccess

Running /usr/bin/convert -verbose AlgUebung1.pdf[0] -resize 70x AlgUebung1.png in an env with 4 entries:
"gs" -q -dQUIET -dSAFER -dBATCH -dNOPAUSE -dNOPROMPT -dMaxBitmap=500000000 -dAlignToPixels=0 -dGridFitTT=2 "-sDEVICE=pngalpha" -dTextAlphaBits=4 -dGraphicsAlphaBits=4 "-r72x72" -dFirstPage=1 -dLastPage=1 "-sOutputFile=/tmp/magick-fkJF4JOi-%08d" "-f/tmp/magick-jLZU9WrI" "-f/tmp/magick-GTDB6i57"
/tmp/magick-fkJF4JOi-00000001 PNG 612x792 612x792+0+0 8-bit DirectClass 31.5KB 0.000u 0:00.010
AlgUebung1.pdf[0]=>AlgUebung1.pdf PDF 612x792 612x792+0+0 16-bit DirectClass 31.5KB 0.010u 0:00.000
AlgUebung1.pdf[0]=>AlgUebung1.png PDF 612x792=>70x91 70x91+0+0 8-bit DirectClass 0.030u 0:00.019
Result: ExitSuccess

Running /usr/bin/optipng -verbose AlgUebung1.png in an env with 4 entries:
OptiPNG 0.6.4: Advanced PNG optimizer.
Copyright (C) 2001-2010 Cosmin Truta.

** Processing: AlgUebung1.png
70x91 pixels, 2x8 bits/pixel, grayscale+alpha
Reducing image to 8 bits/pixel, 46 colors (45 transparent) in palette
Input IDAT size = 1407 bytes
Input file size = 1702 bytes

Trying:
  zc = 9  zm = 8  zs = 0  f = 0		IDAT size = 1003
  zc = 9  zm = 8  zs = 1  f = 0		IDAT size = 999
  zc = 1  zm = 8  zs = 2  f = 0		IDAT too big
  zc = 9  zm = 8  zs = 3  f = 0		IDAT size = 999
  zc = 9  zm = 8  zs = 0  f = 5		IDAT too big
  zc = 9  zm = 8  zs = 1  f = 5		IDAT too big
  zc = 1  zm = 8  zs = 2  f = 5		IDAT too big
  zc = 9  zm = 8  zs = 3  f = 5		IDAT too big

Selecting parameters:
  zc = 9  zm = 8  zs = 3  f = 0		IDAT size = 999

Output IDAT size = 999 bytes (408 bytes decrease)
Output file size = 1500 bytes (202 bytes = 11.87% decrease)

** Status report
1 file(s) have been processed.
Result: ExitSuccess
