
Running /usr/bin/pdflatex Ana1.tex in an env with 4 entries:
This is pdfTeX, Version 3.1415926-2.5-1.40.14 (TeX Live 2013/Debian)
 restricted \write18 enabled.
entering extended mode
(data/Ana1.tex
LaTeX2e <2011/06/27>
Babel <3.9h> and hyphenation patterns for 78 languages loaded.
(/usr/share/texlive/texmf-dist/tex/latex/koma-script/scrbook.cls
Document Class: scrbook 2013/12/19 v3.12 KOMA-Script document class (book)
(/usr/share/texlive/texmf-dist/tex/latex/koma-script/scrkbase.sty
(/usr/share/texlive/texmf-dist/tex/latex/koma-script/scrbase.sty
(/usr/share/texlive/texmf-dist/tex/latex/graphics/keyval.sty)
(/usr/share/texlive/texmf-dist/tex/latex/koma-script/scrlfile.sty
Package scrlfile, 2013/12/19 v3.12 KOMA-Script package (loading files)
                  Copyright (C) Markus Kohm

))) (/usr/share/texlive/texmf-dist/tex/latex/koma-script/tocbasic.sty)
(/usr/share/texlive/texmf-dist/tex/latex/koma-script/scrsize11pt.clo)
(/usr/share/texlive/texmf-dist/tex/latex/koma-script/typearea.sty
Package typearea, 2013/12/19 v3.12 KOMA-Script package (type area)
                  Copyright (C) Frank Neukam, 1992-1994
                  Copyright (C) Markus Kohm, 1994-

)) (data/ana.sty (data/mathe.sty (data/latexki.sty)
(/usr/share/texlive/texmf-dist/tex/latex/base/inputenc.sty
(/usr/share/texlive/texmf-dist/tex/latex/base/utf8.def
(/usr/share/texlive/texmf-dist/tex/latex/base/t1enc.dfu)
(/usr/share/texlive/texmf-dist/tex/latex/base/ot1enc.dfu)
(/usr/share/texlive/texmf-dist/tex/latex/base/omsenc.dfu)))
(/usr/share/texlive/texmf-dist/tex/generic/babel/babel.sty
(/usr/share/texlive/texmf-dist/tex/generic/babel-german/ngermanb.ldf
(/usr/share/texlive/texmf-dist/tex/generic/babel/babel.def)))
(/usr/share/texlive/texmf-dist/tex/latex/base/fontenc.sty
(/usr/share/texlive/texmf-dist/tex/latex/base/t1enc.def))
(/usr/share/texlive/texmf-dist/tex/latex/amsfonts/amsfonts.sty)
(/usr/share/texlive/texmf-dist/tex/latex/amsfonts/amssymb.sty)
(/usr/share/texlive/texmf-dist/tex/latex/amsmath/amsmath.sty
For additional information on amsmath, use the `?' option.
(/usr/share/texlive/texmf-dist/tex/latex/amsmath/amstext.sty
(/usr/share/texlive/texmf-dist/tex/latex/amsmath/amsgen.sty))
(/usr/share/texlive/texmf-dist/tex/latex/amsmath/amsbsy.sty)
(/usr/share/texlive/texmf-dist/tex/latex/amsmath/amsopn.sty))
(/usr/share/texlive/texmf-dist/tex/latex/stmaryrd/stmaryrd.sty)
(/usr/share/texlive/texmf-dist/tex/latex/tools/verbatim.sty)
(/usr/share/texlive/texmf-dist/tex/latex/base/ifthen.sty)
(/usr/share/texlive/texmf-dist/tex/latex/ntheorem/ntheorem.sty
Style `ntheorem', Version 1.33 <2011/08/15>
) (/usr/share/texlive/texmf-dist/tex/latex/framed/framed.sty)
(/usr/share/texlive/texmf-dist/tex/latex/pstricks/pstricks.sty
(/usr/share/texlive/texmf-dist/tex/generic/oberdiek/ifpdf.sty)
(/usr/share/texlive/texmf-dist/tex/generic/pstricks/pstricks.tex
(/usr/share/texlive/texmf-dist/tex/generic/xkeyval/pst-xkey.tex
(/usr/share/texlive/texmf-dist/tex/latex/xkeyval/xkeyval.sty
(/usr/share/texlive/texmf-dist/tex/generic/xkeyval/xkeyval.tex)))
(/usr/share/texlive/texmf-dist/tex/generic/pstricks/pst-fp.tex
`pst-fp' v0.05, 2010/01/17 (hv))
(/usr/share/texmf/tex/generic/pgf/utilities/pgfutil-common.tex)
(/usr/share/texmf/tex/generic/pgf/utilities/pgfkeys.code.tex
(/usr/share/texmf/tex/generic/pgf/utilities/pgfkeysfiltered.code.tex))
(/usr/share/texmf/tex/generic/pgf/utilities/pgffor.code.tex)
`PSTricks' v2.51  <2014/02/03> (tvz)
(/usr/share/texlive/texmf-dist/tex/generic/pstricks/pstricks.con))
(/usr/share/texlive/texmf-dist/tex/generic/pstricks/pst-fp.tex)
(/usr/share/texmf/tex/latex/xcolor/xcolor.sty
(/usr/share/texlive/texmf-dist/tex/latex/latexconfig/color.cfg)
(/usr/share/texlive/texmf-dist/tex/latex/pdftex-def/pdftex.def
(/usr/share/texlive/texmf-dist/tex/generic/oberdiek/infwarerr.sty)
(/usr/share/texlive/texmf-dist/tex/generic/oberdiek/ltxcmds.sty))))
(/usr/share/texlive/texmf-dist/tex/latex/carlisle/slashed.sty)
(/usr/share/texlive/texmf-dist/tex/latex/base/makeidx.sty)
(/usr/share/texlive/texmf-dist/tex/latex/wasysym/wasysym.sty)
(/usr/share/texlive/texmf-dist/tex/latex/jknapltx/mathrsfs.sty)
(/usr/share/texlive/texmf-dist/tex/latex/mh/mathtools.sty
(/usr/share/texlive/texmf-dist/tex/latex/tools/calc.sty)
(/usr/share/texlive/texmf-dist/tex/latex/mh/mhsetup.sty))
(/usr/share/texlive/texmf-dist/tex/latex/doublestroke/dsfont.sty)
(/usr/share/texlive/texmf-dist/tex/latex/hyperref/hyperref.sty
(/usr/share/texlive/texmf-dist/tex/generic/oberdiek/hobsub-hyperref.sty
(/usr/share/texlive/texmf-dist/tex/generic/oberdiek/hobsub-generic.sty))
(/usr/share/texlive/texmf-dist/tex/generic/ifxetex/ifxetex.sty)
(/usr/share/texlive/texmf-dist/tex/latex/oberdiek/auxhook.sty)
(/usr/share/texlive/texmf-dist/tex/latex/oberdiek/kvoptions.sty)
(/usr/share/texlive/texmf-dist/tex/latex/hyperref/pd1enc.def)
(/usr/share/texlive/texmf-dist/tex/latex/latexconfig/hyperref.cfg)
(/usr/share/texlive/texmf-dist/tex/latex/url/url.sty))

Package hyperref Message: Driver (autodetected): hpdftex.

(/usr/share/texlive/texmf-dist/tex/latex/hyperref/hpdftex.def
(/usr/share/texlive/texmf-dist/tex/latex/oberdiek/rerunfilecheck.sty))
(/usr/share/texlive/texmf-dist/tex/latex/etex-pkg/etex.sty))
(data/saetze-schmoeger.sty))
(/usr/share/texlive/texmf-dist/tex/latex/physics/physics.sty
(/usr/share/texlive/texmf-dist/tex/latex/l3packages/xparse/xparse.sty
(/usr/share/texlive/texmf-dist/tex/latex/l3kernel/expl3.sty
(/usr/share/texlive/texmf-dist/tex/latex/l3kernel/l3names.sty
(/usr/share/texlive/texmf-dist/tex/latex/l3kernel/l3bootstrap.sty))
(/usr/share/texlive/texmf-dist/tex/latex/l3kernel/l3basics.sty)
(/usr/share/texlive/texmf-dist/tex/latex/l3kernel/l3expan.sty)
(/usr/share/texlive/texmf-dist/tex/latex/l3kernel/l3tl.sty)
(/usr/share/texlive/texmf-dist/tex/latex/l3kernel/l3seq.sty)
(/usr/share/texlive/texmf-dist/tex/latex/l3kernel/l3int.sty)
(/usr/share/texlive/texmf-dist/tex/latex/l3kernel/l3quark.sty)
(/usr/share/texlive/texmf-dist/tex/latex/l3kernel/l3prg.sty)
(/usr/share/texlive/texmf-dist/tex/latex/l3kernel/l3clist.sty)
(/usr/share/texlive/texmf-dist/tex/latex/l3kernel/l3token.sty)
(/usr/share/texlive/texmf-dist/tex/latex/l3kernel/l3prop.sty)
(/usr/share/texlive/texmf-dist/tex/latex/l3kernel/l3msg.sty)
(/usr/share/texlive/texmf-dist/tex/latex/l3kernel/l3file.sty)
(/usr/share/texlive/texmf-dist/tex/latex/l3kernel/l3skip.sty)
(/usr/share/texlive/texmf-dist/tex/latex/l3kernel/l3keys.sty)
(/usr/share/texlive/texmf-dist/tex/latex/l3kernel/l3fp.sty)
(/usr/share/texlive/texmf-dist/tex/latex/l3kernel/l3box.sty)
(/usr/share/texlive/texmf-dist/tex/latex/l3kernel/l3coffins.sty)
(/usr/share/texlive/texmf-dist/tex/latex/l3kernel/l3color.sty)
(/usr/share/texlive/texmf-dist/tex/latex/l3kernel/l3luatex.sty)
(/usr/share/texlive/texmf-dist/tex/latex/l3kernel/l3candidates.sty)))
*************************************************
* LaTeX warning: "xparse/redefine-command"
* 
* Redefining document command \cp with arg. spec. '' on line 222.
*************************************************
*************************************************
* LaTeX warning: "xparse/redefine-command"
* 
* Redefining document command \grad with arg. spec. '' on line 233.
*************************************************
*************************************************
* LaTeX warning: "xparse/redefine-command"
* 
* Redefining document command \Re with arg. spec. 'g' on line 277.
*************************************************
*************************************************
* LaTeX warning: "xparse/redefine-command"
* 
* Redefining document command \Im with arg. spec. 'g' on line 278.
*************************************************
*************************************************
* LaTeX warning: "xparse/redefine-command"
* 
* Redefining document command \sin with arg. spec. '' on line 309.
*************************************************
*************************************************
* LaTeX warning: "xparse/redefine-command"
* 
* Redefining document command \cos with arg. spec. '' on line 310.
*************************************************
*************************************************
* LaTeX warning: "xparse/redefine-command"
* 
* Redefining document command \tan with arg. spec. '' on line 311.
*************************************************
*************************************************
* LaTeX warning: "xparse/redefine-command"
* 
* Redefining document command \csc with arg. spec. '' on line 312.
*************************************************
*************************************************
* LaTeX warning: "xparse/redefine-command"
* 
* Redefining document command \sec with arg. spec. '' on line 313.
*************************************************
*************************************************
* LaTeX warning: "xparse/redefine-command"
* 
* Redefining document command \cot with arg. spec. '' on line 314.
*************************************************
*************************************************
* LaTeX warning: "xparse/redefine-command"
* 
* Redefining document command \arcsin with arg. spec. '' on line 316.
*************************************************
*************************************************
* LaTeX warning: "xparse/redefine-command"
* 
* Redefining document command \arccos with arg. spec. '' on line 317.
*************************************************
*************************************************
* LaTeX warning: "xparse/redefine-command"
* 
* Redefining document command \arctan with arg. spec. '' on line 318.
*************************************************
*************************************************
* LaTeX warning: "xparse/redefine-command"
* 
* Redefining document command \sinh with arg. spec. '' on line 339.
*************************************************
*************************************************
* LaTeX warning: "xparse/redefine-command"
* 
* Redefining document command \cosh with arg. spec. '' on line 340.
*************************************************
*************************************************
* LaTeX warning: "xparse/redefine-command"
* 
* Redefining document command \tanh with arg. spec. '' on line 341.
*************************************************
*************************************************
* LaTeX warning: "xparse/redefine-command"
* 
* Redefining document command \coth with arg. spec. '' on line 346.
*************************************************
*************************************************
* LaTeX warning: "xparse/redefine-command"
* 
* Redefining document command \exp with arg. spec. '' on line 348.
*************************************************
*************************************************
* LaTeX warning: "xparse/redefine-command"
* 
* Redefining document command \log with arg. spec. '' on line 349.
*************************************************
*************************************************
* LaTeX warning: "xparse/redefine-command"
* 
* Redefining document command \ln with arg. spec. '' on line 350.
*************************************************
*************************************************
* LaTeX warning: "xparse/redefine-command"
* 
* Redefining document command \det with arg. spec. '' on line 351.
*************************************************
*************************************************
* LaTeX warning: "xparse/redefine-command"
* 
* Redefining document command \Pr with arg. spec. '' on line 352.
*************************************************
) (/usr/share/texmf/tex/latex/pgf/frontendlayer/tikz.sty
(/usr/share/texmf/tex/latex/pgf/basiclayer/pgf.sty
(/usr/share/texmf/tex/latex/pgf/utilities/pgfrcs.sty
(/usr/share/texmf/tex/generic/pgf/utilities/pgfutil-common.tex)
(/usr/share/texmf/tex/generic/pgf/utilities/pgfutil-latex.def
(/usr/share/texlive/texmf-dist/tex/latex/ms/everyshi.sty))
(/usr/share/texmf/tex/generic/pgf/utilities/pgfrcs.code.tex))
(/usr/share/texmf/tex/latex/pgf/basiclayer/pgfcore.sty
(/usr/share/texlive/texmf-dist/tex/latex/graphics/graphicx.sty
(/usr/share/texlive/texmf-dist/tex/latex/graphics/graphics.sty
(/usr/share/texlive/texmf-dist/tex/latex/graphics/trig.sty)
(/usr/share/texlive/texmf-dist/tex/latex/latexconfig/graphics.cfg)))
(/usr/share/texmf/tex/latex/pgf/systemlayer/pgfsys.sty
(/usr/share/texmf/tex/generic/pgf/systemlayer/pgfsys.code.tex
(/usr/share/texmf/tex/generic/pgf/utilities/pgfkeys.code.tex)
(/usr/share/texmf/tex/generic/pgf/systemlayer/pgf.cfg)
(/usr/share/texmf/tex/generic/pgf/systemlayer/pgfsys-pdftex.def
(/usr/share/texmf/tex/generic/pgf/systemlayer/pgfsys-common-pdf.def)))
(/usr/share/texmf/tex/generic/pgf/systemlayer/pgfsyssoftpath.code.tex)
(/usr/share/texmf/tex/generic/pgf/systemlayer/pgfsysprotocol.code.tex))
(/usr/share/texmf/tex/generic/pgf/basiclayer/pgfcore.code.tex
(/usr/share/texmf/tex/generic/pgf/math/pgfmath.code.tex
(/usr/share/texmf/tex/generic/pgf/math/pgfmathcalc.code.tex
(/usr/share/texmf/tex/generic/pgf/math/pgfmathutil.code.tex)
(/usr/share/texmf/tex/generic/pgf/math/pgfmathparser.code.tex)
(/usr/share/texmf/tex/generic/pgf/math/pgfmathfunctions.code.tex
(/usr/share/texmf/tex/generic/pgf/math/pgfmathfunctions.basic.code.tex)
(/usr/share/texmf/tex/generic/pgf/math/pgfmathfunctions.trigonometric.code.tex)
(/usr/share/texmf/tex/generic/pgf/math/pgfmathfunctions.random.code.tex)
(/usr/share/texmf/tex/generic/pgf/math/pgfmathfunctions.comparison.code.tex)
(/usr/share/texmf/tex/generic/pgf/math/pgfmathfunctions.base.code.tex)
(/usr/share/texmf/tex/generic/pgf/math/pgfmathfunctions.round.code.tex)
(/usr/share/texmf/tex/generic/pgf/math/pgfmathfunctions.misc.code.tex)))
(/usr/share/texmf/tex/generic/pgf/math/pgfmathfloat.code.tex))
(/usr/share/texmf/tex/generic/pgf/basiclayer/pgfcorepoints.code.tex)
(/usr/share/texmf/tex/generic/pgf/basiclayer/pgfcorepathconstruct.code.tex)
(/usr/share/texmf/tex/generic/pgf/basiclayer/pgfcorepathusage.code.tex)
(/usr/share/texmf/tex/generic/pgf/basiclayer/pgfcorescopes.code.tex)
(/usr/share/texmf/tex/generic/pgf/basiclayer/pgfcoregraphicstate.code.tex)
(/usr/share/texmf/tex/generic/pgf/basiclayer/pgfcoretransformations.code.tex)
(/usr/share/texmf/tex/generic/pgf/basiclayer/pgfcorequick.code.tex)
(/usr/share/texmf/tex/generic/pgf/basiclayer/pgfcoreobjects.code.tex)
(/usr/share/texmf/tex/generic/pgf/basiclayer/pgfcorepathprocessing.code.tex)
(/usr/share/texmf/tex/generic/pgf/basiclayer/pgfcorearrows.code.tex)
(/usr/share/texmf/tex/generic/pgf/basiclayer/pgfcoreshade.code.tex)
(/usr/share/texmf/tex/generic/pgf/basiclayer/pgfcoreimage.code.tex
(/usr/share/texmf/tex/generic/pgf/basiclayer/pgfcoreexternal.code.tex))
(/usr/share/texmf/tex/generic/pgf/basiclayer/pgfcorelayers.code.tex)
(/usr/share/texmf/tex/generic/pgf/basiclayer/pgfcoretransparency.code.tex)
(/usr/share/texmf/tex/generic/pgf/basiclayer/pgfcorepatterns.code.tex)))
(/usr/share/texmf/tex/generic/pgf/modules/pgfmoduleshapes.code.tex)
(/usr/share/texmf/tex/generic/pgf/modules/pgfmoduleplot.code.tex)
(/usr/share/texmf/tex/latex/pgf/compatibility/pgfcomp-version-0-65.sty)
(/usr/share/texmf/tex/latex/pgf/compatibility/pgfcomp-version-1-18.sty))
(/usr/share/texmf/tex/latex/pgf/utilities/pgffor.sty
(/usr/share/texmf/tex/latex/pgf/utilities/pgfkeys.sty
(/usr/share/texmf/tex/generic/pgf/utilities/pgfkeys.code.tex))
(/usr/share/texmf/tex/generic/pgf/utilities/pgffor.code.tex))
(/usr/share/texmf/tex/generic/pgf/frontendlayer/tikz/tikz.code.tex
(/usr/share/texmf/tex/generic/pgf/libraries/pgflibraryplothandlers.code.tex)
(/usr/share/texmf/tex/generic/pgf/modules/pgfmodulematrix.code.tex)
(/usr/share/texmf/tex/generic/pgf/frontendlayer/tikz/libraries/tikzlibrarytopat
hs.code.tex))) (/usr/share/texlive/texmf-dist/tex/latex/wrapfig/wrapfig.sty)
Writing index file Ana1.idx
No file Ana1.aux.
(/usr/share/texlive/texmf-dist/tex/context/base/supp-pdf.mkii
[Loading MPS to PDF converter (version 2006.09.02).]
) (/usr/share/texlive/texmf-dist/tex/latex/hyperref/nameref.sty
(/usr/share/texlive/texmf-dist/tex/generic/oberdiek/gettitlestring.sty))
ABD: EveryShipout initializing macros
(/usr/share/texlive/texmf-dist/tex/latex/oberdiek/epstopdf-base.sty
(/usr/share/texlive/texmf-dist/tex/latex/oberdiek/grfext.sty)
(/usr/share/texlive/texmf-dist/tex/latex/latexconfig/epstopdf-sys.cfg))
(/usr/share/texlive/texmf-dist/tex/latex/base/t1cmss.fd)
(/usr/share/texlive/texmf-dist/tex/latex/amsfonts/umsa.fd)
(/usr/share/texlive/texmf-dist/tex/latex/amsfonts/umsb.fd)
(/usr/share/texlive/texmf-dist/tex/latex/stmaryrd/Ustmry.fd)
(/usr/share/texlive/texmf-dist/tex/latex/wasysym/uwasy.fd)
(/usr/share/texlive/texmf-dist/tex/latex/jknapltx/ursfs.fd)
(/usr/share/texlive/texmf-dist/tex/latex/base/t1cmtt.fd) [1
Non-PDF special ignored!
Non-PDF special ignored!
Non-PDF special ignored!
Non-PDF special ignored!
Non-PDF special ignored!
Non-PDF special ignored!
Non-PDF special ignored!{/var/lib/texmf/fonts/map/pdftex/updmap/pdftex.map}]
[2] [3] [4]
Kapitel I.
[5] [6]
Kapitel II.
(/usr/share/texlive/texmf-dist/tex/latex/base/omscmr.fd) [7] [8]
\IeC {\textsection } 1.
[9]
Underfull \hbox (badness 10000) in paragraph at lines 165--167

[10]

LaTeX Font Warning: Font shape `U/stmry/b/n' undefined
(Font)              using `U/stmry/m/n' instead on input line 206.


LaTeX Font Warning: Font shape `U/wasy/b/n' in size <8> not available
(Font)              Font shape `U/wasy/m/n' tried instead on input line 206.


LaTeX Font Warning: Font shape `U/wasy/b/n' in size <6> not available
(Font)              Font shape `U/wasy/m/n' tried instead on input line 206.

[11] [12]
\IeC {\textsection } 2.
[13] [14] [15] [16]
\IeC {\textsection } 3.

Underfull \hbox (badness 10000) in paragraph at lines 344--345

[17] [18]
\IeC {\textsection } 4.
[19] [20]
\IeC {\textsection } 5.
[21] [22]
\IeC {\textsection } 6.

Underfull \hbox (badness 10000) in paragraph at lines 525--526

[23] [24] [25] [26]
\IeC {\textsection } 7.
[27] [28] [29] [30]
\IeC {\textsection } 8.
[31] [32]
\IeC {\textsection } 9.
[33] [34] [35] [36]
\IeC {\textsection } 10.
[37] [38]
\IeC {\textsection } 11.
[39] [40] [41] [42]
\IeC {\textsection } 12.
[43] [44] [45] [46]
\IeC {\textsection } 13.
[47]
Overfull \hbox (23.94106pt too wide) in paragraph at lines 1295--1296
[]\T1/cmr/m/n/10.95 Sei $\OML/cmm/m/it/10.95 n \OMS/cmsy/m/n/10.95 2 \U/msb/m/n
/10.95 N$ \T1/cmr/m/n/10.95 und $\OML/cmm/m/it/10.95 j \OT1/cmr/m/n/10.95 := []
\OMS/cmsy/m/n/10.95 f\OML/cmm/m/it/10.95 ^^^\OT1/cmr/m/n/10.95 (1)\OML/cmm/m/it
/10.95 ; ^^^\OT1/cmr/m/n/10.95 (2)\OML/cmm/m/it/10.95 ; [] ; ^^^\OT1/cmr/m/n/10
.95 (\OML/cmm/m/it/10.95 n\OT1/cmr/m/n/10.95 )\OMS/cmsy/m/n/10.95 g$\T1/cmr/m/n
/10.95 . Dann: $\OMS/cmsy/m/n/10.95 f\OML/cmm/m/it/10.95 ^^^\OT1/cmr/m/n/10.95 
(1)\OML/cmm/m/it/10.95 ; ^^^\OT1/cmr/m/n/10.95 (2)\OML/cmm/m/it/10.95 ; [] ; ^^
^\OT1/cmr/m/n/10.95 (\OML/cmm/m/it/10.95 n\OT1/cmr/m/n/10.95 )\OMS/cmsy/m/n/10.
95 g ^^R f\OT1/cmr/m/n/10.95 1\OML/cmm/m/it/10.95 ; \OT1/cmr/m/n/10.95 2\OML/cm
m/m/it/10.95 ; [] ; j\OMS/cmsy/m/n/10.95 g  \OT1/cmr/m/n/10.95 =[]\OMS/cmsy/m/n
/10.95 )
[48]
Underfull \hbox (badness 1762) in paragraph at lines 1431--1432
[]$\OML/cmm/m/it/10.95 E\OT1/cmr/m/n/10.95 (\OML/cmm/m/it/10.95 x \OT1/cmr/m/n/
10.95 + \OML/cmm/m/it/10.95 y\OT1/cmr/m/n/10.95 ) = \OML/cmm/m/it/10.95 E\OT1/c
mr/m/n/10.95 (\OML/cmm/m/it/10.95 x\OT1/cmr/m/n/10.95 )\OML/cmm/m/it/10.95 E\OT
1/cmr/m/n/10.95 (\OML/cmm/m/it/10.95 y\OT1/cmr/m/n/10.95 ) \OMS/cmsy/m/n/10.95 
8\OML/cmm/m/it/10.95 x; y \OMS/cmsy/m/n/10.95 2 \U/msb/m/n/10.95 R$\T1/cmr/m/n/
10.95 ; all-ge-mein: $\OML/cmm/m/it/10.95 E\OT1/cmr/m/n/10.95 (\OML/cmm/m/it/10
.95 x[] \OT1/cmr/m/n/10.95 + \OML/cmm/m/it/10.95 x[] \OT1/cmr/m/n/10.95 + [] + 
\OML/cmm/m/it/10.95 x[]\OT1/cmr/m/n/10.95 ) =
[49] [50] [51] [52]
\IeC {\textsection } 14.
[53] [54] [55] [56]
\IeC {\textsection } 15.

Package hyperref Warning: Token not allowed in a PDF string (PDFDocEncoding):
(hyperref)                removing `math shift' on input line 1573.


Package hyperref Warning: Token not allowed in a PDF string (PDFDocEncoding):
(hyperref)                removing `math shift' on input line 1573.

[57] [58] [59] [60]
\IeC {\textsection } 16.
[61] [62]
Underfull \hbox (badness 10000) in paragraph at lines 1747--1749

[63] [64]
\IeC {\textsection } 17.
[65] [66] [67] [68]
\IeC {\textsection } 18.
[69] [70] [71] [72]
\IeC {\textsection } 19.
[73] [74] [75] [76]
\IeC {\textsection } 20.
[77] [78]
\IeC {\textsection } 21.
[79]
Overfull \hbox (0.58354pt too wide) in paragraph at lines 2175--2178
\T1/cmr/m/n/10.95 Es gilt: $\OML/cmm/m/it/10.95 x \OT1/cmr/m/n/10.95 = \OML/cmm
/m/it/10.95 f\OT1/cmr/m/n/10.95 (\OML/cmm/m/it/10.95 f[]\OT1/cmr/m/n/10.95 (\OM
L/cmm/m/it/10.95 x\OT1/cmr/m/n/10.95 ))(\OMS/cmsy/m/n/10.95 ^^C\OT1/cmr/m/n/10.
95 ) \OMS/cmsy/m/n/10.95 8\OML/cmm/m/it/10.95 x \OMS/cmsy/m/n/10.95 ^^U \OT1/cm
r/m/n/10.95 0$ \T1/cmr/m/n/10.95 An-nah-me: $\OML/cmm/m/it/10.95 f[]$ \T1/cmr/m
/n/10.95 ist dif-fe-ren-zier-bar in $\OML/cmm/m/it/10.95 x[] \OT1/cmr/m/n/10.95
 = 0  []
[80] [81] [82] [83] [84] [85] [86]
\IeC {\textsection } 22.
[87] [88] [89] [90]
\IeC {\textsection } 23.
(/usr/share/texlive/texmf-dist/tex/latex/amsfonts/ueuf.fd) [91]
Overfull \hbox (26.57596pt too wide) detected at line 2633
\OML/cmm/m/it/10.95 m[] \OT1/cmr/m/n/10.95 = \OML/cmm/m/it/10.95 f\OT1/cmr/m/n/
10.95 (\OML/cmm/m/it/10.95 x[]\OT1/cmr/m/n/10.95 ) = (\OML/cmm/m/it/10.95 j \OM
S/cmsy/m/n/10.95 ^^@ \OT1/cmr/m/n/10.95 1)[]\OML/cmm/m/it/10.95 : s[]\OT1/cmr/m
/n/10.95 (\OML/cmm/m/it/10.95 Z\OT1/cmr/m/n/10.95 ) = [](\OML/cmm/m/it/10.95 j 
\OMS/cmsy/m/n/10.95 ^^@ \OT1/cmr/m/n/10.95 1)[] = [](0 + 1 + [] + (\OML/cmm/m/i
t/10.95 n \OMS/cmsy/m/n/10.95 ^^@ \OT1/cmr/m/n/10.95 1)) = [][] = []
[92]
Underfull \hbox (badness 10000) in paragraph at lines 2673--2674

[93] [94] [95] [96] [97]
Underfull \hbox (badness 10000) in paragraph at lines 2812--2814

[98]
Overfull \hbox (38.1373pt too wide) in paragraph at lines 2865--2866
[]\T1/cmr/m/n/10.95 Sei $\OML/cmm/m/it/10.95 " > \OT1/cmr/m/n/10.95 0\OML/cmm/m
/it/10.95 :$ \T1/cmr/m/n/10.95 Nach Vor-aus-set-zung gibt es ein $\OML/cmm/m/it
/10.95 Z \OMS/cmsy/m/n/10.95 2 \U/euf/m/n/10.95 Z$ \T1/cmr/m/n/10.95 so, dass (
$\OMS/cmsy/m/n/10.95 ^^C$\T1/cmr/m/n/10.95 ) gilt. Sei $\OML/cmm/m/it/10.95 Z \
OT1/cmr/m/n/10.95 := \OMS/cmsy/m/n/10.95 f\OML/cmm/m/it/10.95 x[]; [] ; x[]\OMS
/cmsy/m/n/10.95 g\OML/cmm/m/it/10.95 ;  m[];  M[];  I[]$
[99] [100]
Overfull \hbox (5.45587pt too wide) in paragraph at lines 2935--2936
[]$[] [][] \OML/cmm/m/it/10.95 x[]x \OT1/cmr/m/n/10.95 = [] [] [] []\OML/cmm/m/
it/10.95 x \OT1/cmr/m/n/10.95 = \OMS/cmsy/m/n/10.95 ^^@ [] \OML/cmm/m/it/10.95 
x [] x \OMS/cmsy/m/n/10.95 ^^@ [] [] \OT1/cmr/m/n/10.95 = \OMS/cmsy/m/n/10.95 ^
^@ [] \OML/cmm/m/it/10.95 x [] x \OT1/cmr/m/n/10.95 + [](1 \OMS/cmsy/m/n/10.95 
^^@ [][] \OML/cmm/m/it/10.95 x\OT1/cmr/m/n/10.95 )[]\OML/cmm/m/it/10.95 x \OT1/
cmr/m/n/10.95 =
[101]
Overfull \hbox (14.73404pt too wide) in paragraph at lines 2963--2964
[][] [][]\OML/cmm/m/it/10.95 x \OT1/cmr/m/n/10.95 = [][] [] [] \OML/cmm/m/it/10
.95 t[]t \OT1/cmr/m/n/10.95 = [][] \OMS/cmsy/m/n/10.95 j [] \OML/cmm/m/it/10.95
 t\OMS/cmsy/m/n/10.95 j [] \OML/cmm/m/it/10.95 t[]t \OT1/cmr/m/n/10.95 = [][] [
][] \OML/cmm/m/it/10.95 t[]t \OT1/cmr/m/n/10.95 = [][](1 \OMS/cmsy/m/n/10.95 ^^
@ [][] \OML/cmm/m/it/10.95 t\OT1/cmr/m/n/10.95 )[]\OML/cmm/m/it/10.95 t \OT1/cm
r/m/n/10.95 =
[102] [103] [104] [105] [106]
\IeC {\textsection } 24.
[107] [108]
\IeC {\textsection } 25.
[109] [110]
\IeC {\textsection } 26.

Overfull \hbox (17.28838pt too wide) in paragraph at lines 3263--3264
[]$\OML/cmm/m/it/10.95 f$ \T1/cmr/m/n/10.95 heiÿt []\T1/cmr/bx/n/10.95 Riemann-
Stieltjes-integrierbar \T1/cmr/m/n/10.95 bzgl. $\OML/cmm/m/it/10.95 g$ \T1/cmr/
m/n/10.95 über $\OT1/cmr/m/n/10.95 [\OML/cmm/m/it/10.95 a; b\OT1/cmr/m/n/10.95 
] : \OMS/cmsy/m/n/10.95 ([])  9\OML/cmm/m/it/10.95 S \OMS/cmsy/m/n/10.95 2 \U/m
sb/m/n/10.95 R \OT1/cmr/m/n/10.95 : \OML/cmm/m/it/10.95 ^^[[]\OT1/cmr/m/n/10.95
 (\OML/cmm/m/it/10.95 Z[]; ^^X[]; g\OT1/cmr/m/n/10.95 ) \OMS/cmsy/m/n/10.95 !
[111] [112]
Overfull \hbox (4.5395pt too wide) in paragraph at lines 3353--3354
[]\T1/cmr/m/n/10.95 Sei $\OML/cmm/m/it/10.95 Z \OT1/cmr/m/n/10.95 = \OMS/cmsy/m
/n/10.95 f\OML/cmm/m/it/10.95 x[]; [] ; x[]\OMS/cmsy/m/n/10.95 g 2 \U/euf/m/n/1
0.95 Z\OML/cmm/m/it/10.95 : m[]; M[]; I[]$ \T1/cmr/m/n/10.95 sei-en wie im-mer,
 $\OML/cmm/m/it/10.95 d[] \OT1/cmr/m/n/10.95 := \OML/cmm/m/it/10.95 g\OT1/cmr/m
/n/10.95 (\OML/cmm/m/it/10.95 x[]\OT1/cmr/m/n/10.95 ) \OMS/cmsy/m/n/10.95 ^^@ \
OML/cmm/m/it/10.95 g\OT1/cmr/m/n/10.95 (\OML/cmm/m/it/10.95 x[]\OT1/cmr/m/n/10.
95 ) (\OML/cmm/m/it/10.95 j \OT1/cmr/m/n/10.95 = 1\OML/cmm/m/it/10.95 ; [] ; n\
OT1/cmr/m/n/10.95 )\OML/cmm/m/it/10.95 : s\OT1/cmr/m/n/10.95 (\OML/cmm/m/it/10.
95 Z\OT1/cmr/m/n/10.95 ) =
[113] [114]
Anhang A.
** Generating table of satz,wichtigedefinition
No file Ana1.thm.
No file Ana1.ind.
[115] [116]
Anhang B.

Underfull \hbox (badness 10000) in paragraph at lines 3391--3419

[117] (./Ana1.aux)

Package rerunfilecheck Warning: File `Ana1.out' has changed.
(rerunfilecheck)                Rerun to get outlines right
(rerunfilecheck)                or use package `bookmark'.


LaTeX Font Warning: Some font shapes were not available, defaults substituted.

 )
(see the transcript file for additional information){/usr/share/texmf/fonts/enc
/dvips/cm-super/cm-super-t1.enc}</usr/share/texlive/texmf-dist/fonts/type1/publ
ic/amsfonts/cm/cmbsy10.pfb></usr/share/texlive/texmf-dist/fonts/type1/public/am
sfonts/cm/cmbx10.pfb></usr/share/texlive/texmf-dist/fonts/type1/public/amsfonts
/cm/cmex10.pfb></usr/share/texlive/texmf-dist/fonts/type1/public/amsfonts/cmext
ra/cmex8.pfb></usr/share/texlive/texmf-dist/fonts/type1/public/amsfonts/cm/cmmi
10.pfb></usr/share/texlive/texmf-dist/fonts/type1/public/amsfonts/cm/cmmi12.pfb
></usr/share/texlive/texmf-dist/fonts/type1/public/amsfonts/cm/cmmi6.pfb></usr/
share/texlive/texmf-dist/fonts/type1/public/amsfonts/cm/cmmi8.pfb></usr/share/t
exlive/texmf-dist/fonts/type1/public/amsfonts/cm/cmmib10.pfb></usr/share/texliv
e/texmf-dist/fonts/type1/public/amsfonts/cmextra/cmmib6.pfb></usr/share/texlive
/texmf-dist/fonts/type1/public/amsfonts/cmextra/cmmib8.pfb></usr/share/texlive/
texmf-dist/fonts/type1/public/amsfonts/cm/cmr10.pfb></usr/share/texlive/texmf-d
ist/fonts/type1/public/amsfonts/cm/cmr6.pfb></usr/share/texlive/texmf-dist/font
s/type1/public/amsfonts/cm/cmr8.pfb></usr/share/texlive/texmf-dist/fonts/type1/
public/amsfonts/cm/cmsy10.pfb></usr/share/texlive/texmf-dist/fonts/type1/public
/amsfonts/cm/cmsy6.pfb></usr/share/texlive/texmf-dist/fonts/type1/public/amsfon
ts/cm/cmsy8.pfb></usr/share/texlive/texmf-dist/fonts/type1/public/amsfonts/eule
r/eufm10.pfb></usr/share/texlive/texmf-dist/fonts/type1/public/amsfonts/symbols
/msam10.pfb></usr/share/texlive/texmf-dist/fonts/type1/public/amsfonts/symbols/
msbm10.pfb></usr/share/texlive/texmf-dist/fonts/type1/public/rsfs/rsfs10.pfb></
usr/share/texmf/fonts/type1/public/cm-super/sfbi1095.pfb></usr/share/texmf/font
s/type1/public/cm-super/sfbx1095.pfb></usr/share/texmf/fonts/type1/public/cm-su
per/sfrm0600.pfb></usr/share/texmf/fonts/type1/public/cm-super/sfrm0800.pfb></u
sr/share/texmf/fonts/type1/public/cm-super/sfrm1095.pfb></usr/share/texmf/fonts
/type1/public/cm-super/sfrm1440.pfb></usr/share/texmf/fonts/type1/public/cm-sup
er/sfsl1095.pfb></usr/share/texmf/fonts/type1/public/cm-super/sfsx1095.pfb></us
r/share/texmf/fonts/type1/public/cm-super/sfsx1440.pfb></usr/share/texmf/fonts/
type1/public/cm-super/sfsx2074.pfb></usr/share/texmf/fonts/type1/public/cm-supe
r/sfti1095.pfb></usr/share/texmf/fonts/type1/public/cm-super/sftt1095.pfb></usr
/share/texmf/fonts/type1/public/cm-super/sftt1440.pfb>
Output written on Ana1.pdf (117 pages, 903974 bytes).
Transcript written on Ana1.log.
Result: ExitSuccess

Running /usr/bin/makeindex Ana1.idx in an env with 4 entries:
This is makeindex, version 2.15 [TeX Live 2013] (kpathsea + Thai support).
Scanning input file Ana1.idx....done (146 entries accepted, 0 rejected).
Sorting entries....done (1091 comparisons).
Generating output file Ana1.ind....done (210 lines written, 0 warnings).
Output written in Ana1.ind.
Transcript written in Ana1.ilg.
Result: ExitSuccess

Running /usr/bin/pdflatex Ana1.tex in an env with 4 entries:
This is pdfTeX, Version 3.1415926-2.5-1.40.14 (TeX Live 2013/Debian)
 restricted \write18 enabled.
entering extended mode
(data/Ana1.tex
LaTeX2e <2011/06/27>
Babel <3.9h> and hyphenation patterns for 78 languages loaded.
(/usr/share/texlive/texmf-dist/tex/latex/koma-script/scrbook.cls
Document Class: scrbook 2013/12/19 v3.12 KOMA-Script document class (book)
(/usr/share/texlive/texmf-dist/tex/latex/koma-script/scrkbase.sty
(/usr/share/texlive/texmf-dist/tex/latex/koma-script/scrbase.sty
(/usr/share/texlive/texmf-dist/tex/latex/graphics/keyval.sty)
(/usr/share/texlive/texmf-dist/tex/latex/koma-script/scrlfile.sty
Package scrlfile, 2013/12/19 v3.12 KOMA-Script package (loading files)
                  Copyright (C) Markus Kohm

))) (/usr/share/texlive/texmf-dist/tex/latex/koma-script/tocbasic.sty)
(/usr/share/texlive/texmf-dist/tex/latex/koma-script/scrsize11pt.clo)
(/usr/share/texlive/texmf-dist/tex/latex/koma-script/typearea.sty
Package typearea, 2013/12/19 v3.12 KOMA-Script package (type area)
                  Copyright (C) Frank Neukam, 1992-1994
                  Copyright (C) Markus Kohm, 1994-

)) (data/ana.sty (data/mathe.sty (data/latexki.sty)
(/usr/share/texlive/texmf-dist/tex/latex/base/inputenc.sty
(/usr/share/texlive/texmf-dist/tex/latex/base/utf8.def
(/usr/share/texlive/texmf-dist/tex/latex/base/t1enc.dfu)
(/usr/share/texlive/texmf-dist/tex/latex/base/ot1enc.dfu)
(/usr/share/texlive/texmf-dist/tex/latex/base/omsenc.dfu)))
(/usr/share/texlive/texmf-dist/tex/generic/babel/babel.sty
(/usr/share/texlive/texmf-dist/tex/generic/babel-german/ngermanb.ldf
(/usr/share/texlive/texmf-dist/tex/generic/babel/babel.def)))
(/usr/share/texlive/texmf-dist/tex/latex/base/fontenc.sty
(/usr/share/texlive/texmf-dist/tex/latex/base/t1enc.def))
(/usr/share/texlive/texmf-dist/tex/latex/amsfonts/amsfonts.sty)
(/usr/share/texlive/texmf-dist/tex/latex/amsfonts/amssymb.sty)
(/usr/share/texlive/texmf-dist/tex/latex/amsmath/amsmath.sty
For additional information on amsmath, use the `?' option.
(/usr/share/texlive/texmf-dist/tex/latex/amsmath/amstext.sty
(/usr/share/texlive/texmf-dist/tex/latex/amsmath/amsgen.sty))
(/usr/share/texlive/texmf-dist/tex/latex/amsmath/amsbsy.sty)
(/usr/share/texlive/texmf-dist/tex/latex/amsmath/amsopn.sty))
(/usr/share/texlive/texmf-dist/tex/latex/stmaryrd/stmaryrd.sty)
(/usr/share/texlive/texmf-dist/tex/latex/tools/verbatim.sty)
(/usr/share/texlive/texmf-dist/tex/latex/base/ifthen.sty)
(/usr/share/texlive/texmf-dist/tex/latex/ntheorem/ntheorem.sty
Style `ntheorem', Version 1.33 <2011/08/15>
) (/usr/share/texlive/texmf-dist/tex/latex/framed/framed.sty)
(/usr/share/texlive/texmf-dist/tex/latex/pstricks/pstricks.sty
(/usr/share/texlive/texmf-dist/tex/generic/oberdiek/ifpdf.sty)
(/usr/share/texlive/texmf-dist/tex/generic/pstricks/pstricks.tex
(/usr/share/texlive/texmf-dist/tex/generic/xkeyval/pst-xkey.tex
(/usr/share/texlive/texmf-dist/tex/latex/xkeyval/xkeyval.sty
(/usr/share/texlive/texmf-dist/tex/generic/xkeyval/xkeyval.tex)))
(/usr/share/texlive/texmf-dist/tex/generic/pstricks/pst-fp.tex
`pst-fp' v0.05, 2010/01/17 (hv))
(/usr/share/texmf/tex/generic/pgf/utilities/pgfutil-common.tex)
(/usr/share/texmf/tex/generic/pgf/utilities/pgfkeys.code.tex
(/usr/share/texmf/tex/generic/pgf/utilities/pgfkeysfiltered.code.tex))
(/usr/share/texmf/tex/generic/pgf/utilities/pgffor.code.tex)
`PSTricks' v2.51  <2014/02/03> (tvz)
(/usr/share/texlive/texmf-dist/tex/generic/pstricks/pstricks.con))
(/usr/share/texlive/texmf-dist/tex/generic/pstricks/pst-fp.tex)
(/usr/share/texmf/tex/latex/xcolor/xcolor.sty
(/usr/share/texlive/texmf-dist/tex/latex/latexconfig/color.cfg)
(/usr/share/texlive/texmf-dist/tex/latex/pdftex-def/pdftex.def
(/usr/share/texlive/texmf-dist/tex/generic/oberdiek/infwarerr.sty)
(/usr/share/texlive/texmf-dist/tex/generic/oberdiek/ltxcmds.sty))))
(/usr/share/texlive/texmf-dist/tex/latex/carlisle/slashed.sty)
(/usr/share/texlive/texmf-dist/tex/latex/base/makeidx.sty)
(/usr/share/texlive/texmf-dist/tex/latex/wasysym/wasysym.sty)
(/usr/share/texlive/texmf-dist/tex/latex/jknapltx/mathrsfs.sty)
(/usr/share/texlive/texmf-dist/tex/latex/mh/mathtools.sty
(/usr/share/texlive/texmf-dist/tex/latex/tools/calc.sty)
(/usr/share/texlive/texmf-dist/tex/latex/mh/mhsetup.sty))
(/usr/share/texlive/texmf-dist/tex/latex/doublestroke/dsfont.sty)
(/usr/share/texlive/texmf-dist/tex/latex/hyperref/hyperref.sty
(/usr/share/texlive/texmf-dist/tex/generic/oberdiek/hobsub-hyperref.sty
(/usr/share/texlive/texmf-dist/tex/generic/oberdiek/hobsub-generic.sty))
(/usr/share/texlive/texmf-dist/tex/generic/ifxetex/ifxetex.sty)
(/usr/share/texlive/texmf-dist/tex/latex/oberdiek/auxhook.sty)
(/usr/share/texlive/texmf-dist/tex/latex/oberdiek/kvoptions.sty)
(/usr/share/texlive/texmf-dist/tex/latex/hyperref/pd1enc.def)
(/usr/share/texlive/texmf-dist/tex/latex/latexconfig/hyperref.cfg)
(/usr/share/texlive/texmf-dist/tex/latex/url/url.sty))

Package hyperref Message: Driver (autodetected): hpdftex.

(/usr/share/texlive/texmf-dist/tex/latex/hyperref/hpdftex.def
(/usr/share/texlive/texmf-dist/tex/latex/oberdiek/rerunfilecheck.sty))
(/usr/share/texlive/texmf-dist/tex/latex/etex-pkg/etex.sty))
(data/saetze-schmoeger.sty))
(/usr/share/texlive/texmf-dist/tex/latex/physics/physics.sty
(/usr/share/texlive/texmf-dist/tex/latex/l3packages/xparse/xparse.sty
(/usr/share/texlive/texmf-dist/tex/latex/l3kernel/expl3.sty
(/usr/share/texlive/texmf-dist/tex/latex/l3kernel/l3names.sty
(/usr/share/texlive/texmf-dist/tex/latex/l3kernel/l3bootstrap.sty))
(/usr/share/texlive/texmf-dist/tex/latex/l3kernel/l3basics.sty)
(/usr/share/texlive/texmf-dist/tex/latex/l3kernel/l3expan.sty)
(/usr/share/texlive/texmf-dist/tex/latex/l3kernel/l3tl.sty)
(/usr/share/texlive/texmf-dist/tex/latex/l3kernel/l3seq.sty)
(/usr/share/texlive/texmf-dist/tex/latex/l3kernel/l3int.sty)
(/usr/share/texlive/texmf-dist/tex/latex/l3kernel/l3quark.sty)
(/usr/share/texlive/texmf-dist/tex/latex/l3kernel/l3prg.sty)
(/usr/share/texlive/texmf-dist/tex/latex/l3kernel/l3clist.sty)
(/usr/share/texlive/texmf-dist/tex/latex/l3kernel/l3token.sty)
(/usr/share/texlive/texmf-dist/tex/latex/l3kernel/l3prop.sty)
(/usr/share/texlive/texmf-dist/tex/latex/l3kernel/l3msg.sty)
(/usr/share/texlive/texmf-dist/tex/latex/l3kernel/l3file.sty)
(/usr/share/texlive/texmf-dist/tex/latex/l3kernel/l3skip.sty)
(/usr/share/texlive/texmf-dist/tex/latex/l3kernel/l3keys.sty)
(/usr/share/texlive/texmf-dist/tex/latex/l3kernel/l3fp.sty)
(/usr/share/texlive/texmf-dist/tex/latex/l3kernel/l3box.sty)
(/usr/share/texlive/texmf-dist/tex/latex/l3kernel/l3coffins.sty)
(/usr/share/texlive/texmf-dist/tex/latex/l3kernel/l3color.sty)
(/usr/share/texlive/texmf-dist/tex/latex/l3kernel/l3luatex.sty)
(/usr/share/texlive/texmf-dist/tex/latex/l3kernel/l3candidates.sty)))
*************************************************
* LaTeX warning: "xparse/redefine-command"
* 
* Redefining document command \cp with arg. spec. '' on line 222.
*************************************************
*************************************************
* LaTeX warning: "xparse/redefine-command"
* 
* Redefining document command \grad with arg. spec. '' on line 233.
*************************************************
*************************************************
* LaTeX warning: "xparse/redefine-command"
* 
* Redefining document command \Re with arg. spec. 'g' on line 277.
*************************************************
*************************************************
* LaTeX warning: "xparse/redefine-command"
* 
* Redefining document command \Im with arg. spec. 'g' on line 278.
*************************************************
*************************************************
* LaTeX warning: "xparse/redefine-command"
* 
* Redefining document command \sin with arg. spec. '' on line 309.
*************************************************
*************************************************
* LaTeX warning: "xparse/redefine-command"
* 
* Redefining document command \cos with arg. spec. '' on line 310.
*************************************************
*************************************************
* LaTeX warning: "xparse/redefine-command"
* 
* Redefining document command \tan with arg. spec. '' on line 311.
*************************************************
*************************************************
* LaTeX warning: "xparse/redefine-command"
* 
* Redefining document command \csc with arg. spec. '' on line 312.
*************************************************
*************************************************
* LaTeX warning: "xparse/redefine-command"
* 
* Redefining document command \sec with arg. spec. '' on line 313.
*************************************************
*************************************************
* LaTeX warning: "xparse/redefine-command"
* 
* Redefining document command \cot with arg. spec. '' on line 314.
*************************************************
*************************************************
* LaTeX warning: "xparse/redefine-command"
* 
* Redefining document command \arcsin with arg. spec. '' on line 316.
*************************************************
*************************************************
* LaTeX warning: "xparse/redefine-command"
* 
* Redefining document command \arccos with arg. spec. '' on line 317.
*************************************************
*************************************************
* LaTeX warning: "xparse/redefine-command"
* 
* Redefining document command \arctan with arg. spec. '' on line 318.
*************************************************
*************************************************
* LaTeX warning: "xparse/redefine-command"
* 
* Redefining document command \sinh with arg. spec. '' on line 339.
*************************************************
*************************************************
* LaTeX warning: "xparse/redefine-command"
* 
* Redefining document command \cosh with arg. spec. '' on line 340.
*************************************************
*************************************************
* LaTeX warning: "xparse/redefine-command"
* 
* Redefining document command \tanh with arg. spec. '' on line 341.
*************************************************
*************************************************
* LaTeX warning: "xparse/redefine-command"
* 
* Redefining document command \coth with arg. spec. '' on line 346.
*************************************************
*************************************************
* LaTeX warning: "xparse/redefine-command"
* 
* Redefining document command \exp with arg. spec. '' on line 348.
*************************************************
*************************************************
* LaTeX warning: "xparse/redefine-command"
* 
* Redefining document command \log with arg. spec. '' on line 349.
*************************************************
*************************************************
* LaTeX warning: "xparse/redefine-command"
* 
* Redefining document command \ln with arg. spec. '' on line 350.
*************************************************
*************************************************
* LaTeX warning: "xparse/redefine-command"
* 
* Redefining document command \det with arg. spec. '' on line 351.
*************************************************
*************************************************
* LaTeX warning: "xparse/redefine-command"
* 
* Redefining document command \Pr with arg. spec. '' on line 352.
*************************************************
) (/usr/share/texmf/tex/latex/pgf/frontendlayer/tikz.sty
(/usr/share/texmf/tex/latex/pgf/basiclayer/pgf.sty
(/usr/share/texmf/tex/latex/pgf/utilities/pgfrcs.sty
(/usr/share/texmf/tex/generic/pgf/utilities/pgfutil-common.tex)
(/usr/share/texmf/tex/generic/pgf/utilities/pgfutil-latex.def
(/usr/share/texlive/texmf-dist/tex/latex/ms/everyshi.sty))
(/usr/share/texmf/tex/generic/pgf/utilities/pgfrcs.code.tex))
(/usr/share/texmf/tex/latex/pgf/basiclayer/pgfcore.sty
(/usr/share/texlive/texmf-dist/tex/latex/graphics/graphicx.sty
(/usr/share/texlive/texmf-dist/tex/latex/graphics/graphics.sty
(/usr/share/texlive/texmf-dist/tex/latex/graphics/trig.sty)
(/usr/share/texlive/texmf-dist/tex/latex/latexconfig/graphics.cfg)))
(/usr/share/texmf/tex/latex/pgf/systemlayer/pgfsys.sty
(/usr/share/texmf/tex/generic/pgf/systemlayer/pgfsys.code.tex
(/usr/share/texmf/tex/generic/pgf/utilities/pgfkeys.code.tex)
(/usr/share/texmf/tex/generic/pgf/systemlayer/pgf.cfg)
(/usr/share/texmf/tex/generic/pgf/systemlayer/pgfsys-pdftex.def
(/usr/share/texmf/tex/generic/pgf/systemlayer/pgfsys-common-pdf.def)))
(/usr/share/texmf/tex/generic/pgf/systemlayer/pgfsyssoftpath.code.tex)
(/usr/share/texmf/tex/generic/pgf/systemlayer/pgfsysprotocol.code.tex))
(/usr/share/texmf/tex/generic/pgf/basiclayer/pgfcore.code.tex
(/usr/share/texmf/tex/generic/pgf/math/pgfmath.code.tex
(/usr/share/texmf/tex/generic/pgf/math/pgfmathcalc.code.tex
(/usr/share/texmf/tex/generic/pgf/math/pgfmathutil.code.tex)
(/usr/share/texmf/tex/generic/pgf/math/pgfmathparser.code.tex)
(/usr/share/texmf/tex/generic/pgf/math/pgfmathfunctions.code.tex
(/usr/share/texmf/tex/generic/pgf/math/pgfmathfunctions.basic.code.tex)
(/usr/share/texmf/tex/generic/pgf/math/pgfmathfunctions.trigonometric.code.tex)
(/usr/share/texmf/tex/generic/pgf/math/pgfmathfunctions.random.code.tex)
(/usr/share/texmf/tex/generic/pgf/math/pgfmathfunctions.comparison.code.tex)
(/usr/share/texmf/tex/generic/pgf/math/pgfmathfunctions.base.code.tex)
(/usr/share/texmf/tex/generic/pgf/math/pgfmathfunctions.round.code.tex)
(/usr/share/texmf/tex/generic/pgf/math/pgfmathfunctions.misc.code.tex)))
(/usr/share/texmf/tex/generic/pgf/math/pgfmathfloat.code.tex))
(/usr/share/texmf/tex/generic/pgf/basiclayer/pgfcorepoints.code.tex)
(/usr/share/texmf/tex/generic/pgf/basiclayer/pgfcorepathconstruct.code.tex)
(/usr/share/texmf/tex/generic/pgf/basiclayer/pgfcorepathusage.code.tex)
(/usr/share/texmf/tex/generic/pgf/basiclayer/pgfcorescopes.code.tex)
(/usr/share/texmf/tex/generic/pgf/basiclayer/pgfcoregraphicstate.code.tex)
(/usr/share/texmf/tex/generic/pgf/basiclayer/pgfcoretransformations.code.tex)
(/usr/share/texmf/tex/generic/pgf/basiclayer/pgfcorequick.code.tex)
(/usr/share/texmf/tex/generic/pgf/basiclayer/pgfcoreobjects.code.tex)
(/usr/share/texmf/tex/generic/pgf/basiclayer/pgfcorepathprocessing.code.tex)
(/usr/share/texmf/tex/generic/pgf/basiclayer/pgfcorearrows.code.tex)
(/usr/share/texmf/tex/generic/pgf/basiclayer/pgfcoreshade.code.tex)
(/usr/share/texmf/tex/generic/pgf/basiclayer/pgfcoreimage.code.tex
(/usr/share/texmf/tex/generic/pgf/basiclayer/pgfcoreexternal.code.tex))
(/usr/share/texmf/tex/generic/pgf/basiclayer/pgfcorelayers.code.tex)
(/usr/share/texmf/tex/generic/pgf/basiclayer/pgfcoretransparency.code.tex)
(/usr/share/texmf/tex/generic/pgf/basiclayer/pgfcorepatterns.code.tex)))
(/usr/share/texmf/tex/generic/pgf/modules/pgfmoduleshapes.code.tex)
(/usr/share/texmf/tex/generic/pgf/modules/pgfmoduleplot.code.tex)
(/usr/share/texmf/tex/latex/pgf/compatibility/pgfcomp-version-0-65.sty)
(/usr/share/texmf/tex/latex/pgf/compatibility/pgfcomp-version-1-18.sty))
(/usr/share/texmf/tex/latex/pgf/utilities/pgffor.sty
(/usr/share/texmf/tex/latex/pgf/utilities/pgfkeys.sty
(/usr/share/texmf/tex/generic/pgf/utilities/pgfkeys.code.tex))
(/usr/share/texmf/tex/generic/pgf/utilities/pgffor.code.tex))
(/usr/share/texmf/tex/generic/pgf/frontendlayer/tikz/tikz.code.tex
(/usr/share/texmf/tex/generic/pgf/libraries/pgflibraryplothandlers.code.tex)
(/usr/share/texmf/tex/generic/pgf/modules/pgfmodulematrix.code.tex)
(/usr/share/texmf/tex/generic/pgf/frontendlayer/tikz/libraries/tikzlibrarytopat
hs.code.tex))) (/usr/share/texlive/texmf-dist/tex/latex/wrapfig/wrapfig.sty)
Writing index file Ana1.idx
(./Ana1.aux) (/usr/share/texlive/texmf-dist/tex/context/base/supp-pdf.mkii
[Loading MPS to PDF converter (version 2006.09.02).]
) (/usr/share/texlive/texmf-dist/tex/latex/hyperref/nameref.sty
(/usr/share/texlive/texmf-dist/tex/generic/oberdiek/gettitlestring.sty))
(./Ana1.out) (./Ana1.out) ABD: EveryShipout initializing macros
(/usr/share/texlive/texmf-dist/tex/latex/oberdiek/epstopdf-base.sty
(/usr/share/texlive/texmf-dist/tex/latex/oberdiek/grfext.sty)
(/usr/share/texlive/texmf-dist/tex/latex/latexconfig/epstopdf-sys.cfg))
(/usr/share/texlive/texmf-dist/tex/latex/base/t1cmss.fd)
(/usr/share/texlive/texmf-dist/tex/latex/amsfonts/umsa.fd)
(/usr/share/texlive/texmf-dist/tex/latex/amsfonts/umsb.fd)
(/usr/share/texlive/texmf-dist/tex/latex/stmaryrd/Ustmry.fd)
(/usr/share/texlive/texmf-dist/tex/latex/wasysym/uwasy.fd)
(/usr/share/texlive/texmf-dist/tex/latex/jknapltx/ursfs.fd)
(/usr/share/texlive/texmf-dist/tex/latex/base/t1cmtt.fd) [1
Non-PDF special ignored!
Non-PDF special ignored!
Non-PDF special ignored!
Non-PDF special ignored!
Non-PDF special ignored!
Non-PDF special ignored!
Non-PDF special ignored!{/var/lib/texmf/fonts/map/pdftex/updmap/pdftex.map}]
[2] (./Ana1.toc [3]) [4]
Kapitel I.
[5] [6]
Kapitel II.
(/usr/share/texlive/texmf-dist/tex/latex/base/omscmr.fd) [7] [8]
\IeC {\textsection } 1.
[9]
Underfull \hbox (badness 10000) in paragraph at lines 165--167

[10]

LaTeX Font Warning: Font shape `U/stmry/b/n' undefined
(Font)              using `U/stmry/m/n' instead on input line 206.


LaTeX Font Warning: Font shape `U/wasy/b/n' in size <8> not available
(Font)              Font shape `U/wasy/m/n' tried instead on input line 206.


LaTeX Font Warning: Font shape `U/wasy/b/n' in size <6> not available
(Font)              Font shape `U/wasy/m/n' tried instead on input line 206.

[11] [12]
\IeC {\textsection } 2.
[13] [14] [15] [16]
\IeC {\textsection } 3.

Underfull \hbox (badness 10000) in paragraph at lines 344--345

[17] [18]
\IeC {\textsection } 4.
[19] [20]
\IeC {\textsection } 5.
[21] [22]
\IeC {\textsection } 6.

Underfull \hbox (badness 10000) in paragraph at lines 525--526

[23] [24] [25] [26]
\IeC {\textsection } 7.
[27] [28] [29] [30]
\IeC {\textsection } 8.
[31] [32]
\IeC {\textsection } 9.
[33] [34] [35] [36]
\IeC {\textsection } 10.
[37] [38]
\IeC {\textsection } 11.
[39] [40] [41] [42]
\IeC {\textsection } 12.
[43] [44] [45] [46]
\IeC {\textsection } 13.
[47]
Overfull \hbox (23.94106pt too wide) in paragraph at lines 1295--1296
[]\T1/cmr/m/n/10.95 Sei $\OML/cmm/m/it/10.95 n \OMS/cmsy/m/n/10.95 2 \U/msb/m/n
/10.95 N$ \T1/cmr/m/n/10.95 und $\OML/cmm/m/it/10.95 j \OT1/cmr/m/n/10.95 := []
\OMS/cmsy/m/n/10.95 f\OML/cmm/m/it/10.95 ^^^\OT1/cmr/m/n/10.95 (1)\OML/cmm/m/it
/10.95 ; ^^^\OT1/cmr/m/n/10.95 (2)\OML/cmm/m/it/10.95 ; [] ; ^^^\OT1/cmr/m/n/10
.95 (\OML/cmm/m/it/10.95 n\OT1/cmr/m/n/10.95 )\OMS/cmsy/m/n/10.95 g$\T1/cmr/m/n
/10.95 . Dann: $\OMS/cmsy/m/n/10.95 f\OML/cmm/m/it/10.95 ^^^\OT1/cmr/m/n/10.95 
(1)\OML/cmm/m/it/10.95 ; ^^^\OT1/cmr/m/n/10.95 (2)\OML/cmm/m/it/10.95 ; [] ; ^^
^\OT1/cmr/m/n/10.95 (\OML/cmm/m/it/10.95 n\OT1/cmr/m/n/10.95 )\OMS/cmsy/m/n/10.
95 g ^^R f\OT1/cmr/m/n/10.95 1\OML/cmm/m/it/10.95 ; \OT1/cmr/m/n/10.95 2\OML/cm
m/m/it/10.95 ; [] ; j\OMS/cmsy/m/n/10.95 g  \OT1/cmr/m/n/10.95 =[]\OMS/cmsy/m/n
/10.95 )
[48]
Underfull \hbox (badness 1762) in paragraph at lines 1431--1432
[]$\OML/cmm/m/it/10.95 E\OT1/cmr/m/n/10.95 (\OML/cmm/m/it/10.95 x \OT1/cmr/m/n/
10.95 + \OML/cmm/m/it/10.95 y\OT1/cmr/m/n/10.95 ) = \OML/cmm/m/it/10.95 E\OT1/c
mr/m/n/10.95 (\OML/cmm/m/it/10.95 x\OT1/cmr/m/n/10.95 )\OML/cmm/m/it/10.95 E\OT
1/cmr/m/n/10.95 (\OML/cmm/m/it/10.95 y\OT1/cmr/m/n/10.95 ) \OMS/cmsy/m/n/10.95 
8\OML/cmm/m/it/10.95 x; y \OMS/cmsy/m/n/10.95 2 \U/msb/m/n/10.95 R$\T1/cmr/m/n/
10.95 ; all-ge-mein: $\OML/cmm/m/it/10.95 E\OT1/cmr/m/n/10.95 (\OML/cmm/m/it/10
.95 x[] \OT1/cmr/m/n/10.95 + \OML/cmm/m/it/10.95 x[] \OT1/cmr/m/n/10.95 + [] + 
\OML/cmm/m/it/10.95 x[]\OT1/cmr/m/n/10.95 ) =
[49] [50] [51] [52]
\IeC {\textsection } 14.
[53] [54] [55] [56]
\IeC {\textsection } 15.

Package hyperref Warning: Token not allowed in a PDF string (PDFDocEncoding):
(hyperref)                removing `math shift' on input line 1573.


Package hyperref Warning: Token not allowed in a PDF string (PDFDocEncoding):
(hyperref)                removing `math shift' on input line 1573.

[57] [58] [59] [60]
\IeC {\textsection } 16.
[61] [62]
Underfull \hbox (badness 10000) in paragraph at lines 1747--1749

[63] [64]
\IeC {\textsection } 17.
[65] [66] [67] [68]
\IeC {\textsection } 18.
[69] [70] [71] [72]
\IeC {\textsection } 19.
[73] [74] [75] [76]
\IeC {\textsection } 20.
[77] [78]
\IeC {\textsection } 21.
[79]
Overfull \hbox (0.58354pt too wide) in paragraph at lines 2175--2178
\T1/cmr/m/n/10.95 Es gilt: $\OML/cmm/m/it/10.95 x \OT1/cmr/m/n/10.95 = \OML/cmm
/m/it/10.95 f\OT1/cmr/m/n/10.95 (\OML/cmm/m/it/10.95 f[]\OT1/cmr/m/n/10.95 (\OM
L/cmm/m/it/10.95 x\OT1/cmr/m/n/10.95 ))(\OMS/cmsy/m/n/10.95 ^^C\OT1/cmr/m/n/10.
95 ) \OMS/cmsy/m/n/10.95 8\OML/cmm/m/it/10.95 x \OMS/cmsy/m/n/10.95 ^^U \OT1/cm
r/m/n/10.95 0$ \T1/cmr/m/n/10.95 An-nah-me: $\OML/cmm/m/it/10.95 f[]$ \T1/cmr/m
/n/10.95 ist dif-fe-ren-zier-bar in $\OML/cmm/m/it/10.95 x[] \OT1/cmr/m/n/10.95
 = 0  []
[80] [81] [82] [83] [84] [85] [86]
\IeC {\textsection } 22.
[87] [88] [89] [90]
\IeC {\textsection } 23.
(/usr/share/texlive/texmf-dist/tex/latex/amsfonts/ueuf.fd) [91]
Overfull \hbox (26.57596pt too wide) detected at line 2633
\OML/cmm/m/it/10.95 m[] \OT1/cmr/m/n/10.95 = \OML/cmm/m/it/10.95 f\OT1/cmr/m/n/
10.95 (\OML/cmm/m/it/10.95 x[]\OT1/cmr/m/n/10.95 ) = (\OML/cmm/m/it/10.95 j \OM
S/cmsy/m/n/10.95 ^^@ \OT1/cmr/m/n/10.95 1)[]\OML/cmm/m/it/10.95 : s[]\OT1/cmr/m
/n/10.95 (\OML/cmm/m/it/10.95 Z\OT1/cmr/m/n/10.95 ) = [](\OML/cmm/m/it/10.95 j 
\OMS/cmsy/m/n/10.95 ^^@ \OT1/cmr/m/n/10.95 1)[] = [](0 + 1 + [] + (\OML/cmm/m/i
t/10.95 n \OMS/cmsy/m/n/10.95 ^^@ \OT1/cmr/m/n/10.95 1)) = [][] = []
[92]
Underfull \hbox (badness 10000) in paragraph at lines 2673--2674

[93] [94] [95] [96] [97]
Underfull \hbox (badness 10000) in paragraph at lines 2812--2814

[98]
Overfull \hbox (38.1373pt too wide) in paragraph at lines 2865--2866
[]\T1/cmr/m/n/10.95 Sei $\OML/cmm/m/it/10.95 " > \OT1/cmr/m/n/10.95 0\OML/cmm/m
/it/10.95 :$ \T1/cmr/m/n/10.95 Nach Vor-aus-set-zung gibt es ein $\OML/cmm/m/it
/10.95 Z \OMS/cmsy/m/n/10.95 2 \U/euf/m/n/10.95 Z$ \T1/cmr/m/n/10.95 so, dass (
$\OMS/cmsy/m/n/10.95 ^^C$\T1/cmr/m/n/10.95 ) gilt. Sei $\OML/cmm/m/it/10.95 Z \
OT1/cmr/m/n/10.95 := \OMS/cmsy/m/n/10.95 f\OML/cmm/m/it/10.95 x[]; [] ; x[]\OMS
/cmsy/m/n/10.95 g\OML/cmm/m/it/10.95 ;  m[];  M[];  I[]$
[99] [100]
Overfull \hbox (5.45587pt too wide) in paragraph at lines 2935--2936
[]$[] [][] \OML/cmm/m/it/10.95 x[]x \OT1/cmr/m/n/10.95 = [] [] [] []\OML/cmm/m/
it/10.95 x \OT1/cmr/m/n/10.95 = \OMS/cmsy/m/n/10.95 ^^@ [] \OML/cmm/m/it/10.95 
x [] x \OMS/cmsy/m/n/10.95 ^^@ [] [] \OT1/cmr/m/n/10.95 = \OMS/cmsy/m/n/10.95 ^
^@ [] \OML/cmm/m/it/10.95 x [] x \OT1/cmr/m/n/10.95 + [](1 \OMS/cmsy/m/n/10.95 
^^@ [][] \OML/cmm/m/it/10.95 x\OT1/cmr/m/n/10.95 )[]\OML/cmm/m/it/10.95 x \OT1/
cmr/m/n/10.95 =
[101]
Overfull \hbox (14.73404pt too wide) in paragraph at lines 2963--2964
[][] [][]\OML/cmm/m/it/10.95 x \OT1/cmr/m/n/10.95 = [][] [] [] \OML/cmm/m/it/10
.95 t[]t \OT1/cmr/m/n/10.95 = [][] \OMS/cmsy/m/n/10.95 j [] \OML/cmm/m/it/10.95
 t\OMS/cmsy/m/n/10.95 j [] \OML/cmm/m/it/10.95 t[]t \OT1/cmr/m/n/10.95 = [][] [
][] \OML/cmm/m/it/10.95 t[]t \OT1/cmr/m/n/10.95 = [][](1 \OMS/cmsy/m/n/10.95 ^^
@ [][] \OML/cmm/m/it/10.95 t\OT1/cmr/m/n/10.95 )[]\OML/cmm/m/it/10.95 t \OT1/cm
r/m/n/10.95 =
[102] [103] [104] [105] [106]
\IeC {\textsection } 24.
[107] [108]
\IeC {\textsection } 25.
[109] [110]
\IeC {\textsection } 26.

Overfull \hbox (17.28838pt too wide) in paragraph at lines 3263--3264
[]$\OML/cmm/m/it/10.95 f$ \T1/cmr/m/n/10.95 heiÿt []\T1/cmr/bx/n/10.95 Riemann-
Stieltjes-integrierbar \T1/cmr/m/n/10.95 bzgl. $\OML/cmm/m/it/10.95 g$ \T1/cmr/
m/n/10.95 über $\OT1/cmr/m/n/10.95 [\OML/cmm/m/it/10.95 a; b\OT1/cmr/m/n/10.95 
] : \OMS/cmsy/m/n/10.95 ([])  9\OML/cmm/m/it/10.95 S \OMS/cmsy/m/n/10.95 2 \U/m
sb/m/n/10.95 R \OT1/cmr/m/n/10.95 : \OML/cmm/m/it/10.95 ^^[[]\OT1/cmr/m/n/10.95
 (\OML/cmm/m/it/10.95 Z[]; ^^X[]; g\OT1/cmr/m/n/10.95 ) \OMS/cmsy/m/n/10.95 !
[111] [112]
Overfull \hbox (4.5395pt too wide) in paragraph at lines 3353--3354
[]\T1/cmr/m/n/10.95 Sei $\OML/cmm/m/it/10.95 Z \OT1/cmr/m/n/10.95 = \OMS/cmsy/m
/n/10.95 f\OML/cmm/m/it/10.95 x[]; [] ; x[]\OMS/cmsy/m/n/10.95 g 2 \U/euf/m/n/1
0.95 Z\OML/cmm/m/it/10.95 : m[]; M[]; I[]$ \T1/cmr/m/n/10.95 sei-en wie im-mer,
 $\OML/cmm/m/it/10.95 d[] \OT1/cmr/m/n/10.95 := \OML/cmm/m/it/10.95 g\OT1/cmr/m
/n/10.95 (\OML/cmm/m/it/10.95 x[]\OT1/cmr/m/n/10.95 ) \OMS/cmsy/m/n/10.95 ^^@ \
OML/cmm/m/it/10.95 g\OT1/cmr/m/n/10.95 (\OML/cmm/m/it/10.95 x[]\OT1/cmr/m/n/10.
95 ) (\OML/cmm/m/it/10.95 j \OT1/cmr/m/n/10.95 = 1\OML/cmm/m/it/10.95 ; [] ; n\
OT1/cmr/m/n/10.95 )\OML/cmm/m/it/10.95 : s\OT1/cmr/m/n/10.95 (\OML/cmm/m/it/10.
95 Z\OT1/cmr/m/n/10.95 ) =
[113] [114]
Anhang A.
** Generating table of satz,wichtigedefinition
(./Ana1.thm [115]
Underfull \vbox (badness 5771) has occurred while \output is active [116]
Overfull \hbox (2.7858pt too wide) detected at line 286
\T1/cmr/m/n/10.95 21.10. 

Overfull \hbox (2.7858pt too wide) detected at line 288
\T1/cmr/m/n/10.95 21.11. 

Overfull \hbox (2.7858pt too wide) detected at line 335
\T1/cmr/m/n/10.95 23.10. 

Overfull \hbox (2.7858pt too wide) detected at line 337
\T1/cmr/m/n/10.95 23.11. 

Overfull \hbox (2.7858pt too wide) detected at line 339
\T1/cmr/m/n/10.95 23.12. 

Underfull \vbox (badness 5771) has occurred while \output is active [117]
Overfull \hbox (2.7858pt too wide) detected at line 343
\T1/cmr/m/n/10.95 23.13. 

Overfull \hbox (2.7858pt too wide) detected at line 345
\T1/cmr/m/n/10.95 23.14. 

Overfull \hbox (2.7858pt too wide) detected at line 348
\T1/cmr/m/n/10.95 23.15. 

Overfull \hbox (2.7858pt too wide) detected at line 351
\T1/cmr/m/n/10.95 23.16. 

Overfull \hbox (2.7858pt too wide) detected at line 356
\T1/cmr/m/n/10.95 23.17. 

Overfull \hbox (2.7858pt too wide) detected at line 359
\T1/cmr/m/n/10.95 23.18. 

Overfull \hbox (2.7858pt too wide) detected at line 363
\T1/cmr/m/n/10.95 23.19. 

Overfull \hbox (2.7858pt too wide) detected at line 366
\T1/cmr/m/n/10.95 23.20. 
) (./Ana1.ind [118] [119] [120])
Anhang B.

Underfull \hbox (badness 10000) in paragraph at lines 3391--3419

[121] (./Ana1.aux)

Package rerunfilecheck Warning: File `Ana1.out' has changed.
(rerunfilecheck)                Rerun to get outlines right
(rerunfilecheck)                or use package `bookmark'.


LaTeX Font Warning: Some font shapes were not available, defaults substituted.

 )
(see the transcript file for additional information)pdfTeX warning (dest): name
{appendix.992} has been referenced but does not exist, replaced by a fixed one

{/usr/share/texmf/fonts/enc/dvips/cm-super/cm-super-t1.enc}</usr/share/texlive/
texmf-dist/fonts/type1/public/amsfonts/cm/cmbsy10.pfb></usr/share/texlive/texmf
-dist/fonts/type1/public/amsfonts/cm/cmbx10.pfb></usr/share/texlive/texmf-dist/
fonts/type1/public/amsfonts/cm/cmex10.pfb></usr/share/texlive/texmf-dist/fonts/
type1/public/amsfonts/cmextra/cmex8.pfb></usr/share/texlive/texmf-dist/fonts/ty
pe1/public/amsfonts/cm/cmmi10.pfb></usr/share/texlive/texmf-dist/fonts/type1/pu
blic/amsfonts/cm/cmmi12.pfb></usr/share/texlive/texmf-dist/fonts/type1/public/a
msfonts/cm/cmmi6.pfb></usr/share/texlive/texmf-dist/fonts/type1/public/amsfonts
/cm/cmmi8.pfb></usr/share/texlive/texmf-dist/fonts/type1/public/amsfonts/cm/cmm
ib10.pfb></usr/share/texlive/texmf-dist/fonts/type1/public/amsfonts/cmextra/cmm
ib6.pfb></usr/share/texlive/texmf-dist/fonts/type1/public/amsfonts/cmextra/cmmi
b8.pfb></usr/share/texlive/texmf-dist/fonts/type1/public/amsfonts/cm/cmr10.pfb>
</usr/share/texlive/texmf-dist/fonts/type1/public/amsfonts/cm/cmr6.pfb></usr/sh
are/texlive/texmf-dist/fonts/type1/public/amsfonts/cm/cmr8.pfb></usr/share/texl
ive/texmf-dist/fonts/type1/public/amsfonts/cm/cmsy10.pfb></usr/share/texlive/te
xmf-dist/fonts/type1/public/amsfonts/cm/cmsy6.pfb></usr/share/texlive/texmf-dis
t/fonts/type1/public/amsfonts/cm/cmsy8.pfb></usr/share/texlive/texmf-dist/fonts
/type1/public/amsfonts/euler/eufm10.pfb></usr/share/texlive/texmf-dist/fonts/ty
pe1/public/amsfonts/symbols/msam10.pfb></usr/share/texlive/texmf-dist/fonts/typ
e1/public/amsfonts/symbols/msbm10.pfb></usr/share/texlive/texmf-dist/fonts/type
1/public/rsfs/rsfs10.pfb></usr/share/texmf/fonts/type1/public/cm-super/sfbi1095
.pfb></usr/share/texmf/fonts/type1/public/cm-super/sfbx1095.pfb></usr/share/tex
mf/fonts/type1/public/cm-super/sfrm0600.pfb></usr/share/texmf/fonts/type1/publi
c/cm-super/sfrm0800.pfb></usr/share/texmf/fonts/type1/public/cm-super/sfrm1095.
pfb></usr/share/texmf/fonts/type1/public/cm-super/sfrm1440.pfb></usr/share/texm
f/fonts/type1/public/cm-super/sfsl1095.pfb></usr/share/texmf/fonts/type1/public
/cm-super/sfsx1095.pfb></usr/share/texmf/fonts/type1/public/cm-super/sfsx1440.p
fb></usr/share/texmf/fonts/type1/public/cm-super/sfsx2074.pfb></usr/share/texmf
/fonts/type1/public/cm-super/sfti1095.pfb></usr/share/texmf/fonts/type1/public/
cm-super/sftt1095.pfb></usr/share/texmf/fonts/type1/public/cm-super/sftt1440.pf
b>
Output written on Ana1.pdf (121 pages, 934185 bytes).
Transcript written on Ana1.log.
Result: ExitSuccess

Running /usr/bin/pdflatex Ana1.tex in an env with 4 entries:
This is pdfTeX, Version 3.1415926-2.5-1.40.14 (TeX Live 2013/Debian)
 restricted \write18 enabled.
entering extended mode
(data/Ana1.tex
LaTeX2e <2011/06/27>
Babel <3.9h> and hyphenation patterns for 78 languages loaded.
(/usr/share/texlive/texmf-dist/tex/latex/koma-script/scrbook.cls
Document Class: scrbook 2013/12/19 v3.12 KOMA-Script document class (book)
(/usr/share/texlive/texmf-dist/tex/latex/koma-script/scrkbase.sty
(/usr/share/texlive/texmf-dist/tex/latex/koma-script/scrbase.sty
(/usr/share/texlive/texmf-dist/tex/latex/graphics/keyval.sty)
(/usr/share/texlive/texmf-dist/tex/latex/koma-script/scrlfile.sty
Package scrlfile, 2013/12/19 v3.12 KOMA-Script package (loading files)
                  Copyright (C) Markus Kohm

))) (/usr/share/texlive/texmf-dist/tex/latex/koma-script/tocbasic.sty)
(/usr/share/texlive/texmf-dist/tex/latex/koma-script/scrsize11pt.clo)
(/usr/share/texlive/texmf-dist/tex/latex/koma-script/typearea.sty
Package typearea, 2013/12/19 v3.12 KOMA-Script package (type area)
                  Copyright (C) Frank Neukam, 1992-1994
                  Copyright (C) Markus Kohm, 1994-

)) (data/ana.sty (data/mathe.sty (data/latexki.sty)
(/usr/share/texlive/texmf-dist/tex/latex/base/inputenc.sty
(/usr/share/texlive/texmf-dist/tex/latex/base/utf8.def
(/usr/share/texlive/texmf-dist/tex/latex/base/t1enc.dfu)
(/usr/share/texlive/texmf-dist/tex/latex/base/ot1enc.dfu)
(/usr/share/texlive/texmf-dist/tex/latex/base/omsenc.dfu)))
(/usr/share/texlive/texmf-dist/tex/generic/babel/babel.sty
(/usr/share/texlive/texmf-dist/tex/generic/babel-german/ngermanb.ldf
(/usr/share/texlive/texmf-dist/tex/generic/babel/babel.def)))
(/usr/share/texlive/texmf-dist/tex/latex/base/fontenc.sty
(/usr/share/texlive/texmf-dist/tex/latex/base/t1enc.def))
(/usr/share/texlive/texmf-dist/tex/latex/amsfonts/amsfonts.sty)
(/usr/share/texlive/texmf-dist/tex/latex/amsfonts/amssymb.sty)
(/usr/share/texlive/texmf-dist/tex/latex/amsmath/amsmath.sty
For additional information on amsmath, use the `?' option.
(/usr/share/texlive/texmf-dist/tex/latex/amsmath/amstext.sty
(/usr/share/texlive/texmf-dist/tex/latex/amsmath/amsgen.sty))
(/usr/share/texlive/texmf-dist/tex/latex/amsmath/amsbsy.sty)
(/usr/share/texlive/texmf-dist/tex/latex/amsmath/amsopn.sty))
(/usr/share/texlive/texmf-dist/tex/latex/stmaryrd/stmaryrd.sty)
(/usr/share/texlive/texmf-dist/tex/latex/tools/verbatim.sty)
(/usr/share/texlive/texmf-dist/tex/latex/base/ifthen.sty)
(/usr/share/texlive/texmf-dist/tex/latex/ntheorem/ntheorem.sty
Style `ntheorem', Version 1.33 <2011/08/15>
) (/usr/share/texlive/texmf-dist/tex/latex/framed/framed.sty)
(/usr/share/texlive/texmf-dist/tex/latex/pstricks/pstricks.sty
(/usr/share/texlive/texmf-dist/tex/generic/oberdiek/ifpdf.sty)
(/usr/share/texlive/texmf-dist/tex/generic/pstricks/pstricks.tex
(/usr/share/texlive/texmf-dist/tex/generic/xkeyval/pst-xkey.tex
(/usr/share/texlive/texmf-dist/tex/latex/xkeyval/xkeyval.sty
(/usr/share/texlive/texmf-dist/tex/generic/xkeyval/xkeyval.tex)))
(/usr/share/texlive/texmf-dist/tex/generic/pstricks/pst-fp.tex
`pst-fp' v0.05, 2010/01/17 (hv))
(/usr/share/texmf/tex/generic/pgf/utilities/pgfutil-common.tex)
(/usr/share/texmf/tex/generic/pgf/utilities/pgfkeys.code.tex
(/usr/share/texmf/tex/generic/pgf/utilities/pgfkeysfiltered.code.tex))
(/usr/share/texmf/tex/generic/pgf/utilities/pgffor.code.tex)
`PSTricks' v2.51  <2014/02/03> (tvz)
(/usr/share/texlive/texmf-dist/tex/generic/pstricks/pstricks.con))
(/usr/share/texlive/texmf-dist/tex/generic/pstricks/pst-fp.tex)
(/usr/share/texmf/tex/latex/xcolor/xcolor.sty
(/usr/share/texlive/texmf-dist/tex/latex/latexconfig/color.cfg)
(/usr/share/texlive/texmf-dist/tex/latex/pdftex-def/pdftex.def
(/usr/share/texlive/texmf-dist/tex/generic/oberdiek/infwarerr.sty)
(/usr/share/texlive/texmf-dist/tex/generic/oberdiek/ltxcmds.sty))))
(/usr/share/texlive/texmf-dist/tex/latex/carlisle/slashed.sty)
(/usr/share/texlive/texmf-dist/tex/latex/base/makeidx.sty)
(/usr/share/texlive/texmf-dist/tex/latex/wasysym/wasysym.sty)
(/usr/share/texlive/texmf-dist/tex/latex/jknapltx/mathrsfs.sty)
(/usr/share/texlive/texmf-dist/tex/latex/mh/mathtools.sty
(/usr/share/texlive/texmf-dist/tex/latex/tools/calc.sty)
(/usr/share/texlive/texmf-dist/tex/latex/mh/mhsetup.sty))
(/usr/share/texlive/texmf-dist/tex/latex/doublestroke/dsfont.sty)
(/usr/share/texlive/texmf-dist/tex/latex/hyperref/hyperref.sty
(/usr/share/texlive/texmf-dist/tex/generic/oberdiek/hobsub-hyperref.sty
(/usr/share/texlive/texmf-dist/tex/generic/oberdiek/hobsub-generic.sty))
(/usr/share/texlive/texmf-dist/tex/generic/ifxetex/ifxetex.sty)
(/usr/share/texlive/texmf-dist/tex/latex/oberdiek/auxhook.sty)
(/usr/share/texlive/texmf-dist/tex/latex/oberdiek/kvoptions.sty)
(/usr/share/texlive/texmf-dist/tex/latex/hyperref/pd1enc.def)
(/usr/share/texlive/texmf-dist/tex/latex/latexconfig/hyperref.cfg)
(/usr/share/texlive/texmf-dist/tex/latex/url/url.sty))

Package hyperref Message: Driver (autodetected): hpdftex.

(/usr/share/texlive/texmf-dist/tex/latex/hyperref/hpdftex.def
(/usr/share/texlive/texmf-dist/tex/latex/oberdiek/rerunfilecheck.sty))
(/usr/share/texlive/texmf-dist/tex/latex/etex-pkg/etex.sty))
(data/saetze-schmoeger.sty))
(/usr/share/texlive/texmf-dist/tex/latex/physics/physics.sty
(/usr/share/texlive/texmf-dist/tex/latex/l3packages/xparse/xparse.sty
(/usr/share/texlive/texmf-dist/tex/latex/l3kernel/expl3.sty
(/usr/share/texlive/texmf-dist/tex/latex/l3kernel/l3names.sty
(/usr/share/texlive/texmf-dist/tex/latex/l3kernel/l3bootstrap.sty))
(/usr/share/texlive/texmf-dist/tex/latex/l3kernel/l3basics.sty)
(/usr/share/texlive/texmf-dist/tex/latex/l3kernel/l3expan.sty)
(/usr/share/texlive/texmf-dist/tex/latex/l3kernel/l3tl.sty)
(/usr/share/texlive/texmf-dist/tex/latex/l3kernel/l3seq.sty)
(/usr/share/texlive/texmf-dist/tex/latex/l3kernel/l3int.sty)
(/usr/share/texlive/texmf-dist/tex/latex/l3kernel/l3quark.sty)
(/usr/share/texlive/texmf-dist/tex/latex/l3kernel/l3prg.sty)
(/usr/share/texlive/texmf-dist/tex/latex/l3kernel/l3clist.sty)
(/usr/share/texlive/texmf-dist/tex/latex/l3kernel/l3token.sty)
(/usr/share/texlive/texmf-dist/tex/latex/l3kernel/l3prop.sty)
(/usr/share/texlive/texmf-dist/tex/latex/l3kernel/l3msg.sty)
(/usr/share/texlive/texmf-dist/tex/latex/l3kernel/l3file.sty)
(/usr/share/texlive/texmf-dist/tex/latex/l3kernel/l3skip.sty)
(/usr/share/texlive/texmf-dist/tex/latex/l3kernel/l3keys.sty)
(/usr/share/texlive/texmf-dist/tex/latex/l3kernel/l3fp.sty)
(/usr/share/texlive/texmf-dist/tex/latex/l3kernel/l3box.sty)
(/usr/share/texlive/texmf-dist/tex/latex/l3kernel/l3coffins.sty)
(/usr/share/texlive/texmf-dist/tex/latex/l3kernel/l3color.sty)
(/usr/share/texlive/texmf-dist/tex/latex/l3kernel/l3luatex.sty)
(/usr/share/texlive/texmf-dist/tex/latex/l3kernel/l3candidates.sty)))
*************************************************
* LaTeX warning: "xparse/redefine-command"
* 
* Redefining document command \cp with arg. spec. '' on line 222.
*************************************************
*************************************************
* LaTeX warning: "xparse/redefine-command"
* 
* Redefining document command \grad with arg. spec. '' on line 233.
*************************************************
*************************************************
* LaTeX warning: "xparse/redefine-command"
* 
* Redefining document command \Re with arg. spec. 'g' on line 277.
*************************************************
*************************************************
* LaTeX warning: "xparse/redefine-command"
* 
* Redefining document command \Im with arg. spec. 'g' on line 278.
*************************************************
*************************************************
* LaTeX warning: "xparse/redefine-command"
* 
* Redefining document command \sin with arg. spec. '' on line 309.
*************************************************
*************************************************
* LaTeX warning: "xparse/redefine-command"
* 
* Redefining document command \cos with arg. spec. '' on line 310.
*************************************************
*************************************************
* LaTeX warning: "xparse/redefine-command"
* 
* Redefining document command \tan with arg. spec. '' on line 311.
*************************************************
*************************************************
* LaTeX warning: "xparse/redefine-command"
* 
* Redefining document command \csc with arg. spec. '' on line 312.
*************************************************
*************************************************
* LaTeX warning: "xparse/redefine-command"
* 
* Redefining document command \sec with arg. spec. '' on line 313.
*************************************************
*************************************************
* LaTeX warning: "xparse/redefine-command"
* 
* Redefining document command \cot with arg. spec. '' on line 314.
*************************************************
*************************************************
* LaTeX warning: "xparse/redefine-command"
* 
* Redefining document command \arcsin with arg. spec. '' on line 316.
*************************************************
*************************************************
* LaTeX warning: "xparse/redefine-command"
* 
* Redefining document command \arccos with arg. spec. '' on line 317.
*************************************************
*************************************************
* LaTeX warning: "xparse/redefine-command"
* 
* Redefining document command \arctan with arg. spec. '' on line 318.
*************************************************
*************************************************
* LaTeX warning: "xparse/redefine-command"
* 
* Redefining document command \sinh with arg. spec. '' on line 339.
*************************************************
*************************************************
* LaTeX warning: "xparse/redefine-command"
* 
* Redefining document command \cosh with arg. spec. '' on line 340.
*************************************************
*************************************************
* LaTeX warning: "xparse/redefine-command"
* 
* Redefining document command \tanh with arg. spec. '' on line 341.
*************************************************
*************************************************
* LaTeX warning: "xparse/redefine-command"
* 
* Redefining document command \coth with arg. spec. '' on line 346.
*************************************************
*************************************************
* LaTeX warning: "xparse/redefine-command"
* 
* Redefining document command \exp with arg. spec. '' on line 348.
*************************************************
*************************************************
* LaTeX warning: "xparse/redefine-command"
* 
* Redefining document command \log with arg. spec. '' on line 349.
*************************************************
*************************************************
* LaTeX warning: "xparse/redefine-command"
* 
* Redefining document command \ln with arg. spec. '' on line 350.
*************************************************
*************************************************
* LaTeX warning: "xparse/redefine-command"
* 
* Redefining document command \det with arg. spec. '' on line 351.
*************************************************
*************************************************
* LaTeX warning: "xparse/redefine-command"
* 
* Redefining document command \Pr with arg. spec. '' on line 352.
*************************************************
) (/usr/share/texmf/tex/latex/pgf/frontendlayer/tikz.sty
(/usr/share/texmf/tex/latex/pgf/basiclayer/pgf.sty
(/usr/share/texmf/tex/latex/pgf/utilities/pgfrcs.sty
(/usr/share/texmf/tex/generic/pgf/utilities/pgfutil-common.tex)
(/usr/share/texmf/tex/generic/pgf/utilities/pgfutil-latex.def
(/usr/share/texlive/texmf-dist/tex/latex/ms/everyshi.sty))
(/usr/share/texmf/tex/generic/pgf/utilities/pgfrcs.code.tex))
(/usr/share/texmf/tex/latex/pgf/basiclayer/pgfcore.sty
(/usr/share/texlive/texmf-dist/tex/latex/graphics/graphicx.sty
(/usr/share/texlive/texmf-dist/tex/latex/graphics/graphics.sty
(/usr/share/texlive/texmf-dist/tex/latex/graphics/trig.sty)
(/usr/share/texlive/texmf-dist/tex/latex/latexconfig/graphics.cfg)))
(/usr/share/texmf/tex/latex/pgf/systemlayer/pgfsys.sty
(/usr/share/texmf/tex/generic/pgf/systemlayer/pgfsys.code.tex
(/usr/share/texmf/tex/generic/pgf/utilities/pgfkeys.code.tex)
(/usr/share/texmf/tex/generic/pgf/systemlayer/pgf.cfg)
(/usr/share/texmf/tex/generic/pgf/systemlayer/pgfsys-pdftex.def
(/usr/share/texmf/tex/generic/pgf/systemlayer/pgfsys-common-pdf.def)))
(/usr/share/texmf/tex/generic/pgf/systemlayer/pgfsyssoftpath.code.tex)
(/usr/share/texmf/tex/generic/pgf/systemlayer/pgfsysprotocol.code.tex))
(/usr/share/texmf/tex/generic/pgf/basiclayer/pgfcore.code.tex
(/usr/share/texmf/tex/generic/pgf/math/pgfmath.code.tex
(/usr/share/texmf/tex/generic/pgf/math/pgfmathcalc.code.tex
(/usr/share/texmf/tex/generic/pgf/math/pgfmathutil.code.tex)
(/usr/share/texmf/tex/generic/pgf/math/pgfmathparser.code.tex)
(/usr/share/texmf/tex/generic/pgf/math/pgfmathfunctions.code.tex
(/usr/share/texmf/tex/generic/pgf/math/pgfmathfunctions.basic.code.tex)
(/usr/share/texmf/tex/generic/pgf/math/pgfmathfunctions.trigonometric.code.tex)
(/usr/share/texmf/tex/generic/pgf/math/pgfmathfunctions.random.code.tex)
(/usr/share/texmf/tex/generic/pgf/math/pgfmathfunctions.comparison.code.tex)
(/usr/share/texmf/tex/generic/pgf/math/pgfmathfunctions.base.code.tex)
(/usr/share/texmf/tex/generic/pgf/math/pgfmathfunctions.round.code.tex)
(/usr/share/texmf/tex/generic/pgf/math/pgfmathfunctions.misc.code.tex)))
(/usr/share/texmf/tex/generic/pgf/math/pgfmathfloat.code.tex))
(/usr/share/texmf/tex/generic/pgf/basiclayer/pgfcorepoints.code.tex)
(/usr/share/texmf/tex/generic/pgf/basiclayer/pgfcorepathconstruct.code.tex)
(/usr/share/texmf/tex/generic/pgf/basiclayer/pgfcorepathusage.code.tex)
(/usr/share/texmf/tex/generic/pgf/basiclayer/pgfcorescopes.code.tex)
(/usr/share/texmf/tex/generic/pgf/basiclayer/pgfcoregraphicstate.code.tex)
(/usr/share/texmf/tex/generic/pgf/basiclayer/pgfcoretransformations.code.tex)
(/usr/share/texmf/tex/generic/pgf/basiclayer/pgfcorequick.code.tex)
(/usr/share/texmf/tex/generic/pgf/basiclayer/pgfcoreobjects.code.tex)
(/usr/share/texmf/tex/generic/pgf/basiclayer/pgfcorepathprocessing.code.tex)
(/usr/share/texmf/tex/generic/pgf/basiclayer/pgfcorearrows.code.tex)
(/usr/share/texmf/tex/generic/pgf/basiclayer/pgfcoreshade.code.tex)
(/usr/share/texmf/tex/generic/pgf/basiclayer/pgfcoreimage.code.tex
(/usr/share/texmf/tex/generic/pgf/basiclayer/pgfcoreexternal.code.tex))
(/usr/share/texmf/tex/generic/pgf/basiclayer/pgfcorelayers.code.tex)
(/usr/share/texmf/tex/generic/pgf/basiclayer/pgfcoretransparency.code.tex)
(/usr/share/texmf/tex/generic/pgf/basiclayer/pgfcorepatterns.code.tex)))
(/usr/share/texmf/tex/generic/pgf/modules/pgfmoduleshapes.code.tex)
(/usr/share/texmf/tex/generic/pgf/modules/pgfmoduleplot.code.tex)
(/usr/share/texmf/tex/latex/pgf/compatibility/pgfcomp-version-0-65.sty)
(/usr/share/texmf/tex/latex/pgf/compatibility/pgfcomp-version-1-18.sty))
(/usr/share/texmf/tex/latex/pgf/utilities/pgffor.sty
(/usr/share/texmf/tex/latex/pgf/utilities/pgfkeys.sty
(/usr/share/texmf/tex/generic/pgf/utilities/pgfkeys.code.tex))
(/usr/share/texmf/tex/generic/pgf/utilities/pgffor.code.tex))
(/usr/share/texmf/tex/generic/pgf/frontendlayer/tikz/tikz.code.tex
(/usr/share/texmf/tex/generic/pgf/libraries/pgflibraryplothandlers.code.tex)
(/usr/share/texmf/tex/generic/pgf/modules/pgfmodulematrix.code.tex)
(/usr/share/texmf/tex/generic/pgf/frontendlayer/tikz/libraries/tikzlibrarytopat
hs.code.tex))) (/usr/share/texlive/texmf-dist/tex/latex/wrapfig/wrapfig.sty)
Writing index file Ana1.idx
(./Ana1.aux) (/usr/share/texlive/texmf-dist/tex/context/base/supp-pdf.mkii
[Loading MPS to PDF converter (version 2006.09.02).]
) (/usr/share/texlive/texmf-dist/tex/latex/hyperref/nameref.sty
(/usr/share/texlive/texmf-dist/tex/generic/oberdiek/gettitlestring.sty))
(./Ana1.out) (./Ana1.out) ABD: EveryShipout initializing macros
(/usr/share/texlive/texmf-dist/tex/latex/oberdiek/epstopdf-base.sty
(/usr/share/texlive/texmf-dist/tex/latex/oberdiek/grfext.sty)
(/usr/share/texlive/texmf-dist/tex/latex/latexconfig/epstopdf-sys.cfg))
(/usr/share/texlive/texmf-dist/tex/latex/base/t1cmss.fd)
(/usr/share/texlive/texmf-dist/tex/latex/amsfonts/umsa.fd)
(/usr/share/texlive/texmf-dist/tex/latex/amsfonts/umsb.fd)
(/usr/share/texlive/texmf-dist/tex/latex/stmaryrd/Ustmry.fd)
(/usr/share/texlive/texmf-dist/tex/latex/wasysym/uwasy.fd)
(/usr/share/texlive/texmf-dist/tex/latex/jknapltx/ursfs.fd)
(/usr/share/texlive/texmf-dist/tex/latex/base/t1cmtt.fd) [1
Non-PDF special ignored!
Non-PDF special ignored!
Non-PDF special ignored!
Non-PDF special ignored!
Non-PDF special ignored!
Non-PDF special ignored!
Non-PDF special ignored!{/var/lib/texmf/fonts/map/pdftex/updmap/pdftex.map}]
[2] (./Ana1.toc [3]) [4]
Kapitel I.
[5] [6]
Kapitel II.
(/usr/share/texlive/texmf-dist/tex/latex/base/omscmr.fd) [7] [8]
\IeC {\textsection } 1.
[9]
Underfull \hbox (badness 10000) in paragraph at lines 165--167

[10]

LaTeX Font Warning: Font shape `U/stmry/b/n' undefined
(Font)              using `U/stmry/m/n' instead on input line 206.


LaTeX Font Warning: Font shape `U/wasy/b/n' in size <8> not available
(Font)              Font shape `U/wasy/m/n' tried instead on input line 206.


LaTeX Font Warning: Font shape `U/wasy/b/n' in size <6> not available
(Font)              Font shape `U/wasy/m/n' tried instead on input line 206.

[11] [12]
\IeC {\textsection } 2.
[13] [14] [15] [16]
\IeC {\textsection } 3.

Underfull \hbox (badness 10000) in paragraph at lines 344--345

[17] [18]
\IeC {\textsection } 4.
[19] [20]
\IeC {\textsection } 5.
[21] [22]
\IeC {\textsection } 6.

Underfull \hbox (badness 10000) in paragraph at lines 525--526

[23] [24] [25] [26]
\IeC {\textsection } 7.
[27] [28] [29] [30]
\IeC {\textsection } 8.
[31] [32]
\IeC {\textsection } 9.
[33] [34] [35] [36]
\IeC {\textsection } 10.
[37] [38]
\IeC {\textsection } 11.
[39] [40] [41] [42]
\IeC {\textsection } 12.
[43] [44] [45] [46]
\IeC {\textsection } 13.
[47]
Overfull \hbox (23.94106pt too wide) in paragraph at lines 1295--1296
[]\T1/cmr/m/n/10.95 Sei $\OML/cmm/m/it/10.95 n \OMS/cmsy/m/n/10.95 2 \U/msb/m/n
/10.95 N$ \T1/cmr/m/n/10.95 und $\OML/cmm/m/it/10.95 j \OT1/cmr/m/n/10.95 := []
\OMS/cmsy/m/n/10.95 f\OML/cmm/m/it/10.95 ^^^\OT1/cmr/m/n/10.95 (1)\OML/cmm/m/it
/10.95 ; ^^^\OT1/cmr/m/n/10.95 (2)\OML/cmm/m/it/10.95 ; [] ; ^^^\OT1/cmr/m/n/10
.95 (\OML/cmm/m/it/10.95 n\OT1/cmr/m/n/10.95 )\OMS/cmsy/m/n/10.95 g$\T1/cmr/m/n
/10.95 . Dann: $\OMS/cmsy/m/n/10.95 f\OML/cmm/m/it/10.95 ^^^\OT1/cmr/m/n/10.95 
(1)\OML/cmm/m/it/10.95 ; ^^^\OT1/cmr/m/n/10.95 (2)\OML/cmm/m/it/10.95 ; [] ; ^^
^\OT1/cmr/m/n/10.95 (\OML/cmm/m/it/10.95 n\OT1/cmr/m/n/10.95 )\OMS/cmsy/m/n/10.
95 g ^^R f\OT1/cmr/m/n/10.95 1\OML/cmm/m/it/10.95 ; \OT1/cmr/m/n/10.95 2\OML/cm
m/m/it/10.95 ; [] ; j\OMS/cmsy/m/n/10.95 g  \OT1/cmr/m/n/10.95 =[]\OMS/cmsy/m/n
/10.95 )
[48]
Underfull \hbox (badness 1762) in paragraph at lines 1431--1432
[]$\OML/cmm/m/it/10.95 E\OT1/cmr/m/n/10.95 (\OML/cmm/m/it/10.95 x \OT1/cmr/m/n/
10.95 + \OML/cmm/m/it/10.95 y\OT1/cmr/m/n/10.95 ) = \OML/cmm/m/it/10.95 E\OT1/c
mr/m/n/10.95 (\OML/cmm/m/it/10.95 x\OT1/cmr/m/n/10.95 )\OML/cmm/m/it/10.95 E\OT
1/cmr/m/n/10.95 (\OML/cmm/m/it/10.95 y\OT1/cmr/m/n/10.95 ) \OMS/cmsy/m/n/10.95 
8\OML/cmm/m/it/10.95 x; y \OMS/cmsy/m/n/10.95 2 \U/msb/m/n/10.95 R$\T1/cmr/m/n/
10.95 ; all-ge-mein: $\OML/cmm/m/it/10.95 E\OT1/cmr/m/n/10.95 (\OML/cmm/m/it/10
.95 x[] \OT1/cmr/m/n/10.95 + \OML/cmm/m/it/10.95 x[] \OT1/cmr/m/n/10.95 + [] + 
\OML/cmm/m/it/10.95 x[]\OT1/cmr/m/n/10.95 ) =
[49] [50] [51] [52]
\IeC {\textsection } 14.
[53] [54] [55] [56]
\IeC {\textsection } 15.

Package hyperref Warning: Token not allowed in a PDF string (PDFDocEncoding):
(hyperref)                removing `math shift' on input line 1573.


Package hyperref Warning: Token not allowed in a PDF string (PDFDocEncoding):
(hyperref)                removing `math shift' on input line 1573.

[57] [58] [59] [60]
\IeC {\textsection } 16.
[61] [62]
Underfull \hbox (badness 10000) in paragraph at lines 1747--1749

[63] [64]
\IeC {\textsection } 17.
[65] [66] [67] [68]
\IeC {\textsection } 18.
[69] [70] [71] [72]
\IeC {\textsection } 19.
[73] [74] [75] [76]
\IeC {\textsection } 20.
[77] [78]
\IeC {\textsection } 21.
[79]
Overfull \hbox (0.58354pt too wide) in paragraph at lines 2175--2178
\T1/cmr/m/n/10.95 Es gilt: $\OML/cmm/m/it/10.95 x \OT1/cmr/m/n/10.95 = \OML/cmm
/m/it/10.95 f\OT1/cmr/m/n/10.95 (\OML/cmm/m/it/10.95 f[]\OT1/cmr/m/n/10.95 (\OM
L/cmm/m/it/10.95 x\OT1/cmr/m/n/10.95 ))(\OMS/cmsy/m/n/10.95 ^^C\OT1/cmr/m/n/10.
95 ) \OMS/cmsy/m/n/10.95 8\OML/cmm/m/it/10.95 x \OMS/cmsy/m/n/10.95 ^^U \OT1/cm
r/m/n/10.95 0$ \T1/cmr/m/n/10.95 An-nah-me: $\OML/cmm/m/it/10.95 f[]$ \T1/cmr/m
/n/10.95 ist dif-fe-ren-zier-bar in $\OML/cmm/m/it/10.95 x[] \OT1/cmr/m/n/10.95
 = 0  []
[80] [81] [82] [83] [84] [85] [86]
\IeC {\textsection } 22.
[87] [88] [89] [90]
\IeC {\textsection } 23.
(/usr/share/texlive/texmf-dist/tex/latex/amsfonts/ueuf.fd) [91]
Overfull \hbox (26.57596pt too wide) detected at line 2633
\OML/cmm/m/it/10.95 m[] \OT1/cmr/m/n/10.95 = \OML/cmm/m/it/10.95 f\OT1/cmr/m/n/
10.95 (\OML/cmm/m/it/10.95 x[]\OT1/cmr/m/n/10.95 ) = (\OML/cmm/m/it/10.95 j \OM
S/cmsy/m/n/10.95 ^^@ \OT1/cmr/m/n/10.95 1)[]\OML/cmm/m/it/10.95 : s[]\OT1/cmr/m
/n/10.95 (\OML/cmm/m/it/10.95 Z\OT1/cmr/m/n/10.95 ) = [](\OML/cmm/m/it/10.95 j 
\OMS/cmsy/m/n/10.95 ^^@ \OT1/cmr/m/n/10.95 1)[] = [](0 + 1 + [] + (\OML/cmm/m/i
t/10.95 n \OMS/cmsy/m/n/10.95 ^^@ \OT1/cmr/m/n/10.95 1)) = [][] = []
[92]
Underfull \hbox (badness 10000) in paragraph at lines 2673--2674

[93] [94] [95] [96] [97]
Underfull \hbox (badness 10000) in paragraph at lines 2812--2814

[98]
Overfull \hbox (38.1373pt too wide) in paragraph at lines 2865--2866
[]\T1/cmr/m/n/10.95 Sei $\OML/cmm/m/it/10.95 " > \OT1/cmr/m/n/10.95 0\OML/cmm/m
/it/10.95 :$ \T1/cmr/m/n/10.95 Nach Vor-aus-set-zung gibt es ein $\OML/cmm/m/it
/10.95 Z \OMS/cmsy/m/n/10.95 2 \U/euf/m/n/10.95 Z$ \T1/cmr/m/n/10.95 so, dass (
$\OMS/cmsy/m/n/10.95 ^^C$\T1/cmr/m/n/10.95 ) gilt. Sei $\OML/cmm/m/it/10.95 Z \
OT1/cmr/m/n/10.95 := \OMS/cmsy/m/n/10.95 f\OML/cmm/m/it/10.95 x[]; [] ; x[]\OMS
/cmsy/m/n/10.95 g\OML/cmm/m/it/10.95 ;  m[];  M[];  I[]$
[99] [100]
Overfull \hbox (5.45587pt too wide) in paragraph at lines 2935--2936
[]$[] [][] \OML/cmm/m/it/10.95 x[]x \OT1/cmr/m/n/10.95 = [] [] [] []\OML/cmm/m/
it/10.95 x \OT1/cmr/m/n/10.95 = \OMS/cmsy/m/n/10.95 ^^@ [] \OML/cmm/m/it/10.95 
x [] x \OMS/cmsy/m/n/10.95 ^^@ [] [] \OT1/cmr/m/n/10.95 = \OMS/cmsy/m/n/10.95 ^
^@ [] \OML/cmm/m/it/10.95 x [] x \OT1/cmr/m/n/10.95 + [](1 \OMS/cmsy/m/n/10.95 
^^@ [][] \OML/cmm/m/it/10.95 x\OT1/cmr/m/n/10.95 )[]\OML/cmm/m/it/10.95 x \OT1/
cmr/m/n/10.95 =
[101]
Overfull \hbox (14.73404pt too wide) in paragraph at lines 2963--2964
[][] [][]\OML/cmm/m/it/10.95 x \OT1/cmr/m/n/10.95 = [][] [] [] \OML/cmm/m/it/10
.95 t[]t \OT1/cmr/m/n/10.95 = [][] \OMS/cmsy/m/n/10.95 j [] \OML/cmm/m/it/10.95
 t\OMS/cmsy/m/n/10.95 j [] \OML/cmm/m/it/10.95 t[]t \OT1/cmr/m/n/10.95 = [][] [
][] \OML/cmm/m/it/10.95 t[]t \OT1/cmr/m/n/10.95 = [][](1 \OMS/cmsy/m/n/10.95 ^^
@ [][] \OML/cmm/m/it/10.95 t\OT1/cmr/m/n/10.95 )[]\OML/cmm/m/it/10.95 t \OT1/cm
r/m/n/10.95 =
[102] [103] [104] [105] [106]
\IeC {\textsection } 24.
[107] [108]
\IeC {\textsection } 25.
[109] [110]
\IeC {\textsection } 26.

Overfull \hbox (17.28838pt too wide) in paragraph at lines 3263--3264
[]$\OML/cmm/m/it/10.95 f$ \T1/cmr/m/n/10.95 heiÿt []\T1/cmr/bx/n/10.95 Riemann-
Stieltjes-integrierbar \T1/cmr/m/n/10.95 bzgl. $\OML/cmm/m/it/10.95 g$ \T1/cmr/
m/n/10.95 über $\OT1/cmr/m/n/10.95 [\OML/cmm/m/it/10.95 a; b\OT1/cmr/m/n/10.95 
] : \OMS/cmsy/m/n/10.95 ([])  9\OML/cmm/m/it/10.95 S \OMS/cmsy/m/n/10.95 2 \U/m
sb/m/n/10.95 R \OT1/cmr/m/n/10.95 : \OML/cmm/m/it/10.95 ^^[[]\OT1/cmr/m/n/10.95
 (\OML/cmm/m/it/10.95 Z[]; ^^X[]; g\OT1/cmr/m/n/10.95 ) \OMS/cmsy/m/n/10.95 !
[111] [112]
Overfull \hbox (4.5395pt too wide) in paragraph at lines 3353--3354
[]\T1/cmr/m/n/10.95 Sei $\OML/cmm/m/it/10.95 Z \OT1/cmr/m/n/10.95 = \OMS/cmsy/m
/n/10.95 f\OML/cmm/m/it/10.95 x[]; [] ; x[]\OMS/cmsy/m/n/10.95 g 2 \U/euf/m/n/1
0.95 Z\OML/cmm/m/it/10.95 : m[]; M[]; I[]$ \T1/cmr/m/n/10.95 sei-en wie im-mer,
 $\OML/cmm/m/it/10.95 d[] \OT1/cmr/m/n/10.95 := \OML/cmm/m/it/10.95 g\OT1/cmr/m
/n/10.95 (\OML/cmm/m/it/10.95 x[]\OT1/cmr/m/n/10.95 ) \OMS/cmsy/m/n/10.95 ^^@ \
OML/cmm/m/it/10.95 g\OT1/cmr/m/n/10.95 (\OML/cmm/m/it/10.95 x[]\OT1/cmr/m/n/10.
95 ) (\OML/cmm/m/it/10.95 j \OT1/cmr/m/n/10.95 = 1\OML/cmm/m/it/10.95 ; [] ; n\
OT1/cmr/m/n/10.95 )\OML/cmm/m/it/10.95 : s\OT1/cmr/m/n/10.95 (\OML/cmm/m/it/10.
95 Z\OT1/cmr/m/n/10.95 ) =
[113] [114]
Anhang A.
** Generating table of satz,wichtigedefinition
(./Ana1.thm [115]
Underfull \vbox (badness 5771) has occurred while \output is active [116]
Overfull \hbox (2.7858pt too wide) detected at line 286
\T1/cmr/m/n/10.95 21.10. 

Overfull \hbox (2.7858pt too wide) detected at line 288
\T1/cmr/m/n/10.95 21.11. 

Overfull \hbox (2.7858pt too wide) detected at line 335
\T1/cmr/m/n/10.95 23.10. 

Overfull \hbox (2.7858pt too wide) detected at line 337
\T1/cmr/m/n/10.95 23.11. 

Overfull \hbox (2.7858pt too wide) detected at line 339
\T1/cmr/m/n/10.95 23.12. 

Underfull \vbox (badness 5771) has occurred while \output is active [117]
Overfull \hbox (2.7858pt too wide) detected at line 343
\T1/cmr/m/n/10.95 23.13. 

Overfull \hbox (2.7858pt too wide) detected at line 345
\T1/cmr/m/n/10.95 23.14. 

Overfull \hbox (2.7858pt too wide) detected at line 348
\T1/cmr/m/n/10.95 23.15. 

Overfull \hbox (2.7858pt too wide) detected at line 351
\T1/cmr/m/n/10.95 23.16. 

Overfull \hbox (2.7858pt too wide) detected at line 356
\T1/cmr/m/n/10.95 23.17. 

Overfull \hbox (2.7858pt too wide) detected at line 359
\T1/cmr/m/n/10.95 23.18. 

Overfull \hbox (2.7858pt too wide) detected at line 363
\T1/cmr/m/n/10.95 23.19. 

Overfull \hbox (2.7858pt too wide) detected at line 366
\T1/cmr/m/n/10.95 23.20. 
) (./Ana1.ind [118] [119] [120])
Anhang B.

Underfull \hbox (badness 10000) in paragraph at lines 3391--3419

[121] (./Ana1.aux)

LaTeX Font Warning: Some font shapes were not available, defaults substituted.

 )
(see the transcript file for additional information){/usr/share/texmf/fonts/enc
/dvips/cm-super/cm-super-t1.enc}</usr/share/texlive/texmf-dist/fonts/type1/publ
ic/amsfonts/cm/cmbsy10.pfb></usr/share/texlive/texmf-dist/fonts/type1/public/am
sfonts/cm/cmbx10.pfb></usr/share/texlive/texmf-dist/fonts/type1/public/amsfonts
/cm/cmex10.pfb></usr/share/texlive/texmf-dist/fonts/type1/public/amsfonts/cmext
ra/cmex8.pfb></usr/share/texlive/texmf-dist/fonts/type1/public/amsfonts/cm/cmmi
10.pfb></usr/share/texlive/texmf-dist/fonts/type1/public/amsfonts/cm/cmmi12.pfb
></usr/share/texlive/texmf-dist/fonts/type1/public/amsfonts/cm/cmmi6.pfb></usr/
share/texlive/texmf-dist/fonts/type1/public/amsfonts/cm/cmmi8.pfb></usr/share/t
exlive/texmf-dist/fonts/type1/public/amsfonts/cm/cmmib10.pfb></usr/share/texliv
e/texmf-dist/fonts/type1/public/amsfonts/cmextra/cmmib6.pfb></usr/share/texlive
/texmf-dist/fonts/type1/public/amsfonts/cmextra/cmmib8.pfb></usr/share/texlive/
texmf-dist/fonts/type1/public/amsfonts/cm/cmr10.pfb></usr/share/texlive/texmf-d
ist/fonts/type1/public/amsfonts/cm/cmr6.pfb></usr/share/texlive/texmf-dist/font
s/type1/public/amsfonts/cm/cmr8.pfb></usr/share/texlive/texmf-dist/fonts/type1/
public/amsfonts/cm/cmsy10.pfb></usr/share/texlive/texmf-dist/fonts/type1/public
/amsfonts/cm/cmsy6.pfb></usr/share/texlive/texmf-dist/fonts/type1/public/amsfon
ts/cm/cmsy8.pfb></usr/share/texlive/texmf-dist/fonts/type1/public/amsfonts/eule
r/eufm10.pfb></usr/share/texlive/texmf-dist/fonts/type1/public/amsfonts/symbols
/msam10.pfb></usr/share/texlive/texmf-dist/fonts/type1/public/amsfonts/symbols/
msbm10.pfb></usr/share/texlive/texmf-dist/fonts/type1/public/rsfs/rsfs10.pfb></
usr/share/texmf/fonts/type1/public/cm-super/sfbi1095.pfb></usr/share/texmf/font
s/type1/public/cm-super/sfbx1095.pfb></usr/share/texmf/fonts/type1/public/cm-su
per/sfrm0600.pfb></usr/share/texmf/fonts/type1/public/cm-super/sfrm0800.pfb></u
sr/share/texmf/fonts/type1/public/cm-super/sfrm1095.pfb></usr/share/texmf/fonts
/type1/public/cm-super/sfrm1440.pfb></usr/share/texmf/fonts/type1/public/cm-sup
er/sfsl1095.pfb></usr/share/texmf/fonts/type1/public/cm-super/sfsx1095.pfb></us
r/share/texmf/fonts/type1/public/cm-super/sfsx1440.pfb></usr/share/texmf/fonts/
type1/public/cm-super/sfsx2074.pfb></usr/share/texmf/fonts/type1/public/cm-supe
r/sfti1095.pfb></usr/share/texmf/fonts/type1/public/cm-super/sftt1095.pfb></usr
/share/texmf/fonts/type1/public/cm-super/sftt1440.pfb>
Output written on Ana1.pdf (121 pages, 934220 bytes).
Transcript written on Ana1.log.
Result: ExitSuccess

Running /usr/bin/convert -verbose Ana1.pdf[0] -resize 70x Ana1.png in an env with 4 entries:
"gs" -q -dQUIET -dSAFER -dBATCH -dNOPAUSE -dNOPROMPT -dMaxBitmap=500000000 -dAlignToPixels=0 -dGridFitTT=2 "-sDEVICE=pngalpha" -dTextAlphaBits=4 -dGraphicsAlphaBits=4 "-r72x72" -dFirstPage=1 -dLastPage=1 "-sOutputFile=/tmp/magick-aDXp8AhL-%08d" "-f/tmp/magick-LWc6xHN3" "-f/tmp/magick-JOlRWWjm"
/tmp/magick-aDXp8AhL-00000001 PNG 595x842 595x842+0+0 8-bit DirectClass 10.4KB 0.010u 0:00.010
Ana1.pdf[0]=>Ana1.pdf PDF 595x842 595x842+0+0 16-bit DirectClass 10.4KB 0.010u 0:00.000
Ana1.pdf[0]=>Ana1.png PDF 595x842=>70x99 70x99+0+0 16-bit PseudoClass 226c 0.030u 0:00.019
Result: ExitSuccess

Running /usr/bin/optipng -verbose Ana1.png in an env with 4 entries:
OptiPNG 0.6.4: Advanced PNG optimizer.
Copyright (C) 2001-2010 Cosmin Truta.

** Processing: Ana1.png
70x99 pixels, 4x16 bits/pixel, RGB+alpha
Input IDAT size = 1015 bytes
Input file size = 1314 bytes

Trying:
  zc = 9  zm = 8  zs = 0  f = 0		IDAT size = 907
  zc = 9  zm = 8  zs = 1  f = 0		IDAT size = 904
  zc = 1  zm = 8  zs = 2  f = 0		IDAT too big
  zc = 9  zm = 8  zs = 3  f = 0		IDAT too big
  zc = 9  zm = 8  zs = 0  f = 5		IDAT too big
  zc = 9  zm = 8  zs = 1  f = 5		IDAT too big
  zc = 1  zm = 8  zs = 2  f = 5		IDAT too big
  zc = 9  zm = 8  zs = 3  f = 5		IDAT too big

Selecting parameters:
  zc = 9  zm = 8  zs = 1  f = 0		IDAT size = 904

Output IDAT size = 904 bytes (111 bytes decrease)
Output file size = 1203 bytes (111 bytes = 8.45% decrease)

** Status report
1 file(s) have been processed.
Result: ExitSuccess
