
Running /usr/bin/pdflatex Fa151006.tex in an env with 4 entries:
This is pdfTeX, Version 3.1415926-2.5-1.40.14 (TeX Live 2013/Debian)
 restricted \write18 enabled.
entering extended mode
(data/Fa151006.tex
LaTeX2e <2011/06/27>
Babel <3.9h> and hyphenation patterns for 78 languages loaded.
(/usr/share/texlive/texmf-dist/tex/latex/base/article.cls
Document Class: article 2007/10/19 v1.4h Standard LaTeX document class
(/usr/share/texlive/texmf-dist/tex/latex/base/size10.clo))
No file Fa151006.aux.
[1{/var/lib/texmf/fonts/map/pdftex/updmap/pdftex.map}] (./Fa151006.aux) )</usr/
share/texlive/texmf-dist/fonts/type1/public/amsfonts/cm/cmr10.pfb>
Output written on Fa151006.pdf (1 page, 11480 bytes).
Transcript written on Fa151006.log.
Result: ExitSuccess

Running /usr/bin/pdflatex Fa151006.tex in an env with 4 entries:
This is pdfTeX, Version 3.1415926-2.5-1.40.14 (TeX Live 2013/Debian)
 restricted \write18 enabled.
entering extended mode
(data/Fa151006.tex
LaTeX2e <2011/06/27>
Babel <3.9h> and hyphenation patterns for 78 languages loaded.
(/usr/share/texlive/texmf-dist/tex/latex/base/article.cls
Document Class: article 2007/10/19 v1.4h Standard LaTeX document class
(/usr/share/texlive/texmf-dist/tex/latex/base/size10.clo)) (./Fa151006.aux)
[1{/var/lib/texmf/fonts/map/pdftex/updmap/pdftex.map}] (./Fa151006.aux) )</usr/
share/texlive/texmf-dist/fonts/type1/public/amsfonts/cm/cmr10.pfb>
Output written on Fa151006.pdf (1 page, 11480 bytes).
Transcript written on Fa151006.log.
Result: ExitSuccess

Running /usr/bin/pdflatex Fa151006.tex in an env with 4 entries:
This is pdfTeX, Version 3.1415926-2.5-1.40.14 (TeX Live 2013/Debian)
 restricted \write18 enabled.
entering extended mode
(data/Fa151006.tex
LaTeX2e <2011/06/27>
Babel <3.9h> and hyphenation patterns for 78 languages loaded.
(/usr/share/texlive/texmf-dist/tex/latex/base/article.cls
Document Class: article 2007/10/19 v1.4h Standard LaTeX document class
(/usr/share/texlive/texmf-dist/tex/latex/base/size10.clo)) (./Fa151006.aux)
[1{/var/lib/texmf/fonts/map/pdftex/updmap/pdftex.map}] (./Fa151006.aux) )</usr/
share/texlive/texmf-dist/fonts/type1/public/amsfonts/cm/cmr10.pfb>
Output written on Fa151006.pdf (1 page, 11480 bytes).
Transcript written on Fa151006.log.
Result: ExitSuccess

Running /usr/bin/convert -verbose Fa151006.pdf[0] -resize 70x Fa151006.png in an env with 4 entries:
"gs" -q -dQUIET -dSAFER -dBATCH -dNOPAUSE -dNOPROMPT -dMaxBitmap=500000000 -dAlignToPixels=0 -dGridFitTT=2 "-sDEVICE=pngalpha" -dTextAlphaBits=4 -dGraphicsAlphaBits=4 "-r72x72" -dFirstPage=1 -dLastPage=1 "-sOutputFile=/tmp/magick-4fiwke9o-%08d" "-f/tmp/magick-dLNLIkGT" "-f/tmp/magick-qFXsWwdo"
/tmp/magick-4fiwke9o-00000001 PNG 612x792 612x792+0+0 8-bit DirectClass 6.52KB 0.010u 0:00.009
Fa151006.pdf[0]=>Fa151006.pdf PDF 612x792 612x792+0+0 16-bit DirectClass 6.52KB 0.000u 0:00.000
Fa151006.pdf[0]=>Fa151006.png PDF 612x792=>70x91 70x91+0+0 8-bit PseudoClass 22c 0.030u 0:00.010
Result: ExitSuccess

Running /usr/bin/optipng -verbose Fa151006.png in an env with 4 entries:
OptiPNG 0.6.4: Advanced PNG optimizer.
Copyright (C) 2001-2010 Cosmin Truta.

** Processing: Fa151006.png
70x91 pixels, 2x8 bits/pixel, grayscale+alpha
Reducing image to 4 bits/pixel, 13 colors (12 transparent) in palette
Input IDAT size = 97 bytes
Input file size = 392 bytes

Trying:
  zc = 9  zm = 8  zs = 0  f = 0		IDAT size = 53
  zc = 9  zm = 8  zs = 1  f = 0		IDAT size = 53
  zc = 1  zm = 8  zs = 2  f = 0		IDAT too big
  zc = 9  zm = 8  zs = 3  f = 0		IDAT size = 53
  zc = 9  zm = 8  zs = 0  f = 5		IDAT too big
  zc = 9  zm = 8  zs = 1  f = 5		IDAT too big
  zc = 1  zm = 8  zs = 2  f = 5		IDAT too big
  zc = 9  zm = 8  zs = 3  f = 5		IDAT too big

Fa151006.png is already optimized.

** Status report
1 file(s) have been processed.
Result: ExitSuccess
