
Running /usr/bin/pdflatex FinMath1.tex in an env with 4 entries:
This is pdfTeX, Version 3.1415926-2.5-1.40.14 (TeX Live 2013/Debian)
 restricted \write18 enabled.
entering extended mode
(data/FinMath1.tex
LaTeX2e <2011/06/27>
Babel <3.9h> and hyphenation patterns for 78 languages loaded.
(/usr/share/texlive/texmf-dist/tex/latex/koma-script/scrbook.cls
Document Class: scrbook 2013/12/19 v3.12 KOMA-Script document class (book)
(/usr/share/texlive/texmf-dist/tex/latex/koma-script/scrkbase.sty
(/usr/share/texlive/texmf-dist/tex/latex/koma-script/scrbase.sty
(/usr/share/texlive/texmf-dist/tex/latex/graphics/keyval.sty)
(/usr/share/texlive/texmf-dist/tex/latex/koma-script/scrlfile.sty
Package scrlfile, 2013/12/19 v3.12 KOMA-Script package (loading files)
                  Copyright (C) Markus Kohm

))) (/usr/share/texlive/texmf-dist/tex/latex/koma-script/tocbasic.sty)
(/usr/share/texlive/texmf-dist/tex/latex/koma-script/scrsize11pt.clo)
(/usr/share/texlive/texmf-dist/tex/latex/koma-script/typearea.sty
Package typearea, 2013/12/19 v3.12 KOMA-Script package (type area)
                  Copyright (C) Frank Neukam, 1992-1994
                  Copyright (C) Markus Kohm, 1994-

)) (data/mathe.sty (data/latexki.sty)
(/usr/share/texlive/texmf-dist/tex/latex/base/inputenc.sty
(/usr/share/texlive/texmf-dist/tex/latex/base/utf8.def
(/usr/share/texlive/texmf-dist/tex/latex/base/t1enc.dfu)
(/usr/share/texlive/texmf-dist/tex/latex/base/ot1enc.dfu)
(/usr/share/texlive/texmf-dist/tex/latex/base/omsenc.dfu)))
(/usr/share/texlive/texmf-dist/tex/generic/babel/babel.sty
(/usr/share/texlive/texmf-dist/tex/generic/babel-german/ngermanb.ldf
(/usr/share/texlive/texmf-dist/tex/generic/babel/babel.def)))
(/usr/share/texlive/texmf-dist/tex/latex/base/fontenc.sty
(/usr/share/texlive/texmf-dist/tex/latex/base/t1enc.def))
(/usr/share/texlive/texmf-dist/tex/latex/amsfonts/amsfonts.sty)
(/usr/share/texlive/texmf-dist/tex/latex/amsfonts/amssymb.sty)
(/usr/share/texlive/texmf-dist/tex/latex/amsmath/amsmath.sty
For additional information on amsmath, use the `?' option.
(/usr/share/texlive/texmf-dist/tex/latex/amsmath/amstext.sty
(/usr/share/texlive/texmf-dist/tex/latex/amsmath/amsgen.sty))
(/usr/share/texlive/texmf-dist/tex/latex/amsmath/amsbsy.sty)
(/usr/share/texlive/texmf-dist/tex/latex/amsmath/amsopn.sty))
(/usr/share/texlive/texmf-dist/tex/latex/stmaryrd/stmaryrd.sty)
(/usr/share/texlive/texmf-dist/tex/latex/tools/verbatim.sty)
(/usr/share/texlive/texmf-dist/tex/latex/base/ifthen.sty)
(/usr/share/texlive/texmf-dist/tex/latex/ntheorem/ntheorem.sty
Style `ntheorem', Version 1.33 <2011/08/15>
) (/usr/share/texlive/texmf-dist/tex/latex/framed/framed.sty)
(/usr/share/texlive/texmf-dist/tex/latex/pstricks/pstricks.sty
(/usr/share/texlive/texmf-dist/tex/generic/oberdiek/ifpdf.sty)
(/usr/share/texlive/texmf-dist/tex/generic/pstricks/pstricks.tex
(/usr/share/texlive/texmf-dist/tex/generic/xkeyval/pst-xkey.tex
(/usr/share/texlive/texmf-dist/tex/latex/xkeyval/xkeyval.sty
(/usr/share/texlive/texmf-dist/tex/generic/xkeyval/xkeyval.tex)))
(/usr/share/texlive/texmf-dist/tex/generic/pstricks/pst-fp.tex
`pst-fp' v0.05, 2010/01/17 (hv))
(/usr/share/texmf/tex/generic/pgf/utilities/pgfutil-common.tex)
(/usr/share/texmf/tex/generic/pgf/utilities/pgfkeys.code.tex
(/usr/share/texmf/tex/generic/pgf/utilities/pgfkeysfiltered.code.tex))
(/usr/share/texmf/tex/generic/pgf/utilities/pgffor.code.tex)
`PSTricks' v2.51  <2014/02/03> (tvz)
(/usr/share/texlive/texmf-dist/tex/generic/pstricks/pstricks.con))
(/usr/share/texlive/texmf-dist/tex/generic/pstricks/pst-fp.tex)
(/usr/share/texmf/tex/latex/xcolor/xcolor.sty
(/usr/share/texlive/texmf-dist/tex/latex/latexconfig/color.cfg)
(/usr/share/texlive/texmf-dist/tex/latex/pdftex-def/pdftex.def
(/usr/share/texlive/texmf-dist/tex/generic/oberdiek/infwarerr.sty)
(/usr/share/texlive/texmf-dist/tex/generic/oberdiek/ltxcmds.sty))))
(/usr/share/texlive/texmf-dist/tex/latex/carlisle/slashed.sty)
(/usr/share/texlive/texmf-dist/tex/latex/base/makeidx.sty)
(/usr/share/texlive/texmf-dist/tex/latex/wasysym/wasysym.sty)
(/usr/share/texlive/texmf-dist/tex/latex/jknapltx/mathrsfs.sty)
(/usr/share/texlive/texmf-dist/tex/latex/mh/mathtools.sty
(/usr/share/texlive/texmf-dist/tex/latex/tools/calc.sty)
(/usr/share/texlive/texmf-dist/tex/latex/mh/mhsetup.sty))
(/usr/share/texlive/texmf-dist/tex/latex/doublestroke/dsfont.sty)
(/usr/share/texlive/texmf-dist/tex/latex/hyperref/hyperref.sty
(/usr/share/texlive/texmf-dist/tex/generic/oberdiek/hobsub-hyperref.sty
(/usr/share/texlive/texmf-dist/tex/generic/oberdiek/hobsub-generic.sty))
(/usr/share/texlive/texmf-dist/tex/generic/ifxetex/ifxetex.sty)
(/usr/share/texlive/texmf-dist/tex/latex/oberdiek/auxhook.sty)
(/usr/share/texlive/texmf-dist/tex/latex/oberdiek/kvoptions.sty)
(/usr/share/texlive/texmf-dist/tex/latex/hyperref/pd1enc.def)
(/usr/share/texlive/texmf-dist/tex/latex/latexconfig/hyperref.cfg)
(/usr/share/texlive/texmf-dist/tex/latex/url/url.sty))

Package hyperref Message: Driver (autodetected): hpdftex.

(/usr/share/texlive/texmf-dist/tex/latex/hyperref/hpdftex.def
(/usr/share/texlive/texmf-dist/tex/latex/oberdiek/rerunfilecheck.sty))
(/usr/share/texlive/texmf-dist/tex/latex/etex-pkg/etex.sty))
(data/saetze-veraart.sty) (data/faktor.sty)
(/usr/share/texlive/texmf-dist/tex/latex/tools/enumerate.sty)
(/usr/share/texmf/tex/latex/pgf/frontendlayer/tikz.sty
(/usr/share/texmf/tex/latex/pgf/basiclayer/pgf.sty
(/usr/share/texmf/tex/latex/pgf/utilities/pgfrcs.sty
(/usr/share/texmf/tex/generic/pgf/utilities/pgfutil-common.tex)
(/usr/share/texmf/tex/generic/pgf/utilities/pgfutil-latex.def
(/usr/share/texlive/texmf-dist/tex/latex/ms/everyshi.sty))
(/usr/share/texmf/tex/generic/pgf/utilities/pgfrcs.code.tex))
(/usr/share/texmf/tex/latex/pgf/basiclayer/pgfcore.sty
(/usr/share/texlive/texmf-dist/tex/latex/graphics/graphicx.sty
(/usr/share/texlive/texmf-dist/tex/latex/graphics/graphics.sty
(/usr/share/texlive/texmf-dist/tex/latex/graphics/trig.sty)
(/usr/share/texlive/texmf-dist/tex/latex/latexconfig/graphics.cfg)))
(/usr/share/texmf/tex/latex/pgf/systemlayer/pgfsys.sty
(/usr/share/texmf/tex/generic/pgf/systemlayer/pgfsys.code.tex
(/usr/share/texmf/tex/generic/pgf/utilities/pgfkeys.code.tex)
(/usr/share/texmf/tex/generic/pgf/systemlayer/pgf.cfg)
(/usr/share/texmf/tex/generic/pgf/systemlayer/pgfsys-pdftex.def
(/usr/share/texmf/tex/generic/pgf/systemlayer/pgfsys-common-pdf.def)))
(/usr/share/texmf/tex/generic/pgf/systemlayer/pgfsyssoftpath.code.tex)
(/usr/share/texmf/tex/generic/pgf/systemlayer/pgfsysprotocol.code.tex))
(/usr/share/texmf/tex/generic/pgf/basiclayer/pgfcore.code.tex
(/usr/share/texmf/tex/generic/pgf/math/pgfmath.code.tex
(/usr/share/texmf/tex/generic/pgf/math/pgfmathcalc.code.tex
(/usr/share/texmf/tex/generic/pgf/math/pgfmathutil.code.tex)
(/usr/share/texmf/tex/generic/pgf/math/pgfmathparser.code.tex)
(/usr/share/texmf/tex/generic/pgf/math/pgfmathfunctions.code.tex
(/usr/share/texmf/tex/generic/pgf/math/pgfmathfunctions.basic.code.tex)
(/usr/share/texmf/tex/generic/pgf/math/pgfmathfunctions.trigonometric.code.tex)
(/usr/share/texmf/tex/generic/pgf/math/pgfmathfunctions.random.code.tex)
(/usr/share/texmf/tex/generic/pgf/math/pgfmathfunctions.comparison.code.tex)
(/usr/share/texmf/tex/generic/pgf/math/pgfmathfunctions.base.code.tex)
(/usr/share/texmf/tex/generic/pgf/math/pgfmathfunctions.round.code.tex)
(/usr/share/texmf/tex/generic/pgf/math/pgfmathfunctions.misc.code.tex)))
(/usr/share/texmf/tex/generic/pgf/math/pgfmathfloat.code.tex))
(/usr/share/texmf/tex/generic/pgf/basiclayer/pgfcorepoints.code.tex)
(/usr/share/texmf/tex/generic/pgf/basiclayer/pgfcorepathconstruct.code.tex)
(/usr/share/texmf/tex/generic/pgf/basiclayer/pgfcorepathusage.code.tex)
(/usr/share/texmf/tex/generic/pgf/basiclayer/pgfcorescopes.code.tex)
(/usr/share/texmf/tex/generic/pgf/basiclayer/pgfcoregraphicstate.code.tex)
(/usr/share/texmf/tex/generic/pgf/basiclayer/pgfcoretransformations.code.tex)
(/usr/share/texmf/tex/generic/pgf/basiclayer/pgfcorequick.code.tex)
(/usr/share/texmf/tex/generic/pgf/basiclayer/pgfcoreobjects.code.tex)
(/usr/share/texmf/tex/generic/pgf/basiclayer/pgfcorepathprocessing.code.tex)
(/usr/share/texmf/tex/generic/pgf/basiclayer/pgfcorearrows.code.tex)
(/usr/share/texmf/tex/generic/pgf/basiclayer/pgfcoreshade.code.tex)
(/usr/share/texmf/tex/generic/pgf/basiclayer/pgfcoreimage.code.tex
(/usr/share/texmf/tex/generic/pgf/basiclayer/pgfcoreexternal.code.tex))
(/usr/share/texmf/tex/generic/pgf/basiclayer/pgfcorelayers.code.tex)
(/usr/share/texmf/tex/generic/pgf/basiclayer/pgfcoretransparency.code.tex)
(/usr/share/texmf/tex/generic/pgf/basiclayer/pgfcorepatterns.code.tex)))
(/usr/share/texmf/tex/generic/pgf/modules/pgfmoduleshapes.code.tex)
(/usr/share/texmf/tex/generic/pgf/modules/pgfmoduleplot.code.tex)
(/usr/share/texmf/tex/latex/pgf/compatibility/pgfcomp-version-0-65.sty)
(/usr/share/texmf/tex/latex/pgf/compatibility/pgfcomp-version-1-18.sty))
(/usr/share/texmf/tex/latex/pgf/utilities/pgffor.sty
(/usr/share/texmf/tex/latex/pgf/utilities/pgfkeys.sty
(/usr/share/texmf/tex/generic/pgf/utilities/pgfkeys.code.tex))
(/usr/share/texmf/tex/generic/pgf/utilities/pgffor.code.tex))
(/usr/share/texmf/tex/generic/pgf/frontendlayer/tikz/tikz.code.tex
(/usr/share/texmf/tex/generic/pgf/libraries/pgflibraryplothandlers.code.tex)
(/usr/share/texmf/tex/generic/pgf/modules/pgfmodulematrix.code.tex)
(/usr/share/texmf/tex/generic/pgf/frontendlayer/tikz/libraries/tikzlibrarytopat
hs.code.tex)))
(/usr/share/texmf/tex/generic/pgf/frontendlayer/tikz/libraries/tikzlibrarydecor
ations.pathmorphing.code.tex
(/usr/share/texmf/tex/generic/pgf/frontendlayer/tikz/libraries/tikzlibrarydecor
ations.code.tex
(/usr/share/texmf/tex/generic/pgf/modules/pgfmoduledecorations.code.tex))
(/usr/share/texmf/tex/generic/pgf/libraries/decorations/pgflibrarydecorations.p
athmorphing.code.tex))
(/usr/share/texlive/texmf-dist/tex/latex/wrapfig/wrapfig.sty)
(/usr/share/texlive/texmf-dist/tex/latex/ziffer/ziffer.sty)
(/usr/share/texlive/texmf-dist/tex/latex/fourier/fourier.sty
(/usr/share/texlive/texmf-dist/tex/latex/base/fontenc.sty
(/usr/share/texlive/texmf-dist/tex/latex/base/t1enc.def))
(/usr/share/texlive/texmf-dist/tex/latex/base/textcomp.sty
(/usr/share/texlive/texmf-dist/tex/latex/base/ts1enc.def
(/usr/share/texlive/texmf-dist/tex/latex/base/ts1enc.dfu)))
(/usr/share/texlive/texmf-dist/tex/latex/fourier/fourier-orns.sty))
(/usr/share/texlive/texmf-dist/tex/latex/microtype/microtype.sty
(/usr/share/texlive/texmf-dist/tex/latex/microtype/microtype-pdftex.def)
(/usr/share/texlive/texmf-dist/tex/latex/microtype/microtype.cfg))
Writing index file FinMath1.idx
No file FinMath1.aux.
(/usr/share/texlive/texmf-dist/tex/latex/fourier/fmlfutm.fd)
(/usr/share/texlive/texmf-dist/tex/latex/fourier/fmsfutm.fd)
(/usr/share/texlive/texmf-dist/tex/latex/fourier/fmxfutm.fd)
(/usr/share/texlive/texmf-dist/tex/latex/base/ts1cmr.fd)
(/usr/share/texlive/texmf-dist/tex/latex/fourier/t1futs.fd)
(/usr/share/texlive/texmf-dist/tex/context/base/supp-pdf.mkii
[Loading MPS to PDF converter (version 2006.09.02).]
) (/usr/share/texlive/texmf-dist/tex/latex/hyperref/nameref.sty
(/usr/share/texlive/texmf-dist/tex/generic/oberdiek/gettitlestring.sty))
ABD: EveryShipout initializing macros
(/usr/share/texlive/texmf-dist/tex/latex/oberdiek/epstopdf-base.sty
(/usr/share/texlive/texmf-dist/tex/latex/oberdiek/grfext.sty)
(/usr/share/texlive/texmf-dist/tex/latex/latexconfig/epstopdf-sys.cfg))
(/usr/share/texlive/texmf-dist/tex/latex/base/t1cmss.fd)
(/usr/share/texlive/texmf-dist/tex/latex/fourier/fmlfutmi.fd)
(/usr/share/texlive/texmf-dist/tex/latex/amsfonts/umsa.fd)
(/usr/share/texlive/texmf-dist/tex/latex/microtype/mt-msa.cfg)
(/usr/share/texlive/texmf-dist/tex/latex/amsfonts/umsb.fd)
(/usr/share/texlive/texmf-dist/tex/latex/microtype/mt-msb.cfg)
(/usr/share/texlive/texmf-dist/tex/latex/stmaryrd/Ustmry.fd)
(/usr/share/texlive/texmf-dist/tex/latex/wasysym/uwasy.fd)
(/usr/share/texlive/texmf-dist/tex/latex/jknapltx/ursfs.fd)
(/usr/share/texlive/texmf-dist/tex/latex/base/t1cmtt.fd) [1
Non-PDF special ignored!
Non-PDF special ignored!
Non-PDF special ignored!
Non-PDF special ignored!
Non-PDF special ignored!
Non-PDF special ignored!
Non-PDF special ignored!{/var/lib/texmf/fonts/map/pdftex/updmap/pdftex.map}]
[2] [3] [4] [5] [6]
Kapitel I.
(/usr/share/texlive/texmf-dist/tex/latex/fourier/ts1futs.fd) [7]
(/usr/share/texlive/texmf-dist/tex/latex/amsfonts/ueuf.fd)
(/usr/share/texlive/texmf-dist/tex/latex/microtype/mt-euf.cfg)

LaTeX Warning: Reference `def.1.1.9' on page 8 undefined on input line 183.

[8] [9]

LaTeX Warning: Reference `fig:CARA' on page 10 undefined on input line 290.


LaTeX Warning: Reference `fig:CRRA' on page 10 undefined on input line 346.


LaTeX Warning: Reference `fig:Parabel' on page 10 undefined on input line 352.

[10] [11] [12] [13] [14] [15] [16] [17]
Underfull \vbox (badness 7344) has occurred while \output is active [18]
[19] [20] [21] [22] [23] [24] [25]

LaTeX Warning: Reference `satz:1.3.2' on page 26 undefined on input line 989.

[26]

LaTeX Warning: Reference `def:1.3.8' on page 27 undefined on input line 1026.


Underfull \vbox (badness 1292) has occurred while \output is active [27]
[28] [29] [30] [31]

LaTeX Warning: Reference `satz:1.3.9' on page 32 undefined on input line 1243.

[32]

LaTeX Warning: Reference `satz:1.3.2' on page 33 undefined on input line 1336.

[33]

LaTeX Warning: Reference `lemma:1.4.16' on page 34 undefined on input line 1362
.

[34] [35] [36]
Kapitel II.
[37]

LaTeX Warning: Reference `def:2.1.5' on page 38 undefined on input line 1530.

[38] [39] [40] [41] [42] [43]
Underfull \vbox (badness 2418) has occurred while \output is active [44]
[45] [46] <CBOT.jpg, id=457, 642.4pt x 465.74pt> <use CBOT.jpg> [47 <data/CBOT.
jpg>] [48] [49] [50] [51]

LaTeX Warning: Reference `lem:2.3.6' on page 52 undefined on input line 2150.

[52]

LaTeX Warning: Reference `lem:2.3.5' on page 53 undefined on input line 2170.


LaTeX Warning: Reference `lem:2.3.6' on page 53 undefined on input line 2170.


LaTeX Warning: Reference `lem:2.3.5' on page 53 undefined on input line 2182.

[53] [54]

LaTeX Warning: Reference `lem:2.4.2' on page 55 undefined on input line 2267.

[55] [56] [57]

LaTeX Warning: Reference `satz:2.4.5' on page 58 undefined on input line 2404.

[58]

LaTeX Warning: Reference `lem:2.4.4' on page 59 undefined on input line 2460.


LaTeX Warning: Reference `sec:2.3' on page 59 undefined on input line 2481.

[59]

LaTeX Warning: Reference `lem:2.3.6' on page 60 undefined on input line 2497.


LaTeX Warning: Reference `satz:2.5.1' on page 60 undefined on input line 2524.

[60]

LaTeX Warning: Reference `satz:2.5.2' on page 61 undefined on input line 2571.

[61]

LaTeX Warning: Reference `lem:2.5.3' on page 62 undefined on input line 2594.


LaTeX Warning: Reference `satz:2.5.2' on page 62 undefined on input line 2614.


LaTeX Warning: Reference `lem:2.3.15' on page 62 undefined on input line 2619.

[62]

LaTeX Warning: Reference `satz:2.5.4' on page 63 undefined on input line 2649.


LaTeX Warning: Reference `satz:2.5.1' on page 63 undefined on input line 2649.


LaTeX Warning: Reference `satz:2.5.8' on page 63 undefined on input line 2670.

[63]

LaTeX Warning: Reference `satz:2.5.4' on page 64 undefined on input line 2684.


LaTeX Warning: Reference `satz:2.5.2' on page 64 undefined on input line 2693.


LaTeX Warning: Reference `satz:2.5.4' on page 64 undefined on input line 2699.


LaTeX Warning: Reference `satz:2.5.4' on page 64 undefined on input line 2708.


Overfull \hbox (7.1148pt too wide) in paragraph at lines 2711--2713
\T1/futs/m/n/10.95 (-20) Nach Vor-aus-set-zung exis-tiert ein nicht er-reich-ba
-rer Zah-lungs-an-spruch $\FML/futmi/m/it/10.95 H$\T1/futs/m/n/10.95 (-20) . Da
nn ist $(\FML/futmi/m/it/10.95 H\T1/futs/m/n/10.95 (-20) (\FML/futmi/m/it/10.95
 ![]\T1/futs/m/n/10.95 (-20) )\FML/futmi/m/it/10.95 ; [] ; H\T1/futs/m/n/10.95 
(-20) (\FML/futmi/m/it/10.95 ![]\T1/futs/m/n/10.95 (-20) )) \FMS/futm/m/n/10.95
 2
[64]

LaTeX Warning: Reference `satz:2.5.2' on page 65 undefined on input line 2737.


Package hyperref Warning: Token not allowed in a PDF string (PDFDocEncoding):
(hyperref)                removing `math shift' on input line 2740.


Package hyperref Warning: Token not allowed in a PDF string (PDFDocEncoding):
(hyperref)                removing `math shift' on input line 2740.

[65] [66] [67] [68]

LaTeX Warning: Reference `satz:2.5.4' on page 69 undefined on input line 2940.


LaTeX Warning: Reference `satz:2.8.3' on page 69 undefined on input line 2940.


LaTeX Warning: Reference `kor:2.4.6' on page 69 undefined on input line 2945.

[69] [70] [71]

LaTeX Warning: Reference `bsp:2.1.24' on page 72 undefined on input line 3050.

[72]

LaTeX Warning: Reference `lem:2.10.5' on page 73 undefined on input line 3115.


LaTeX Warning: Reference `satz:2.1.35' on page 73 undefined on input line 3115.


[73]

LaTeX Warning: Reference `satz:2.1.33' on page 74 undefined on input line 3140.



LaTeX Warning: Reference `satz:2.5.1' on page 74 undefined on input line 3170.

[74]

LaTeX Warning: Reference `satz:2.5.8' on page 75 undefined on input line 3171.


LaTeX Warning: Reference `satz:2.10.4' on page 75 undefined on input line 3194.


[75] [76]

LaTeX Warning: Reference `satz:2.10.4' on page 77 undefined on input line 3263.



LaTeX Warning: Reference `lem:2.1.18' on page 77 undefined on input line 3263.

[77] [78] [79] [80]

LaTeX Warning: Reference `satz:2.11.3' on page 81 undefined on input line 3458.



LaTeX Warning: Reference `kor:2.4.6' on page 81 undefined on input line 3484.


Package amsmath Warning: Foreign command \atopwithdelims;
(amsmath)                \frac or \genfrac should be used instead
(amsmath)                 on input line 3489.

[81] [82]

LaTeX Warning: Reference `satz:2.11.4' on page 83 undefined on input line 3553.


[83] [84]
Kapitel III.

Package hyperref Warning: Difference (2) between bookmark levels is greater 
(hyperref)                than one, level fixed on input line 3587.

[85] [86]
Underfull \vbox (badness 1845) has occurred while \output is active [87]
[88]

LaTeX Warning: Reference `def:2.3.2' on page 89 undefined on input line 3775.

[89] [90] [91]

LaTeX Warning: Reference `bsp:3.3.2' on page 92 undefined on input line 3858.

[92]
** Generating table of satz,beispiel
No file FinMath1.thm.
No file FinMath1.ind.
[93] (./FinMath1.aux)

Package rerunfilecheck Warning: File `FinMath1.out' has changed.
(rerunfilecheck)                Rerun to get outlines right
(rerunfilecheck)                or use package `bookmark'.


LaTeX Warning: There were undefined references.


LaTeX Warning: Label(s) may have changed. Rerun to get cross-references right.

 )
(see the transcript file for additional information){/usr/share/texlive/texmf-d
ist/fonts/enc/dvips/base/8r.enc}{/usr/share/texmf/fonts/enc/dvips/cm-super/cm-s
uper-t1.enc}</usr/share/texlive/texmf-dist/fonts/type1/public/amsfonts/euler/eu
fm10.pfb></usr/share/texlive/texmf-dist/fonts/type1/public/fourier/fourier-bb.p
fb></usr/share/texlive/texmf-dist/fonts/type1/public/fourier/fourier-mcl.pfb></
usr/share/texlive/texmf-dist/fonts/type1/public/fourier/fourier-mex.pfb></usr/s
hare/texlive/texmf-dist/fonts/type1/public/fourier/fourier-ml.pfb></usr/share/t
exlive/texmf-dist/fonts/type1/public/fourier/fourier-mlit.pfb></usr/share/texli
ve/texmf-dist/fonts/type1/public/fourier/fourier-ms.pfb></usr/share/texlive/tex
mf-dist/fonts/type1/adobe/utopia/putb8a.pfb></usr/share/texlive/texmf-dist/font
s/type1/adobe/utopia/putbi8a.pfb></usr/share/texlive/texmf-dist/fonts/type1/ado
be/utopia/putr8a.pfb></usr/share/texlive/texmf-dist/fonts/type1/adobe/utopia/pu
tr8a.pfb></usr/share/texlive/texmf-dist/fonts/type1/adobe/utopia/putri8a.pfb></
usr/share/texmf/fonts/type1/public/cm-super/sfsx1095.pfb></usr/share/texmf/font
s/type1/public/cm-super/sfsx1200.pfb></usr/share/texmf/fonts/type1/public/cm-su
per/sfsx1440.pfb></usr/share/texmf/fonts/type1/public/cm-super/sfsx2074.pfb></u
sr/share/texmf/fonts/type1/public/cm-super/sftt1095.pfb></usr/share/texmf/fonts
/type1/public/cm-super/sftt1440.pfb>
Output written on FinMath1.pdf (93 pages, 683261 bytes).
Transcript written on FinMath1.log.
Result: ExitSuccess

Running /usr/bin/makeindex FinMath1.idx in an env with 4 entries:
This is makeindex, version 2.15 [TeX Live 2013] (kpathsea + Thai support).
Scanning input file FinMath1.idx....done (60 entries accepted, 0 rejected).
Sorting entries....done (356 comparisons).
Generating output file FinMath1.ind....done (121 lines written, 0 warnings).
Output written in FinMath1.ind.
Transcript written in FinMath1.ilg.
Result: ExitSuccess

Running /usr/bin/pdflatex FinMath1.tex in an env with 4 entries:
This is pdfTeX, Version 3.1415926-2.5-1.40.14 (TeX Live 2013/Debian)
 restricted \write18 enabled.
entering extended mode
(data/FinMath1.tex
LaTeX2e <2011/06/27>
Babel <3.9h> and hyphenation patterns for 78 languages loaded.
(/usr/share/texlive/texmf-dist/tex/latex/koma-script/scrbook.cls
Document Class: scrbook 2013/12/19 v3.12 KOMA-Script document class (book)
(/usr/share/texlive/texmf-dist/tex/latex/koma-script/scrkbase.sty
(/usr/share/texlive/texmf-dist/tex/latex/koma-script/scrbase.sty
(/usr/share/texlive/texmf-dist/tex/latex/graphics/keyval.sty)
(/usr/share/texlive/texmf-dist/tex/latex/koma-script/scrlfile.sty
Package scrlfile, 2013/12/19 v3.12 KOMA-Script package (loading files)
                  Copyright (C) Markus Kohm

))) (/usr/share/texlive/texmf-dist/tex/latex/koma-script/tocbasic.sty)
(/usr/share/texlive/texmf-dist/tex/latex/koma-script/scrsize11pt.clo)
(/usr/share/texlive/texmf-dist/tex/latex/koma-script/typearea.sty
Package typearea, 2013/12/19 v3.12 KOMA-Script package (type area)
                  Copyright (C) Frank Neukam, 1992-1994
                  Copyright (C) Markus Kohm, 1994-

)) (data/mathe.sty (data/latexki.sty)
(/usr/share/texlive/texmf-dist/tex/latex/base/inputenc.sty
(/usr/share/texlive/texmf-dist/tex/latex/base/utf8.def
(/usr/share/texlive/texmf-dist/tex/latex/base/t1enc.dfu)
(/usr/share/texlive/texmf-dist/tex/latex/base/ot1enc.dfu)
(/usr/share/texlive/texmf-dist/tex/latex/base/omsenc.dfu)))
(/usr/share/texlive/texmf-dist/tex/generic/babel/babel.sty
(/usr/share/texlive/texmf-dist/tex/generic/babel-german/ngermanb.ldf
(/usr/share/texlive/texmf-dist/tex/generic/babel/babel.def)))
(/usr/share/texlive/texmf-dist/tex/latex/base/fontenc.sty
(/usr/share/texlive/texmf-dist/tex/latex/base/t1enc.def))
(/usr/share/texlive/texmf-dist/tex/latex/amsfonts/amsfonts.sty)
(/usr/share/texlive/texmf-dist/tex/latex/amsfonts/amssymb.sty)
(/usr/share/texlive/texmf-dist/tex/latex/amsmath/amsmath.sty
For additional information on amsmath, use the `?' option.
(/usr/share/texlive/texmf-dist/tex/latex/amsmath/amstext.sty
(/usr/share/texlive/texmf-dist/tex/latex/amsmath/amsgen.sty))
(/usr/share/texlive/texmf-dist/tex/latex/amsmath/amsbsy.sty)
(/usr/share/texlive/texmf-dist/tex/latex/amsmath/amsopn.sty))
(/usr/share/texlive/texmf-dist/tex/latex/stmaryrd/stmaryrd.sty)
(/usr/share/texlive/texmf-dist/tex/latex/tools/verbatim.sty)
(/usr/share/texlive/texmf-dist/tex/latex/base/ifthen.sty)
(/usr/share/texlive/texmf-dist/tex/latex/ntheorem/ntheorem.sty
Style `ntheorem', Version 1.33 <2011/08/15>
) (/usr/share/texlive/texmf-dist/tex/latex/framed/framed.sty)
(/usr/share/texlive/texmf-dist/tex/latex/pstricks/pstricks.sty
(/usr/share/texlive/texmf-dist/tex/generic/oberdiek/ifpdf.sty)
(/usr/share/texlive/texmf-dist/tex/generic/pstricks/pstricks.tex
(/usr/share/texlive/texmf-dist/tex/generic/xkeyval/pst-xkey.tex
(/usr/share/texlive/texmf-dist/tex/latex/xkeyval/xkeyval.sty
(/usr/share/texlive/texmf-dist/tex/generic/xkeyval/xkeyval.tex)))
(/usr/share/texlive/texmf-dist/tex/generic/pstricks/pst-fp.tex
`pst-fp' v0.05, 2010/01/17 (hv))
(/usr/share/texmf/tex/generic/pgf/utilities/pgfutil-common.tex)
(/usr/share/texmf/tex/generic/pgf/utilities/pgfkeys.code.tex
(/usr/share/texmf/tex/generic/pgf/utilities/pgfkeysfiltered.code.tex))
(/usr/share/texmf/tex/generic/pgf/utilities/pgffor.code.tex)
`PSTricks' v2.51  <2014/02/03> (tvz)
(/usr/share/texlive/texmf-dist/tex/generic/pstricks/pstricks.con))
(/usr/share/texlive/texmf-dist/tex/generic/pstricks/pst-fp.tex)
(/usr/share/texmf/tex/latex/xcolor/xcolor.sty
(/usr/share/texlive/texmf-dist/tex/latex/latexconfig/color.cfg)
(/usr/share/texlive/texmf-dist/tex/latex/pdftex-def/pdftex.def
(/usr/share/texlive/texmf-dist/tex/generic/oberdiek/infwarerr.sty)
(/usr/share/texlive/texmf-dist/tex/generic/oberdiek/ltxcmds.sty))))
(/usr/share/texlive/texmf-dist/tex/latex/carlisle/slashed.sty)
(/usr/share/texlive/texmf-dist/tex/latex/base/makeidx.sty)
(/usr/share/texlive/texmf-dist/tex/latex/wasysym/wasysym.sty)
(/usr/share/texlive/texmf-dist/tex/latex/jknapltx/mathrsfs.sty)
(/usr/share/texlive/texmf-dist/tex/latex/mh/mathtools.sty
(/usr/share/texlive/texmf-dist/tex/latex/tools/calc.sty)
(/usr/share/texlive/texmf-dist/tex/latex/mh/mhsetup.sty))
(/usr/share/texlive/texmf-dist/tex/latex/doublestroke/dsfont.sty)
(/usr/share/texlive/texmf-dist/tex/latex/hyperref/hyperref.sty
(/usr/share/texlive/texmf-dist/tex/generic/oberdiek/hobsub-hyperref.sty
(/usr/share/texlive/texmf-dist/tex/generic/oberdiek/hobsub-generic.sty))
(/usr/share/texlive/texmf-dist/tex/generic/ifxetex/ifxetex.sty)
(/usr/share/texlive/texmf-dist/tex/latex/oberdiek/auxhook.sty)
(/usr/share/texlive/texmf-dist/tex/latex/oberdiek/kvoptions.sty)
(/usr/share/texlive/texmf-dist/tex/latex/hyperref/pd1enc.def)
(/usr/share/texlive/texmf-dist/tex/latex/latexconfig/hyperref.cfg)
(/usr/share/texlive/texmf-dist/tex/latex/url/url.sty))

Package hyperref Message: Driver (autodetected): hpdftex.

(/usr/share/texlive/texmf-dist/tex/latex/hyperref/hpdftex.def
(/usr/share/texlive/texmf-dist/tex/latex/oberdiek/rerunfilecheck.sty))
(/usr/share/texlive/texmf-dist/tex/latex/etex-pkg/etex.sty))
(data/saetze-veraart.sty) (data/faktor.sty)
(/usr/share/texlive/texmf-dist/tex/latex/tools/enumerate.sty)
(/usr/share/texmf/tex/latex/pgf/frontendlayer/tikz.sty
(/usr/share/texmf/tex/latex/pgf/basiclayer/pgf.sty
(/usr/share/texmf/tex/latex/pgf/utilities/pgfrcs.sty
(/usr/share/texmf/tex/generic/pgf/utilities/pgfutil-common.tex)
(/usr/share/texmf/tex/generic/pgf/utilities/pgfutil-latex.def
(/usr/share/texlive/texmf-dist/tex/latex/ms/everyshi.sty))
(/usr/share/texmf/tex/generic/pgf/utilities/pgfrcs.code.tex))
(/usr/share/texmf/tex/latex/pgf/basiclayer/pgfcore.sty
(/usr/share/texlive/texmf-dist/tex/latex/graphics/graphicx.sty
(/usr/share/texlive/texmf-dist/tex/latex/graphics/graphics.sty
(/usr/share/texlive/texmf-dist/tex/latex/graphics/trig.sty)
(/usr/share/texlive/texmf-dist/tex/latex/latexconfig/graphics.cfg)))
(/usr/share/texmf/tex/latex/pgf/systemlayer/pgfsys.sty
(/usr/share/texmf/tex/generic/pgf/systemlayer/pgfsys.code.tex
(/usr/share/texmf/tex/generic/pgf/utilities/pgfkeys.code.tex)
(/usr/share/texmf/tex/generic/pgf/systemlayer/pgf.cfg)
(/usr/share/texmf/tex/generic/pgf/systemlayer/pgfsys-pdftex.def
(/usr/share/texmf/tex/generic/pgf/systemlayer/pgfsys-common-pdf.def)))
(/usr/share/texmf/tex/generic/pgf/systemlayer/pgfsyssoftpath.code.tex)
(/usr/share/texmf/tex/generic/pgf/systemlayer/pgfsysprotocol.code.tex))
(/usr/share/texmf/tex/generic/pgf/basiclayer/pgfcore.code.tex
(/usr/share/texmf/tex/generic/pgf/math/pgfmath.code.tex
(/usr/share/texmf/tex/generic/pgf/math/pgfmathcalc.code.tex
(/usr/share/texmf/tex/generic/pgf/math/pgfmathutil.code.tex)
(/usr/share/texmf/tex/generic/pgf/math/pgfmathparser.code.tex)
(/usr/share/texmf/tex/generic/pgf/math/pgfmathfunctions.code.tex
(/usr/share/texmf/tex/generic/pgf/math/pgfmathfunctions.basic.code.tex)
(/usr/share/texmf/tex/generic/pgf/math/pgfmathfunctions.trigonometric.code.tex)
(/usr/share/texmf/tex/generic/pgf/math/pgfmathfunctions.random.code.tex)
(/usr/share/texmf/tex/generic/pgf/math/pgfmathfunctions.comparison.code.tex)
(/usr/share/texmf/tex/generic/pgf/math/pgfmathfunctions.base.code.tex)
(/usr/share/texmf/tex/generic/pgf/math/pgfmathfunctions.round.code.tex)
(/usr/share/texmf/tex/generic/pgf/math/pgfmathfunctions.misc.code.tex)))
(/usr/share/texmf/tex/generic/pgf/math/pgfmathfloat.code.tex))
(/usr/share/texmf/tex/generic/pgf/basiclayer/pgfcorepoints.code.tex)
(/usr/share/texmf/tex/generic/pgf/basiclayer/pgfcorepathconstruct.code.tex)
(/usr/share/texmf/tex/generic/pgf/basiclayer/pgfcorepathusage.code.tex)
(/usr/share/texmf/tex/generic/pgf/basiclayer/pgfcorescopes.code.tex)
(/usr/share/texmf/tex/generic/pgf/basiclayer/pgfcoregraphicstate.code.tex)
(/usr/share/texmf/tex/generic/pgf/basiclayer/pgfcoretransformations.code.tex)
(/usr/share/texmf/tex/generic/pgf/basiclayer/pgfcorequick.code.tex)
(/usr/share/texmf/tex/generic/pgf/basiclayer/pgfcoreobjects.code.tex)
(/usr/share/texmf/tex/generic/pgf/basiclayer/pgfcorepathprocessing.code.tex)
(/usr/share/texmf/tex/generic/pgf/basiclayer/pgfcorearrows.code.tex)
(/usr/share/texmf/tex/generic/pgf/basiclayer/pgfcoreshade.code.tex)
(/usr/share/texmf/tex/generic/pgf/basiclayer/pgfcoreimage.code.tex
(/usr/share/texmf/tex/generic/pgf/basiclayer/pgfcoreexternal.code.tex))
(/usr/share/texmf/tex/generic/pgf/basiclayer/pgfcorelayers.code.tex)
(/usr/share/texmf/tex/generic/pgf/basiclayer/pgfcoretransparency.code.tex)
(/usr/share/texmf/tex/generic/pgf/basiclayer/pgfcorepatterns.code.tex)))
(/usr/share/texmf/tex/generic/pgf/modules/pgfmoduleshapes.code.tex)
(/usr/share/texmf/tex/generic/pgf/modules/pgfmoduleplot.code.tex)
(/usr/share/texmf/tex/latex/pgf/compatibility/pgfcomp-version-0-65.sty)
(/usr/share/texmf/tex/latex/pgf/compatibility/pgfcomp-version-1-18.sty))
(/usr/share/texmf/tex/latex/pgf/utilities/pgffor.sty
(/usr/share/texmf/tex/latex/pgf/utilities/pgfkeys.sty
(/usr/share/texmf/tex/generic/pgf/utilities/pgfkeys.code.tex))
(/usr/share/texmf/tex/generic/pgf/utilities/pgffor.code.tex))
(/usr/share/texmf/tex/generic/pgf/frontendlayer/tikz/tikz.code.tex
(/usr/share/texmf/tex/generic/pgf/libraries/pgflibraryplothandlers.code.tex)
(/usr/share/texmf/tex/generic/pgf/modules/pgfmodulematrix.code.tex)
(/usr/share/texmf/tex/generic/pgf/frontendlayer/tikz/libraries/tikzlibrarytopat
hs.code.tex)))
(/usr/share/texmf/tex/generic/pgf/frontendlayer/tikz/libraries/tikzlibrarydecor
ations.pathmorphing.code.tex
(/usr/share/texmf/tex/generic/pgf/frontendlayer/tikz/libraries/tikzlibrarydecor
ations.code.tex
(/usr/share/texmf/tex/generic/pgf/modules/pgfmoduledecorations.code.tex))
(/usr/share/texmf/tex/generic/pgf/libraries/decorations/pgflibrarydecorations.p
athmorphing.code.tex))
(/usr/share/texlive/texmf-dist/tex/latex/wrapfig/wrapfig.sty)
(/usr/share/texlive/texmf-dist/tex/latex/ziffer/ziffer.sty)
(/usr/share/texlive/texmf-dist/tex/latex/fourier/fourier.sty
(/usr/share/texlive/texmf-dist/tex/latex/base/fontenc.sty
(/usr/share/texlive/texmf-dist/tex/latex/base/t1enc.def))
(/usr/share/texlive/texmf-dist/tex/latex/base/textcomp.sty
(/usr/share/texlive/texmf-dist/tex/latex/base/ts1enc.def
(/usr/share/texlive/texmf-dist/tex/latex/base/ts1enc.dfu)))
(/usr/share/texlive/texmf-dist/tex/latex/fourier/fourier-orns.sty))
(/usr/share/texlive/texmf-dist/tex/latex/microtype/microtype.sty
(/usr/share/texlive/texmf-dist/tex/latex/microtype/microtype-pdftex.def)
(/usr/share/texlive/texmf-dist/tex/latex/microtype/microtype.cfg))
Writing index file FinMath1.idx
(./FinMath1.aux) (/usr/share/texlive/texmf-dist/tex/latex/fourier/fmlfutm.fd)
(/usr/share/texlive/texmf-dist/tex/latex/fourier/fmsfutm.fd)
(/usr/share/texlive/texmf-dist/tex/latex/fourier/fmxfutm.fd)
(/usr/share/texlive/texmf-dist/tex/latex/base/ts1cmr.fd)
(/usr/share/texlive/texmf-dist/tex/latex/fourier/t1futs.fd)
(/usr/share/texlive/texmf-dist/tex/context/base/supp-pdf.mkii
[Loading MPS to PDF converter (version 2006.09.02).]
) (/usr/share/texlive/texmf-dist/tex/latex/hyperref/nameref.sty
(/usr/share/texlive/texmf-dist/tex/generic/oberdiek/gettitlestring.sty))
(./FinMath1.out) (./FinMath1.out) ABD: EveryShipout initializing macros
(/usr/share/texlive/texmf-dist/tex/latex/oberdiek/epstopdf-base.sty
(/usr/share/texlive/texmf-dist/tex/latex/oberdiek/grfext.sty)
(/usr/share/texlive/texmf-dist/tex/latex/latexconfig/epstopdf-sys.cfg))
(/usr/share/texlive/texmf-dist/tex/latex/base/t1cmss.fd)
(/usr/share/texlive/texmf-dist/tex/latex/fourier/fmlfutmi.fd)
(/usr/share/texlive/texmf-dist/tex/latex/amsfonts/umsa.fd)
(/usr/share/texlive/texmf-dist/tex/latex/microtype/mt-msa.cfg)
(/usr/share/texlive/texmf-dist/tex/latex/amsfonts/umsb.fd)
(/usr/share/texlive/texmf-dist/tex/latex/microtype/mt-msb.cfg)
(/usr/share/texlive/texmf-dist/tex/latex/stmaryrd/Ustmry.fd)
(/usr/share/texlive/texmf-dist/tex/latex/wasysym/uwasy.fd)
(/usr/share/texlive/texmf-dist/tex/latex/jknapltx/ursfs.fd)
(/usr/share/texlive/texmf-dist/tex/latex/base/t1cmtt.fd) [1
Non-PDF special ignored!
Non-PDF special ignored!
Non-PDF special ignored!
Non-PDF special ignored!
Non-PDF special ignored!
Non-PDF special ignored!
Non-PDF special ignored!{/var/lib/texmf/fonts/map/pdftex/updmap/pdftex.map}]
[2] (./FinMath1.toc [3]) [4] [5] [6]
Kapitel I.
(/usr/share/texlive/texmf-dist/tex/latex/fourier/ts1futs.fd) [7]
(/usr/share/texlive/texmf-dist/tex/latex/amsfonts/ueuf.fd)
(/usr/share/texlive/texmf-dist/tex/latex/microtype/mt-euf.cfg) [8] [9] [10]
[11] [12] [13] [14] [15] [16] [17]
Underfull \vbox (badness 7344) has occurred while \output is active [18]
[19] [20] [21] [22] [23] [24] [25] [26]
Underfull \vbox (badness 1107) has occurred while \output is active [27]
[28] [29] [30] [31] [32] [33] [34] [35] [36]
Kapitel II.
[37] [38] [39] [40] [41] [42] [43]
Underfull \vbox (badness 2418) has occurred while \output is active [44]
[45] [46] <CBOT.jpg, id=685, 642.4pt x 465.74pt> <use CBOT.jpg> [47 <data/CBOT.
jpg>] [48] [49] [50] [51] [52] [53] [54] [55] [56] [57] [58] [59] [60] [61]
[62] [63]
Overfull \hbox (7.1148pt too wide) in paragraph at lines 2711--2713
\T1/futs/m/n/10.95 (-20) Nach Vor-aus-set-zung exis-tiert ein nicht er-reich-ba
-rer Zah-lungs-an-spruch $\FML/futmi/m/it/10.95 H$\T1/futs/m/n/10.95 (-20) . Da
nn ist $(\FML/futmi/m/it/10.95 H\T1/futs/m/n/10.95 (-20) (\FML/futmi/m/it/10.95
 ![]\T1/futs/m/n/10.95 (-20) )\FML/futmi/m/it/10.95 ; [] ; H\T1/futs/m/n/10.95 
(-20) (\FML/futmi/m/it/10.95 ![]\T1/futs/m/n/10.95 (-20) )) \FMS/futm/m/n/10.95
 2
[64]

Package hyperref Warning: Token not allowed in a PDF string (PDFDocEncoding):
(hyperref)                removing `math shift' on input line 2740.


Package hyperref Warning: Token not allowed in a PDF string (PDFDocEncoding):
(hyperref)                removing `math shift' on input line 2740.

[65] [66] [67] [68] [69] [70] [71] [72] [73] [74] [75] [76] [77] [78] [79]
[80]

Package amsmath Warning: Foreign command \atopwithdelims;
(amsmath)                \frac or \genfrac should be used instead
(amsmath)                 on input line 3489.

[81] [82] [83] [84]
Kapitel III.

Package hyperref Warning: Difference (2) between bookmark levels is greater 
(hyperref)                than one, level fixed on input line 3587.

[85] [86]
Underfull \vbox (badness 1845) has occurred while \output is active [87]
[88] [89] [90] [91] [92]
** Generating table of satz,beispiel
(./FinMath1.thm
Overfull \hbox (7.22699pt too wide) detected at line 17
\T1/futs/m/n/10.95 1.1.15. 

Overfull \hbox (1.88339pt too wide) detected at line 76
\T1/futs/m/n/10.95 2.1.2. 

Overfull \hbox (1.88339pt too wide) detected at line 84
\T1/futs/m/n/10.95 2.1.9. 

Overfull \hbox (7.22699pt too wide) detected at line 108
\T1/futs/m/n/10.95 2.1.26. 

Overfull \hbox (7.22699pt too wide) detected at line 117
\T1/futs/m/n/10.95 2.1.33. 

Overfull \hbox (7.22699pt too wide) detected at line 122
\T1/futs/m/n/10.95 2.1.36. 

Overfull \hbox (1.88339pt too wide) detected at line 124
\T1/futs/m/n/10.95 2.2.1. 

Overfull \hbox (1.88339pt too wide) detected at line 164
\T1/futs/m/n/10.95 2.5.4. 

Overfull \hbox (1.88339pt too wide) detected at line 174
\T1/futs/m/n/10.95 2.6.1. 

Overfull \hbox (7.22699pt too wide) detected at line 185
\T1/futs/m/n/10.95 2.10.1. 

Overfull \hbox (7.22699pt too wide) detected at line 195
\T1/futs/m/n/10.95 2.10.8. 

Overfull \hbox (7.22699pt too wide) detected at line 203
\T1/futs/m/n/10.95 2.11.3. 

Overfull \hbox (7.22699pt too wide) detected at line 205
\T1/futs/m/n/10.95 2.11.4. 

Overfull \hbox (7.22699pt too wide) detected at line 207
\T1/futs/m/n/10.95 2.11.5. 

Overfull \hbox (7.22699pt too wide) detected at line 208
\T1/futs/m/n/10.95 2.11.6. 

Overfull \hbox (7.22699pt too wide) detected at line 209
\T1/futs/m/n/10.95 2.11.7. 

Overfull \hbox (1.88339pt too wide) detected at line 211
\T1/futs/m/n/10.95 3.1.1. 
) (./FinMath1.ind [93] [94]
Overfull \hbox (0.76918pt too wide) in paragraph at lines 117--119
[]\T1/futs/m/n/10.95 (-20) von-Neu-mann-Mor-gen-stern-Re-prä-sen-ta[]tion, [][]
8[][] 
[95]) (./FinMath1.aux) )
(see the transcript file for additional information){/usr/share/texlive/texmf-d
ist/fonts/enc/dvips/base/8r.enc}{/usr/share/texmf/fonts/enc/dvips/cm-super/cm-s
uper-t1.enc}</usr/share/texlive/texmf-dist/fonts/type1/public/amsfonts/euler/eu
fm10.pfb></usr/share/texlive/texmf-dist/fonts/type1/public/fourier/fourier-bb.p
fb></usr/share/texlive/texmf-dist/fonts/type1/public/fourier/fourier-mcl.pfb></
usr/share/texlive/texmf-dist/fonts/type1/public/fourier/fourier-mex.pfb></usr/s
hare/texlive/texmf-dist/fonts/type1/public/fourier/fourier-ml.pfb></usr/share/t
exlive/texmf-dist/fonts/type1/public/fourier/fourier-mlit.pfb></usr/share/texli
ve/texmf-dist/fonts/type1/public/fourier/fourier-ms.pfb></usr/share/texlive/tex
mf-dist/fonts/type1/adobe/utopia/putb8a.pfb></usr/share/texlive/texmf-dist/font
s/type1/adobe/utopia/putbi8a.pfb></usr/share/texlive/texmf-dist/fonts/type1/ado
be/utopia/putr8a.pfb></usr/share/texlive/texmf-dist/fonts/type1/adobe/utopia/pu
tr8a.pfb></usr/share/texlive/texmf-dist/fonts/type1/adobe/utopia/putri8a.pfb></
usr/share/texmf/fonts/type1/public/cm-super/sfsx1095.pfb></usr/share/texmf/font
s/type1/public/cm-super/sfsx1200.pfb></usr/share/texmf/fonts/type1/public/cm-su
per/sfsx1440.pfb></usr/share/texmf/fonts/type1/public/cm-super/sfsx2074.pfb></u
sr/share/texmf/fonts/type1/public/cm-super/sftt1095.pfb></usr/share/texmf/fonts
/type1/public/cm-super/sftt1440.pfb>
Output written on FinMath1.pdf (95 pages, 704432 bytes).
Transcript written on FinMath1.log.
Result: ExitSuccess

Running /usr/bin/pdflatex FinMath1.tex in an env with 4 entries:
This is pdfTeX, Version 3.1415926-2.5-1.40.14 (TeX Live 2013/Debian)
 restricted \write18 enabled.
entering extended mode
(data/FinMath1.tex
LaTeX2e <2011/06/27>
Babel <3.9h> and hyphenation patterns for 78 languages loaded.
(/usr/share/texlive/texmf-dist/tex/latex/koma-script/scrbook.cls
Document Class: scrbook 2013/12/19 v3.12 KOMA-Script document class (book)
(/usr/share/texlive/texmf-dist/tex/latex/koma-script/scrkbase.sty
(/usr/share/texlive/texmf-dist/tex/latex/koma-script/scrbase.sty
(/usr/share/texlive/texmf-dist/tex/latex/graphics/keyval.sty)
(/usr/share/texlive/texmf-dist/tex/latex/koma-script/scrlfile.sty
Package scrlfile, 2013/12/19 v3.12 KOMA-Script package (loading files)
                  Copyright (C) Markus Kohm

))) (/usr/share/texlive/texmf-dist/tex/latex/koma-script/tocbasic.sty)
(/usr/share/texlive/texmf-dist/tex/latex/koma-script/scrsize11pt.clo)
(/usr/share/texlive/texmf-dist/tex/latex/koma-script/typearea.sty
Package typearea, 2013/12/19 v3.12 KOMA-Script package (type area)
                  Copyright (C) Frank Neukam, 1992-1994
                  Copyright (C) Markus Kohm, 1994-

)) (data/mathe.sty (data/latexki.sty)
(/usr/share/texlive/texmf-dist/tex/latex/base/inputenc.sty
(/usr/share/texlive/texmf-dist/tex/latex/base/utf8.def
(/usr/share/texlive/texmf-dist/tex/latex/base/t1enc.dfu)
(/usr/share/texlive/texmf-dist/tex/latex/base/ot1enc.dfu)
(/usr/share/texlive/texmf-dist/tex/latex/base/omsenc.dfu)))
(/usr/share/texlive/texmf-dist/tex/generic/babel/babel.sty
(/usr/share/texlive/texmf-dist/tex/generic/babel-german/ngermanb.ldf
(/usr/share/texlive/texmf-dist/tex/generic/babel/babel.def)))
(/usr/share/texlive/texmf-dist/tex/latex/base/fontenc.sty
(/usr/share/texlive/texmf-dist/tex/latex/base/t1enc.def))
(/usr/share/texlive/texmf-dist/tex/latex/amsfonts/amsfonts.sty)
(/usr/share/texlive/texmf-dist/tex/latex/amsfonts/amssymb.sty)
(/usr/share/texlive/texmf-dist/tex/latex/amsmath/amsmath.sty
For additional information on amsmath, use the `?' option.
(/usr/share/texlive/texmf-dist/tex/latex/amsmath/amstext.sty
(/usr/share/texlive/texmf-dist/tex/latex/amsmath/amsgen.sty))
(/usr/share/texlive/texmf-dist/tex/latex/amsmath/amsbsy.sty)
(/usr/share/texlive/texmf-dist/tex/latex/amsmath/amsopn.sty))
(/usr/share/texlive/texmf-dist/tex/latex/stmaryrd/stmaryrd.sty)
(/usr/share/texlive/texmf-dist/tex/latex/tools/verbatim.sty)
(/usr/share/texlive/texmf-dist/tex/latex/base/ifthen.sty)
(/usr/share/texlive/texmf-dist/tex/latex/ntheorem/ntheorem.sty
Style `ntheorem', Version 1.33 <2011/08/15>
) (/usr/share/texlive/texmf-dist/tex/latex/framed/framed.sty)
(/usr/share/texlive/texmf-dist/tex/latex/pstricks/pstricks.sty
(/usr/share/texlive/texmf-dist/tex/generic/oberdiek/ifpdf.sty)
(/usr/share/texlive/texmf-dist/tex/generic/pstricks/pstricks.tex
(/usr/share/texlive/texmf-dist/tex/generic/xkeyval/pst-xkey.tex
(/usr/share/texlive/texmf-dist/tex/latex/xkeyval/xkeyval.sty
(/usr/share/texlive/texmf-dist/tex/generic/xkeyval/xkeyval.tex)))
(/usr/share/texlive/texmf-dist/tex/generic/pstricks/pst-fp.tex
`pst-fp' v0.05, 2010/01/17 (hv))
(/usr/share/texmf/tex/generic/pgf/utilities/pgfutil-common.tex)
(/usr/share/texmf/tex/generic/pgf/utilities/pgfkeys.code.tex
(/usr/share/texmf/tex/generic/pgf/utilities/pgfkeysfiltered.code.tex))
(/usr/share/texmf/tex/generic/pgf/utilities/pgffor.code.tex)
`PSTricks' v2.51  <2014/02/03> (tvz)
(/usr/share/texlive/texmf-dist/tex/generic/pstricks/pstricks.con))
(/usr/share/texlive/texmf-dist/tex/generic/pstricks/pst-fp.tex)
(/usr/share/texmf/tex/latex/xcolor/xcolor.sty
(/usr/share/texlive/texmf-dist/tex/latex/latexconfig/color.cfg)
(/usr/share/texlive/texmf-dist/tex/latex/pdftex-def/pdftex.def
(/usr/share/texlive/texmf-dist/tex/generic/oberdiek/infwarerr.sty)
(/usr/share/texlive/texmf-dist/tex/generic/oberdiek/ltxcmds.sty))))
(/usr/share/texlive/texmf-dist/tex/latex/carlisle/slashed.sty)
(/usr/share/texlive/texmf-dist/tex/latex/base/makeidx.sty)
(/usr/share/texlive/texmf-dist/tex/latex/wasysym/wasysym.sty)
(/usr/share/texlive/texmf-dist/tex/latex/jknapltx/mathrsfs.sty)
(/usr/share/texlive/texmf-dist/tex/latex/mh/mathtools.sty
(/usr/share/texlive/texmf-dist/tex/latex/tools/calc.sty)
(/usr/share/texlive/texmf-dist/tex/latex/mh/mhsetup.sty))
(/usr/share/texlive/texmf-dist/tex/latex/doublestroke/dsfont.sty)
(/usr/share/texlive/texmf-dist/tex/latex/hyperref/hyperref.sty
(/usr/share/texlive/texmf-dist/tex/generic/oberdiek/hobsub-hyperref.sty
(/usr/share/texlive/texmf-dist/tex/generic/oberdiek/hobsub-generic.sty))
(/usr/share/texlive/texmf-dist/tex/generic/ifxetex/ifxetex.sty)
(/usr/share/texlive/texmf-dist/tex/latex/oberdiek/auxhook.sty)
(/usr/share/texlive/texmf-dist/tex/latex/oberdiek/kvoptions.sty)
(/usr/share/texlive/texmf-dist/tex/latex/hyperref/pd1enc.def)
(/usr/share/texlive/texmf-dist/tex/latex/latexconfig/hyperref.cfg)
(/usr/share/texlive/texmf-dist/tex/latex/url/url.sty))

Package hyperref Message: Driver (autodetected): hpdftex.

(/usr/share/texlive/texmf-dist/tex/latex/hyperref/hpdftex.def
(/usr/share/texlive/texmf-dist/tex/latex/oberdiek/rerunfilecheck.sty))
(/usr/share/texlive/texmf-dist/tex/latex/etex-pkg/etex.sty))
(data/saetze-veraart.sty) (data/faktor.sty)
(/usr/share/texlive/texmf-dist/tex/latex/tools/enumerate.sty)
(/usr/share/texmf/tex/latex/pgf/frontendlayer/tikz.sty
(/usr/share/texmf/tex/latex/pgf/basiclayer/pgf.sty
(/usr/share/texmf/tex/latex/pgf/utilities/pgfrcs.sty
(/usr/share/texmf/tex/generic/pgf/utilities/pgfutil-common.tex)
(/usr/share/texmf/tex/generic/pgf/utilities/pgfutil-latex.def
(/usr/share/texlive/texmf-dist/tex/latex/ms/everyshi.sty))
(/usr/share/texmf/tex/generic/pgf/utilities/pgfrcs.code.tex))
(/usr/share/texmf/tex/latex/pgf/basiclayer/pgfcore.sty
(/usr/share/texlive/texmf-dist/tex/latex/graphics/graphicx.sty
(/usr/share/texlive/texmf-dist/tex/latex/graphics/graphics.sty
(/usr/share/texlive/texmf-dist/tex/latex/graphics/trig.sty)
(/usr/share/texlive/texmf-dist/tex/latex/latexconfig/graphics.cfg)))
(/usr/share/texmf/tex/latex/pgf/systemlayer/pgfsys.sty
(/usr/share/texmf/tex/generic/pgf/systemlayer/pgfsys.code.tex
(/usr/share/texmf/tex/generic/pgf/utilities/pgfkeys.code.tex)
(/usr/share/texmf/tex/generic/pgf/systemlayer/pgf.cfg)
(/usr/share/texmf/tex/generic/pgf/systemlayer/pgfsys-pdftex.def
(/usr/share/texmf/tex/generic/pgf/systemlayer/pgfsys-common-pdf.def)))
(/usr/share/texmf/tex/generic/pgf/systemlayer/pgfsyssoftpath.code.tex)
(/usr/share/texmf/tex/generic/pgf/systemlayer/pgfsysprotocol.code.tex))
(/usr/share/texmf/tex/generic/pgf/basiclayer/pgfcore.code.tex
(/usr/share/texmf/tex/generic/pgf/math/pgfmath.code.tex
(/usr/share/texmf/tex/generic/pgf/math/pgfmathcalc.code.tex
(/usr/share/texmf/tex/generic/pgf/math/pgfmathutil.code.tex)
(/usr/share/texmf/tex/generic/pgf/math/pgfmathparser.code.tex)
(/usr/share/texmf/tex/generic/pgf/math/pgfmathfunctions.code.tex
(/usr/share/texmf/tex/generic/pgf/math/pgfmathfunctions.basic.code.tex)
(/usr/share/texmf/tex/generic/pgf/math/pgfmathfunctions.trigonometric.code.tex)
(/usr/share/texmf/tex/generic/pgf/math/pgfmathfunctions.random.code.tex)
(/usr/share/texmf/tex/generic/pgf/math/pgfmathfunctions.comparison.code.tex)
(/usr/share/texmf/tex/generic/pgf/math/pgfmathfunctions.base.code.tex)
(/usr/share/texmf/tex/generic/pgf/math/pgfmathfunctions.round.code.tex)
(/usr/share/texmf/tex/generic/pgf/math/pgfmathfunctions.misc.code.tex)))
(/usr/share/texmf/tex/generic/pgf/math/pgfmathfloat.code.tex))
(/usr/share/texmf/tex/generic/pgf/basiclayer/pgfcorepoints.code.tex)
(/usr/share/texmf/tex/generic/pgf/basiclayer/pgfcorepathconstruct.code.tex)
(/usr/share/texmf/tex/generic/pgf/basiclayer/pgfcorepathusage.code.tex)
(/usr/share/texmf/tex/generic/pgf/basiclayer/pgfcorescopes.code.tex)
(/usr/share/texmf/tex/generic/pgf/basiclayer/pgfcoregraphicstate.code.tex)
(/usr/share/texmf/tex/generic/pgf/basiclayer/pgfcoretransformations.code.tex)
(/usr/share/texmf/tex/generic/pgf/basiclayer/pgfcorequick.code.tex)
(/usr/share/texmf/tex/generic/pgf/basiclayer/pgfcoreobjects.code.tex)
(/usr/share/texmf/tex/generic/pgf/basiclayer/pgfcorepathprocessing.code.tex)
(/usr/share/texmf/tex/generic/pgf/basiclayer/pgfcorearrows.code.tex)
(/usr/share/texmf/tex/generic/pgf/basiclayer/pgfcoreshade.code.tex)
(/usr/share/texmf/tex/generic/pgf/basiclayer/pgfcoreimage.code.tex
(/usr/share/texmf/tex/generic/pgf/basiclayer/pgfcoreexternal.code.tex))
(/usr/share/texmf/tex/generic/pgf/basiclayer/pgfcorelayers.code.tex)
(/usr/share/texmf/tex/generic/pgf/basiclayer/pgfcoretransparency.code.tex)
(/usr/share/texmf/tex/generic/pgf/basiclayer/pgfcorepatterns.code.tex)))
(/usr/share/texmf/tex/generic/pgf/modules/pgfmoduleshapes.code.tex)
(/usr/share/texmf/tex/generic/pgf/modules/pgfmoduleplot.code.tex)
(/usr/share/texmf/tex/latex/pgf/compatibility/pgfcomp-version-0-65.sty)
(/usr/share/texmf/tex/latex/pgf/compatibility/pgfcomp-version-1-18.sty))
(/usr/share/texmf/tex/latex/pgf/utilities/pgffor.sty
(/usr/share/texmf/tex/latex/pgf/utilities/pgfkeys.sty
(/usr/share/texmf/tex/generic/pgf/utilities/pgfkeys.code.tex))
(/usr/share/texmf/tex/generic/pgf/utilities/pgffor.code.tex))
(/usr/share/texmf/tex/generic/pgf/frontendlayer/tikz/tikz.code.tex
(/usr/share/texmf/tex/generic/pgf/libraries/pgflibraryplothandlers.code.tex)
(/usr/share/texmf/tex/generic/pgf/modules/pgfmodulematrix.code.tex)
(/usr/share/texmf/tex/generic/pgf/frontendlayer/tikz/libraries/tikzlibrarytopat
hs.code.tex)))
(/usr/share/texmf/tex/generic/pgf/frontendlayer/tikz/libraries/tikzlibrarydecor
ations.pathmorphing.code.tex
(/usr/share/texmf/tex/generic/pgf/frontendlayer/tikz/libraries/tikzlibrarydecor
ations.code.tex
(/usr/share/texmf/tex/generic/pgf/modules/pgfmoduledecorations.code.tex))
(/usr/share/texmf/tex/generic/pgf/libraries/decorations/pgflibrarydecorations.p
athmorphing.code.tex))
(/usr/share/texlive/texmf-dist/tex/latex/wrapfig/wrapfig.sty)
(/usr/share/texlive/texmf-dist/tex/latex/ziffer/ziffer.sty)
(/usr/share/texlive/texmf-dist/tex/latex/fourier/fourier.sty
(/usr/share/texlive/texmf-dist/tex/latex/base/fontenc.sty
(/usr/share/texlive/texmf-dist/tex/latex/base/t1enc.def))
(/usr/share/texlive/texmf-dist/tex/latex/base/textcomp.sty
(/usr/share/texlive/texmf-dist/tex/latex/base/ts1enc.def
(/usr/share/texlive/texmf-dist/tex/latex/base/ts1enc.dfu)))
(/usr/share/texlive/texmf-dist/tex/latex/fourier/fourier-orns.sty))
(/usr/share/texlive/texmf-dist/tex/latex/microtype/microtype.sty
(/usr/share/texlive/texmf-dist/tex/latex/microtype/microtype-pdftex.def)
(/usr/share/texlive/texmf-dist/tex/latex/microtype/microtype.cfg))
Writing index file FinMath1.idx
(./FinMath1.aux) (/usr/share/texlive/texmf-dist/tex/latex/fourier/fmlfutm.fd)
(/usr/share/texlive/texmf-dist/tex/latex/fourier/fmsfutm.fd)
(/usr/share/texlive/texmf-dist/tex/latex/fourier/fmxfutm.fd)
(/usr/share/texlive/texmf-dist/tex/latex/base/ts1cmr.fd)
(/usr/share/texlive/texmf-dist/tex/latex/fourier/t1futs.fd)
(/usr/share/texlive/texmf-dist/tex/context/base/supp-pdf.mkii
[Loading MPS to PDF converter (version 2006.09.02).]
) (/usr/share/texlive/texmf-dist/tex/latex/hyperref/nameref.sty
(/usr/share/texlive/texmf-dist/tex/generic/oberdiek/gettitlestring.sty))
(./FinMath1.out) (./FinMath1.out) ABD: EveryShipout initializing macros
(/usr/share/texlive/texmf-dist/tex/latex/oberdiek/epstopdf-base.sty
(/usr/share/texlive/texmf-dist/tex/latex/oberdiek/grfext.sty)
(/usr/share/texlive/texmf-dist/tex/latex/latexconfig/epstopdf-sys.cfg))
(/usr/share/texlive/texmf-dist/tex/latex/base/t1cmss.fd)
(/usr/share/texlive/texmf-dist/tex/latex/fourier/fmlfutmi.fd)
(/usr/share/texlive/texmf-dist/tex/latex/amsfonts/umsa.fd)
(/usr/share/texlive/texmf-dist/tex/latex/microtype/mt-msa.cfg)
(/usr/share/texlive/texmf-dist/tex/latex/amsfonts/umsb.fd)
(/usr/share/texlive/texmf-dist/tex/latex/microtype/mt-msb.cfg)
(/usr/share/texlive/texmf-dist/tex/latex/stmaryrd/Ustmry.fd)
(/usr/share/texlive/texmf-dist/tex/latex/wasysym/uwasy.fd)
(/usr/share/texlive/texmf-dist/tex/latex/jknapltx/ursfs.fd)
(/usr/share/texlive/texmf-dist/tex/latex/base/t1cmtt.fd) [1
Non-PDF special ignored!
Non-PDF special ignored!
Non-PDF special ignored!
Non-PDF special ignored!
Non-PDF special ignored!
Non-PDF special ignored!
Non-PDF special ignored!{/var/lib/texmf/fonts/map/pdftex/updmap/pdftex.map}]
[2] (./FinMath1.toc [3]) [4] [5] [6]
Kapitel I.
(/usr/share/texlive/texmf-dist/tex/latex/fourier/ts1futs.fd) [7]
(/usr/share/texlive/texmf-dist/tex/latex/amsfonts/ueuf.fd)
(/usr/share/texlive/texmf-dist/tex/latex/microtype/mt-euf.cfg) [8] [9] [10]
[11] [12] [13] [14] [15] [16] [17]
Underfull \vbox (badness 7344) has occurred while \output is active [18]
[19] [20] [21] [22] [23] [24] [25] [26]
Underfull \vbox (badness 1107) has occurred while \output is active [27]
[28] [29] [30] [31] [32] [33] [34] [35] [36]
Kapitel II.
[37] [38] [39] [40] [41] [42] [43]
Underfull \vbox (badness 2418) has occurred while \output is active [44]
[45] [46] <CBOT.jpg, id=685, 642.4pt x 465.74pt> <use CBOT.jpg> [47 <data/CBOT.
jpg>] [48] [49] [50] [51] [52] [53] [54] [55] [56] [57] [58] [59] [60] [61]
[62] [63]
Overfull \hbox (7.1148pt too wide) in paragraph at lines 2711--2713
\T1/futs/m/n/10.95 (-20) Nach Vor-aus-set-zung exis-tiert ein nicht er-reich-ba
-rer Zah-lungs-an-spruch $\FML/futmi/m/it/10.95 H$\T1/futs/m/n/10.95 (-20) . Da
nn ist $(\FML/futmi/m/it/10.95 H\T1/futs/m/n/10.95 (-20) (\FML/futmi/m/it/10.95
 ![]\T1/futs/m/n/10.95 (-20) )\FML/futmi/m/it/10.95 ; [] ; H\T1/futs/m/n/10.95 
(-20) (\FML/futmi/m/it/10.95 ![]\T1/futs/m/n/10.95 (-20) )) \FMS/futm/m/n/10.95
 2
[64]

Package hyperref Warning: Token not allowed in a PDF string (PDFDocEncoding):
(hyperref)                removing `math shift' on input line 2740.


Package hyperref Warning: Token not allowed in a PDF string (PDFDocEncoding):
(hyperref)                removing `math shift' on input line 2740.

[65] [66] [67] [68] [69] [70] [71] [72] [73] [74] [75] [76] [77] [78] [79]
[80]

Package amsmath Warning: Foreign command \atopwithdelims;
(amsmath)                \frac or \genfrac should be used instead
(amsmath)                 on input line 3489.

[81] [82] [83] [84]
Kapitel III.

Package hyperref Warning: Difference (2) between bookmark levels is greater 
(hyperref)                than one, level fixed on input line 3587.

[85] [86]
Underfull \vbox (badness 1845) has occurred while \output is active [87]
[88] [89] [90] [91] [92]
** Generating table of satz,beispiel
(./FinMath1.thm
Overfull \hbox (7.22699pt too wide) detected at line 17
\T1/futs/m/n/10.95 1.1.15. 

Overfull \hbox (1.88339pt too wide) detected at line 76
\T1/futs/m/n/10.95 2.1.2. 

Overfull \hbox (1.88339pt too wide) detected at line 84
\T1/futs/m/n/10.95 2.1.9. 

Overfull \hbox (7.22699pt too wide) detected at line 108
\T1/futs/m/n/10.95 2.1.26. 

Overfull \hbox (7.22699pt too wide) detected at line 117
\T1/futs/m/n/10.95 2.1.33. 

Overfull \hbox (7.22699pt too wide) detected at line 122
\T1/futs/m/n/10.95 2.1.36. 

Overfull \hbox (1.88339pt too wide) detected at line 124
\T1/futs/m/n/10.95 2.2.1. 

Overfull \hbox (1.88339pt too wide) detected at line 164
\T1/futs/m/n/10.95 2.5.4. 

Overfull \hbox (1.88339pt too wide) detected at line 174
\T1/futs/m/n/10.95 2.6.1. 

Overfull \hbox (7.22699pt too wide) detected at line 185
\T1/futs/m/n/10.95 2.10.1. 

Overfull \hbox (7.22699pt too wide) detected at line 195
\T1/futs/m/n/10.95 2.10.8. 

Overfull \hbox (7.22699pt too wide) detected at line 203
\T1/futs/m/n/10.95 2.11.3. 

Overfull \hbox (7.22699pt too wide) detected at line 205
\T1/futs/m/n/10.95 2.11.4. 

Overfull \hbox (7.22699pt too wide) detected at line 207
\T1/futs/m/n/10.95 2.11.5. 

Overfull \hbox (7.22699pt too wide) detected at line 208
\T1/futs/m/n/10.95 2.11.6. 

Overfull \hbox (7.22699pt too wide) detected at line 209
\T1/futs/m/n/10.95 2.11.7. 

Overfull \hbox (1.88339pt too wide) detected at line 211
\T1/futs/m/n/10.95 3.1.1. 
) (./FinMath1.ind [93] [94]
Overfull \hbox (0.76918pt too wide) in paragraph at lines 117--119
[]\T1/futs/m/n/10.95 (-20) von-Neu-mann-Mor-gen-stern-Re-prä-sen-ta[]tion, [][]
8[][] 
[95]) (./FinMath1.aux) )
(see the transcript file for additional information){/usr/share/texlive/texmf-d
ist/fonts/enc/dvips/base/8r.enc}{/usr/share/texmf/fonts/enc/dvips/cm-super/cm-s
uper-t1.enc}</usr/share/texlive/texmf-dist/fonts/type1/public/amsfonts/euler/eu
fm10.pfb></usr/share/texlive/texmf-dist/fonts/type1/public/fourier/fourier-bb.p
fb></usr/share/texlive/texmf-dist/fonts/type1/public/fourier/fourier-mcl.pfb></
usr/share/texlive/texmf-dist/fonts/type1/public/fourier/fourier-mex.pfb></usr/s
hare/texlive/texmf-dist/fonts/type1/public/fourier/fourier-ml.pfb></usr/share/t
exlive/texmf-dist/fonts/type1/public/fourier/fourier-mlit.pfb></usr/share/texli
ve/texmf-dist/fonts/type1/public/fourier/fourier-ms.pfb></usr/share/texlive/tex
mf-dist/fonts/type1/adobe/utopia/putb8a.pfb></usr/share/texlive/texmf-dist/font
s/type1/adobe/utopia/putbi8a.pfb></usr/share/texlive/texmf-dist/fonts/type1/ado
be/utopia/putr8a.pfb></usr/share/texlive/texmf-dist/fonts/type1/adobe/utopia/pu
tr8a.pfb></usr/share/texlive/texmf-dist/fonts/type1/adobe/utopia/putri8a.pfb></
usr/share/texmf/fonts/type1/public/cm-super/sfsx1095.pfb></usr/share/texmf/font
s/type1/public/cm-super/sfsx1200.pfb></usr/share/texmf/fonts/type1/public/cm-su
per/sfsx1440.pfb></usr/share/texmf/fonts/type1/public/cm-super/sfsx2074.pfb></u
sr/share/texmf/fonts/type1/public/cm-super/sftt1095.pfb></usr/share/texmf/fonts
/type1/public/cm-super/sftt1440.pfb>
Output written on FinMath1.pdf (95 pages, 704432 bytes).
Transcript written on FinMath1.log.
Result: ExitSuccess

Running /usr/bin/convert -verbose FinMath1.pdf[0] -resize 70x FinMath1.png in an env with 4 entries:
"gs" -q -dQUIET -dSAFER -dBATCH -dNOPAUSE -dNOPROMPT -dMaxBitmap=500000000 -dAlignToPixels=0 -dGridFitTT=2 "-sDEVICE=pngalpha" -dTextAlphaBits=4 -dGraphicsAlphaBits=4 "-r72x72" -dFirstPage=1 -dLastPage=1 "-sOutputFile=/tmp/magick-spOye8dG-%08d" "-f/tmp/magick-QHXhBK2R" "-f/tmp/magick-C-VLTsR3"
/tmp/magick-spOye8dG-00000001 PNG 595x842 595x842+0+0 8-bit DirectClass 10.7KB 0.010u 0:00.010
FinMath1.pdf[0]=>FinMath1.pdf PDF 595x842 595x842+0+0 16-bit DirectClass 10.7KB 0.000u 0:00.000
FinMath1.pdf[0]=>FinMath1.png PDF 595x842=>70x99 70x99+0+0 16-bit PseudoClass 245c 0.030u 0:00.019
Result: ExitSuccess

Running /usr/bin/optipng -verbose FinMath1.png in an env with 4 entries:
OptiPNG 0.6.4: Advanced PNG optimizer.
Copyright (C) 2001-2010 Cosmin Truta.

** Processing: FinMath1.png
70x99 pixels, 4x16 bits/pixel, RGB+alpha
Input IDAT size = 1074 bytes
Input file size = 1373 bytes

Trying:
  zc = 9  zm = 8  zs = 0  f = 0		IDAT size = 995
  zc = 9  zm = 8  zs = 1  f = 0		IDAT size = 990
  zc = 1  zm = 8  zs = 2  f = 0		IDAT too big
  zc = 9  zm = 8  zs = 3  f = 0		IDAT too big
  zc = 9  zm = 8  zs = 0  f = 5		IDAT too big
  zc = 9  zm = 8  zs = 1  f = 5		IDAT too big
  zc = 1  zm = 8  zs = 2  f = 5		IDAT too big
  zc = 9  zm = 8  zs = 3  f = 5		IDAT too big

Selecting parameters:
  zc = 9  zm = 8  zs = 1  f = 0		IDAT size = 990

Output IDAT size = 990 bytes (84 bytes decrease)
Output file size = 1289 bytes (84 bytes = 6.12% decrease)

** Status report
1 file(s) have been processed.
Result: ExitSuccess
