
Running /usr/bin/pdflatex FormSysZusammenfassung.tex in an env with 4 entries:
This is pdfTeX, Version 3.1415926-2.5-1.40.14 (TeX Live 2013/Debian)
 restricted \write18 enabled.
entering extended mode
(data/FormSysZusammenfassung.tex
LaTeX2e <2011/06/27>
Babel <3.9h> and hyphenation patterns for 78 languages loaded.
(/usr/share/texlive/texmf-dist/tex/latex/koma-script/scrartcl.cls
Document Class: scrartcl 2013/12/19 v3.12 KOMA-Script document class (article)
(/usr/share/texlive/texmf-dist/tex/latex/koma-script/scrkbase.sty
(/usr/share/texlive/texmf-dist/tex/latex/koma-script/scrbase.sty
(/usr/share/texlive/texmf-dist/tex/latex/graphics/keyval.sty)
(/usr/share/texlive/texmf-dist/tex/latex/koma-script/scrlfile.sty
Package scrlfile, 2013/12/19 v3.12 KOMA-Script package (loading files)
                  Copyright (C) Markus Kohm

))) (/usr/share/texlive/texmf-dist/tex/latex/koma-script/tocbasic.sty)
(/usr/share/texlive/texmf-dist/tex/latex/koma-script/scrsize11pt.clo)
(/usr/share/texlive/texmf-dist/tex/latex/koma-script/typearea.sty
Package typearea, 2013/12/19 v3.12 KOMA-Script package (type area)
                  Copyright (C) Frank Neukam, 1992-1994
                  Copyright (C) Markus Kohm, 1994-

)) (data/latexki.sty)
(/usr/share/texlive/texmf-dist/tex/generic/german/german.sty v2.5e 1998-07-08)
(/usr/share/texlive/texmf-dist/tex/latex/base/fontenc.sty
(/usr/share/texlive/texmf-dist/tex/latex/base/t1enc.def))
(/usr/share/texlive/texmf-dist/tex/latex/base/inputenc.sty
(/usr/share/texlive/texmf-dist/tex/latex/base/utf8.def
(/usr/share/texlive/texmf-dist/tex/latex/base/t1enc.dfu)
(/usr/share/texlive/texmf-dist/tex/latex/base/ot1enc.dfu)
(/usr/share/texlive/texmf-dist/tex/latex/base/omsenc.dfu)))
(/usr/share/texlive/texmf-dist/tex/latex/amsmath/amsmath.sty
For additional information on amsmath, use the `?' option.
(/usr/share/texlive/texmf-dist/tex/latex/amsmath/amstext.sty
(/usr/share/texlive/texmf-dist/tex/latex/amsmath/amsgen.sty))
(/usr/share/texlive/texmf-dist/tex/latex/amsmath/amsbsy.sty)
(/usr/share/texlive/texmf-dist/tex/latex/amsmath/amsopn.sty))
(/usr/share/texlive/texmf-dist/tex/latex/amsfonts/amssymb.sty
(/usr/share/texlive/texmf-dist/tex/latex/amsfonts/amsfonts.sty))
(/usr/share/texlive/texmf-dist/tex/latex/amscls/amsthm.sty)
(/usr/share/texmf/tex/latex/pgf/frontendlayer/tikz.sty
(/usr/share/texmf/tex/latex/pgf/basiclayer/pgf.sty
(/usr/share/texmf/tex/latex/pgf/utilities/pgfrcs.sty
(/usr/share/texmf/tex/generic/pgf/utilities/pgfutil-common.tex)
(/usr/share/texmf/tex/generic/pgf/utilities/pgfutil-latex.def
(/usr/share/texlive/texmf-dist/tex/latex/ms/everyshi.sty))
(/usr/share/texmf/tex/generic/pgf/utilities/pgfrcs.code.tex))
(/usr/share/texmf/tex/latex/pgf/basiclayer/pgfcore.sty
(/usr/share/texlive/texmf-dist/tex/latex/graphics/graphicx.sty
(/usr/share/texlive/texmf-dist/tex/latex/graphics/graphics.sty
(/usr/share/texlive/texmf-dist/tex/latex/graphics/trig.sty)
(/usr/share/texlive/texmf-dist/tex/latex/latexconfig/graphics.cfg)
(/usr/share/texlive/texmf-dist/tex/latex/pdftex-def/pdftex.def
(/usr/share/texlive/texmf-dist/tex/generic/oberdiek/infwarerr.sty)
(/usr/share/texlive/texmf-dist/tex/generic/oberdiek/ltxcmds.sty))))
(/usr/share/texmf/tex/latex/pgf/systemlayer/pgfsys.sty
(/usr/share/texmf/tex/generic/pgf/systemlayer/pgfsys.code.tex
(/usr/share/texmf/tex/generic/pgf/utilities/pgfkeys.code.tex
(/usr/share/texmf/tex/generic/pgf/utilities/pgfkeysfiltered.code.tex))
(/usr/share/texmf/tex/generic/pgf/systemlayer/pgf.cfg)
(/usr/share/texmf/tex/generic/pgf/systemlayer/pgfsys-pdftex.def
(/usr/share/texmf/tex/generic/pgf/systemlayer/pgfsys-common-pdf.def)))
(/usr/share/texmf/tex/generic/pgf/systemlayer/pgfsyssoftpath.code.tex)
(/usr/share/texmf/tex/generic/pgf/systemlayer/pgfsysprotocol.code.tex))
(/usr/share/texmf/tex/latex/xcolor/xcolor.sty
(/usr/share/texlive/texmf-dist/tex/latex/latexconfig/color.cfg))
(/usr/share/texmf/tex/generic/pgf/basiclayer/pgfcore.code.tex
(/usr/share/texmf/tex/generic/pgf/math/pgfmath.code.tex
(/usr/share/texmf/tex/generic/pgf/math/pgfmathcalc.code.tex
(/usr/share/texmf/tex/generic/pgf/math/pgfmathutil.code.tex)
(/usr/share/texmf/tex/generic/pgf/math/pgfmathparser.code.tex)
(/usr/share/texmf/tex/generic/pgf/math/pgfmathfunctions.code.tex
(/usr/share/texmf/tex/generic/pgf/math/pgfmathfunctions.basic.code.tex)
(/usr/share/texmf/tex/generic/pgf/math/pgfmathfunctions.trigonometric.code.tex)
(/usr/share/texmf/tex/generic/pgf/math/pgfmathfunctions.random.code.tex)
(/usr/share/texmf/tex/generic/pgf/math/pgfmathfunctions.comparison.code.tex)
(/usr/share/texmf/tex/generic/pgf/math/pgfmathfunctions.base.code.tex)
(/usr/share/texmf/tex/generic/pgf/math/pgfmathfunctions.round.code.tex)
(/usr/share/texmf/tex/generic/pgf/math/pgfmathfunctions.misc.code.tex)))
(/usr/share/texmf/tex/generic/pgf/math/pgfmathfloat.code.tex))
(/usr/share/texmf/tex/generic/pgf/basiclayer/pgfcorepoints.code.tex)
(/usr/share/texmf/tex/generic/pgf/basiclayer/pgfcorepathconstruct.code.tex)
(/usr/share/texmf/tex/generic/pgf/basiclayer/pgfcorepathusage.code.tex)
(/usr/share/texmf/tex/generic/pgf/basiclayer/pgfcorescopes.code.tex)
(/usr/share/texmf/tex/generic/pgf/basiclayer/pgfcoregraphicstate.code.tex)
(/usr/share/texmf/tex/generic/pgf/basiclayer/pgfcoretransformations.code.tex)
(/usr/share/texmf/tex/generic/pgf/basiclayer/pgfcorequick.code.tex)
(/usr/share/texmf/tex/generic/pgf/basiclayer/pgfcoreobjects.code.tex)
(/usr/share/texmf/tex/generic/pgf/basiclayer/pgfcorepathprocessing.code.tex)
(/usr/share/texmf/tex/generic/pgf/basiclayer/pgfcorearrows.code.tex)
(/usr/share/texmf/tex/generic/pgf/basiclayer/pgfcoreshade.code.tex)
(/usr/share/texmf/tex/generic/pgf/basiclayer/pgfcoreimage.code.tex
(/usr/share/texmf/tex/generic/pgf/basiclayer/pgfcoreexternal.code.tex))
(/usr/share/texmf/tex/generic/pgf/basiclayer/pgfcorelayers.code.tex)
(/usr/share/texmf/tex/generic/pgf/basiclayer/pgfcoretransparency.code.tex)
(/usr/share/texmf/tex/generic/pgf/basiclayer/pgfcorepatterns.code.tex)))
(/usr/share/texmf/tex/generic/pgf/modules/pgfmoduleshapes.code.tex)
(/usr/share/texmf/tex/generic/pgf/modules/pgfmoduleplot.code.tex)
(/usr/share/texmf/tex/latex/pgf/compatibility/pgfcomp-version-0-65.sty)
(/usr/share/texmf/tex/latex/pgf/compatibility/pgfcomp-version-1-18.sty))
(/usr/share/texmf/tex/latex/pgf/utilities/pgffor.sty
(/usr/share/texmf/tex/latex/pgf/utilities/pgfkeys.sty
(/usr/share/texmf/tex/generic/pgf/utilities/pgfkeys.code.tex))
(/usr/share/texmf/tex/generic/pgf/utilities/pgffor.code.tex))
(/usr/share/texmf/tex/generic/pgf/frontendlayer/tikz/tikz.code.tex
(/usr/share/texmf/tex/generic/pgf/libraries/pgflibraryplothandlers.code.tex)
(/usr/share/texmf/tex/generic/pgf/modules/pgfmodulematrix.code.tex)
(/usr/share/texmf/tex/generic/pgf/frontendlayer/tikz/libraries/tikzlibrarytopat
hs.code.tex)))

Package amsthm Warning: Unknown theoremstyle `default' on input line 56.

(/usr/share/texlive/texmf-dist/tex/latex/setspace/setspace.sty)
No file FormSysZusammenfassung.aux.
ABD: EveryShipout initializing macros
(/usr/share/texlive/texmf-dist/tex/context/base/supp-pdf.mkii
[Loading MPS to PDF converter (version 2006.09.02).]
) (/usr/share/texlive/texmf-dist/tex/generic/oberdiek/pdftexcmds.sty
(/usr/share/texlive/texmf-dist/tex/generic/oberdiek/ifluatex.sty)
(/usr/share/texlive/texmf-dist/tex/generic/oberdiek/ifpdf.sty))
(/usr/share/texlive/texmf-dist/tex/latex/oberdiek/epstopdf-base.sty
(/usr/share/texlive/texmf-dist/tex/latex/oberdiek/grfext.sty
(/usr/share/texlive/texmf-dist/tex/generic/oberdiek/kvdefinekeys.sty))
(/usr/share/texlive/texmf-dist/tex/latex/oberdiek/kvoptions.sty
(/usr/share/texlive/texmf-dist/tex/generic/oberdiek/kvsetkeys.sty
(/usr/share/texlive/texmf-dist/tex/generic/oberdiek/etexcmds.sty)))
(/usr/share/texlive/texmf-dist/tex/latex/latexconfig/epstopdf-sys.cfg))
(/usr/share/texlive/texmf-dist/tex/latex/base/t1cmss.fd)
(/usr/share/texlive/texmf-dist/tex/latex/amsfonts/umsa.fd)
(/usr/share/texlive/texmf-dist/tex/latex/amsfonts/umsb.fd)
Overfull \hbox (2.13745pt too wide) in paragraph at lines 77--78
[]\T1/cmr/m/n/10.95 Diese Zu-sam-men-fas-sung ent-stand als per-sön-li-che Vor-
be-rei-tung auf die Klau-
No file FormSysZusammenfassung.toc.
[1{/var/lib/texmf/fonts/map/pdftex/updmap/pdftex.map}]
Underfull \hbox (badness 10000) in paragraph at lines 86--101


Underfull \hbox (badness 10000) in paragraph at lines 86--101


Underfull \hbox (badness 10000) in paragraph at lines 86--101


Underfull \hbox (badness 10000) in paragraph at lines 86--101


Underfull \hbox (badness 10000) in paragraph at lines 86--101


Underfull \hbox (badness 10000) in paragraph at lines 86--101


Underfull \hbox (badness 10000) in paragraph at lines 86--101


Underfull \hbox (badness 10000) in paragraph at lines 86--101

[2]
Underfull \hbox (badness 10000) in paragraph at lines 106--109

(/usr/share/texlive/texmf-dist/tex/latex/base/omscmr.fd)
Underfull \hbox (badness 10000) in paragraph at lines 115--131


Underfull \hbox (badness 10000) in paragraph at lines 115--131


Underfull \hbox (badness 10000) in paragraph at lines 115--131


Underfull \hbox (badness 10000) in paragraph at lines 115--131


Underfull \hbox (badness 10000) in paragraph at lines 115--131


Underfull \hbox (badness 10000) in paragraph at lines 115--131


Underfull \hbox (badness 10000) in paragraph at lines 115--131


Underfull \hbox (badness 10000) in paragraph at lines 115--131


Underfull \hbox (badness 10000) in paragraph at lines 133--144


Underfull \hbox (badness 10000) in paragraph at lines 133--144


Underfull \hbox (badness 10000) in paragraph at lines 133--144


Underfull \hbox (badness 10000) in paragraph at lines 133--144

[3]
Underfull \hbox (badness 10000) in paragraph at lines 148--155


Underfull \hbox (badness 10000) in paragraph at lines 148--155


Underfull \hbox (badness 10000) in paragraph at lines 148--155

[4]
Underfull \hbox (badness 10000) in paragraph at lines 161--164


Underfull \hbox (badness 10000) in paragraph at lines 166--175


Underfull \hbox (badness 10000) in paragraph at lines 166--175


Underfull \hbox (badness 10000) in paragraph at lines 166--175


Underfull \hbox (badness 10000) in paragraph at lines 166--175

[5]
Underfull \hbox (badness 10000) in paragraph at lines 187--196


Underfull \hbox (badness 10000) in paragraph at lines 187--196


Underfull \hbox (badness 10000) in paragraph at lines 187--196


Underfull \hbox (badness 10000) in paragraph at lines 187--196


Underfull \hbox (badness 10000) in paragraph at lines 200--205


Underfull \hbox (badness 10000) in paragraph at lines 200--205


Underfull \hbox (badness 10000) in paragraph at lines 209--221


Underfull \hbox (badness 10000) in paragraph at lines 209--221


Underfull \hbox (badness 10000) in paragraph at lines 209--221


Underfull \hbox (badness 10000) in paragraph at lines 209--221


Underfull \hbox (badness 10000) in paragraph at lines 209--221


Underfull \hbox (badness 10000) in paragraph at lines 209--221

[6]
Underfull \hbox (badness 10000) in paragraph at lines 230--235


Underfull \hbox (badness 10000) in paragraph at lines 230--235


Underfull \hbox (badness 10000) in paragraph at lines 230--235

[7]
Underfull \hbox (badness 10000) in paragraph at lines 249--262


Underfull \hbox (badness 10000) in paragraph at lines 249--262


Underfull \hbox (badness 10000) in paragraph at lines 249--262


Underfull \hbox (badness 10000) in paragraph at lines 249--262


Underfull \hbox (badness 10000) in paragraph at lines 249--262


Underfull \hbox (badness 10000) in paragraph at lines 249--262

[8]
Underfull \hbox (badness 10000) in paragraph at lines 269--272


Underfull \hbox (badness 10000) in paragraph at lines 274--284


Underfull \hbox (badness 10000) in paragraph at lines 274--284


Underfull \hbox (badness 10000) in paragraph at lines 274--284


Underfull \hbox (badness 10000) in paragraph at lines 274--284


Underfull \hbox (badness 10000) in paragraph at lines 274--284

[9]
Underfull \hbox (badness 10000) in paragraph at lines 291--297


Underfull \hbox (badness 10000) in paragraph at lines 291--297


Underfull \hbox (badness 10000) in paragraph at lines 291--297


Underfull \hbox (badness 10000) in paragraph at lines 299--317


Underfull \hbox (badness 10000) in paragraph at lines 299--317


Underfull \hbox (badness 10000) in paragraph at lines 299--317


Underfull \hbox (badness 10000) in paragraph at lines 299--317


Underfull \hbox (badness 10000) in paragraph at lines 299--317


Underfull \hbox (badness 10000) in paragraph at lines 299--317


Underfull \hbox (badness 10000) in paragraph at lines 299--317


Underfull \hbox (badness 10000) in paragraph at lines 299--317


Underfull \hbox (badness 10000) in paragraph at lines 299--317


Underfull \hbox (badness 10000) in paragraph at lines 299--317

[10] [11]
Underfull \hbox (badness 10000) in paragraph at lines 345--346


Underfull \hbox (badness 10000) in paragraph at lines 348--352

[12] [13]
Underfull \hbox (badness 10000) in paragraph at lines 370--375


Underfull \hbox (badness 10000) in paragraph at lines 370--375

[14]
Underfull \hbox (badness 10000) in paragraph at lines 390--395


Underfull \hbox (badness 10000) in paragraph at lines 390--395


Underfull \hbox (badness 10000) in paragraph at lines 390--395


Underfull \hbox (badness 10000) in paragraph at lines 400--408


Underfull \hbox (badness 10000) in paragraph at lines 400--408


Underfull \hbox (badness 10000) in paragraph at lines 400--408


Underfull \hbox (badness 10000) in paragraph at lines 400--408

[15]
Underfull \hbox (badness 10000) in paragraph at lines 422--423

[16] (./FormSysZusammenfassung.aux) )
(see the transcript file for additional information){/usr/share/texmf/fonts/enc
/dvips/cm-super/cm-super-t1.enc}</usr/share/texlive/texmf-dist/fonts/type1/publ
ic/amsfonts/cm/cmbx10.pfb></usr/share/texlive/texmf-dist/fonts/type1/public/ams
fonts/cm/cmex10.pfb></usr/share/texlive/texmf-dist/fonts/type1/public/amsfonts/
cm/cmmi10.pfb></usr/share/texlive/texmf-dist/fonts/type1/public/amsfonts/cm/cmm
i6.pfb></usr/share/texlive/texmf-dist/fonts/type1/public/amsfonts/cm/cmmi8.pfb>
</usr/share/texlive/texmf-dist/fonts/type1/public/amsfonts/cm/cmr10.pfb></usr/s
hare/texlive/texmf-dist/fonts/type1/public/amsfonts/cm/cmr8.pfb></usr/share/tex
live/texmf-dist/fonts/type1/public/amsfonts/cm/cmsy10.pfb></usr/share/texlive/t
exmf-dist/fonts/type1/public/amsfonts/cm/cmsy6.pfb></usr/share/texlive/texmf-di
st/fonts/type1/public/amsfonts/cm/cmsy8.pfb></usr/share/texlive/texmf-dist/font
s/type1/public/amsfonts/symbols/msam10.pfb></usr/share/texlive/texmf-dist/fonts
/type1/public/amsfonts/symbols/msbm10.pfb></usr/share/texmf/fonts/type1/public/
cm-super/sfbx1095.pfb></usr/share/texmf/fonts/type1/public/cm-super/sfrm1095.pf
b></usr/share/texmf/fonts/type1/public/cm-super/sfrm1440.pfb></usr/share/texmf/
fonts/type1/public/cm-super/sfsx1200.pfb></usr/share/texmf/fonts/type1/public/c
m-super/sfsx1440.pfb></usr/share/texmf/fonts/type1/public/cm-super/sfsx2074.pfb
></usr/share/texmf/fonts/type1/public/cm-super/sfti1095.pfb>
Output written on FormSysZusammenfassung.pdf (16 pages, 285107 bytes).
Transcript written on FormSysZusammenfassung.log.
Result: ExitSuccess

Running /usr/bin/pdflatex FormSysZusammenfassung.tex in an env with 4 entries:
This is pdfTeX, Version 3.1415926-2.5-1.40.14 (TeX Live 2013/Debian)
 restricted \write18 enabled.
entering extended mode
(data/FormSysZusammenfassung.tex
LaTeX2e <2011/06/27>
Babel <3.9h> and hyphenation patterns for 78 languages loaded.
(/usr/share/texlive/texmf-dist/tex/latex/koma-script/scrartcl.cls
Document Class: scrartcl 2013/12/19 v3.12 KOMA-Script document class (article)
(/usr/share/texlive/texmf-dist/tex/latex/koma-script/scrkbase.sty
(/usr/share/texlive/texmf-dist/tex/latex/koma-script/scrbase.sty
(/usr/share/texlive/texmf-dist/tex/latex/graphics/keyval.sty)
(/usr/share/texlive/texmf-dist/tex/latex/koma-script/scrlfile.sty
Package scrlfile, 2013/12/19 v3.12 KOMA-Script package (loading files)
                  Copyright (C) Markus Kohm

))) (/usr/share/texlive/texmf-dist/tex/latex/koma-script/tocbasic.sty)
(/usr/share/texlive/texmf-dist/tex/latex/koma-script/scrsize11pt.clo)
(/usr/share/texlive/texmf-dist/tex/latex/koma-script/typearea.sty
Package typearea, 2013/12/19 v3.12 KOMA-Script package (type area)
                  Copyright (C) Frank Neukam, 1992-1994
                  Copyright (C) Markus Kohm, 1994-

)) (data/latexki.sty)
(/usr/share/texlive/texmf-dist/tex/generic/german/german.sty v2.5e 1998-07-08)
(/usr/share/texlive/texmf-dist/tex/latex/base/fontenc.sty
(/usr/share/texlive/texmf-dist/tex/latex/base/t1enc.def))
(/usr/share/texlive/texmf-dist/tex/latex/base/inputenc.sty
(/usr/share/texlive/texmf-dist/tex/latex/base/utf8.def
(/usr/share/texlive/texmf-dist/tex/latex/base/t1enc.dfu)
(/usr/share/texlive/texmf-dist/tex/latex/base/ot1enc.dfu)
(/usr/share/texlive/texmf-dist/tex/latex/base/omsenc.dfu)))
(/usr/share/texlive/texmf-dist/tex/latex/amsmath/amsmath.sty
For additional information on amsmath, use the `?' option.
(/usr/share/texlive/texmf-dist/tex/latex/amsmath/amstext.sty
(/usr/share/texlive/texmf-dist/tex/latex/amsmath/amsgen.sty))
(/usr/share/texlive/texmf-dist/tex/latex/amsmath/amsbsy.sty)
(/usr/share/texlive/texmf-dist/tex/latex/amsmath/amsopn.sty))
(/usr/share/texlive/texmf-dist/tex/latex/amsfonts/amssymb.sty
(/usr/share/texlive/texmf-dist/tex/latex/amsfonts/amsfonts.sty))
(/usr/share/texlive/texmf-dist/tex/latex/amscls/amsthm.sty)
(/usr/share/texmf/tex/latex/pgf/frontendlayer/tikz.sty
(/usr/share/texmf/tex/latex/pgf/basiclayer/pgf.sty
(/usr/share/texmf/tex/latex/pgf/utilities/pgfrcs.sty
(/usr/share/texmf/tex/generic/pgf/utilities/pgfutil-common.tex)
(/usr/share/texmf/tex/generic/pgf/utilities/pgfutil-latex.def
(/usr/share/texlive/texmf-dist/tex/latex/ms/everyshi.sty))
(/usr/share/texmf/tex/generic/pgf/utilities/pgfrcs.code.tex))
(/usr/share/texmf/tex/latex/pgf/basiclayer/pgfcore.sty
(/usr/share/texlive/texmf-dist/tex/latex/graphics/graphicx.sty
(/usr/share/texlive/texmf-dist/tex/latex/graphics/graphics.sty
(/usr/share/texlive/texmf-dist/tex/latex/graphics/trig.sty)
(/usr/share/texlive/texmf-dist/tex/latex/latexconfig/graphics.cfg)
(/usr/share/texlive/texmf-dist/tex/latex/pdftex-def/pdftex.def
(/usr/share/texlive/texmf-dist/tex/generic/oberdiek/infwarerr.sty)
(/usr/share/texlive/texmf-dist/tex/generic/oberdiek/ltxcmds.sty))))
(/usr/share/texmf/tex/latex/pgf/systemlayer/pgfsys.sty
(/usr/share/texmf/tex/generic/pgf/systemlayer/pgfsys.code.tex
(/usr/share/texmf/tex/generic/pgf/utilities/pgfkeys.code.tex
(/usr/share/texmf/tex/generic/pgf/utilities/pgfkeysfiltered.code.tex))
(/usr/share/texmf/tex/generic/pgf/systemlayer/pgf.cfg)
(/usr/share/texmf/tex/generic/pgf/systemlayer/pgfsys-pdftex.def
(/usr/share/texmf/tex/generic/pgf/systemlayer/pgfsys-common-pdf.def)))
(/usr/share/texmf/tex/generic/pgf/systemlayer/pgfsyssoftpath.code.tex)
(/usr/share/texmf/tex/generic/pgf/systemlayer/pgfsysprotocol.code.tex))
(/usr/share/texmf/tex/latex/xcolor/xcolor.sty
(/usr/share/texlive/texmf-dist/tex/latex/latexconfig/color.cfg))
(/usr/share/texmf/tex/generic/pgf/basiclayer/pgfcore.code.tex
(/usr/share/texmf/tex/generic/pgf/math/pgfmath.code.tex
(/usr/share/texmf/tex/generic/pgf/math/pgfmathcalc.code.tex
(/usr/share/texmf/tex/generic/pgf/math/pgfmathutil.code.tex)
(/usr/share/texmf/tex/generic/pgf/math/pgfmathparser.code.tex)
(/usr/share/texmf/tex/generic/pgf/math/pgfmathfunctions.code.tex
(/usr/share/texmf/tex/generic/pgf/math/pgfmathfunctions.basic.code.tex)
(/usr/share/texmf/tex/generic/pgf/math/pgfmathfunctions.trigonometric.code.tex)
(/usr/share/texmf/tex/generic/pgf/math/pgfmathfunctions.random.code.tex)
(/usr/share/texmf/tex/generic/pgf/math/pgfmathfunctions.comparison.code.tex)
(/usr/share/texmf/tex/generic/pgf/math/pgfmathfunctions.base.code.tex)
(/usr/share/texmf/tex/generic/pgf/math/pgfmathfunctions.round.code.tex)
(/usr/share/texmf/tex/generic/pgf/math/pgfmathfunctions.misc.code.tex)))
(/usr/share/texmf/tex/generic/pgf/math/pgfmathfloat.code.tex))
(/usr/share/texmf/tex/generic/pgf/basiclayer/pgfcorepoints.code.tex)
(/usr/share/texmf/tex/generic/pgf/basiclayer/pgfcorepathconstruct.code.tex)
(/usr/share/texmf/tex/generic/pgf/basiclayer/pgfcorepathusage.code.tex)
(/usr/share/texmf/tex/generic/pgf/basiclayer/pgfcorescopes.code.tex)
(/usr/share/texmf/tex/generic/pgf/basiclayer/pgfcoregraphicstate.code.tex)
(/usr/share/texmf/tex/generic/pgf/basiclayer/pgfcoretransformations.code.tex)
(/usr/share/texmf/tex/generic/pgf/basiclayer/pgfcorequick.code.tex)
(/usr/share/texmf/tex/generic/pgf/basiclayer/pgfcoreobjects.code.tex)
(/usr/share/texmf/tex/generic/pgf/basiclayer/pgfcorepathprocessing.code.tex)
(/usr/share/texmf/tex/generic/pgf/basiclayer/pgfcorearrows.code.tex)
(/usr/share/texmf/tex/generic/pgf/basiclayer/pgfcoreshade.code.tex)
(/usr/share/texmf/tex/generic/pgf/basiclayer/pgfcoreimage.code.tex
(/usr/share/texmf/tex/generic/pgf/basiclayer/pgfcoreexternal.code.tex))
(/usr/share/texmf/tex/generic/pgf/basiclayer/pgfcorelayers.code.tex)
(/usr/share/texmf/tex/generic/pgf/basiclayer/pgfcoretransparency.code.tex)
(/usr/share/texmf/tex/generic/pgf/basiclayer/pgfcorepatterns.code.tex)))
(/usr/share/texmf/tex/generic/pgf/modules/pgfmoduleshapes.code.tex)
(/usr/share/texmf/tex/generic/pgf/modules/pgfmoduleplot.code.tex)
(/usr/share/texmf/tex/latex/pgf/compatibility/pgfcomp-version-0-65.sty)
(/usr/share/texmf/tex/latex/pgf/compatibility/pgfcomp-version-1-18.sty))
(/usr/share/texmf/tex/latex/pgf/utilities/pgffor.sty
(/usr/share/texmf/tex/latex/pgf/utilities/pgfkeys.sty
(/usr/share/texmf/tex/generic/pgf/utilities/pgfkeys.code.tex))
(/usr/share/texmf/tex/generic/pgf/utilities/pgffor.code.tex))
(/usr/share/texmf/tex/generic/pgf/frontendlayer/tikz/tikz.code.tex
(/usr/share/texmf/tex/generic/pgf/libraries/pgflibraryplothandlers.code.tex)
(/usr/share/texmf/tex/generic/pgf/modules/pgfmodulematrix.code.tex)
(/usr/share/texmf/tex/generic/pgf/frontendlayer/tikz/libraries/tikzlibrarytopat
hs.code.tex)))

Package amsthm Warning: Unknown theoremstyle `default' on input line 56.

(/usr/share/texlive/texmf-dist/tex/latex/setspace/setspace.sty)
(./FormSysZusammenfassung.aux) ABD: EveryShipout initializing macros
(/usr/share/texlive/texmf-dist/tex/context/base/supp-pdf.mkii
[Loading MPS to PDF converter (version 2006.09.02).]
) (/usr/share/texlive/texmf-dist/tex/generic/oberdiek/pdftexcmds.sty
(/usr/share/texlive/texmf-dist/tex/generic/oberdiek/ifluatex.sty)
(/usr/share/texlive/texmf-dist/tex/generic/oberdiek/ifpdf.sty))
(/usr/share/texlive/texmf-dist/tex/latex/oberdiek/epstopdf-base.sty
(/usr/share/texlive/texmf-dist/tex/latex/oberdiek/grfext.sty
(/usr/share/texlive/texmf-dist/tex/generic/oberdiek/kvdefinekeys.sty))
(/usr/share/texlive/texmf-dist/tex/latex/oberdiek/kvoptions.sty
(/usr/share/texlive/texmf-dist/tex/generic/oberdiek/kvsetkeys.sty
(/usr/share/texlive/texmf-dist/tex/generic/oberdiek/etexcmds.sty)))
(/usr/share/texlive/texmf-dist/tex/latex/latexconfig/epstopdf-sys.cfg))
(/usr/share/texlive/texmf-dist/tex/latex/base/t1cmss.fd)
(/usr/share/texlive/texmf-dist/tex/latex/amsfonts/umsa.fd)
(/usr/share/texlive/texmf-dist/tex/latex/amsfonts/umsb.fd)
Overfull \hbox (2.13745pt too wide) in paragraph at lines 77--78
[]\T1/cmr/m/n/10.95 Diese Zu-sam-men-fas-sung ent-stand als per-sön-li-che Vor-
be-rei-tung auf die Klau-
(./FormSysZusammenfassung.toc) [1{/var/lib/texmf/fonts/map/pdftex/updmap/pdftex
.map}]
Underfull \hbox (badness 10000) in paragraph at lines 86--101


Underfull \hbox (badness 10000) in paragraph at lines 86--101


Underfull \hbox (badness 10000) in paragraph at lines 86--101


Underfull \hbox (badness 10000) in paragraph at lines 86--101


Underfull \hbox (badness 10000) in paragraph at lines 86--101


Underfull \hbox (badness 10000) in paragraph at lines 86--101


Underfull \hbox (badness 10000) in paragraph at lines 86--101


Underfull \hbox (badness 10000) in paragraph at lines 86--101

[2]
Underfull \hbox (badness 10000) in paragraph at lines 106--109

(/usr/share/texlive/texmf-dist/tex/latex/base/omscmr.fd)
Underfull \hbox (badness 10000) in paragraph at lines 115--131


Underfull \hbox (badness 10000) in paragraph at lines 115--131


Underfull \hbox (badness 10000) in paragraph at lines 115--131


Underfull \hbox (badness 10000) in paragraph at lines 115--131


Underfull \hbox (badness 10000) in paragraph at lines 115--131


Underfull \hbox (badness 10000) in paragraph at lines 115--131


Underfull \hbox (badness 10000) in paragraph at lines 115--131


Underfull \hbox (badness 10000) in paragraph at lines 115--131


Underfull \hbox (badness 10000) in paragraph at lines 133--144


Underfull \hbox (badness 10000) in paragraph at lines 133--144


Underfull \hbox (badness 10000) in paragraph at lines 133--144


Underfull \hbox (badness 10000) in paragraph at lines 133--144

[3]
Underfull \hbox (badness 10000) in paragraph at lines 148--155


Underfull \hbox (badness 10000) in paragraph at lines 148--155


Underfull \hbox (badness 10000) in paragraph at lines 148--155

[4]
Underfull \hbox (badness 10000) in paragraph at lines 161--164


Underfull \hbox (badness 10000) in paragraph at lines 166--175


Underfull \hbox (badness 10000) in paragraph at lines 166--175


Underfull \hbox (badness 10000) in paragraph at lines 166--175


Underfull \hbox (badness 10000) in paragraph at lines 166--175

[5]
Underfull \hbox (badness 10000) in paragraph at lines 187--196


Underfull \hbox (badness 10000) in paragraph at lines 187--196


Underfull \hbox (badness 10000) in paragraph at lines 187--196


Underfull \hbox (badness 10000) in paragraph at lines 187--196


Underfull \hbox (badness 10000) in paragraph at lines 200--205


Underfull \hbox (badness 10000) in paragraph at lines 200--205


Underfull \hbox (badness 10000) in paragraph at lines 209--221


Underfull \hbox (badness 10000) in paragraph at lines 209--221


Underfull \hbox (badness 10000) in paragraph at lines 209--221


Underfull \hbox (badness 10000) in paragraph at lines 209--221


Underfull \hbox (badness 10000) in paragraph at lines 209--221


Underfull \hbox (badness 10000) in paragraph at lines 209--221

[6]
Underfull \hbox (badness 10000) in paragraph at lines 230--235


Underfull \hbox (badness 10000) in paragraph at lines 230--235


Underfull \hbox (badness 10000) in paragraph at lines 230--235

[7]
Underfull \hbox (badness 10000) in paragraph at lines 249--262


Underfull \hbox (badness 10000) in paragraph at lines 249--262


Underfull \hbox (badness 10000) in paragraph at lines 249--262


Underfull \hbox (badness 10000) in paragraph at lines 249--262


Underfull \hbox (badness 10000) in paragraph at lines 249--262


Underfull \hbox (badness 10000) in paragraph at lines 249--262

[8]
Underfull \hbox (badness 10000) in paragraph at lines 269--272


Underfull \hbox (badness 10000) in paragraph at lines 274--284


Underfull \hbox (badness 10000) in paragraph at lines 274--284


Underfull \hbox (badness 10000) in paragraph at lines 274--284


Underfull \hbox (badness 10000) in paragraph at lines 274--284


Underfull \hbox (badness 10000) in paragraph at lines 274--284

[9]
Underfull \hbox (badness 10000) in paragraph at lines 291--297


Underfull \hbox (badness 10000) in paragraph at lines 291--297


Underfull \hbox (badness 10000) in paragraph at lines 291--297


Underfull \hbox (badness 10000) in paragraph at lines 299--317


Underfull \hbox (badness 10000) in paragraph at lines 299--317


Underfull \hbox (badness 10000) in paragraph at lines 299--317


Underfull \hbox (badness 10000) in paragraph at lines 299--317


Underfull \hbox (badness 10000) in paragraph at lines 299--317


Underfull \hbox (badness 10000) in paragraph at lines 299--317


Underfull \hbox (badness 10000) in paragraph at lines 299--317


Underfull \hbox (badness 10000) in paragraph at lines 299--317


Underfull \hbox (badness 10000) in paragraph at lines 299--317


Underfull \hbox (badness 10000) in paragraph at lines 299--317

[10] [11]
Underfull \hbox (badness 10000) in paragraph at lines 345--346


Underfull \hbox (badness 10000) in paragraph at lines 348--352

[12] [13]
Underfull \hbox (badness 10000) in paragraph at lines 370--375


Underfull \hbox (badness 10000) in paragraph at lines 370--375

[14]
Underfull \hbox (badness 10000) in paragraph at lines 390--395


Underfull \hbox (badness 10000) in paragraph at lines 390--395


Underfull \hbox (badness 10000) in paragraph at lines 390--395


Underfull \hbox (badness 10000) in paragraph at lines 400--408


Underfull \hbox (badness 10000) in paragraph at lines 400--408


Underfull \hbox (badness 10000) in paragraph at lines 400--408


Underfull \hbox (badness 10000) in paragraph at lines 400--408

[15]
Underfull \hbox (badness 10000) in paragraph at lines 422--423

[16] (./FormSysZusammenfassung.aux) )
(see the transcript file for additional information){/usr/share/texmf/fonts/enc
/dvips/cm-super/cm-super-t1.enc}</usr/share/texlive/texmf-dist/fonts/type1/publ
ic/amsfonts/cm/cmbx10.pfb></usr/share/texlive/texmf-dist/fonts/type1/public/ams
fonts/cm/cmex10.pfb></usr/share/texlive/texmf-dist/fonts/type1/public/amsfonts/
cm/cmmi10.pfb></usr/share/texlive/texmf-dist/fonts/type1/public/amsfonts/cm/cmm
i6.pfb></usr/share/texlive/texmf-dist/fonts/type1/public/amsfonts/cm/cmmi8.pfb>
</usr/share/texlive/texmf-dist/fonts/type1/public/amsfonts/cm/cmr10.pfb></usr/s
hare/texlive/texmf-dist/fonts/type1/public/amsfonts/cm/cmr8.pfb></usr/share/tex
live/texmf-dist/fonts/type1/public/amsfonts/cm/cmsy10.pfb></usr/share/texlive/t
exmf-dist/fonts/type1/public/amsfonts/cm/cmsy6.pfb></usr/share/texlive/texmf-di
st/fonts/type1/public/amsfonts/cm/cmsy8.pfb></usr/share/texlive/texmf-dist/font
s/type1/public/amsfonts/symbols/msam10.pfb></usr/share/texlive/texmf-dist/fonts
/type1/public/amsfonts/symbols/msbm10.pfb></usr/share/texmf/fonts/type1/public/
cm-super/sfbx1095.pfb></usr/share/texmf/fonts/type1/public/cm-super/sfrm1095.pf
b></usr/share/texmf/fonts/type1/public/cm-super/sfrm1440.pfb></usr/share/texmf/
fonts/type1/public/cm-super/sfsx1095.pfb></usr/share/texmf/fonts/type1/public/c
m-super/sfsx1200.pfb></usr/share/texmf/fonts/type1/public/cm-super/sfsx1440.pfb
></usr/share/texmf/fonts/type1/public/cm-super/sfsx2074.pfb></usr/share/texmf/f
onts/type1/public/cm-super/sfti1095.pfb>
Output written on FormSysZusammenfassung.pdf (16 pages, 305018 bytes).
Transcript written on FormSysZusammenfassung.log.
Result: ExitSuccess

Running /usr/bin/pdflatex FormSysZusammenfassung.tex in an env with 4 entries:
This is pdfTeX, Version 3.1415926-2.5-1.40.14 (TeX Live 2013/Debian)
 restricted \write18 enabled.
entering extended mode
(data/FormSysZusammenfassung.tex
LaTeX2e <2011/06/27>
Babel <3.9h> and hyphenation patterns for 78 languages loaded.
(/usr/share/texlive/texmf-dist/tex/latex/koma-script/scrartcl.cls
Document Class: scrartcl 2013/12/19 v3.12 KOMA-Script document class (article)
(/usr/share/texlive/texmf-dist/tex/latex/koma-script/scrkbase.sty
(/usr/share/texlive/texmf-dist/tex/latex/koma-script/scrbase.sty
(/usr/share/texlive/texmf-dist/tex/latex/graphics/keyval.sty)
(/usr/share/texlive/texmf-dist/tex/latex/koma-script/scrlfile.sty
Package scrlfile, 2013/12/19 v3.12 KOMA-Script package (loading files)
                  Copyright (C) Markus Kohm

))) (/usr/share/texlive/texmf-dist/tex/latex/koma-script/tocbasic.sty)
(/usr/share/texlive/texmf-dist/tex/latex/koma-script/scrsize11pt.clo)
(/usr/share/texlive/texmf-dist/tex/latex/koma-script/typearea.sty
Package typearea, 2013/12/19 v3.12 KOMA-Script package (type area)
                  Copyright (C) Frank Neukam, 1992-1994
                  Copyright (C) Markus Kohm, 1994-

)) (data/latexki.sty)
(/usr/share/texlive/texmf-dist/tex/generic/german/german.sty v2.5e 1998-07-08)
(/usr/share/texlive/texmf-dist/tex/latex/base/fontenc.sty
(/usr/share/texlive/texmf-dist/tex/latex/base/t1enc.def))
(/usr/share/texlive/texmf-dist/tex/latex/base/inputenc.sty
(/usr/share/texlive/texmf-dist/tex/latex/base/utf8.def
(/usr/share/texlive/texmf-dist/tex/latex/base/t1enc.dfu)
(/usr/share/texlive/texmf-dist/tex/latex/base/ot1enc.dfu)
(/usr/share/texlive/texmf-dist/tex/latex/base/omsenc.dfu)))
(/usr/share/texlive/texmf-dist/tex/latex/amsmath/amsmath.sty
For additional information on amsmath, use the `?' option.
(/usr/share/texlive/texmf-dist/tex/latex/amsmath/amstext.sty
(/usr/share/texlive/texmf-dist/tex/latex/amsmath/amsgen.sty))
(/usr/share/texlive/texmf-dist/tex/latex/amsmath/amsbsy.sty)
(/usr/share/texlive/texmf-dist/tex/latex/amsmath/amsopn.sty))
(/usr/share/texlive/texmf-dist/tex/latex/amsfonts/amssymb.sty
(/usr/share/texlive/texmf-dist/tex/latex/amsfonts/amsfonts.sty))
(/usr/share/texlive/texmf-dist/tex/latex/amscls/amsthm.sty)
(/usr/share/texmf/tex/latex/pgf/frontendlayer/tikz.sty
(/usr/share/texmf/tex/latex/pgf/basiclayer/pgf.sty
(/usr/share/texmf/tex/latex/pgf/utilities/pgfrcs.sty
(/usr/share/texmf/tex/generic/pgf/utilities/pgfutil-common.tex)
(/usr/share/texmf/tex/generic/pgf/utilities/pgfutil-latex.def
(/usr/share/texlive/texmf-dist/tex/latex/ms/everyshi.sty))
(/usr/share/texmf/tex/generic/pgf/utilities/pgfrcs.code.tex))
(/usr/share/texmf/tex/latex/pgf/basiclayer/pgfcore.sty
(/usr/share/texlive/texmf-dist/tex/latex/graphics/graphicx.sty
(/usr/share/texlive/texmf-dist/tex/latex/graphics/graphics.sty
(/usr/share/texlive/texmf-dist/tex/latex/graphics/trig.sty)
(/usr/share/texlive/texmf-dist/tex/latex/latexconfig/graphics.cfg)
(/usr/share/texlive/texmf-dist/tex/latex/pdftex-def/pdftex.def
(/usr/share/texlive/texmf-dist/tex/generic/oberdiek/infwarerr.sty)
(/usr/share/texlive/texmf-dist/tex/generic/oberdiek/ltxcmds.sty))))
(/usr/share/texmf/tex/latex/pgf/systemlayer/pgfsys.sty
(/usr/share/texmf/tex/generic/pgf/systemlayer/pgfsys.code.tex
(/usr/share/texmf/tex/generic/pgf/utilities/pgfkeys.code.tex
(/usr/share/texmf/tex/generic/pgf/utilities/pgfkeysfiltered.code.tex))
(/usr/share/texmf/tex/generic/pgf/systemlayer/pgf.cfg)
(/usr/share/texmf/tex/generic/pgf/systemlayer/pgfsys-pdftex.def
(/usr/share/texmf/tex/generic/pgf/systemlayer/pgfsys-common-pdf.def)))
(/usr/share/texmf/tex/generic/pgf/systemlayer/pgfsyssoftpath.code.tex)
(/usr/share/texmf/tex/generic/pgf/systemlayer/pgfsysprotocol.code.tex))
(/usr/share/texmf/tex/latex/xcolor/xcolor.sty
(/usr/share/texlive/texmf-dist/tex/latex/latexconfig/color.cfg))
(/usr/share/texmf/tex/generic/pgf/basiclayer/pgfcore.code.tex
(/usr/share/texmf/tex/generic/pgf/math/pgfmath.code.tex
(/usr/share/texmf/tex/generic/pgf/math/pgfmathcalc.code.tex
(/usr/share/texmf/tex/generic/pgf/math/pgfmathutil.code.tex)
(/usr/share/texmf/tex/generic/pgf/math/pgfmathparser.code.tex)
(/usr/share/texmf/tex/generic/pgf/math/pgfmathfunctions.code.tex
(/usr/share/texmf/tex/generic/pgf/math/pgfmathfunctions.basic.code.tex)
(/usr/share/texmf/tex/generic/pgf/math/pgfmathfunctions.trigonometric.code.tex)
(/usr/share/texmf/tex/generic/pgf/math/pgfmathfunctions.random.code.tex)
(/usr/share/texmf/tex/generic/pgf/math/pgfmathfunctions.comparison.code.tex)
(/usr/share/texmf/tex/generic/pgf/math/pgfmathfunctions.base.code.tex)
(/usr/share/texmf/tex/generic/pgf/math/pgfmathfunctions.round.code.tex)
(/usr/share/texmf/tex/generic/pgf/math/pgfmathfunctions.misc.code.tex)))
(/usr/share/texmf/tex/generic/pgf/math/pgfmathfloat.code.tex))
(/usr/share/texmf/tex/generic/pgf/basiclayer/pgfcorepoints.code.tex)
(/usr/share/texmf/tex/generic/pgf/basiclayer/pgfcorepathconstruct.code.tex)
(/usr/share/texmf/tex/generic/pgf/basiclayer/pgfcorepathusage.code.tex)
(/usr/share/texmf/tex/generic/pgf/basiclayer/pgfcorescopes.code.tex)
(/usr/share/texmf/tex/generic/pgf/basiclayer/pgfcoregraphicstate.code.tex)
(/usr/share/texmf/tex/generic/pgf/basiclayer/pgfcoretransformations.code.tex)
(/usr/share/texmf/tex/generic/pgf/basiclayer/pgfcorequick.code.tex)
(/usr/share/texmf/tex/generic/pgf/basiclayer/pgfcoreobjects.code.tex)
(/usr/share/texmf/tex/generic/pgf/basiclayer/pgfcorepathprocessing.code.tex)
(/usr/share/texmf/tex/generic/pgf/basiclayer/pgfcorearrows.code.tex)
(/usr/share/texmf/tex/generic/pgf/basiclayer/pgfcoreshade.code.tex)
(/usr/share/texmf/tex/generic/pgf/basiclayer/pgfcoreimage.code.tex
(/usr/share/texmf/tex/generic/pgf/basiclayer/pgfcoreexternal.code.tex))
(/usr/share/texmf/tex/generic/pgf/basiclayer/pgfcorelayers.code.tex)
(/usr/share/texmf/tex/generic/pgf/basiclayer/pgfcoretransparency.code.tex)
(/usr/share/texmf/tex/generic/pgf/basiclayer/pgfcorepatterns.code.tex)))
(/usr/share/texmf/tex/generic/pgf/modules/pgfmoduleshapes.code.tex)
(/usr/share/texmf/tex/generic/pgf/modules/pgfmoduleplot.code.tex)
(/usr/share/texmf/tex/latex/pgf/compatibility/pgfcomp-version-0-65.sty)
(/usr/share/texmf/tex/latex/pgf/compatibility/pgfcomp-version-1-18.sty))
(/usr/share/texmf/tex/latex/pgf/utilities/pgffor.sty
(/usr/share/texmf/tex/latex/pgf/utilities/pgfkeys.sty
(/usr/share/texmf/tex/generic/pgf/utilities/pgfkeys.code.tex))
(/usr/share/texmf/tex/generic/pgf/utilities/pgffor.code.tex))
(/usr/share/texmf/tex/generic/pgf/frontendlayer/tikz/tikz.code.tex
(/usr/share/texmf/tex/generic/pgf/libraries/pgflibraryplothandlers.code.tex)
(/usr/share/texmf/tex/generic/pgf/modules/pgfmodulematrix.code.tex)
(/usr/share/texmf/tex/generic/pgf/frontendlayer/tikz/libraries/tikzlibrarytopat
hs.code.tex)))

Package amsthm Warning: Unknown theoremstyle `default' on input line 56.

(/usr/share/texlive/texmf-dist/tex/latex/setspace/setspace.sty)
(./FormSysZusammenfassung.aux) ABD: EveryShipout initializing macros
(/usr/share/texlive/texmf-dist/tex/context/base/supp-pdf.mkii
[Loading MPS to PDF converter (version 2006.09.02).]
) (/usr/share/texlive/texmf-dist/tex/generic/oberdiek/pdftexcmds.sty
(/usr/share/texlive/texmf-dist/tex/generic/oberdiek/ifluatex.sty)
(/usr/share/texlive/texmf-dist/tex/generic/oberdiek/ifpdf.sty))
(/usr/share/texlive/texmf-dist/tex/latex/oberdiek/epstopdf-base.sty
(/usr/share/texlive/texmf-dist/tex/latex/oberdiek/grfext.sty
(/usr/share/texlive/texmf-dist/tex/generic/oberdiek/kvdefinekeys.sty))
(/usr/share/texlive/texmf-dist/tex/latex/oberdiek/kvoptions.sty
(/usr/share/texlive/texmf-dist/tex/generic/oberdiek/kvsetkeys.sty
(/usr/share/texlive/texmf-dist/tex/generic/oberdiek/etexcmds.sty)))
(/usr/share/texlive/texmf-dist/tex/latex/latexconfig/epstopdf-sys.cfg))
(/usr/share/texlive/texmf-dist/tex/latex/base/t1cmss.fd)
(/usr/share/texlive/texmf-dist/tex/latex/amsfonts/umsa.fd)
(/usr/share/texlive/texmf-dist/tex/latex/amsfonts/umsb.fd)
Overfull \hbox (2.13745pt too wide) in paragraph at lines 77--78
[]\T1/cmr/m/n/10.95 Diese Zu-sam-men-fas-sung ent-stand als per-sön-li-che Vor-
be-rei-tung auf die Klau-
(./FormSysZusammenfassung.toc) [1{/var/lib/texmf/fonts/map/pdftex/updmap/pdftex
.map}]
Underfull \hbox (badness 10000) in paragraph at lines 86--101


Underfull \hbox (badness 10000) in paragraph at lines 86--101


Underfull \hbox (badness 10000) in paragraph at lines 86--101


Underfull \hbox (badness 10000) in paragraph at lines 86--101


Underfull \hbox (badness 10000) in paragraph at lines 86--101


Underfull \hbox (badness 10000) in paragraph at lines 86--101


Underfull \hbox (badness 10000) in paragraph at lines 86--101


Underfull \hbox (badness 10000) in paragraph at lines 86--101

[2]
Underfull \hbox (badness 10000) in paragraph at lines 106--109

(/usr/share/texlive/texmf-dist/tex/latex/base/omscmr.fd)
Underfull \hbox (badness 10000) in paragraph at lines 115--131


Underfull \hbox (badness 10000) in paragraph at lines 115--131


Underfull \hbox (badness 10000) in paragraph at lines 115--131


Underfull \hbox (badness 10000) in paragraph at lines 115--131


Underfull \hbox (badness 10000) in paragraph at lines 115--131


Underfull \hbox (badness 10000) in paragraph at lines 115--131


Underfull \hbox (badness 10000) in paragraph at lines 115--131


Underfull \hbox (badness 10000) in paragraph at lines 115--131


Underfull \hbox (badness 10000) in paragraph at lines 133--144


Underfull \hbox (badness 10000) in paragraph at lines 133--144


Underfull \hbox (badness 10000) in paragraph at lines 133--144


Underfull \hbox (badness 10000) in paragraph at lines 133--144

[3]
Underfull \hbox (badness 10000) in paragraph at lines 148--155


Underfull \hbox (badness 10000) in paragraph at lines 148--155


Underfull \hbox (badness 10000) in paragraph at lines 148--155

[4]
Underfull \hbox (badness 10000) in paragraph at lines 161--164


Underfull \hbox (badness 10000) in paragraph at lines 166--175


Underfull \hbox (badness 10000) in paragraph at lines 166--175


Underfull \hbox (badness 10000) in paragraph at lines 166--175


Underfull \hbox (badness 10000) in paragraph at lines 166--175

[5]
Underfull \hbox (badness 10000) in paragraph at lines 187--196


Underfull \hbox (badness 10000) in paragraph at lines 187--196


Underfull \hbox (badness 10000) in paragraph at lines 187--196


Underfull \hbox (badness 10000) in paragraph at lines 187--196


Underfull \hbox (badness 10000) in paragraph at lines 200--205


Underfull \hbox (badness 10000) in paragraph at lines 200--205


Underfull \hbox (badness 10000) in paragraph at lines 209--221


Underfull \hbox (badness 10000) in paragraph at lines 209--221


Underfull \hbox (badness 10000) in paragraph at lines 209--221


Underfull \hbox (badness 10000) in paragraph at lines 209--221


Underfull \hbox (badness 10000) in paragraph at lines 209--221


Underfull \hbox (badness 10000) in paragraph at lines 209--221

[6]
Underfull \hbox (badness 10000) in paragraph at lines 230--235


Underfull \hbox (badness 10000) in paragraph at lines 230--235


Underfull \hbox (badness 10000) in paragraph at lines 230--235

[7]
Underfull \hbox (badness 10000) in paragraph at lines 249--262


Underfull \hbox (badness 10000) in paragraph at lines 249--262


Underfull \hbox (badness 10000) in paragraph at lines 249--262


Underfull \hbox (badness 10000) in paragraph at lines 249--262


Underfull \hbox (badness 10000) in paragraph at lines 249--262


Underfull \hbox (badness 10000) in paragraph at lines 249--262

[8]
Underfull \hbox (badness 10000) in paragraph at lines 269--272


Underfull \hbox (badness 10000) in paragraph at lines 274--284


Underfull \hbox (badness 10000) in paragraph at lines 274--284


Underfull \hbox (badness 10000) in paragraph at lines 274--284


Underfull \hbox (badness 10000) in paragraph at lines 274--284


Underfull \hbox (badness 10000) in paragraph at lines 274--284

[9]
Underfull \hbox (badness 10000) in paragraph at lines 291--297


Underfull \hbox (badness 10000) in paragraph at lines 291--297


Underfull \hbox (badness 10000) in paragraph at lines 291--297


Underfull \hbox (badness 10000) in paragraph at lines 299--317


Underfull \hbox (badness 10000) in paragraph at lines 299--317


Underfull \hbox (badness 10000) in paragraph at lines 299--317


Underfull \hbox (badness 10000) in paragraph at lines 299--317


Underfull \hbox (badness 10000) in paragraph at lines 299--317


Underfull \hbox (badness 10000) in paragraph at lines 299--317


Underfull \hbox (badness 10000) in paragraph at lines 299--317


Underfull \hbox (badness 10000) in paragraph at lines 299--317


Underfull \hbox (badness 10000) in paragraph at lines 299--317


Underfull \hbox (badness 10000) in paragraph at lines 299--317

[10] [11]
Underfull \hbox (badness 10000) in paragraph at lines 345--346


Underfull \hbox (badness 10000) in paragraph at lines 348--352

[12] [13]
Underfull \hbox (badness 10000) in paragraph at lines 370--375


Underfull \hbox (badness 10000) in paragraph at lines 370--375

[14]
Underfull \hbox (badness 10000) in paragraph at lines 390--395


Underfull \hbox (badness 10000) in paragraph at lines 390--395


Underfull \hbox (badness 10000) in paragraph at lines 390--395


Underfull \hbox (badness 10000) in paragraph at lines 400--408


Underfull \hbox (badness 10000) in paragraph at lines 400--408


Underfull \hbox (badness 10000) in paragraph at lines 400--408


Underfull \hbox (badness 10000) in paragraph at lines 400--408

[15]
Underfull \hbox (badness 10000) in paragraph at lines 422--423

[16] (./FormSysZusammenfassung.aux) )
(see the transcript file for additional information){/usr/share/texmf/fonts/enc
/dvips/cm-super/cm-super-t1.enc}</usr/share/texlive/texmf-dist/fonts/type1/publ
ic/amsfonts/cm/cmbx10.pfb></usr/share/texlive/texmf-dist/fonts/type1/public/ams
fonts/cm/cmex10.pfb></usr/share/texlive/texmf-dist/fonts/type1/public/amsfonts/
cm/cmmi10.pfb></usr/share/texlive/texmf-dist/fonts/type1/public/amsfonts/cm/cmm
i6.pfb></usr/share/texlive/texmf-dist/fonts/type1/public/amsfonts/cm/cmmi8.pfb>
</usr/share/texlive/texmf-dist/fonts/type1/public/amsfonts/cm/cmr10.pfb></usr/s
hare/texlive/texmf-dist/fonts/type1/public/amsfonts/cm/cmr8.pfb></usr/share/tex
live/texmf-dist/fonts/type1/public/amsfonts/cm/cmsy10.pfb></usr/share/texlive/t
exmf-dist/fonts/type1/public/amsfonts/cm/cmsy6.pfb></usr/share/texlive/texmf-di
st/fonts/type1/public/amsfonts/cm/cmsy8.pfb></usr/share/texlive/texmf-dist/font
s/type1/public/amsfonts/symbols/msam10.pfb></usr/share/texlive/texmf-dist/fonts
/type1/public/amsfonts/symbols/msbm10.pfb></usr/share/texmf/fonts/type1/public/
cm-super/sfbx1095.pfb></usr/share/texmf/fonts/type1/public/cm-super/sfrm1095.pf
b></usr/share/texmf/fonts/type1/public/cm-super/sfrm1440.pfb></usr/share/texmf/
fonts/type1/public/cm-super/sfsx1095.pfb></usr/share/texmf/fonts/type1/public/c
m-super/sfsx1200.pfb></usr/share/texmf/fonts/type1/public/cm-super/sfsx1440.pfb
></usr/share/texmf/fonts/type1/public/cm-super/sfsx2074.pfb></usr/share/texmf/f
onts/type1/public/cm-super/sfti1095.pfb>
Output written on FormSysZusammenfassung.pdf (16 pages, 305018 bytes).
Transcript written on FormSysZusammenfassung.log.
Result: ExitSuccess

Running /usr/bin/convert -verbose FormSysZusammenfassung.pdf[0] -resize 70x FormSysZusammenfassung.png in an env with 4 entries:
"gs" -q -dQUIET -dSAFER -dBATCH -dNOPAUSE -dNOPROMPT -dMaxBitmap=500000000 -dAlignToPixels=0 -dGridFitTT=2 "-sDEVICE=pngalpha" -dTextAlphaBits=4 -dGraphicsAlphaBits=4 "-r72x72" -dFirstPage=1 -dLastPage=1 "-sOutputFile=/tmp/magick-vCvgy1TV-%08d" "-f/tmp/magick-Ci3Du6hy" "-f/tmp/magick-OMS3LhGa"
/tmp/magick-vCvgy1TV-00000001 PNG 595x842 595x842+0+0 8-bit DirectClass 27.2KB 0.010u 0:00.010
FormSysZusammenfassung.pdf[0]=>FormSysZusammenfassung.pdf PDF 595x842 595x842+0+0 16-bit DirectClass 27.2KB 0.000u 0:00.000
FormSysZusammenfassung.pdf[0]=>FormSysZusammenfassung.png PDF 595x842=>70x99 70x99+0+0 8-bit DirectClass 0.030u 0:00.019
Result: ExitSuccess

Running /usr/bin/optipng -verbose FormSysZusammenfassung.png in an env with 4 entries:
OptiPNG 0.6.4: Advanced PNG optimizer.
Copyright (C) 2001-2010 Cosmin Truta.

** Processing: FormSysZusammenfassung.png
70x99 pixels, 2x8 bits/pixel, grayscale+alpha
Reducing image to 8 bits/pixel, 90 colors (89 transparent) in palette
Input IDAT size = 1443 bytes
Input file size = 1738 bytes

Trying:
  zc = 9  zm = 8  zs = 0  f = 0		IDAT size = 1097
  zc = 9  zm = 8  zs = 1  f = 0		IDAT too big
  zc = 1  zm = 8  zs = 2  f = 0		IDAT too big
  zc = 9  zm = 8  zs = 3  f = 0		IDAT size = 1074
  zc = 9  zm = 8  zs = 0  f = 5		IDAT too big
  zc = 9  zm = 8  zs = 1  f = 5		IDAT too big
  zc = 1  zm = 8  zs = 2  f = 5		IDAT too big
  zc = 9  zm = 8  zs = 3  f = 5		IDAT too big

FormSysZusammenfassung.png is already optimized.

** Status report
1 file(s) have been processed.
Result: ExitSuccess
