
Running /usr/bin/pdflatex GeoSchemata15.tex in an env with 4 entries:
This is pdfTeX, Version 3.1415926-2.5-1.40.14 (TeX Live 2013/Debian)
 restricted \write18 enabled.
entering extended mode
(data/GeoSchemata15.tex
LaTeX2e <2011/06/27>
Babel <3.9h> and hyphenation patterns for 78 languages loaded.
(/usr/share/texlive/texmf-dist/tex/latex/base/book.cls
Document Class: book 2007/10/19 v1.4h Standard LaTeX document class
(/usr/share/texlive/texmf-dist/tex/latex/base/bk11.clo))
(/usr/share/texlive/texmf-dist/tex/latex/etex-pkg/etex.sty)
(/usr/share/texlive/texmf-dist/tex/latex/amsfonts/amssymb.sty
(/usr/share/texlive/texmf-dist/tex/latex/amsfonts/amsfonts.sty))
(/usr/share/texlive/texmf-dist/tex/latex/base/inputenc.sty
(/usr/share/texlive/texmf-dist/tex/latex/base/utf8.def
(/usr/share/texlive/texmf-dist/tex/latex/base/t1enc.dfu)
(/usr/share/texlive/texmf-dist/tex/latex/base/ot1enc.dfu)
(/usr/share/texlive/texmf-dist/tex/latex/base/omsenc.dfu)))
(/usr/share/texlive/texmf-dist/tex/latex/base/fontenc.sty
(/usr/share/texlive/texmf-dist/tex/latex/base/t1enc.def))
(/usr/share/texlive/texmf-dist/tex/generic/german/german.sty v2.5e 1998-07-08)
(/usr/share/texlive/texmf-dist/tex/generic/babel/babel.sty
(/usr/share/texlive/texmf-dist/tex/generic/babel-german/germanb.ldf
(/usr/share/texlive/texmf-dist/tex/generic/babel/babel.def)))
(/usr/share/texlive/texmf-dist/tex/latex/geometry/geometry.sty
(/usr/share/texlive/texmf-dist/tex/latex/graphics/keyval.sty)
(/usr/share/texlive/texmf-dist/tex/generic/oberdiek/ifpdf.sty)
(/usr/share/texlive/texmf-dist/tex/generic/oberdiek/ifvtex.sty)
(/usr/share/texlive/texmf-dist/tex/generic/ifxetex/ifxetex.sty))
(/usr/share/texlive/texmf-dist/tex/latex/paralist/paralist.sty)
(/usr/share/texlive/texmf-dist/tex/latex/titlesec/titlesec.sty)
(/usr/share/texlive/texmf-dist/tex/latex/amsmath/amsmath.sty
For additional information on amsmath, use the `?' option.
(/usr/share/texlive/texmf-dist/tex/latex/amsmath/amstext.sty
(/usr/share/texlive/texmf-dist/tex/latex/amsmath/amsgen.sty))
(/usr/share/texlive/texmf-dist/tex/latex/amsmath/amsbsy.sty)
(/usr/share/texlive/texmf-dist/tex/latex/amsmath/amsopn.sty))
(/usr/share/texlive/texmf-dist/tex/latex/setspace/setspace.sty)
(/usr/share/texlive/texmf-dist/tex/latex/polynom/polynom.sty)
(/usr/share/texlive/texmf-dist/tex/latex/stmaryrd/stmaryrd.sty)
(/usr/share/texlive/texmf-dist/tex/generic/xypic/xy.sty
(/usr/share/texlive/texmf-dist/tex/generic/xypic/xy.tex Bootstrap'ing:
catcodes, docmode, (/usr/share/texlive/texmf-dist/tex/generic/xypic/xyrecat.tex
) (/usr/share/texlive/texmf-dist/tex/generic/xypic/xyidioms.tex)

 Xy-pic version 3.8.9 <2013/10/06>
 Copyright (c) 1991-2013 by Kristoffer H. Rose <krisrose@tug.org> and others
 Xy-pic is free software: see the User's Guide for details.

Loading kernel: messages; fonts; allocations: state, direction,
utility macros; pictures: \xy, positions, objects, decorations;
kernel objects: directionals, circles, text; options; algorithms: directions,
edges, connections;  Xy-pic loaded)
(/usr/share/texlive/texmf-dist/tex/generic/xypic/xyarrow.tex
 Xy-pic option: Arrow and Path feature v.3.9 path, \ar, loaded)
(/usr/share/texlive/texmf-dist/tex/generic/xypic/xymatrix.tex
 Xy-pic option: Matrix feature v.3.14 loaded)
(/usr/share/texlive/texmf-dist/tex/generic/xypic/xycurve.tex
 Xy-pic option: Curve and Spline extension v.3.12 curve, circles, loaded)
(/usr/share/texlive/texmf-dist/tex/generic/xypic/xypdf.tex
 Xy-pic option: PDF driver v.1.7 Xy-pic pdf driver: `curve' extension support
(/usr/share/texlive/texmf-dist/tex/generic/xypic/xypdf-cu.tex loaded) loaded))
(/usr/share/texlive/texmf-dist/tex/latex/float/float.sty)
(/usr/share/texlive/texmf-dist/tex/latex/titlesec/titletoc.sty)
(/usr/share/texlive/texmf-dist/tex/latex/pgfplots/pgfplots.sty
(/usr/share/texlive/texmf-dist/tex/generic/pgfplots/pgfplots.revision.tex)
(/usr/share/texmf/tex/latex/pgf/frontendlayer/tikz.sty
(/usr/share/texmf/tex/latex/pgf/basiclayer/pgf.sty
(/usr/share/texmf/tex/latex/pgf/utilities/pgfrcs.sty
(/usr/share/texmf/tex/generic/pgf/utilities/pgfutil-common.tex)
(/usr/share/texmf/tex/generic/pgf/utilities/pgfutil-latex.def
(/usr/share/texlive/texmf-dist/tex/latex/ms/everyshi.sty))
(/usr/share/texmf/tex/generic/pgf/utilities/pgfrcs.code.tex))
(/usr/share/texmf/tex/latex/pgf/basiclayer/pgfcore.sty
(/usr/share/texlive/texmf-dist/tex/latex/graphics/graphicx.sty
(/usr/share/texlive/texmf-dist/tex/latex/graphics/graphics.sty
(/usr/share/texlive/texmf-dist/tex/latex/graphics/trig.sty)
(/usr/share/texlive/texmf-dist/tex/latex/latexconfig/graphics.cfg)
(/usr/share/texlive/texmf-dist/tex/latex/pdftex-def/pdftex.def
(/usr/share/texlive/texmf-dist/tex/generic/oberdiek/infwarerr.sty)
(/usr/share/texlive/texmf-dist/tex/generic/oberdiek/ltxcmds.sty))))
(/usr/share/texmf/tex/latex/pgf/systemlayer/pgfsys.sty
(/usr/share/texmf/tex/generic/pgf/systemlayer/pgfsys.code.tex
(/usr/share/texmf/tex/generic/pgf/utilities/pgfkeys.code.tex
(/usr/share/texmf/tex/generic/pgf/utilities/pgfkeysfiltered.code.tex))
(/usr/share/texmf/tex/generic/pgf/systemlayer/pgf.cfg)
(/usr/share/texmf/tex/generic/pgf/systemlayer/pgfsys-pdftex.def
(/usr/share/texmf/tex/generic/pgf/systemlayer/pgfsys-common-pdf.def)))
(/usr/share/texmf/tex/generic/pgf/systemlayer/pgfsyssoftpath.code.tex)
(/usr/share/texmf/tex/generic/pgf/systemlayer/pgfsysprotocol.code.tex))
(/usr/share/texmf/tex/latex/xcolor/xcolor.sty
(/usr/share/texlive/texmf-dist/tex/latex/latexconfig/color.cfg))
(/usr/share/texmf/tex/generic/pgf/basiclayer/pgfcore.code.tex
(/usr/share/texmf/tex/generic/pgf/math/pgfmath.code.tex
(/usr/share/texmf/tex/generic/pgf/math/pgfmathcalc.code.tex
(/usr/share/texmf/tex/generic/pgf/math/pgfmathutil.code.tex)
(/usr/share/texmf/tex/generic/pgf/math/pgfmathparser.code.tex)
(/usr/share/texmf/tex/generic/pgf/math/pgfmathfunctions.code.tex
(/usr/share/texmf/tex/generic/pgf/math/pgfmathfunctions.basic.code.tex)
(/usr/share/texmf/tex/generic/pgf/math/pgfmathfunctions.trigonometric.code.tex)
(/usr/share/texmf/tex/generic/pgf/math/pgfmathfunctions.random.code.tex)
(/usr/share/texmf/tex/generic/pgf/math/pgfmathfunctions.comparison.code.tex)
(/usr/share/texmf/tex/generic/pgf/math/pgfmathfunctions.base.code.tex)
(/usr/share/texmf/tex/generic/pgf/math/pgfmathfunctions.round.code.tex)
(/usr/share/texmf/tex/generic/pgf/math/pgfmathfunctions.misc.code.tex)))
(/usr/share/texmf/tex/generic/pgf/math/pgfmathfloat.code.tex))
(/usr/share/texmf/tex/generic/pgf/basiclayer/pgfcorepoints.code.tex)
(/usr/share/texmf/tex/generic/pgf/basiclayer/pgfcorepathconstruct.code.tex)
(/usr/share/texmf/tex/generic/pgf/basiclayer/pgfcorepathusage.code.tex)
(/usr/share/texmf/tex/generic/pgf/basiclayer/pgfcorescopes.code.tex)
(/usr/share/texmf/tex/generic/pgf/basiclayer/pgfcoregraphicstate.code.tex)
(/usr/share/texmf/tex/generic/pgf/basiclayer/pgfcoretransformations.code.tex)
(/usr/share/texmf/tex/generic/pgf/basiclayer/pgfcorequick.code.tex)
(/usr/share/texmf/tex/generic/pgf/basiclayer/pgfcoreobjects.code.tex)
(/usr/share/texmf/tex/generic/pgf/basiclayer/pgfcorepathprocessing.code.tex)
(/usr/share/texmf/tex/generic/pgf/basiclayer/pgfcorearrows.code.tex)
(/usr/share/texmf/tex/generic/pgf/basiclayer/pgfcoreshade.code.tex)
(/usr/share/texmf/tex/generic/pgf/basiclayer/pgfcoreimage.code.tex
(/usr/share/texmf/tex/generic/pgf/basiclayer/pgfcoreexternal.code.tex))
(/usr/share/texmf/tex/generic/pgf/basiclayer/pgfcorelayers.code.tex)
(/usr/share/texmf/tex/generic/pgf/basiclayer/pgfcoretransparency.code.tex)
(/usr/share/texmf/tex/generic/pgf/basiclayer/pgfcorepatterns.code.tex)))
(/usr/share/texmf/tex/generic/pgf/modules/pgfmoduleshapes.code.tex)
(/usr/share/texmf/tex/generic/pgf/modules/pgfmoduleplot.code.tex)
(/usr/share/texmf/tex/latex/pgf/compatibility/pgfcomp-version-0-65.sty)
(/usr/share/texmf/tex/latex/pgf/compatibility/pgfcomp-version-1-18.sty))
(/usr/share/texmf/tex/latex/pgf/utilities/pgffor.sty
(/usr/share/texmf/tex/latex/pgf/utilities/pgfkeys.sty
(/usr/share/texmf/tex/generic/pgf/utilities/pgfkeys.code.tex))
(/usr/share/texmf/tex/generic/pgf/utilities/pgffor.code.tex))
(/usr/share/texmf/tex/generic/pgf/frontendlayer/tikz/tikz.code.tex
(/usr/share/texmf/tex/generic/pgf/libraries/pgflibraryplothandlers.code.tex)
(/usr/share/texmf/tex/generic/pgf/modules/pgfmodulematrix.code.tex)
(/usr/share/texmf/tex/generic/pgf/frontendlayer/tikz/libraries/tikzlibrarytopat
hs.code.tex)))
(/usr/share/texlive/texmf-dist/tex/generic/pgfplots/pgfplots.code.tex
(/usr/share/texlive/texmf-dist/tex/generic/pgfplots/pgfplotscore.code.tex
(/usr/share/texlive/texmf-dist/tex/generic/pgfplots/sys/pgfplotssysgeneric.code
.tex))
(/usr/share/texlive/texmf-dist/tex/generic/pgfplots/libs/pgfplotslibrary.code.t
ex)
(/usr/share/texlive/texmf-dist/tex/generic/pgfplots/oldpgfcompatib/pgfplotsoldp
gfsupp_loader.code.tex
Package pgfplots: loading complementary code for your PGF version...

(/usr/share/texlive/texmf-dist/tex/generic/pgfplots/oldpgfcompatib/pgfplotsoldp
gfsupp_misc.code.tex)
(/usr/share/texlive/texmf-dist/tex/generic/pgfplots/oldpgfcompatib/pgfplotsoldp
gfsupp_pgfkeys.code.tex
(/usr/share/texlive/texmf-dist/tex/generic/pgfplots/oldpgfcompatib/pgfplotsoldp
gfsupp_pgfkeysfiltered.code.tex))
(/usr/share/texlive/texmf-dist/tex/generic/pgfplots/oldpgfcompatib/pgfplotsoldp
gfsupp_pgfmathfloat.code.tex)
(/usr/share/texlive/texmf-dist/tex/generic/pgfplots/oldpgfcompatib/pgfplotsoldp
gfsupp_pgflibraryplothandlers.code.tex)
(/usr/share/texlive/texmf-dist/tex/generic/pgfplots/oldpgfcompatib/pgfplotsoldp
gfsupp_pgflibraryfpu.code.tex)
(/usr/share/texlive/texmf-dist/tex/generic/pgfplots/oldpgfcompatib/pgfplotsoldp
gfsupp_pgfcorescopes.code.tex)
(/usr/share/texlive/texmf-dist/tex/generic/pgfplots/oldpgfcompatib/pgfplotsoldp
gfsupp_pgfcorelayers.code.tex))
(/usr/share/texlive/texmf-dist/tex/generic/pgfplots/util/pgfplotsutil.code.tex
(/usr/share/texlive/texmf-dist/tex/generic/pgfplots/liststructure/pgfplotslists
tructure.code.tex)
(/usr/share/texlive/texmf-dist/tex/generic/pgfplots/liststructure/pgfplotslists
tructureext.code.tex)
(/usr/share/texlive/texmf-dist/tex/generic/pgfplots/liststructure/pgfplotsarray
.code.tex)
(/usr/share/texlive/texmf-dist/tex/generic/pgfplots/liststructure/pgfplotsmatri
x.code.tex)
(/usr/share/texlive/texmf-dist/tex/generic/pgfplots/numtable/pgfplotstableshare
d.code.tex)
(/usr/share/texlive/texmf-dist/tex/generic/pgfplots/liststructure/pgfplotsdeque
.code.tex)
(/usr/share/texlive/texmf-dist/tex/generic/pgfplots/util/pgfplotsbinary.code.te
x
(/usr/share/texlive/texmf-dist/tex/generic/pgfplots/util/pgfplotsbinary.data.co
de.tex))
(/usr/share/texlive/texmf-dist/tex/generic/pgfplots/util/pgfplotsutil.verb.code
.tex)
(/usr/share/texlive/texmf-dist/tex/generic/pgfplots/libs/pgflibrarypgfplots.sur
fshading.code.tex
(/usr/share/texlive/texmf-dist/tex/generic/pgfplots/sys/pgflibrarypgfplots.surf
shading.pgfsys-pdftex.def)))
(/usr/share/texlive/texmf-dist/tex/generic/pgfplots/util/pgfplotscolormap.code.
tex
(/usr/share/texlive/texmf-dist/tex/generic/pgfplots/util/pgfplotscolor.code.tex
))
(/usr/share/texlive/texmf-dist/tex/generic/pgfplots/pgfplotsstackedplots.code.t
ex)
(/usr/share/texlive/texmf-dist/tex/generic/pgfplots/pgfplotsplothandlers.code.t
ex
(/usr/share/texlive/texmf-dist/tex/generic/pgfplots/pgfplotsmeshplothandler.cod
e.tex))
(/usr/share/texlive/texmf-dist/tex/generic/pgfplots/pgfplots.scaling.code.tex)
(/usr/share/texlive/texmf-dist/tex/generic/pgfplots/pgfplotscoordprocessing.cod
e.tex)
(/usr/share/texlive/texmf-dist/tex/generic/pgfplots/pgfplots.errorbars.code.tex
) (/usr/share/texlive/texmf-dist/tex/generic/pgfplots/pgfplots.markers.code.tex
) (/usr/share/texlive/texmf-dist/tex/generic/pgfplots/pgfplotsticks.code.tex)
(/usr/share/texlive/texmf-dist/tex/generic/pgfplots/pgfplots.paths.code.tex)
(/usr/share/texmf/tex/generic/pgf/frontendlayer/tikz/libraries/tikzlibrarydecor
ations.code.tex
(/usr/share/texmf/tex/generic/pgf/modules/pgfmoduledecorations.code.tex))
(/usr/share/texmf/tex/generic/pgf/frontendlayer/tikz/libraries/tikzlibrarydecor
ations.pathmorphing.code.tex
(/usr/share/texmf/tex/generic/pgf/libraries/decorations/pgflibrarydecorations.p
athmorphing.code.tex))
(/usr/share/texmf/tex/generic/pgf/frontendlayer/tikz/libraries/tikzlibrarydecor
ations.pathreplacing.code.tex
(/usr/share/texmf/tex/generic/pgf/libraries/decorations/pgflibrarydecorations.p
athreplacing.code.tex)))
(/usr/share/texmf/tex/generic/pgf/frontendlayer/tikz/libraries/tikzlibraryplotm
arks.code.tex
(/usr/share/texmf/tex/generic/pgf/libraries/pgflibraryplotmarks.code.tex)))
(/usr/share/texlive/texmf-dist/tex/latex/wrapfig/wrapfig.sty)
(/usr/share/texlive/texmf-dist/tex/generic/mathabx/mathabx.sty
(/usr/share/texlive/texmf-dist/tex/generic/mathabx/mathabx.dcl))
(/usr/share/texlive/texmf-dist/tex/latex/base/ifthen.sty)
(/usr/share/texlive/texmf-dist/tex/latex/caption/caption.sty
(/usr/share/texlive/texmf-dist/tex/latex/caption/caption3.sty))
(/usr/share/texlive/texmf-dist/tex/latex/caption/subcaption.sty)
(data/latexki.sty)
(/usr/share/texlive/texmf-dist/tex/latex/ntheorem/ntheorem.sty
Style `ntheorem', Version 1.33 <2011/08/15>
) (/usr/share/texlive/texmf-dist/tex/latex/hyperref/hyperref.sty
(/usr/share/texlive/texmf-dist/tex/generic/oberdiek/hobsub-hyperref.sty
(/usr/share/texlive/texmf-dist/tex/generic/oberdiek/hobsub-generic.sty))
(/usr/share/texlive/texmf-dist/tex/latex/oberdiek/auxhook.sty)
(/usr/share/texlive/texmf-dist/tex/latex/oberdiek/kvoptions.sty)
(/usr/share/texlive/texmf-dist/tex/latex/hyperref/pd1enc.def)
(/usr/share/texlive/texmf-dist/tex/latex/latexconfig/hyperref.cfg)
(/usr/share/texlive/texmf-dist/tex/latex/url/url.sty))

Package hyperref Message: Driver (autodetected): hpdftex.

(/usr/share/texlive/texmf-dist/tex/latex/hyperref/hpdftex.def
(/usr/share/texlive/texmf-dist/tex/latex/oberdiek/rerunfilecheck.sty))
No file GeoSchemata15.aux.
*geometry* driver: auto-detecting
*geometry* detected driver: pdftex
(/usr/share/texlive/texmf-dist/tex/latex/amsfonts/umsa.fd)
(/usr/share/texlive/texmf-dist/tex/latex/amsfonts/umsb.fd)
(/usr/share/texlive/texmf-dist/tex/latex/stmaryrd/Ustmry.fd)
ABD: EveryShipout initializing macros
(/usr/share/texlive/texmf-dist/tex/context/base/supp-pdf.mkii
[Loading MPS to PDF converter (version 2006.09.02).]
) (/usr/share/texlive/texmf-dist/tex/latex/oberdiek/epstopdf-base.sty
(/usr/share/texlive/texmf-dist/tex/latex/oberdiek/grfext.sty)
(/usr/share/texlive/texmf-dist/tex/latex/latexconfig/epstopdf-sys.cfg))

Package pgfplots Warning: running in backwards compatibility mode (unsuitable t
ick labels; missing features). Consider writing \pgfplotsset{compat=1.9} into y
our preamble.
 on input line 144.

(/usr/share/texlive/texmf-dist/tex/latex/hyperref/nameref.sty
(/usr/share/texlive/texmf-dist/tex/generic/oberdiek/gettitlestring.sty))
Underfull \hbox (badness 10000) in paragraph at lines 147--148


LaTeX Font Warning: Font shape `T1/cmr/m/n' in size <40> not available
(Font)              size <35.83> substituted on input line 150.


LaTeX Font Warning: Font shape `T1/cmr/bx/n' in size <40> not available
(Font)              size <35.83> substituted on input line 150.


Underfull \hbox (badness 10000) in paragraph at lines 152--153


Underfull \hbox (badness 10000) in paragraph at lines 154--155


Underfull \hbox (badness 10000) in paragraph at lines 156--157

[1{/var/lib/texmf/fonts/map/pdftex/updmap/pdftex.map}] [2] [3] [4]
Kapitel I\hskip 1em\relax .
(/usr/share/texlive/texmf-dist/tex/latex/amsfonts/ueuf.fd)
Underfull \vbox (badness 4846) has occurred while \output is active [5]
Overfull \hbox (11.96242pt too wide) detected at line 244
\OML/cmm/m/it/10.95 V\U/matha/m/n/10.95 p\OML/cmm/m/it/10.95 I[]\U/matha/m/n/10
.95 q Y \OML/cmm/m/it/10.95 V\U/matha/m/n/10.95 p\OML/cmm/m/it/10.95 I[]\U/math
a/m/n/10.95 q  ^^P  t\U/euf/m/n/10.95 p \U/matha/m/n/10.95 P [] \OML/cmm/m/it/1
0.95 R \U/matha/m/n/10.95 | \OML/cmm/m/it/10.95 I[] \U/matha/m/n/10.95 „ \U/euf
/m/n/10.95 p[]\OML/cmm/m/it/10.95 I[] \U/matha/m/n/10.95 „ \U/euf/m/n/10.95 p\U
/matha/m/n/10.95 u  []  t\U/euf/m/n/10.95 p \U/matha/m/n/10.95 P [] \OML/cmm/m/
it/10.95 R \U/matha/m/n/10.95 | \OML/cmm/m/it/10.95 I[] \U/matha/m/n/10.95 X \O
ML/cmm/m/it/10.95 I[] \U/matha/m/n/10.95 „ \U/euf/m/n/10.95 p\U/matha/m/n/10.95
 u  ^^P  \OML/cmm/m/it/10.95 V\U/matha/m/n/10.95 p\OML/cmm/m/it/10.95 I[] \U/ma
tha/m/n/10.95 X \OML/cmm/m/it/10.95 I[]\U/matha/m/n/10.95 q\OML/cmm/m/it/10.95 
:
[6] [7] [8] [9] [10]
Underfull \vbox (badness 1721) has occurred while \output is active [11]
[12] <xymatrix 4x3 214> [13] [14]
Overfull \hbox (5.13715pt too wide) detected at line 592
\OMS/cmsy/m/n/10.95 F[]\U/matha/m/n/10.95 p\OML/cmm/m/it/10.95 U\U/matha/m/n/10
.95 q \OT1/cmr/m/n/10.95 :\U/matha/m/n/10.95 ^^P [] \OML/cmm/m/it/10.95 :
[15] [16]
Overfull \hbox (2.58913pt too wide) in paragraph at lines 689--690
\T1/cmr/m/n/10.95 si-sten-te Fa-mi-lie. Dann ist $\U/matha/m/n/10.95 t\OML/cmm/
m/it/10.95 f[]\U/matha/m/n/10.95 p\OML/cmm/m/it/10.95 V[]\U/matha/m/n/10.95 qu[
]$ \T1/cmr/m/n/10.95 of-fe-ne Über-deckung von $\OML/cmm/m/it/10.95 f[]\U/matha
/m/n/10.95 p\OML/cmm/m/it/10.95 V\U/matha/m/n/10.95 q$ \T1/cmr/m/n/10.95 und $\
OML/cmm/m/it/10.95 s[] \U/matha/m/n/10.95 P \OMS/cmsy/m/n/10.95 F []$

Underfull \vbox (badness 10000) has occurred while \output is active [17]
<xymatrix 4x3 214>
Underfull \vbox (badness 3919) has occurred while \output is active [18]
<xymatrix 3x3 229> [19] [20] [21] [22] [23] <xymatrix 3x3 120>
Underfull \vbox (badness 1789) has occurred while \output is active [24]
<xymatrix 7x3 387> [25] <xymatrix 9x4 599>
Underfull \vbox (badness 10000) has occurred while \output is active [26]
<xymatrix 6x5 416> [27] <xymatrix 7x3 387> <xymatrix 7x3 387> [28] <xymatrix
5x2 165> <xymatrix 7x3 365>
Underfull \vbox (badness 10000) has occurred while \output is active [29]
<xymatrix 3x2 190> <xymatrix 9x3 552>
Overfull \hbox (6.32085pt too wide) detected at line 1268
[]
[30] [31] <xymatrix 3x2 169> [32]
Overfull \hbox (14.24382pt too wide) detected at line 1390
[]\U/matha/m/n/10.95 p\OML/cmm/m/it/10.95 T; X\U/matha/m/n/10.95 q ^^P [] \OML/
cmm/m/it/10.95 ;
[33] [34] [35] <xymatrix 8x3 506> [36] <xymatrix 3x2 183> <xymatrix 3x2 169>
[37] <xymatrix 3x2 183> <xymatrix 3x3 286> <xymatrix 5x4 383> [38] <xymatrix
4x3 385>
Underfull \vbox (badness 10000) has occurred while \output is active [39]
<xymatrix 3x2 162> <xymatrix 3x2 203> <xymatrix 3x3 272> [40] <xymatrix 5x3
433> <xymatrix 3x3 188> <xymatrix 3x3 195> <xymatrix 3x3 161> [41] [42]
Kapitel II\hskip 1em\relax .

Package hyperref Warning: Token not allowed in a PDF string (PDFDocEncoding):
(hyperref)                removing `math shift' on input line 1821.


Package hyperref Warning: Token not allowed in a PDF string (PDFDocEncoding):
(hyperref)                removing `subscript' on input line 1821.


Package hyperref Warning: Token not allowed in a PDF string (PDFDocEncoding):
(hyperref)                removing `math shift' on input line 1821.


Overfull \hbox (2.9378pt too wide) in paragraph at lines 1833--1834
\OMS/cmsy/m/n/10.95 F\U/matha/m/n/10.95 p\OML/cmm/m/it/10.95 U[]\U/matha/m/n/10
.95 q$ \T1/cmr/m/n/10.95 ein $\OMS/cmsy/m/n/10.95 O[]\U/matha/m/n/10.95 p\OML/c
mm/m/it/10.95 U\U/matha/m/n/10.95 q$\T1/cmr/m/n/10.95 -Modulhomomorphismus ist.
 Da-bei wird $\OMS/cmsy/m/n/10.95 F\U/matha/m/n/10.95 p\OML/cmm/m/it/10.95 U[]\
U/matha/m/n/10.95 q$ \T1/cmr/m/n/10.95 ver-mö-ge $[]\OML/cmm/m/it/10.95 ^^Z[]$ 
\T1/cmr/m/n/10.95 als $\OMS/cmsy/m/n/10.95 O[]\U/matha/m/n/10.95 p\OML/cmm/m/it
/10.95 U\U/matha/m/n/10.95 q$\T1/cmr/m/n/10.95 -
[43]
Underfull \vbox (badness 10000) has occurred while \output is active [44]
Underfull \vbox (badness 4967) has occurred while \output is active [45]
[46] [47]
Underfull \vbox (badness 1571) has occurred while \output is active [48]
Underfull \vbox (badness 3229) has occurred while \output is active [49]
[50]
Overfull \hbox (2.69888pt too wide) in paragraph at lines 2155--2156
[]\T1/cmr/m/n/10.95 Sei $\U/matha/m/n/10.95 p\OML/cmm/m/it/10.95 X; \OMS/cmsy/m
/n/10.95 O[]\U/matha/m/n/10.95 q$ \T1/cmr/m/n/10.95 lo-kal ge-ring-ter Raum so-
wie $\OMS/cmsy/m/n/10.95 F$\T1/cmr/m/n/10.95 , $\OMS/cmsy/m/n/10.95 G$ $O[]$\T1
/cmr/m/n/10.95 -Modulgarben

LaTeX Font Warning: Font shape `U/stmry/b/n' undefined
(Font)              using `U/stmry/m/n' instead on input line 2156.

[51]
Overfull \hbox (7.79547pt too wide) in paragraph at lines 2183--2184
[]\T1/cmr/m/n/10.95 Es ge-nügt zu zei-gen: Ist $\U/matha/m/n/10.95 t\OML/cmm/m/
it/10.95 U[]\U/matha/m/n/10.95 u[]$ \T1/cmr/m/n/10.95 of-fe-ne Über-deckung von
 $\OML/cmm/m/it/10.95 X$\T1/cmr/m/n/10.95 , so ist $[][]\U/matha/m/n/10.95 p\OM
S/cmsy/m/n/10.95 F\OML/cmm/m/it/10.95 ; \OMS/cmsy/m/n/10.95 O[]\U/matha/m/n/10.
95 q|[]$

Underfull \vbox (badness 10000) has occurred while \output is active [52]
<xymatrix 5x2 165> [53]
Underfull \vbox (badness 3792) has occurred while \output is active [54]
[55] [56]
Kapitel III\hskip 1em\relax .
<xymatrix 5x2 206> <xymatrix 5x2 206> [57] <xymatrix 11x2 554> [58] <xymatrix
6x5 1260>
Underfull \vbox (badness 10000) has occurred while \output is active [59]
[60] [61] <xymatrix 9x2 388>
Overfull \hbox (2.31343pt too wide) in paragraph at lines 2555--2556
[]$\OML/cmm/m/it/10.95 P$ \T1/cmr/m/n/10.95 ist ge-nau dann pro-jek-tiv, falls 
für je-des sol-che rechtsex-ak-te Die-gramm ein $[] \U/matha/m/n/10.95 P [][]p\
OML/cmm/m/it/10.95 P; C\U/matha/m/n/10.95 q$
<xymatrix 5x2 151> [62] <xymatrix 5x2 158> <xymatrix 5x2 199> [63] [64]
<xymatrix 9x2 538> <xymatrix 5x2 247>
Underfull \vbox (badness 10000) has occurred while \output is active [65]
<xymatrix 7x3 468> <xymatrix 5x3 349>
Underfull \vbox (badness 10000) has occurred while \output is active [66]
<xymatrix 5x5 1001> [67]

Package hyperref Warning: Composite letter `\textasciicaron+C'
(hyperref)                not defined in PD1 encoding,
(hyperref)                removing `\textasciicaron' on input line 2793.

[68]
Underfull \vbox (badness 10000) has occurred while \output is active [69]
Overfull \hbox (10.1187pt too wide) in paragraph at lines 2891--2894
[]\T1/cmr/m/n/10.95 Zeige zu-nächst die Ex-akt-heit bei $\OMS/cmsy/m/n/10.95 C[
]\U/matha/m/n/10.95 p\U/euf/m/n/10.95 U\OML/cmm/m/it/10.95 ; \OMS/cmsy/m/n/10.9
5 F\U/matha/m/n/10.95 q$\T1/cmr/m/n/10.95 . Sei $\OML/cmm/m/it/10.95 U \U/matha
/m/n/10.95 „ \OML/cmm/m/it/10.95 X$ \T1/cmr/m/n/10.95 of-fen, $\U/matha/m/n/10.
95 p\OML/cmm/m/it/10.95 s[]\U/matha/m/n/10.95 q[] P \OT1/cmr/m/n/10.95 ^^@ []$\
T1/cmr/m/n/10.95 .
[70]
Overfull \hbox (6.10916pt too wide) in paragraph at lines 2902--2903
[]\T1/cmr/m/n/10.95 Sei $[] \U/matha/m/n/10.95 P \OMS/cmsy/m/n/10.95 C[]\U/math
a/m/n/10.95 p\U/euf/m/n/10.95 U\OML/cmm/m/it/10.95 ; \OMS/cmsy/m/n/10.95 F\U/ma
tha/m/n/10.95 q$\T1/cmr/m/n/10.95 , das heiÿt es ist $[] \U/matha/m/n/10.95 ^^P
 rp\OML/cmm/m/it/10.95 V; s\U/matha/m/n/10.95 qs$ \T1/cmr/m/n/10.95 mit $\OML/c
mm/m/it/10.95 V \U/matha/m/n/10.95 „ \OML/cmm/m/it/10.95 U[]$ \T1/cmr/m/n/10.95
 und $\OML/cmm/m/it/10.95 s \U/matha/m/n/10.95 ^^P p\OML/cmm/m/it/10.95 s[]\U/m
atha/m/n/10.95 q[] P
<xymatrix 5x2 260> [71]

LaTeX Warning: Command \" invalid in math mode on input line 2982.

[72] [73] [74]
Underfull \vbox (badness 10000) has occurred while \output is active [75]
[76] [77]
Overfull \hbox (24.46239pt too wide) in paragraph at lines 3158--3159
[]\T1/cmr/m/it/10.95 Sei $\U/matha/m/n/10.95 p\OML/cmm/m/it/10.95 X; \OMS/cmsy/
m/n/10.95 O[]\U/matha/m/n/10.95 q$ \T1/cmr/m/it/10.95 ein noether-sches, se-pa-
rier-tes Sche-ma, $\OMS/cmsy/m/n/10.95 F$ \T1/cmr/m/it/10.95 ei-ne qua-si-ko-hä
-ren-te $\OMS/cmsy/m/n/10.95 O[]$\T1/cmr/m/it/10.95 -Modulgarbe
[78] [79] [80] [81]
Underfull \vbox (badness 10000) has occurred while \output is active [82]
Underfull \vbox (badness 10000) has occurred while \output is active [83]
Underfull \vbox (badness 10000) has occurred while \output is active [84]
Underfull \vbox (badness 10000) has occurred while \output is active [85]
[86] [87]
Overfull \hbox (8.59486pt too wide) in paragraph at lines 3523--3524
[]\T1/cmr/m/it/10.95 Sei $\OML/cmm/m/it/10.95 X$ \T1/cmr/m/it/10.95 ei-ne nicht
-
[88]
Underfull \vbox (badness 1360) has occurred while \output is active [89]
[90]
Underfull \vbox (badness 10000) has occurred while \output is active [91]
Overfull \hbox (11.44995pt too wide) detected at line 3657
\OT1/cmr/m/n/10.95 d\OML/cmm/m/it/10.95 z \U/matha/m/n/10.95 ^^P \OT1/cmr/m/n/1
0.95 d\OML/cmm/m/it/10.95 t[] \U/matha/m/n/10.95 ^^@ \OT1/cmr/m/n/10.95 d\U/mat
ha/m/n/10.95 p\OML/cmm/m/it/10.95 t[]h\U/matha/m/n/10.95 q ^^P \OT1/cmr/m/n/10.
95 d\OML/cmm/m/it/10.95 t[] \U/matha/m/n/10.95 ^^@ \OML/cmm/m/it/10.95 t[]\OT1/
cmr/m/n/10.95 d\OML/cmm/m/it/10.95 h \U/matha/m/n/10.95 ^^@ \OT1/cmr/m/n/10.95 
2\OML/cmm/m/it/10.95 t[]\OT1/cmr/m/n/10.95 d\OML/cmm/m/it/10.95 h \U/matha/m/n/
10.95 ^^P \OT1/cmr/m/n/10.95 d\OML/cmm/m/it/10.95 t[] \U/matha/m/n/10.95 ^^@ \O
ML/cmm/m/it/10.95 t[]h[]\OT1/cmr/m/n/10.95 d\OML/cmm/m/it/10.95 t[] \U/matha/m/
n/10.95 ^^@ \OT1/cmr/m/n/10.95 2\OML/cmm/m/it/10.95 t[]h[]\OT1/cmr/m/n/10.95 d\
OML/cmm/m/it/10.95 t[] \U/matha/m/n/10.95 ^^P \OT1/cmr/m/n/10.95 d\OML/cmm/m/it
/10.95 t\U/matha/m/n/10.95 p\OT1/cmr/m/n/10.95 1 \U/matha/m/n/10.95 ^^@ \OT1/cm
r/m/n/10.95 2\OML/cmm/m/it/10.95 h[]t[] \U/matha/m/n/10.95 ^^@ \OML/cmm/m/it/10
.95 t[]h\U/matha/m/n/10.95 q\OML/cmm/m/it/10.95 :
[92] [93] [94] (./GeoSchemata15.aux)

Package rerunfilecheck Warning: File `GeoSchemata15.out' has changed.
(rerunfilecheck)                Rerun to get outlines right
(rerunfilecheck)                or use package `bookmark'.


LaTeX Font Warning: Size substitutions with differences
(Font)              up to 4.17pt have occurred.


LaTeX Font Warning: Some font shapes were not available, defaults substituted.

 )
(see the transcript file for additional information){/usr/share/texmf/fonts/enc
/dvips/cm-super/cm-super-t1.enc}</usr/share/texlive/texmf-dist/fonts/type1/publ
ic/amsfonts/cm/cmbx10.pfb></usr/share/texlive/texmf-dist/fonts/type1/public/ams
fonts/cm/cmmi10.pfb></usr/share/texlive/texmf-dist/fonts/type1/public/amsfonts/
cm/cmmi6.pfb></usr/share/texlive/texmf-dist/fonts/type1/public/amsfonts/cm/cmmi
8.pfb></usr/share/texlive/texmf-dist/fonts/type1/public/amsfonts/cm/cmr10.pfb><
/usr/share/texlive/texmf-dist/fonts/type1/public/amsfonts/cm/cmr6.pfb></usr/sha
re/texlive/texmf-dist/fonts/type1/public/amsfonts/cm/cmr8.pfb></usr/share/texli
ve/texmf-dist/fonts/type1/public/amsfonts/cm/cmsy10.pfb></usr/share/texlive/tex
mf-dist/fonts/type1/public/amsfonts/cm/cmsy6.pfb></usr/share/texlive/texmf-dist
/fonts/type1/public/amsfonts/cm/cmsy8.pfb></usr/share/texlive/texmf-dist/fonts/
type1/public/amsfonts/cm/cmti10.pfb></usr/share/texlive/texmf-dist/fonts/type1/
public/amsfonts/cm/cmti7.pfb></usr/share/texlive/texmf-dist/fonts/type1/public/
amsfonts/cm/cmti8.pfb></usr/share/texlive/texmf-dist/fonts/type1/public/amsfont
s/euler/eufm10.pfb></usr/share/texlive/texmf-dist/fonts/type1/public/mathabx-ty
pe1/matha10.pfb></usr/share/texlive/texmf-dist/fonts/type1/public/mathabx-type1
/matha6.pfb></usr/share/texlive/texmf-dist/fonts/type1/public/mathabx-type1/mat
ha8.pfb></usr/share/texlive/texmf-dist/fonts/type1/public/mathabx-type1/mathb10
.pfb></usr/share/texlive/texmf-dist/fonts/type1/public/mathabx-type1/mathx10.pf
b></usr/share/texlive/texmf-dist/fonts/type1/public/amsfonts/symbols/msam10.pfb
></usr/share/texlive/texmf-dist/fonts/type1/public/amsfonts/symbols/msbm10.pfb>
</usr/share/texmf/fonts/type1/public/cm-super/sfbi1095.pfb></usr/share/texmf/fo
nts/type1/public/cm-super/sfbx1095.pfb></usr/share/texmf/fonts/type1/public/cm-
super/sfbx1440.pfb></usr/share/texmf/fonts/type1/public/cm-super/sfbx2074.pfb><
/usr/share/texmf/fonts/type1/public/cm-super/sfbx2488.pfb></usr/share/texmf/fon
ts/type1/public/cm-super/sfbx3583.pfb></usr/share/texmf/fonts/type1/public/cm-s
uper/sfrm0600.pfb></usr/share/texmf/fonts/type1/public/cm-super/sfrm0800.pfb></
usr/share/texmf/fonts/type1/public/cm-super/sfrm1095.pfb></usr/share/texmf/font
s/type1/public/cm-super/sfrm1200.pfb></usr/share/texmf/fonts/type1/public/cm-su
per/sfsl1095.pfb></usr/share/texmf/fonts/type1/public/cm-super/sfti1095.pfb></u
sr/share/texmf/fonts/type1/public/cm-super/sfti1200.pfb></usr/share/texlive/tex
mf-dist/fonts/type1/public/xypic/xyatip10.pfb></usr/share/texlive/texmf-dist/fo
nts/type1/public/xypic/xybtip10.pfb>
Output written on GeoSchemata15.pdf (94 pages, 817795 bytes).
Transcript written on GeoSchemata15.log.
Result: ExitSuccess

Running /usr/bin/pdflatex GeoSchemata15.tex in an env with 4 entries:
This is pdfTeX, Version 3.1415926-2.5-1.40.14 (TeX Live 2013/Debian)
 restricted \write18 enabled.
entering extended mode
(data/GeoSchemata15.tex
LaTeX2e <2011/06/27>
Babel <3.9h> and hyphenation patterns for 78 languages loaded.
(/usr/share/texlive/texmf-dist/tex/latex/base/book.cls
Document Class: book 2007/10/19 v1.4h Standard LaTeX document class
(/usr/share/texlive/texmf-dist/tex/latex/base/bk11.clo))
(/usr/share/texlive/texmf-dist/tex/latex/etex-pkg/etex.sty)
(/usr/share/texlive/texmf-dist/tex/latex/amsfonts/amssymb.sty
(/usr/share/texlive/texmf-dist/tex/latex/amsfonts/amsfonts.sty))
(/usr/share/texlive/texmf-dist/tex/latex/base/inputenc.sty
(/usr/share/texlive/texmf-dist/tex/latex/base/utf8.def
(/usr/share/texlive/texmf-dist/tex/latex/base/t1enc.dfu)
(/usr/share/texlive/texmf-dist/tex/latex/base/ot1enc.dfu)
(/usr/share/texlive/texmf-dist/tex/latex/base/omsenc.dfu)))
(/usr/share/texlive/texmf-dist/tex/latex/base/fontenc.sty
(/usr/share/texlive/texmf-dist/tex/latex/base/t1enc.def))
(/usr/share/texlive/texmf-dist/tex/generic/german/german.sty v2.5e 1998-07-08)
(/usr/share/texlive/texmf-dist/tex/generic/babel/babel.sty
(/usr/share/texlive/texmf-dist/tex/generic/babel-german/germanb.ldf
(/usr/share/texlive/texmf-dist/tex/generic/babel/babel.def)))
(/usr/share/texlive/texmf-dist/tex/latex/geometry/geometry.sty
(/usr/share/texlive/texmf-dist/tex/latex/graphics/keyval.sty)
(/usr/share/texlive/texmf-dist/tex/generic/oberdiek/ifpdf.sty)
(/usr/share/texlive/texmf-dist/tex/generic/oberdiek/ifvtex.sty)
(/usr/share/texlive/texmf-dist/tex/generic/ifxetex/ifxetex.sty))
(/usr/share/texlive/texmf-dist/tex/latex/paralist/paralist.sty)
(/usr/share/texlive/texmf-dist/tex/latex/titlesec/titlesec.sty)
(/usr/share/texlive/texmf-dist/tex/latex/amsmath/amsmath.sty
For additional information on amsmath, use the `?' option.
(/usr/share/texlive/texmf-dist/tex/latex/amsmath/amstext.sty
(/usr/share/texlive/texmf-dist/tex/latex/amsmath/amsgen.sty))
(/usr/share/texlive/texmf-dist/tex/latex/amsmath/amsbsy.sty)
(/usr/share/texlive/texmf-dist/tex/latex/amsmath/amsopn.sty))
(/usr/share/texlive/texmf-dist/tex/latex/setspace/setspace.sty)
(/usr/share/texlive/texmf-dist/tex/latex/polynom/polynom.sty)
(/usr/share/texlive/texmf-dist/tex/latex/stmaryrd/stmaryrd.sty)
(/usr/share/texlive/texmf-dist/tex/generic/xypic/xy.sty
(/usr/share/texlive/texmf-dist/tex/generic/xypic/xy.tex Bootstrap'ing:
catcodes, docmode, (/usr/share/texlive/texmf-dist/tex/generic/xypic/xyrecat.tex
) (/usr/share/texlive/texmf-dist/tex/generic/xypic/xyidioms.tex)

 Xy-pic version 3.8.9 <2013/10/06>
 Copyright (c) 1991-2013 by Kristoffer H. Rose <krisrose@tug.org> and others
 Xy-pic is free software: see the User's Guide for details.

Loading kernel: messages; fonts; allocations: state, direction,
utility macros; pictures: \xy, positions, objects, decorations;
kernel objects: directionals, circles, text; options; algorithms: directions,
edges, connections;  Xy-pic loaded)
(/usr/share/texlive/texmf-dist/tex/generic/xypic/xyarrow.tex
 Xy-pic option: Arrow and Path feature v.3.9 path, \ar, loaded)
(/usr/share/texlive/texmf-dist/tex/generic/xypic/xymatrix.tex
 Xy-pic option: Matrix feature v.3.14 loaded)
(/usr/share/texlive/texmf-dist/tex/generic/xypic/xycurve.tex
 Xy-pic option: Curve and Spline extension v.3.12 curve, circles, loaded)
(/usr/share/texlive/texmf-dist/tex/generic/xypic/xypdf.tex
 Xy-pic option: PDF driver v.1.7 Xy-pic pdf driver: `curve' extension support
(/usr/share/texlive/texmf-dist/tex/generic/xypic/xypdf-cu.tex loaded) loaded))
(/usr/share/texlive/texmf-dist/tex/latex/float/float.sty)
(/usr/share/texlive/texmf-dist/tex/latex/titlesec/titletoc.sty)
(/usr/share/texlive/texmf-dist/tex/latex/pgfplots/pgfplots.sty
(/usr/share/texlive/texmf-dist/tex/generic/pgfplots/pgfplots.revision.tex)
(/usr/share/texmf/tex/latex/pgf/frontendlayer/tikz.sty
(/usr/share/texmf/tex/latex/pgf/basiclayer/pgf.sty
(/usr/share/texmf/tex/latex/pgf/utilities/pgfrcs.sty
(/usr/share/texmf/tex/generic/pgf/utilities/pgfutil-common.tex)
(/usr/share/texmf/tex/generic/pgf/utilities/pgfutil-latex.def
(/usr/share/texlive/texmf-dist/tex/latex/ms/everyshi.sty))
(/usr/share/texmf/tex/generic/pgf/utilities/pgfrcs.code.tex))
(/usr/share/texmf/tex/latex/pgf/basiclayer/pgfcore.sty
(/usr/share/texlive/texmf-dist/tex/latex/graphics/graphicx.sty
(/usr/share/texlive/texmf-dist/tex/latex/graphics/graphics.sty
(/usr/share/texlive/texmf-dist/tex/latex/graphics/trig.sty)
(/usr/share/texlive/texmf-dist/tex/latex/latexconfig/graphics.cfg)
(/usr/share/texlive/texmf-dist/tex/latex/pdftex-def/pdftex.def
(/usr/share/texlive/texmf-dist/tex/generic/oberdiek/infwarerr.sty)
(/usr/share/texlive/texmf-dist/tex/generic/oberdiek/ltxcmds.sty))))
(/usr/share/texmf/tex/latex/pgf/systemlayer/pgfsys.sty
(/usr/share/texmf/tex/generic/pgf/systemlayer/pgfsys.code.tex
(/usr/share/texmf/tex/generic/pgf/utilities/pgfkeys.code.tex
(/usr/share/texmf/tex/generic/pgf/utilities/pgfkeysfiltered.code.tex))
(/usr/share/texmf/tex/generic/pgf/systemlayer/pgf.cfg)
(/usr/share/texmf/tex/generic/pgf/systemlayer/pgfsys-pdftex.def
(/usr/share/texmf/tex/generic/pgf/systemlayer/pgfsys-common-pdf.def)))
(/usr/share/texmf/tex/generic/pgf/systemlayer/pgfsyssoftpath.code.tex)
(/usr/share/texmf/tex/generic/pgf/systemlayer/pgfsysprotocol.code.tex))
(/usr/share/texmf/tex/latex/xcolor/xcolor.sty
(/usr/share/texlive/texmf-dist/tex/latex/latexconfig/color.cfg))
(/usr/share/texmf/tex/generic/pgf/basiclayer/pgfcore.code.tex
(/usr/share/texmf/tex/generic/pgf/math/pgfmath.code.tex
(/usr/share/texmf/tex/generic/pgf/math/pgfmathcalc.code.tex
(/usr/share/texmf/tex/generic/pgf/math/pgfmathutil.code.tex)
(/usr/share/texmf/tex/generic/pgf/math/pgfmathparser.code.tex)
(/usr/share/texmf/tex/generic/pgf/math/pgfmathfunctions.code.tex
(/usr/share/texmf/tex/generic/pgf/math/pgfmathfunctions.basic.code.tex)
(/usr/share/texmf/tex/generic/pgf/math/pgfmathfunctions.trigonometric.code.tex)
(/usr/share/texmf/tex/generic/pgf/math/pgfmathfunctions.random.code.tex)
(/usr/share/texmf/tex/generic/pgf/math/pgfmathfunctions.comparison.code.tex)
(/usr/share/texmf/tex/generic/pgf/math/pgfmathfunctions.base.code.tex)
(/usr/share/texmf/tex/generic/pgf/math/pgfmathfunctions.round.code.tex)
(/usr/share/texmf/tex/generic/pgf/math/pgfmathfunctions.misc.code.tex)))
(/usr/share/texmf/tex/generic/pgf/math/pgfmathfloat.code.tex))
(/usr/share/texmf/tex/generic/pgf/basiclayer/pgfcorepoints.code.tex)
(/usr/share/texmf/tex/generic/pgf/basiclayer/pgfcorepathconstruct.code.tex)
(/usr/share/texmf/tex/generic/pgf/basiclayer/pgfcorepathusage.code.tex)
(/usr/share/texmf/tex/generic/pgf/basiclayer/pgfcorescopes.code.tex)
(/usr/share/texmf/tex/generic/pgf/basiclayer/pgfcoregraphicstate.code.tex)
(/usr/share/texmf/tex/generic/pgf/basiclayer/pgfcoretransformations.code.tex)
(/usr/share/texmf/tex/generic/pgf/basiclayer/pgfcorequick.code.tex)
(/usr/share/texmf/tex/generic/pgf/basiclayer/pgfcoreobjects.code.tex)
(/usr/share/texmf/tex/generic/pgf/basiclayer/pgfcorepathprocessing.code.tex)
(/usr/share/texmf/tex/generic/pgf/basiclayer/pgfcorearrows.code.tex)
(/usr/share/texmf/tex/generic/pgf/basiclayer/pgfcoreshade.code.tex)
(/usr/share/texmf/tex/generic/pgf/basiclayer/pgfcoreimage.code.tex
(/usr/share/texmf/tex/generic/pgf/basiclayer/pgfcoreexternal.code.tex))
(/usr/share/texmf/tex/generic/pgf/basiclayer/pgfcorelayers.code.tex)
(/usr/share/texmf/tex/generic/pgf/basiclayer/pgfcoretransparency.code.tex)
(/usr/share/texmf/tex/generic/pgf/basiclayer/pgfcorepatterns.code.tex)))
(/usr/share/texmf/tex/generic/pgf/modules/pgfmoduleshapes.code.tex)
(/usr/share/texmf/tex/generic/pgf/modules/pgfmoduleplot.code.tex)
(/usr/share/texmf/tex/latex/pgf/compatibility/pgfcomp-version-0-65.sty)
(/usr/share/texmf/tex/latex/pgf/compatibility/pgfcomp-version-1-18.sty))
(/usr/share/texmf/tex/latex/pgf/utilities/pgffor.sty
(/usr/share/texmf/tex/latex/pgf/utilities/pgfkeys.sty
(/usr/share/texmf/tex/generic/pgf/utilities/pgfkeys.code.tex))
(/usr/share/texmf/tex/generic/pgf/utilities/pgffor.code.tex))
(/usr/share/texmf/tex/generic/pgf/frontendlayer/tikz/tikz.code.tex
(/usr/share/texmf/tex/generic/pgf/libraries/pgflibraryplothandlers.code.tex)
(/usr/share/texmf/tex/generic/pgf/modules/pgfmodulematrix.code.tex)
(/usr/share/texmf/tex/generic/pgf/frontendlayer/tikz/libraries/tikzlibrarytopat
hs.code.tex)))
(/usr/share/texlive/texmf-dist/tex/generic/pgfplots/pgfplots.code.tex
(/usr/share/texlive/texmf-dist/tex/generic/pgfplots/pgfplotscore.code.tex
(/usr/share/texlive/texmf-dist/tex/generic/pgfplots/sys/pgfplotssysgeneric.code
.tex))
(/usr/share/texlive/texmf-dist/tex/generic/pgfplots/libs/pgfplotslibrary.code.t
ex)
(/usr/share/texlive/texmf-dist/tex/generic/pgfplots/oldpgfcompatib/pgfplotsoldp
gfsupp_loader.code.tex
Package pgfplots: loading complementary code for your PGF version...

(/usr/share/texlive/texmf-dist/tex/generic/pgfplots/oldpgfcompatib/pgfplotsoldp
gfsupp_misc.code.tex)
(/usr/share/texlive/texmf-dist/tex/generic/pgfplots/oldpgfcompatib/pgfplotsoldp
gfsupp_pgfkeys.code.tex
(/usr/share/texlive/texmf-dist/tex/generic/pgfplots/oldpgfcompatib/pgfplotsoldp
gfsupp_pgfkeysfiltered.code.tex))
(/usr/share/texlive/texmf-dist/tex/generic/pgfplots/oldpgfcompatib/pgfplotsoldp
gfsupp_pgfmathfloat.code.tex)
(/usr/share/texlive/texmf-dist/tex/generic/pgfplots/oldpgfcompatib/pgfplotsoldp
gfsupp_pgflibraryplothandlers.code.tex)
(/usr/share/texlive/texmf-dist/tex/generic/pgfplots/oldpgfcompatib/pgfplotsoldp
gfsupp_pgflibraryfpu.code.tex)
(/usr/share/texlive/texmf-dist/tex/generic/pgfplots/oldpgfcompatib/pgfplotsoldp
gfsupp_pgfcorescopes.code.tex)
(/usr/share/texlive/texmf-dist/tex/generic/pgfplots/oldpgfcompatib/pgfplotsoldp
gfsupp_pgfcorelayers.code.tex))
(/usr/share/texlive/texmf-dist/tex/generic/pgfplots/util/pgfplotsutil.code.tex
(/usr/share/texlive/texmf-dist/tex/generic/pgfplots/liststructure/pgfplotslists
tructure.code.tex)
(/usr/share/texlive/texmf-dist/tex/generic/pgfplots/liststructure/pgfplotslists
tructureext.code.tex)
(/usr/share/texlive/texmf-dist/tex/generic/pgfplots/liststructure/pgfplotsarray
.code.tex)
(/usr/share/texlive/texmf-dist/tex/generic/pgfplots/liststructure/pgfplotsmatri
x.code.tex)
(/usr/share/texlive/texmf-dist/tex/generic/pgfplots/numtable/pgfplotstableshare
d.code.tex)
(/usr/share/texlive/texmf-dist/tex/generic/pgfplots/liststructure/pgfplotsdeque
.code.tex)
(/usr/share/texlive/texmf-dist/tex/generic/pgfplots/util/pgfplotsbinary.code.te
x
(/usr/share/texlive/texmf-dist/tex/generic/pgfplots/util/pgfplotsbinary.data.co
de.tex))
(/usr/share/texlive/texmf-dist/tex/generic/pgfplots/util/pgfplotsutil.verb.code
.tex)
(/usr/share/texlive/texmf-dist/tex/generic/pgfplots/libs/pgflibrarypgfplots.sur
fshading.code.tex
(/usr/share/texlive/texmf-dist/tex/generic/pgfplots/sys/pgflibrarypgfplots.surf
shading.pgfsys-pdftex.def)))
(/usr/share/texlive/texmf-dist/tex/generic/pgfplots/util/pgfplotscolormap.code.
tex
(/usr/share/texlive/texmf-dist/tex/generic/pgfplots/util/pgfplotscolor.code.tex
))
(/usr/share/texlive/texmf-dist/tex/generic/pgfplots/pgfplotsstackedplots.code.t
ex)
(/usr/share/texlive/texmf-dist/tex/generic/pgfplots/pgfplotsplothandlers.code.t
ex
(/usr/share/texlive/texmf-dist/tex/generic/pgfplots/pgfplotsmeshplothandler.cod
e.tex))
(/usr/share/texlive/texmf-dist/tex/generic/pgfplots/pgfplots.scaling.code.tex)
(/usr/share/texlive/texmf-dist/tex/generic/pgfplots/pgfplotscoordprocessing.cod
e.tex)
(/usr/share/texlive/texmf-dist/tex/generic/pgfplots/pgfplots.errorbars.code.tex
) (/usr/share/texlive/texmf-dist/tex/generic/pgfplots/pgfplots.markers.code.tex
) (/usr/share/texlive/texmf-dist/tex/generic/pgfplots/pgfplotsticks.code.tex)
(/usr/share/texlive/texmf-dist/tex/generic/pgfplots/pgfplots.paths.code.tex)
(/usr/share/texmf/tex/generic/pgf/frontendlayer/tikz/libraries/tikzlibrarydecor
ations.code.tex
(/usr/share/texmf/tex/generic/pgf/modules/pgfmoduledecorations.code.tex))
(/usr/share/texmf/tex/generic/pgf/frontendlayer/tikz/libraries/tikzlibrarydecor
ations.pathmorphing.code.tex
(/usr/share/texmf/tex/generic/pgf/libraries/decorations/pgflibrarydecorations.p
athmorphing.code.tex))
(/usr/share/texmf/tex/generic/pgf/frontendlayer/tikz/libraries/tikzlibrarydecor
ations.pathreplacing.code.tex
(/usr/share/texmf/tex/generic/pgf/libraries/decorations/pgflibrarydecorations.p
athreplacing.code.tex)))
(/usr/share/texmf/tex/generic/pgf/frontendlayer/tikz/libraries/tikzlibraryplotm
arks.code.tex
(/usr/share/texmf/tex/generic/pgf/libraries/pgflibraryplotmarks.code.tex)))
(/usr/share/texlive/texmf-dist/tex/latex/wrapfig/wrapfig.sty)
(/usr/share/texlive/texmf-dist/tex/generic/mathabx/mathabx.sty
(/usr/share/texlive/texmf-dist/tex/generic/mathabx/mathabx.dcl))
(/usr/share/texlive/texmf-dist/tex/latex/base/ifthen.sty)
(/usr/share/texlive/texmf-dist/tex/latex/caption/caption.sty
(/usr/share/texlive/texmf-dist/tex/latex/caption/caption3.sty))
(/usr/share/texlive/texmf-dist/tex/latex/caption/subcaption.sty)
(data/latexki.sty)
(/usr/share/texlive/texmf-dist/tex/latex/ntheorem/ntheorem.sty
Style `ntheorem', Version 1.33 <2011/08/15>
) (/usr/share/texlive/texmf-dist/tex/latex/hyperref/hyperref.sty
(/usr/share/texlive/texmf-dist/tex/generic/oberdiek/hobsub-hyperref.sty
(/usr/share/texlive/texmf-dist/tex/generic/oberdiek/hobsub-generic.sty))
(/usr/share/texlive/texmf-dist/tex/latex/oberdiek/auxhook.sty)
(/usr/share/texlive/texmf-dist/tex/latex/oberdiek/kvoptions.sty)
(/usr/share/texlive/texmf-dist/tex/latex/hyperref/pd1enc.def)
(/usr/share/texlive/texmf-dist/tex/latex/latexconfig/hyperref.cfg)
(/usr/share/texlive/texmf-dist/tex/latex/url/url.sty))

Package hyperref Message: Driver (autodetected): hpdftex.

(/usr/share/texlive/texmf-dist/tex/latex/hyperref/hpdftex.def
(/usr/share/texlive/texmf-dist/tex/latex/oberdiek/rerunfilecheck.sty))
(./GeoSchemata15.aux)
*geometry* driver: auto-detecting
*geometry* detected driver: pdftex
(/usr/share/texlive/texmf-dist/tex/latex/amsfonts/umsa.fd)
(/usr/share/texlive/texmf-dist/tex/latex/amsfonts/umsb.fd)
(/usr/share/texlive/texmf-dist/tex/latex/stmaryrd/Ustmry.fd)
ABD: EveryShipout initializing macros
(/usr/share/texlive/texmf-dist/tex/context/base/supp-pdf.mkii
[Loading MPS to PDF converter (version 2006.09.02).]
) (/usr/share/texlive/texmf-dist/tex/latex/oberdiek/epstopdf-base.sty
(/usr/share/texlive/texmf-dist/tex/latex/oberdiek/grfext.sty)
(/usr/share/texlive/texmf-dist/tex/latex/latexconfig/epstopdf-sys.cfg))

Package pgfplots Warning: running in backwards compatibility mode (unsuitable t
ick labels; missing features). Consider writing \pgfplotsset{compat=1.9} into y
our preamble.
 on input line 144.

(/usr/share/texlive/texmf-dist/tex/latex/hyperref/nameref.sty
(/usr/share/texlive/texmf-dist/tex/generic/oberdiek/gettitlestring.sty))
(./GeoSchemata15.out) (./GeoSchemata15.out)
Underfull \hbox (badness 10000) in paragraph at lines 147--148


LaTeX Font Warning: Font shape `T1/cmr/m/n' in size <40> not available
(Font)              size <35.83> substituted on input line 150.


LaTeX Font Warning: Font shape `T1/cmr/bx/n' in size <40> not available
(Font)              size <35.83> substituted on input line 150.


Underfull \hbox (badness 10000) in paragraph at lines 152--153


Underfull \hbox (badness 10000) in paragraph at lines 154--155


Underfull \hbox (badness 10000) in paragraph at lines 156--157

[1{/var/lib/texmf/fonts/map/pdftex/updmap/pdftex.map}] [2] (./GeoSchemata15.toc

Overfull \hbox (0.93665pt too wide) detected at line 10
\T1/cmr/bx/n/10.95 II  

Overfull \hbox (1.81714pt too wide) detected at line 12
\T1/cmr/m/n/10.95 Ÿ 10  

Overfull \hbox (1.81714pt too wide) detected at line 13
\T1/cmr/m/n/10.95 Ÿ 11  

Overfull \hbox (5.95705pt too wide) detected at line 14
\T1/cmr/bx/n/10.95 III  

Overfull \hbox (1.81714pt too wide) detected at line 15
\T1/cmr/m/n/10.95 Ÿ 12  

Overfull \hbox (1.81714pt too wide) detected at line 16
\T1/cmr/m/n/10.95 Ÿ 13  

Overfull \hbox (1.81714pt too wide) detected at line 17
\T1/cmr/m/n/10.95 Ÿ 14  

Overfull \hbox (1.81714pt too wide) detected at line 18
\T1/cmr/m/n/10.95 Ÿ 15  

Overfull \hbox (1.81714pt too wide) detected at line 19
\T1/cmr/m/n/10.95 Ÿ 16  
) [3] [4]
Kapitel I\hskip 1em\relax .
(/usr/share/texlive/texmf-dist/tex/latex/amsfonts/ueuf.fd)
Underfull \vbox (badness 4846) has occurred while \output is active [5]
Overfull \hbox (11.96242pt too wide) detected at line 244
\OML/cmm/m/it/10.95 V\U/matha/m/n/10.95 p\OML/cmm/m/it/10.95 I[]\U/matha/m/n/10
.95 q Y \OML/cmm/m/it/10.95 V\U/matha/m/n/10.95 p\OML/cmm/m/it/10.95 I[]\U/math
a/m/n/10.95 q  ^^P  t\U/euf/m/n/10.95 p \U/matha/m/n/10.95 P [] \OML/cmm/m/it/1
0.95 R \U/matha/m/n/10.95 | \OML/cmm/m/it/10.95 I[] \U/matha/m/n/10.95 „ \U/euf
/m/n/10.95 p[]\OML/cmm/m/it/10.95 I[] \U/matha/m/n/10.95 „ \U/euf/m/n/10.95 p\U
/matha/m/n/10.95 u  []  t\U/euf/m/n/10.95 p \U/matha/m/n/10.95 P [] \OML/cmm/m/
it/10.95 R \U/matha/m/n/10.95 | \OML/cmm/m/it/10.95 I[] \U/matha/m/n/10.95 X \O
ML/cmm/m/it/10.95 I[] \U/matha/m/n/10.95 „ \U/euf/m/n/10.95 p\U/matha/m/n/10.95
 u  ^^P  \OML/cmm/m/it/10.95 V\U/matha/m/n/10.95 p\OML/cmm/m/it/10.95 I[] \U/ma
tha/m/n/10.95 X \OML/cmm/m/it/10.95 I[]\U/matha/m/n/10.95 q\OML/cmm/m/it/10.95 
:
[6] [7] [8] [9] [10]
Underfull \vbox (badness 1721) has occurred while \output is active [11]
[12] <xymatrix 4x3 214> [13] [14]
Overfull \hbox (5.13715pt too wide) detected at line 592
\OMS/cmsy/m/n/10.95 F[]\U/matha/m/n/10.95 p\OML/cmm/m/it/10.95 U\U/matha/m/n/10
.95 q \OT1/cmr/m/n/10.95 :\U/matha/m/n/10.95 ^^P [] \OML/cmm/m/it/10.95 :
[15] [16]
Overfull \hbox (2.58913pt too wide) in paragraph at lines 689--690
\T1/cmr/m/n/10.95 si-sten-te Fa-mi-lie. Dann ist $\U/matha/m/n/10.95 t\OML/cmm/
m/it/10.95 f[]\U/matha/m/n/10.95 p\OML/cmm/m/it/10.95 V[]\U/matha/m/n/10.95 qu[
]$ \T1/cmr/m/n/10.95 of-fe-ne Über-deckung von $\OML/cmm/m/it/10.95 f[]\U/matha
/m/n/10.95 p\OML/cmm/m/it/10.95 V\U/matha/m/n/10.95 q$ \T1/cmr/m/n/10.95 und $\
OML/cmm/m/it/10.95 s[] \U/matha/m/n/10.95 P \OMS/cmsy/m/n/10.95 F []$

Underfull \vbox (badness 10000) has occurred while \output is active [17]
<xymatrix 4x3 214>
Underfull \vbox (badness 3919) has occurred while \output is active [18]
<xymatrix 3x3 229> [19] [20] [21] [22] [23] <xymatrix 3x3 120>
Underfull \vbox (badness 1789) has occurred while \output is active [24]
<xymatrix 7x3 387> [25] <xymatrix 9x4 599>
Underfull \vbox (badness 10000) has occurred while \output is active [26]
<xymatrix 6x5 416> [27] <xymatrix 7x3 387> <xymatrix 7x3 387> [28] <xymatrix
5x2 165> <xymatrix 7x3 365>
Underfull \vbox (badness 10000) has occurred while \output is active [29]
<xymatrix 3x2 190> <xymatrix 9x3 552>
Overfull \hbox (6.32085pt too wide) detected at line 1268
[]
[30] [31] <xymatrix 3x2 169> [32]
Overfull \hbox (14.24382pt too wide) detected at line 1390
[]\U/matha/m/n/10.95 p\OML/cmm/m/it/10.95 T; X\U/matha/m/n/10.95 q ^^P [] \OML/
cmm/m/it/10.95 ;
[33] [34] [35] <xymatrix 8x3 506> [36] <xymatrix 3x2 183> <xymatrix 3x2 169>
[37] <xymatrix 3x2 183> <xymatrix 3x3 286> <xymatrix 5x4 383> [38] <xymatrix
4x3 385>
Underfull \vbox (badness 10000) has occurred while \output is active [39]
<xymatrix 3x2 162> <xymatrix 3x2 203> <xymatrix 3x3 272> [40] <xymatrix 5x3
433> <xymatrix 3x3 188> <xymatrix 3x3 195> <xymatrix 3x3 161> [41] [42]
Kapitel II\hskip 1em\relax .

Package hyperref Warning: Token not allowed in a PDF string (PDFDocEncoding):
(hyperref)                removing `math shift' on input line 1821.


Package hyperref Warning: Token not allowed in a PDF string (PDFDocEncoding):
(hyperref)                removing `subscript' on input line 1821.


Package hyperref Warning: Token not allowed in a PDF string (PDFDocEncoding):
(hyperref)                removing `math shift' on input line 1821.


Overfull \hbox (2.9378pt too wide) in paragraph at lines 1833--1834
\OMS/cmsy/m/n/10.95 F\U/matha/m/n/10.95 p\OML/cmm/m/it/10.95 U[]\U/matha/m/n/10
.95 q$ \T1/cmr/m/n/10.95 ein $\OMS/cmsy/m/n/10.95 O[]\U/matha/m/n/10.95 p\OML/c
mm/m/it/10.95 U\U/matha/m/n/10.95 q$\T1/cmr/m/n/10.95 -Modulhomomorphismus ist.
 Da-bei wird $\OMS/cmsy/m/n/10.95 F\U/matha/m/n/10.95 p\OML/cmm/m/it/10.95 U[]\
U/matha/m/n/10.95 q$ \T1/cmr/m/n/10.95 ver-mö-ge $[]\OML/cmm/m/it/10.95 ^^Z[]$ 
\T1/cmr/m/n/10.95 als $\OMS/cmsy/m/n/10.95 O[]\U/matha/m/n/10.95 p\OML/cmm/m/it
/10.95 U\U/matha/m/n/10.95 q$\T1/cmr/m/n/10.95 -
[43]
Underfull \vbox (badness 10000) has occurred while \output is active [44]
Underfull \vbox (badness 4967) has occurred while \output is active [45]
[46] [47]
Underfull \vbox (badness 1571) has occurred while \output is active [48]
Underfull \vbox (badness 3229) has occurred while \output is active [49]
[50]
Overfull \hbox (2.69888pt too wide) in paragraph at lines 2155--2156
[]\T1/cmr/m/n/10.95 Sei $\U/matha/m/n/10.95 p\OML/cmm/m/it/10.95 X; \OMS/cmsy/m
/n/10.95 O[]\U/matha/m/n/10.95 q$ \T1/cmr/m/n/10.95 lo-kal ge-ring-ter Raum so-
wie $\OMS/cmsy/m/n/10.95 F$\T1/cmr/m/n/10.95 , $\OMS/cmsy/m/n/10.95 G$ $O[]$\T1
/cmr/m/n/10.95 -Modulgarben

LaTeX Font Warning: Font shape `U/stmry/b/n' undefined
(Font)              using `U/stmry/m/n' instead on input line 2156.

[51]
Overfull \hbox (7.79547pt too wide) in paragraph at lines 2183--2184
[]\T1/cmr/m/n/10.95 Es ge-nügt zu zei-gen: Ist $\U/matha/m/n/10.95 t\OML/cmm/m/
it/10.95 U[]\U/matha/m/n/10.95 u[]$ \T1/cmr/m/n/10.95 of-fe-ne Über-deckung von
 $\OML/cmm/m/it/10.95 X$\T1/cmr/m/n/10.95 , so ist $[][]\U/matha/m/n/10.95 p\OM
S/cmsy/m/n/10.95 F\OML/cmm/m/it/10.95 ; \OMS/cmsy/m/n/10.95 O[]\U/matha/m/n/10.
95 q|[]$

Underfull \vbox (badness 10000) has occurred while \output is active [52]
<xymatrix 5x2 165> [53]
Underfull \vbox (badness 3792) has occurred while \output is active [54]
[55] [56]
Kapitel III\hskip 1em\relax .
<xymatrix 5x2 206> <xymatrix 5x2 206> [57] <xymatrix 11x2 554> [58] <xymatrix
6x5 1260>
Underfull \vbox (badness 10000) has occurred while \output is active [59]
[60] [61] <xymatrix 9x2 388>
Overfull \hbox (2.31343pt too wide) in paragraph at lines 2555--2556
[]$\OML/cmm/m/it/10.95 P$ \T1/cmr/m/n/10.95 ist ge-nau dann pro-jek-tiv, falls 
für je-des sol-che rechtsex-ak-te Die-gramm ein $[] \U/matha/m/n/10.95 P [][]p\
OML/cmm/m/it/10.95 P; C\U/matha/m/n/10.95 q$
<xymatrix 5x2 151> [62] <xymatrix 5x2 158> <xymatrix 5x2 199> [63] [64]
<xymatrix 9x2 538> <xymatrix 5x2 247>
Underfull \vbox (badness 10000) has occurred while \output is active [65]
<xymatrix 7x3 468> <xymatrix 5x3 349>
Underfull \vbox (badness 10000) has occurred while \output is active [66]
<xymatrix 5x5 1001> [67]

Package hyperref Warning: Composite letter `\textasciicaron+C'
(hyperref)                not defined in PD1 encoding,
(hyperref)                removing `\textasciicaron' on input line 2793.

[68]
Underfull \vbox (badness 10000) has occurred while \output is active [69]
Overfull \hbox (10.1187pt too wide) in paragraph at lines 2891--2894
[]\T1/cmr/m/n/10.95 Zeige zu-nächst die Ex-akt-heit bei $\OMS/cmsy/m/n/10.95 C[
]\U/matha/m/n/10.95 p\U/euf/m/n/10.95 U\OML/cmm/m/it/10.95 ; \OMS/cmsy/m/n/10.9
5 F\U/matha/m/n/10.95 q$\T1/cmr/m/n/10.95 . Sei $\OML/cmm/m/it/10.95 U \U/matha
/m/n/10.95 „ \OML/cmm/m/it/10.95 X$ \T1/cmr/m/n/10.95 of-fen, $\U/matha/m/n/10.
95 p\OML/cmm/m/it/10.95 s[]\U/matha/m/n/10.95 q[] P \OT1/cmr/m/n/10.95 ^^@ []$\
T1/cmr/m/n/10.95 .
[70]
Overfull \hbox (6.10916pt too wide) in paragraph at lines 2902--2903
[]\T1/cmr/m/n/10.95 Sei $[] \U/matha/m/n/10.95 P \OMS/cmsy/m/n/10.95 C[]\U/math
a/m/n/10.95 p\U/euf/m/n/10.95 U\OML/cmm/m/it/10.95 ; \OMS/cmsy/m/n/10.95 F\U/ma
tha/m/n/10.95 q$\T1/cmr/m/n/10.95 , das heiÿt es ist $[] \U/matha/m/n/10.95 ^^P
 rp\OML/cmm/m/it/10.95 V; s\U/matha/m/n/10.95 qs$ \T1/cmr/m/n/10.95 mit $\OML/c
mm/m/it/10.95 V \U/matha/m/n/10.95 „ \OML/cmm/m/it/10.95 U[]$ \T1/cmr/m/n/10.95
 und $\OML/cmm/m/it/10.95 s \U/matha/m/n/10.95 ^^P p\OML/cmm/m/it/10.95 s[]\U/m
atha/m/n/10.95 q[] P
<xymatrix 5x2 260> [71]

LaTeX Warning: Command \" invalid in math mode on input line 2982.

[72] [73] [74]
Underfull \vbox (badness 10000) has occurred while \output is active [75]
[76] [77]
Overfull \hbox (24.46239pt too wide) in paragraph at lines 3158--3159
[]\T1/cmr/m/it/10.95 Sei $\U/matha/m/n/10.95 p\OML/cmm/m/it/10.95 X; \OMS/cmsy/
m/n/10.95 O[]\U/matha/m/n/10.95 q$ \T1/cmr/m/it/10.95 ein noether-sches, se-pa-
rier-tes Sche-ma, $\OMS/cmsy/m/n/10.95 F$ \T1/cmr/m/it/10.95 ei-ne qua-si-ko-hä
-ren-te $\OMS/cmsy/m/n/10.95 O[]$\T1/cmr/m/it/10.95 -Modulgarbe
[78] [79] [80] [81]
Underfull \vbox (badness 10000) has occurred while \output is active [82]
Underfull \vbox (badness 10000) has occurred while \output is active [83]
Underfull \vbox (badness 10000) has occurred while \output is active [84]
Underfull \vbox (badness 10000) has occurred while \output is active [85]
[86] [87]
Overfull \hbox (8.59486pt too wide) in paragraph at lines 3523--3524
[]\T1/cmr/m/it/10.95 Sei $\OML/cmm/m/it/10.95 X$ \T1/cmr/m/it/10.95 ei-ne nicht
-
[88]
Underfull \vbox (badness 1360) has occurred while \output is active [89]
[90]
Underfull \vbox (badness 10000) has occurred while \output is active [91]
Overfull \hbox (11.44995pt too wide) detected at line 3657
\OT1/cmr/m/n/10.95 d\OML/cmm/m/it/10.95 z \U/matha/m/n/10.95 ^^P \OT1/cmr/m/n/1
0.95 d\OML/cmm/m/it/10.95 t[] \U/matha/m/n/10.95 ^^@ \OT1/cmr/m/n/10.95 d\U/mat
ha/m/n/10.95 p\OML/cmm/m/it/10.95 t[]h\U/matha/m/n/10.95 q ^^P \OT1/cmr/m/n/10.
95 d\OML/cmm/m/it/10.95 t[] \U/matha/m/n/10.95 ^^@ \OML/cmm/m/it/10.95 t[]\OT1/
cmr/m/n/10.95 d\OML/cmm/m/it/10.95 h \U/matha/m/n/10.95 ^^@ \OT1/cmr/m/n/10.95 
2\OML/cmm/m/it/10.95 t[]\OT1/cmr/m/n/10.95 d\OML/cmm/m/it/10.95 h \U/matha/m/n/
10.95 ^^P \OT1/cmr/m/n/10.95 d\OML/cmm/m/it/10.95 t[] \U/matha/m/n/10.95 ^^@ \O
ML/cmm/m/it/10.95 t[]h[]\OT1/cmr/m/n/10.95 d\OML/cmm/m/it/10.95 t[] \U/matha/m/
n/10.95 ^^@ \OT1/cmr/m/n/10.95 2\OML/cmm/m/it/10.95 t[]h[]\OT1/cmr/m/n/10.95 d\
OML/cmm/m/it/10.95 t[] \U/matha/m/n/10.95 ^^P \OT1/cmr/m/n/10.95 d\OML/cmm/m/it
/10.95 t\U/matha/m/n/10.95 p\OT1/cmr/m/n/10.95 1 \U/matha/m/n/10.95 ^^@ \OT1/cm
r/m/n/10.95 2\OML/cmm/m/it/10.95 h[]t[] \U/matha/m/n/10.95 ^^@ \OML/cmm/m/it/10
.95 t[]h\U/matha/m/n/10.95 q\OML/cmm/m/it/10.95 :
[92] [93] [94] (./GeoSchemata15.aux)

LaTeX Font Warning: Size substitutions with differences
(Font)              up to 4.17pt have occurred.


LaTeX Font Warning: Some font shapes were not available, defaults substituted.

 )
(see the transcript file for additional information){/usr/share/texmf/fonts/enc
/dvips/cm-super/cm-super-t1.enc}</usr/share/texlive/texmf-dist/fonts/type1/publ
ic/amsfonts/cm/cmbx10.pfb></usr/share/texlive/texmf-dist/fonts/type1/public/ams
fonts/cm/cmmi10.pfb></usr/share/texlive/texmf-dist/fonts/type1/public/amsfonts/
cm/cmmi6.pfb></usr/share/texlive/texmf-dist/fonts/type1/public/amsfonts/cm/cmmi
8.pfb></usr/share/texlive/texmf-dist/fonts/type1/public/amsfonts/cm/cmr10.pfb><
/usr/share/texlive/texmf-dist/fonts/type1/public/amsfonts/cm/cmr6.pfb></usr/sha
re/texlive/texmf-dist/fonts/type1/public/amsfonts/cm/cmr8.pfb></usr/share/texli
ve/texmf-dist/fonts/type1/public/amsfonts/cm/cmsy10.pfb></usr/share/texlive/tex
mf-dist/fonts/type1/public/amsfonts/cm/cmsy6.pfb></usr/share/texlive/texmf-dist
/fonts/type1/public/amsfonts/cm/cmsy8.pfb></usr/share/texlive/texmf-dist/fonts/
type1/public/amsfonts/cm/cmti10.pfb></usr/share/texlive/texmf-dist/fonts/type1/
public/amsfonts/cm/cmti7.pfb></usr/share/texlive/texmf-dist/fonts/type1/public/
amsfonts/cm/cmti8.pfb></usr/share/texlive/texmf-dist/fonts/type1/public/amsfont
s/euler/eufm10.pfb></usr/share/texlive/texmf-dist/fonts/type1/public/mathabx-ty
pe1/matha10.pfb></usr/share/texlive/texmf-dist/fonts/type1/public/mathabx-type1
/matha6.pfb></usr/share/texlive/texmf-dist/fonts/type1/public/mathabx-type1/mat
ha8.pfb></usr/share/texlive/texmf-dist/fonts/type1/public/mathabx-type1/mathb10
.pfb></usr/share/texlive/texmf-dist/fonts/type1/public/mathabx-type1/mathx10.pf
b></usr/share/texlive/texmf-dist/fonts/type1/public/amsfonts/symbols/msam10.pfb
></usr/share/texlive/texmf-dist/fonts/type1/public/amsfonts/symbols/msbm10.pfb>
</usr/share/texmf/fonts/type1/public/cm-super/sfbi1095.pfb></usr/share/texmf/fo
nts/type1/public/cm-super/sfbx1095.pfb></usr/share/texmf/fonts/type1/public/cm-
super/sfbx1440.pfb></usr/share/texmf/fonts/type1/public/cm-super/sfbx2074.pfb><
/usr/share/texmf/fonts/type1/public/cm-super/sfbx2488.pfb></usr/share/texmf/fon
ts/type1/public/cm-super/sfbx3583.pfb></usr/share/texmf/fonts/type1/public/cm-s
uper/sfrm0600.pfb></usr/share/texmf/fonts/type1/public/cm-super/sfrm0800.pfb></
usr/share/texmf/fonts/type1/public/cm-super/sfrm1095.pfb></usr/share/texmf/font
s/type1/public/cm-super/sfrm1200.pfb></usr/share/texmf/fonts/type1/public/cm-su
per/sfsl1095.pfb></usr/share/texmf/fonts/type1/public/cm-super/sfti1095.pfb></u
sr/share/texmf/fonts/type1/public/cm-super/sfti1200.pfb></usr/share/texlive/tex
mf-dist/fonts/type1/public/xypic/xyatip10.pfb></usr/share/texlive/texmf-dist/fo
nts/type1/public/xypic/xybtip10.pfb>
Output written on GeoSchemata15.pdf (94 pages, 821006 bytes).
Transcript written on GeoSchemata15.log.
Result: ExitSuccess

Running /usr/bin/pdflatex GeoSchemata15.tex in an env with 4 entries:
This is pdfTeX, Version 3.1415926-2.5-1.40.14 (TeX Live 2013/Debian)
 restricted \write18 enabled.
entering extended mode
(data/GeoSchemata15.tex
LaTeX2e <2011/06/27>
Babel <3.9h> and hyphenation patterns for 78 languages loaded.
(/usr/share/texlive/texmf-dist/tex/latex/base/book.cls
Document Class: book 2007/10/19 v1.4h Standard LaTeX document class
(/usr/share/texlive/texmf-dist/tex/latex/base/bk11.clo))
(/usr/share/texlive/texmf-dist/tex/latex/etex-pkg/etex.sty)
(/usr/share/texlive/texmf-dist/tex/latex/amsfonts/amssymb.sty
(/usr/share/texlive/texmf-dist/tex/latex/amsfonts/amsfonts.sty))
(/usr/share/texlive/texmf-dist/tex/latex/base/inputenc.sty
(/usr/share/texlive/texmf-dist/tex/latex/base/utf8.def
(/usr/share/texlive/texmf-dist/tex/latex/base/t1enc.dfu)
(/usr/share/texlive/texmf-dist/tex/latex/base/ot1enc.dfu)
(/usr/share/texlive/texmf-dist/tex/latex/base/omsenc.dfu)))
(/usr/share/texlive/texmf-dist/tex/latex/base/fontenc.sty
(/usr/share/texlive/texmf-dist/tex/latex/base/t1enc.def))
(/usr/share/texlive/texmf-dist/tex/generic/german/german.sty v2.5e 1998-07-08)
(/usr/share/texlive/texmf-dist/tex/generic/babel/babel.sty
(/usr/share/texlive/texmf-dist/tex/generic/babel-german/germanb.ldf
(/usr/share/texlive/texmf-dist/tex/generic/babel/babel.def)))
(/usr/share/texlive/texmf-dist/tex/latex/geometry/geometry.sty
(/usr/share/texlive/texmf-dist/tex/latex/graphics/keyval.sty)
(/usr/share/texlive/texmf-dist/tex/generic/oberdiek/ifpdf.sty)
(/usr/share/texlive/texmf-dist/tex/generic/oberdiek/ifvtex.sty)
(/usr/share/texlive/texmf-dist/tex/generic/ifxetex/ifxetex.sty))
(/usr/share/texlive/texmf-dist/tex/latex/paralist/paralist.sty)
(/usr/share/texlive/texmf-dist/tex/latex/titlesec/titlesec.sty)
(/usr/share/texlive/texmf-dist/tex/latex/amsmath/amsmath.sty
For additional information on amsmath, use the `?' option.
(/usr/share/texlive/texmf-dist/tex/latex/amsmath/amstext.sty
(/usr/share/texlive/texmf-dist/tex/latex/amsmath/amsgen.sty))
(/usr/share/texlive/texmf-dist/tex/latex/amsmath/amsbsy.sty)
(/usr/share/texlive/texmf-dist/tex/latex/amsmath/amsopn.sty))
(/usr/share/texlive/texmf-dist/tex/latex/setspace/setspace.sty)
(/usr/share/texlive/texmf-dist/tex/latex/polynom/polynom.sty)
(/usr/share/texlive/texmf-dist/tex/latex/stmaryrd/stmaryrd.sty)
(/usr/share/texlive/texmf-dist/tex/generic/xypic/xy.sty
(/usr/share/texlive/texmf-dist/tex/generic/xypic/xy.tex Bootstrap'ing:
catcodes, docmode, (/usr/share/texlive/texmf-dist/tex/generic/xypic/xyrecat.tex
) (/usr/share/texlive/texmf-dist/tex/generic/xypic/xyidioms.tex)

 Xy-pic version 3.8.9 <2013/10/06>
 Copyright (c) 1991-2013 by Kristoffer H. Rose <krisrose@tug.org> and others
 Xy-pic is free software: see the User's Guide for details.

Loading kernel: messages; fonts; allocations: state, direction,
utility macros; pictures: \xy, positions, objects, decorations;
kernel objects: directionals, circles, text; options; algorithms: directions,
edges, connections;  Xy-pic loaded)
(/usr/share/texlive/texmf-dist/tex/generic/xypic/xyarrow.tex
 Xy-pic option: Arrow and Path feature v.3.9 path, \ar, loaded)
(/usr/share/texlive/texmf-dist/tex/generic/xypic/xymatrix.tex
 Xy-pic option: Matrix feature v.3.14 loaded)
(/usr/share/texlive/texmf-dist/tex/generic/xypic/xycurve.tex
 Xy-pic option: Curve and Spline extension v.3.12 curve, circles, loaded)
(/usr/share/texlive/texmf-dist/tex/generic/xypic/xypdf.tex
 Xy-pic option: PDF driver v.1.7 Xy-pic pdf driver: `curve' extension support
(/usr/share/texlive/texmf-dist/tex/generic/xypic/xypdf-cu.tex loaded) loaded))
(/usr/share/texlive/texmf-dist/tex/latex/float/float.sty)
(/usr/share/texlive/texmf-dist/tex/latex/titlesec/titletoc.sty)
(/usr/share/texlive/texmf-dist/tex/latex/pgfplots/pgfplots.sty
(/usr/share/texlive/texmf-dist/tex/generic/pgfplots/pgfplots.revision.tex)
(/usr/share/texmf/tex/latex/pgf/frontendlayer/tikz.sty
(/usr/share/texmf/tex/latex/pgf/basiclayer/pgf.sty
(/usr/share/texmf/tex/latex/pgf/utilities/pgfrcs.sty
(/usr/share/texmf/tex/generic/pgf/utilities/pgfutil-common.tex)
(/usr/share/texmf/tex/generic/pgf/utilities/pgfutil-latex.def
(/usr/share/texlive/texmf-dist/tex/latex/ms/everyshi.sty))
(/usr/share/texmf/tex/generic/pgf/utilities/pgfrcs.code.tex))
(/usr/share/texmf/tex/latex/pgf/basiclayer/pgfcore.sty
(/usr/share/texlive/texmf-dist/tex/latex/graphics/graphicx.sty
(/usr/share/texlive/texmf-dist/tex/latex/graphics/graphics.sty
(/usr/share/texlive/texmf-dist/tex/latex/graphics/trig.sty)
(/usr/share/texlive/texmf-dist/tex/latex/latexconfig/graphics.cfg)
(/usr/share/texlive/texmf-dist/tex/latex/pdftex-def/pdftex.def
(/usr/share/texlive/texmf-dist/tex/generic/oberdiek/infwarerr.sty)
(/usr/share/texlive/texmf-dist/tex/generic/oberdiek/ltxcmds.sty))))
(/usr/share/texmf/tex/latex/pgf/systemlayer/pgfsys.sty
(/usr/share/texmf/tex/generic/pgf/systemlayer/pgfsys.code.tex
(/usr/share/texmf/tex/generic/pgf/utilities/pgfkeys.code.tex
(/usr/share/texmf/tex/generic/pgf/utilities/pgfkeysfiltered.code.tex))
(/usr/share/texmf/tex/generic/pgf/systemlayer/pgf.cfg)
(/usr/share/texmf/tex/generic/pgf/systemlayer/pgfsys-pdftex.def
(/usr/share/texmf/tex/generic/pgf/systemlayer/pgfsys-common-pdf.def)))
(/usr/share/texmf/tex/generic/pgf/systemlayer/pgfsyssoftpath.code.tex)
(/usr/share/texmf/tex/generic/pgf/systemlayer/pgfsysprotocol.code.tex))
(/usr/share/texmf/tex/latex/xcolor/xcolor.sty
(/usr/share/texlive/texmf-dist/tex/latex/latexconfig/color.cfg))
(/usr/share/texmf/tex/generic/pgf/basiclayer/pgfcore.code.tex
(/usr/share/texmf/tex/generic/pgf/math/pgfmath.code.tex
(/usr/share/texmf/tex/generic/pgf/math/pgfmathcalc.code.tex
(/usr/share/texmf/tex/generic/pgf/math/pgfmathutil.code.tex)
(/usr/share/texmf/tex/generic/pgf/math/pgfmathparser.code.tex)
(/usr/share/texmf/tex/generic/pgf/math/pgfmathfunctions.code.tex
(/usr/share/texmf/tex/generic/pgf/math/pgfmathfunctions.basic.code.tex)
(/usr/share/texmf/tex/generic/pgf/math/pgfmathfunctions.trigonometric.code.tex)
(/usr/share/texmf/tex/generic/pgf/math/pgfmathfunctions.random.code.tex)
(/usr/share/texmf/tex/generic/pgf/math/pgfmathfunctions.comparison.code.tex)
(/usr/share/texmf/tex/generic/pgf/math/pgfmathfunctions.base.code.tex)
(/usr/share/texmf/tex/generic/pgf/math/pgfmathfunctions.round.code.tex)
(/usr/share/texmf/tex/generic/pgf/math/pgfmathfunctions.misc.code.tex)))
(/usr/share/texmf/tex/generic/pgf/math/pgfmathfloat.code.tex))
(/usr/share/texmf/tex/generic/pgf/basiclayer/pgfcorepoints.code.tex)
(/usr/share/texmf/tex/generic/pgf/basiclayer/pgfcorepathconstruct.code.tex)
(/usr/share/texmf/tex/generic/pgf/basiclayer/pgfcorepathusage.code.tex)
(/usr/share/texmf/tex/generic/pgf/basiclayer/pgfcorescopes.code.tex)
(/usr/share/texmf/tex/generic/pgf/basiclayer/pgfcoregraphicstate.code.tex)
(/usr/share/texmf/tex/generic/pgf/basiclayer/pgfcoretransformations.code.tex)
(/usr/share/texmf/tex/generic/pgf/basiclayer/pgfcorequick.code.tex)
(/usr/share/texmf/tex/generic/pgf/basiclayer/pgfcoreobjects.code.tex)
(/usr/share/texmf/tex/generic/pgf/basiclayer/pgfcorepathprocessing.code.tex)
(/usr/share/texmf/tex/generic/pgf/basiclayer/pgfcorearrows.code.tex)
(/usr/share/texmf/tex/generic/pgf/basiclayer/pgfcoreshade.code.tex)
(/usr/share/texmf/tex/generic/pgf/basiclayer/pgfcoreimage.code.tex
(/usr/share/texmf/tex/generic/pgf/basiclayer/pgfcoreexternal.code.tex))
(/usr/share/texmf/tex/generic/pgf/basiclayer/pgfcorelayers.code.tex)
(/usr/share/texmf/tex/generic/pgf/basiclayer/pgfcoretransparency.code.tex)
(/usr/share/texmf/tex/generic/pgf/basiclayer/pgfcorepatterns.code.tex)))
(/usr/share/texmf/tex/generic/pgf/modules/pgfmoduleshapes.code.tex)
(/usr/share/texmf/tex/generic/pgf/modules/pgfmoduleplot.code.tex)
(/usr/share/texmf/tex/latex/pgf/compatibility/pgfcomp-version-0-65.sty)
(/usr/share/texmf/tex/latex/pgf/compatibility/pgfcomp-version-1-18.sty))
(/usr/share/texmf/tex/latex/pgf/utilities/pgffor.sty
(/usr/share/texmf/tex/latex/pgf/utilities/pgfkeys.sty
(/usr/share/texmf/tex/generic/pgf/utilities/pgfkeys.code.tex))
(/usr/share/texmf/tex/generic/pgf/utilities/pgffor.code.tex))
(/usr/share/texmf/tex/generic/pgf/frontendlayer/tikz/tikz.code.tex
(/usr/share/texmf/tex/generic/pgf/libraries/pgflibraryplothandlers.code.tex)
(/usr/share/texmf/tex/generic/pgf/modules/pgfmodulematrix.code.tex)
(/usr/share/texmf/tex/generic/pgf/frontendlayer/tikz/libraries/tikzlibrarytopat
hs.code.tex)))
(/usr/share/texlive/texmf-dist/tex/generic/pgfplots/pgfplots.code.tex
(/usr/share/texlive/texmf-dist/tex/generic/pgfplots/pgfplotscore.code.tex
(/usr/share/texlive/texmf-dist/tex/generic/pgfplots/sys/pgfplotssysgeneric.code
.tex))
(/usr/share/texlive/texmf-dist/tex/generic/pgfplots/libs/pgfplotslibrary.code.t
ex)
(/usr/share/texlive/texmf-dist/tex/generic/pgfplots/oldpgfcompatib/pgfplotsoldp
gfsupp_loader.code.tex
Package pgfplots: loading complementary code for your PGF version...

(/usr/share/texlive/texmf-dist/tex/generic/pgfplots/oldpgfcompatib/pgfplotsoldp
gfsupp_misc.code.tex)
(/usr/share/texlive/texmf-dist/tex/generic/pgfplots/oldpgfcompatib/pgfplotsoldp
gfsupp_pgfkeys.code.tex
(/usr/share/texlive/texmf-dist/tex/generic/pgfplots/oldpgfcompatib/pgfplotsoldp
gfsupp_pgfkeysfiltered.code.tex))
(/usr/share/texlive/texmf-dist/tex/generic/pgfplots/oldpgfcompatib/pgfplotsoldp
gfsupp_pgfmathfloat.code.tex)
(/usr/share/texlive/texmf-dist/tex/generic/pgfplots/oldpgfcompatib/pgfplotsoldp
gfsupp_pgflibraryplothandlers.code.tex)
(/usr/share/texlive/texmf-dist/tex/generic/pgfplots/oldpgfcompatib/pgfplotsoldp
gfsupp_pgflibraryfpu.code.tex)
(/usr/share/texlive/texmf-dist/tex/generic/pgfplots/oldpgfcompatib/pgfplotsoldp
gfsupp_pgfcorescopes.code.tex)
(/usr/share/texlive/texmf-dist/tex/generic/pgfplots/oldpgfcompatib/pgfplotsoldp
gfsupp_pgfcorelayers.code.tex))
(/usr/share/texlive/texmf-dist/tex/generic/pgfplots/util/pgfplotsutil.code.tex
(/usr/share/texlive/texmf-dist/tex/generic/pgfplots/liststructure/pgfplotslists
tructure.code.tex)
(/usr/share/texlive/texmf-dist/tex/generic/pgfplots/liststructure/pgfplotslists
tructureext.code.tex)
(/usr/share/texlive/texmf-dist/tex/generic/pgfplots/liststructure/pgfplotsarray
.code.tex)
(/usr/share/texlive/texmf-dist/tex/generic/pgfplots/liststructure/pgfplotsmatri
x.code.tex)
(/usr/share/texlive/texmf-dist/tex/generic/pgfplots/numtable/pgfplotstableshare
d.code.tex)
(/usr/share/texlive/texmf-dist/tex/generic/pgfplots/liststructure/pgfplotsdeque
.code.tex)
(/usr/share/texlive/texmf-dist/tex/generic/pgfplots/util/pgfplotsbinary.code.te
x
(/usr/share/texlive/texmf-dist/tex/generic/pgfplots/util/pgfplotsbinary.data.co
de.tex))
(/usr/share/texlive/texmf-dist/tex/generic/pgfplots/util/pgfplotsutil.verb.code
.tex)
(/usr/share/texlive/texmf-dist/tex/generic/pgfplots/libs/pgflibrarypgfplots.sur
fshading.code.tex
(/usr/share/texlive/texmf-dist/tex/generic/pgfplots/sys/pgflibrarypgfplots.surf
shading.pgfsys-pdftex.def)))
(/usr/share/texlive/texmf-dist/tex/generic/pgfplots/util/pgfplotscolormap.code.
tex
(/usr/share/texlive/texmf-dist/tex/generic/pgfplots/util/pgfplotscolor.code.tex
))
(/usr/share/texlive/texmf-dist/tex/generic/pgfplots/pgfplotsstackedplots.code.t
ex)
(/usr/share/texlive/texmf-dist/tex/generic/pgfplots/pgfplotsplothandlers.code.t
ex
(/usr/share/texlive/texmf-dist/tex/generic/pgfplots/pgfplotsmeshplothandler.cod
e.tex))
(/usr/share/texlive/texmf-dist/tex/generic/pgfplots/pgfplots.scaling.code.tex)
(/usr/share/texlive/texmf-dist/tex/generic/pgfplots/pgfplotscoordprocessing.cod
e.tex)
(/usr/share/texlive/texmf-dist/tex/generic/pgfplots/pgfplots.errorbars.code.tex
) (/usr/share/texlive/texmf-dist/tex/generic/pgfplots/pgfplots.markers.code.tex
) (/usr/share/texlive/texmf-dist/tex/generic/pgfplots/pgfplotsticks.code.tex)
(/usr/share/texlive/texmf-dist/tex/generic/pgfplots/pgfplots.paths.code.tex)
(/usr/share/texmf/tex/generic/pgf/frontendlayer/tikz/libraries/tikzlibrarydecor
ations.code.tex
(/usr/share/texmf/tex/generic/pgf/modules/pgfmoduledecorations.code.tex))
(/usr/share/texmf/tex/generic/pgf/frontendlayer/tikz/libraries/tikzlibrarydecor
ations.pathmorphing.code.tex
(/usr/share/texmf/tex/generic/pgf/libraries/decorations/pgflibrarydecorations.p
athmorphing.code.tex))
(/usr/share/texmf/tex/generic/pgf/frontendlayer/tikz/libraries/tikzlibrarydecor
ations.pathreplacing.code.tex
(/usr/share/texmf/tex/generic/pgf/libraries/decorations/pgflibrarydecorations.p
athreplacing.code.tex)))
(/usr/share/texmf/tex/generic/pgf/frontendlayer/tikz/libraries/tikzlibraryplotm
arks.code.tex
(/usr/share/texmf/tex/generic/pgf/libraries/pgflibraryplotmarks.code.tex)))
(/usr/share/texlive/texmf-dist/tex/latex/wrapfig/wrapfig.sty)
(/usr/share/texlive/texmf-dist/tex/generic/mathabx/mathabx.sty
(/usr/share/texlive/texmf-dist/tex/generic/mathabx/mathabx.dcl))
(/usr/share/texlive/texmf-dist/tex/latex/base/ifthen.sty)
(/usr/share/texlive/texmf-dist/tex/latex/caption/caption.sty
(/usr/share/texlive/texmf-dist/tex/latex/caption/caption3.sty))
(/usr/share/texlive/texmf-dist/tex/latex/caption/subcaption.sty)
(data/latexki.sty)
(/usr/share/texlive/texmf-dist/tex/latex/ntheorem/ntheorem.sty
Style `ntheorem', Version 1.33 <2011/08/15>
) (/usr/share/texlive/texmf-dist/tex/latex/hyperref/hyperref.sty
(/usr/share/texlive/texmf-dist/tex/generic/oberdiek/hobsub-hyperref.sty
(/usr/share/texlive/texmf-dist/tex/generic/oberdiek/hobsub-generic.sty))
(/usr/share/texlive/texmf-dist/tex/latex/oberdiek/auxhook.sty)
(/usr/share/texlive/texmf-dist/tex/latex/oberdiek/kvoptions.sty)
(/usr/share/texlive/texmf-dist/tex/latex/hyperref/pd1enc.def)
(/usr/share/texlive/texmf-dist/tex/latex/latexconfig/hyperref.cfg)
(/usr/share/texlive/texmf-dist/tex/latex/url/url.sty))

Package hyperref Message: Driver (autodetected): hpdftex.

(/usr/share/texlive/texmf-dist/tex/latex/hyperref/hpdftex.def
(/usr/share/texlive/texmf-dist/tex/latex/oberdiek/rerunfilecheck.sty))
(./GeoSchemata15.aux)
*geometry* driver: auto-detecting
*geometry* detected driver: pdftex
(/usr/share/texlive/texmf-dist/tex/latex/amsfonts/umsa.fd)
(/usr/share/texlive/texmf-dist/tex/latex/amsfonts/umsb.fd)
(/usr/share/texlive/texmf-dist/tex/latex/stmaryrd/Ustmry.fd)
ABD: EveryShipout initializing macros
(/usr/share/texlive/texmf-dist/tex/context/base/supp-pdf.mkii
[Loading MPS to PDF converter (version 2006.09.02).]
) (/usr/share/texlive/texmf-dist/tex/latex/oberdiek/epstopdf-base.sty
(/usr/share/texlive/texmf-dist/tex/latex/oberdiek/grfext.sty)
(/usr/share/texlive/texmf-dist/tex/latex/latexconfig/epstopdf-sys.cfg))

Package pgfplots Warning: running in backwards compatibility mode (unsuitable t
ick labels; missing features). Consider writing \pgfplotsset{compat=1.9} into y
our preamble.
 on input line 144.

(/usr/share/texlive/texmf-dist/tex/latex/hyperref/nameref.sty
(/usr/share/texlive/texmf-dist/tex/generic/oberdiek/gettitlestring.sty))
(./GeoSchemata15.out) (./GeoSchemata15.out)
Underfull \hbox (badness 10000) in paragraph at lines 147--148


LaTeX Font Warning: Font shape `T1/cmr/m/n' in size <40> not available
(Font)              size <35.83> substituted on input line 150.


LaTeX Font Warning: Font shape `T1/cmr/bx/n' in size <40> not available
(Font)              size <35.83> substituted on input line 150.


Underfull \hbox (badness 10000) in paragraph at lines 152--153


Underfull \hbox (badness 10000) in paragraph at lines 154--155


Underfull \hbox (badness 10000) in paragraph at lines 156--157

[1{/var/lib/texmf/fonts/map/pdftex/updmap/pdftex.map}] [2] (./GeoSchemata15.toc

Overfull \hbox (0.93665pt too wide) detected at line 10
\T1/cmr/bx/n/10.95 II  

Overfull \hbox (1.81714pt too wide) detected at line 12
\T1/cmr/m/n/10.95 Ÿ 10  

Overfull \hbox (1.81714pt too wide) detected at line 13
\T1/cmr/m/n/10.95 Ÿ 11  

Overfull \hbox (5.95705pt too wide) detected at line 14
\T1/cmr/bx/n/10.95 III  

Overfull \hbox (1.81714pt too wide) detected at line 15
\T1/cmr/m/n/10.95 Ÿ 12  

Overfull \hbox (1.81714pt too wide) detected at line 16
\T1/cmr/m/n/10.95 Ÿ 13  

Overfull \hbox (1.81714pt too wide) detected at line 17
\T1/cmr/m/n/10.95 Ÿ 14  

Overfull \hbox (1.81714pt too wide) detected at line 18
\T1/cmr/m/n/10.95 Ÿ 15  

Overfull \hbox (1.81714pt too wide) detected at line 19
\T1/cmr/m/n/10.95 Ÿ 16  
) [3] [4]
Kapitel I\hskip 1em\relax .
(/usr/share/texlive/texmf-dist/tex/latex/amsfonts/ueuf.fd)
Underfull \vbox (badness 4846) has occurred while \output is active [5]
Overfull \hbox (11.96242pt too wide) detected at line 244
\OML/cmm/m/it/10.95 V\U/matha/m/n/10.95 p\OML/cmm/m/it/10.95 I[]\U/matha/m/n/10
.95 q Y \OML/cmm/m/it/10.95 V\U/matha/m/n/10.95 p\OML/cmm/m/it/10.95 I[]\U/math
a/m/n/10.95 q  ^^P  t\U/euf/m/n/10.95 p \U/matha/m/n/10.95 P [] \OML/cmm/m/it/1
0.95 R \U/matha/m/n/10.95 | \OML/cmm/m/it/10.95 I[] \U/matha/m/n/10.95 „ \U/euf
/m/n/10.95 p[]\OML/cmm/m/it/10.95 I[] \U/matha/m/n/10.95 „ \U/euf/m/n/10.95 p\U
/matha/m/n/10.95 u  []  t\U/euf/m/n/10.95 p \U/matha/m/n/10.95 P [] \OML/cmm/m/
it/10.95 R \U/matha/m/n/10.95 | \OML/cmm/m/it/10.95 I[] \U/matha/m/n/10.95 X \O
ML/cmm/m/it/10.95 I[] \U/matha/m/n/10.95 „ \U/euf/m/n/10.95 p\U/matha/m/n/10.95
 u  ^^P  \OML/cmm/m/it/10.95 V\U/matha/m/n/10.95 p\OML/cmm/m/it/10.95 I[] \U/ma
tha/m/n/10.95 X \OML/cmm/m/it/10.95 I[]\U/matha/m/n/10.95 q\OML/cmm/m/it/10.95 
:
[6] [7] [8] [9] [10]
Underfull \vbox (badness 1721) has occurred while \output is active [11]
[12] <xymatrix 4x3 214> [13] [14]
Overfull \hbox (5.13715pt too wide) detected at line 592
\OMS/cmsy/m/n/10.95 F[]\U/matha/m/n/10.95 p\OML/cmm/m/it/10.95 U\U/matha/m/n/10
.95 q \OT1/cmr/m/n/10.95 :\U/matha/m/n/10.95 ^^P [] \OML/cmm/m/it/10.95 :
[15] [16]
Overfull \hbox (2.58913pt too wide) in paragraph at lines 689--690
\T1/cmr/m/n/10.95 si-sten-te Fa-mi-lie. Dann ist $\U/matha/m/n/10.95 t\OML/cmm/
m/it/10.95 f[]\U/matha/m/n/10.95 p\OML/cmm/m/it/10.95 V[]\U/matha/m/n/10.95 qu[
]$ \T1/cmr/m/n/10.95 of-fe-ne Über-deckung von $\OML/cmm/m/it/10.95 f[]\U/matha
/m/n/10.95 p\OML/cmm/m/it/10.95 V\U/matha/m/n/10.95 q$ \T1/cmr/m/n/10.95 und $\
OML/cmm/m/it/10.95 s[] \U/matha/m/n/10.95 P \OMS/cmsy/m/n/10.95 F []$

Underfull \vbox (badness 10000) has occurred while \output is active [17]
<xymatrix 4x3 214>
Underfull \vbox (badness 3919) has occurred while \output is active [18]
<xymatrix 3x3 229> [19] [20] [21] [22] [23] <xymatrix 3x3 120>
Underfull \vbox (badness 1789) has occurred while \output is active [24]
<xymatrix 7x3 387> [25] <xymatrix 9x4 599>
Underfull \vbox (badness 10000) has occurred while \output is active [26]
<xymatrix 6x5 416> [27] <xymatrix 7x3 387> <xymatrix 7x3 387> [28] <xymatrix
5x2 165> <xymatrix 7x3 365>
Underfull \vbox (badness 10000) has occurred while \output is active [29]
<xymatrix 3x2 190> <xymatrix 9x3 552>
Overfull \hbox (6.32085pt too wide) detected at line 1268
[]
[30] [31] <xymatrix 3x2 169> [32]
Overfull \hbox (14.24382pt too wide) detected at line 1390
[]\U/matha/m/n/10.95 p\OML/cmm/m/it/10.95 T; X\U/matha/m/n/10.95 q ^^P [] \OML/
cmm/m/it/10.95 ;
[33] [34] [35] <xymatrix 8x3 506> [36] <xymatrix 3x2 183> <xymatrix 3x2 169>
[37] <xymatrix 3x2 183> <xymatrix 3x3 286> <xymatrix 5x4 383> [38] <xymatrix
4x3 385>
Underfull \vbox (badness 10000) has occurred while \output is active [39]
<xymatrix 3x2 162> <xymatrix 3x2 203> <xymatrix 3x3 272> [40] <xymatrix 5x3
433> <xymatrix 3x3 188> <xymatrix 3x3 195> <xymatrix 3x3 161> [41] [42]
Kapitel II\hskip 1em\relax .

Package hyperref Warning: Token not allowed in a PDF string (PDFDocEncoding):
(hyperref)                removing `math shift' on input line 1821.


Package hyperref Warning: Token not allowed in a PDF string (PDFDocEncoding):
(hyperref)                removing `subscript' on input line 1821.


Package hyperref Warning: Token not allowed in a PDF string (PDFDocEncoding):
(hyperref)                removing `math shift' on input line 1821.


Overfull \hbox (2.9378pt too wide) in paragraph at lines 1833--1834
\OMS/cmsy/m/n/10.95 F\U/matha/m/n/10.95 p\OML/cmm/m/it/10.95 U[]\U/matha/m/n/10
.95 q$ \T1/cmr/m/n/10.95 ein $\OMS/cmsy/m/n/10.95 O[]\U/matha/m/n/10.95 p\OML/c
mm/m/it/10.95 U\U/matha/m/n/10.95 q$\T1/cmr/m/n/10.95 -Modulhomomorphismus ist.
 Da-bei wird $\OMS/cmsy/m/n/10.95 F\U/matha/m/n/10.95 p\OML/cmm/m/it/10.95 U[]\
U/matha/m/n/10.95 q$ \T1/cmr/m/n/10.95 ver-mö-ge $[]\OML/cmm/m/it/10.95 ^^Z[]$ 
\T1/cmr/m/n/10.95 als $\OMS/cmsy/m/n/10.95 O[]\U/matha/m/n/10.95 p\OML/cmm/m/it
/10.95 U\U/matha/m/n/10.95 q$\T1/cmr/m/n/10.95 -
[43]
Underfull \vbox (badness 10000) has occurred while \output is active [44]
Underfull \vbox (badness 4967) has occurred while \output is active [45]
[46] [47]
Underfull \vbox (badness 1571) has occurred while \output is active [48]
Underfull \vbox (badness 3229) has occurred while \output is active [49]
[50]
Overfull \hbox (2.69888pt too wide) in paragraph at lines 2155--2156
[]\T1/cmr/m/n/10.95 Sei $\U/matha/m/n/10.95 p\OML/cmm/m/it/10.95 X; \OMS/cmsy/m
/n/10.95 O[]\U/matha/m/n/10.95 q$ \T1/cmr/m/n/10.95 lo-kal ge-ring-ter Raum so-
wie $\OMS/cmsy/m/n/10.95 F$\T1/cmr/m/n/10.95 , $\OMS/cmsy/m/n/10.95 G$ $O[]$\T1
/cmr/m/n/10.95 -Modulgarben

LaTeX Font Warning: Font shape `U/stmry/b/n' undefined
(Font)              using `U/stmry/m/n' instead on input line 2156.

[51]
Overfull \hbox (7.79547pt too wide) in paragraph at lines 2183--2184
[]\T1/cmr/m/n/10.95 Es ge-nügt zu zei-gen: Ist $\U/matha/m/n/10.95 t\OML/cmm/m/
it/10.95 U[]\U/matha/m/n/10.95 u[]$ \T1/cmr/m/n/10.95 of-fe-ne Über-deckung von
 $\OML/cmm/m/it/10.95 X$\T1/cmr/m/n/10.95 , so ist $[][]\U/matha/m/n/10.95 p\OM
S/cmsy/m/n/10.95 F\OML/cmm/m/it/10.95 ; \OMS/cmsy/m/n/10.95 O[]\U/matha/m/n/10.
95 q|[]$

Underfull \vbox (badness 10000) has occurred while \output is active [52]
<xymatrix 5x2 165> [53]
Underfull \vbox (badness 3792) has occurred while \output is active [54]
[55] [56]
Kapitel III\hskip 1em\relax .
<xymatrix 5x2 206> <xymatrix 5x2 206> [57] <xymatrix 11x2 554> [58] <xymatrix
6x5 1260>
Underfull \vbox (badness 10000) has occurred while \output is active [59]
[60] [61] <xymatrix 9x2 388>
Overfull \hbox (2.31343pt too wide) in paragraph at lines 2555--2556
[]$\OML/cmm/m/it/10.95 P$ \T1/cmr/m/n/10.95 ist ge-nau dann pro-jek-tiv, falls 
für je-des sol-che rechtsex-ak-te Die-gramm ein $[] \U/matha/m/n/10.95 P [][]p\
OML/cmm/m/it/10.95 P; C\U/matha/m/n/10.95 q$
<xymatrix 5x2 151> [62] <xymatrix 5x2 158> <xymatrix 5x2 199> [63] [64]
<xymatrix 9x2 538> <xymatrix 5x2 247>
Underfull \vbox (badness 10000) has occurred while \output is active [65]
<xymatrix 7x3 468> <xymatrix 5x3 349>
Underfull \vbox (badness 10000) has occurred while \output is active [66]
<xymatrix 5x5 1001> [67]

Package hyperref Warning: Composite letter `\textasciicaron+C'
(hyperref)                not defined in PD1 encoding,
(hyperref)                removing `\textasciicaron' on input line 2793.

[68]
Underfull \vbox (badness 10000) has occurred while \output is active [69]
Overfull \hbox (10.1187pt too wide) in paragraph at lines 2891--2894
[]\T1/cmr/m/n/10.95 Zeige zu-nächst die Ex-akt-heit bei $\OMS/cmsy/m/n/10.95 C[
]\U/matha/m/n/10.95 p\U/euf/m/n/10.95 U\OML/cmm/m/it/10.95 ; \OMS/cmsy/m/n/10.9
5 F\U/matha/m/n/10.95 q$\T1/cmr/m/n/10.95 . Sei $\OML/cmm/m/it/10.95 U \U/matha
/m/n/10.95 „ \OML/cmm/m/it/10.95 X$ \T1/cmr/m/n/10.95 of-fen, $\U/matha/m/n/10.
95 p\OML/cmm/m/it/10.95 s[]\U/matha/m/n/10.95 q[] P \OT1/cmr/m/n/10.95 ^^@ []$\
T1/cmr/m/n/10.95 .
[70]
Overfull \hbox (6.10916pt too wide) in paragraph at lines 2902--2903
[]\T1/cmr/m/n/10.95 Sei $[] \U/matha/m/n/10.95 P \OMS/cmsy/m/n/10.95 C[]\U/math
a/m/n/10.95 p\U/euf/m/n/10.95 U\OML/cmm/m/it/10.95 ; \OMS/cmsy/m/n/10.95 F\U/ma
tha/m/n/10.95 q$\T1/cmr/m/n/10.95 , das heiÿt es ist $[] \U/matha/m/n/10.95 ^^P
 rp\OML/cmm/m/it/10.95 V; s\U/matha/m/n/10.95 qs$ \T1/cmr/m/n/10.95 mit $\OML/c
mm/m/it/10.95 V \U/matha/m/n/10.95 „ \OML/cmm/m/it/10.95 U[]$ \T1/cmr/m/n/10.95
 und $\OML/cmm/m/it/10.95 s \U/matha/m/n/10.95 ^^P p\OML/cmm/m/it/10.95 s[]\U/m
atha/m/n/10.95 q[] P
<xymatrix 5x2 260> [71]

LaTeX Warning: Command \" invalid in math mode on input line 2982.

[72] [73] [74]
Underfull \vbox (badness 10000) has occurred while \output is active [75]
[76] [77]
Overfull \hbox (24.46239pt too wide) in paragraph at lines 3158--3159
[]\T1/cmr/m/it/10.95 Sei $\U/matha/m/n/10.95 p\OML/cmm/m/it/10.95 X; \OMS/cmsy/
m/n/10.95 O[]\U/matha/m/n/10.95 q$ \T1/cmr/m/it/10.95 ein noether-sches, se-pa-
rier-tes Sche-ma, $\OMS/cmsy/m/n/10.95 F$ \T1/cmr/m/it/10.95 ei-ne qua-si-ko-hä
-ren-te $\OMS/cmsy/m/n/10.95 O[]$\T1/cmr/m/it/10.95 -Modulgarbe
[78] [79] [80] [81]
Underfull \vbox (badness 10000) has occurred while \output is active [82]
Underfull \vbox (badness 10000) has occurred while \output is active [83]
Underfull \vbox (badness 10000) has occurred while \output is active [84]
Underfull \vbox (badness 10000) has occurred while \output is active [85]
[86] [87]
Overfull \hbox (8.59486pt too wide) in paragraph at lines 3523--3524
[]\T1/cmr/m/it/10.95 Sei $\OML/cmm/m/it/10.95 X$ \T1/cmr/m/it/10.95 ei-ne nicht
-
[88]
Underfull \vbox (badness 1360) has occurred while \output is active [89]
[90]
Underfull \vbox (badness 10000) has occurred while \output is active [91]
Overfull \hbox (11.44995pt too wide) detected at line 3657
\OT1/cmr/m/n/10.95 d\OML/cmm/m/it/10.95 z \U/matha/m/n/10.95 ^^P \OT1/cmr/m/n/1
0.95 d\OML/cmm/m/it/10.95 t[] \U/matha/m/n/10.95 ^^@ \OT1/cmr/m/n/10.95 d\U/mat
ha/m/n/10.95 p\OML/cmm/m/it/10.95 t[]h\U/matha/m/n/10.95 q ^^P \OT1/cmr/m/n/10.
95 d\OML/cmm/m/it/10.95 t[] \U/matha/m/n/10.95 ^^@ \OML/cmm/m/it/10.95 t[]\OT1/
cmr/m/n/10.95 d\OML/cmm/m/it/10.95 h \U/matha/m/n/10.95 ^^@ \OT1/cmr/m/n/10.95 
2\OML/cmm/m/it/10.95 t[]\OT1/cmr/m/n/10.95 d\OML/cmm/m/it/10.95 h \U/matha/m/n/
10.95 ^^P \OT1/cmr/m/n/10.95 d\OML/cmm/m/it/10.95 t[] \U/matha/m/n/10.95 ^^@ \O
ML/cmm/m/it/10.95 t[]h[]\OT1/cmr/m/n/10.95 d\OML/cmm/m/it/10.95 t[] \U/matha/m/
n/10.95 ^^@ \OT1/cmr/m/n/10.95 2\OML/cmm/m/it/10.95 t[]h[]\OT1/cmr/m/n/10.95 d\
OML/cmm/m/it/10.95 t[] \U/matha/m/n/10.95 ^^P \OT1/cmr/m/n/10.95 d\OML/cmm/m/it
/10.95 t\U/matha/m/n/10.95 p\OT1/cmr/m/n/10.95 1 \U/matha/m/n/10.95 ^^@ \OT1/cm
r/m/n/10.95 2\OML/cmm/m/it/10.95 h[]t[] \U/matha/m/n/10.95 ^^@ \OML/cmm/m/it/10
.95 t[]h\U/matha/m/n/10.95 q\OML/cmm/m/it/10.95 :
[92] [93] [94] (./GeoSchemata15.aux)

LaTeX Font Warning: Size substitutions with differences
(Font)              up to 4.17pt have occurred.


LaTeX Font Warning: Some font shapes were not available, defaults substituted.

 )
(see the transcript file for additional information){/usr/share/texmf/fonts/enc
/dvips/cm-super/cm-super-t1.enc}</usr/share/texlive/texmf-dist/fonts/type1/publ
ic/amsfonts/cm/cmbx10.pfb></usr/share/texlive/texmf-dist/fonts/type1/public/ams
fonts/cm/cmmi10.pfb></usr/share/texlive/texmf-dist/fonts/type1/public/amsfonts/
cm/cmmi6.pfb></usr/share/texlive/texmf-dist/fonts/type1/public/amsfonts/cm/cmmi
8.pfb></usr/share/texlive/texmf-dist/fonts/type1/public/amsfonts/cm/cmr10.pfb><
/usr/share/texlive/texmf-dist/fonts/type1/public/amsfonts/cm/cmr6.pfb></usr/sha
re/texlive/texmf-dist/fonts/type1/public/amsfonts/cm/cmr8.pfb></usr/share/texli
ve/texmf-dist/fonts/type1/public/amsfonts/cm/cmsy10.pfb></usr/share/texlive/tex
mf-dist/fonts/type1/public/amsfonts/cm/cmsy6.pfb></usr/share/texlive/texmf-dist
/fonts/type1/public/amsfonts/cm/cmsy8.pfb></usr/share/texlive/texmf-dist/fonts/
type1/public/amsfonts/cm/cmti10.pfb></usr/share/texlive/texmf-dist/fonts/type1/
public/amsfonts/cm/cmti7.pfb></usr/share/texlive/texmf-dist/fonts/type1/public/
amsfonts/cm/cmti8.pfb></usr/share/texlive/texmf-dist/fonts/type1/public/amsfont
s/euler/eufm10.pfb></usr/share/texlive/texmf-dist/fonts/type1/public/mathabx-ty
pe1/matha10.pfb></usr/share/texlive/texmf-dist/fonts/type1/public/mathabx-type1
/matha6.pfb></usr/share/texlive/texmf-dist/fonts/type1/public/mathabx-type1/mat
ha8.pfb></usr/share/texlive/texmf-dist/fonts/type1/public/mathabx-type1/mathb10
.pfb></usr/share/texlive/texmf-dist/fonts/type1/public/mathabx-type1/mathx10.pf
b></usr/share/texlive/texmf-dist/fonts/type1/public/amsfonts/symbols/msam10.pfb
></usr/share/texlive/texmf-dist/fonts/type1/public/amsfonts/symbols/msbm10.pfb>
</usr/share/texmf/fonts/type1/public/cm-super/sfbi1095.pfb></usr/share/texmf/fo
nts/type1/public/cm-super/sfbx1095.pfb></usr/share/texmf/fonts/type1/public/cm-
super/sfbx1440.pfb></usr/share/texmf/fonts/type1/public/cm-super/sfbx2074.pfb><
/usr/share/texmf/fonts/type1/public/cm-super/sfbx2488.pfb></usr/share/texmf/fon
ts/type1/public/cm-super/sfbx3583.pfb></usr/share/texmf/fonts/type1/public/cm-s
uper/sfrm0600.pfb></usr/share/texmf/fonts/type1/public/cm-super/sfrm0800.pfb></
usr/share/texmf/fonts/type1/public/cm-super/sfrm1095.pfb></usr/share/texmf/font
s/type1/public/cm-super/sfrm1200.pfb></usr/share/texmf/fonts/type1/public/cm-su
per/sfsl1095.pfb></usr/share/texmf/fonts/type1/public/cm-super/sfti1095.pfb></u
sr/share/texmf/fonts/type1/public/cm-super/sfti1200.pfb></usr/share/texlive/tex
mf-dist/fonts/type1/public/xypic/xyatip10.pfb></usr/share/texlive/texmf-dist/fo
nts/type1/public/xypic/xybtip10.pfb>
Output written on GeoSchemata15.pdf (94 pages, 821006 bytes).
Transcript written on GeoSchemata15.log.
Result: ExitSuccess

Running /usr/bin/convert -verbose GeoSchemata15.pdf[0] -resize 70x GeoSchemata15.png in an env with 4 entries:
"gs" -q -dQUIET -dSAFER -dBATCH -dNOPAUSE -dNOPROMPT -dMaxBitmap=500000000 -dAlignToPixels=0 -dGridFitTT=2 "-sDEVICE=pngalpha" -dTextAlphaBits=4 -dGraphicsAlphaBits=4 "-r72x72" -dFirstPage=1 -dLastPage=1 "-sOutputFile=/tmp/magick-UUekgE3t-%08d" "-f/tmp/magick-OAktS0py" "-f/tmp/magick-pdqFUtMC"
/tmp/magick-UUekgE3t-00000001 PNG 595x842 595x842+0+0 8-bit DirectClass 14.2KB 0.010u 0:00.009
GeoSchemata15.pdf[0]=>GeoSchemata15.pdf PDF 595x842 595x842+0+0 16-bit DirectClass 14.2KB 0.000u 0:00.000
GeoSchemata15.pdf[0]=>GeoSchemata15.png PDF 595x842=>70x99 70x99+0+0 8-bit DirectClass 0.030u 0:00.010
Result: ExitSuccess

Running /usr/bin/optipng -verbose GeoSchemata15.png in an env with 4 entries:
OptiPNG 0.6.4: Advanced PNG optimizer.
Copyright (C) 2001-2010 Cosmin Truta.

** Processing: GeoSchemata15.png
70x99 pixels, 2x8 bits/pixel, grayscale+alpha
Reducing image to 8 bits/pixel, 90 colors (89 transparent) in palette
Input IDAT size = 629 bytes
Input file size = 924 bytes

Trying:
  zc = 9  zm = 8  zs = 0  f = 0		IDAT size = 471
  zc = 9  zm = 8  zs = 1  f = 0		IDAT too big
  zc = 1  zm = 8  zs = 2  f = 0		IDAT too big
  zc = 9  zm = 8  zs = 3  f = 0		IDAT size = 456
  zc = 9  zm = 8  zs = 0  f = 5		IDAT too big
  zc = 9  zm = 8  zs = 1  f = 5		IDAT too big
  zc = 1  zm = 8  zs = 2  f = 5		IDAT too big
  zc = 9  zm = 8  zs = 3  f = 5		IDAT too big

GeoSchemata15.png is already optimized.

** Status report
1 file(s) have been processed.
Result: ExitSuccess
