This is pdfTeX, Version 3.1415926-2.5-1.40.14 (TeX Live 2013/Debian) (format=pdflatex 2018.8.7)  7 AUG 2018 14:09
entering extended mode
 restricted \write18 enabled.
 %&-line parsing enabled.
**grugra.tex
(data/grugra.tex
LaTeX2e <2011/06/27>
Babel <3.9h> and hyphenation patterns for 78 languages loaded.
(/usr/share/texlive/texmf-dist/tex/latex/base/article.cls
Document Class: article 2007/10/19 v1.4h Standard LaTeX document class
(/usr/share/texlive/texmf-dist/tex/latex/base/size12.clo
File: size12.clo 2007/10/19 v1.4h Standard LaTeX file (size option)
)
\c@part=\count79
\c@section=\count80
\c@subsection=\count81
\c@subsubsection=\count82
\c@paragraph=\count83
\c@subparagraph=\count84
\c@figure=\count85
\c@table=\count86
\abovecaptionskip=\skip41
\belowcaptionskip=\skip42
\bibindent=\dimen102
) (data/latexki.sty)
(data/grugraStyle.sty
(/usr/share/texlive/texmf-dist/tex/generic/german/german.sty v2.5e 1998-07-08
Package: german 1998/07/08 v2.5e Support for writing german texts (br)
\grmnU@D=\dimen103
german -- \language number for Austrian undefined, default 46 used.
)
(/usr/share/texlive/texmf-dist/tex/latex/base/inputenc.sty
Package: inputenc 2008/03/30 v1.1d Input encoding file
\inpenc@prehook=\toks14
\inpenc@posthook=\toks15

(/usr/share/texlive/texmf-dist/tex/latex/base/utf8.def
File: utf8.def 2008/04/05 v1.1m UTF-8 support for inputenc
Now handling font encoding OML ...
... no UTF-8 mapping file for font encoding OML
Now handling font encoding T1 ...
... processing UTF-8 mapping file for font encoding T1

(/usr/share/texlive/texmf-dist/tex/latex/base/t1enc.dfu
File: t1enc.dfu 2008/04/05 v1.1m UTF-8 support for inputenc
   defining Unicode char U+00A1 (decimal 161)
   defining Unicode char U+00A3 (decimal 163)
   defining Unicode char U+00AB (decimal 171)
   defining Unicode char U+00BB (decimal 187)
   defining Unicode char U+00BF (decimal 191)
   defining Unicode char U+00C0 (decimal 192)
   defining Unicode char U+00C1 (decimal 193)
   defining Unicode char U+00C2 (decimal 194)
   defining Unicode char U+00C3 (decimal 195)
   defining Unicode char U+00C4 (decimal 196)
   defining Unicode char U+00C5 (decimal 197)
   defining Unicode char U+00C6 (decimal 198)
   defining Unicode char U+00C7 (decimal 199)
   defining Unicode char U+00C8 (decimal 200)
   defining Unicode char U+00C9 (decimal 201)
   defining Unicode char U+00CA (decimal 202)
   defining Unicode char U+00CB (decimal 203)
   defining Unicode char U+00CC (decimal 204)
   defining Unicode char U+00CD (decimal 205)
   defining Unicode char U+00CE (decimal 206)
   defining Unicode char U+00CF (decimal 207)
   defining Unicode char U+00D0 (decimal 208)
   defining Unicode char U+00D1 (decimal 209)
   defining Unicode char U+00D2 (decimal 210)
   defining Unicode char U+00D3 (decimal 211)
   defining Unicode char U+00D4 (decimal 212)
   defining Unicode char U+00D5 (decimal 213)
   defining Unicode char U+00D6 (decimal 214)
   defining Unicode char U+00D8 (decimal 216)
   defining Unicode char U+00D9 (decimal 217)
   defining Unicode char U+00DA (decimal 218)
   defining Unicode char U+00DB (decimal 219)
   defining Unicode char U+00DC (decimal 220)
   defining Unicode char U+00DD (decimal 221)
   defining Unicode char U+00DE (decimal 222)
   defining Unicode char U+00DF (decimal 223)
   defining Unicode char U+00E0 (decimal 224)
   defining Unicode char U+00E1 (decimal 225)
   defining Unicode char U+00E2 (decimal 226)
   defining Unicode char U+00E3 (decimal 227)
   defining Unicode char U+00E4 (decimal 228)
   defining Unicode char U+00E5 (decimal 229)
   defining Unicode char U+00E6 (decimal 230)
   defining Unicode char U+00E7 (decimal 231)
   defining Unicode char U+00E8 (decimal 232)
   defining Unicode char U+00E9 (decimal 233)
   defining Unicode char U+00EA (decimal 234)
   defining Unicode char U+00EB (decimal 235)
   defining Unicode char U+00EC (decimal 236)
   defining Unicode char U+00ED (decimal 237)
   defining Unicode char U+00EE (decimal 238)
   defining Unicode char U+00EF (decimal 239)
   defining Unicode char U+00F0 (decimal 240)
   defining Unicode char U+00F1 (decimal 241)
   defining Unicode char U+00F2 (decimal 242)
   defining Unicode char U+00F3 (decimal 243)
   defining Unicode char U+00F4 (decimal 244)
   defining Unicode char U+00F5 (decimal 245)
   defining Unicode char U+00F6 (decimal 246)
   defining Unicode char U+00F8 (decimal 248)
   defining Unicode char U+00F9 (decimal 249)
   defining Unicode char U+00FA (decimal 250)
   defining Unicode char U+00FB (decimal 251)
   defining Unicode char U+00FC (decimal 252)
   defining Unicode char U+00FD (decimal 253)
   defining Unicode char U+00FE (decimal 254)
   defining Unicode char U+00FF (decimal 255)
   defining Unicode char U+0102 (decimal 258)
   defining Unicode char U+0103 (decimal 259)
   defining Unicode char U+0104 (decimal 260)
   defining Unicode char U+0105 (decimal 261)
   defining Unicode char U+0106 (decimal 262)
   defining Unicode char U+0107 (decimal 263)
   defining Unicode char U+010C (decimal 268)
   defining Unicode char U+010D (decimal 269)
   defining Unicode char U+010E (decimal 270)
   defining Unicode char U+010F (decimal 271)
   defining Unicode char U+0110 (decimal 272)
   defining Unicode char U+0111 (decimal 273)
   defining Unicode char U+0118 (decimal 280)
   defining Unicode char U+0119 (decimal 281)
   defining Unicode char U+011A (decimal 282)
   defining Unicode char U+011B (decimal 283)
   defining Unicode char U+011E (decimal 286)
   defining Unicode char U+011F (decimal 287)
   defining Unicode char U+0130 (decimal 304)
   defining Unicode char U+0131 (decimal 305)
   defining Unicode char U+0132 (decimal 306)
   defining Unicode char U+0133 (decimal 307)
   defining Unicode char U+0139 (decimal 313)
   defining Unicode char U+013A (decimal 314)
   defining Unicode char U+013D (decimal 317)
   defining Unicode char U+013E (decimal 318)
   defining Unicode char U+0141 (decimal 321)
   defining Unicode char U+0142 (decimal 322)
   defining Unicode char U+0143 (decimal 323)
   defining Unicode char U+0144 (decimal 324)
   defining Unicode char U+0147 (decimal 327)
   defining Unicode char U+0148 (decimal 328)
   defining Unicode char U+014A (decimal 330)
   defining Unicode char U+014B (decimal 331)
   defining Unicode char U+0150 (decimal 336)
   defining Unicode char U+0151 (decimal 337)
   defining Unicode char U+0152 (decimal 338)
   defining Unicode char U+0153 (decimal 339)
   defining Unicode char U+0154 (decimal 340)
   defining Unicode char U+0155 (decimal 341)
   defining Unicode char U+0158 (decimal 344)
   defining Unicode char U+0159 (decimal 345)
   defining Unicode char U+015A (decimal 346)
   defining Unicode char U+015B (decimal 347)
   defining Unicode char U+015E (decimal 350)
   defining Unicode char U+015F (decimal 351)
   defining Unicode char U+0160 (decimal 352)
   defining Unicode char U+0161 (decimal 353)
   defining Unicode char U+0162 (decimal 354)
   defining Unicode char U+0163 (decimal 355)
   defining Unicode char U+0164 (decimal 356)
   defining Unicode char U+0165 (decimal 357)
   defining Unicode char U+016E (decimal 366)
   defining Unicode char U+016F (decimal 367)
   defining Unicode char U+0170 (decimal 368)
   defining Unicode char U+0171 (decimal 369)
   defining Unicode char U+0178 (decimal 376)
   defining Unicode char U+0179 (decimal 377)
   defining Unicode char U+017A (decimal 378)
   defining Unicode char U+017B (decimal 379)
   defining Unicode char U+017C (decimal 380)
   defining Unicode char U+017D (decimal 381)
   defining Unicode char U+017E (decimal 382)
   defining Unicode char U+200C (decimal 8204)
   defining Unicode char U+2013 (decimal 8211)
   defining Unicode char U+2014 (decimal 8212)
   defining Unicode char U+2018 (decimal 8216)
   defining Unicode char U+2019 (decimal 8217)
   defining Unicode char U+201A (decimal 8218)
   defining Unicode char U+201C (decimal 8220)
   defining Unicode char U+201D (decimal 8221)
   defining Unicode char U+201E (decimal 8222)
   defining Unicode char U+2030 (decimal 8240)
   defining Unicode char U+2031 (decimal 8241)
   defining Unicode char U+2039 (decimal 8249)
   defining Unicode char U+203A (decimal 8250)
   defining Unicode char U+2423 (decimal 9251)
)
Now handling font encoding OT1 ...
... processing UTF-8 mapping file for font encoding OT1

(/usr/share/texlive/texmf-dist/tex/latex/base/ot1enc.dfu
File: ot1enc.dfu 2008/04/05 v1.1m UTF-8 support for inputenc
   defining Unicode char U+00A1 (decimal 161)
   defining Unicode char U+00A3 (decimal 163)
   defining Unicode char U+00B8 (decimal 184)
   defining Unicode char U+00BF (decimal 191)
   defining Unicode char U+00C5 (decimal 197)
   defining Unicode char U+00C6 (decimal 198)
   defining Unicode char U+00D8 (decimal 216)
   defining Unicode char U+00DF (decimal 223)
   defining Unicode char U+00E6 (decimal 230)
   defining Unicode char U+00EC (decimal 236)
   defining Unicode char U+00ED (decimal 237)
   defining Unicode char U+00EE (decimal 238)
   defining Unicode char U+00EF (decimal 239)
   defining Unicode char U+00F8 (decimal 248)
   defining Unicode char U+0131 (decimal 305)
   defining Unicode char U+0141 (decimal 321)
   defining Unicode char U+0142 (decimal 322)
   defining Unicode char U+0152 (decimal 338)
   defining Unicode char U+0153 (decimal 339)
   defining Unicode char U+2013 (decimal 8211)
   defining Unicode char U+2014 (decimal 8212)
   defining Unicode char U+2018 (decimal 8216)
   defining Unicode char U+2019 (decimal 8217)
   defining Unicode char U+201C (decimal 8220)
   defining Unicode char U+201D (decimal 8221)
)
Now handling font encoding OMS ...
... processing UTF-8 mapping file for font encoding OMS

(/usr/share/texlive/texmf-dist/tex/latex/base/omsenc.dfu
File: omsenc.dfu 2008/04/05 v1.1m UTF-8 support for inputenc
   defining Unicode char U+00A7 (decimal 167)
   defining Unicode char U+00B6 (decimal 182)
   defining Unicode char U+00B7 (decimal 183)
   defining Unicode char U+2020 (decimal 8224)
   defining Unicode char U+2021 (decimal 8225)
   defining Unicode char U+2022 (decimal 8226)
)
Now handling font encoding OMX ...
... no UTF-8 mapping file for font encoding OMX
Now handling font encoding U ...
... no UTF-8 mapping file for font encoding U
   defining Unicode char U+00A9 (decimal 169)
   defining Unicode char U+00AA (decimal 170)
   defining Unicode char U+00AE (decimal 174)
   defining Unicode char U+00BA (decimal 186)
   defining Unicode char U+02C6 (decimal 710)
   defining Unicode char U+02DC (decimal 732)
   defining Unicode char U+200C (decimal 8204)
   defining Unicode char U+2026 (decimal 8230)
   defining Unicode char U+2122 (decimal 8482)
   defining Unicode char U+2423 (decimal 9251)
))
(/usr/share/texlive/texmf-dist/tex/latex/amsfonts/amssymb.sty
Package: amssymb 2013/01/14 v3.01 AMS font symbols

(/usr/share/texlive/texmf-dist/tex/latex/amsfonts/amsfonts.sty
Package: amsfonts 2013/01/14 v3.01 Basic AMSFonts support
\@emptytoks=\toks16
\symAMSa=\mathgroup4
\symAMSb=\mathgroup5
LaTeX Font Info:    Overwriting math alphabet `\mathfrak' in version `bold'
(Font)                  U/euf/m/n --> U/euf/b/n on input line 106.
))
(/usr/share/texlive/texmf-dist/tex/latex/amsmath/amsmath.sty
Package: amsmath 2013/01/14 v2.14 AMS math features
\@mathmargin=\skip43

For additional information on amsmath, use the `?' option.
(/usr/share/texlive/texmf-dist/tex/latex/amsmath/amstext.sty
Package: amstext 2000/06/29 v2.01

(/usr/share/texlive/texmf-dist/tex/latex/amsmath/amsgen.sty
File: amsgen.sty 1999/11/30 v2.0
\@emptytoks=\toks17
\ex@=\dimen104
))
(/usr/share/texlive/texmf-dist/tex/latex/amsmath/amsbsy.sty
Package: amsbsy 1999/11/29 v1.2d
\pmbraise@=\dimen105
)
(/usr/share/texlive/texmf-dist/tex/latex/amsmath/amsopn.sty
Package: amsopn 1999/12/14 v2.01 operator names
)
\inf@bad=\count87
LaTeX Info: Redefining \frac on input line 210.
\uproot@=\count88
\leftroot@=\count89
LaTeX Info: Redefining \overline on input line 306.
\classnum@=\count90
\DOTSCASE@=\count91
LaTeX Info: Redefining \ldots on input line 378.
LaTeX Info: Redefining \dots on input line 381.
LaTeX Info: Redefining \cdots on input line 466.
\Mathstrutbox@=\box26
\strutbox@=\box27
\big@size=\dimen106
LaTeX Font Info:    Redeclaring font encoding OML on input line 566.
LaTeX Font Info:    Redeclaring font encoding OMS on input line 567.
\macc@depth=\count92
\c@MaxMatrixCols=\count93
\dotsspace@=\muskip10
\c@parentequation=\count94
\dspbrk@lvl=\count95
\tag@help=\toks18
\row@=\count96
\column@=\count97
\maxfields@=\count98
\andhelp@=\toks19
\eqnshift@=\dimen107
\alignsep@=\dimen108
\tagshift@=\dimen109
\tagwidth@=\dimen110
\totwidth@=\dimen111
\lineht@=\dimen112
\@envbody=\toks20
\multlinegap=\skip44
\multlinetaggap=\skip45
\mathdisplay@stack=\toks21
LaTeX Info: Redefining \[ on input line 2665.
LaTeX Info: Redefining \] on input line 2666.
)
(/usr/share/texlive/texmf-dist/tex/latex/tools/xspace.sty
Package: xspace 2009/10/20 v1.13 Space after command names (DPC,MH)
)
(/usr/share/texlive/texmf-dist/tex/latex/mfnfss/oldgerm.sty
Package: oldgerm 1998/06/07 v2.1j LaTeX2e package for Old German fonts
)
(/usr/share/texlive/texmf-dist/tex/latex/graphics/epsfig.sty
Package: epsfig 1999/02/16 v1.7a (e)psfig emulation (SPQR)

(/usr/share/texlive/texmf-dist/tex/latex/graphics/graphicx.sty
Package: graphicx 1999/02/16 v1.0f Enhanced LaTeX Graphics (DPC,SPQR)

(/usr/share/texlive/texmf-dist/tex/latex/graphics/keyval.sty
Package: keyval 1999/03/16 v1.13 key=value parser (DPC)
\KV@toks@=\toks22
)
(/usr/share/texlive/texmf-dist/tex/latex/graphics/graphics.sty
Package: graphics 2009/02/05 v1.0o Standard LaTeX Graphics (DPC,SPQR)

(/usr/share/texlive/texmf-dist/tex/latex/graphics/trig.sty
Package: trig 1999/03/16 v1.09 sin cos tan (DPC)
)
(/usr/share/texlive/texmf-dist/tex/latex/latexconfig/graphics.cfg
File: graphics.cfg 2010/04/23 v1.9 graphics configuration of TeX Live
)
Package graphics Info: Driver file: pdftex.def on input line 91.

(/usr/share/texlive/texmf-dist/tex/latex/pdftex-def/pdftex.def
File: pdftex.def 2011/05/27 v0.06d Graphics/color for pdfTeX

(/usr/share/texlive/texmf-dist/tex/generic/oberdiek/infwarerr.sty
Package: infwarerr 2010/04/08 v1.3 Providing info/warning/error messages (HO)
)
(/usr/share/texlive/texmf-dist/tex/generic/oberdiek/ltxcmds.sty
Package: ltxcmds 2011/11/09 v1.22 LaTeX kernel commands for general use (HO)
)
\Gread@gobject=\count99
))
\Gin@req@height=\dimen113
\Gin@req@width=\dimen114
)
\epsfxsize=\dimen115
\epsfysize=\dimen116
)
(/usr/share/texlive/texmf-dist/tex/latex/bbm-macros/bbm.sty
Package: bbm 1999/03/15 V 1.2 provides fonts for set symbols - TH
LaTeX Font Info:    Overwriting math alphabet `\mathbbm' in version `bold'
(Font)                  U/bbm/m/n --> U/bbm/bx/n on input line 33.
LaTeX Font Info:    Overwriting math alphabet `\mathbbmss' in version `bold'
(Font)                  U/bbmss/m/n --> U/bbmss/bx/n on input line 35.
)
(/usr/share/texlive/texmf-dist/tex/latex/base/makeidx.sty
Package: makeidx 2000/03/29 v1.0m Standard LaTeX package
)
(/usr/share/texlive/texmf-dist/tex/latex/tools/theorem.sty
Package: theorem 1995/11/23 v2.2c Theorem extension package (FMi)
\theorem@style=\toks23
\theorem@bodyfont=\toks24
\theorempreskipamount=\skip46
\theorempostskipamount=\skip47

(/usr/share/texlive/texmf-dist/tex/latex/tools/thp.sty
File: thp.sty 1995/11/23 v2.2c Theorem extension package (FMi)
))
(/usr/share/texlive/texmf-dist/tex/latex/jknapltx/mathrsfs.sty
Package: mathrsfs 1996/01/01 Math RSFS package v1.0 (jk)
\symrsfs=\mathgroup6
)
(/usr/share/texlive/texmf-dist/tex/latex/fancyhdr/fancyhdr.sty
\fancy@headwidth=\skip48
\f@ncyO@elh=\skip49
\f@ncyO@erh=\skip50
\f@ncyO@olh=\skip51
\f@ncyO@orh=\skip52
\f@ncyO@elf=\skip53
\f@ncyO@erf=\skip54
\f@ncyO@olf=\skip55
\f@ncyO@orf=\skip56
)
(/usr/share/texlive/texmf-dist/tex/generic/xypic/xypic.sty
(/usr/share/texlive/texmf-dist/tex/generic/xypic/xy.sty
(/usr/share/texlive/texmf-dist/tex/generic/xypic/xy.tex Bootstrap'ing:
catcodes, docmode, (/usr/share/texlive/texmf-dist/tex/generic/xypic/xyrecat.tex
) (/usr/share/texlive/texmf-dist/tex/generic/xypic/xyidioms.tex)

 Xy-pic version 3.8.9 <2013/10/06>
 Copyright (c) 1991-2013 by Kristoffer H. Rose <krisrose@tug.org> and others
 Xy-pic is free software: see the User's Guide for details.

Loading kernel: messages; fonts; allocations: state,
\X@c=\dimen117
\Y@c=\dimen118
\U@c=\dimen119
\D@c=\dimen120
\L@c=\dimen121
\R@c=\dimen122
\Edge@c=\toks25
\X@p=\dimen123
\Y@p=\dimen124
\U@p=\dimen125
\D@p=\dimen126
\L@p=\dimen127
\R@p=\dimen128
\Edge@p=\toks26
\X@origin=\dimen129
\Y@origin=\dimen130
\X@xbase=\dimen131
\Y@xbase=\dimen132
\X@ybase=\dimen133
\Y@ybase=\dimen134
\X@min=\dimen135
\Y@min=\dimen136
\X@max=\dimen137
\Y@max=\dimen138
\lastobjectbox@=\box28
\zerodotbox@=\box29
\almostz@=\dimen139
 direction,
\d@X=\dimen140
\d@Y=\dimen141
\K@=\count100
\KK@=\count101
\Direction=\count102
\K@dXdY=\dimen142
\K@dYdX=\dimen143
\xyread@=\read1
\xywrite@=\write3
\csp@=\count103
\quotPTK@=\dimen144

utility macros; pictures: \xy, positions,
\swaptoks@@=\toks27
\connectobjectbox@@=\box30
 objects,
\styletoks@=\toks28
 decorations;
kernel objects: directionals, circles, text; options; algorithms: directions,
edges, connections;  Xy-pic loaded)
(/usr/share/texlive/texmf-dist/tex/generic/oberdiek/ifpdf.sty
Package: ifpdf 2011/01/30 v2.3 Provides the ifpdf switch (HO)
Package ifpdf Info: pdfTeX in PDF mode is detected.
)

LaTeX Warning: You have requested package `xypic',
               but the package provides `xy'.

Package: xy 2013/10/06 Xy-pic version 3.8.9
(/usr/share/texlive/texmf-dist/tex/generic/xypic/xypdf.tex
 Xy-pic option: PDF driver v.1.7 loaded))
(/usr/share/texlive/texmf-dist/tex/generic/xypic/xyv2.tex
 Xy-pic option: Version 2 Compatibility v.3.8

Xy-pic Warning: `\stop' redefined.

(/usr/share/texlive/texmf-dist/tex/generic/xypic/xyframe.tex
 Xy-pic option: Frame and Bracket extension v.3.14 loaded)
Xy-pic pdf driver: `frame' extension support
(/usr/share/texlive/texmf-dist/tex/generic/xypic/xypdf-fr.tex
(/usr/share/texlive/texmf-dist/tex/generic/xypic/xycurve.tex
 Xy-pic option: Curve and Spline extension v.3.12 curve,
\crv@cnt@=\count104
\crvpts@=\toks29
\splinebox@=\box31
\splineval@=\dimen145
\splinedepth@=\dimen146
\splinetol@=\dimen147
\splinelength@=\dimen148
 circles,
\L@=\dimen149
 loaded)
Xy-pic pdf driver: `curve' extension support
(/usr/share/texlive/texmf-dist/tex/generic/xypic/xypdf-cu.tex loaded) loaded)
(/usr/share/texlive/texmf-dist/tex/generic/xypic/xymatrix.tex
 Xy-pic option: Matrix feature v.3.14
\Row=\count105
\Col=\count106
\queue@=\toks30
\queue@@=\toks31
\qcount@=\count107
\qcount@@=\count108
\matrixsize@=\count109
 loaded)
(/usr/share/texlive/texmf-dist/tex/generic/xypic/xyarrow.tex
 Xy-pic option: Arrow and Path feature v.3.9 path, \ar, loaded) loaded))
(/usr/share/texlive/texmf-dist/tex/latex/psfrag/psfrag.sty
Package: psfrag 1998/04/11 v3.04 PSfrag (MCG)
\pfg@pcount=\count110
\pfg@scount=\count111
\pfg@temp=\write4
)
(/usr/share/texlive/texmf-dist/tex/latex/graphics/color.sty
Package: color 2005/11/14 v1.0j Standard LaTeX Color (DPC)

(/usr/share/texlive/texmf-dist/tex/latex/latexconfig/color.cfg
File: color.cfg 2007/01/18 v1.5 color configuration of teTeX/TeXLive
)
Package color Info: Driver file: pdftex.def on input line 130.
)
(/usr/share/texlive/texmf-dist/tex/latex/amsfonts/eucal.sty
Package: eucal 2009/06/22 v3.00 Euler Script fonts
LaTeX Font Info:    Overwriting math alphabet `\EuScript' in version `bold'
(Font)                  U/eus/m/n --> U/eus/b/n on input line 33.
)
(/usr/share/texlive/texmf-dist/tex/latex/cancel/cancel.sty
Package: cancel 2013/04/12 v2.2 Cancel math terms
)
\c@DEF=\count112
)
\@indexfile=\write5
\openout5 = `grugra.idx'.


Writing index file grugra.idx
(./grugra.aux

LaTeX Warning: Label `sec_FG' multiply defined.

)
\openout1 = `grugra.aux'.

LaTeX Font Info:    Checking defaults for OML/cmm/m/it on input line 19.
LaTeX Font Info:    ... okay on input line 19.
LaTeX Font Info:    Checking defaults for T1/cmr/m/n on input line 19.
LaTeX Font Info:    ... okay on input line 19.
LaTeX Font Info:    Checking defaults for OT1/cmr/m/n on input line 19.
LaTeX Font Info:    ... okay on input line 19.
LaTeX Font Info:    Checking defaults for OMS/cmsy/m/n on input line 19.
LaTeX Font Info:    ... okay on input line 19.
LaTeX Font Info:    Checking defaults for OMX/cmex/m/n on input line 19.
LaTeX Font Info:    ... okay on input line 19.
LaTeX Font Info:    Checking defaults for U/cmr/m/n on input line 19.
LaTeX Font Info:    ... okay on input line 19.
 (/usr/share/texlive/texmf-dist/tex/context/base/supp-pdf.mkii
[Loading MPS to PDF converter (version 2006.09.02).]
\scratchcounter=\count113
\scratchdimen=\dimen150
\scratchbox=\box32
\nofMPsegments=\count114
\nofMParguments=\count115
\everyMPshowfont=\toks32
\MPscratchCnt=\count116
\MPscratchDim=\dimen151
\MPnumerator=\count117
\makeMPintoPDFobject=\count118
\everyMPtoPDFconversion=\toks33
) (/usr/share/texlive/texmf-dist/tex/generic/oberdiek/pdftexcmds.sty
Package: pdftexcmds 2011/11/29 v0.20 Utility functions of pdfTeX for LuaTeX (HO
)

(/usr/share/texlive/texmf-dist/tex/generic/oberdiek/ifluatex.sty
Package: ifluatex 2010/03/01 v1.3 Provides the ifluatex switch (HO)
Package ifluatex Info: LuaTeX not detected.
)
Package pdftexcmds Info: LuaTeX not detected.
Package pdftexcmds Info: \pdf@primitive is available.
Package pdftexcmds Info: \pdf@ifprimitive is available.
Package pdftexcmds Info: \pdfdraftmode found.
)
(/usr/share/texlive/texmf-dist/tex/latex/oberdiek/epstopdf-base.sty
Package: epstopdf-base 2010/02/09 v2.5 Base part for package epstopdf

(/usr/share/texlive/texmf-dist/tex/latex/oberdiek/grfext.sty
Package: grfext 2010/08/19 v1.1 Manage graphics extensions (HO)

(/usr/share/texlive/texmf-dist/tex/generic/oberdiek/kvdefinekeys.sty
Package: kvdefinekeys 2011/04/07 v1.3 Define keys (HO)
))
(/usr/share/texlive/texmf-dist/tex/latex/oberdiek/kvoptions.sty
Package: kvoptions 2011/06/30 v3.11 Key value format for package options (HO)

(/usr/share/texlive/texmf-dist/tex/generic/oberdiek/kvsetkeys.sty
Package: kvsetkeys 2012/04/25 v1.16 Key value parser (HO)

(/usr/share/texlive/texmf-dist/tex/generic/oberdiek/etexcmds.sty
Package: etexcmds 2011/02/16 v1.5 Avoid name clashes with e-TeX commands (HO)
Package etexcmds Info: Could not find \expanded.
(etexcmds)             That can mean that you are not using pdfTeX 1.50 or
(etexcmds)             that some package has redefined \expanded.
(etexcmds)             In the latter case, load this package earlier.
)))
Package grfext Info: Graphics extension search list:
(grfext)             [.png,.pdf,.jpg,.mps,.jpeg,.jbig2,.jb2,.PNG,.PDF,.JPG,.JPE
G,.JBIG2,.JB2,.eps]
(grfext)             \AppendGraphicsExtensions on input line 452.

(/usr/share/texlive/texmf-dist/tex/latex/latexconfig/epstopdf-sys.cfg
File: epstopdf-sys.cfg 2010/07/13 v1.3 Configuration of (r)epstopdf for TeX Liv
e
))
LaTeX Font Info:    Try loading font information for U+msa on input line 19.

(/usr/share/texlive/texmf-dist/tex/latex/amsfonts/umsa.fd
File: umsa.fd 2013/01/14 v3.01 AMS symbols A
)
LaTeX Font Info:    Try loading font information for U+msb on input line 19.

(/usr/share/texlive/texmf-dist/tex/latex/amsfonts/umsb.fd
File: umsb.fd 2013/01/14 v3.01 AMS symbols B
)
LaTeX Font Info:    Try loading font information for U+rsfs on input line 19.

(/usr/share/texlive/texmf-dist/tex/latex/jknapltx/ursfs.fd
File: ursfs.fd 1998/03/24 rsfs font definition file (jk)
)
Package xypdf Info: Line width: 0.47998pt on input line 19.

<grugraImages/titel.pdf, id=1, 300.12125pt x 185.69376pt>
File: grugraImages/titel.pdf Graphic file (type pdf)

<use grugraImages/titel.pdf>
Package pdftex.def Info: grugraImages/titel.pdf used on input line 27.
(pdftex.def)             Requested size: 300.12051pt x 185.6933pt.
 [1
Non-PDF special ignored!

{/var/lib/texmf/fonts/map/pdftex/updmap/pdftex.map} <data/grugraImages/titel.pd
f>] [2] (./grugra.toc
LaTeX Font Info:    Try loading font information for U+bbm on input line 17.

(/usr/share/texlive/texmf-dist/tex/latex/bbm-macros/ubbm.fd
File: ubbm.fd 1999/03/15 V 1.2 Font definition for bbm font - TH
)

Package Fancyhdr Warning: \headheight is too small (12.0pt): 
 Make it at least 14.49998pt.
 We now make it that large for the rest of the document.
 This may cause the page layout to be inconsistent, however.

[3

])
\tf@toc=\write6
\openout6 = `grugra.toc'.

 [4]
Overfull \hbox (2.19177pt too wide) in paragraph at lines 82--84
[]\OT1/cmr/m/n/12 Mengenoperationen auf Gra-phen sind im-mer auf den ent-spre-c
hen-den Men-
 []

<grugraImages/bspgraphen.pdf, id=171, 351.3125pt x 155.58125pt>
File: grugraImages/bspgraphen.pdf Graphic file (type pdf)

<use grugraImages/bspgraphen.pdf>
Package pdftex.def Info: grugraImages/bspgraphen.pdf used on input line 87.
(pdftex.def)             Requested size: 351.31163pt x 155.58086pt.
 [1


 <data/grugraImages/bspgraphen.pdf>]
Overfull \hbox (11.6812pt too wide) in paragraph at lines 96--97
[]\OT1/cmr/m/n/12 Es sei-en $^^@ = (\OML/cmm/m/it/12 E; K; I\OT1/cmr/m/n/12 )$ 
und $^^@[] = (\OML/cmm/m/it/12 E[]; K[]; I[]\OT1/cmr/m/n/12 )$
 []

<grugraImages/Pn.pdf, id=211, 237.88875pt x 41.15375pt>
File: grugraImages/Pn.pdf Graphic file (type pdf)

<use grugraImages/Pn.pdf>
Package pdftex.def Info: grugraImages/Pn.pdf used on input line 141.
(pdftex.def)             Requested size: 237.88815pt x 41.15364pt.
 [2]
<grugraImages/kreis.pdf, id=216, 195.73125pt x 64.24pt>
File: grugraImages/kreis.pdf Graphic file (type pdf)

<use grugraImages/kreis.pdf>
Package pdftex.def Info: grugraImages/kreis.pdf used on input line 176.
(pdftex.def)             Requested size: 195.73076pt x 64.23984pt.

<grugraImages/doppelkante.pdf, id=217, 114.4275pt x 73.27374pt>
File: grugraImages/doppelkante.pdf Graphic file (type pdf)

<use grugraImages/doppelkante.pdf>
Package pdftex.def Info: grugraImages/doppelkante.pdf used on input line 181.
(pdftex.def)             Requested size: 114.42722pt x 73.27354pt.
 [3 <data/grugraImages/Pn.pdf> <data/grugraImages/kreis.pdf>] <grugraImages/bsp
baum.pdf, id=306, 382.42876pt x 99.37125pt>
File: grugraImages/bspbaum.pdf Graphic file (type pdf)

<use grugraImages/bspbaum.pdf>
Package pdftex.def Info: grugraImages/bspbaum.pdf used on input line 210.
(pdftex.def)             Requested size: 382.42781pt x 99.371pt.

Overfull \hbox (8.38446pt too wide) in paragraph at lines 226--230
[][]$\OMS/cmsy/m/n/12 ($\OT1/cmr/m/n/12 \: Da es zwi-schen je zwei Ecken einen 
Weg gibt, ist $^^@$ zu-sam-menh[]angend.
 []

[4 <data/grugraImages/doppelkante.pdf> <data/grugraImages/bspbaum.pdf>]
Overfull \hbox (5.20087pt too wide) in paragraph at lines 252--254
[]$\OT1/cmr/m/n/12 ^^@$ ist ge-nau dann zu-sam-menh[]angend, wenn $^^@ \OMS/cms
y/m/n/12 ^^@ \OML/cmm/m/it/12 x$ \OT1/cmr/m/n/12 zu-sam-menh[]angend
 []

LaTeX Font Info:    Try loading font information for OMS+cmr on input line 276.

(/usr/share/texlive/texmf-dist/tex/latex/base/omscmr.fd
File: omscmr.fd 1999/05/25 v2.5h Standard LaTeX font definitions
)
LaTeX Font Info:    Font shape `OMS/cmr/m/n' in size <12> not available
(Font)              Font shape `OMS/cmsy/m/n' tried instead on input line 276.
 [5]
<grugraImages/unendldiam.pdf, id=355, 286.06876pt x 31.11626pt>
File: grugraImages/unendldiam.pdf Graphic file (type pdf)

<use grugraImages/unendldiam.pdf>
Package pdftex.def Info: grugraImages/unendldiam.pdf used on input line 308.
(pdftex.def)             Requested size: 286.06805pt x 31.11617pt.

Overfull \hbox (24.64246pt too wide) in paragraph at lines 314--316
[]\OT1/cmr/m/n/12 Jeder end-li-che Baum ent-steht aus $\OMS/cmsy/m/n/12 ^^O$ \O
T1/cmr/m/n/12 durch wie-der-hol-tes Anh[]angen
 []

LaTeX Font Info:    Try loading font information for U+eus on input line 332.
(/usr/share/texlive/texmf-dist/tex/latex/amsfonts/ueus.fd
File: ueus.fd 2013/01/14 v3.01 Euler Script
) [6 <data/grugraImages/unendldiam.pdf>]
Overfull \hbox (27.86845pt too wide) in paragraph at lines 370--373
[]\OT1/cmr/m/n/12 Sei $^^@$ ein Graph und $\OML/cmm/m/it/12 Z$ \OT1/cmr/m/n/12 
ein zu-sam-menh[]angen-
 []

<grugraImages/GZ1.pdf, id=376, 324.21124pt x 113.42375pt>
File: grugraImages/GZ1.pdf Graphic file (type pdf)

<use grugraImages/GZ1.pdf>
Package pdftex.def Info: grugraImages/GZ1.pdf used on input line 396.
(pdftex.def)             Requested size: 324.21045pt x 113.42346pt.
 [7]
<grugraImages/GZ2.pdf, id=383, 122.4575pt x 66.2475pt>
File: grugraImages/GZ2.pdf Graphic file (type pdf)

<use grugraImages/GZ2.pdf>
Package pdftex.def Info: grugraImages/GZ2.pdf used on input line 401.
(pdftex.def)             Requested size: 122.45718pt x 66.24733pt.
 [8 <data/grugraImages/GZ1.pdf> <data/grugraImages/GZ2.pdf>] <grugraImages/aut1
.pdf, id=481, 115.43124pt x 40.15pt>
File: grugraImages/aut1.pdf Graphic file (type pdf)

<use grugraImages/aut1.pdf>
Package pdftex.def Info: grugraImages/aut1.pdf used on input line 456.
(pdftex.def)             Requested size: 115.43095pt x 40.14989pt.

<grugraImages/aut2.pdf, id=482, 130.4875pt x 72.27pt>
File: grugraImages/aut2.pdf Graphic file (type pdf)

<use grugraImages/aut2.pdf>
Package pdftex.def Info: grugraImages/aut2.pdf used on input line 462.
(pdftex.def)             Requested size: 130.48717pt x 72.2698pt.

Overfull \hbox (7.06685pt too wide) in paragraph at lines 464--466
\OT1/cmr/m/n/12 besteht $[](^^@)$ aus al-len Per-mu-ta-tio-nen der drei Ecken, 
al-so ist $[](^^@) []
 []

<grugraImages/aut3.pdf, id=483, 130.4875pt x 72.27pt>
File: grugraImages/aut3.pdf Graphic file (type pdf)

<use grugraImages/aut3.pdf>
Package pdftex.def Info: grugraImages/aut3.pdf used on input line 468.
(pdftex.def)             Requested size: 130.48717pt x 72.2698pt.
 [9

 <data/grugraImages/aut1.pdf> <data/grugraImages/aut2.pdf> <data/grugraImages/a
ut3.pdf>]
<grugraImages/aut4.pdf, id=632, 122.4575pt x 108.405pt>
File: grugraImages/aut4.pdf Graphic file (type pdf)

<use grugraImages/aut4.pdf>
Package pdftex.def Info: grugraImages/aut4.pdf used on input line 473.
(pdftex.def)             Requested size: 122.45718pt x 108.40472pt.

<grugraImages/cay1.pdf, id=633, 237.88875pt x 40.15pt>
File: grugraImages/cay1.pdf Graphic file (type pdf)

<use grugraImages/cay1.pdf>
Package pdftex.def Info: grugraImages/cay1.pdf used on input line 508.
(pdftex.def)             Requested size: 237.88815pt x 40.14989pt.

<grugraImages/cay3.pdf, id=634, 237.88875pt x 51.19125pt>
File: grugraImages/cay3.pdf Graphic file (type pdf)

<use grugraImages/cay3.pdf>
Package pdftex.def Info: grugraImages/cay3.pdf used on input line 512.
(pdftex.def)             Requested size: 237.88815pt x 51.19112pt.
 [10 <data/grugraImages/aut4.pdf> <data/grugraImages/cay1.pdf>] <grugraImages/c
ay2.pdf, id=753, 237.88875pt x 61.22874pt>
File: grugraImages/cay2.pdf Graphic file (type pdf)

<use grugraImages/cay2.pdf>
Package pdftex.def Info: grugraImages/cay2.pdf used on input line 516.
(pdftex.def)             Requested size: 237.88815pt x 61.22858pt.

<grugraImages/cay4.pdf, id=754, 128.48pt x 91.34125pt>
File: grugraImages/cay4.pdf Graphic file (type pdf)

<use grugraImages/cay4.pdf>
Package pdftex.def Info: grugraImages/cay4.pdf used on input line 520.
(pdftex.def)             Requested size: 128.47968pt x 91.34102pt.

Overfull \hbox (11.46625pt too wide) in paragraph at lines 522--524
[]$\OML/cmm/m/it/12 G \OT1/cmr/m/n/12 = S[]$ und $\OML/cmm/m/it/12 S \OT1/cmr/m
/n/12 = \OMS/cmsy/m/n/12 f\OML/cmm/m/it/12 ^^\ \OT1/cmr/m/n/12 = (1 2 3)\OML/cm
m/m/it/12 ; ^^[ \OT1/cmr/m/n/12 = (1 2)\OMS/cmsy/m/n/12 g$\OT1/cmr/m/n/12 . Es 
ist $S[] = \OMS/cmsy/m/n/12 f[]\OML/cmm/m/it/12 ; ^^\; ^^\[]; ^^[; ^^[^^\; ^^[^
^\[]\OMS/cmsy/m/n/12 g$\OT1/cmr/m/n/12 . 
 []

<grugraImages/cay5.pdf, id=755, 193.72375pt x 168.63pt>
File: grugraImages/cay5.pdf Graphic file (type pdf)

<use grugraImages/cay5.pdf>
Package pdftex.def Info: grugraImages/cay5.pdf used on input line 525.
(pdftex.def)             Requested size: 193.72327pt x 168.62958pt.
 [11 <data/grugraImages/cay3.pdf> <data/grugraImages/cay2.pdf> <data/grugraImag
es/cay4.pdf> <data/grugraImages/cay5.pdf>]
<grugraImages/S3aktion.pdf, id=1070, 193.72375pt x 168.63pt>
File: grugraImages/S3aktion.pdf Graphic file (type pdf)

<use grugraImages/S3aktion.pdf>
Package pdftex.def Info: grugraImages/S3aktion.pdf used on input line 587.
(pdftex.def)             Requested size: 193.72327pt x 168.62958pt.
 [12]
Overfull \hbox (0.48514pt too wide) in paragraph at lines 597--599
[]\OT1/cmr/m/n/12 Die Zu-sam-men-hangs-kom-po-nen-ten von $^^@(\OML/cmm/m/it/12
 G; S\OT1/cmr/m/n/12 )$ ent-spre-chen bi-jek-tiv den
 []


Overfull \hbox (10.3703pt too wide) in paragraph at lines 606--614
\OT1/cmr/m/n/12 Die Zu-sam-men-hangs-kom-po-nen-te $^^@[]$ von $^^@(\OML/cmm/m/
it/12 G; S\OT1/cmr/m/n/12 )$ ist iso-morph zu $^^@(\OML/cmm/m/it/12 G[]; S\OT1/
cmr/m/n/12 )$
 []

[13 <data/grugraImages/S3aktion.pdf>]
Overfull \hbox (24.83403pt too wide) in paragraph at lines 646--649
[]\OT1/cmr/m/n/12 Es gibt einen ein-deu-tig be-stimm-ten Grup-pen-ho-mo-mor-phi
s-mus $\OML/cmm/m/it/12 % \OT1/cmr/m/n/12 : [](^^@) \OMS/cmsy/m/n/12 !
 []

<xymatrix 2x2 182> [14]
Overfull \hbox (30.43037pt too wide) in paragraph at lines 695--699
[]\OT1/cmr/m/n/12 Betrachte die Klein-sche Vie-rer-grup-pe[] $\OML/cmm/m/it/12 
G \OT1/cmr/m/n/12 = V[](= D[]) = \OMS/cmsy/m/n/12 f\OT1/cmr/m/n/12 1\OML/cmm/m/
it/12 ; ^^[; ^^\; ^^[^^\\OMS/cmsy/m/n/12 g$
 []

<grugraImages/klein41.pdf, id=1242, 172.645pt x 94.3525pt>
File: grugraImages/klein41.pdf Graphic file (type pdf)

<use grugraImages/klein41.pdf>
Package pdftex.def Info: grugraImages/klein41.pdf used on input line 700.
(pdftex.def)             Requested size: 172.64456pt x 94.35225pt.

<grugraImages/klein42.pdf, id=1243, 116.435pt x 95.35625pt>
File: grugraImages/klein42.pdf Graphic file (type pdf)

<use grugraImages/klein42.pdf>
Package pdftex.def Info: grugraImages/klein42.pdf used on input line 707.
(pdftex.def)             Requested size: 116.43471pt x 95.356pt.

<grugraImages/klein43.pdf, id=1244, 116.435pt x 103.38625pt>
File: grugraImages/klein43.pdf Graphic file (type pdf)

<use grugraImages/klein43.pdf>
Package pdftex.def Info: grugraImages/klein43.pdf used on input line 712.
(pdftex.def)             Requested size: 116.43471pt x 103.38599pt.
 [15 <data/grugraImages/klein41.pdf> <data/grugraImages/klein42.pdf>] <grugraIm
ages/Ti.pdf, id=1399, 271.0125pt x 139.52126pt>
File: grugraImages/Ti.pdf Graphic file (type pdf)

<use grugraImages/Ti.pdf>
Package pdftex.def Info: grugraImages/Ti.pdf used on input line 720.
(pdftex.def)             Requested size: 271.01183pt x 139.5209pt.

<grugraImages/ggsi.pdf, id=1400, 211.79124pt x 44.165pt>
File: grugraImages/ggsi.pdf Graphic file (type pdf)

<use grugraImages/ggsi.pdf>
Package pdftex.def Info: grugraImages/ggsi.pdf used on input line 727.
(pdftex.def)             Requested size: 211.79073pt x 44.16487pt.
 [16 <data/grugraImages/klein43.pdf> <data/grugraImages/Ti.pdf> <data/grugraIma
ges/ggsi.pdf>] <xymatrix 2x2 141>
<grugraImages/quot1.pdf, id=1650, 98.3675pt x 53.19875pt>
File: grugraImages/quot1.pdf Graphic file (type pdf)

<use grugraImages/quot1.pdf>
Package pdftex.def Info: grugraImages/quot1.pdf used on input line 797.
(pdftex.def)             Requested size: 98.36723pt x 53.19861pt.
 [17]
<grugraImages/quot2.pdf, id=1654, 116.435pt x 53.19875pt>
File: grugraImages/quot2.pdf Graphic file (type pdf)

<use grugraImages/quot2.pdf>
Package pdftex.def Info: grugraImages/quot2.pdf used on input line 803.
(pdftex.def)             Requested size: 116.43471pt x 53.19861pt.

<grugraImages/quot3.pdf, id=1655, 120.45pt x 56.21pt>
File: grugraImages/quot3.pdf Graphic file (type pdf)

<use grugraImages/quot3.pdf>
Package pdftex.def Info: grugraImages/quot3.pdf used on input line 808.
(pdftex.def)             Requested size: 120.44969pt x 56.20985pt.

<grugraImages/quot3a.pdf, id=1656, 149.55875pt x 35.13126pt>
File: grugraImages/quot3a.pdf Graphic file (type pdf)

<use grugraImages/quot3a.pdf>
Package pdftex.def Info: grugraImages/quot3a.pdf used on input line 814.
(pdftex.def)             Requested size: 149.55838pt x 35.13115pt.

<grugraImages/quot3b.pdf, id=1657, 114.4275pt x 45.16875pt>
File: grugraImages/quot3b.pdf Graphic file (type pdf)

<use grugraImages/quot3b.pdf>
Package pdftex.def Info: grugraImages/quot3b.pdf used on input line 821.
(pdftex.def)             Requested size: 114.42722pt x 45.16862pt.
 [18 <data/grugraImages/quot1.pdf> <data/grugraImages/quot2.pdf> <data/grugraIm
ages/quot3.pdf> <data/grugraImages/quot3a.pdf> <data/grugraImages/quot3b.pdf>]
<grugraImages/lift.pdf, id=1825, 274.02374pt x 90.3375pt>
File: grugraImages/lift.pdf Graphic file (type pdf)

<use grugraImages/lift.pdf>
Package pdftex.def Info: grugraImages/lift.pdf used on input line 864.
(pdftex.def)             Requested size: 274.02307pt x 90.33727pt.

<grugraImages/subdiv.pdf, id=1826, 284.06125pt x 84.315pt>
File: grugraImages/subdiv.pdf Graphic file (type pdf)

<use grugraImages/subdiv.pdf>
Package pdftex.def Info: grugraImages/subdiv.pdf used on input line 883.
(pdftex.def)             Requested size: 284.06053pt x 84.31477pt.
 [19 <data/grugraImages/lift.pdf>] [20 <data/grugraImages/subdiv.pdf>] <grugraI
mages/Fxy.pdf, id=2018, 295.1025pt x 174.6525pt>
File: grugraImages/Fxy.pdf Graphic file (type pdf)

<use grugraImages/Fxy.pdf>
Package pdftex.def Info: grugraImages/Fxy.pdf used on input line 963.
(pdftex.def)             Requested size: 295.10176pt x 174.65207pt.
 [21 <data/grugraImages/Fxy.pdf>]
Overfull \hbox (9.3188pt too wide) in paragraph at lines 990--1002
\OT1/cmr/m/n/12 sei $[] := \OML/cmm/m/it/12 K\OT1/cmr/m/n/12 ([][])$, set-ze $\
OML/cmm/m/it/12 S[] \OT1/cmr/m/n/12 := \OMS/cmsy/m/n/12 f\OML/cmm/m/it/12 s \OM
S/cmsy/m/n/12 2 \OML/cmm/m/it/12 G \OT1/cmr/m/n/12 : \OML/cmm/m/it/12 s \OT1/cm
r/m/n/12 = \OT1/cmss/m/n/12 t\OT1/cmr/m/n/12 (\OML/cmm/m/it/12 k\OT1/cmr/m/n/12
 )[]\OMS/cmsy/m/n/12 g$\OT1/cmr/m/n/12 .
 []

[22] <grugraImages/w1w2.pdf, id=2294, 333.245pt x 109.40875pt>
File: grugraImages/w1w2.pdf Graphic file (type pdf)

<use grugraImages/w1w2.pdf>
Package pdftex.def Info: grugraImages/w1w2.pdf used on input line 1058.
(pdftex.def)             Requested size: 333.24417pt x 109.40846pt.
 [23

 <data/grugraImages/w1w2.pdf>]
<grugraImages/pi1Z.pdf, id=2366, 157.58875pt x 55.20625pt>
File: grugraImages/pi1Z.pdf Graphic file (type pdf)

<use grugraImages/pi1Z.pdf>
Package pdftex.def Info: grugraImages/pi1Z.pdf used on input line 1087.
(pdftex.def)             Requested size: 157.58835pt x 55.2061pt.

<grugraImages/pi1F2.pdf, id=2367, 196.735pt x 55.20625pt>
File: grugraImages/pi1F2.pdf Graphic file (type pdf)

<use grugraImages/pi1F2.pdf>
Package pdftex.def Info: grugraImages/pi1F2.pdf used on input line 1095.
(pdftex.def)             Requested size: 196.7345pt x 55.2061pt.
 [24 <data/grugraImages/pi1Z.pdf> <data/grugraImages/pi1F2.pdf>] <grugraImages/
phiZ.pdf, id=2464, 435.6275pt x 128.48pt>
File: grugraImages/phiZ.pdf Graphic file (type pdf)

<use grugraImages/phiZ.pdf>
Package pdftex.def Info: grugraImages/phiZ.pdf used on input line 1156.
(pdftex.def)             Requested size: 435.62643pt x 128.47968pt.

Overfull \hbox (45.62643pt too wide) in paragraph at lines 1156--1157
 [] 
 []

[25 <data/grugraImages/phiZ.pdf>] [26]
<grugraImages/univ.pdf, id=2622, 402.50375pt x 111.41624pt>
File: grugraImages/univ.pdf Graphic file (type pdf)

<use grugraImages/univ.pdf>
Package pdftex.def Info: grugraImages/univ.pdf used on input line 1233.
(pdftex.def)             Requested size: 402.50276pt x 111.41597pt.

Overfull \hbox (12.50276pt too wide) in paragraph at lines 1233--1234
 [] 
 []

[27 <data/grugraImages/univ.pdf>] <xymatrix 3x2 231> <xymatrix 2x2 141>
<xymatrix 2x2 141> <xymatrix 2x2 141> [28] [29]
<grugraImages/PSL.pdf, id=2693, 297.11pt x 108.405pt>
File: grugraImages/PSL.pdf Graphic file (type pdf)

<use grugraImages/PSL.pdf>
Package pdftex.def Info: grugraImages/PSL.pdf used on input line 1403.
(pdftex.def)             Requested size: 297.10927pt x 108.40472pt.
 [30 <data/grugraImages/PSL.pdf>] <xymatrix 2x2 130>
[31] <xymatrix 3x3 366> <xymatrix 3x2 190> <xymatrix 3x3 325> [32] <xymatrix
3x2 231> <xymatrix 2x2 137>
Overfull \hbox (7.53015pt too wide) in paragraph at lines 1582--1586
[]\OT1/cmr/m/n/12 Dieses Bei-spiel zeigt, dass das amal-ga-mier-te Pro-dukt von
 den $\OML/cmm/m/it/12 []$ \OT1/cmr/m/n/12 abh[]angt.
 []

<xymatrix 3x3 202> [33] <xymatrix 3x3 202> <xymatrix 3x3 325> [34] [35]
[36] [37] [38]
Overfull \hbox (38.5333pt too wide) in paragraph at lines 1875--1879
\OT1/cmr/m/n/12 hei^^Yt \OT1/cmr/bx/n/12 Graph von Grup-pen[][]\OT1/cmr/m/n/12 
. Wir ver-wen-den auch die Kurz-form $\U/rsfs/m/n/12 G \OT1/cmr/m/n/12 = ([]\OM
L/cmm/m/it/12 ; G[]; G[]; []\OT1/cmr/m/n/12 )$. 
 []

File: grugraImages/cay1.pdf Graphic file (type pdf)
<use grugraImages/cay1.pdf>
Package pdftex.def Info: grugraImages/cay1.pdf used on input line 1886.
(pdftex.def)             Requested size: 237.88815pt x 40.14989pt.

<grugraImages/cay1sub.pdf, id=2897, 278.03876pt x 40.15pt>
File: grugraImages/cay1sub.pdf Graphic file (type pdf)

<use grugraImages/cay1sub.pdf>
Package pdftex.def Info: grugraImages/cay1sub.pdf used on input line 1893.
(pdftex.def)             Requested size: 278.03807pt x 40.14989pt.

<grugraImages/cay1subquot.pdf, id=2898, 159.59625pt x 49.18375pt>
File: grugraImages/cay1subquot.pdf Graphic file (type pdf)

<use grugraImages/cay1subquot.pdf>
Package pdftex.def Info: grugraImages/cay1subquot.pdf used on input line 1897.
(pdftex.def)             Requested size: 159.59584pt x 49.18361pt.

<grugraImages/GvG1.pdf, id=2899, 146.5475pt x 53.19875pt>
File: grugraImages/GvG1.pdf Graphic file (type pdf)

<use grugraImages/GvG1.pdf>
Package pdftex.def Info: grugraImages/GvG1.pdf used on input line 1902.
(pdftex.def)             Requested size: 146.54712pt x 53.19861pt.
 [39 <data/grugraImages/cay1sub.pdf> <data/grugraImages/cay1subquot.pdf>]
<grugraImages/fundbereich.pdf, id=3051, 388.45125pt x 226.8475pt>
File: grugraImages/fundbereich.pdf Graphic file (type pdf)

<use grugraImages/fundbereich.pdf>
Package pdftex.def Info: grugraImages/fundbereich.pdf used on input line 1933.
(pdftex.def)             Requested size: 388.45029pt x 226.84694pt.

Overfull \hbox (27.82498pt too wide) in paragraph at lines 1933--1934
 [] 
 []


Underfull \vbox (badness 1253) has occurred while \output is active []

 [40 <data/grugraImages/GvG1.pdf>] <grugraImages/rho.pdf, id=3087, 190.7125pt x
 64.24pt>
File: grugraImages/rho.pdf Graphic file (type pdf)

<use grugraImages/rho.pdf>
Package pdftex.def Info: grugraImages/rho.pdf used on input line 1940.
(pdftex.def)             Requested size: 190.71202pt x 64.23984pt.

<grugraImages/Hbaum.pdf, id=3088, 513.92pt x 235.88126pt>
File: grugraImages/Hbaum.pdf Graphic file (type pdf)

<use grugraImages/Hbaum.pdf>
Package pdftex.def Info: grugraImages/Hbaum.pdf used on input line 1949.
(pdftex.def)             Requested size: 426.79134pt x 195.89296pt.

Overfull \hbox (66.16603pt too wide) in paragraph at lines 1949--1950
 [] 
 []


Underfull \vbox (badness 1515) has occurred while \output is active []

 [41 <data/grugraImages/fundbereich.pdf> <data/grugraImages/rho.pdf>]
<grugraImages/rhoquot.pdf, id=3387, 144.54pt x 60.225pt>
File: grugraImages/rhoquot.pdf Graphic file (type pdf)

<use grugraImages/rhoquot.pdf>
Package pdftex.def Info: grugraImages/rhoquot.pdf used on input line 1953.
(pdftex.def)             Requested size: 144.53963pt x 60.22484pt.
 [42 <data/grugraImages/Hbaum.pdf> <data/grugraImages/rhoquot.pdf>] <grugraImag
es/segment.pdf, id=3706, 123.46124pt x 52.195pt>
File: grugraImages/segment.pdf Graphic file (type pdf)

<use grugraImages/segment.pdf>
Package pdftex.def Info: grugraImages/segment.pdf used on input line 1986.
(pdftex.def)             Requested size: 123.46092pt x 52.19487pt.
 [43 <data/grugraImages/segment.pdf>]
<grugraImages/pql.pdf, id=3742, 230.8625pt x 110.4125pt>
File: grugraImages/pql.pdf Graphic file (type pdf)

<use grugraImages/pql.pdf>
Package pdftex.def Info: grugraImages/pql.pdf used on input line 2066.
(pdftex.def)             Requested size: 230.86192pt x 110.41222pt.
 [44 <data/grugraImages/pql.pdf>] [45]
<grugraImages/GT1.pdf, id=3900, 198.7425pt x 138.5175pt>
File: grugraImages/GT1.pdf Graphic file (type pdf)

<use grugraImages/GT1.pdf>
Package pdftex.def Info: grugraImages/GT1.pdf used on input line 2181.
(pdftex.def)             Requested size: 198.742pt x 138.51715pt.
 [46 <data/grugraImages/GT1.pdf>] [47]
<grugraImages/winjektiv.pdf, id=4023, 390.45876pt x 82.3075pt>
File: grugraImages/winjektiv.pdf Graphic file (type pdf)

<use grugraImages/winjektiv.pdf>
Package pdftex.def Info: grugraImages/winjektiv.pdf used on input line 2303.
(pdftex.def)             Requested size: 390.4578pt x 82.30728pt.

Overfull \hbox (29.83249pt too wide) in paragraph at lines 2303--2304
 [] 
 []

[48]
Underfull \hbox (badness 10000) in paragraph at lines 2347--2351

 []

[49 <data/grugraImages/winjektiv.pdf>]
<grugraImages/L.pdf, id=4107, 116.435pt x 55.20625pt>
File: grugraImages/L.pdf Graphic file (type pdf)
 <use grugraImages/L.pdf>
Package pdftex.def Info: grugraImages/L.pdf used on input line 2363.
(pdftex.def)             Requested size: 116.43471pt x 55.2061pt.

<grugraImages/XiF2.pdf, id=4108, 262.9825pt x 117.43875pt>
File: grugraImages/XiF2.pdf Graphic file (type pdf)

<use grugraImages/XiF2.pdf>
Package pdftex.def Info: grugraImages/XiF2.pdf used on input line 2389.
(pdftex.def)             Requested size: 262.98184pt x 117.43845pt.
 [50 <data/grugraImages/L.pdf> <data/grugraImages/XiF2.pdf>] <grugraImages/Glim
es.pdf, id=4301, 266.9975pt x 65.24374pt>
File: grugraImages/Glimes.pdf Graphic file (type pdf)

<use grugraImages/Glimes.pdf>
Package pdftex.def Info: grugraImages/Glimes.pdf used on input line 2421.
(pdftex.def)             Requested size: 266.99683pt x 65.24358pt.
 [51 <data/grugraImages/Glimes.pdf>]
Overfull \hbox (32.90768pt too wide) in paragraph at lines 2495--2495
[]\OT1/cmr/bx/n/17.28 Fundamentalgruppe ei-nes Gra-phen von Grup-
 []


Overfull \hbox (2.7845pt too wide) in paragraph at lines 2498--2503
[]\OT1/cmr/m/n/12 Es sei $\U/rsfs/m/n/12 G \OT1/cmr/m/n/12 = (^^@\OML/cmm/m/it/
12 ; G[]; G[]; []; []\OT1/cmr/m/n/12 )$ ein Graph
 []

[52]
Overfull \hbox (65.71567pt too wide) detected at line 2582
\OML/cmm/m/it/12 ^^Y[]\OT1/cmr/m/n/12 (\U/rsfs/m/n/12 G\OML/cmm/m/it/12 ; x[]\O
T1/cmr/m/n/12 ) := \OMS/cmsy/m/n/12 f\OML/cmm/m/it/12 g \OMS/cmsy/m/n/12 2 \OT1
/cmr/m/n/12 F(\U/rsfs/m/n/12 G\OT1/cmr/m/n/12 ) : []\OMS/cmsy/m/n/12 g\OML/cmm/
m/it/12 :
 []

[53]
Overfull \hbox (0.41028pt too wide) in paragraph at lines 2643--2650
\OT1/cmr/m/n/12 Es ist $\OML/cmm/m/it/12 p\OT1/cmr/m/n/12 (\OML/cmm/m/it/12 ^^M
[]\OT1/cmr/m/n/12 ) = 1$ f[]ur al-le $\OML/cmm/m/it/12 x \OMS/cmsy/m/n/12 2 \OM
L/cmm/m/it/12 E\OT1/cmr/m/n/12 (^^@)$ und $\OML/cmm/m/it/12 p \OMS/cmsy/m/n/12 
^^N \OML/cmm/m/it/12 f \OT1/cmr/m/n/12 = []$. Sei $\OML/cmm/m/it/12 g \OT1/cmr/
m/n/12 = \OML/cmm/m/it/12 h[]g[]h[]g[] [] g[]h[] \OMS/cmsy/m/n/12 2
 []

[54] <grugraImages/T01.pdf, id=4456, 384.43625pt x 159.59625pt>
File: grugraImages/T01.pdf Graphic file (type pdf)

<use grugraImages/T01.pdf>
Package pdftex.def Info: grugraImages/T01.pdf used on input line 2670.
(pdftex.def)             Requested size: 384.4353pt x 159.59584pt.

<grugraImages/T02.pdf, id=4457, 384.43625pt x 155.58125pt>
File: grugraImages/T02.pdf Graphic file (type pdf)

<use grugraImages/T02.pdf>
Package pdftex.def Info: grugraImages/T02.pdf used on input line 2677.
(pdftex.def)             Requested size: 384.4353pt x 155.58086pt.
 [55 <data/grugraImages/T01.pdf>] [56 <data/grugraImages/T02.pdf>] <grugraImage
s/T0T1.pdf, id=4720, 230.8625pt x 197.73875pt>
File: grugraImages/T0T1.pdf Graphic file (type pdf)

<use grugraImages/T0T1.pdf>
Package pdftex.def Info: grugraImages/T0T1.pdf used on input line 2728.
(pdftex.def)             Requested size: 230.86192pt x 197.73827pt.
 [57 <data/grugraImages/T0T1.pdf>]
Overfull \hbox (1.06264pt too wide) in paragraph at lines 2762--2764
[]\OT1/cmr/m/n/12 Der um-fang-rei-che Be-weis die-ser Pro-po-si-ti-on folgt am 
En-de des Ab-schnitts. 
 []

[58] [59]
Overfull \hbox (3.08289pt too wide) in paragraph at lines 2921--2932
[]\OT1/cmr/m/sc/12 Beweis: \OT1/cmr/m/n/12 Es sei $^^@$ ein Baum mit Ecken $\OM
L/cmm/m/it/12 x[]$\OT1/cmr/m/n/12 , $\OML/cmm/m/it/12 i \OMS/cmsy/m/n/12 2 \OML
/cmm/m/it/12 I$\OT1/cmr/m/n/12 , und $\U/rsfs/m/n/12 G \OT1/cmr/m/n/12 = (^^@\O
ML/cmm/m/it/12 ; G[]; \OMS/cmsy/m/n/12 f\OT1/cmr/m/n/12 1\OMS/cmsy/m/n/12 g\OML
/cmm/m/it/12 ; []; []\OT1/cmr/m/n/12 )$
 []

[60] [61] [62

] [63]
LaTeX Font Info:    Try loading font information for U+euf on input line 3026.
 (/usr/share/texlive/texmf-dist/tex/latex/amsfonts/ueuf.fd
File: ueuf.fd 2013/01/14 v3.01 Euler Fraktur
)
[64]
Overfull \hbox (7.0742pt too wide) in paragraph at lines 3066--3068
[]\OT1/cmr/m/n/12 Die In-klu-si-on $\U/bbm/m/n/12 Z \OML/cmm/m/it/12 ,[]\OMS/cm
sy/m/n/12 ! \U/bbm/m/n/12 Z[]$ \OT1/cmr/m/n/12 in-du-ziert ei-ne In-klu-si-on $
\U/bbm/m/n/12 Q \OML/cmm/m/it/12 ,[]\OMS/cmsy/m/n/12 ! \U/bbm/m/n/12 Q[]$ \OT1/
cmr/m/n/12 (d.h. $[](\U/bbm/m/n/12 Q[]\OT1/cmr/m/n/12 ) =
 []

[65]
Overfull \hbox (0.13449pt too wide) in paragraph at lines 3116--3118
[]\OT1/cmr/m/n/12 Jedes Drei-eck in $\U/bbm/m/n/12 Q[]$ \OT1/cmr/m/n/12 ist gle
ich-schenk-lig, und die drit-te Sei-te ist h[]ochstens
 []


Overfull \hbox (25.57738pt too wide) in paragraph at lines 3127--3127
[] 
 []

[66] [67] <grugraImages/kreisQp.pdf, id=4891, 172.645pt x 115.43124pt>
File: grugraImages/kreisQp.pdf Graphic file (type pdf)

<use grugraImages/kreisQp.pdf>
Package pdftex.def Info: grugraImages/kreisQp.pdf used on input line 3211.
(pdftex.def)             Requested size: 172.64456pt x 115.43095pt.
 [68 <data/grugraImages/kreisQp.pdf>]
<grugraImages/R1R2.pdf, id=4994, 447.6725pt x 78.2925pt>
File: grugraImages/R1R2.pdf Graphic file (type pdf)

<use grugraImages/R1R2.pdf>
Package pdftex.def Info: grugraImages/R1R2.pdf used on input line 3285.
(pdftex.def)             Requested size: 447.6714pt x 78.2923pt.

Overfull \hbox (87.0461pt too wide) in paragraph at lines 3285--3286
 [] 
 []

[69 <data/grugraImages/R1R2.pdf>]
<grugraImages/strahlen.pdf, id=5049, 298.11375pt x 96.36pt>
File: grugraImages/strahlen.pdf Graphic file (type pdf)

<use grugraImages/strahlen.pdf>
Package pdftex.def Info: grugraImages/strahlen.pdf used on input line 3345.
(pdftex.def)             Requested size: 298.11302pt x 96.35974pt.
 [70 <data/grugraImages/strahlen.pdf>]
<grugraImages/enden1.pdf, id=5165, 86.3225pt x 90.3375pt>
File: grugraImages/enden1.pdf Graphic file (type pdf)

<use grugraImages/enden1.pdf>
Package pdftex.def Info: grugraImages/enden1.pdf used on input line 3394.
(pdftex.def)             Requested size: 86.32227pt x 90.33727pt.
 [71 <data/grugraImages/enden1.pdf>]
<grugraImages/enden2.pdf, id=5204, 143.53625pt x 126.4725pt>
File: grugraImages/enden2.pdf Graphic file (type pdf)

<use grugraImages/enden2.pdf>
Package pdftex.def Info: grugraImages/enden2.pdf used on input line 3410.
(pdftex.def)             Requested size: 143.53589pt x 126.47218pt.
 [72 <data/grugraImages/enden2.pdf>]
Overfull \hbox (86.83504pt too wide) detected at line 3505
\OML/cmm/m/it/12 g \OT1/cmr/m/n/12 = [] = [] \OML/cmm/m/it/12 :
 []

[73] <grugraImages/abc.pdf, id=5318, 146.5475pt x 132.495pt>
File: grugraImages/abc.pdf Graphic file (type pdf)

<use grugraImages/abc.pdf>
Package pdftex.def Info: grugraImages/abc.pdf used on input line 3550.
(pdftex.def)             Requested size: 146.54712pt x 132.49466pt.
 [74 <data/grugraImages/abc.pdf>]
<grugraImages/pglAktion.pdf, id=5456, 218.8175pt x 329.23pt>
File: grugraImages/pglAktion.pdf Graphic file (type pdf)

<use grugraImages/pglAktion.pdf>
Package pdftex.def Info: grugraImages/pglAktion.pdf used on input line 3595.
(pdftex.def)             Requested size: 218.81696pt x 329.22919pt.

Underfull \vbox (badness 10000) has occurred while \output is active []

 [75]
Overfull \hbox (2.76399pt too wide) in paragraph at lines 3597--3600
\OT1/cmr/m/n/12 dass be-nach-bar-te Ecken auf be-nach-bar-te Ecken ab-ge-bil-de
t wer-den. Auch
 []

<grugraImages/vertauscht.pdf, id=5461, 229.85875pt x 88.33pt>
File: grugraImages/vertauscht.pdf Graphic file (type pdf)

<use grugraImages/vertauscht.pdf>
Package pdftex.def Info: grugraImages/vertauscht.pdf used on input line 3612.
(pdftex.def)             Requested size: 229.85817pt x 88.32977pt.
 [76 <data/grugraImages/pglAktion.pdf> <data/grugraImages/vertauscht.pdf>]
Overfull \hbox (2.69865pt too wide) in paragraph at lines 3623--3625
[]\OT1/cmr/m/sc/12 Beweis: $[][]\OT1/cmr/m/n/12 (\U/bbm/m/n/12 Q[]\OT1/cmr/m/n/
12 )$ ope-riert tran-si-tiv auf den Tri-peln ver-schie-de-ner Punk-
 []

<grugraImages/pglQuotient.pdf, id=5780, 205.76875pt x 36.135pt>
File: grugraImages/pglQuotient.pdf Graphic file (type pdf)

<use grugraImages/pglQuotient.pdf>
Package pdftex.def Info: grugraImages/pglQuotient.pdf used on input line 3640.
(pdftex.def)             Requested size: 205.76823pt x 36.13489pt.
 [77 <data/grugraImages/pglQuotient.pdf>]
Overfull \hbox (39.94598pt too wide) in paragraph at lines 3736--3749
\OT1/cmr/bx/n/12 M\OT1/cmr/m/n/12 ([]\OML/cmm/m/it/12 ; []; []\OT1/cmr/m/n/12 )
 = \OT1/cmr/bx/n/12 K[]\OT1/cmr/m/n/12 (0)$. Oh-ne Ein-schr[]ankung d[]urfen wi
r $\OT1/cmr/bx/n/12 M\OT1/cmr/m/n/12 ([]\OML/cmm/m/it/12 ; []; []\OT1/cmr/m/n/1
2 ) = \OT1/cmr/bx/n/12 K[]\OT1/cmr/m/n/12 ([]) =
 []

[78] [79]
Overfull \hbox (15.99826pt too wide) in paragraph at lines 3890--3908
[]\OT1/cmr/m/sc/12 Beweis: \OT1/cmr/m/n/12 Es ist $[]$ in der Fix-grup-pe von $
\U/msa/m/n/12 ^^G$\OT1/cmr/m/n/12 , al-so $[][][](\U/bbm/m/n/12 Z[]\OT1/cmr/m/n
/12 )\OML/cmm/m/it/12 ; [][] \OMS/cmsy/m/n/12 ^^T
 []

<grugraImages/Kkante.pdf, id=5832, 145.54375pt x 45.16875pt>
File: grugraImages/Kkante.pdf Graphic file (type pdf)

<use grugraImages/Kkante.pdf>
Package pdftex.def Info: grugraImages/Kkante.pdf used on input line 3939.
(pdftex.def)             Requested size: 145.54338pt x 45.16862pt.
 [80 <data/grugraImages/Kkante.pdf>]
<grugraImages/Ki.pdf, id=5885, 173.64874pt x 108.405pt>
File: grugraImages/Ki.pdf Graphic file (type pdf)

<use grugraImages/Ki.pdf>
Package pdftex.def Info: grugraImages/Ki.pdf used on input line 3953.
(pdftex.def)             Requested size: 173.64832pt x 108.40472pt.
 [81 <data/grugraImages/Ki.pdf>]
<grugraImages/A0.pdf, id=5969, 274.02374pt x 68.255pt>
File: grugraImages/A0.pdf Graphic file (type pdf)

<use grugraImages/A0.pdf>
Package pdftex.def Info: grugraImages/A0.pdf used on input line 4029.
(pdftex.def)             Requested size: 274.02307pt x 68.25482pt.

<grugraImages/Aalpha.pdf, id=5970, 243.91125pt x 101.37875pt>
File: grugraImages/Aalpha.pdf Graphic file (type pdf)

<use grugraImages/Aalpha.pdf>
Package pdftex.def Info: grugraImages/Aalpha.pdf used on input line 4047.
(pdftex.def)             Requested size: 243.91064pt x 101.3785pt.
 [82 <data/grugraImages/A0.pdf>] [83 <data/grugraImages/Aalpha.pdf>] [84]
<grugraImages/ihara1.pdf, id=6237, 259.97125pt x 143.53625pt>
File: grugraImages/ihara1.pdf Graphic file (type pdf)

<use grugraImages/ihara1.pdf>
Package pdftex.def Info: grugraImages/ihara1.pdf used on input line 4189.
(pdftex.def)             Requested size: 259.97061pt x 143.53589pt.
 [85 <data/grugraImages/ihara1.pdf>]
<grugraImages/ihara2.pdf, id=6395, 217.81375pt x 98.3675pt>
File: grugraImages/ihara2.pdf Graphic file (type pdf)

<use grugraImages/ihara2.pdf>
Package pdftex.def Info: grugraImages/ihara2.pdf used on input line 4237.
(pdftex.def)             Requested size: 217.8132pt x 98.36723pt.
 [86 <data/grugraImages/ihara2.pdf>] [87] [88

]
<grugraImages/UinC.pdf, id=6499, 191.71625pt x 163.61125pt>
File: grugraImages/UinC.pdf Graphic file (type pdf)

<use grugraImages/UinC.pdf>
Package pdftex.def Info: grugraImages/UinC.pdf used on input line 4308.
(pdftex.def)             Requested size: 191.71577pt x 163.61084pt.
 [89 <data/grugraImages/UinC.pdf>]
<grugraImages/Torus.pdf, id=6593, 260.975pt x 165.61874pt>
File: grugraImages/Torus.pdf Graphic file (type pdf)

<use grugraImages/Torus.pdf>
Package pdftex.def Info: grugraImages/Torus.pdf used on input line 4329.
(pdftex.def)             Requested size: 260.97437pt x 165.61833pt.

<grugraImages/cuspTorus.pdf, id=6594, 327.2225pt x 150.5625pt>
File: grugraImages/cuspTorus.pdf Graphic file (type pdf)

<use grugraImages/cuspTorus.pdf>
Package pdftex.def Info: grugraImages/cuspTorus.pdf used on input line 4357.
(pdftex.def)             Requested size: 327.2217pt x 150.56212pt.
 [90 <data/grugraImages/Torus.pdf>] [91 <data/grugraImages/cuspTorus.pdf>]
Overfull \hbox (36.58427pt too wide) in paragraph at lines 4446--4446
[]\OT1/cmr/bx/n/17.28 Diskontinuierliche Un-ter-grup-pen von $[][]\OT1/cmr/m/n/
17.28 (\U/bbm/m/n/17.28 Q[]\OT1/cmr/m/n/17.28 )$ 
 []

[92] [93]
Overfull \hbox (4.35934pt too wide) in paragraph at lines 4575--4578
\OT1/cmr/m/n/12 Dieser Graph ist nach Kon-struk-ti-on $\OML/cmm/m/it/12 G$\OT1/
cmr/m/n/12 -invariant. $\OML/cmm/m/it/12 T[]\OT1/cmr/m/n/12 (\OML/cmm/m/it/12 G
\OT1/cmr/m/n/12 )$ ist zu-sam-menh[]angend,
 []

[94]
Overfull \hbox (1.60878pt too wide) in paragraph at lines 4619--4622
\OT1/cmr/m/n/12 phen von Grup-pen zu $^^@[]$ und $\OML/cmm/m/it/12 C \OT1/cmr/m
/n/12 = \OML/cmm/m/it/12 G[]$\OT1/cmr/m/n/12 . Dann ist $\OML/cmm/m/it/12 G \OT
1/cmr/m/n/12 = [](\OML/cmm/m/it/12 G[]; C; []; []\OT1/cmr/m/n/12 )$. 
 []

[95] [96] [97] [98] (./grugra.ind
Overfull \hbox (1.62148pt too wide) in paragraph at lines 35--36
[]$\OML/cmm/m/it/10.95 ^^Y[]\OT1/cmr/m/n/10.95 (^^@\OML/cmm/m/it/10.95 ; p\OT1/
cmr/m/n/10.95 )$, $\OML/cmm/m/it/10.95 ^^Y[]\OT1/cmr/m/n/10.95 (^^@)$ (Fun-da-m
en-tal-grup-pe), 23 
 []

[99

] [100] [101

]) (./grugra.aux)

LaTeX Warning: There were multiply-defined labels.

 ) 
Here is how much of TeX's memory you used:
 6540 strings out of 493304
 83327 string characters out of 6139872
 189989 words of memory out of 5000000
 9726 multiletter control sequences out of 15000+600000
 34358 words of font info for 144 fonts, out of 8000000 for 9000
 957 hyphenation exceptions out of 8191
 41i,16n,45p,1447b,460s stack positions out of 5000i,500n,10000p,200000b,80000s
 </home/travis/.texmf-var/fonts/pk/ljfour/public/bbm/bbm10.657pk> </home/trav
is/.texmf-var/fonts/pk/ljfour/public/bbm/bbmbx12.600pk> </home/travis/.texmf-va
r/fonts/pk/ljfour/public/bbm/bbm17.600pk> </home/travis/.texmf-var/fonts/pk/ljf
our/public/bbm/bbm17.864pk> </home/travis/.texmf-var/fonts/pk/ljfour/public/bbm
/bbm8.600pk> </home/travis/.texmf-var/fonts/pk/ljfour/public/bbm/bbm12.600pk> <
/home/travis/.texmf-var/fonts/pk/ljfour/public/bbm/bbm12.720pk></usr/share/texl
ive/texmf-dist/fonts/type1/public/amsfonts/cm/cmbx10.pfb></usr/share/texlive/te
xmf-dist/fonts/type1/public/amsfonts/cm/cmbx12.pfb></usr/share/texlive/texmf-di
st/fonts/type1/public/amsfonts/cm/cmbx8.pfb></usr/share/texlive/texmf-dist/font
s/type1/public/amsfonts/cm/cmcsc10.pfb></usr/share/texlive/texmf-dist/fonts/typ
e1/public/amsfonts/cm/cmex10.pfb></usr/share/texlive/texmf-dist/fonts/type1/pub
lic/amsfonts/cm/cmmi10.pfb></usr/share/texlive/texmf-dist/fonts/type1/public/am
sfonts/cm/cmmi12.pfb></usr/share/texlive/texmf-dist/fonts/type1/public/amsfonts
/cm/cmmi6.pfb></usr/share/texlive/texmf-dist/fonts/type1/public/amsfonts/cm/cmm
i8.pfb></usr/share/texlive/texmf-dist/fonts/type1/public/amsfonts/cmextra/cmmib
8.pfb></usr/share/texlive/texmf-dist/fonts/type1/public/amsfonts/cm/cmr10.pfb><
/usr/share/texlive/texmf-dist/fonts/type1/public/amsfonts/cm/cmr12.pfb></usr/sh
are/texlive/texmf-dist/fonts/type1/public/amsfonts/cm/cmr17.pfb></usr/share/tex
live/texmf-dist/fonts/type1/public/amsfonts/cm/cmr6.pfb></usr/share/texlive/tex
mf-dist/fonts/type1/public/amsfonts/cm/cmr8.pfb></usr/share/texlive/texmf-dist/
fonts/type1/public/amsfonts/cm/cmsl12.pfb></usr/share/texlive/texmf-dist/fonts/
type1/public/amsfonts/cm/cmss10.pfb></usr/share/texlive/texmf-dist/fonts/type1/
public/amsfonts/cm/cmss12.pfb></usr/share/texlive/texmf-dist/fonts/type1/public
/amsfonts/cm/cmss8.pfb></usr/share/texlive/texmf-dist/fonts/type1/public/amsfon
ts/cm/cmssbx10.pfb></usr/share/texlive/texmf-dist/fonts/type1/public/amsfonts/c
m/cmsy10.pfb></usr/share/texlive/texmf-dist/fonts/type1/public/amsfonts/cm/cmsy
6.pfb></usr/share/texlive/texmf-dist/fonts/type1/public/amsfonts/cm/cmsy8.pfb><
/usr/share/texlive/texmf-dist/fonts/type1/public/amsfonts/euler/eufm10.pfb></us
r/share/texlive/texmf-dist/fonts/type1/public/amsfonts/euler/eusm10.pfb></usr/s
hare/texlive/texmf-dist/fonts/type1/public/amsfonts/symbols/msam10.pfb></usr/sh
are/texlive/texmf-dist/fonts/type1/public/amsfonts/symbols/msbm10.pfb></usr/sha
re/texlive/texmf-dist/fonts/type1/public/rsfs/rsfs10.pfb></usr/share/texlive/te
xmf-dist/fonts/type1/public/xypic/xyatip10.pfb></usr/share/texlive/texmf-dist/f
onts/type1/public/xypic/xybtip10.pfb>
Output written on grugra.pdf (105 pages, 1560908 bytes).
PDF statistics:
 6856 PDF objects out of 7423 (max. 8388607)
 5043 compressed objects within 51 object streams
 0 named destinations out of 1000 (max. 500000)
 366 words of extra memory for PDF output out of 10000 (max. 10000000)

