
Running /usr/bin/pdflatex grugra.tex in an env with 4 entries:
This is pdfTeX, Version 3.1415926-2.5-1.40.14 (TeX Live 2013/Debian)
 restricted \write18 enabled.
entering extended mode
(data/grugra.tex
LaTeX2e <2011/06/27>
Babel <3.9h> and hyphenation patterns for 78 languages loaded.
(/usr/share/texlive/texmf-dist/tex/latex/base/article.cls
Document Class: article 2007/10/19 v1.4h Standard LaTeX document class
(/usr/share/texlive/texmf-dist/tex/latex/base/size12.clo)) (data/latexki.sty)
(data/grugraStyle.sty
(/usr/share/texlive/texmf-dist/tex/generic/german/german.sty v2.5e 1998-07-08)
(/usr/share/texlive/texmf-dist/tex/latex/base/inputenc.sty
(/usr/share/texlive/texmf-dist/tex/latex/base/utf8.def
(/usr/share/texlive/texmf-dist/tex/latex/base/t1enc.dfu)
(/usr/share/texlive/texmf-dist/tex/latex/base/ot1enc.dfu)
(/usr/share/texlive/texmf-dist/tex/latex/base/omsenc.dfu)))
(/usr/share/texlive/texmf-dist/tex/latex/amsfonts/amssymb.sty
(/usr/share/texlive/texmf-dist/tex/latex/amsfonts/amsfonts.sty))
(/usr/share/texlive/texmf-dist/tex/latex/amsmath/amsmath.sty
For additional information on amsmath, use the `?' option.
(/usr/share/texlive/texmf-dist/tex/latex/amsmath/amstext.sty
(/usr/share/texlive/texmf-dist/tex/latex/amsmath/amsgen.sty))
(/usr/share/texlive/texmf-dist/tex/latex/amsmath/amsbsy.sty)
(/usr/share/texlive/texmf-dist/tex/latex/amsmath/amsopn.sty))
(/usr/share/texlive/texmf-dist/tex/latex/tools/xspace.sty)
(/usr/share/texlive/texmf-dist/tex/latex/mfnfss/oldgerm.sty)
(/usr/share/texlive/texmf-dist/tex/latex/graphics/epsfig.sty
(/usr/share/texlive/texmf-dist/tex/latex/graphics/graphicx.sty
(/usr/share/texlive/texmf-dist/tex/latex/graphics/keyval.sty)
(/usr/share/texlive/texmf-dist/tex/latex/graphics/graphics.sty
(/usr/share/texlive/texmf-dist/tex/latex/graphics/trig.sty)
(/usr/share/texlive/texmf-dist/tex/latex/latexconfig/graphics.cfg)
(/usr/share/texlive/texmf-dist/tex/latex/pdftex-def/pdftex.def
(/usr/share/texlive/texmf-dist/tex/generic/oberdiek/infwarerr.sty)
(/usr/share/texlive/texmf-dist/tex/generic/oberdiek/ltxcmds.sty)))))
(/usr/share/texlive/texmf-dist/tex/latex/bbm-macros/bbm.sty)
(/usr/share/texlive/texmf-dist/tex/latex/base/makeidx.sty)
(/usr/share/texlive/texmf-dist/tex/latex/tools/theorem.sty
(/usr/share/texlive/texmf-dist/tex/latex/tools/thp.sty))
(/usr/share/texlive/texmf-dist/tex/latex/jknapltx/mathrsfs.sty)
(/usr/share/texlive/texmf-dist/tex/latex/fancyhdr/fancyhdr.sty)
(/usr/share/texlive/texmf-dist/tex/generic/xypic/xypic.sty
(/usr/share/texlive/texmf-dist/tex/generic/xypic/xy.sty
(/usr/share/texlive/texmf-dist/tex/generic/xypic/xy.tex Bootstrap'ing:
catcodes, docmode, (/usr/share/texlive/texmf-dist/tex/generic/xypic/xyrecat.tex
) (/usr/share/texlive/texmf-dist/tex/generic/xypic/xyidioms.tex)

 Xy-pic version 3.8.9 <2013/10/06>
 Copyright (c) 1991-2013 by Kristoffer H. Rose <krisrose@tug.org> and others
 Xy-pic is free software: see the User's Guide for details.

Loading kernel: messages; fonts; allocations: state, direction,
utility macros; pictures: \xy, positions, objects, decorations;
kernel objects: directionals, circles, text; options; algorithms: directions,
edges, connections;  Xy-pic loaded)
(/usr/share/texlive/texmf-dist/tex/generic/oberdiek/ifpdf.sty)

LaTeX Warning: You have requested package `xypic',
               but the package provides `xy'.

(/usr/share/texlive/texmf-dist/tex/generic/xypic/xypdf.tex
 Xy-pic option: PDF driver v.1.7 loaded))
(/usr/share/texlive/texmf-dist/tex/generic/xypic/xyv2.tex
 Xy-pic option: Version 2 Compatibility v.3.8

Xy-pic Warning: `\stop' redefined.

(/usr/share/texlive/texmf-dist/tex/generic/xypic/xyframe.tex
 Xy-pic option: Frame and Bracket extension v.3.14 loaded)
Xy-pic pdf driver: `frame' extension support
(/usr/share/texlive/texmf-dist/tex/generic/xypic/xypdf-fr.tex
(/usr/share/texlive/texmf-dist/tex/generic/xypic/xycurve.tex
 Xy-pic option: Curve and Spline extension v.3.12 curve, circles, loaded)
Xy-pic pdf driver: `curve' extension support
(/usr/share/texlive/texmf-dist/tex/generic/xypic/xypdf-cu.tex loaded) loaded)
(/usr/share/texlive/texmf-dist/tex/generic/xypic/xymatrix.tex
 Xy-pic option: Matrix feature v.3.14 loaded)
(/usr/share/texlive/texmf-dist/tex/generic/xypic/xyarrow.tex
 Xy-pic option: Arrow and Path feature v.3.9 path, \ar, loaded) loaded))
(/usr/share/texlive/texmf-dist/tex/latex/psfrag/psfrag.sty)
(/usr/share/texlive/texmf-dist/tex/latex/graphics/color.sty
(/usr/share/texlive/texmf-dist/tex/latex/latexconfig/color.cfg))
(/usr/share/texlive/texmf-dist/tex/latex/amsfonts/eucal.sty)
(/usr/share/texlive/texmf-dist/tex/latex/cancel/cancel.sty))
Writing index file grugra.idx
No file grugra.aux.
(/usr/share/texlive/texmf-dist/tex/context/base/supp-pdf.mkii
[Loading MPS to PDF converter (version 2006.09.02).]
) (/usr/share/texlive/texmf-dist/tex/generic/oberdiek/pdftexcmds.sty
(/usr/share/texlive/texmf-dist/tex/generic/oberdiek/ifluatex.sty))
(/usr/share/texlive/texmf-dist/tex/latex/oberdiek/epstopdf-base.sty
(/usr/share/texlive/texmf-dist/tex/latex/oberdiek/grfext.sty
(/usr/share/texlive/texmf-dist/tex/generic/oberdiek/kvdefinekeys.sty))
(/usr/share/texlive/texmf-dist/tex/latex/oberdiek/kvoptions.sty
(/usr/share/texlive/texmf-dist/tex/generic/oberdiek/kvsetkeys.sty
(/usr/share/texlive/texmf-dist/tex/generic/oberdiek/etexcmds.sty)))
(/usr/share/texlive/texmf-dist/tex/latex/latexconfig/epstopdf-sys.cfg))
(/usr/share/texlive/texmf-dist/tex/latex/amsfonts/umsa.fd)
(/usr/share/texlive/texmf-dist/tex/latex/amsfonts/umsb.fd)
(/usr/share/texlive/texmf-dist/tex/latex/jknapltx/ursfs.fd)
<grugraImages/titel.pdf, id=1, 300.12125pt x 185.69376pt>
<use grugraImages/titel.pdf> [1
Non-PDF special ignored!{/var/lib/texmf/fonts/map/pdftex/updmap/pdftex.map} <da
ta/grugraImages/titel.pdf>] [2]
No file grugra.toc.

Package Fancyhdr Warning: \headheight is too small (12.0pt): 
 Make it at least 14.49998pt.
 We now make it that large for the rest of the document.
 This may cause the page layout to be inconsistent, however.

[3] [4]
Overfull \hbox (2.19177pt too wide) in paragraph at lines 82--84
[]\OT1/cmr/m/n/12 Mengenoperationen auf Gra-phen sind im-mer auf den ent-spre-c
hen-den Men-
<grugraImages/bspgraphen.pdf, id=165, 351.3125pt x 155.58125pt>
<use grugraImages/bspgraphen.pdf>
(/usr/share/texlive/texmf-dist/tex/latex/bbm-macros/ubbm.fd)

LaTeX Warning: Citation `diestel' on page 1 undefined on input line 94.

[1 <data/grugraImages/bspgraphen.pdf>]
Overfull \hbox (11.6812pt too wide) in paragraph at lines 96--97
[]\OT1/cmr/m/n/12 Es sei-en $^^@ = (\OML/cmm/m/it/12 E; K; I\OT1/cmr/m/n/12 )$ 
und $^^@[] = (\OML/cmm/m/it/12 E[]; K[]; I[]\OT1/cmr/m/n/12 )$
<grugraImages/Pn.pdf, id=207, 237.88875pt x 41.15375pt>
<use grugraImages/Pn.pdf> [2]
<grugraImages/kreis.pdf, id=214, 195.73125pt x 64.24pt>
<use grugraImages/kreis.pdf>
<grugraImages/doppelkante.pdf, id=215, 114.4275pt x 73.27374pt>
<use grugraImages/doppelkante.pdf> [3 <data/grugraImages/Pn.pdf> <data/grugraIm
ages/kreis.pdf>] <grugraImages/bspbaum.pdf, id=304, 382.42876pt x 99.37125pt>
<use grugraImages/bspbaum.pdf>
Overfull \hbox (8.38446pt too wide) in paragraph at lines 226--230
[][]$\OMS/cmsy/m/n/12 ($\OT1/cmr/m/n/12 \: Da es zwi-schen je zwei Ecken einen 
Weg gibt, ist $^^@$ zu-sam-menh[]angend.
[4 <data/grugraImages/doppelkante.pdf> <data/grugraImages/bspbaum.pdf>]
Overfull \hbox (5.20087pt too wide) in paragraph at lines 252--254
[]$\OT1/cmr/m/n/12 ^^@$ ist ge-nau dann zu-sam-menh[]angend, wenn $^^@ \OMS/cms
y/m/n/12 ^^@ \OML/cmm/m/it/12 x$ \OT1/cmr/m/n/12 zu-sam-menh[]angend
(/usr/share/texlive/texmf-dist/tex/latex/base/omscmr.fd) [5]

LaTeX Warning: Reference `prop_fix' on page 6 undefined on input line 305.

<grugraImages/unendldiam.pdf, id=353, 286.06876pt x 31.11626pt>
<use grugraImages/unendldiam.pdf>
Overfull \hbox (24.64246pt too wide) in paragraph at lines 314--316
[]\OT1/cmr/m/n/12 Jeder end-li-che Baum ent-steht aus $\OMS/cmsy/m/n/12 ^^O$ \O
T1/cmr/m/n/12 durch wie-der-hol-tes Anh[]angen
(/usr/share/texlive/texmf-dist/tex/latex/amsfonts/ueus.fd) [6 <data/grugraImage
s/unendldiam.pdf>]

LaTeX Warning: Reference `folg_endpkt' on page 7 undefined on input line 364.


Overfull \hbox (27.86845pt too wide) in paragraph at lines 370--373
[]\OT1/cmr/m/n/12 Sei $^^@$ ein Graph und $\OML/cmm/m/it/12 Z$ \OT1/cmr/m/n/12 
ein zu-sam-menh[]angen-
<grugraImages/GZ1.pdf, id=374, 324.21124pt x 113.42375pt>
<use grugraImages/GZ1.pdf> [7]
<grugraImages/GZ2.pdf, id=381, 122.4575pt x 66.2475pt>
<use grugraImages/GZ2.pdf>

LaTeX Warning: Reference `bem_GZ' on page 8 undefined on input line 428.


LaTeX Warning: Reference `bem_geschlecht' on page 8 undefined on input line 428
.

[8 <data/grugraImages/GZ1.pdf> <data/grugraImages/GZ2.pdf>]
<grugraImages/aut1.pdf, id=479, 115.43124pt x 40.15pt>
<use grugraImages/aut1.pdf>
<grugraImages/aut2.pdf, id=480, 130.4875pt x 72.27pt>
<use grugraImages/aut2.pdf>
Overfull \hbox (7.06685pt too wide) in paragraph at lines 464--466
\OT1/cmr/m/n/12 besteht $[](^^@)$ aus al-len Per-mu-ta-tio-nen der drei Ecken, 
al-so ist $[](^^@) []
<grugraImages/aut3.pdf, id=481, 130.4875pt x 72.27pt>
<use grugraImages/aut3.pdf> [9 <data/grugraImages/aut1.pdf> <data/grugraImages/
aut2.pdf> <data/grugraImages/aut3.pdf>]
<grugraImages/aut4.pdf, id=630, 122.4575pt x 108.405pt>
<use grugraImages/aut4.pdf>
<grugraImages/cay1.pdf, id=631, 237.88875pt x 40.15pt>
<use grugraImages/cay1.pdf>
<grugraImages/cay3.pdf, id=632, 237.88875pt x 51.19125pt>
<use grugraImages/cay3.pdf> [10 <data/grugraImages/aut4.pdf> <data/grugraImages
/cay1.pdf>] <grugraImages/cay2.pdf, id=751, 237.88875pt x 61.22874pt>
<use grugraImages/cay2.pdf>
<grugraImages/cay4.pdf, id=752, 128.48pt x 91.34125pt>
<use grugraImages/cay4.pdf>
Overfull \hbox (11.46625pt too wide) in paragraph at lines 522--524
[]$\OML/cmm/m/it/12 G \OT1/cmr/m/n/12 = S[]$ und $\OML/cmm/m/it/12 S \OT1/cmr/m
/n/12 = \OMS/cmsy/m/n/12 f\OML/cmm/m/it/12 ^^\ \OT1/cmr/m/n/12 = (1 2 3)\OML/cm
m/m/it/12 ; ^^[ \OT1/cmr/m/n/12 = (1 2)\OMS/cmsy/m/n/12 g$\OT1/cmr/m/n/12 . Es 
ist $S[] = \OMS/cmsy/m/n/12 f[]\OML/cmm/m/it/12 ; ^^\; ^^\[]; ^^[; ^^[^^\; ^^[^
^\[]\OMS/cmsy/m/n/12 g$\OT1/cmr/m/n/12 . 
<grugraImages/cay5.pdf, id=753, 193.72375pt x 168.63pt>
<use grugraImages/cay5.pdf> [11 <data/grugraImages/cay3.pdf> <data/grugraImages
/cay2.pdf> <data/grugraImages/cay4.pdf> <data/grugraImages/cay5.pdf>]

LaTeX Warning: Reference `bsp_cay' on page 12 undefined on input line 578.

<grugraImages/S3aktion.pdf, id=1068, 193.72375pt x 168.63pt>
<use grugraImages/S3aktion.pdf> [12]
Overfull \hbox (0.48514pt too wide) in paragraph at lines 597--599
[]\OT1/cmr/m/n/12 Die Zu-sam-men-hangs-kom-po-nen-ten von $^^@(\OML/cmm/m/it/12
 G; S\OT1/cmr/m/n/12 )$ ent-spre-chen bi-jek-tiv den

LaTeX Warning: Reference `bem_GRGS' on page 13 undefined on input line 609.


Overfull \hbox (10.3703pt too wide) in paragraph at lines 606--614
\OT1/cmr/m/n/12 Die Zu-sam-men-hangs-kom-po-nen-te $^^@[]$ von $^^@(\OML/cmm/m/
it/12 G; S\OT1/cmr/m/n/12 )$ ist iso-morph zu $^^@(\OML/cmm/m/it/12 G[]; S\OT1/
cmr/m/n/12 )$
[13 <data/grugraImages/S3aktion.pdf>]
Overfull \hbox (24.83403pt too wide) in paragraph at lines 646--649
[]\OT1/cmr/m/n/12 Es gibt einen ein-deu-tig be-stimm-ten Grup-pen-ho-mo-mor-phi
s-mus $\OML/cmm/m/it/12 % \OT1/cmr/m/n/12 : [](^^@) \OMS/cmsy/m/n/12 !
<xymatrix 2x2 182> [14]
Overfull \hbox (30.43037pt too wide) in paragraph at lines 695--699
[]\OT1/cmr/m/n/12 Betrachte die Klein-sche Vie-rer-grup-pe[] $\OML/cmm/m/it/12 
G \OT1/cmr/m/n/12 = V[](= D[]) = \OMS/cmsy/m/n/12 f\OT1/cmr/m/n/12 1\OML/cmm/m/
it/12 ; ^^[; ^^\; ^^[^^\\OMS/cmsy/m/n/12 g$
<grugraImages/klein41.pdf, id=1240, 172.645pt x 94.3525pt>
<use grugraImages/klein41.pdf>
<grugraImages/klein42.pdf, id=1241, 116.435pt x 95.35625pt>
<use grugraImages/klein42.pdf>
<grugraImages/klein43.pdf, id=1242, 116.435pt x 103.38625pt>
<use grugraImages/klein43.pdf> [15 <data/grugraImages/klein41.pdf> <data/grugra
Images/klein42.pdf>]

LaTeX Warning: Reference `satz_abzb' on page 16 undefined on input line 715.

<grugraImages/Ti.pdf, id=1397, 271.0125pt x 139.52126pt>
<use grugraImages/Ti.pdf>
<grugraImages/ggsi.pdf, id=1398, 211.79124pt x 44.165pt>
<use grugraImages/ggsi.pdf> [16 <data/grugraImages/klein43.pdf> <data/grugraIma
ges/Ti.pdf> <data/grugraImages/ggsi.pdf>] <xymatrix 2x2 141>
<grugraImages/quot1.pdf, id=1648, 98.3675pt x 53.19875pt>
<use grugraImages/quot1.pdf> [17]
<grugraImages/quot2.pdf, id=1652, 116.435pt x 53.19875pt>
<use grugraImages/quot2.pdf>
<grugraImages/quot3.pdf, id=1653, 120.45pt x 56.21pt>
<use grugraImages/quot3.pdf>
<grugraImages/quot3a.pdf, id=1654, 149.55875pt x 35.13126pt>
<use grugraImages/quot3a.pdf>
<grugraImages/quot3b.pdf, id=1655, 114.4275pt x 45.16875pt>
<use grugraImages/quot3b.pdf> [18 <data/grugraImages/quot1.pdf> <data/grugraIma
ges/quot2.pdf> <data/grugraImages/quot3.pdf> <data/grugraImages/quot3a.pdf> <da
ta/grugraImages/quot3b.pdf>]
<grugraImages/lift.pdf, id=1823, 274.02374pt x 90.3375pt>
<use grugraImages/lift.pdf>
<grugraImages/subdiv.pdf, id=1824, 284.06125pt x 84.315pt>
<use grugraImages/subdiv.pdf> [19 <data/grugraImages/lift.pdf>]

LaTeX Warning: Citation `lang' on page 20 undefined on input line 920.

[20 <data/grugraImages/subdiv.pdf>]
<grugraImages/Fxy.pdf, id=2016, 295.1025pt x 174.6525pt>
<use grugraImages/Fxy.pdf>

LaTeX Warning: Reference `bem_lift' on page 21 undefined on input line 975.


LaTeX Warning: Reference `prop_wald' on page 21 undefined on input line 986.

[21 <data/grugraImages/Fxy.pdf>]
Overfull \hbox (9.3188pt too wide) in paragraph at lines 990--1002
\OT1/cmr/m/n/12 sei $[] := \OML/cmm/m/it/12 K\OT1/cmr/m/n/12 ([][])$, set-ze $\
OML/cmm/m/it/12 S[] \OT1/cmr/m/n/12 := \OMS/cmsy/m/n/12 f\OML/cmm/m/it/12 s \OM
S/cmsy/m/n/12 2 \OML/cmm/m/it/12 G \OT1/cmr/m/n/12 : \OML/cmm/m/it/12 s \OT1/cm
r/m/n/12 = \OT1/cmss/m/n/12 t\OT1/cmr/m/n/12 (\OML/cmm/m/it/12 k\OT1/cmr/m/n/12
 )[]\OMS/cmsy/m/n/12 g$\OT1/cmr/m/n/12 .

LaTeX Warning: Reference `prop_freibaum' on page 22 undefined on input line 101
4.


LaTeX Warning: Reference `satz_frei' on page 22 undefined on input line 1026.

[22] <grugraImages/w1w2.pdf, id=2292, 333.245pt x 109.40875pt>
<use grugraImages/w1w2.pdf> [23 <data/grugraImages/w1w2.pdf>]
<grugraImages/pi1Z.pdf, id=2364, 157.58875pt x 55.20625pt>
<use grugraImages/pi1Z.pdf>
<grugraImages/pi1F2.pdf, id=2365, 196.735pt x 55.20625pt>
<use grugraImages/pi1F2.pdf>

LaTeX Warning: Reference `bem_GZ' on page 24 undefined on input line 1120.

[24 <data/grugraImages/pi1Z.pdf> <data/grugraImages/pi1F2.pdf>]
<grugraImages/phiZ.pdf, id=2462, 435.6275pt x 128.48pt>
<use grugraImages/phiZ.pdf>
Overfull \hbox (45.62643pt too wide) in paragraph at lines 1156--1157
 [] 
[25 <data/grugraImages/phiZ.pdf>]

LaTeX Warning: Reference `prop_zusfrei' on page 26 undefined on input line 1202
.


LaTeX Warning: Reference `prop_zusfrei' on page 26 undefined on input line 1223
.

[26] <grugraImages/univ.pdf, id=2620, 402.50375pt x 111.41624pt>
<use grugraImages/univ.pdf>
Overfull \hbox (12.50276pt too wide) in paragraph at lines 1233--1234
 [] 

LaTeX Warning: Citation `hatcher' on page 27 undefined on input line 1241.


LaTeX Warning: Reference `bsp_univ' on page 27 undefined on input line 1243.

[27 <data/grugraImages/univ.pdf>] <xymatrix 3x2 231> <xymatrix 2x2 141>
<xymatrix 2x2 141> <xymatrix 2x2 141> [28]

LaTeX Warning: Citation `lang' on page 29 undefined on input line 1377.

[29] <grugraImages/PSL.pdf, id=2691, 297.11pt x 108.405pt>
<use grugraImages/PSL.pdf> [30 <data/grugraImages/PSL.pdf>]

LaTeX Warning: Citation `serre' on page 31 undefined on input line 1455.

<xymatrix 2x2 130> [31] <xymatrix 3x3 366>

LaTeX Warning: Reference `prop_FP' on page 32 undefined on input line 1498.

<xymatrix 3x2 190> <xymatrix 3x3 325> [32] <xymatrix 3x2 231> <xymatrix 2x2
137>

LaTeX Warning: Reference `satz_segment' on page 33 undefined on input line 1578
.


Overfull \hbox (7.53015pt too wide) in paragraph at lines 1582--1586
[]\OT1/cmr/m/n/12 Dieses Bei-spiel zeigt, dass das amal-ga-mier-te Pro-dukt von
 den $\OML/cmm/m/it/12 []$ \OT1/cmr/m/n/12 abh[]angt.
<xymatrix 3x3 202> [33] <xymatrix 3x3 202> <xymatrix 3x3 325> [34] [35]
[36] [37] [38]
Overfull \hbox (38.5333pt too wide) in paragraph at lines 1875--1879
\OT1/cmr/m/n/12 hei^^Yt \OT1/cmr/bx/n/12 Graph von Grup-pen[][]\OT1/cmr/m/n/12 
. Wir ver-wen-den auch die Kurz-form $\U/rsfs/m/n/12 G \OT1/cmr/m/n/12 = ([]\OM
L/cmm/m/it/12 ; G[]; G[]; []\OT1/cmr/m/n/12 )$. 
<use grugraImages/cay1.pdf>
<grugraImages/cay1sub.pdf, id=2895, 278.03876pt x 40.15pt>
<use grugraImages/cay1sub.pdf>
<grugraImages/cay1subquot.pdf, id=2896, 159.59625pt x 49.18375pt>
<use grugraImages/cay1subquot.pdf>
<grugraImages/GvG1.pdf, id=2897, 146.5475pt x 53.19875pt>
<use grugraImages/GvG1.pdf> [39 <data/grugraImages/cay1sub.pdf> <data/grugraIma
ges/cay1subquot.pdf>]
<grugraImages/fundbereich.pdf, id=3049, 388.45125pt x 226.8475pt>
<use grugraImages/fundbereich.pdf>
Overfull \hbox (27.82498pt too wide) in paragraph at lines 1933--1934
 [] 

Underfull \vbox (badness 1253) has occurred while \output is active [40 <data/g
rugraImages/GvG1.pdf>] <grugraImages/rho.pdf, id=3085, 190.7125pt x 64.24pt>
<use grugraImages/rho.pdf>
<grugraImages/Hbaum.pdf, id=3086, 513.92pt x 235.88126pt>
<use grugraImages/Hbaum.pdf>
Overfull \hbox (66.16603pt too wide) in paragraph at lines 1949--1950
 [] 

Underfull \vbox (badness 1515) has occurred while \output is active [41 <data/g
rugraImages/fundbereich.pdf> <data/grugraImages/rho.pdf>]
<grugraImages/rhoquot.pdf, id=3385, 144.54pt x 60.225pt>
<use grugraImages/rhoquot.pdf>

LaTeX Warning: Reference `satz_segment' on page 42 undefined on input line 1961
.

[42 <data/grugraImages/Hbaum.pdf> <data/grugraImages/rhoquot.pdf>]
<grugraImages/segment.pdf, id=3704, 123.46124pt x 52.195pt>
<use grugraImages/segment.pdf>

LaTeX Warning: Reference `bem_lift' on page 43 undefined on input line 2005.

[43 <data/grugraImages/segment.pdf>]
<grugraImages/pql.pdf, id=3740, 230.8625pt x 110.4125pt>
<use grugraImages/pql.pdf> [44 <data/grugraImages/pql.pdf>]

LaTeX Warning: Reference `satz_segment' on page 45 undefined on input line 2103
.


LaTeX Warning: Reference `satz_segment' on page 45 undefined on input line 2116
.


LaTeX Warning: Reference `satz_frei' on page 45 undefined on input line 2120.


LaTeX Warning: Reference `bem_freiprodukt' on page 45 undefined on input line 2
125.


LaTeX Warning: Reference `satz_segment' on page 45 undefined on input line 2136
.

[45]

LaTeX Warning: Reference `prop_fix' on page 46 undefined on input line 2152.

<grugraImages/GT1.pdf, id=3898, 198.7425pt x 138.5175pt>
<use grugraImages/GT1.pdf> [46 <data/grugraImages/GT1.pdf>]

LaTeX Warning: Reference `satz_segment' on page 47 undefined on input line 2231
.


LaTeX Warning: Reference `satz_segment' on page 47 undefined on input line 2251
.


LaTeX Warning: Reference `prop_wald' on page 47 undefined on input line 2253.

[47]

LaTeX Warning: Reference `prop_BvG' on page 48 undefined on input line 2262.


LaTeX Warning: Reference `prop_Gx_erzeugt' on page 48 undefined on input line 2
286.


LaTeX Warning: Reference `prop_BvG' on page 48 undefined on input line 2292.

<grugraImages/winjektiv.pdf, id=4021, 390.45876pt x 82.3075pt>
<use grugraImages/winjektiv.pdf>
Overfull \hbox (29.83249pt too wide) in paragraph at lines 2303--2304
 [] 
[48]
Underfull \hbox (badness 10000) in paragraph at lines 2347--2351

[49 <data/grugraImages/winjektiv.pdf>]
<grugraImages/L.pdf, id=4105, 116.435pt x 55.20625pt> <use grugraImages/L.pdf>
<grugraImages/XiF2.pdf, id=4106, 262.9825pt x 117.43875pt>
<use grugraImages/XiF2.pdf> [50 <data/grugraImages/L.pdf> <data/grugraImages/Xi
F2.pdf>] <grugraImages/Glimes.pdf, id=4299, 266.9975pt x 65.24374pt>
<use grugraImages/Glimes.pdf>

LaTeX Warning: Reference `prop_hnn1' on page 51 undefined on input line 2448.


LaTeX Warning: Reference `prop_hnn1' on page 51 undefined on input line 2450.

[51 <data/grugraImages/Glimes.pdf>]

LaTeX Warning: Reference `prop_hnn1' on page 52 undefined on input line 2488.


LaTeX Warning: Reference `prop_fundbereich' on page 52 undefined on input line 
2490.


Overfull \hbox (32.90768pt too wide) in paragraph at lines 2495--2495
[]\OT1/cmr/bx/n/17.28 Fundamentalgruppe ei-nes Gra-phen von Grup-

Overfull \hbox (2.7845pt too wide) in paragraph at lines 2498--2503
[]\OT1/cmr/m/n/12 Es sei $\U/rsfs/m/n/12 G \OT1/cmr/m/n/12 = (^^@\OML/cmm/m/it/
12 ; G[]; G[]; []; []\OT1/cmr/m/n/12 )$ ein Graph

LaTeX Warning: Reference `sec_BvG' on page 52 undefined on input line 2519.


LaTeX Warning: Reference `sec_hnn' on page 52 undefined on input line 2520.

[52]

LaTeX Warning: Reference `def_FG2' on page 53 undefined on input line 2545.


Overfull \hbox (65.71567pt too wide) detected at line 2582
\OML/cmm/m/it/12 ^^Y[]\OT1/cmr/m/n/12 (\U/rsfs/m/n/12 G\OML/cmm/m/it/12 ; x[]\O
T1/cmr/m/n/12 ) := \OMS/cmsy/m/n/12 f\OML/cmm/m/it/12 g \OMS/cmsy/m/n/12 2 \OT1
/cmr/m/n/12 F(\U/rsfs/m/n/12 G\OT1/cmr/m/n/12 ) : []\OMS/cmsy/m/n/12 g\OML/cmm/
m/it/12 :

LaTeX Warning: Reference `sec_FG' on page 53 undefined on input line 2586.

[53]
Overfull \hbox (0.41028pt too wide) in paragraph at lines 2643--2650
\OT1/cmr/m/n/12 Es ist $\OML/cmm/m/it/12 p\OT1/cmr/m/n/12 (\OML/cmm/m/it/12 ^^M
[]\OT1/cmr/m/n/12 ) = 1$ f[]ur al-le $\OML/cmm/m/it/12 x \OMS/cmsy/m/n/12 2 \OM
L/cmm/m/it/12 E\OT1/cmr/m/n/12 (^^@)$ und $\OML/cmm/m/it/12 p \OMS/cmsy/m/n/12 
^^N \OML/cmm/m/it/12 f \OT1/cmr/m/n/12 = []$. Sei $\OML/cmm/m/it/12 g \OT1/cmr/
m/n/12 = \OML/cmm/m/it/12 h[]g[]h[]g[] [] g[]h[] \OMS/cmsy/m/n/12 2
[54]

LaTeX Warning: Reference `satz_cover' on page 55 undefined on input line 2657.

<grugraImages/T01.pdf, id=4454, 384.43625pt x 159.59625pt>
<use grugraImages/T01.pdf>
<grugraImages/T02.pdf, id=4455, 384.43625pt x 155.58125pt>
<use grugraImages/T02.pdf> [55 <data/grugraImages/T01.pdf>]

LaTeX Warning: Reference `satz_cover' on page 56 undefined on input line 2712.

[56 <data/grugraImages/T02.pdf>]
<grugraImages/T0T1.pdf, id=4718, 230.8625pt x 197.73875pt>
<use grugraImages/T0T1.pdf> [57 <data/grugraImages/T0T1.pdf>]
Overfull \hbox (1.06264pt too wide) in paragraph at lines 2762--2764
[]\OT1/cmr/m/n/12 Der um-fang-rei-che Be-weis die-ser Pro-po-si-ti-on folgt am 
En-de des Ab-schnitts. 

LaTeX Warning: Reference `bem_p' on page 58 undefined on input line 2767.


LaTeX Warning: Reference `bem_pi1' on page 58 undefined on input line 2770.


LaTeX Warning: Reference `satz_cover' on page 58 undefined on input line 2774.


LaTeX Warning: Reference `prop_nicht_eins' on page 58 undefined on input line 2
810.


LaTeX Warning: Reference `prop_nicht_eins' on page 58 undefined on input line 2
814.

[58]

LaTeX Warning: Reference `bem_NF' on page 59 undefined on input line 2833.


LaTeX Warning: Reference `prop_hnn1' on page 59 undefined on input line 2844.

[59]

LaTeX Warning: Reference `prop_BvG' on page 60 undefined on input line 2924.


LaTeX Warning: Reference `satz_cover' on page 60 undefined on input line 2927.


Overfull \hbox (3.08289pt too wide) in paragraph at lines 2921--2932
[]\OT1/cmr/m/sc/12 Beweis: \OT1/cmr/m/n/12 Es sei $^^@$ ein Baum mit Ecken $\OM
L/cmm/m/it/12 x[]$\OT1/cmr/m/n/12 , $\OML/cmm/m/it/12 i \OMS/cmsy/m/n/12 2 \OML
/cmm/m/it/12 I$\OT1/cmr/m/n/12 , und $\U/rsfs/m/n/12 G \OT1/cmr/m/n/12 = (^^@\O
ML/cmm/m/it/12 ; G[]; \OMS/cmsy/m/n/12 f\OT1/cmr/m/n/12 1\OMS/cmsy/m/n/12 g\OML
/cmm/m/it/12 ; []; []\OT1/cmr/m/n/12 )$
[60] [61] [62]

LaTeX Warning: Reference `def_ubertrag' on page 63 undefined on input line 2990
.

[63] (/usr/share/texlive/texmf-dist/tex/latex/amsfonts/ueuf.fd)

LaTeX Warning: Citation `lang' on page 64 undefined on input line 3038.

[64]
Overfull \hbox (7.0742pt too wide) in paragraph at lines 3066--3068
[]\OT1/cmr/m/n/12 Die In-klu-si-on $\U/bbm/m/n/12 Z \OML/cmm/m/it/12 ,[]\OMS/cm
sy/m/n/12 ! \U/bbm/m/n/12 Z[]$ \OT1/cmr/m/n/12 in-du-ziert ei-ne In-klu-si-on $
\U/bbm/m/n/12 Q \OML/cmm/m/it/12 ,[]\OMS/cmsy/m/n/12 ! \U/bbm/m/n/12 Q[]$ \OT1/
cmr/m/n/12 (d.h. $[](\U/bbm/m/n/12 Q[]\OT1/cmr/m/n/12 ) =
[65]
Overfull \hbox (0.13449pt too wide) in paragraph at lines 3116--3118
[]\OT1/cmr/m/n/12 Jedes Drei-eck in $\U/bbm/m/n/12 Q[]$ \OT1/cmr/m/n/12 ist gle
ich-schenk-lig, und die drit-te Sei-te ist h[]ochstens

Overfull \hbox (25.57738pt too wide) in paragraph at lines 3127--3127
[] 
[66] [67] <grugraImages/kreisQp.pdf, id=4889, 172.645pt x 115.43124pt>
<use grugraImages/kreisQp.pdf> [68 <data/grugraImages/kreisQp.pdf>]

LaTeX Warning: Reference `bem_kreisQp' on page 69 undefined on input line 3264.


<grugraImages/R1R2.pdf, id=4992, 447.6725pt x 78.2925pt>
<use grugraImages/R1R2.pdf>
Overfull \hbox (87.0461pt too wide) in paragraph at lines 3285--3286
 [] 
[69 <data/grugraImages/R1R2.pdf>]

LaTeX Warning: Reference `prop_psi' on page 70 undefined on input line 3329.

<grugraImages/strahlen.pdf, id=5047, 298.11375pt x 96.36pt>
<use grugraImages/strahlen.pdf> [70 <data/grugraImages/strahlen.pdf>]
<grugraImages/enden1.pdf, id=5163, 86.3225pt x 90.3375pt>
<use grugraImages/enden1.pdf> [71 <data/grugraImages/enden1.pdf>]
<grugraImages/enden2.pdf, id=5202, 143.53625pt x 126.4725pt>
<use grugraImages/enden2.pdf> [72 <data/grugraImages/enden2.pdf>]

LaTeX Warning: Reference `bem_median' on page 73 undefined on input line 3478.


Overfull \hbox (86.83504pt too wide) detected at line 3505
\OML/cmm/m/it/12 g \OT1/cmr/m/n/12 = [] = [] \OML/cmm/m/it/12 :
[73]

LaTeX Warning: Reference `prop_schenkel' on page 74 undefined on input line 354
7.

<grugraImages/abc.pdf, id=5316, 146.5475pt x 132.495pt>
<use grugraImages/abc.pdf> [74 <data/grugraImages/abc.pdf>]
<grugraImages/pglAktion.pdf, id=5454, 218.8175pt x 329.23pt>
<use grugraImages/pglAktion.pdf>
Underfull \vbox (badness 10000) has occurred while \output is active [75]
Overfull \hbox (2.76399pt too wide) in paragraph at lines 3597--3600
\OT1/cmr/m/n/12 dass be-nach-bar-te Ecken auf be-nach-bar-te Ecken ab-ge-bil-de
t wer-den. Auch
<grugraImages/vertauscht.pdf, id=5459, 229.85875pt x 88.33pt>
<use grugraImages/vertauscht.pdf> [76 <data/grugraImages/pglAktion.pdf> <data/g
rugraImages/vertauscht.pdf>]
Overfull \hbox (2.69865pt too wide) in paragraph at lines 3623--3625
[]\OT1/cmr/m/sc/12 Beweis: $[][]\OT1/cmr/m/n/12 (\U/bbm/m/n/12 Q[]\OT1/cmr/m/n/
12 )$ ope-riert tran-si-tiv auf den Tri-peln ver-schie-de-ner Punk-
<grugraImages/pglQuotient.pdf, id=5778, 205.76875pt x 36.135pt>
<use grugraImages/pglQuotient.pdf>

LaTeX Warning: Citation `vdW' on page 77 undefined on input line 3672.

[77 <data/grugraImages/pglQuotient.pdf>]
Overfull \hbox (39.94598pt too wide) in paragraph at lines 3736--3749
\OT1/cmr/bx/n/12 M\OT1/cmr/m/n/12 ([]\OML/cmm/m/it/12 ; []; []\OT1/cmr/m/n/12 )
 = \OT1/cmr/bx/n/12 K[]\OT1/cmr/m/n/12 (0)$. Oh-ne Ein-schr[]ankung d[]urfen wi
r $\OT1/cmr/bx/n/12 M\OT1/cmr/m/n/12 ([]\OML/cmm/m/it/12 ; []; []\OT1/cmr/m/n/1
2 ) = \OT1/cmr/bx/n/12 K[]\OT1/cmr/m/n/12 ([]) =
[78] [79]
Overfull \hbox (15.99826pt too wide) in paragraph at lines 3890--3908
[]\OT1/cmr/m/sc/12 Beweis: \OT1/cmr/m/n/12 Es ist $[]$ in der Fix-grup-pe von $
\U/msa/m/n/12 ^^G$\OT1/cmr/m/n/12 , al-so $[][][](\U/bbm/m/n/12 Z[]\OT1/cmr/m/n
/12 )\OML/cmm/m/it/12 ; [][] \OMS/cmsy/m/n/12 ^^T
<grugraImages/Kkante.pdf, id=5830, 145.54375pt x 45.16875pt>
<use grugraImages/Kkante.pdf> [80 <data/grugraImages/Kkante.pdf>]
<grugraImages/Ki.pdf, id=5883, 173.64874pt x 108.405pt>
<use grugraImages/Ki.pdf> [81 <data/grugraImages/Ki.pdf>]
<grugraImages/A0.pdf, id=5967, 274.02374pt x 68.255pt>
<use grugraImages/A0.pdf>
<grugraImages/Aalpha.pdf, id=5968, 243.91125pt x 101.37875pt>
<use grugraImages/Aalpha.pdf> [82 <data/grugraImages/A0.pdf>]

LaTeX Warning: Citation `vdW' on page 83 undefined on input line 4097.

[83 <data/grugraImages/Aalpha.pdf>] [84]

LaTeX Warning: Reference `bem_hep' on page 85 undefined on input line 4165.


LaTeX Warning: Reference `prop_fp_achse' on page 85 undefined on input line 416
5.


LaTeX Warning: Reference `satz_frei' on page 85 undefined on input line 4168.

<grugraImages/ihara1.pdf, id=6235, 259.97125pt x 143.53625pt>
<use grugraImages/ihara1.pdf> [85 <data/grugraImages/ihara1.pdf>]
<grugraImages/ihara2.pdf, id=6393, 217.81375pt x 98.3675pt>
<use grugraImages/ihara2.pdf> [86 <data/grugraImages/ihara2.pdf>] [87] [88]
<grugraImages/UinC.pdf, id=6497, 191.71625pt x 163.61125pt>
<use grugraImages/UinC.pdf> [89 <data/grugraImages/UinC.pdf>]
<grugraImages/Torus.pdf, id=6591, 260.975pt x 165.61874pt>
<use grugraImages/Torus.pdf>
<grugraImages/cuspTorus.pdf, id=6592, 327.2225pt x 150.5625pt>
<use grugraImages/cuspTorus.pdf> [90 <data/grugraImages/Torus.pdf>] [91 <data/g
rugraImages/cuspTorus.pdf>]
Overfull \hbox (36.58427pt too wide) in paragraph at lines 4446--4446
[]\OT1/cmr/bx/n/17.28 Diskontinuierliche Un-ter-grup-pen von $[][]\OT1/cmr/m/n/
17.28 (\U/bbm/m/n/17.28 Q[]\OT1/cmr/m/n/17.28 )$ 

LaTeX Warning: Citation `vdW' on page 92 undefined on input line 4449.

[92]

LaTeX Warning: Reference `bem_diskret' on page 93 undefined on input line 4531.


[93]

LaTeX Warning: Reference `bem_lokalkompakt' on page 94 undefined on input line 
4551.


LaTeX Warning: Reference `prop_stab_K' on page 94 undefined on input line 4555.



Overfull \hbox (4.35934pt too wide) in paragraph at lines 4575--4578
\OT1/cmr/m/n/12 Dieser Graph ist nach Kon-struk-ti-on $\OML/cmm/m/it/12 G$\OT1/
cmr/m/n/12 -invariant. $\OML/cmm/m/it/12 T[]\OT1/cmr/m/n/12 (\OML/cmm/m/it/12 G
\OT1/cmr/m/n/12 )$ ist zu-sam-menh[]angend,

LaTeX Warning: Reference `bem_lokalkompakt' on page 94 undefined on input line 
4586.


LaTeX Warning: Reference `bem_TpG' on page 94 undefined on input line 4586.

[94]

LaTeX Warning: Reference `bem_TpG' on page 95 undefined on input line 4599.


LaTeX Warning: Reference `folg_diskont' on page 95 undefined on input line 4600
.


LaTeX Warning: Reference `satz_cover' on page 95 undefined on input line 4600.


LaTeX Warning: Reference `satz_virtuell_frei' on page 95 undefined on input lin
e 4602.


Overfull \hbox (1.60878pt too wide) in paragraph at lines 4619--4622
\OT1/cmr/m/n/12 phen von Grup-pen zu $^^@[]$ und $\OML/cmm/m/it/12 C \OT1/cmr/m
/n/12 = \OML/cmm/m/it/12 G[]$\OT1/cmr/m/n/12 . Dann ist $\OML/cmm/m/it/12 G \OT
1/cmr/m/n/12 = [](\OML/cmm/m/it/12 G[]; C; []; []\OT1/cmr/m/n/12 )$. 
[95]

LaTeX Warning: Reference `folg_H_frei' on page 96 undefined on input line 4665.


[96]

LaTeX Warning: Reference `satz_virtuell_frei' on page 97 undefined on input lin
e 4736.


LaTeX Warning: Reference `satz_virtuell_frei' on page 97 undefined on input lin
e 4748.

[97] [98]
No file grugra.ind.
(./grugra.aux)
kpathsea: Running mktexpk --mfmode / --bdpi 600 --mag 1+0/600 --dpi 600 bbmbx12
mktexpk: Running mf-nowin -progname=mf \mode:=ljfour; mag:=1+0/600; nonstopmode; input bbmbx12
This is METAFONT, Version 2.718281 (TeX Live 2013/Debian)

(/usr/share/texlive/texmf-dist/fonts/source/public/bbm/bbmbx12.mf
(/usr/share/texlive/texmf-dist/fonts/source/public/bbm/blbbase.mf
(/usr/share/texlive/texmf-dist/fonts/source/public/cm/cmbase.mf))
(/usr/share/texlive/texmf-dist/fonts/source/public/bbm/blbord.mf
(/usr/share/texlive/texmf-dist/fonts/source/public/bbm/blbordu.mf [65] [66]
[67] [68] [69] [70] [71] [72] [73] [74] [75] [76] [77] [78] [79] [80] [81]
[82] [83] [84] [85] [86] [87] [88] [89] [90])
(/usr/share/texlive/texmf-dist/fonts/source/public/bbm/blbordl.mf [97] [98]
[99] [100] [101] [102] [103] [104] [105] [106] [107] [108] [109] [110] [111]
[112] [113] [114] [115] [116] [117] [118] [119] [120] [121] [122])
(/usr/share/texlive/texmf-dist/fonts/source/public/bbm/blbordsp.mf [49]
[50] [40] [41] [91] [93]) ) )
Font metrics written on bbmbx12.tfm.
Output written on bbmbx12.600gf (58 characters, 19540 bytes).
Transcript written on bbmbx12.log.
mktexpk: /home/travis/.texmf-var/fonts/pk/ljfour/public/bbm/bbmbx12.600pk: successfully generated.


LaTeX Warning: There were undefined references.


LaTeX Warning: Label(s) may have changed. Rerun to get cross-references right.

 )
(see the transcript file for additional information) </home/travis/.texmf-var/f
onts/pk/ljfour/public/bbm/bbmbx12.600pk>
kpathsea: Running mktexpk --mfmode / --bdpi 600 --mag 1+0/600 --dpi 600 bbm17
mktexpk: Running mf-nowin -progname=mf \mode:=ljfour; mag:=1+0/600; nonstopmode; input bbm17
This is METAFONT, Version 2.718281 (TeX Live 2013/Debian)

(/usr/share/texlive/texmf-dist/fonts/source/public/bbm/bbm17.mf
(/usr/share/texlive/texmf-dist/fonts/source/public/bbm/blbbase.mf
(/usr/share/texlive/texmf-dist/fonts/source/public/cm/cmbase.mf))
(/usr/share/texlive/texmf-dist/fonts/source/public/bbm/blbord.mf
(/usr/share/texlive/texmf-dist/fonts/source/public/bbm/blbordu.mf [65] [66]
[67] [68] [69] [70] [71] [72] [73] [74] [75] [76] [77] [78] [79] [80] [81]
[82] [83] [84] [85] [86] [87] [88] [89] [90])
(/usr/share/texlive/texmf-dist/fonts/source/public/bbm/blbordl.mf [97] [98]
[99] [100] [101] [102] [103] [104] [105] [106] [107] [108] [109] [110] [111]
[112] [113] [114] [115] [116] [117] [118] [119] [120] [121] [122])
(/usr/share/texlive/texmf-dist/fonts/source/public/bbm/blbordsp.mf [49]
[50] [40] [41] [91] [93]) ) )
Font metrics written on bbm17.tfm.
Output written on bbm17.600gf (58 characters, 28636 bytes).
Transcript written on bbm17.log.
mktexpk: /home/travis/.texmf-var/fonts/pk/ljfour/public/bbm/bbm17.600pk: successfully generated.
 </home/travis/.texmf-var/fonts/pk/ljfo
ur/public/bbm/bbm17.600pk>
kpathsea: Running mktexpk --mfmode / --bdpi 600 --mag 1+264/600 --dpi 864 bbm17
mktexpk: Running mf-nowin -progname=mf \mode:=ljfour; mag:=1+264/600; nonstopmode; input bbm17
This is METAFONT, Version 2.718281 (TeX Live 2013/Debian)

(/usr/share/texlive/texmf-dist/fonts/source/public/bbm/bbm17.mf
(/usr/share/texlive/texmf-dist/fonts/source/public/bbm/blbbase.mf
(/usr/share/texlive/texmf-dist/fonts/source/public/cm/cmbase.mf))
(/usr/share/texlive/texmf-dist/fonts/source/public/bbm/blbord.mf
(/usr/share/texlive/texmf-dist/fonts/source/public/bbm/blbordu.mf [65] [66]
[67] [68] [69] [70] [71] [72] [73] [74] [75] [76] [77] [78] [79] [80] [81]
[82] [83] [84] [85] [86] [87] [88] [89] [90])
(/usr/share/texlive/texmf-dist/fonts/source/public/bbm/blbordl.mf [97] [98]
[99] [100] [101] [102] [103] [104] [105] [106] [107] [108] [109] [110] [111]
[112] [113] [114] [115] [116] [117] [118] [119] [120] [121] [122])
(/usr/share/texlive/texmf-dist/fonts/source/public/bbm/blbordsp.mf [49]
[50] [40] [41] [91] [93]) ) )
Font metrics written on bbm17.tfm.
Output written on bbm17.864gf (58 characters, 41980 bytes).
Transcript written on bbm17.log.
mktexpk: /home/travis/.texmf-var/fonts/pk/ljfour/public/bbm/bbm17.864pk: successfully generated.
 </home/travis/.texmf-var/fonts/pk/ljfour/public/bbm/
bbm17.864pk>
kpathsea: Running mktexpk --mfmode / --bdpi 600 --mag 1+0/600 --dpi 600 bbm8
mktexpk: Running mf-nowin -progname=mf \mode:=ljfour; mag:=1+0/600; nonstopmode; input bbm8
This is METAFONT, Version 2.718281 (TeX Live 2013/Debian)

(/usr/share/texlive/texmf-dist/fonts/source/public/bbm/bbm8.mf
(/usr/share/texlive/texmf-dist/fonts/source/public/bbm/blbbase.mf
(/usr/share/texlive/texmf-dist/fonts/source/public/cm/cmbase.mf))
(/usr/share/texlive/texmf-dist/fonts/source/public/bbm/blbord.mf
(/usr/share/texlive/texmf-dist/fonts/source/public/bbm/blbordu.mf [65] [66]
[67] [68] [69] [70] [71] [72] [73] [74] [75] [76] [77] [78] [79] [80] [81]
[82] [83] [84] [85] [86] [87] [88] [89] [90])
(/usr/share/texlive/texmf-dist/fonts/source/public/bbm/blbordl.mf [97] [98]
[99] [100] [101] [102] [103] [104] [105] [106] [107] [108] [109] [110] [111]
[112] [113] [114] [115] [116] [117] [118] [119] [120] [121] [122])
(/usr/share/texlive/texmf-dist/fonts/source/public/bbm/blbordsp.mf [49]
[50] [40] [41] [91] [93]) ) )
Font metrics written on bbm8.tfm.
Output written on bbm8.600gf (58 characters, 13732 bytes).
Transcript written on bbm8.log.
mktexpk: /home/travis/.texmf-var/fonts/pk/ljfour/public/bbm/bbm8.600pk: successfully generated.
 </home/travis/.texmf-var/fonts/pk/ljfour/public/bbm/bbm8.600pk>
kpathsea: Running mktexpk --mfmode / --bdpi 600 --mag 1+0/600 --dpi 600 bbm12
mktexpk: Running mf-nowin -progname=mf \mode:=ljfour; mag:=1+0/600; nonstopmode; input bbm12
This is METAFONT, Version 2.718281 (TeX Live 2013/Debian)

(/usr/share/texlive/texmf-dist/fonts/source/public/bbm/bbm12.mf
(/usr/share/texlive/texmf-dist/fonts/source/public/bbm/blbbase.mf
(/usr/share/texlive/texmf-dist/fonts/source/public/cm/cmbase.mf))
(/usr/share/texlive/texmf-dist/fonts/source/public/bbm/blbord.mf
(/usr/share/texlive/texmf-dist/fonts/source/public/bbm/blbordu.mf [65] [66]
[67] [68] [69] [70] [71] [72] [73] [74] [75] [76] [77] [78] [79] [80] [81]
[82] [83] [84] [85] [86] [87] [88] [89] [90])
(/usr/share/texlive/texmf-dist/fonts/source/public/bbm/blbordl.mf [97] [98]
[99] [100] [101] [102] [103] [104] [105] [106] [107] [108] [109] [110] [111]
[112] [113] [114] [115] [116] [117] [118] [119] [120] [121] [122])
(/usr/share/texlive/texmf-dist/fonts/source/public/bbm/blbordsp.mf [49]
[50] [40] [41] [91] [93]) ) )
Font metrics written on bbm12.tfm.
Output written on bbm12.600gf (58 characters, 20260 bytes).
Transcript written on bbm12.log.
mktexpk: /home/travis/.texmf-var/fonts/pk/ljfour/public/bbm/bbm12.600pk: successfully generated.
 </
home/travis/.texmf-var/fonts/pk/ljfour/public/bbm/bbm12.600pk></usr/share/texli
ve/texmf-dist/fonts/type1/public/amsfonts/cm/cmbx12.pfb></usr/share/texlive/tex
mf-dist/fonts/type1/public/amsfonts/cm/cmbx8.pfb></usr/share/texlive/texmf-dist
/fonts/type1/public/amsfonts/cm/cmcsc10.pfb></usr/share/texlive/texmf-dist/font
s/type1/public/amsfonts/cm/cmex10.pfb></usr/share/texlive/texmf-dist/fonts/type
1/public/amsfonts/cm/cmmi12.pfb></usr/share/texlive/texmf-dist/fonts/type1/publ
ic/amsfonts/cm/cmmi6.pfb></usr/share/texlive/texmf-dist/fonts/type1/public/amsf
onts/cm/cmmi8.pfb></usr/share/texlive/texmf-dist/fonts/type1/public/amsfonts/cm
extra/cmmib8.pfb></usr/share/texlive/texmf-dist/fonts/type1/public/amsfonts/cm/
cmr10.pfb></usr/share/texlive/texmf-dist/fonts/type1/public/amsfonts/cm/cmr12.p
fb></usr/share/texlive/texmf-dist/fonts/type1/public/amsfonts/cm/cmr17.pfb></us
r/share/texlive/texmf-dist/fonts/type1/public/amsfonts/cm/cmr6.pfb></usr/share/
texlive/texmf-dist/fonts/type1/public/amsfonts/cm/cmr8.pfb></usr/share/texlive/
texmf-dist/fonts/type1/public/amsfonts/cm/cmsl12.pfb></usr/share/texlive/texmf-
dist/fonts/type1/public/amsfonts/cm/cmss10.pfb></usr/share/texlive/texmf-dist/f
onts/type1/public/amsfonts/cm/cmss12.pfb></usr/share/texlive/texmf-dist/fonts/t
ype1/public/amsfonts/cm/cmss8.pfb></usr/share/texlive/texmf-dist/fonts/type1/pu
blic/amsfonts/cm/cmssbx10.pfb></usr/share/texlive/texmf-dist/fonts/type1/public
/amsfonts/cm/cmsy10.pfb></usr/share/texlive/texmf-dist/fonts/type1/public/amsfo
nts/cm/cmsy6.pfb></usr/share/texlive/texmf-dist/fonts/type1/public/amsfonts/cm/
cmsy8.pfb></usr/share/texlive/texmf-dist/fonts/type1/public/amsfonts/euler/eufm
10.pfb></usr/share/texlive/texmf-dist/fonts/type1/public/amsfonts/euler/eusm10.
pfb></usr/share/texlive/texmf-dist/fonts/type1/public/amsfonts/symbols/msam10.p
fb></usr/share/texlive/texmf-dist/fonts/type1/public/amsfonts/symbols/msbm10.pf
b></usr/share/texlive/texmf-dist/fonts/type1/public/rsfs/rsfs10.pfb></usr/share
/texlive/texmf-dist/fonts/type1/public/xypic/xyatip10.pfb></usr/share/texlive/t
exmf-dist/fonts/type1/public/xypic/xybtip10.pfb>
Output written on grugra.pdf (102 pages, 1524677 bytes).
Transcript written on grugra.log.
Result: ExitSuccess

Running /usr/bin/makeindex grugra.idx in an env with 4 entries:
This is makeindex, version 2.15 [TeX Live 2013] (kpathsea + Thai support).
Scanning input file grugra.idx....done (203 entries accepted, 0 rejected).
Sorting entries.....done (1630 comparisons).
Generating output file grugra.ind....done (265 lines written, 0 warnings).
Output written in grugra.ind.
Transcript written in grugra.ilg.
Result: ExitSuccess

Running /usr/bin/pdflatex grugra.tex in an env with 4 entries:
This is pdfTeX, Version 3.1415926-2.5-1.40.14 (TeX Live 2013/Debian)
 restricted \write18 enabled.
entering extended mode
(data/grugra.tex
LaTeX2e <2011/06/27>
Babel <3.9h> and hyphenation patterns for 78 languages loaded.
(/usr/share/texlive/texmf-dist/tex/latex/base/article.cls
Document Class: article 2007/10/19 v1.4h Standard LaTeX document class
(/usr/share/texlive/texmf-dist/tex/latex/base/size12.clo)) (data/latexki.sty)
(data/grugraStyle.sty
(/usr/share/texlive/texmf-dist/tex/generic/german/german.sty v2.5e 1998-07-08)
(/usr/share/texlive/texmf-dist/tex/latex/base/inputenc.sty
(/usr/share/texlive/texmf-dist/tex/latex/base/utf8.def
(/usr/share/texlive/texmf-dist/tex/latex/base/t1enc.dfu)
(/usr/share/texlive/texmf-dist/tex/latex/base/ot1enc.dfu)
(/usr/share/texlive/texmf-dist/tex/latex/base/omsenc.dfu)))
(/usr/share/texlive/texmf-dist/tex/latex/amsfonts/amssymb.sty
(/usr/share/texlive/texmf-dist/tex/latex/amsfonts/amsfonts.sty))
(/usr/share/texlive/texmf-dist/tex/latex/amsmath/amsmath.sty
For additional information on amsmath, use the `?' option.
(/usr/share/texlive/texmf-dist/tex/latex/amsmath/amstext.sty
(/usr/share/texlive/texmf-dist/tex/latex/amsmath/amsgen.sty))
(/usr/share/texlive/texmf-dist/tex/latex/amsmath/amsbsy.sty)
(/usr/share/texlive/texmf-dist/tex/latex/amsmath/amsopn.sty))
(/usr/share/texlive/texmf-dist/tex/latex/tools/xspace.sty)
(/usr/share/texlive/texmf-dist/tex/latex/mfnfss/oldgerm.sty)
(/usr/share/texlive/texmf-dist/tex/latex/graphics/epsfig.sty
(/usr/share/texlive/texmf-dist/tex/latex/graphics/graphicx.sty
(/usr/share/texlive/texmf-dist/tex/latex/graphics/keyval.sty)
(/usr/share/texlive/texmf-dist/tex/latex/graphics/graphics.sty
(/usr/share/texlive/texmf-dist/tex/latex/graphics/trig.sty)
(/usr/share/texlive/texmf-dist/tex/latex/latexconfig/graphics.cfg)
(/usr/share/texlive/texmf-dist/tex/latex/pdftex-def/pdftex.def
(/usr/share/texlive/texmf-dist/tex/generic/oberdiek/infwarerr.sty)
(/usr/share/texlive/texmf-dist/tex/generic/oberdiek/ltxcmds.sty)))))
(/usr/share/texlive/texmf-dist/tex/latex/bbm-macros/bbm.sty)
(/usr/share/texlive/texmf-dist/tex/latex/base/makeidx.sty)
(/usr/share/texlive/texmf-dist/tex/latex/tools/theorem.sty
(/usr/share/texlive/texmf-dist/tex/latex/tools/thp.sty))
(/usr/share/texlive/texmf-dist/tex/latex/jknapltx/mathrsfs.sty)
(/usr/share/texlive/texmf-dist/tex/latex/fancyhdr/fancyhdr.sty)
(/usr/share/texlive/texmf-dist/tex/generic/xypic/xypic.sty
(/usr/share/texlive/texmf-dist/tex/generic/xypic/xy.sty
(/usr/share/texlive/texmf-dist/tex/generic/xypic/xy.tex Bootstrap'ing:
catcodes, docmode, (/usr/share/texlive/texmf-dist/tex/generic/xypic/xyrecat.tex
) (/usr/share/texlive/texmf-dist/tex/generic/xypic/xyidioms.tex)

 Xy-pic version 3.8.9 <2013/10/06>
 Copyright (c) 1991-2013 by Kristoffer H. Rose <krisrose@tug.org> and others
 Xy-pic is free software: see the User's Guide for details.

Loading kernel: messages; fonts; allocations: state, direction,
utility macros; pictures: \xy, positions, objects, decorations;
kernel objects: directionals, circles, text; options; algorithms: directions,
edges, connections;  Xy-pic loaded)
(/usr/share/texlive/texmf-dist/tex/generic/oberdiek/ifpdf.sty)

LaTeX Warning: You have requested package `xypic',
               but the package provides `xy'.

(/usr/share/texlive/texmf-dist/tex/generic/xypic/xypdf.tex
 Xy-pic option: PDF driver v.1.7 loaded))
(/usr/share/texlive/texmf-dist/tex/generic/xypic/xyv2.tex
 Xy-pic option: Version 2 Compatibility v.3.8

Xy-pic Warning: `\stop' redefined.

(/usr/share/texlive/texmf-dist/tex/generic/xypic/xyframe.tex
 Xy-pic option: Frame and Bracket extension v.3.14 loaded)
Xy-pic pdf driver: `frame' extension support
(/usr/share/texlive/texmf-dist/tex/generic/xypic/xypdf-fr.tex
(/usr/share/texlive/texmf-dist/tex/generic/xypic/xycurve.tex
 Xy-pic option: Curve and Spline extension v.3.12 curve, circles, loaded)
Xy-pic pdf driver: `curve' extension support
(/usr/share/texlive/texmf-dist/tex/generic/xypic/xypdf-cu.tex loaded) loaded)
(/usr/share/texlive/texmf-dist/tex/generic/xypic/xymatrix.tex
 Xy-pic option: Matrix feature v.3.14 loaded)
(/usr/share/texlive/texmf-dist/tex/generic/xypic/xyarrow.tex
 Xy-pic option: Arrow and Path feature v.3.9 path, \ar, loaded) loaded))
(/usr/share/texlive/texmf-dist/tex/latex/psfrag/psfrag.sty)
(/usr/share/texlive/texmf-dist/tex/latex/graphics/color.sty
(/usr/share/texlive/texmf-dist/tex/latex/latexconfig/color.cfg))
(/usr/share/texlive/texmf-dist/tex/latex/amsfonts/eucal.sty)
(/usr/share/texlive/texmf-dist/tex/latex/cancel/cancel.sty))
Writing index file grugra.idx
(./grugra.aux

LaTeX Warning: Label `sec_FG' multiply defined.

) (/usr/share/texlive/texmf-dist/tex/context/base/supp-pdf.mkii
[Loading MPS to PDF converter (version 2006.09.02).]
) (/usr/share/texlive/texmf-dist/tex/generic/oberdiek/pdftexcmds.sty
(/usr/share/texlive/texmf-dist/tex/generic/oberdiek/ifluatex.sty))
(/usr/share/texlive/texmf-dist/tex/latex/oberdiek/epstopdf-base.sty
(/usr/share/texlive/texmf-dist/tex/latex/oberdiek/grfext.sty
(/usr/share/texlive/texmf-dist/tex/generic/oberdiek/kvdefinekeys.sty))
(/usr/share/texlive/texmf-dist/tex/latex/oberdiek/kvoptions.sty
(/usr/share/texlive/texmf-dist/tex/generic/oberdiek/kvsetkeys.sty
(/usr/share/texlive/texmf-dist/tex/generic/oberdiek/etexcmds.sty)))
(/usr/share/texlive/texmf-dist/tex/latex/latexconfig/epstopdf-sys.cfg))
(/usr/share/texlive/texmf-dist/tex/latex/amsfonts/umsa.fd)
(/usr/share/texlive/texmf-dist/tex/latex/amsfonts/umsb.fd)
(/usr/share/texlive/texmf-dist/tex/latex/jknapltx/ursfs.fd)
<grugraImages/titel.pdf, id=1, 300.12125pt x 185.69376pt>
<use grugraImages/titel.pdf> [1
Non-PDF special ignored!{/var/lib/texmf/fonts/map/pdftex/updmap/pdftex.map} <da
ta/grugraImages/titel.pdf>] [2] (./grugra.toc
(/usr/share/texlive/texmf-dist/tex/latex/bbm-macros/ubbm.fd)

Package Fancyhdr Warning: \headheight is too small (12.0pt): 
 Make it at least 14.49998pt.
 We now make it that large for the rest of the document.
 This may cause the page layout to be inconsistent, however.

[3]) [4]
Overfull \hbox (2.19177pt too wide) in paragraph at lines 82--84
[]\OT1/cmr/m/n/12 Mengenoperationen auf Gra-phen sind im-mer auf den ent-spre-c
hen-den Men-
<grugraImages/bspgraphen.pdf, id=171, 351.3125pt x 155.58125pt>
<use grugraImages/bspgraphen.pdf> [1 <data/grugraImages/bspgraphen.pdf>]
Overfull \hbox (11.6812pt too wide) in paragraph at lines 96--97
[]\OT1/cmr/m/n/12 Es sei-en $^^@ = (\OML/cmm/m/it/12 E; K; I\OT1/cmr/m/n/12 )$ 
und $^^@[] = (\OML/cmm/m/it/12 E[]; K[]; I[]\OT1/cmr/m/n/12 )$
<grugraImages/Pn.pdf, id=211, 237.88875pt x 41.15375pt>
<use grugraImages/Pn.pdf> [2]
<grugraImages/kreis.pdf, id=216, 195.73125pt x 64.24pt>
<use grugraImages/kreis.pdf>
<grugraImages/doppelkante.pdf, id=217, 114.4275pt x 73.27374pt>
<use grugraImages/doppelkante.pdf> [3 <data/grugraImages/Pn.pdf> <data/grugraIm
ages/kreis.pdf>] <grugraImages/bspbaum.pdf, id=306, 382.42876pt x 99.37125pt>
<use grugraImages/bspbaum.pdf>
Overfull \hbox (8.38446pt too wide) in paragraph at lines 226--230
[][]$\OMS/cmsy/m/n/12 ($\OT1/cmr/m/n/12 \: Da es zwi-schen je zwei Ecken einen 
Weg gibt, ist $^^@$ zu-sam-menh[]angend.
[4 <data/grugraImages/doppelkante.pdf> <data/grugraImages/bspbaum.pdf>]
Overfull \hbox (5.20087pt too wide) in paragraph at lines 252--254
[]$\OT1/cmr/m/n/12 ^^@$ ist ge-nau dann zu-sam-menh[]angend, wenn $^^@ \OMS/cms
y/m/n/12 ^^@ \OML/cmm/m/it/12 x$ \OT1/cmr/m/n/12 zu-sam-menh[]angend
(/usr/share/texlive/texmf-dist/tex/latex/base/omscmr.fd) [5]
<grugraImages/unendldiam.pdf, id=355, 286.06876pt x 31.11626pt>
<use grugraImages/unendldiam.pdf>
Overfull \hbox (24.64246pt too wide) in paragraph at lines 314--316
[]\OT1/cmr/m/n/12 Jeder end-li-che Baum ent-steht aus $\OMS/cmsy/m/n/12 ^^O$ \O
T1/cmr/m/n/12 durch wie-der-hol-tes Anh[]angen
(/usr/share/texlive/texmf-dist/tex/latex/amsfonts/ueus.fd) [6 <data/grugraImage
s/unendldiam.pdf>]
Overfull \hbox (27.86845pt too wide) in paragraph at lines 370--373
[]\OT1/cmr/m/n/12 Sei $^^@$ ein Graph und $\OML/cmm/m/it/12 Z$ \OT1/cmr/m/n/12 
ein zu-sam-menh[]angen-
<grugraImages/GZ1.pdf, id=376, 324.21124pt x 113.42375pt>
<use grugraImages/GZ1.pdf> [7]
<grugraImages/GZ2.pdf, id=383, 122.4575pt x 66.2475pt>
<use grugraImages/GZ2.pdf> [8 <data/grugraImages/GZ1.pdf> <data/grugraImages/GZ
2.pdf>] <grugraImages/aut1.pdf, id=481, 115.43124pt x 40.15pt>
<use grugraImages/aut1.pdf>
<grugraImages/aut2.pdf, id=482, 130.4875pt x 72.27pt>
<use grugraImages/aut2.pdf>
Overfull \hbox (7.06685pt too wide) in paragraph at lines 464--466
\OT1/cmr/m/n/12 besteht $[](^^@)$ aus al-len Per-mu-ta-tio-nen der drei Ecken, 
al-so ist $[](^^@) []
<grugraImages/aut3.pdf, id=483, 130.4875pt x 72.27pt>
<use grugraImages/aut3.pdf> [9 <data/grugraImages/aut1.pdf> <data/grugraImages/
aut2.pdf> <data/grugraImages/aut3.pdf>]
<grugraImages/aut4.pdf, id=632, 122.4575pt x 108.405pt>
<use grugraImages/aut4.pdf>
<grugraImages/cay1.pdf, id=633, 237.88875pt x 40.15pt>
<use grugraImages/cay1.pdf>
<grugraImages/cay3.pdf, id=634, 237.88875pt x 51.19125pt>
<use grugraImages/cay3.pdf> [10 <data/grugraImages/aut4.pdf> <data/grugraImages
/cay1.pdf>] <grugraImages/cay2.pdf, id=753, 237.88875pt x 61.22874pt>
<use grugraImages/cay2.pdf>
<grugraImages/cay4.pdf, id=754, 128.48pt x 91.34125pt>
<use grugraImages/cay4.pdf>
Overfull \hbox (11.46625pt too wide) in paragraph at lines 522--524
[]$\OML/cmm/m/it/12 G \OT1/cmr/m/n/12 = S[]$ und $\OML/cmm/m/it/12 S \OT1/cmr/m
/n/12 = \OMS/cmsy/m/n/12 f\OML/cmm/m/it/12 ^^\ \OT1/cmr/m/n/12 = (1 2 3)\OML/cm
m/m/it/12 ; ^^[ \OT1/cmr/m/n/12 = (1 2)\OMS/cmsy/m/n/12 g$\OT1/cmr/m/n/12 . Es 
ist $S[] = \OMS/cmsy/m/n/12 f[]\OML/cmm/m/it/12 ; ^^\; ^^\[]; ^^[; ^^[^^\; ^^[^
^\[]\OMS/cmsy/m/n/12 g$\OT1/cmr/m/n/12 . 
<grugraImages/cay5.pdf, id=755, 193.72375pt x 168.63pt>
<use grugraImages/cay5.pdf> [11 <data/grugraImages/cay3.pdf> <data/grugraImages
/cay2.pdf> <data/grugraImages/cay4.pdf> <data/grugraImages/cay5.pdf>]
<grugraImages/S3aktion.pdf, id=1070, 193.72375pt x 168.63pt>
<use grugraImages/S3aktion.pdf> [12]
Overfull \hbox (0.48514pt too wide) in paragraph at lines 597--599
[]\OT1/cmr/m/n/12 Die Zu-sam-men-hangs-kom-po-nen-ten von $^^@(\OML/cmm/m/it/12
 G; S\OT1/cmr/m/n/12 )$ ent-spre-chen bi-jek-tiv den

Overfull \hbox (10.3703pt too wide) in paragraph at lines 606--614
\OT1/cmr/m/n/12 Die Zu-sam-men-hangs-kom-po-nen-te $^^@[]$ von $^^@(\OML/cmm/m/
it/12 G; S\OT1/cmr/m/n/12 )$ ist iso-morph zu $^^@(\OML/cmm/m/it/12 G[]; S\OT1/
cmr/m/n/12 )$
[13 <data/grugraImages/S3aktion.pdf>]
Overfull \hbox (24.83403pt too wide) in paragraph at lines 646--649
[]\OT1/cmr/m/n/12 Es gibt einen ein-deu-tig be-stimm-ten Grup-pen-ho-mo-mor-phi
s-mus $\OML/cmm/m/it/12 % \OT1/cmr/m/n/12 : [](^^@) \OMS/cmsy/m/n/12 !
<xymatrix 2x2 182> [14]
Overfull \hbox (30.43037pt too wide) in paragraph at lines 695--699
[]\OT1/cmr/m/n/12 Betrachte die Klein-sche Vie-rer-grup-pe[] $\OML/cmm/m/it/12 
G \OT1/cmr/m/n/12 = V[](= D[]) = \OMS/cmsy/m/n/12 f\OT1/cmr/m/n/12 1\OML/cmm/m/
it/12 ; ^^[; ^^\; ^^[^^\\OMS/cmsy/m/n/12 g$
<grugraImages/klein41.pdf, id=1242, 172.645pt x 94.3525pt>
<use grugraImages/klein41.pdf>
<grugraImages/klein42.pdf, id=1243, 116.435pt x 95.35625pt>
<use grugraImages/klein42.pdf>
<grugraImages/klein43.pdf, id=1244, 116.435pt x 103.38625pt>
<use grugraImages/klein43.pdf> [15 <data/grugraImages/klein41.pdf> <data/grugra
Images/klein42.pdf>] <grugraImages/Ti.pdf, id=1399, 271.0125pt x 139.52126pt>
<use grugraImages/Ti.pdf>
<grugraImages/ggsi.pdf, id=1400, 211.79124pt x 44.165pt>
<use grugraImages/ggsi.pdf> [16 <data/grugraImages/klein43.pdf> <data/grugraIma
ges/Ti.pdf> <data/grugraImages/ggsi.pdf>] <xymatrix 2x2 141>
<grugraImages/quot1.pdf, id=1650, 98.3675pt x 53.19875pt>
<use grugraImages/quot1.pdf> [17]
<grugraImages/quot2.pdf, id=1654, 116.435pt x 53.19875pt>
<use grugraImages/quot2.pdf>
<grugraImages/quot3.pdf, id=1655, 120.45pt x 56.21pt>
<use grugraImages/quot3.pdf>
<grugraImages/quot3a.pdf, id=1656, 149.55875pt x 35.13126pt>
<use grugraImages/quot3a.pdf>
<grugraImages/quot3b.pdf, id=1657, 114.4275pt x 45.16875pt>
<use grugraImages/quot3b.pdf> [18 <data/grugraImages/quot1.pdf> <data/grugraIma
ges/quot2.pdf> <data/grugraImages/quot3.pdf> <data/grugraImages/quot3a.pdf> <da
ta/grugraImages/quot3b.pdf>]
<grugraImages/lift.pdf, id=1825, 274.02374pt x 90.3375pt>
<use grugraImages/lift.pdf>
<grugraImages/subdiv.pdf, id=1826, 284.06125pt x 84.315pt>
<use grugraImages/subdiv.pdf> [19 <data/grugraImages/lift.pdf>] [20 <data/grugr
aImages/subdiv.pdf>] <grugraImages/Fxy.pdf, id=2018, 295.1025pt x 174.6525pt>
<use grugraImages/Fxy.pdf> [21 <data/grugraImages/Fxy.pdf>]
Overfull \hbox (9.3188pt too wide) in paragraph at lines 990--1002
\OT1/cmr/m/n/12 sei $[] := \OML/cmm/m/it/12 K\OT1/cmr/m/n/12 ([][])$, set-ze $\
OML/cmm/m/it/12 S[] \OT1/cmr/m/n/12 := \OMS/cmsy/m/n/12 f\OML/cmm/m/it/12 s \OM
S/cmsy/m/n/12 2 \OML/cmm/m/it/12 G \OT1/cmr/m/n/12 : \OML/cmm/m/it/12 s \OT1/cm
r/m/n/12 = \OT1/cmss/m/n/12 t\OT1/cmr/m/n/12 (\OML/cmm/m/it/12 k\OT1/cmr/m/n/12
 )[]\OMS/cmsy/m/n/12 g$\OT1/cmr/m/n/12 .
[22] <grugraImages/w1w2.pdf, id=2294, 333.245pt x 109.40875pt>
<use grugraImages/w1w2.pdf> [23 <data/grugraImages/w1w2.pdf>]
<grugraImages/pi1Z.pdf, id=2366, 157.58875pt x 55.20625pt>
<use grugraImages/pi1Z.pdf>
<grugraImages/pi1F2.pdf, id=2367, 196.735pt x 55.20625pt>
<use grugraImages/pi1F2.pdf> [24 <data/grugraImages/pi1Z.pdf> <data/grugraImage
s/pi1F2.pdf>] <grugraImages/phiZ.pdf, id=2464, 435.6275pt x 128.48pt>
<use grugraImages/phiZ.pdf>
Overfull \hbox (45.62643pt too wide) in paragraph at lines 1156--1157
 [] 
[25 <data/grugraImages/phiZ.pdf>] [26]
<grugraImages/univ.pdf, id=2622, 402.50375pt x 111.41624pt>
<use grugraImages/univ.pdf>
Overfull \hbox (12.50276pt too wide) in paragraph at lines 1233--1234
 [] 
[27 <data/grugraImages/univ.pdf>] <xymatrix 3x2 231> <xymatrix 2x2 141>
<xymatrix 2x2 141> <xymatrix 2x2 141> [28] [29]
<grugraImages/PSL.pdf, id=2693, 297.11pt x 108.405pt>
<use grugraImages/PSL.pdf> [30 <data/grugraImages/PSL.pdf>] <xymatrix 2x2 130>
[31] <xymatrix 3x3 366> <xymatrix 3x2 190> <xymatrix 3x3 325> [32] <xymatrix
3x2 231> <xymatrix 2x2 137>
Overfull \hbox (7.53015pt too wide) in paragraph at lines 1582--1586
[]\OT1/cmr/m/n/12 Dieses Bei-spiel zeigt, dass das amal-ga-mier-te Pro-dukt von
 den $\OML/cmm/m/it/12 []$ \OT1/cmr/m/n/12 abh[]angt.
<xymatrix 3x3 202> [33] <xymatrix 3x3 202> <xymatrix 3x3 325> [34] [35]
[36] [37] [38]
Overfull \hbox (38.5333pt too wide) in paragraph at lines 1875--1879
\OT1/cmr/m/n/12 hei^^Yt \OT1/cmr/bx/n/12 Graph von Grup-pen[][]\OT1/cmr/m/n/12 
. Wir ver-wen-den auch die Kurz-form $\U/rsfs/m/n/12 G \OT1/cmr/m/n/12 = ([]\OM
L/cmm/m/it/12 ; G[]; G[]; []\OT1/cmr/m/n/12 )$. 
<use grugraImages/cay1.pdf>
<grugraImages/cay1sub.pdf, id=2897, 278.03876pt x 40.15pt>
<use grugraImages/cay1sub.pdf>
<grugraImages/cay1subquot.pdf, id=2898, 159.59625pt x 49.18375pt>
<use grugraImages/cay1subquot.pdf>
<grugraImages/GvG1.pdf, id=2899, 146.5475pt x 53.19875pt>
<use grugraImages/GvG1.pdf> [39 <data/grugraImages/cay1sub.pdf> <data/grugraIma
ges/cay1subquot.pdf>]
<grugraImages/fundbereich.pdf, id=3051, 388.45125pt x 226.8475pt>
<use grugraImages/fundbereich.pdf>
Overfull \hbox (27.82498pt too wide) in paragraph at lines 1933--1934
 [] 

Underfull \vbox (badness 1253) has occurred while \output is active [40 <data/g
rugraImages/GvG1.pdf>] <grugraImages/rho.pdf, id=3087, 190.7125pt x 64.24pt>
<use grugraImages/rho.pdf>
<grugraImages/Hbaum.pdf, id=3088, 513.92pt x 235.88126pt>
<use grugraImages/Hbaum.pdf>
Overfull \hbox (66.16603pt too wide) in paragraph at lines 1949--1950
 [] 

Underfull \vbox (badness 1515) has occurred while \output is active [41 <data/g
rugraImages/fundbereich.pdf> <data/grugraImages/rho.pdf>]
<grugraImages/rhoquot.pdf, id=3387, 144.54pt x 60.225pt>
<use grugraImages/rhoquot.pdf> [42 <data/grugraImages/Hbaum.pdf> <data/grugraIm
ages/rhoquot.pdf>] <grugraImages/segment.pdf, id=3706, 123.46124pt x 52.195pt>
<use grugraImages/segment.pdf> [43 <data/grugraImages/segment.pdf>]
<grugraImages/pql.pdf, id=3742, 230.8625pt x 110.4125pt>
<use grugraImages/pql.pdf> [44 <data/grugraImages/pql.pdf>] [45]
<grugraImages/GT1.pdf, id=3900, 198.7425pt x 138.5175pt>
<use grugraImages/GT1.pdf> [46 <data/grugraImages/GT1.pdf>] [47]
<grugraImages/winjektiv.pdf, id=4023, 390.45876pt x 82.3075pt>
<use grugraImages/winjektiv.pdf>
Overfull \hbox (29.83249pt too wide) in paragraph at lines 2303--2304
 [] 
[48]
Underfull \hbox (badness 10000) in paragraph at lines 2347--2351

[49 <data/grugraImages/winjektiv.pdf>]
<grugraImages/L.pdf, id=4107, 116.435pt x 55.20625pt> <use grugraImages/L.pdf>
<grugraImages/XiF2.pdf, id=4108, 262.9825pt x 117.43875pt>
<use grugraImages/XiF2.pdf> [50 <data/grugraImages/L.pdf> <data/grugraImages/Xi
F2.pdf>] <grugraImages/Glimes.pdf, id=4301, 266.9975pt x 65.24374pt>
<use grugraImages/Glimes.pdf> [51 <data/grugraImages/Glimes.pdf>]
Overfull \hbox (32.90768pt too wide) in paragraph at lines 2495--2495
[]\OT1/cmr/bx/n/17.28 Fundamentalgruppe ei-nes Gra-phen von Grup-

Overfull \hbox (2.7845pt too wide) in paragraph at lines 2498--2503
[]\OT1/cmr/m/n/12 Es sei $\U/rsfs/m/n/12 G \OT1/cmr/m/n/12 = (^^@\OML/cmm/m/it/
12 ; G[]; G[]; []; []\OT1/cmr/m/n/12 )$ ein Graph
[52]
Overfull \hbox (65.71567pt too wide) detected at line 2582
\OML/cmm/m/it/12 ^^Y[]\OT1/cmr/m/n/12 (\U/rsfs/m/n/12 G\OML/cmm/m/it/12 ; x[]\O
T1/cmr/m/n/12 ) := \OMS/cmsy/m/n/12 f\OML/cmm/m/it/12 g \OMS/cmsy/m/n/12 2 \OT1
/cmr/m/n/12 F(\U/rsfs/m/n/12 G\OT1/cmr/m/n/12 ) : []\OMS/cmsy/m/n/12 g\OML/cmm/
m/it/12 :
[53]
Overfull \hbox (0.41028pt too wide) in paragraph at lines 2643--2650
\OT1/cmr/m/n/12 Es ist $\OML/cmm/m/it/12 p\OT1/cmr/m/n/12 (\OML/cmm/m/it/12 ^^M
[]\OT1/cmr/m/n/12 ) = 1$ f[]ur al-le $\OML/cmm/m/it/12 x \OMS/cmsy/m/n/12 2 \OM
L/cmm/m/it/12 E\OT1/cmr/m/n/12 (^^@)$ und $\OML/cmm/m/it/12 p \OMS/cmsy/m/n/12 
^^N \OML/cmm/m/it/12 f \OT1/cmr/m/n/12 = []$. Sei $\OML/cmm/m/it/12 g \OT1/cmr/
m/n/12 = \OML/cmm/m/it/12 h[]g[]h[]g[] [] g[]h[] \OMS/cmsy/m/n/12 2
[54] <grugraImages/T01.pdf, id=4456, 384.43625pt x 159.59625pt>
<use grugraImages/T01.pdf>
<grugraImages/T02.pdf, id=4457, 384.43625pt x 155.58125pt>
<use grugraImages/T02.pdf> [55 <data/grugraImages/T01.pdf>] [56 <data/grugraIma
ges/T02.pdf>] <grugraImages/T0T1.pdf, id=4720, 230.8625pt x 197.73875pt>
<use grugraImages/T0T1.pdf> [57 <data/grugraImages/T0T1.pdf>]
Overfull \hbox (1.06264pt too wide) in paragraph at lines 2762--2764
[]\OT1/cmr/m/n/12 Der um-fang-rei-che Be-weis die-ser Pro-po-si-ti-on folgt am 
En-de des Ab-schnitts. 
[58] [59]
Overfull \hbox (3.08289pt too wide) in paragraph at lines 2921--2932
[]\OT1/cmr/m/sc/12 Beweis: \OT1/cmr/m/n/12 Es sei $^^@$ ein Baum mit Ecken $\OM
L/cmm/m/it/12 x[]$\OT1/cmr/m/n/12 , $\OML/cmm/m/it/12 i \OMS/cmsy/m/n/12 2 \OML
/cmm/m/it/12 I$\OT1/cmr/m/n/12 , und $\U/rsfs/m/n/12 G \OT1/cmr/m/n/12 = (^^@\O
ML/cmm/m/it/12 ; G[]; \OMS/cmsy/m/n/12 f\OT1/cmr/m/n/12 1\OMS/cmsy/m/n/12 g\OML
/cmm/m/it/12 ; []; []\OT1/cmr/m/n/12 )$
[60] [61] [62] [63] (/usr/share/texlive/texmf-dist/tex/latex/amsfonts/ueuf.fd)
[64]
Overfull \hbox (7.0742pt too wide) in paragraph at lines 3066--3068
[]\OT1/cmr/m/n/12 Die In-klu-si-on $\U/bbm/m/n/12 Z \OML/cmm/m/it/12 ,[]\OMS/cm
sy/m/n/12 ! \U/bbm/m/n/12 Z[]$ \OT1/cmr/m/n/12 in-du-ziert ei-ne In-klu-si-on $
\U/bbm/m/n/12 Q \OML/cmm/m/it/12 ,[]\OMS/cmsy/m/n/12 ! \U/bbm/m/n/12 Q[]$ \OT1/
cmr/m/n/12 (d.h. $[](\U/bbm/m/n/12 Q[]\OT1/cmr/m/n/12 ) =
[65]
Overfull \hbox (0.13449pt too wide) in paragraph at lines 3116--3118
[]\OT1/cmr/m/n/12 Jedes Drei-eck in $\U/bbm/m/n/12 Q[]$ \OT1/cmr/m/n/12 ist gle
ich-schenk-lig, und die drit-te Sei-te ist h[]ochstens

Overfull \hbox (25.57738pt too wide) in paragraph at lines 3127--3127
[] 
[66] [67] <grugraImages/kreisQp.pdf, id=4891, 172.645pt x 115.43124pt>
<use grugraImages/kreisQp.pdf> [68 <data/grugraImages/kreisQp.pdf>]
<grugraImages/R1R2.pdf, id=4994, 447.6725pt x 78.2925pt>
<use grugraImages/R1R2.pdf>
Overfull \hbox (87.0461pt too wide) in paragraph at lines 3285--3286
 [] 
[69 <data/grugraImages/R1R2.pdf>]
<grugraImages/strahlen.pdf, id=5049, 298.11375pt x 96.36pt>
<use grugraImages/strahlen.pdf> [70 <data/grugraImages/strahlen.pdf>]
<grugraImages/enden1.pdf, id=5165, 86.3225pt x 90.3375pt>
<use grugraImages/enden1.pdf> [71 <data/grugraImages/enden1.pdf>]
<grugraImages/enden2.pdf, id=5204, 143.53625pt x 126.4725pt>
<use grugraImages/enden2.pdf> [72 <data/grugraImages/enden2.pdf>]
Overfull \hbox (86.83504pt too wide) detected at line 3505
\OML/cmm/m/it/12 g \OT1/cmr/m/n/12 = [] = [] \OML/cmm/m/it/12 :
[73] <grugraImages/abc.pdf, id=5318, 146.5475pt x 132.495pt>
<use grugraImages/abc.pdf> [74 <data/grugraImages/abc.pdf>]
<grugraImages/pglAktion.pdf, id=5456, 218.8175pt x 329.23pt>
<use grugraImages/pglAktion.pdf>
Underfull \vbox (badness 10000) has occurred while \output is active [75]
Overfull \hbox (2.76399pt too wide) in paragraph at lines 3597--3600
\OT1/cmr/m/n/12 dass be-nach-bar-te Ecken auf be-nach-bar-te Ecken ab-ge-bil-de
t wer-den. Auch
<grugraImages/vertauscht.pdf, id=5461, 229.85875pt x 88.33pt>
<use grugraImages/vertauscht.pdf> [76 <data/grugraImages/pglAktion.pdf> <data/g
rugraImages/vertauscht.pdf>]
Overfull \hbox (2.69865pt too wide) in paragraph at lines 3623--3625
[]\OT1/cmr/m/sc/12 Beweis: $[][]\OT1/cmr/m/n/12 (\U/bbm/m/n/12 Q[]\OT1/cmr/m/n/
12 )$ ope-riert tran-si-tiv auf den Tri-peln ver-schie-de-ner Punk-
<grugraImages/pglQuotient.pdf, id=5780, 205.76875pt x 36.135pt>
<use grugraImages/pglQuotient.pdf> [77 <data/grugraImages/pglQuotient.pdf>]
Overfull \hbox (39.94598pt too wide) in paragraph at lines 3736--3749
\OT1/cmr/bx/n/12 M\OT1/cmr/m/n/12 ([]\OML/cmm/m/it/12 ; []; []\OT1/cmr/m/n/12 )
 = \OT1/cmr/bx/n/12 K[]\OT1/cmr/m/n/12 (0)$. Oh-ne Ein-schr[]ankung d[]urfen wi
r $\OT1/cmr/bx/n/12 M\OT1/cmr/m/n/12 ([]\OML/cmm/m/it/12 ; []; []\OT1/cmr/m/n/1
2 ) = \OT1/cmr/bx/n/12 K[]\OT1/cmr/m/n/12 ([]) =
[78] [79]
Overfull \hbox (15.99826pt too wide) in paragraph at lines 3890--3908
[]\OT1/cmr/m/sc/12 Beweis: \OT1/cmr/m/n/12 Es ist $[]$ in der Fix-grup-pe von $
\U/msa/m/n/12 ^^G$\OT1/cmr/m/n/12 , al-so $[][][](\U/bbm/m/n/12 Z[]\OT1/cmr/m/n
/12 )\OML/cmm/m/it/12 ; [][] \OMS/cmsy/m/n/12 ^^T
<grugraImages/Kkante.pdf, id=5832, 145.54375pt x 45.16875pt>
<use grugraImages/Kkante.pdf> [80 <data/grugraImages/Kkante.pdf>]
<grugraImages/Ki.pdf, id=5885, 173.64874pt x 108.405pt>
<use grugraImages/Ki.pdf> [81 <data/grugraImages/Ki.pdf>]
<grugraImages/A0.pdf, id=5969, 274.02374pt x 68.255pt>
<use grugraImages/A0.pdf>
<grugraImages/Aalpha.pdf, id=5970, 243.91125pt x 101.37875pt>
<use grugraImages/Aalpha.pdf> [82 <data/grugraImages/A0.pdf>] [83 <data/grugraI
mages/Aalpha.pdf>] [84]
<grugraImages/ihara1.pdf, id=6237, 259.97125pt x 143.53625pt>
<use grugraImages/ihara1.pdf> [85 <data/grugraImages/ihara1.pdf>]
<grugraImages/ihara2.pdf, id=6395, 217.81375pt x 98.3675pt>
<use grugraImages/ihara2.pdf> [86 <data/grugraImages/ihara2.pdf>] [87] [88]
<grugraImages/UinC.pdf, id=6499, 191.71625pt x 163.61125pt>
<use grugraImages/UinC.pdf> [89 <data/grugraImages/UinC.pdf>]
<grugraImages/Torus.pdf, id=6593, 260.975pt x 165.61874pt>
<use grugraImages/Torus.pdf>
<grugraImages/cuspTorus.pdf, id=6594, 327.2225pt x 150.5625pt>
<use grugraImages/cuspTorus.pdf> [90 <data/grugraImages/Torus.pdf>] [91 <data/g
rugraImages/cuspTorus.pdf>]
Overfull \hbox (36.58427pt too wide) in paragraph at lines 4446--4446
[]\OT1/cmr/bx/n/17.28 Diskontinuierliche Un-ter-grup-pen von $[][]\OT1/cmr/m/n/
17.28 (\U/bbm/m/n/17.28 Q[]\OT1/cmr/m/n/17.28 )$ 
[92] [93]
Overfull \hbox (4.35934pt too wide) in paragraph at lines 4575--4578
\OT1/cmr/m/n/12 Dieser Graph ist nach Kon-struk-ti-on $\OML/cmm/m/it/12 G$\OT1/
cmr/m/n/12 -invariant. $\OML/cmm/m/it/12 T[]\OT1/cmr/m/n/12 (\OML/cmm/m/it/12 G
\OT1/cmr/m/n/12 )$ ist zu-sam-menh[]angend,
[94]
Overfull \hbox (1.60878pt too wide) in paragraph at lines 4619--4622
\OT1/cmr/m/n/12 phen von Grup-pen zu $^^@[]$ und $\OML/cmm/m/it/12 C \OT1/cmr/m
/n/12 = \OML/cmm/m/it/12 G[]$\OT1/cmr/m/n/12 . Dann ist $\OML/cmm/m/it/12 G \OT
1/cmr/m/n/12 = [](\OML/cmm/m/it/12 G[]; C; []; []\OT1/cmr/m/n/12 )$. 
[95] [96] [97] [98] (./grugra.ind
Overfull \hbox (1.62148pt too wide) in paragraph at lines 35--36
[]$\OML/cmm/m/it/10.95 ^^Y[]\OT1/cmr/m/n/10.95 (^^@\OML/cmm/m/it/10.95 ; p\OT1/
cmr/m/n/10.95 )$, $\OML/cmm/m/it/10.95 ^^Y[]\OT1/cmr/m/n/10.95 (^^@)$ (Fun-da-m
en-tal-grup-pe), 23 
[99] [100] [101]) (./grugra.aux)
kpathsea: Running mktexpk --mfmode / --bdpi 600 --mag 1+57/600 --dpi 657 bbm10
mktexpk: Running mf-nowin -progname=mf \mode:=ljfour; mag:=1+57/600; nonstopmode; input bbm10
This is METAFONT, Version 2.718281 (TeX Live 2013/Debian)

(/usr/share/texlive/texmf-dist/fonts/source/public/bbm/bbm10.mf
(/usr/share/texlive/texmf-dist/fonts/source/public/bbm/blbbase.mf
(/usr/share/texlive/texmf-dist/fonts/source/public/cm/cmbase.mf))
(/usr/share/texlive/texmf-dist/fonts/source/public/bbm/blbord.mf
(/usr/share/texlive/texmf-dist/fonts/source/public/bbm/blbordu.mf [65] [66]
[67] [68] [69] [70] [71] [72] [73] [74] [75] [76] [77] [78] [79] [80] [81]
[82] [83] [84] [85] [86] [87] [88] [89] [90])
(/usr/share/texlive/texmf-dist/fonts/source/public/bbm/blbordl.mf [97] [98]
[99] [100] [101] [102] [103] [104] [105] [106] [107] [108] [109] [110] [111]
[112] [113] [114] [115] [116] [117] [118] [119] [120] [121] [122])
(/usr/share/texlive/texmf-dist/fonts/source/public/bbm/blbordsp.mf [49]
[50] [40] [41] [91] [93]) ) )
Font metrics written on bbm10.tfm.
Output written on bbm10.657gf (58 characters, 18468 bytes).
Transcript written on bbm10.log.
mktexpk: /home/travis/.texmf-var/fonts/pk/ljfour/public/bbm/bbm10.657pk: successfully generated.


LaTeX Warning: There were multiply-defined labels.

 )
(see the transcript file for additional information) </home/travis/.texmf-var/f
onts/pk/ljfour/public/bbm/bbm10.657pk> </home/travis/.texmf-var/fonts/pk/ljfour
/public/bbm/bbmbx12.600pk> </home/travis/.texmf-var/fonts/pk/ljfour/public/bbm/
bbm17.600pk> </home/travis/.texmf-var/fonts/pk/ljfour/public/bbm/bbm17.864pk> <
/home/travis/.texmf-var/fonts/pk/ljfour/public/bbm/bbm8.600pk> </home/travis/.t
exmf-var/fonts/pk/ljfour/public/bbm/bbm12.600pk>
kpathsea: Running mktexpk --mfmode / --bdpi 600 --mag 1+120/600 --dpi 720 bbm12
mktexpk: Running mf-nowin -progname=mf \mode:=ljfour; mag:=1+120/600; nonstopmode; input bbm12
This is METAFONT, Version 2.718281 (TeX Live 2013/Debian)

(/usr/share/texlive/texmf-dist/fonts/source/public/bbm/bbm12.mf
(/usr/share/texlive/texmf-dist/fonts/source/public/bbm/blbbase.mf
(/usr/share/texlive/texmf-dist/fonts/source/public/cm/cmbase.mf))
(/usr/share/texlive/texmf-dist/fonts/source/public/bbm/blbord.mf
(/usr/share/texlive/texmf-dist/fonts/source/public/bbm/blbordu.mf [65] [66]
[67] [68] [69] [70] [71] [72] [73] [74] [75] [76] [77] [78] [79] [80] [81]
[82] [83] [84] [85] [86] [87] [88] [89] [90])
(/usr/share/texlive/texmf-dist/fonts/source/public/bbm/blbordl.mf [97] [98]
[99] [100] [101] [102] [103] [104] [105] [106] [107] [108] [109] [110] [111]
[112] [113] [114] [115] [116] [117] [118] [119] [120] [121] [122])
(/usr/share/texlive/texmf-dist/fonts/source/public/bbm/blbordsp.mf [49]
[50] [40] [41] [91] [93]) ) )
Font metrics written on bbm12.tfm.
Output written on bbm12.720gf (58 characters, 23900 bytes).
Transcript written on bbm12.log.
mktexpk: /home/travis/.texmf-var/fonts/pk/ljfour/public/bbm/bbm12.720pk: successfully generated.
 </home/travis/.texmf-var/fonts
/pk/ljfour/public/bbm/bbm12.720pk></usr/share/texlive/texmf-dist/fonts/type1/pu
blic/amsfonts/cm/cmbx10.pfb></usr/share/texlive/texmf-dist/fonts/type1/public/a
msfonts/cm/cmbx12.pfb></usr/share/texlive/texmf-dist/fonts/type1/public/amsfont
s/cm/cmbx8.pfb></usr/share/texlive/texmf-dist/fonts/type1/public/amsfonts/cm/cm
csc10.pfb></usr/share/texlive/texmf-dist/fonts/type1/public/amsfonts/cm/cmex10.
pfb></usr/share/texlive/texmf-dist/fonts/type1/public/amsfonts/cm/cmmi10.pfb></
usr/share/texlive/texmf-dist/fonts/type1/public/amsfonts/cm/cmmi12.pfb></usr/sh
are/texlive/texmf-dist/fonts/type1/public/amsfonts/cm/cmmi6.pfb></usr/share/tex
live/texmf-dist/fonts/type1/public/amsfonts/cm/cmmi8.pfb></usr/share/texlive/te
xmf-dist/fonts/type1/public/amsfonts/cmextra/cmmib8.pfb></usr/share/texlive/tex
mf-dist/fonts/type1/public/amsfonts/cm/cmr10.pfb></usr/share/texlive/texmf-dist
/fonts/type1/public/amsfonts/cm/cmr12.pfb></usr/share/texlive/texmf-dist/fonts/
type1/public/amsfonts/cm/cmr17.pfb></usr/share/texlive/texmf-dist/fonts/type1/p
ublic/amsfonts/cm/cmr6.pfb></usr/share/texlive/texmf-dist/fonts/type1/public/am
sfonts/cm/cmr8.pfb></usr/share/texlive/texmf-dist/fonts/type1/public/amsfonts/c
m/cmsl12.pfb></usr/share/texlive/texmf-dist/fonts/type1/public/amsfonts/cm/cmss
10.pfb></usr/share/texlive/texmf-dist/fonts/type1/public/amsfonts/cm/cmss12.pfb
></usr/share/texlive/texmf-dist/fonts/type1/public/amsfonts/cm/cmss8.pfb></usr/
share/texlive/texmf-dist/fonts/type1/public/amsfonts/cm/cmssbx10.pfb></usr/shar
e/texlive/texmf-dist/fonts/type1/public/amsfonts/cm/cmsy10.pfb></usr/share/texl
ive/texmf-dist/fonts/type1/public/amsfonts/cm/cmsy6.pfb></usr/share/texlive/tex
mf-dist/fonts/type1/public/amsfonts/cm/cmsy8.pfb></usr/share/texlive/texmf-dist
/fonts/type1/public/amsfonts/euler/eufm10.pfb></usr/share/texlive/texmf-dist/fo
nts/type1/public/amsfonts/euler/eusm10.pfb></usr/share/texlive/texmf-dist/fonts
/type1/public/amsfonts/symbols/msam10.pfb></usr/share/texlive/texmf-dist/fonts/
type1/public/amsfonts/symbols/msbm10.pfb></usr/share/texlive/texmf-dist/fonts/t
ype1/public/rsfs/rsfs10.pfb></usr/share/texlive/texmf-dist/fonts/type1/public/x
ypic/xyatip10.pfb></usr/share/texlive/texmf-dist/fonts/type1/public/xypic/xybti
p10.pfb>
Output written on grugra.pdf (105 pages, 1560897 bytes).
Transcript written on grugra.log.
Result: ExitSuccess

Running /usr/bin/pdflatex grugra.tex in an env with 4 entries:
This is pdfTeX, Version 3.1415926-2.5-1.40.14 (TeX Live 2013/Debian)
 restricted \write18 enabled.
entering extended mode
(data/grugra.tex
LaTeX2e <2011/06/27>
Babel <3.9h> and hyphenation patterns for 78 languages loaded.
(/usr/share/texlive/texmf-dist/tex/latex/base/article.cls
Document Class: article 2007/10/19 v1.4h Standard LaTeX document class
(/usr/share/texlive/texmf-dist/tex/latex/base/size12.clo)) (data/latexki.sty)
(data/grugraStyle.sty
(/usr/share/texlive/texmf-dist/tex/generic/german/german.sty v2.5e 1998-07-08)
(/usr/share/texlive/texmf-dist/tex/latex/base/inputenc.sty
(/usr/share/texlive/texmf-dist/tex/latex/base/utf8.def
(/usr/share/texlive/texmf-dist/tex/latex/base/t1enc.dfu)
(/usr/share/texlive/texmf-dist/tex/latex/base/ot1enc.dfu)
(/usr/share/texlive/texmf-dist/tex/latex/base/omsenc.dfu)))
(/usr/share/texlive/texmf-dist/tex/latex/amsfonts/amssymb.sty
(/usr/share/texlive/texmf-dist/tex/latex/amsfonts/amsfonts.sty))
(/usr/share/texlive/texmf-dist/tex/latex/amsmath/amsmath.sty
For additional information on amsmath, use the `?' option.
(/usr/share/texlive/texmf-dist/tex/latex/amsmath/amstext.sty
(/usr/share/texlive/texmf-dist/tex/latex/amsmath/amsgen.sty))
(/usr/share/texlive/texmf-dist/tex/latex/amsmath/amsbsy.sty)
(/usr/share/texlive/texmf-dist/tex/latex/amsmath/amsopn.sty))
(/usr/share/texlive/texmf-dist/tex/latex/tools/xspace.sty)
(/usr/share/texlive/texmf-dist/tex/latex/mfnfss/oldgerm.sty)
(/usr/share/texlive/texmf-dist/tex/latex/graphics/epsfig.sty
(/usr/share/texlive/texmf-dist/tex/latex/graphics/graphicx.sty
(/usr/share/texlive/texmf-dist/tex/latex/graphics/keyval.sty)
(/usr/share/texlive/texmf-dist/tex/latex/graphics/graphics.sty
(/usr/share/texlive/texmf-dist/tex/latex/graphics/trig.sty)
(/usr/share/texlive/texmf-dist/tex/latex/latexconfig/graphics.cfg)
(/usr/share/texlive/texmf-dist/tex/latex/pdftex-def/pdftex.def
(/usr/share/texlive/texmf-dist/tex/generic/oberdiek/infwarerr.sty)
(/usr/share/texlive/texmf-dist/tex/generic/oberdiek/ltxcmds.sty)))))
(/usr/share/texlive/texmf-dist/tex/latex/bbm-macros/bbm.sty)
(/usr/share/texlive/texmf-dist/tex/latex/base/makeidx.sty)
(/usr/share/texlive/texmf-dist/tex/latex/tools/theorem.sty
(/usr/share/texlive/texmf-dist/tex/latex/tools/thp.sty))
(/usr/share/texlive/texmf-dist/tex/latex/jknapltx/mathrsfs.sty)
(/usr/share/texlive/texmf-dist/tex/latex/fancyhdr/fancyhdr.sty)
(/usr/share/texlive/texmf-dist/tex/generic/xypic/xypic.sty
(/usr/share/texlive/texmf-dist/tex/generic/xypic/xy.sty
(/usr/share/texlive/texmf-dist/tex/generic/xypic/xy.tex Bootstrap'ing:
catcodes, docmode, (/usr/share/texlive/texmf-dist/tex/generic/xypic/xyrecat.tex
) (/usr/share/texlive/texmf-dist/tex/generic/xypic/xyidioms.tex)

 Xy-pic version 3.8.9 <2013/10/06>
 Copyright (c) 1991-2013 by Kristoffer H. Rose <krisrose@tug.org> and others
 Xy-pic is free software: see the User's Guide for details.

Loading kernel: messages; fonts; allocations: state, direction,
utility macros; pictures: \xy, positions, objects, decorations;
kernel objects: directionals, circles, text; options; algorithms: directions,
edges, connections;  Xy-pic loaded)
(/usr/share/texlive/texmf-dist/tex/generic/oberdiek/ifpdf.sty)

LaTeX Warning: You have requested package `xypic',
               but the package provides `xy'.

(/usr/share/texlive/texmf-dist/tex/generic/xypic/xypdf.tex
 Xy-pic option: PDF driver v.1.7 loaded))
(/usr/share/texlive/texmf-dist/tex/generic/xypic/xyv2.tex
 Xy-pic option: Version 2 Compatibility v.3.8

Xy-pic Warning: `\stop' redefined.

(/usr/share/texlive/texmf-dist/tex/generic/xypic/xyframe.tex
 Xy-pic option: Frame and Bracket extension v.3.14 loaded)
Xy-pic pdf driver: `frame' extension support
(/usr/share/texlive/texmf-dist/tex/generic/xypic/xypdf-fr.tex
(/usr/share/texlive/texmf-dist/tex/generic/xypic/xycurve.tex
 Xy-pic option: Curve and Spline extension v.3.12 curve, circles, loaded)
Xy-pic pdf driver: `curve' extension support
(/usr/share/texlive/texmf-dist/tex/generic/xypic/xypdf-cu.tex loaded) loaded)
(/usr/share/texlive/texmf-dist/tex/generic/xypic/xymatrix.tex
 Xy-pic option: Matrix feature v.3.14 loaded)
(/usr/share/texlive/texmf-dist/tex/generic/xypic/xyarrow.tex
 Xy-pic option: Arrow and Path feature v.3.9 path, \ar, loaded) loaded))
(/usr/share/texlive/texmf-dist/tex/latex/psfrag/psfrag.sty)
(/usr/share/texlive/texmf-dist/tex/latex/graphics/color.sty
(/usr/share/texlive/texmf-dist/tex/latex/latexconfig/color.cfg))
(/usr/share/texlive/texmf-dist/tex/latex/amsfonts/eucal.sty)
(/usr/share/texlive/texmf-dist/tex/latex/cancel/cancel.sty))
Writing index file grugra.idx
(./grugra.aux

LaTeX Warning: Label `sec_FG' multiply defined.

) (/usr/share/texlive/texmf-dist/tex/context/base/supp-pdf.mkii
[Loading MPS to PDF converter (version 2006.09.02).]
) (/usr/share/texlive/texmf-dist/tex/generic/oberdiek/pdftexcmds.sty
(/usr/share/texlive/texmf-dist/tex/generic/oberdiek/ifluatex.sty))
(/usr/share/texlive/texmf-dist/tex/latex/oberdiek/epstopdf-base.sty
(/usr/share/texlive/texmf-dist/tex/latex/oberdiek/grfext.sty
(/usr/share/texlive/texmf-dist/tex/generic/oberdiek/kvdefinekeys.sty))
(/usr/share/texlive/texmf-dist/tex/latex/oberdiek/kvoptions.sty
(/usr/share/texlive/texmf-dist/tex/generic/oberdiek/kvsetkeys.sty
(/usr/share/texlive/texmf-dist/tex/generic/oberdiek/etexcmds.sty)))
(/usr/share/texlive/texmf-dist/tex/latex/latexconfig/epstopdf-sys.cfg))
(/usr/share/texlive/texmf-dist/tex/latex/amsfonts/umsa.fd)
(/usr/share/texlive/texmf-dist/tex/latex/amsfonts/umsb.fd)
(/usr/share/texlive/texmf-dist/tex/latex/jknapltx/ursfs.fd)
<grugraImages/titel.pdf, id=1, 300.12125pt x 185.69376pt>
<use grugraImages/titel.pdf> [1
Non-PDF special ignored!{/var/lib/texmf/fonts/map/pdftex/updmap/pdftex.map} <da
ta/grugraImages/titel.pdf>] [2] (./grugra.toc
(/usr/share/texlive/texmf-dist/tex/latex/bbm-macros/ubbm.fd)

Package Fancyhdr Warning: \headheight is too small (12.0pt): 
 Make it at least 14.49998pt.
 We now make it that large for the rest of the document.
 This may cause the page layout to be inconsistent, however.

[3]) [4]
Overfull \hbox (2.19177pt too wide) in paragraph at lines 82--84
[]\OT1/cmr/m/n/12 Mengenoperationen auf Gra-phen sind im-mer auf den ent-spre-c
hen-den Men-
<grugraImages/bspgraphen.pdf, id=171, 351.3125pt x 155.58125pt>
<use grugraImages/bspgraphen.pdf> [1 <data/grugraImages/bspgraphen.pdf>]
Overfull \hbox (11.6812pt too wide) in paragraph at lines 96--97
[]\OT1/cmr/m/n/12 Es sei-en $^^@ = (\OML/cmm/m/it/12 E; K; I\OT1/cmr/m/n/12 )$ 
und $^^@[] = (\OML/cmm/m/it/12 E[]; K[]; I[]\OT1/cmr/m/n/12 )$
<grugraImages/Pn.pdf, id=211, 237.88875pt x 41.15375pt>
<use grugraImages/Pn.pdf> [2]
<grugraImages/kreis.pdf, id=216, 195.73125pt x 64.24pt>
<use grugraImages/kreis.pdf>
<grugraImages/doppelkante.pdf, id=217, 114.4275pt x 73.27374pt>
<use grugraImages/doppelkante.pdf> [3 <data/grugraImages/Pn.pdf> <data/grugraIm
ages/kreis.pdf>] <grugraImages/bspbaum.pdf, id=306, 382.42876pt x 99.37125pt>
<use grugraImages/bspbaum.pdf>
Overfull \hbox (8.38446pt too wide) in paragraph at lines 226--230
[][]$\OMS/cmsy/m/n/12 ($\OT1/cmr/m/n/12 \: Da es zwi-schen je zwei Ecken einen 
Weg gibt, ist $^^@$ zu-sam-menh[]angend.
[4 <data/grugraImages/doppelkante.pdf> <data/grugraImages/bspbaum.pdf>]
Overfull \hbox (5.20087pt too wide) in paragraph at lines 252--254
[]$\OT1/cmr/m/n/12 ^^@$ ist ge-nau dann zu-sam-menh[]angend, wenn $^^@ \OMS/cms
y/m/n/12 ^^@ \OML/cmm/m/it/12 x$ \OT1/cmr/m/n/12 zu-sam-menh[]angend
(/usr/share/texlive/texmf-dist/tex/latex/base/omscmr.fd) [5]
<grugraImages/unendldiam.pdf, id=355, 286.06876pt x 31.11626pt>
<use grugraImages/unendldiam.pdf>
Overfull \hbox (24.64246pt too wide) in paragraph at lines 314--316
[]\OT1/cmr/m/n/12 Jeder end-li-che Baum ent-steht aus $\OMS/cmsy/m/n/12 ^^O$ \O
T1/cmr/m/n/12 durch wie-der-hol-tes Anh[]angen
(/usr/share/texlive/texmf-dist/tex/latex/amsfonts/ueus.fd) [6 <data/grugraImage
s/unendldiam.pdf>]
Overfull \hbox (27.86845pt too wide) in paragraph at lines 370--373
[]\OT1/cmr/m/n/12 Sei $^^@$ ein Graph und $\OML/cmm/m/it/12 Z$ \OT1/cmr/m/n/12 
ein zu-sam-menh[]angen-
<grugraImages/GZ1.pdf, id=376, 324.21124pt x 113.42375pt>
<use grugraImages/GZ1.pdf> [7]
<grugraImages/GZ2.pdf, id=383, 122.4575pt x 66.2475pt>
<use grugraImages/GZ2.pdf> [8 <data/grugraImages/GZ1.pdf> <data/grugraImages/GZ
2.pdf>] <grugraImages/aut1.pdf, id=481, 115.43124pt x 40.15pt>
<use grugraImages/aut1.pdf>
<grugraImages/aut2.pdf, id=482, 130.4875pt x 72.27pt>
<use grugraImages/aut2.pdf>
Overfull \hbox (7.06685pt too wide) in paragraph at lines 464--466
\OT1/cmr/m/n/12 besteht $[](^^@)$ aus al-len Per-mu-ta-tio-nen der drei Ecken, 
al-so ist $[](^^@) []
<grugraImages/aut3.pdf, id=483, 130.4875pt x 72.27pt>
<use grugraImages/aut3.pdf> [9 <data/grugraImages/aut1.pdf> <data/grugraImages/
aut2.pdf> <data/grugraImages/aut3.pdf>]
<grugraImages/aut4.pdf, id=632, 122.4575pt x 108.405pt>
<use grugraImages/aut4.pdf>
<grugraImages/cay1.pdf, id=633, 237.88875pt x 40.15pt>
<use grugraImages/cay1.pdf>
<grugraImages/cay3.pdf, id=634, 237.88875pt x 51.19125pt>
<use grugraImages/cay3.pdf> [10 <data/grugraImages/aut4.pdf> <data/grugraImages
/cay1.pdf>] <grugraImages/cay2.pdf, id=753, 237.88875pt x 61.22874pt>
<use grugraImages/cay2.pdf>
<grugraImages/cay4.pdf, id=754, 128.48pt x 91.34125pt>
<use grugraImages/cay4.pdf>
Overfull \hbox (11.46625pt too wide) in paragraph at lines 522--524
[]$\OML/cmm/m/it/12 G \OT1/cmr/m/n/12 = S[]$ und $\OML/cmm/m/it/12 S \OT1/cmr/m
/n/12 = \OMS/cmsy/m/n/12 f\OML/cmm/m/it/12 ^^\ \OT1/cmr/m/n/12 = (1 2 3)\OML/cm
m/m/it/12 ; ^^[ \OT1/cmr/m/n/12 = (1 2)\OMS/cmsy/m/n/12 g$\OT1/cmr/m/n/12 . Es 
ist $S[] = \OMS/cmsy/m/n/12 f[]\OML/cmm/m/it/12 ; ^^\; ^^\[]; ^^[; ^^[^^\; ^^[^
^\[]\OMS/cmsy/m/n/12 g$\OT1/cmr/m/n/12 . 
<grugraImages/cay5.pdf, id=755, 193.72375pt x 168.63pt>
<use grugraImages/cay5.pdf> [11 <data/grugraImages/cay3.pdf> <data/grugraImages
/cay2.pdf> <data/grugraImages/cay4.pdf> <data/grugraImages/cay5.pdf>]
<grugraImages/S3aktion.pdf, id=1070, 193.72375pt x 168.63pt>
<use grugraImages/S3aktion.pdf> [12]
Overfull \hbox (0.48514pt too wide) in paragraph at lines 597--599
[]\OT1/cmr/m/n/12 Die Zu-sam-men-hangs-kom-po-nen-ten von $^^@(\OML/cmm/m/it/12
 G; S\OT1/cmr/m/n/12 )$ ent-spre-chen bi-jek-tiv den

Overfull \hbox (10.3703pt too wide) in paragraph at lines 606--614
\OT1/cmr/m/n/12 Die Zu-sam-men-hangs-kom-po-nen-te $^^@[]$ von $^^@(\OML/cmm/m/
it/12 G; S\OT1/cmr/m/n/12 )$ ist iso-morph zu $^^@(\OML/cmm/m/it/12 G[]; S\OT1/
cmr/m/n/12 )$
[13 <data/grugraImages/S3aktion.pdf>]
Overfull \hbox (24.83403pt too wide) in paragraph at lines 646--649
[]\OT1/cmr/m/n/12 Es gibt einen ein-deu-tig be-stimm-ten Grup-pen-ho-mo-mor-phi
s-mus $\OML/cmm/m/it/12 % \OT1/cmr/m/n/12 : [](^^@) \OMS/cmsy/m/n/12 !
<xymatrix 2x2 182> [14]
Overfull \hbox (30.43037pt too wide) in paragraph at lines 695--699
[]\OT1/cmr/m/n/12 Betrachte die Klein-sche Vie-rer-grup-pe[] $\OML/cmm/m/it/12 
G \OT1/cmr/m/n/12 = V[](= D[]) = \OMS/cmsy/m/n/12 f\OT1/cmr/m/n/12 1\OML/cmm/m/
it/12 ; ^^[; ^^\; ^^[^^\\OMS/cmsy/m/n/12 g$
<grugraImages/klein41.pdf, id=1242, 172.645pt x 94.3525pt>
<use grugraImages/klein41.pdf>
<grugraImages/klein42.pdf, id=1243, 116.435pt x 95.35625pt>
<use grugraImages/klein42.pdf>
<grugraImages/klein43.pdf, id=1244, 116.435pt x 103.38625pt>
<use grugraImages/klein43.pdf> [15 <data/grugraImages/klein41.pdf> <data/grugra
Images/klein42.pdf>] <grugraImages/Ti.pdf, id=1399, 271.0125pt x 139.52126pt>
<use grugraImages/Ti.pdf>
<grugraImages/ggsi.pdf, id=1400, 211.79124pt x 44.165pt>
<use grugraImages/ggsi.pdf> [16 <data/grugraImages/klein43.pdf> <data/grugraIma
ges/Ti.pdf> <data/grugraImages/ggsi.pdf>] <xymatrix 2x2 141>
<grugraImages/quot1.pdf, id=1650, 98.3675pt x 53.19875pt>
<use grugraImages/quot1.pdf> [17]
<grugraImages/quot2.pdf, id=1654, 116.435pt x 53.19875pt>
<use grugraImages/quot2.pdf>
<grugraImages/quot3.pdf, id=1655, 120.45pt x 56.21pt>
<use grugraImages/quot3.pdf>
<grugraImages/quot3a.pdf, id=1656, 149.55875pt x 35.13126pt>
<use grugraImages/quot3a.pdf>
<grugraImages/quot3b.pdf, id=1657, 114.4275pt x 45.16875pt>
<use grugraImages/quot3b.pdf> [18 <data/grugraImages/quot1.pdf> <data/grugraIma
ges/quot2.pdf> <data/grugraImages/quot3.pdf> <data/grugraImages/quot3a.pdf> <da
ta/grugraImages/quot3b.pdf>]
<grugraImages/lift.pdf, id=1825, 274.02374pt x 90.3375pt>
<use grugraImages/lift.pdf>
<grugraImages/subdiv.pdf, id=1826, 284.06125pt x 84.315pt>
<use grugraImages/subdiv.pdf> [19 <data/grugraImages/lift.pdf>] [20 <data/grugr
aImages/subdiv.pdf>] <grugraImages/Fxy.pdf, id=2018, 295.1025pt x 174.6525pt>
<use grugraImages/Fxy.pdf> [21 <data/grugraImages/Fxy.pdf>]
Overfull \hbox (9.3188pt too wide) in paragraph at lines 990--1002
\OT1/cmr/m/n/12 sei $[] := \OML/cmm/m/it/12 K\OT1/cmr/m/n/12 ([][])$, set-ze $\
OML/cmm/m/it/12 S[] \OT1/cmr/m/n/12 := \OMS/cmsy/m/n/12 f\OML/cmm/m/it/12 s \OM
S/cmsy/m/n/12 2 \OML/cmm/m/it/12 G \OT1/cmr/m/n/12 : \OML/cmm/m/it/12 s \OT1/cm
r/m/n/12 = \OT1/cmss/m/n/12 t\OT1/cmr/m/n/12 (\OML/cmm/m/it/12 k\OT1/cmr/m/n/12
 )[]\OMS/cmsy/m/n/12 g$\OT1/cmr/m/n/12 .
[22] <grugraImages/w1w2.pdf, id=2294, 333.245pt x 109.40875pt>
<use grugraImages/w1w2.pdf> [23 <data/grugraImages/w1w2.pdf>]
<grugraImages/pi1Z.pdf, id=2366, 157.58875pt x 55.20625pt>
<use grugraImages/pi1Z.pdf>
<grugraImages/pi1F2.pdf, id=2367, 196.735pt x 55.20625pt>
<use grugraImages/pi1F2.pdf> [24 <data/grugraImages/pi1Z.pdf> <data/grugraImage
s/pi1F2.pdf>] <grugraImages/phiZ.pdf, id=2464, 435.6275pt x 128.48pt>
<use grugraImages/phiZ.pdf>
Overfull \hbox (45.62643pt too wide) in paragraph at lines 1156--1157
 [] 
[25 <data/grugraImages/phiZ.pdf>] [26]
<grugraImages/univ.pdf, id=2622, 402.50375pt x 111.41624pt>
<use grugraImages/univ.pdf>
Overfull \hbox (12.50276pt too wide) in paragraph at lines 1233--1234
 [] 
[27 <data/grugraImages/univ.pdf>] <xymatrix 3x2 231> <xymatrix 2x2 141>
<xymatrix 2x2 141> <xymatrix 2x2 141> [28] [29]
<grugraImages/PSL.pdf, id=2693, 297.11pt x 108.405pt>
<use grugraImages/PSL.pdf> [30 <data/grugraImages/PSL.pdf>] <xymatrix 2x2 130>
[31] <xymatrix 3x3 366> <xymatrix 3x2 190> <xymatrix 3x3 325> [32] <xymatrix
3x2 231> <xymatrix 2x2 137>
Overfull \hbox (7.53015pt too wide) in paragraph at lines 1582--1586
[]\OT1/cmr/m/n/12 Dieses Bei-spiel zeigt, dass das amal-ga-mier-te Pro-dukt von
 den $\OML/cmm/m/it/12 []$ \OT1/cmr/m/n/12 abh[]angt.
<xymatrix 3x3 202> [33] <xymatrix 3x3 202> <xymatrix 3x3 325> [34] [35]
[36] [37] [38]
Overfull \hbox (38.5333pt too wide) in paragraph at lines 1875--1879
\OT1/cmr/m/n/12 hei^^Yt \OT1/cmr/bx/n/12 Graph von Grup-pen[][]\OT1/cmr/m/n/12 
. Wir ver-wen-den auch die Kurz-form $\U/rsfs/m/n/12 G \OT1/cmr/m/n/12 = ([]\OM
L/cmm/m/it/12 ; G[]; G[]; []\OT1/cmr/m/n/12 )$. 
<use grugraImages/cay1.pdf>
<grugraImages/cay1sub.pdf, id=2897, 278.03876pt x 40.15pt>
<use grugraImages/cay1sub.pdf>
<grugraImages/cay1subquot.pdf, id=2898, 159.59625pt x 49.18375pt>
<use grugraImages/cay1subquot.pdf>
<grugraImages/GvG1.pdf, id=2899, 146.5475pt x 53.19875pt>
<use grugraImages/GvG1.pdf> [39 <data/grugraImages/cay1sub.pdf> <data/grugraIma
ges/cay1subquot.pdf>]
<grugraImages/fundbereich.pdf, id=3051, 388.45125pt x 226.8475pt>
<use grugraImages/fundbereich.pdf>
Overfull \hbox (27.82498pt too wide) in paragraph at lines 1933--1934
 [] 

Underfull \vbox (badness 1253) has occurred while \output is active [40 <data/g
rugraImages/GvG1.pdf>] <grugraImages/rho.pdf, id=3087, 190.7125pt x 64.24pt>
<use grugraImages/rho.pdf>
<grugraImages/Hbaum.pdf, id=3088, 513.92pt x 235.88126pt>
<use grugraImages/Hbaum.pdf>
Overfull \hbox (66.16603pt too wide) in paragraph at lines 1949--1950
 [] 

Underfull \vbox (badness 1515) has occurred while \output is active [41 <data/g
rugraImages/fundbereich.pdf> <data/grugraImages/rho.pdf>]
<grugraImages/rhoquot.pdf, id=3387, 144.54pt x 60.225pt>
<use grugraImages/rhoquot.pdf> [42 <data/grugraImages/Hbaum.pdf> <data/grugraIm
ages/rhoquot.pdf>] <grugraImages/segment.pdf, id=3706, 123.46124pt x 52.195pt>
<use grugraImages/segment.pdf> [43 <data/grugraImages/segment.pdf>]
<grugraImages/pql.pdf, id=3742, 230.8625pt x 110.4125pt>
<use grugraImages/pql.pdf> [44 <data/grugraImages/pql.pdf>] [45]
<grugraImages/GT1.pdf, id=3900, 198.7425pt x 138.5175pt>
<use grugraImages/GT1.pdf> [46 <data/grugraImages/GT1.pdf>] [47]
<grugraImages/winjektiv.pdf, id=4023, 390.45876pt x 82.3075pt>
<use grugraImages/winjektiv.pdf>
Overfull \hbox (29.83249pt too wide) in paragraph at lines 2303--2304
 [] 
[48]
Underfull \hbox (badness 10000) in paragraph at lines 2347--2351

[49 <data/grugraImages/winjektiv.pdf>]
<grugraImages/L.pdf, id=4107, 116.435pt x 55.20625pt> <use grugraImages/L.pdf>
<grugraImages/XiF2.pdf, id=4108, 262.9825pt x 117.43875pt>
<use grugraImages/XiF2.pdf> [50 <data/grugraImages/L.pdf> <data/grugraImages/Xi
F2.pdf>] <grugraImages/Glimes.pdf, id=4301, 266.9975pt x 65.24374pt>
<use grugraImages/Glimes.pdf> [51 <data/grugraImages/Glimes.pdf>]
Overfull \hbox (32.90768pt too wide) in paragraph at lines 2495--2495
[]\OT1/cmr/bx/n/17.28 Fundamentalgruppe ei-nes Gra-phen von Grup-

Overfull \hbox (2.7845pt too wide) in paragraph at lines 2498--2503
[]\OT1/cmr/m/n/12 Es sei $\U/rsfs/m/n/12 G \OT1/cmr/m/n/12 = (^^@\OML/cmm/m/it/
12 ; G[]; G[]; []; []\OT1/cmr/m/n/12 )$ ein Graph
[52]
Overfull \hbox (65.71567pt too wide) detected at line 2582
\OML/cmm/m/it/12 ^^Y[]\OT1/cmr/m/n/12 (\U/rsfs/m/n/12 G\OML/cmm/m/it/12 ; x[]\O
T1/cmr/m/n/12 ) := \OMS/cmsy/m/n/12 f\OML/cmm/m/it/12 g \OMS/cmsy/m/n/12 2 \OT1
/cmr/m/n/12 F(\U/rsfs/m/n/12 G\OT1/cmr/m/n/12 ) : []\OMS/cmsy/m/n/12 g\OML/cmm/
m/it/12 :
[53]
Overfull \hbox (0.41028pt too wide) in paragraph at lines 2643--2650
\OT1/cmr/m/n/12 Es ist $\OML/cmm/m/it/12 p\OT1/cmr/m/n/12 (\OML/cmm/m/it/12 ^^M
[]\OT1/cmr/m/n/12 ) = 1$ f[]ur al-le $\OML/cmm/m/it/12 x \OMS/cmsy/m/n/12 2 \OM
L/cmm/m/it/12 E\OT1/cmr/m/n/12 (^^@)$ und $\OML/cmm/m/it/12 p \OMS/cmsy/m/n/12 
^^N \OML/cmm/m/it/12 f \OT1/cmr/m/n/12 = []$. Sei $\OML/cmm/m/it/12 g \OT1/cmr/
m/n/12 = \OML/cmm/m/it/12 h[]g[]h[]g[] [] g[]h[] \OMS/cmsy/m/n/12 2
[54] <grugraImages/T01.pdf, id=4456, 384.43625pt x 159.59625pt>
<use grugraImages/T01.pdf>
<grugraImages/T02.pdf, id=4457, 384.43625pt x 155.58125pt>
<use grugraImages/T02.pdf> [55 <data/grugraImages/T01.pdf>] [56 <data/grugraIma
ges/T02.pdf>] <grugraImages/T0T1.pdf, id=4720, 230.8625pt x 197.73875pt>
<use grugraImages/T0T1.pdf> [57 <data/grugraImages/T0T1.pdf>]
Overfull \hbox (1.06264pt too wide) in paragraph at lines 2762--2764
[]\OT1/cmr/m/n/12 Der um-fang-rei-che Be-weis die-ser Pro-po-si-ti-on folgt am 
En-de des Ab-schnitts. 
[58] [59]
Overfull \hbox (3.08289pt too wide) in paragraph at lines 2921--2932
[]\OT1/cmr/m/sc/12 Beweis: \OT1/cmr/m/n/12 Es sei $^^@$ ein Baum mit Ecken $\OM
L/cmm/m/it/12 x[]$\OT1/cmr/m/n/12 , $\OML/cmm/m/it/12 i \OMS/cmsy/m/n/12 2 \OML
/cmm/m/it/12 I$\OT1/cmr/m/n/12 , und $\U/rsfs/m/n/12 G \OT1/cmr/m/n/12 = (^^@\O
ML/cmm/m/it/12 ; G[]; \OMS/cmsy/m/n/12 f\OT1/cmr/m/n/12 1\OMS/cmsy/m/n/12 g\OML
/cmm/m/it/12 ; []; []\OT1/cmr/m/n/12 )$
[60] [61] [62] [63] (/usr/share/texlive/texmf-dist/tex/latex/amsfonts/ueuf.fd)
[64]
Overfull \hbox (7.0742pt too wide) in paragraph at lines 3066--3068
[]\OT1/cmr/m/n/12 Die In-klu-si-on $\U/bbm/m/n/12 Z \OML/cmm/m/it/12 ,[]\OMS/cm
sy/m/n/12 ! \U/bbm/m/n/12 Z[]$ \OT1/cmr/m/n/12 in-du-ziert ei-ne In-klu-si-on $
\U/bbm/m/n/12 Q \OML/cmm/m/it/12 ,[]\OMS/cmsy/m/n/12 ! \U/bbm/m/n/12 Q[]$ \OT1/
cmr/m/n/12 (d.h. $[](\U/bbm/m/n/12 Q[]\OT1/cmr/m/n/12 ) =
[65]
Overfull \hbox (0.13449pt too wide) in paragraph at lines 3116--3118
[]\OT1/cmr/m/n/12 Jedes Drei-eck in $\U/bbm/m/n/12 Q[]$ \OT1/cmr/m/n/12 ist gle
ich-schenk-lig, und die drit-te Sei-te ist h[]ochstens

Overfull \hbox (25.57738pt too wide) in paragraph at lines 3127--3127
[] 
[66] [67] <grugraImages/kreisQp.pdf, id=4891, 172.645pt x 115.43124pt>
<use grugraImages/kreisQp.pdf> [68 <data/grugraImages/kreisQp.pdf>]
<grugraImages/R1R2.pdf, id=4994, 447.6725pt x 78.2925pt>
<use grugraImages/R1R2.pdf>
Overfull \hbox (87.0461pt too wide) in paragraph at lines 3285--3286
 [] 
[69 <data/grugraImages/R1R2.pdf>]
<grugraImages/strahlen.pdf, id=5049, 298.11375pt x 96.36pt>
<use grugraImages/strahlen.pdf> [70 <data/grugraImages/strahlen.pdf>]
<grugraImages/enden1.pdf, id=5165, 86.3225pt x 90.3375pt>
<use grugraImages/enden1.pdf> [71 <data/grugraImages/enden1.pdf>]
<grugraImages/enden2.pdf, id=5204, 143.53625pt x 126.4725pt>
<use grugraImages/enden2.pdf> [72 <data/grugraImages/enden2.pdf>]
Overfull \hbox (86.83504pt too wide) detected at line 3505
\OML/cmm/m/it/12 g \OT1/cmr/m/n/12 = [] = [] \OML/cmm/m/it/12 :
[73] <grugraImages/abc.pdf, id=5318, 146.5475pt x 132.495pt>
<use grugraImages/abc.pdf> [74 <data/grugraImages/abc.pdf>]
<grugraImages/pglAktion.pdf, id=5456, 218.8175pt x 329.23pt>
<use grugraImages/pglAktion.pdf>
Underfull \vbox (badness 10000) has occurred while \output is active [75]
Overfull \hbox (2.76399pt too wide) in paragraph at lines 3597--3600
\OT1/cmr/m/n/12 dass be-nach-bar-te Ecken auf be-nach-bar-te Ecken ab-ge-bil-de
t wer-den. Auch
<grugraImages/vertauscht.pdf, id=5461, 229.85875pt x 88.33pt>
<use grugraImages/vertauscht.pdf> [76 <data/grugraImages/pglAktion.pdf> <data/g
rugraImages/vertauscht.pdf>]
Overfull \hbox (2.69865pt too wide) in paragraph at lines 3623--3625
[]\OT1/cmr/m/sc/12 Beweis: $[][]\OT1/cmr/m/n/12 (\U/bbm/m/n/12 Q[]\OT1/cmr/m/n/
12 )$ ope-riert tran-si-tiv auf den Tri-peln ver-schie-de-ner Punk-
<grugraImages/pglQuotient.pdf, id=5780, 205.76875pt x 36.135pt>
<use grugraImages/pglQuotient.pdf> [77 <data/grugraImages/pglQuotient.pdf>]
Overfull \hbox (39.94598pt too wide) in paragraph at lines 3736--3749
\OT1/cmr/bx/n/12 M\OT1/cmr/m/n/12 ([]\OML/cmm/m/it/12 ; []; []\OT1/cmr/m/n/12 )
 = \OT1/cmr/bx/n/12 K[]\OT1/cmr/m/n/12 (0)$. Oh-ne Ein-schr[]ankung d[]urfen wi
r $\OT1/cmr/bx/n/12 M\OT1/cmr/m/n/12 ([]\OML/cmm/m/it/12 ; []; []\OT1/cmr/m/n/1
2 ) = \OT1/cmr/bx/n/12 K[]\OT1/cmr/m/n/12 ([]) =
[78] [79]
Overfull \hbox (15.99826pt too wide) in paragraph at lines 3890--3908
[]\OT1/cmr/m/sc/12 Beweis: \OT1/cmr/m/n/12 Es ist $[]$ in der Fix-grup-pe von $
\U/msa/m/n/12 ^^G$\OT1/cmr/m/n/12 , al-so $[][][](\U/bbm/m/n/12 Z[]\OT1/cmr/m/n
/12 )\OML/cmm/m/it/12 ; [][] \OMS/cmsy/m/n/12 ^^T
<grugraImages/Kkante.pdf, id=5832, 145.54375pt x 45.16875pt>
<use grugraImages/Kkante.pdf> [80 <data/grugraImages/Kkante.pdf>]
<grugraImages/Ki.pdf, id=5885, 173.64874pt x 108.405pt>
<use grugraImages/Ki.pdf> [81 <data/grugraImages/Ki.pdf>]
<grugraImages/A0.pdf, id=5969, 274.02374pt x 68.255pt>
<use grugraImages/A0.pdf>
<grugraImages/Aalpha.pdf, id=5970, 243.91125pt x 101.37875pt>
<use grugraImages/Aalpha.pdf> [82 <data/grugraImages/A0.pdf>] [83 <data/grugraI
mages/Aalpha.pdf>] [84]
<grugraImages/ihara1.pdf, id=6237, 259.97125pt x 143.53625pt>
<use grugraImages/ihara1.pdf> [85 <data/grugraImages/ihara1.pdf>]
<grugraImages/ihara2.pdf, id=6395, 217.81375pt x 98.3675pt>
<use grugraImages/ihara2.pdf> [86 <data/grugraImages/ihara2.pdf>] [87] [88]
<grugraImages/UinC.pdf, id=6499, 191.71625pt x 163.61125pt>
<use grugraImages/UinC.pdf> [89 <data/grugraImages/UinC.pdf>]
<grugraImages/Torus.pdf, id=6593, 260.975pt x 165.61874pt>
<use grugraImages/Torus.pdf>
<grugraImages/cuspTorus.pdf, id=6594, 327.2225pt x 150.5625pt>
<use grugraImages/cuspTorus.pdf> [90 <data/grugraImages/Torus.pdf>] [91 <data/g
rugraImages/cuspTorus.pdf>]
Overfull \hbox (36.58427pt too wide) in paragraph at lines 4446--4446
[]\OT1/cmr/bx/n/17.28 Diskontinuierliche Un-ter-grup-pen von $[][]\OT1/cmr/m/n/
17.28 (\U/bbm/m/n/17.28 Q[]\OT1/cmr/m/n/17.28 )$ 
[92] [93]
Overfull \hbox (4.35934pt too wide) in paragraph at lines 4575--4578
\OT1/cmr/m/n/12 Dieser Graph ist nach Kon-struk-ti-on $\OML/cmm/m/it/12 G$\OT1/
cmr/m/n/12 -invariant. $\OML/cmm/m/it/12 T[]\OT1/cmr/m/n/12 (\OML/cmm/m/it/12 G
\OT1/cmr/m/n/12 )$ ist zu-sam-menh[]angend,
[94]
Overfull \hbox (1.60878pt too wide) in paragraph at lines 4619--4622
\OT1/cmr/m/n/12 phen von Grup-pen zu $^^@[]$ und $\OML/cmm/m/it/12 C \OT1/cmr/m
/n/12 = \OML/cmm/m/it/12 G[]$\OT1/cmr/m/n/12 . Dann ist $\OML/cmm/m/it/12 G \OT
1/cmr/m/n/12 = [](\OML/cmm/m/it/12 G[]; C; []; []\OT1/cmr/m/n/12 )$. 
[95] [96] [97] [98] (./grugra.ind
Overfull \hbox (1.62148pt too wide) in paragraph at lines 35--36
[]$\OML/cmm/m/it/10.95 ^^Y[]\OT1/cmr/m/n/10.95 (^^@\OML/cmm/m/it/10.95 ; p\OT1/
cmr/m/n/10.95 )$, $\OML/cmm/m/it/10.95 ^^Y[]\OT1/cmr/m/n/10.95 (^^@)$ (Fun-da-m
en-tal-grup-pe), 23 
[99] [100] [101]) (./grugra.aux)

LaTeX Warning: There were multiply-defined labels.

 )
(see the transcript file for additional information) </home/travis/.texmf-var/f
onts/pk/ljfour/public/bbm/bbm10.657pk> </home/travis/.texmf-var/fonts/pk/ljfour
/public/bbm/bbmbx12.600pk> </home/travis/.texmf-var/fonts/pk/ljfour/public/bbm/
bbm17.600pk> </home/travis/.texmf-var/fonts/pk/ljfour/public/bbm/bbm17.864pk> <
/home/travis/.texmf-var/fonts/pk/ljfour/public/bbm/bbm8.600pk> </home/travis/.t
exmf-var/fonts/pk/ljfour/public/bbm/bbm12.600pk> </home/travis/.texmf-var/fonts
/pk/ljfour/public/bbm/bbm12.720pk></usr/share/texlive/texmf-dist/fonts/type1/pu
blic/amsfonts/cm/cmbx10.pfb></usr/share/texlive/texmf-dist/fonts/type1/public/a
msfonts/cm/cmbx12.pfb></usr/share/texlive/texmf-dist/fonts/type1/public/amsfont
s/cm/cmbx8.pfb></usr/share/texlive/texmf-dist/fonts/type1/public/amsfonts/cm/cm
csc10.pfb></usr/share/texlive/texmf-dist/fonts/type1/public/amsfonts/cm/cmex10.
pfb></usr/share/texlive/texmf-dist/fonts/type1/public/amsfonts/cm/cmmi10.pfb></
usr/share/texlive/texmf-dist/fonts/type1/public/amsfonts/cm/cmmi12.pfb></usr/sh
are/texlive/texmf-dist/fonts/type1/public/amsfonts/cm/cmmi6.pfb></usr/share/tex
live/texmf-dist/fonts/type1/public/amsfonts/cm/cmmi8.pfb></usr/share/texlive/te
xmf-dist/fonts/type1/public/amsfonts/cmextra/cmmib8.pfb></usr/share/texlive/tex
mf-dist/fonts/type1/public/amsfonts/cm/cmr10.pfb></usr/share/texlive/texmf-dist
/fonts/type1/public/amsfonts/cm/cmr12.pfb></usr/share/texlive/texmf-dist/fonts/
type1/public/amsfonts/cm/cmr17.pfb></usr/share/texlive/texmf-dist/fonts/type1/p
ublic/amsfonts/cm/cmr6.pfb></usr/share/texlive/texmf-dist/fonts/type1/public/am
sfonts/cm/cmr8.pfb></usr/share/texlive/texmf-dist/fonts/type1/public/amsfonts/c
m/cmsl12.pfb></usr/share/texlive/texmf-dist/fonts/type1/public/amsfonts/cm/cmss
10.pfb></usr/share/texlive/texmf-dist/fonts/type1/public/amsfonts/cm/cmss12.pfb
></usr/share/texlive/texmf-dist/fonts/type1/public/amsfonts/cm/cmss8.pfb></usr/
share/texlive/texmf-dist/fonts/type1/public/amsfonts/cm/cmssbx10.pfb></usr/shar
e/texlive/texmf-dist/fonts/type1/public/amsfonts/cm/cmsy10.pfb></usr/share/texl
ive/texmf-dist/fonts/type1/public/amsfonts/cm/cmsy6.pfb></usr/share/texlive/tex
mf-dist/fonts/type1/public/amsfonts/cm/cmsy8.pfb></usr/share/texlive/texmf-dist
/fonts/type1/public/amsfonts/euler/eufm10.pfb></usr/share/texlive/texmf-dist/fo
nts/type1/public/amsfonts/euler/eusm10.pfb></usr/share/texlive/texmf-dist/fonts
/type1/public/amsfonts/symbols/msam10.pfb></usr/share/texlive/texmf-dist/fonts/
type1/public/amsfonts/symbols/msbm10.pfb></usr/share/texlive/texmf-dist/fonts/t
ype1/public/rsfs/rsfs10.pfb></usr/share/texlive/texmf-dist/fonts/type1/public/x
ypic/xyatip10.pfb></usr/share/texlive/texmf-dist/fonts/type1/public/xypic/xybti
p10.pfb>
Output written on grugra.pdf (105 pages, 1560908 bytes).
Transcript written on grugra.log.
Result: ExitSuccess

Running /usr/bin/convert -verbose grugra.pdf[0] -resize 70x grugra.png in an env with 4 entries:
"gs" -q -dQUIET -dSAFER -dBATCH -dNOPAUSE -dNOPROMPT -dMaxBitmap=500000000 -dAlignToPixels=0 -dGridFitTT=2 "-sDEVICE=pngalpha" -dTextAlphaBits=4 -dGraphicsAlphaBits=4 "-r72x72" -dFirstPage=1 -dLastPage=1 "-sOutputFile=/tmp/magick-gCCzeofP-%08d" "-f/tmp/magick-J0dY5Cez" "-f/tmp/magick-pXK3d3dj"
/tmp/magick-gCCzeofP-00000001 PNG 595x842 595x842+0+0 8-bit DirectClass 18.4KB 0.010u 0:00.020
grugra.pdf[0]=>grugra.pdf PDF 595x842 595x842+0+0 16-bit DirectClass 18.4KB 0.000u 0:00.000
grugra.pdf[0]=>grugra.png PDF 595x842=>70x99 70x99+0+0 16-bit DirectClass 0.040u 0:00.019
Result: ExitSuccess

Running /usr/bin/optipng -verbose grugra.png in an env with 4 entries:
OptiPNG 0.6.4: Advanced PNG optimizer.
Copyright (C) 2001-2010 Cosmin Truta.

** Processing: grugra.png
70x99 pixels, 2x16 bits/pixel, grayscale+alpha
Input IDAT size = 1717 bytes
Input file size = 2012 bytes

Trying:
  zc = 9  zm = 8  zs = 0  f = 0		IDAT size = 1698
  zc = 9  zm = 8  zs = 1  f = 0		IDAT size = 1585
  zc = 1  zm = 8  zs = 2  f = 0		IDAT too big
  zc = 9  zm = 8  zs = 3  f = 0		IDAT too big
  zc = 9  zm = 8  zs = 0  f = 5		IDAT too big
  zc = 9  zm = 8  zs = 1  f = 5		IDAT too big
  zc = 1  zm = 8  zs = 2  f = 5		IDAT too big
  zc = 9  zm = 8  zs = 3  f = 5		IDAT too big

Selecting parameters:
  zc = 9  zm = 8  zs = 1  f = 0		IDAT size = 1585

Output IDAT size = 1585 bytes (132 bytes decrease)
Output file size = 1880 bytes (132 bytes = 6.56% decrease)

** Status report
1 file(s) have been processed.
Result: ExitSuccess
