
Running /usr/bin/pdflatex HyperGeo.tex in an env with 4 entries:
This is pdfTeX, Version 3.1415926-2.5-1.40.14 (TeX Live 2013/Debian)
 restricted \write18 enabled.
entering extended mode
(data/HyperGeo.tex
LaTeX2e <2011/06/27>
Babel <3.9h> and hyphenation patterns for 78 languages loaded.
(/usr/share/texlive/texmf-dist/tex/latex/base/book.cls
Document Class: book 2007/10/19 v1.4h Standard LaTeX document class
(/usr/share/texlive/texmf-dist/tex/latex/base/bk11.clo))
(/usr/share/texlive/texmf-dist/tex/latex/etex-pkg/etex.sty)
(/usr/share/texlive/texmf-dist/tex/latex/base/ifthen.sty)
(/usr/share/texlive/texmf-dist/tex/latex/amsfonts/amssymb.sty
(/usr/share/texlive/texmf-dist/tex/latex/amsfonts/amsfonts.sty))
(/usr/share/texlive/texmf-dist/tex/latex/base/inputenc.sty
(/usr/share/texlive/texmf-dist/tex/latex/base/utf8.def
(/usr/share/texlive/texmf-dist/tex/latex/base/t1enc.dfu)
(/usr/share/texlive/texmf-dist/tex/latex/base/ot1enc.dfu)
(/usr/share/texlive/texmf-dist/tex/latex/base/omsenc.dfu)))
(/usr/share/texlive/texmf-dist/tex/generic/german/german.sty v2.5e 1998-07-08)
(/usr/share/texlive/texmf-dist/tex/generic/babel/babel.sty
(/usr/share/texlive/texmf-dist/tex/generic/babel-german/germanb.ldf
(/usr/share/texlive/texmf-dist/tex/generic/babel/babel.def)))
(/usr/share/texlive/texmf-dist/tex/latex/base/fontenc.sty
(/usr/share/texlive/texmf-dist/tex/latex/base/t1enc.def))
(/usr/share/texlive/texmf-dist/tex/latex/geometry/geometry.sty
(/usr/share/texlive/texmf-dist/tex/latex/graphics/keyval.sty)
(/usr/share/texlive/texmf-dist/tex/generic/oberdiek/ifpdf.sty)
(/usr/share/texlive/texmf-dist/tex/generic/oberdiek/ifvtex.sty)
(/usr/share/texlive/texmf-dist/tex/generic/ifxetex/ifxetex.sty))
(/usr/share/texlive/texmf-dist/tex/latex/paralist/paralist.sty)
(/usr/share/texlive/texmf-dist/tex/latex/titlesec/titlesec.sty)
(/usr/share/texlive/texmf-dist/tex/latex/amsmath/amsmath.sty
For additional information on amsmath, use the `?' option.
(/usr/share/texlive/texmf-dist/tex/latex/amsmath/amstext.sty
(/usr/share/texlive/texmf-dist/tex/latex/amsmath/amsgen.sty))
(/usr/share/texlive/texmf-dist/tex/latex/amsmath/amsbsy.sty)
(/usr/share/texlive/texmf-dist/tex/latex/amsmath/amsopn.sty))
(/usr/share/texlive/texmf-dist/tex/latex/setspace/setspace.sty)
(/usr/share/texlive/texmf-dist/tex/latex/polynom/polynom.sty)
(/usr/share/texlive/texmf-dist/tex/latex/stmaryrd/stmaryrd.sty)
(/usr/share/texlive/texmf-dist/tex/generic/xypic/xy.sty
(/usr/share/texlive/texmf-dist/tex/generic/xypic/xy.tex Bootstrap'ing:
catcodes, docmode, (/usr/share/texlive/texmf-dist/tex/generic/xypic/xyrecat.tex
) (/usr/share/texlive/texmf-dist/tex/generic/xypic/xyidioms.tex)

 Xy-pic version 3.8.9 <2013/10/06>
 Copyright (c) 1991-2013 by Kristoffer H. Rose <krisrose@tug.org> and others
 Xy-pic is free software: see the User's Guide for details.

Loading kernel: messages; fonts; allocations: state, direction,
utility macros; pictures: \xy, positions, objects, decorations;
kernel objects: directionals, circles, text; options; algorithms: directions,
edges, connections;  Xy-pic loaded)
(/usr/share/texlive/texmf-dist/tex/generic/xypic/xyarrow.tex
 Xy-pic option: Arrow and Path feature v.3.9 path, \ar, loaded)
(/usr/share/texlive/texmf-dist/tex/generic/xypic/xymatrix.tex
 Xy-pic option: Matrix feature v.3.14 loaded)
(/usr/share/texlive/texmf-dist/tex/generic/xypic/xycurve.tex
 Xy-pic option: Curve and Spline extension v.3.12 curve, circles, loaded)
(/usr/share/texlive/texmf-dist/tex/generic/xypic/xypdf.tex
 Xy-pic option: PDF driver v.1.7 Xy-pic pdf driver: `curve' extension support
(/usr/share/texlive/texmf-dist/tex/generic/xypic/xypdf-cu.tex loaded) loaded))
(/usr/share/texlive/texmf-dist/tex/latex/float/float.sty)
(/usr/share/texlive/texmf-dist/tex/latex/titlesec/titletoc.sty)
(/usr/share/texlive/texmf-dist/tex/latex/pgfplots/pgfplots.sty
(/usr/share/texlive/texmf-dist/tex/generic/pgfplots/pgfplots.revision.tex)
(/usr/share/texmf/tex/latex/pgf/frontendlayer/tikz.sty
(/usr/share/texmf/tex/latex/pgf/basiclayer/pgf.sty
(/usr/share/texmf/tex/latex/pgf/utilities/pgfrcs.sty
(/usr/share/texmf/tex/generic/pgf/utilities/pgfutil-common.tex)
(/usr/share/texmf/tex/generic/pgf/utilities/pgfutil-latex.def
(/usr/share/texlive/texmf-dist/tex/latex/ms/everyshi.sty))
(/usr/share/texmf/tex/generic/pgf/utilities/pgfrcs.code.tex))
(/usr/share/texmf/tex/latex/pgf/basiclayer/pgfcore.sty
(/usr/share/texlive/texmf-dist/tex/latex/graphics/graphicx.sty
(/usr/share/texlive/texmf-dist/tex/latex/graphics/graphics.sty
(/usr/share/texlive/texmf-dist/tex/latex/graphics/trig.sty)
(/usr/share/texlive/texmf-dist/tex/latex/latexconfig/graphics.cfg)
(/usr/share/texlive/texmf-dist/tex/latex/pdftex-def/pdftex.def
(/usr/share/texlive/texmf-dist/tex/generic/oberdiek/infwarerr.sty)
(/usr/share/texlive/texmf-dist/tex/generic/oberdiek/ltxcmds.sty))))
(/usr/share/texmf/tex/latex/pgf/systemlayer/pgfsys.sty
(/usr/share/texmf/tex/generic/pgf/systemlayer/pgfsys.code.tex
(/usr/share/texmf/tex/generic/pgf/utilities/pgfkeys.code.tex
(/usr/share/texmf/tex/generic/pgf/utilities/pgfkeysfiltered.code.tex))
(/usr/share/texmf/tex/generic/pgf/systemlayer/pgf.cfg)
(/usr/share/texmf/tex/generic/pgf/systemlayer/pgfsys-pdftex.def
(/usr/share/texmf/tex/generic/pgf/systemlayer/pgfsys-common-pdf.def)))
(/usr/share/texmf/tex/generic/pgf/systemlayer/pgfsyssoftpath.code.tex)
(/usr/share/texmf/tex/generic/pgf/systemlayer/pgfsysprotocol.code.tex))
(/usr/share/texmf/tex/latex/xcolor/xcolor.sty
(/usr/share/texlive/texmf-dist/tex/latex/latexconfig/color.cfg))
(/usr/share/texmf/tex/generic/pgf/basiclayer/pgfcore.code.tex
(/usr/share/texmf/tex/generic/pgf/math/pgfmath.code.tex
(/usr/share/texmf/tex/generic/pgf/math/pgfmathcalc.code.tex
(/usr/share/texmf/tex/generic/pgf/math/pgfmathutil.code.tex)
(/usr/share/texmf/tex/generic/pgf/math/pgfmathparser.code.tex)
(/usr/share/texmf/tex/generic/pgf/math/pgfmathfunctions.code.tex
(/usr/share/texmf/tex/generic/pgf/math/pgfmathfunctions.basic.code.tex)
(/usr/share/texmf/tex/generic/pgf/math/pgfmathfunctions.trigonometric.code.tex)
(/usr/share/texmf/tex/generic/pgf/math/pgfmathfunctions.random.code.tex)
(/usr/share/texmf/tex/generic/pgf/math/pgfmathfunctions.comparison.code.tex)
(/usr/share/texmf/tex/generic/pgf/math/pgfmathfunctions.base.code.tex)
(/usr/share/texmf/tex/generic/pgf/math/pgfmathfunctions.round.code.tex)
(/usr/share/texmf/tex/generic/pgf/math/pgfmathfunctions.misc.code.tex)))
(/usr/share/texmf/tex/generic/pgf/math/pgfmathfloat.code.tex))
(/usr/share/texmf/tex/generic/pgf/basiclayer/pgfcorepoints.code.tex)
(/usr/share/texmf/tex/generic/pgf/basiclayer/pgfcorepathconstruct.code.tex)
(/usr/share/texmf/tex/generic/pgf/basiclayer/pgfcorepathusage.code.tex)
(/usr/share/texmf/tex/generic/pgf/basiclayer/pgfcorescopes.code.tex)
(/usr/share/texmf/tex/generic/pgf/basiclayer/pgfcoregraphicstate.code.tex)
(/usr/share/texmf/tex/generic/pgf/basiclayer/pgfcoretransformations.code.tex)
(/usr/share/texmf/tex/generic/pgf/basiclayer/pgfcorequick.code.tex)
(/usr/share/texmf/tex/generic/pgf/basiclayer/pgfcoreobjects.code.tex)
(/usr/share/texmf/tex/generic/pgf/basiclayer/pgfcorepathprocessing.code.tex)
(/usr/share/texmf/tex/generic/pgf/basiclayer/pgfcorearrows.code.tex)
(/usr/share/texmf/tex/generic/pgf/basiclayer/pgfcoreshade.code.tex)
(/usr/share/texmf/tex/generic/pgf/basiclayer/pgfcoreimage.code.tex
(/usr/share/texmf/tex/generic/pgf/basiclayer/pgfcoreexternal.code.tex))
(/usr/share/texmf/tex/generic/pgf/basiclayer/pgfcorelayers.code.tex)
(/usr/share/texmf/tex/generic/pgf/basiclayer/pgfcoretransparency.code.tex)
(/usr/share/texmf/tex/generic/pgf/basiclayer/pgfcorepatterns.code.tex)))
(/usr/share/texmf/tex/generic/pgf/modules/pgfmoduleshapes.code.tex)
(/usr/share/texmf/tex/generic/pgf/modules/pgfmoduleplot.code.tex)
(/usr/share/texmf/tex/latex/pgf/compatibility/pgfcomp-version-0-65.sty)
(/usr/share/texmf/tex/latex/pgf/compatibility/pgfcomp-version-1-18.sty))
(/usr/share/texmf/tex/latex/pgf/utilities/pgffor.sty
(/usr/share/texmf/tex/latex/pgf/utilities/pgfkeys.sty
(/usr/share/texmf/tex/generic/pgf/utilities/pgfkeys.code.tex))
(/usr/share/texmf/tex/generic/pgf/utilities/pgffor.code.tex))
(/usr/share/texmf/tex/generic/pgf/frontendlayer/tikz/tikz.code.tex
(/usr/share/texmf/tex/generic/pgf/libraries/pgflibraryplothandlers.code.tex)
(/usr/share/texmf/tex/generic/pgf/modules/pgfmodulematrix.code.tex)
(/usr/share/texmf/tex/generic/pgf/frontendlayer/tikz/libraries/tikzlibrarytopat
hs.code.tex)))
(/usr/share/texlive/texmf-dist/tex/generic/pgfplots/pgfplots.code.tex
(/usr/share/texlive/texmf-dist/tex/generic/pgfplots/pgfplotscore.code.tex
(/usr/share/texlive/texmf-dist/tex/generic/pgfplots/sys/pgfplotssysgeneric.code
.tex))
(/usr/share/texlive/texmf-dist/tex/generic/pgfplots/libs/pgfplotslibrary.code.t
ex)
(/usr/share/texlive/texmf-dist/tex/generic/pgfplots/oldpgfcompatib/pgfplotsoldp
gfsupp_loader.code.tex
Package pgfplots: loading complementary code for your PGF version...

(/usr/share/texlive/texmf-dist/tex/generic/pgfplots/oldpgfcompatib/pgfplotsoldp
gfsupp_misc.code.tex)
(/usr/share/texlive/texmf-dist/tex/generic/pgfplots/oldpgfcompatib/pgfplotsoldp
gfsupp_pgfkeys.code.tex
(/usr/share/texlive/texmf-dist/tex/generic/pgfplots/oldpgfcompatib/pgfplotsoldp
gfsupp_pgfkeysfiltered.code.tex))
(/usr/share/texlive/texmf-dist/tex/generic/pgfplots/oldpgfcompatib/pgfplotsoldp
gfsupp_pgfmathfloat.code.tex)
(/usr/share/texlive/texmf-dist/tex/generic/pgfplots/oldpgfcompatib/pgfplotsoldp
gfsupp_pgflibraryplothandlers.code.tex)
(/usr/share/texlive/texmf-dist/tex/generic/pgfplots/oldpgfcompatib/pgfplotsoldp
gfsupp_pgflibraryfpu.code.tex)
(/usr/share/texlive/texmf-dist/tex/generic/pgfplots/oldpgfcompatib/pgfplotsoldp
gfsupp_pgfcorescopes.code.tex)
(/usr/share/texlive/texmf-dist/tex/generic/pgfplots/oldpgfcompatib/pgfplotsoldp
gfsupp_pgfcorelayers.code.tex))
(/usr/share/texlive/texmf-dist/tex/generic/pgfplots/util/pgfplotsutil.code.tex
(/usr/share/texlive/texmf-dist/tex/generic/pgfplots/liststructure/pgfplotslists
tructure.code.tex)
(/usr/share/texlive/texmf-dist/tex/generic/pgfplots/liststructure/pgfplotslists
tructureext.code.tex)
(/usr/share/texlive/texmf-dist/tex/generic/pgfplots/liststructure/pgfplotsarray
.code.tex)
(/usr/share/texlive/texmf-dist/tex/generic/pgfplots/liststructure/pgfplotsmatri
x.code.tex)
(/usr/share/texlive/texmf-dist/tex/generic/pgfplots/numtable/pgfplotstableshare
d.code.tex)
(/usr/share/texlive/texmf-dist/tex/generic/pgfplots/liststructure/pgfplotsdeque
.code.tex)
(/usr/share/texlive/texmf-dist/tex/generic/pgfplots/util/pgfplotsbinary.code.te
x
(/usr/share/texlive/texmf-dist/tex/generic/pgfplots/util/pgfplotsbinary.data.co
de.tex))
(/usr/share/texlive/texmf-dist/tex/generic/pgfplots/util/pgfplotsutil.verb.code
.tex)
(/usr/share/texlive/texmf-dist/tex/generic/pgfplots/libs/pgflibrarypgfplots.sur
fshading.code.tex
(/usr/share/texlive/texmf-dist/tex/generic/pgfplots/sys/pgflibrarypgfplots.surf
shading.pgfsys-pdftex.def)))
(/usr/share/texlive/texmf-dist/tex/generic/pgfplots/util/pgfplotscolormap.code.
tex
(/usr/share/texlive/texmf-dist/tex/generic/pgfplots/util/pgfplotscolor.code.tex
))
(/usr/share/texlive/texmf-dist/tex/generic/pgfplots/pgfplotsstackedplots.code.t
ex)
(/usr/share/texlive/texmf-dist/tex/generic/pgfplots/pgfplotsplothandlers.code.t
ex
(/usr/share/texlive/texmf-dist/tex/generic/pgfplots/pgfplotsmeshplothandler.cod
e.tex))
(/usr/share/texlive/texmf-dist/tex/generic/pgfplots/pgfplots.scaling.code.tex)
(/usr/share/texlive/texmf-dist/tex/generic/pgfplots/pgfplotscoordprocessing.cod
e.tex)
(/usr/share/texlive/texmf-dist/tex/generic/pgfplots/pgfplots.errorbars.code.tex
) (/usr/share/texlive/texmf-dist/tex/generic/pgfplots/pgfplots.markers.code.tex
) (/usr/share/texlive/texmf-dist/tex/generic/pgfplots/pgfplotsticks.code.tex)
(/usr/share/texlive/texmf-dist/tex/generic/pgfplots/pgfplots.paths.code.tex)
(/usr/share/texmf/tex/generic/pgf/frontendlayer/tikz/libraries/tikzlibrarydecor
ations.code.tex
(/usr/share/texmf/tex/generic/pgf/modules/pgfmoduledecorations.code.tex))
(/usr/share/texmf/tex/generic/pgf/frontendlayer/tikz/libraries/tikzlibrarydecor
ations.pathmorphing.code.tex
(/usr/share/texmf/tex/generic/pgf/libraries/decorations/pgflibrarydecorations.p
athmorphing.code.tex))
(/usr/share/texmf/tex/generic/pgf/frontendlayer/tikz/libraries/tikzlibrarydecor
ations.pathreplacing.code.tex
(/usr/share/texmf/tex/generic/pgf/libraries/decorations/pgflibrarydecorations.p
athreplacing.code.tex)))
(/usr/share/texmf/tex/generic/pgf/frontendlayer/tikz/libraries/tikzlibraryplotm
arks.code.tex
(/usr/share/texmf/tex/generic/pgf/libraries/pgflibraryplotmarks.code.tex)))
(/usr/share/texlive/texmf-dist/tex/latex/wrapfig/wrapfig.sty)
(/usr/share/texlive/texmf-dist/tex/generic/mathabx/mathabx.sty
(/usr/share/texlive/texmf-dist/tex/generic/mathabx/mathabx.dcl))
(/usr/share/texlive/texmf-dist/tex/latex/caption/caption.sty
(/usr/share/texlive/texmf-dist/tex/latex/caption/caption3.sty))
(/usr/share/texlive/texmf-dist/tex/latex/caption/subcaption.sty)
(/usr/share/texlive/texmf-dist/tex/latex/booktabs/booktabs.sty)
(/usr/share/texlive/texmf-dist/tex/latex/cmap/cmap.sty

Package cmap Warning: fontenc already loaded - some fonts may be unprocessed.

) (data/latexki.sty)
(/usr/share/texlive/texmf-dist/tex/latex/ntheorem/ntheorem.sty
Style `ntheorem', Version 1.33 <2011/08/15>
) (/usr/share/texlive/texmf-dist/tex/latex/hyperref/hyperref.sty
(/usr/share/texlive/texmf-dist/tex/generic/oberdiek/hobsub-hyperref.sty
(/usr/share/texlive/texmf-dist/tex/generic/oberdiek/hobsub-generic.sty))
(/usr/share/texlive/texmf-dist/tex/latex/oberdiek/auxhook.sty)
(/usr/share/texlive/texmf-dist/tex/latex/oberdiek/kvoptions.sty)
(/usr/share/texlive/texmf-dist/tex/latex/hyperref/pd1enc.def)
(/usr/share/texlive/texmf-dist/tex/latex/latexconfig/hyperref.cfg)
(/usr/share/texlive/texmf-dist/tex/latex/url/url.sty))

Package hyperref Message: Driver (autodetected): hpdftex.

(/usr/share/texlive/texmf-dist/tex/latex/hyperref/hpdftex.def
(/usr/share/texlive/texmf-dist/tex/latex/oberdiek/rerunfilecheck.sty))
No file HyperGeo.aux.
*geometry* driver: auto-detecting
*geometry* detected driver: pdftex
<<ot1.cmap>><<oml.cmap>><<oms.cmap>><<omx.cmap>>
(/usr/share/texlive/texmf-dist/tex/latex/amsfonts/umsa.fd)
(/usr/share/texlive/texmf-dist/tex/latex/amsfonts/umsb.fd)
(/usr/share/texlive/texmf-dist/tex/latex/stmaryrd/Ustmry.fd)
ABD: EveryShipout initializing macros
(/usr/share/texlive/texmf-dist/tex/context/base/supp-pdf.mkii
[Loading MPS to PDF converter (version 2006.09.02).]
) (/usr/share/texlive/texmf-dist/tex/latex/oberdiek/epstopdf-base.sty
(/usr/share/texlive/texmf-dist/tex/latex/oberdiek/grfext.sty)
(/usr/share/texlive/texmf-dist/tex/latex/latexconfig/epstopdf-sys.cfg))

Package pgfplots Warning: running in backwards compatibility mode (unsuitable t
ick labels; missing features). Consider writing \pgfplotsset{compat=1.9} into y
our preamble.
 on input line 217.

(/usr/share/texlive/texmf-dist/tex/latex/hyperref/nameref.sty
(/usr/share/texlive/texmf-dist/tex/generic/oberdiek/gettitlestring.sty))
Underfull \hbox (badness 10000) in paragraph at lines 220--221


LaTeX Font Warning: Font shape `T1/cmr/m/n' in size <32> not available
(Font)              size <29.86> substituted on input line 223.

<<t1.cmap>>

LaTeX Font Warning: Font shape `T1/cmr/bx/n' in size <32> not available
(Font)              size <29.86> substituted on input line 223.


Underfull \hbox (badness 10000) in paragraph at lines 225--226


Underfull \hbox (badness 10000) in paragraph at lines 227--228


Underfull \hbox (badness 10000) in paragraph at lines 229--230

[1{/var/lib/texmf/fonts/map/pdftex/updmap/pdftex.map}] [2] [3] [4]
Kapitel 1.
[5]

LaTeX Font Warning: Font shape `U/stmry/b/n' undefined
(Font)              using `U/stmry/m/n' instead on input line 314.

[6] [7] [8] [9] [10] [11] [12] [13] [14] [15] [16] [17]

Package hyperref Warning: Token not allowed in a PDF string (PDFDocEncoding):
(hyperref)                removing `math shift' on input line 790.


Package hyperref Warning: Token not allowed in a PDF string (PDFDocEncoding):
(hyperref)                removing `math shift' on input line 790.

[18] [19] [20]
Underfull \vbox (badness 4217) has occurred while \output is active [21]
[22]
Kapitel 2.
[23] [24]
Overfull \hbox (7.47366pt too wide) in paragraph at lines 1098--1099
[]$\U/matha/m/n/10.95 p\OML/cmm/m/it/10.95 M; d\U/matha/m/n/10.95 q$ \T1/cmr/m/
n/10.95 heiÿt $\OT1/cmr/m/n/10.95 2$\T1/cmr/m/it/10.95 -Punkt-homogen\T1/cmr/m/
n/10.95 , falls es für je zwei Punk-te-paa-re $\U/matha/m/n/10.95 p\OML/cmm/m/i
t/10.95 p[]; p[]\U/matha/m/n/10.95 q\OML/cmm/m/it/10.95 ; \U/matha/m/n/10.95 p\
OML/cmm/m/it/10.95 q[]; q[]\U/matha/m/n/10.95 q$ \T1/cmr/m/n/10.95 mit $\OML/cm
m/m/it/10.95 d\U/matha/m/n/10.95 p\OML/cmm/m/it/10.95 p[]; p[]\U/matha/m/n/10.9
5 q ^^P

Underfull \vbox (badness 1024) has occurred while \output is active [25]
[26] [27] [28] [29] [30]

Package hyperref Warning: Token not allowed in a PDF string (PDFDocEncoding):
(hyperref)                removing `math shift' on input line 1351.


Package hyperref Warning: Token not allowed in a PDF string (PDFDocEncoding):
(hyperref)                removing `superscript' on input line 1351.


Package hyperref Warning: Token not allowed in a PDF string (PDFDocEncoding):
(hyperref)                removing `subscript' on input line 1351.


Package hyperref Warning: Token not allowed in a PDF string (PDFDocEncoding):
(hyperref)                removing `math shift' on input line 1351.


Underfull \vbox (badness 5893) has occurred while \output is active [31]
Underfull \vbox (badness 3281) has occurred while \output is active [32]
[33]

Package hyperref Warning: Token not allowed in a PDF string (PDFDocEncoding):
(hyperref)                removing `math shift' on input line 1447.


Package hyperref Warning: Token not allowed in a PDF string (PDFDocEncoding):
(hyperref)                removing `superscript' on input line 1447.


Package hyperref Warning: Token not allowed in a PDF string (PDFDocEncoding):
(hyperref)                removing `subscript' on input line 1447.


Package hyperref Warning: Token not allowed in a PDF string (PDFDocEncoding):
(hyperref)                removing `math shift' on input line 1447.

[34]
Underfull \vbox (badness 1708) has occurred while \output is active [35]
[36] [37]
Overfull \hbox (0.42216pt too wide) detected at line 1597
\OML/cmm/m/it/10.95 T \OT1/cmr/m/n/10.95 : \U/msb/m/n/10.95 R[] \U/matha/m/n/10
.95 Ý[]Ñ \U/msb/m/n/10.95 R[]\OML/cmm/m/it/10.95 ;  \U/matha/m/n/10.95 p\OML/cm
m/m/it/10.95 x; y\U/matha/m/n/10.95 q ÞÑ p\OML/cmm/m/it/10.95 T[]\U/matha/m/n/1
0.95 p\OML/cmm/m/it/10.95 x; y\U/matha/m/n/10.95 q\OML/cmm/m/it/10.95 ; T[]\U/m
atha/m/n/10.95 p\OML/cmm/m/it/10.95 x; y\U/matha/m/n/10.95 qq ^^P []
[38]
Overfull \hbox (2.916pt too wide) in paragraph at lines 1717--1718
[]\T1/cmr/m/it/10.95 Der Flä-chen-in-halt ei-nes
[39]
Underfull \vbox (badness 10000) has occurred while \output is active [40]
Underfull \vbox (badness 10000) has occurred while \output is active [41]
Underfull \vbox (badness 10000) has occurred while \output is active [42]
Underfull \vbox (badness 1983) has occurred while \output is active [43]
[44] [45] [46]
Underfull \vbox (badness 10000) has occurred while \output is active [47]
Underfull \hbox (badness 10000) in paragraph at lines 2224--2226


Underfull \vbox (badness 1371) has occurred while \output is active [48]
Underfull \vbox (badness 10000) has occurred while \output is active [49]
[50]
Kapitel 3.
[51] [52] [53]
Underfull \vbox (badness 10000) has occurred while \output is active [54]
[55] [56] [57] [58] [59] [60]
Underfull \hbox (badness 10000) in paragraph at lines 2812--2813


Overfull \hbox (2.53337pt too wide) in paragraph at lines 2815--2816
[]\T1/cmr/m/it/10.95 Ist $\OT1/cmr/m/n/10.95 ^^A \U/matha/m/n/10.95 „ \U/msb/m/
n/10.95 E[]$ \T1/cmr/m/it/10.95 ein eu-kli-di-sches

Overfull \hbox (7.89157pt too wide) in paragraph at lines 2867--2869
[]\T1/cmr/m/it/10.95 Ist $\OT1/cmr/m/n/10.95 ^^A \U/matha/m/n/10.95 „ \U/msb/m/
n/10.95 S[]$ \T1/cmr/m/it/10.95 ein sphä-
[61]
Underfull \hbox (badness 10000) in paragraph at lines 2880--2882

[62] [63] [64]
Kapitel 4.

Underfull \vbox (badness 10000) has occurred while \output is active [65]
Overfull \hbox (5.96252pt too wide) in paragraph at lines 3019--3021
\T1/cmr/m/n/10.95 gilt. Da-mit wird $\U/matha/m/n/10.95 p\U/msb/m/n/10.95 D[]\O
ML/cmm/m/it/10.95 ; d[]\U/matha/m/n/10.95 q$ \T1/cmr/m/n/10.95 zu ei-nem me-tri
-schen Raum, dem \T1/cmr/m/it/10.95 Ein-heits-ballm-odell \T1/cmr/m/n/10.95 der
 $\OML/cmm/m/it/10.95 n$\T1/cmr/m/n/10.95 -dimensionalen
[66] [67]
Underfull \vbox (badness 5388) has occurred while \output is active [68]
[69]
Overfull \hbox (3.34332pt too wide) in paragraph at lines 3211--3213
\T1/cmr/m/n/10.95 das heiÿt $\OML/cmm/m/it/10.95 $ \T1/cmr/m/n/10.95 is län-ge
n-treu. Dar-aus folgt mit den De-fi-ni-tio-nen der Me-tri-ken be-reits $\OML/cm
m/m/it/10.95 d[]\U/matha/m/n/10.95 p\OML/cmm/m/it/10.95 \U/matha/m/n/10.95 p\O
ML/cmm/m/it/10.95 p\U/matha/m/n/10.95 q\OML/cmm/m/it/10.95 ; \U/matha/m/n/10.9
5 p\OML/cmm/m/it/10.95 q\U/matha/m/n/10.95 qq ^^P

Underfull \vbox (badness 10000) has occurred while \output is active [70]
Underfull \vbox (badness 10000) has occurred while \output is active [71]
Underfull \vbox (badness 5578) has occurred while \output is active [72]
[73] [74] [75]
Underfull \vbox (badness 1824) has occurred while \output is active [76]
Underfull \vbox (badness 10000) has occurred while \output is active [77]
[78] [79] [80]
Kapitel 5.

Package hyperref Warning: Token not allowed in a PDF string (PDFDocEncoding):
(hyperref)                removing `math shift' on input line 3639.


Package hyperref Warning: Token not allowed in a PDF string (PDFDocEncoding):
(hyperref)                removing `\delta' on input line 3639.


Package hyperref Warning: Token not allowed in a PDF string (PDFDocEncoding):
(hyperref)                removing `math shift' on input line 3639.

[81]
Underfull \vbox (badness 10000) has occurred while \output is active [82]
Overfull \hbox (6.92796pt too wide) in paragraph at lines 3746--3747
[]\T1/cmr/m/n/10.95 Die klas-si-schen hy-per-bo-li-schen Räu-me $\U/matha/m/n/1
0.95 p\U/msb/m/n/10.95 H[]\OML/cmm/m/it/10.95 ; d[]\U/matha/m/n/10.95 q$\T1/cmr
/m/n/10.95 , $\U/matha/m/n/10.95 p\U/msb/m/n/10.95 L[]\OML/cmm/m/it/10.95 ; d[]
\U/matha/m/n/10.95 q$ \T1/cmr/m/n/10.95 und $\U/matha/m/n/10.95 p\U/msb/m/n/10.
95 D[]\OML/cmm/m/it/10.95 ; d[]\U/matha/m/n/10.95 q$ \T1/cmr/m/n/10.95 sind $\O
ML/cmm/m/it/10.95 ^^N$\T1/cmr/m/n/10.95 -hyperbolisch
[83] [84]
Overfull \hbox (17.33647pt too wide) in paragraph at lines 3821--3823
\T1/cmr/m/n/10.95 für al-le $\OML/cmm/m/it/10.95 x; y \U/matha/m/n/10.95 P \OML
/cmm/m/it/10.95 X$\T1/cmr/m/n/10.95 . Ins-be-son-de-re sind $\U/matha/m/n/10.95
 p\OML/cmm/m/it/10.95 ^^U; \OT1/cmr/m/n/10.95 0\U/matha/m/n/10.95 q$\T1/cmr/m/n
/10.95 -quasi-isometrische Ein-bet-tun-gen ge-ra-de $\OML/cmm/m/it/10.95 ^^U$\T
1/cmr/m/n/10.95 -Bilipschitz-
[85] [86]
Underfull \vbox (badness 10000) has occurred while \output is active [87]
Overfull \hbox (12.37329pt too wide) in paragraph at lines 3971--3972
[]\T1/cmr/m/n/10.95 Bevor wir die Aus-sa-ge be-wei-sen, lei-ten wir die wich-ti
g-ste Fol-ge-rung her. Ein $\U/matha/m/n/10.95 p\OML/cmm/m/it/10.95 ^^U; ^^O\U/
matha/m/n/10.95 q$\T1/cmr/m/n/10.95 -quasi-geodätisches
[88] [89]
Underfull \vbox (badness 10000) has occurred while \output is active [90]
Underfull \vbox (badness 1048) has occurred while \output is active [91]
Underfull \vbox (badness 10000) has occurred while \output is active [92]
[93]
Underfull \vbox (badness 1478) has occurred while \output is active [94]
Overfull \hbox (5.06831pt too wide) in paragraph at lines 4392--4393
[]\T1/cmr/m/n/10.95 Eine wich-ti-ge Be-ob-ach-tung: Je-der me-tri-sche Raum $\U
/matha/m/n/10.95 p\OML/cmm/m/it/10.95 X; d\U/matha/m/n/10.95 q$\T1/cmr/m/n/10.9
5 , der quasi-isometrisch zu $\U/matha/m/n/10.95 p[]p\OML/cmm/m/it/10.95 G; S\U
/matha/m/n/10.95 q\OML/cmm/m/it/10.95 ; d[]\U/matha/m/n/10.95 q$
[95]
Underfull \vbox (badness 2343) has occurred while \output is active [96]
(/usr/share/texlive/texmf-dist/tex/latex/base/omscmr.fd) [97] [98]
Kapitel A.

Underfull \hbox (badness 10000) in paragraph at lines 4574--4575

[99] [100]
Kapitel B.
[101] [102]
Underfull \vbox (badness 10000) has occurred while \output is active [103]
[104] [105] [106] [107] [108] [109]
Underfull \vbox (badness 3068) has occurred while \output is active [110]
[111]
Underfull \vbox (badness 10000) has occurred while \output is active [112]
[113] [114]
Overfull \hbox (7.49414pt too wide) detected at line 5105
\OML/cmm/m/it/10.95 m\U/matha/m/n/10.95 p\OT1/cmr/m/n/10.95 0\U/matha/m/n/10.95
 q ^^P []\OML/cmm/m/it/10.95 ;  m\U/matha/m/n/10.95 p\OML/cmm/m/it/10.95 i\U/ma
tha/m/n/10.95 q ^^P [] ^^P [] ^^P ^^A[] ^^P []\OML/cmm/m/it/10.95 ;
[115] [116] [117] [118]
Underfull \vbox (badness 10000) has occurred while \output is active [119]
[120] [121] [122] [123] [124] [125]
Underfull \vbox (badness 10000) has occurred while \output is active [126]
[127] [128] [129]
Underfull \vbox (badness 10000) has occurred while \output is active [130]
Overfull \hbox (19.90607pt too wide) in paragraph at lines 5698--5700
\T1/cmr/m/n/10.95 indem wir Gleich-heit der In-te-gran-den zei-gen. Mit der Ket
-ten-re-gel gilt $\U/matha/m/n/10.95 p\OML/cmm/m/it/10.95 m \U/matha/m/n/10.95 
^^E \OML/cmm/m/it/10.95 ^^M\U/matha/m/n/10.95 q[]p\OML/cmm/m/it/10.95 t\U/matha
/m/n/10.95 q ^^P \OML/cmm/m/it/10.95 m[]\U/matha/m/n/10.95 p\OML/cmm/m/it/10.95
 ^^M\U/matha/m/n/10.95 p\OML/cmm/m/it/10.95 t\U/matha/m/n/10.95 qq\OML/cmm/m/it
/10.95 ^^M[]\U/matha/m/n/10.95 p\OML/cmm/m/it/10.95 t\U/matha/m/n/10.95 q$\T1/c
mr/m/n/10.95 .
[131] [132] [133] [134] [135]
Underfull \vbox (badness 10000) has occurred while \output is active [136]
[137]
Overfull \hbox (13.62831pt too wide) detected at line 5975
\OML/cmm/m/it/10.95 Dm\U/matha/m/n/10.95 p\OML/cmm/m/it/10.95 x; y\U/matha/m/n/
10.95 q ^^P [] ^^P [] []
[138]
Underfull \vbox (badness 10000) has occurred while \output is active [139]
[140] [141] [142]

LaTeX Warning: Command \" invalid in math mode on input line 6171.


Overfull \hbox (6.76266pt too wide) detected at line 6171
\OML/cmm/m/it/10.95 D\U/matha/m/n/10.95 p\OT1/cmr/m/n/10.95 ^^@[]\U/matha/m/n/1
0.95 q ^^P \OML/cmm/m/it/10.95 D[]\U/matha/m/n/10.95 p\OT1/cmr/m/n/10.95 ^^@[]\
U/matha/m/n/10.95 q ^^P tp\OML/cmm/m/it/10.95 x; y\U/matha/m/n/10.95 q P \U/msb
/m/n/10.95 E[]  \U/matha/m/n/10.95 ^^B \OML/cmm/m/it/10.95 d[]\U/matha/m/n/10.9
5 pp\OML/cmm/m/it/10.95 x; y\U/matha/m/n/10.95 q\OML/cmm/m/it/10.95 ; \U/matha/
m/n/10.95 p\OT1/cmr/m/n/10.95 0\OML/cmm/m/it/10.95 ; \OT1/cmr/m/n/10.95 0\U/mat
ha/m/n/10.95 qq ¤ \OML/cmm/m/it/10.95 d[]\U/matha/m/n/10.95 pp\OML/cmm/m/it/10.
95 x \U/matha/m/n/10.95 ^^@ \OML/cmm/m/it/10.95 z; y \U/matha/m/n/10.95 ^^@ \OM
L/cmm/m/it/10.95 w\U/matha/m/n/10.95 q\OML/cmm/m/it/10.95 ; \U/matha/m/n/10.95 
p\OT1/cmr/m/n/10.95 0\OML/cmm/m/it/10.95 ; \OT1/cmr/m/n/10.95 0\U/matha/m/n/10.
95 qq\OML/cmm/m/it/10.95 fralle\U/matha/m/n/10.95 p\OML/cmm/m/it/10.95 z; w\U/m
atha/m/n/10.95 q P \OT1/cmr/m/n/10.95 ^^@[]\U/matha/m/n/10.95 u
[143] [144] [145] [146]
Underfull \vbox (badness 10000) has occurred while \output is active [147]
Underfull \vbox (badness 10000) has occurred while \output is active [148]
[149] [150]
Underfull \vbox (badness 10000) has occurred while \output is active [151]
[152]
Underfull \vbox (badness 10000) has occurred while \output is active [153]
Underfull \vbox (badness 10000) has occurred while \output is active [154]
Underfull \vbox (badness 10000) has occurred while \output is active [155]
[156]
Underfull \vbox (badness 4634) has occurred while \output is active [157]
(/usr/share/texmf/tex/generic/pgf/frontendlayer/tikz/libraries/tikzlibrarycalc.
code.tex)
Underfull \vbox (badness 10000) has occurred while \output is active [158]
Underfull \vbox (badness 4543) has occurred while \output is active [159]
Underfull \vbox (badness 10000) has occurred while \output is active [160]
Underfull \vbox (badness 10000) has occurred while \output is active [161]
(./HyperGeo.aux)

Package rerunfilecheck Warning: File `HyperGeo.out' has changed.
(rerunfilecheck)                Rerun to get outlines right
(rerunfilecheck)                or use package `bookmark'.


LaTeX Font Warning: Size substitutions with differences
(Font)              up to 2.14pt have occurred.


LaTeX Font Warning: Some font shapes were not available, defaults substituted.

 )
(see the transcript file for additional information)pdfTeX warning (dest): name
{vierfuenfdrei} has been referenced but does not exist, replaced by a fixed one


{/usr/share/texmf/fonts/enc/dvips/cm-super/cm-super-t1.enc}</usr/share/texlive/
texmf-dist/fonts/type1/public/amsfonts/cm/cmmi10.pfb></usr/share/texlive/texmf-
dist/fonts/type1/public/amsfonts/cm/cmmi12.pfb></usr/share/texlive/texmf-dist/f
onts/type1/public/amsfonts/cm/cmmi6.pfb></usr/share/texlive/texmf-dist/fonts/ty
pe1/public/amsfonts/cm/cmmi8.pfb></usr/share/texlive/texmf-dist/fonts/type1/pub
lic/amsfonts/cm/cmr10.pfb></usr/share/texlive/texmf-dist/fonts/type1/public/ams
fonts/cm/cmr6.pfb></usr/share/texlive/texmf-dist/fonts/type1/public/amsfonts/cm
/cmr8.pfb></usr/share/texlive/texmf-dist/fonts/type1/public/amsfonts/cm/cmsy10.
pfb></usr/share/texlive/texmf-dist/fonts/type1/public/amsfonts/cm/cmsy8.pfb></u
sr/share/texlive/texmf-dist/fonts/type1/public/mathabx-type1/matha10.pfb></usr/
share/texlive/texmf-dist/fonts/type1/public/mathabx-type1/matha12.pfb></usr/sha
re/texlive/texmf-dist/fonts/type1/public/mathabx-type1/matha6.pfb></usr/share/t
exlive/texmf-dist/fonts/type1/public/mathabx-type1/matha8.pfb></usr/share/texli
ve/texmf-dist/fonts/type1/public/mathabx-type1/mathb10.pfb></usr/share/texlive/
texmf-dist/fonts/type1/public/mathabx-type1/mathx10.pfb></usr/share/texlive/tex
mf-dist/fonts/type1/public/amsfonts/symbols/msbm10.pfb></usr/share/texmf/fonts/
type1/public/cm-super/sfbx1095.pfb></usr/share/texmf/fonts/type1/public/cm-supe
r/sfbx1440.pfb></usr/share/texmf/fonts/type1/public/cm-super/sfbx2074.pfb></usr
/share/texmf/fonts/type1/public/cm-super/sfbx2488.pfb></usr/share/texmf/fonts/t
ype1/public/cm-super/sfbx2986.pfb></usr/share/texmf/fonts/type1/public/cm-super
/sfrm0800.pfb></usr/share/texmf/fonts/type1/public/cm-super/sfrm1095.pfb></usr/
share/texmf/fonts/type1/public/cm-super/sfrm1200.pfb></usr/share/texmf/fonts/ty
pe1/public/cm-super/sfsl1095.pfb></usr/share/texmf/fonts/type1/public/cm-super/
sfti1095.pfb></usr/share/texmf/fonts/type1/public/cm-super/sfti1200.pfb>
Output written on HyperGeo.pdf (161 pages, 930379 bytes).
Transcript written on HyperGeo.log.
Result: ExitSuccess

Running /usr/bin/pdflatex HyperGeo.tex in an env with 4 entries:
This is pdfTeX, Version 3.1415926-2.5-1.40.14 (TeX Live 2013/Debian)
 restricted \write18 enabled.
entering extended mode
(data/HyperGeo.tex
LaTeX2e <2011/06/27>
Babel <3.9h> and hyphenation patterns for 78 languages loaded.
(/usr/share/texlive/texmf-dist/tex/latex/base/book.cls
Document Class: book 2007/10/19 v1.4h Standard LaTeX document class
(/usr/share/texlive/texmf-dist/tex/latex/base/bk11.clo))
(/usr/share/texlive/texmf-dist/tex/latex/etex-pkg/etex.sty)
(/usr/share/texlive/texmf-dist/tex/latex/base/ifthen.sty)
(/usr/share/texlive/texmf-dist/tex/latex/amsfonts/amssymb.sty
(/usr/share/texlive/texmf-dist/tex/latex/amsfonts/amsfonts.sty))
(/usr/share/texlive/texmf-dist/tex/latex/base/inputenc.sty
(/usr/share/texlive/texmf-dist/tex/latex/base/utf8.def
(/usr/share/texlive/texmf-dist/tex/latex/base/t1enc.dfu)
(/usr/share/texlive/texmf-dist/tex/latex/base/ot1enc.dfu)
(/usr/share/texlive/texmf-dist/tex/latex/base/omsenc.dfu)))
(/usr/share/texlive/texmf-dist/tex/generic/german/german.sty v2.5e 1998-07-08)
(/usr/share/texlive/texmf-dist/tex/generic/babel/babel.sty
(/usr/share/texlive/texmf-dist/tex/generic/babel-german/germanb.ldf
(/usr/share/texlive/texmf-dist/tex/generic/babel/babel.def)))
(/usr/share/texlive/texmf-dist/tex/latex/base/fontenc.sty
(/usr/share/texlive/texmf-dist/tex/latex/base/t1enc.def))
(/usr/share/texlive/texmf-dist/tex/latex/geometry/geometry.sty
(/usr/share/texlive/texmf-dist/tex/latex/graphics/keyval.sty)
(/usr/share/texlive/texmf-dist/tex/generic/oberdiek/ifpdf.sty)
(/usr/share/texlive/texmf-dist/tex/generic/oberdiek/ifvtex.sty)
(/usr/share/texlive/texmf-dist/tex/generic/ifxetex/ifxetex.sty))
(/usr/share/texlive/texmf-dist/tex/latex/paralist/paralist.sty)
(/usr/share/texlive/texmf-dist/tex/latex/titlesec/titlesec.sty)
(/usr/share/texlive/texmf-dist/tex/latex/amsmath/amsmath.sty
For additional information on amsmath, use the `?' option.
(/usr/share/texlive/texmf-dist/tex/latex/amsmath/amstext.sty
(/usr/share/texlive/texmf-dist/tex/latex/amsmath/amsgen.sty))
(/usr/share/texlive/texmf-dist/tex/latex/amsmath/amsbsy.sty)
(/usr/share/texlive/texmf-dist/tex/latex/amsmath/amsopn.sty))
(/usr/share/texlive/texmf-dist/tex/latex/setspace/setspace.sty)
(/usr/share/texlive/texmf-dist/tex/latex/polynom/polynom.sty)
(/usr/share/texlive/texmf-dist/tex/latex/stmaryrd/stmaryrd.sty)
(/usr/share/texlive/texmf-dist/tex/generic/xypic/xy.sty
(/usr/share/texlive/texmf-dist/tex/generic/xypic/xy.tex Bootstrap'ing:
catcodes, docmode, (/usr/share/texlive/texmf-dist/tex/generic/xypic/xyrecat.tex
) (/usr/share/texlive/texmf-dist/tex/generic/xypic/xyidioms.tex)

 Xy-pic version 3.8.9 <2013/10/06>
 Copyright (c) 1991-2013 by Kristoffer H. Rose <krisrose@tug.org> and others
 Xy-pic is free software: see the User's Guide for details.

Loading kernel: messages; fonts; allocations: state, direction,
utility macros; pictures: \xy, positions, objects, decorations;
kernel objects: directionals, circles, text; options; algorithms: directions,
edges, connections;  Xy-pic loaded)
(/usr/share/texlive/texmf-dist/tex/generic/xypic/xyarrow.tex
 Xy-pic option: Arrow and Path feature v.3.9 path, \ar, loaded)
(/usr/share/texlive/texmf-dist/tex/generic/xypic/xymatrix.tex
 Xy-pic option: Matrix feature v.3.14 loaded)
(/usr/share/texlive/texmf-dist/tex/generic/xypic/xycurve.tex
 Xy-pic option: Curve and Spline extension v.3.12 curve, circles, loaded)
(/usr/share/texlive/texmf-dist/tex/generic/xypic/xypdf.tex
 Xy-pic option: PDF driver v.1.7 Xy-pic pdf driver: `curve' extension support
(/usr/share/texlive/texmf-dist/tex/generic/xypic/xypdf-cu.tex loaded) loaded))
(/usr/share/texlive/texmf-dist/tex/latex/float/float.sty)
(/usr/share/texlive/texmf-dist/tex/latex/titlesec/titletoc.sty)
(/usr/share/texlive/texmf-dist/tex/latex/pgfplots/pgfplots.sty
(/usr/share/texlive/texmf-dist/tex/generic/pgfplots/pgfplots.revision.tex)
(/usr/share/texmf/tex/latex/pgf/frontendlayer/tikz.sty
(/usr/share/texmf/tex/latex/pgf/basiclayer/pgf.sty
(/usr/share/texmf/tex/latex/pgf/utilities/pgfrcs.sty
(/usr/share/texmf/tex/generic/pgf/utilities/pgfutil-common.tex)
(/usr/share/texmf/tex/generic/pgf/utilities/pgfutil-latex.def
(/usr/share/texlive/texmf-dist/tex/latex/ms/everyshi.sty))
(/usr/share/texmf/tex/generic/pgf/utilities/pgfrcs.code.tex))
(/usr/share/texmf/tex/latex/pgf/basiclayer/pgfcore.sty
(/usr/share/texlive/texmf-dist/tex/latex/graphics/graphicx.sty
(/usr/share/texlive/texmf-dist/tex/latex/graphics/graphics.sty
(/usr/share/texlive/texmf-dist/tex/latex/graphics/trig.sty)
(/usr/share/texlive/texmf-dist/tex/latex/latexconfig/graphics.cfg)
(/usr/share/texlive/texmf-dist/tex/latex/pdftex-def/pdftex.def
(/usr/share/texlive/texmf-dist/tex/generic/oberdiek/infwarerr.sty)
(/usr/share/texlive/texmf-dist/tex/generic/oberdiek/ltxcmds.sty))))
(/usr/share/texmf/tex/latex/pgf/systemlayer/pgfsys.sty
(/usr/share/texmf/tex/generic/pgf/systemlayer/pgfsys.code.tex
(/usr/share/texmf/tex/generic/pgf/utilities/pgfkeys.code.tex
(/usr/share/texmf/tex/generic/pgf/utilities/pgfkeysfiltered.code.tex))
(/usr/share/texmf/tex/generic/pgf/systemlayer/pgf.cfg)
(/usr/share/texmf/tex/generic/pgf/systemlayer/pgfsys-pdftex.def
(/usr/share/texmf/tex/generic/pgf/systemlayer/pgfsys-common-pdf.def)))
(/usr/share/texmf/tex/generic/pgf/systemlayer/pgfsyssoftpath.code.tex)
(/usr/share/texmf/tex/generic/pgf/systemlayer/pgfsysprotocol.code.tex))
(/usr/share/texmf/tex/latex/xcolor/xcolor.sty
(/usr/share/texlive/texmf-dist/tex/latex/latexconfig/color.cfg))
(/usr/share/texmf/tex/generic/pgf/basiclayer/pgfcore.code.tex
(/usr/share/texmf/tex/generic/pgf/math/pgfmath.code.tex
(/usr/share/texmf/tex/generic/pgf/math/pgfmathcalc.code.tex
(/usr/share/texmf/tex/generic/pgf/math/pgfmathutil.code.tex)
(/usr/share/texmf/tex/generic/pgf/math/pgfmathparser.code.tex)
(/usr/share/texmf/tex/generic/pgf/math/pgfmathfunctions.code.tex
(/usr/share/texmf/tex/generic/pgf/math/pgfmathfunctions.basic.code.tex)
(/usr/share/texmf/tex/generic/pgf/math/pgfmathfunctions.trigonometric.code.tex)
(/usr/share/texmf/tex/generic/pgf/math/pgfmathfunctions.random.code.tex)
(/usr/share/texmf/tex/generic/pgf/math/pgfmathfunctions.comparison.code.tex)
(/usr/share/texmf/tex/generic/pgf/math/pgfmathfunctions.base.code.tex)
(/usr/share/texmf/tex/generic/pgf/math/pgfmathfunctions.round.code.tex)
(/usr/share/texmf/tex/generic/pgf/math/pgfmathfunctions.misc.code.tex)))
(/usr/share/texmf/tex/generic/pgf/math/pgfmathfloat.code.tex))
(/usr/share/texmf/tex/generic/pgf/basiclayer/pgfcorepoints.code.tex)
(/usr/share/texmf/tex/generic/pgf/basiclayer/pgfcorepathconstruct.code.tex)
(/usr/share/texmf/tex/generic/pgf/basiclayer/pgfcorepathusage.code.tex)
(/usr/share/texmf/tex/generic/pgf/basiclayer/pgfcorescopes.code.tex)
(/usr/share/texmf/tex/generic/pgf/basiclayer/pgfcoregraphicstate.code.tex)
(/usr/share/texmf/tex/generic/pgf/basiclayer/pgfcoretransformations.code.tex)
(/usr/share/texmf/tex/generic/pgf/basiclayer/pgfcorequick.code.tex)
(/usr/share/texmf/tex/generic/pgf/basiclayer/pgfcoreobjects.code.tex)
(/usr/share/texmf/tex/generic/pgf/basiclayer/pgfcorepathprocessing.code.tex)
(/usr/share/texmf/tex/generic/pgf/basiclayer/pgfcorearrows.code.tex)
(/usr/share/texmf/tex/generic/pgf/basiclayer/pgfcoreshade.code.tex)
(/usr/share/texmf/tex/generic/pgf/basiclayer/pgfcoreimage.code.tex
(/usr/share/texmf/tex/generic/pgf/basiclayer/pgfcoreexternal.code.tex))
(/usr/share/texmf/tex/generic/pgf/basiclayer/pgfcorelayers.code.tex)
(/usr/share/texmf/tex/generic/pgf/basiclayer/pgfcoretransparency.code.tex)
(/usr/share/texmf/tex/generic/pgf/basiclayer/pgfcorepatterns.code.tex)))
(/usr/share/texmf/tex/generic/pgf/modules/pgfmoduleshapes.code.tex)
(/usr/share/texmf/tex/generic/pgf/modules/pgfmoduleplot.code.tex)
(/usr/share/texmf/tex/latex/pgf/compatibility/pgfcomp-version-0-65.sty)
(/usr/share/texmf/tex/latex/pgf/compatibility/pgfcomp-version-1-18.sty))
(/usr/share/texmf/tex/latex/pgf/utilities/pgffor.sty
(/usr/share/texmf/tex/latex/pgf/utilities/pgfkeys.sty
(/usr/share/texmf/tex/generic/pgf/utilities/pgfkeys.code.tex))
(/usr/share/texmf/tex/generic/pgf/utilities/pgffor.code.tex))
(/usr/share/texmf/tex/generic/pgf/frontendlayer/tikz/tikz.code.tex
(/usr/share/texmf/tex/generic/pgf/libraries/pgflibraryplothandlers.code.tex)
(/usr/share/texmf/tex/generic/pgf/modules/pgfmodulematrix.code.tex)
(/usr/share/texmf/tex/generic/pgf/frontendlayer/tikz/libraries/tikzlibrarytopat
hs.code.tex)))
(/usr/share/texlive/texmf-dist/tex/generic/pgfplots/pgfplots.code.tex
(/usr/share/texlive/texmf-dist/tex/generic/pgfplots/pgfplotscore.code.tex
(/usr/share/texlive/texmf-dist/tex/generic/pgfplots/sys/pgfplotssysgeneric.code
.tex))
(/usr/share/texlive/texmf-dist/tex/generic/pgfplots/libs/pgfplotslibrary.code.t
ex)
(/usr/share/texlive/texmf-dist/tex/generic/pgfplots/oldpgfcompatib/pgfplotsoldp
gfsupp_loader.code.tex
Package pgfplots: loading complementary code for your PGF version...

(/usr/share/texlive/texmf-dist/tex/generic/pgfplots/oldpgfcompatib/pgfplotsoldp
gfsupp_misc.code.tex)
(/usr/share/texlive/texmf-dist/tex/generic/pgfplots/oldpgfcompatib/pgfplotsoldp
gfsupp_pgfkeys.code.tex
(/usr/share/texlive/texmf-dist/tex/generic/pgfplots/oldpgfcompatib/pgfplotsoldp
gfsupp_pgfkeysfiltered.code.tex))
(/usr/share/texlive/texmf-dist/tex/generic/pgfplots/oldpgfcompatib/pgfplotsoldp
gfsupp_pgfmathfloat.code.tex)
(/usr/share/texlive/texmf-dist/tex/generic/pgfplots/oldpgfcompatib/pgfplotsoldp
gfsupp_pgflibraryplothandlers.code.tex)
(/usr/share/texlive/texmf-dist/tex/generic/pgfplots/oldpgfcompatib/pgfplotsoldp
gfsupp_pgflibraryfpu.code.tex)
(/usr/share/texlive/texmf-dist/tex/generic/pgfplots/oldpgfcompatib/pgfplotsoldp
gfsupp_pgfcorescopes.code.tex)
(/usr/share/texlive/texmf-dist/tex/generic/pgfplots/oldpgfcompatib/pgfplotsoldp
gfsupp_pgfcorelayers.code.tex))
(/usr/share/texlive/texmf-dist/tex/generic/pgfplots/util/pgfplotsutil.code.tex
(/usr/share/texlive/texmf-dist/tex/generic/pgfplots/liststructure/pgfplotslists
tructure.code.tex)
(/usr/share/texlive/texmf-dist/tex/generic/pgfplots/liststructure/pgfplotslists
tructureext.code.tex)
(/usr/share/texlive/texmf-dist/tex/generic/pgfplots/liststructure/pgfplotsarray
.code.tex)
(/usr/share/texlive/texmf-dist/tex/generic/pgfplots/liststructure/pgfplotsmatri
x.code.tex)
(/usr/share/texlive/texmf-dist/tex/generic/pgfplots/numtable/pgfplotstableshare
d.code.tex)
(/usr/share/texlive/texmf-dist/tex/generic/pgfplots/liststructure/pgfplotsdeque
.code.tex)
(/usr/share/texlive/texmf-dist/tex/generic/pgfplots/util/pgfplotsbinary.code.te
x
(/usr/share/texlive/texmf-dist/tex/generic/pgfplots/util/pgfplotsbinary.data.co
de.tex))
(/usr/share/texlive/texmf-dist/tex/generic/pgfplots/util/pgfplotsutil.verb.code
.tex)
(/usr/share/texlive/texmf-dist/tex/generic/pgfplots/libs/pgflibrarypgfplots.sur
fshading.code.tex
(/usr/share/texlive/texmf-dist/tex/generic/pgfplots/sys/pgflibrarypgfplots.surf
shading.pgfsys-pdftex.def)))
(/usr/share/texlive/texmf-dist/tex/generic/pgfplots/util/pgfplotscolormap.code.
tex
(/usr/share/texlive/texmf-dist/tex/generic/pgfplots/util/pgfplotscolor.code.tex
))
(/usr/share/texlive/texmf-dist/tex/generic/pgfplots/pgfplotsstackedplots.code.t
ex)
(/usr/share/texlive/texmf-dist/tex/generic/pgfplots/pgfplotsplothandlers.code.t
ex
(/usr/share/texlive/texmf-dist/tex/generic/pgfplots/pgfplotsmeshplothandler.cod
e.tex))
(/usr/share/texlive/texmf-dist/tex/generic/pgfplots/pgfplots.scaling.code.tex)
(/usr/share/texlive/texmf-dist/tex/generic/pgfplots/pgfplotscoordprocessing.cod
e.tex)
(/usr/share/texlive/texmf-dist/tex/generic/pgfplots/pgfplots.errorbars.code.tex
) (/usr/share/texlive/texmf-dist/tex/generic/pgfplots/pgfplots.markers.code.tex
) (/usr/share/texlive/texmf-dist/tex/generic/pgfplots/pgfplotsticks.code.tex)
(/usr/share/texlive/texmf-dist/tex/generic/pgfplots/pgfplots.paths.code.tex)
(/usr/share/texmf/tex/generic/pgf/frontendlayer/tikz/libraries/tikzlibrarydecor
ations.code.tex
(/usr/share/texmf/tex/generic/pgf/modules/pgfmoduledecorations.code.tex))
(/usr/share/texmf/tex/generic/pgf/frontendlayer/tikz/libraries/tikzlibrarydecor
ations.pathmorphing.code.tex
(/usr/share/texmf/tex/generic/pgf/libraries/decorations/pgflibrarydecorations.p
athmorphing.code.tex))
(/usr/share/texmf/tex/generic/pgf/frontendlayer/tikz/libraries/tikzlibrarydecor
ations.pathreplacing.code.tex
(/usr/share/texmf/tex/generic/pgf/libraries/decorations/pgflibrarydecorations.p
athreplacing.code.tex)))
(/usr/share/texmf/tex/generic/pgf/frontendlayer/tikz/libraries/tikzlibraryplotm
arks.code.tex
(/usr/share/texmf/tex/generic/pgf/libraries/pgflibraryplotmarks.code.tex)))
(/usr/share/texlive/texmf-dist/tex/latex/wrapfig/wrapfig.sty)
(/usr/share/texlive/texmf-dist/tex/generic/mathabx/mathabx.sty
(/usr/share/texlive/texmf-dist/tex/generic/mathabx/mathabx.dcl))
(/usr/share/texlive/texmf-dist/tex/latex/caption/caption.sty
(/usr/share/texlive/texmf-dist/tex/latex/caption/caption3.sty))
(/usr/share/texlive/texmf-dist/tex/latex/caption/subcaption.sty)
(/usr/share/texlive/texmf-dist/tex/latex/booktabs/booktabs.sty)
(/usr/share/texlive/texmf-dist/tex/latex/cmap/cmap.sty

Package cmap Warning: fontenc already loaded - some fonts may be unprocessed.

) (data/latexki.sty)
(/usr/share/texlive/texmf-dist/tex/latex/ntheorem/ntheorem.sty
Style `ntheorem', Version 1.33 <2011/08/15>
) (/usr/share/texlive/texmf-dist/tex/latex/hyperref/hyperref.sty
(/usr/share/texlive/texmf-dist/tex/generic/oberdiek/hobsub-hyperref.sty
(/usr/share/texlive/texmf-dist/tex/generic/oberdiek/hobsub-generic.sty))
(/usr/share/texlive/texmf-dist/tex/latex/oberdiek/auxhook.sty)
(/usr/share/texlive/texmf-dist/tex/latex/oberdiek/kvoptions.sty)
(/usr/share/texlive/texmf-dist/tex/latex/hyperref/pd1enc.def)
(/usr/share/texlive/texmf-dist/tex/latex/latexconfig/hyperref.cfg)
(/usr/share/texlive/texmf-dist/tex/latex/url/url.sty))

Package hyperref Message: Driver (autodetected): hpdftex.

(/usr/share/texlive/texmf-dist/tex/latex/hyperref/hpdftex.def
(/usr/share/texlive/texmf-dist/tex/latex/oberdiek/rerunfilecheck.sty))
(./HyperGeo.aux)
*geometry* driver: auto-detecting
*geometry* detected driver: pdftex
<<ot1.cmap>><<oml.cmap>><<oms.cmap>><<omx.cmap>>
(/usr/share/texlive/texmf-dist/tex/latex/amsfonts/umsa.fd)
(/usr/share/texlive/texmf-dist/tex/latex/amsfonts/umsb.fd)
(/usr/share/texlive/texmf-dist/tex/latex/stmaryrd/Ustmry.fd)
ABD: EveryShipout initializing macros
(/usr/share/texlive/texmf-dist/tex/context/base/supp-pdf.mkii
[Loading MPS to PDF converter (version 2006.09.02).]
) (/usr/share/texlive/texmf-dist/tex/latex/oberdiek/epstopdf-base.sty
(/usr/share/texlive/texmf-dist/tex/latex/oberdiek/grfext.sty)
(/usr/share/texlive/texmf-dist/tex/latex/latexconfig/epstopdf-sys.cfg))

Package pgfplots Warning: running in backwards compatibility mode (unsuitable t
ick labels; missing features). Consider writing \pgfplotsset{compat=1.9} into y
our preamble.
 on input line 217.

(/usr/share/texlive/texmf-dist/tex/latex/hyperref/nameref.sty
(/usr/share/texlive/texmf-dist/tex/generic/oberdiek/gettitlestring.sty))
(./HyperGeo.out) (./HyperGeo.out)
Underfull \hbox (badness 10000) in paragraph at lines 220--221


LaTeX Font Warning: Font shape `T1/cmr/m/n' in size <32> not available
(Font)              size <29.86> substituted on input line 223.

<<t1.cmap>>

LaTeX Font Warning: Font shape `T1/cmr/bx/n' in size <32> not available
(Font)              size <29.86> substituted on input line 223.


Underfull \hbox (badness 10000) in paragraph at lines 225--226


Underfull \hbox (badness 10000) in paragraph at lines 227--228


Underfull \hbox (badness 10000) in paragraph at lines 229--230

[1{/var/lib/texmf/fonts/map/pdftex/updmap/pdftex.map}] [2] (./HyperGeo.toc
[3]
Overfull \hbox (1.88837pt too wide) detected at line 40
 \T1/cmr/bx/n/10.95 101
[4]) [5] [6]
Kapitel 1.
[7]

LaTeX Font Warning: Font shape `U/stmry/b/n' undefined
(Font)              using `U/stmry/m/n' instead on input line 314.

[8] [9] [10] [11] [12] [13] [14] [15] [16] [17] [18] [19]

Package hyperref Warning: Token not allowed in a PDF string (PDFDocEncoding):
(hyperref)                removing `math shift' on input line 790.


Package hyperref Warning: Token not allowed in a PDF string (PDFDocEncoding):
(hyperref)                removing `math shift' on input line 790.

[20] [21] [22]
Underfull \vbox (badness 4217) has occurred while \output is active [23]
[24]
Kapitel 2.
[25] [26]
Overfull \hbox (7.47366pt too wide) in paragraph at lines 1098--1099
[]$\U/matha/m/n/10.95 p\OML/cmm/m/it/10.95 M; d\U/matha/m/n/10.95 q$ \T1/cmr/m/
n/10.95 heiÿt $\OT1/cmr/m/n/10.95 2$\T1/cmr/m/it/10.95 -Punkt-homogen\T1/cmr/m/
n/10.95 , falls es für je zwei Punk-te-paa-re $\U/matha/m/n/10.95 p\OML/cmm/m/i
t/10.95 p[]; p[]\U/matha/m/n/10.95 q\OML/cmm/m/it/10.95 ; \U/matha/m/n/10.95 p\
OML/cmm/m/it/10.95 q[]; q[]\U/matha/m/n/10.95 q$ \T1/cmr/m/n/10.95 mit $\OML/cm
m/m/it/10.95 d\U/matha/m/n/10.95 p\OML/cmm/m/it/10.95 p[]; p[]\U/matha/m/n/10.9
5 q ^^P

Underfull \vbox (badness 1024) has occurred while \output is active [27]
[28] [29] [30] [31] [32]

Package hyperref Warning: Token not allowed in a PDF string (PDFDocEncoding):
(hyperref)                removing `math shift' on input line 1351.


Package hyperref Warning: Token not allowed in a PDF string (PDFDocEncoding):
(hyperref)                removing `superscript' on input line 1351.


Package hyperref Warning: Token not allowed in a PDF string (PDFDocEncoding):
(hyperref)                removing `subscript' on input line 1351.


Package hyperref Warning: Token not allowed in a PDF string (PDFDocEncoding):
(hyperref)                removing `math shift' on input line 1351.


Underfull \vbox (badness 5893) has occurred while \output is active [33]
Underfull \vbox (badness 3281) has occurred while \output is active [34]
[35]

Package hyperref Warning: Token not allowed in a PDF string (PDFDocEncoding):
(hyperref)                removing `math shift' on input line 1447.


Package hyperref Warning: Token not allowed in a PDF string (PDFDocEncoding):
(hyperref)                removing `superscript' on input line 1447.


Package hyperref Warning: Token not allowed in a PDF string (PDFDocEncoding):
(hyperref)                removing `subscript' on input line 1447.


Package hyperref Warning: Token not allowed in a PDF string (PDFDocEncoding):
(hyperref)                removing `math shift' on input line 1447.

[36]
Underfull \vbox (badness 1708) has occurred while \output is active [37]
[38] [39]
Overfull \hbox (0.42216pt too wide) detected at line 1597
\OML/cmm/m/it/10.95 T \OT1/cmr/m/n/10.95 : \U/msb/m/n/10.95 R[] \U/matha/m/n/10
.95 Ý[]Ñ \U/msb/m/n/10.95 R[]\OML/cmm/m/it/10.95 ;  \U/matha/m/n/10.95 p\OML/cm
m/m/it/10.95 x; y\U/matha/m/n/10.95 q ÞÑ p\OML/cmm/m/it/10.95 T[]\U/matha/m/n/1
0.95 p\OML/cmm/m/it/10.95 x; y\U/matha/m/n/10.95 q\OML/cmm/m/it/10.95 ; T[]\U/m
atha/m/n/10.95 p\OML/cmm/m/it/10.95 x; y\U/matha/m/n/10.95 qq ^^P []
[40]
Overfull \hbox (2.916pt too wide) in paragraph at lines 1717--1718
[]\T1/cmr/m/it/10.95 Der Flä-chen-in-halt ei-nes
[41]
Underfull \vbox (badness 10000) has occurred while \output is active [42]
Underfull \vbox (badness 10000) has occurred while \output is active [43]
Underfull \vbox (badness 10000) has occurred while \output is active [44]
Underfull \vbox (badness 1983) has occurred while \output is active [45]
[46] [47] [48]
Underfull \vbox (badness 10000) has occurred while \output is active [49]
Underfull \hbox (badness 10000) in paragraph at lines 2224--2226


Underfull \vbox (badness 1371) has occurred while \output is active [50]
Underfull \vbox (badness 10000) has occurred while \output is active [51]
[52]
Kapitel 3.
[53] [54] [55]
Underfull \vbox (badness 10000) has occurred while \output is active [56]
[57] [58] [59] [60] [61] [62]
Underfull \hbox (badness 10000) in paragraph at lines 2812--2813


Overfull \hbox (2.53337pt too wide) in paragraph at lines 2815--2816
[]\T1/cmr/m/it/10.95 Ist $\OT1/cmr/m/n/10.95 ^^A \U/matha/m/n/10.95 „ \U/msb/m/
n/10.95 E[]$ \T1/cmr/m/it/10.95 ein eu-kli-di-sches

Overfull \hbox (7.89157pt too wide) in paragraph at lines 2867--2869
[]\T1/cmr/m/it/10.95 Ist $\OT1/cmr/m/n/10.95 ^^A \U/matha/m/n/10.95 „ \U/msb/m/
n/10.95 S[]$ \T1/cmr/m/it/10.95 ein sphä-
[63]
Underfull \hbox (badness 10000) in paragraph at lines 2880--2882

[64] [65] [66]
Kapitel 4.

Underfull \vbox (badness 10000) has occurred while \output is active [67]
Overfull \hbox (5.96252pt too wide) in paragraph at lines 3019--3021
\T1/cmr/m/n/10.95 gilt. Da-mit wird $\U/matha/m/n/10.95 p\U/msb/m/n/10.95 D[]\O
ML/cmm/m/it/10.95 ; d[]\U/matha/m/n/10.95 q$ \T1/cmr/m/n/10.95 zu ei-nem me-tri
-schen Raum, dem \T1/cmr/m/it/10.95 Ein-heits-ballm-odell \T1/cmr/m/n/10.95 der
 $\OML/cmm/m/it/10.95 n$\T1/cmr/m/n/10.95 -dimensionalen
[68] [69]
Underfull \vbox (badness 5388) has occurred while \output is active [70]
[71]
Overfull \hbox (3.34332pt too wide) in paragraph at lines 3211--3213
\T1/cmr/m/n/10.95 das heiÿt $\OML/cmm/m/it/10.95 $ \T1/cmr/m/n/10.95 is län-ge
n-treu. Dar-aus folgt mit den De-fi-ni-tio-nen der Me-tri-ken be-reits $\OML/cm
m/m/it/10.95 d[]\U/matha/m/n/10.95 p\OML/cmm/m/it/10.95 \U/matha/m/n/10.95 p\O
ML/cmm/m/it/10.95 p\U/matha/m/n/10.95 q\OML/cmm/m/it/10.95 ; \U/matha/m/n/10.9
5 p\OML/cmm/m/it/10.95 q\U/matha/m/n/10.95 qq ^^P

Underfull \vbox (badness 10000) has occurred while \output is active [72]
Underfull \vbox (badness 10000) has occurred while \output is active [73]
Underfull \vbox (badness 5578) has occurred while \output is active [74]
[75] [76] [77]
Underfull \vbox (badness 1824) has occurred while \output is active [78]
Underfull \vbox (badness 10000) has occurred while \output is active [79]
[80] [81] [82]
Kapitel 5.

Package hyperref Warning: Token not allowed in a PDF string (PDFDocEncoding):
(hyperref)                removing `math shift' on input line 3639.


Package hyperref Warning: Token not allowed in a PDF string (PDFDocEncoding):
(hyperref)                removing `\delta' on input line 3639.


Package hyperref Warning: Token not allowed in a PDF string (PDFDocEncoding):
(hyperref)                removing `math shift' on input line 3639.

[83]
Underfull \vbox (badness 10000) has occurred while \output is active [84]
Overfull \hbox (6.92796pt too wide) in paragraph at lines 3746--3747
[]\T1/cmr/m/n/10.95 Die klas-si-schen hy-per-bo-li-schen Räu-me $\U/matha/m/n/1
0.95 p\U/msb/m/n/10.95 H[]\OML/cmm/m/it/10.95 ; d[]\U/matha/m/n/10.95 q$\T1/cmr
/m/n/10.95 , $\U/matha/m/n/10.95 p\U/msb/m/n/10.95 L[]\OML/cmm/m/it/10.95 ; d[]
\U/matha/m/n/10.95 q$ \T1/cmr/m/n/10.95 und $\U/matha/m/n/10.95 p\U/msb/m/n/10.
95 D[]\OML/cmm/m/it/10.95 ; d[]\U/matha/m/n/10.95 q$ \T1/cmr/m/n/10.95 sind $\O
ML/cmm/m/it/10.95 ^^N$\T1/cmr/m/n/10.95 -hyperbolisch
[85] [86]
Overfull \hbox (17.33647pt too wide) in paragraph at lines 3821--3823
\T1/cmr/m/n/10.95 für al-le $\OML/cmm/m/it/10.95 x; y \U/matha/m/n/10.95 P \OML
/cmm/m/it/10.95 X$\T1/cmr/m/n/10.95 . Ins-be-son-de-re sind $\U/matha/m/n/10.95
 p\OML/cmm/m/it/10.95 ^^U; \OT1/cmr/m/n/10.95 0\U/matha/m/n/10.95 q$\T1/cmr/m/n
/10.95 -quasi-isometrische Ein-bet-tun-gen ge-ra-de $\OML/cmm/m/it/10.95 ^^U$\T
1/cmr/m/n/10.95 -Bilipschitz-
[87] [88]
Underfull \vbox (badness 10000) has occurred while \output is active [89]
Overfull \hbox (12.37329pt too wide) in paragraph at lines 3971--3972
[]\T1/cmr/m/n/10.95 Bevor wir die Aus-sa-ge be-wei-sen, lei-ten wir die wich-ti
g-ste Fol-ge-rung her. Ein $\U/matha/m/n/10.95 p\OML/cmm/m/it/10.95 ^^U; ^^O\U/
matha/m/n/10.95 q$\T1/cmr/m/n/10.95 -quasi-geodätisches
[90] [91]
Underfull \vbox (badness 10000) has occurred while \output is active [92]
Underfull \vbox (badness 1048) has occurred while \output is active [93]
Underfull \vbox (badness 10000) has occurred while \output is active [94]
[95]
Underfull \vbox (badness 1478) has occurred while \output is active [96]
Overfull \hbox (5.06831pt too wide) in paragraph at lines 4392--4393
[]\T1/cmr/m/n/10.95 Eine wich-ti-ge Be-ob-ach-tung: Je-der me-tri-sche Raum $\U
/matha/m/n/10.95 p\OML/cmm/m/it/10.95 X; d\U/matha/m/n/10.95 q$\T1/cmr/m/n/10.9
5 , der quasi-isometrisch zu $\U/matha/m/n/10.95 p[]p\OML/cmm/m/it/10.95 G; S\U
/matha/m/n/10.95 q\OML/cmm/m/it/10.95 ; d[]\U/matha/m/n/10.95 q$
[97]
Underfull \vbox (badness 2343) has occurred while \output is active [98]
(/usr/share/texlive/texmf-dist/tex/latex/base/omscmr.fd) [99] [100]
Kapitel A.

Underfull \hbox (badness 10000) in paragraph at lines 4574--4575

[101] [102]
Kapitel B.
[103] [104]
Underfull \vbox (badness 10000) has occurred while \output is active [105]
[106] [107] [108] [109] [110] [111]
Underfull \vbox (badness 3068) has occurred while \output is active [112]
[113]
Underfull \vbox (badness 10000) has occurred while \output is active [114]
[115] [116]
Overfull \hbox (7.49414pt too wide) detected at line 5105
\OML/cmm/m/it/10.95 m\U/matha/m/n/10.95 p\OT1/cmr/m/n/10.95 0\U/matha/m/n/10.95
 q ^^P []\OML/cmm/m/it/10.95 ;  m\U/matha/m/n/10.95 p\OML/cmm/m/it/10.95 i\U/ma
tha/m/n/10.95 q ^^P [] ^^P [] ^^P ^^A[] ^^P []\OML/cmm/m/it/10.95 ;
[117] [118] [119] [120]
Underfull \vbox (badness 10000) has occurred while \output is active [121]
[122] [123] [124] [125] [126] [127]
Underfull \vbox (badness 10000) has occurred while \output is active [128]
[129] [130] [131]
Underfull \vbox (badness 10000) has occurred while \output is active [132]
Overfull \hbox (19.90607pt too wide) in paragraph at lines 5698--5700
\T1/cmr/m/n/10.95 indem wir Gleich-heit der In-te-gran-den zei-gen. Mit der Ket
-ten-re-gel gilt $\U/matha/m/n/10.95 p\OML/cmm/m/it/10.95 m \U/matha/m/n/10.95 
^^E \OML/cmm/m/it/10.95 ^^M\U/matha/m/n/10.95 q[]p\OML/cmm/m/it/10.95 t\U/matha
/m/n/10.95 q ^^P \OML/cmm/m/it/10.95 m[]\U/matha/m/n/10.95 p\OML/cmm/m/it/10.95
 ^^M\U/matha/m/n/10.95 p\OML/cmm/m/it/10.95 t\U/matha/m/n/10.95 qq\OML/cmm/m/it
/10.95 ^^M[]\U/matha/m/n/10.95 p\OML/cmm/m/it/10.95 t\U/matha/m/n/10.95 q$\T1/c
mr/m/n/10.95 .
[133] [134] [135] [136] [137]
Underfull \vbox (badness 10000) has occurred while \output is active [138]
[139]
Overfull \hbox (13.62831pt too wide) detected at line 5975
\OML/cmm/m/it/10.95 Dm\U/matha/m/n/10.95 p\OML/cmm/m/it/10.95 x; y\U/matha/m/n/
10.95 q ^^P [] ^^P [] []
[140]
Underfull \vbox (badness 10000) has occurred while \output is active [141]
[142] [143] [144]

LaTeX Warning: Command \" invalid in math mode on input line 6171.


Overfull \hbox (6.76266pt too wide) detected at line 6171
\OML/cmm/m/it/10.95 D\U/matha/m/n/10.95 p\OT1/cmr/m/n/10.95 ^^@[]\U/matha/m/n/1
0.95 q ^^P \OML/cmm/m/it/10.95 D[]\U/matha/m/n/10.95 p\OT1/cmr/m/n/10.95 ^^@[]\
U/matha/m/n/10.95 q ^^P tp\OML/cmm/m/it/10.95 x; y\U/matha/m/n/10.95 q P \U/msb
/m/n/10.95 E[]  \U/matha/m/n/10.95 ^^B \OML/cmm/m/it/10.95 d[]\U/matha/m/n/10.9
5 pp\OML/cmm/m/it/10.95 x; y\U/matha/m/n/10.95 q\OML/cmm/m/it/10.95 ; \U/matha/
m/n/10.95 p\OT1/cmr/m/n/10.95 0\OML/cmm/m/it/10.95 ; \OT1/cmr/m/n/10.95 0\U/mat
ha/m/n/10.95 qq ¤ \OML/cmm/m/it/10.95 d[]\U/matha/m/n/10.95 pp\OML/cmm/m/it/10.
95 x \U/matha/m/n/10.95 ^^@ \OML/cmm/m/it/10.95 z; y \U/matha/m/n/10.95 ^^@ \OM
L/cmm/m/it/10.95 w\U/matha/m/n/10.95 q\OML/cmm/m/it/10.95 ; \U/matha/m/n/10.95 
p\OT1/cmr/m/n/10.95 0\OML/cmm/m/it/10.95 ; \OT1/cmr/m/n/10.95 0\U/matha/m/n/10.
95 qq\OML/cmm/m/it/10.95 fralle\U/matha/m/n/10.95 p\OML/cmm/m/it/10.95 z; w\U/m
atha/m/n/10.95 q P \OT1/cmr/m/n/10.95 ^^@[]\U/matha/m/n/10.95 u
[145] [146] [147] [148]
Underfull \vbox (badness 10000) has occurred while \output is active [149]
Underfull \vbox (badness 10000) has occurred while \output is active [150]
[151] [152]
Underfull \vbox (badness 10000) has occurred while \output is active [153]
[154]
Underfull \vbox (badness 10000) has occurred while \output is active [155]
Underfull \vbox (badness 10000) has occurred while \output is active [156]
Underfull \vbox (badness 10000) has occurred while \output is active [157]
[158]
Underfull \vbox (badness 4634) has occurred while \output is active [159]
(/usr/share/texmf/tex/generic/pgf/frontendlayer/tikz/libraries/tikzlibrarycalc.
code.tex)
Underfull \vbox (badness 10000) has occurred while \output is active [160]
Underfull \vbox (badness 4543) has occurred while \output is active [161]
Underfull \vbox (badness 10000) has occurred while \output is active [162]
Underfull \vbox (badness 10000) has occurred while \output is active [163]
(./HyperGeo.aux)

LaTeX Font Warning: Size substitutions with differences
(Font)              up to 2.14pt have occurred.


LaTeX Font Warning: Some font shapes were not available, defaults substituted.

 )
(see the transcript file for additional information)pdfTeX warning (dest): name
{vierfuenfdrei} has been referenced but does not exist, replaced by a fixed one


{/usr/share/texmf/fonts/enc/dvips/cm-super/cm-super-t1.enc}</usr/share/texlive/
texmf-dist/fonts/type1/public/amsfonts/cm/cmmi10.pfb></usr/share/texlive/texmf-
dist/fonts/type1/public/amsfonts/cm/cmmi12.pfb></usr/share/texlive/texmf-dist/f
onts/type1/public/amsfonts/cm/cmmi6.pfb></usr/share/texlive/texmf-dist/fonts/ty
pe1/public/amsfonts/cm/cmmi8.pfb></usr/share/texlive/texmf-dist/fonts/type1/pub
lic/amsfonts/cm/cmr10.pfb></usr/share/texlive/texmf-dist/fonts/type1/public/ams
fonts/cm/cmr6.pfb></usr/share/texlive/texmf-dist/fonts/type1/public/amsfonts/cm
/cmr8.pfb></usr/share/texlive/texmf-dist/fonts/type1/public/amsfonts/cm/cmsy10.
pfb></usr/share/texlive/texmf-dist/fonts/type1/public/amsfonts/cm/cmsy8.pfb></u
sr/share/texlive/texmf-dist/fonts/type1/public/mathabx-type1/matha10.pfb></usr/
share/texlive/texmf-dist/fonts/type1/public/mathabx-type1/matha12.pfb></usr/sha
re/texlive/texmf-dist/fonts/type1/public/mathabx-type1/matha6.pfb></usr/share/t
exlive/texmf-dist/fonts/type1/public/mathabx-type1/matha8.pfb></usr/share/texli
ve/texmf-dist/fonts/type1/public/mathabx-type1/mathb10.pfb></usr/share/texlive/
texmf-dist/fonts/type1/public/mathabx-type1/mathx10.pfb></usr/share/texlive/tex
mf-dist/fonts/type1/public/amsfonts/symbols/msbm10.pfb></usr/share/texmf/fonts/
type1/public/cm-super/sfbx1095.pfb></usr/share/texmf/fonts/type1/public/cm-supe
r/sfbx1440.pfb></usr/share/texmf/fonts/type1/public/cm-super/sfbx2074.pfb></usr
/share/texmf/fonts/type1/public/cm-super/sfbx2488.pfb></usr/share/texmf/fonts/t
ype1/public/cm-super/sfbx2986.pfb></usr/share/texmf/fonts/type1/public/cm-super
/sfrm0800.pfb></usr/share/texmf/fonts/type1/public/cm-super/sfrm1095.pfb></usr/
share/texmf/fonts/type1/public/cm-super/sfrm1200.pfb></usr/share/texmf/fonts/ty
pe1/public/cm-super/sfsl1095.pfb></usr/share/texmf/fonts/type1/public/cm-super/
sfti1095.pfb></usr/share/texmf/fonts/type1/public/cm-super/sfti1200.pfb>
Output written on HyperGeo.pdf (163 pages, 940319 bytes).
Transcript written on HyperGeo.log.
Result: ExitSuccess

Running /usr/bin/pdflatex HyperGeo.tex in an env with 4 entries:
This is pdfTeX, Version 3.1415926-2.5-1.40.14 (TeX Live 2013/Debian)
 restricted \write18 enabled.
entering extended mode
(data/HyperGeo.tex
LaTeX2e <2011/06/27>
Babel <3.9h> and hyphenation patterns for 78 languages loaded.
(/usr/share/texlive/texmf-dist/tex/latex/base/book.cls
Document Class: book 2007/10/19 v1.4h Standard LaTeX document class
(/usr/share/texlive/texmf-dist/tex/latex/base/bk11.clo))
(/usr/share/texlive/texmf-dist/tex/latex/etex-pkg/etex.sty)
(/usr/share/texlive/texmf-dist/tex/latex/base/ifthen.sty)
(/usr/share/texlive/texmf-dist/tex/latex/amsfonts/amssymb.sty
(/usr/share/texlive/texmf-dist/tex/latex/amsfonts/amsfonts.sty))
(/usr/share/texlive/texmf-dist/tex/latex/base/inputenc.sty
(/usr/share/texlive/texmf-dist/tex/latex/base/utf8.def
(/usr/share/texlive/texmf-dist/tex/latex/base/t1enc.dfu)
(/usr/share/texlive/texmf-dist/tex/latex/base/ot1enc.dfu)
(/usr/share/texlive/texmf-dist/tex/latex/base/omsenc.dfu)))
(/usr/share/texlive/texmf-dist/tex/generic/german/german.sty v2.5e 1998-07-08)
(/usr/share/texlive/texmf-dist/tex/generic/babel/babel.sty
(/usr/share/texlive/texmf-dist/tex/generic/babel-german/germanb.ldf
(/usr/share/texlive/texmf-dist/tex/generic/babel/babel.def)))
(/usr/share/texlive/texmf-dist/tex/latex/base/fontenc.sty
(/usr/share/texlive/texmf-dist/tex/latex/base/t1enc.def))
(/usr/share/texlive/texmf-dist/tex/latex/geometry/geometry.sty
(/usr/share/texlive/texmf-dist/tex/latex/graphics/keyval.sty)
(/usr/share/texlive/texmf-dist/tex/generic/oberdiek/ifpdf.sty)
(/usr/share/texlive/texmf-dist/tex/generic/oberdiek/ifvtex.sty)
(/usr/share/texlive/texmf-dist/tex/generic/ifxetex/ifxetex.sty))
(/usr/share/texlive/texmf-dist/tex/latex/paralist/paralist.sty)
(/usr/share/texlive/texmf-dist/tex/latex/titlesec/titlesec.sty)
(/usr/share/texlive/texmf-dist/tex/latex/amsmath/amsmath.sty
For additional information on amsmath, use the `?' option.
(/usr/share/texlive/texmf-dist/tex/latex/amsmath/amstext.sty
(/usr/share/texlive/texmf-dist/tex/latex/amsmath/amsgen.sty))
(/usr/share/texlive/texmf-dist/tex/latex/amsmath/amsbsy.sty)
(/usr/share/texlive/texmf-dist/tex/latex/amsmath/amsopn.sty))
(/usr/share/texlive/texmf-dist/tex/latex/setspace/setspace.sty)
(/usr/share/texlive/texmf-dist/tex/latex/polynom/polynom.sty)
(/usr/share/texlive/texmf-dist/tex/latex/stmaryrd/stmaryrd.sty)
(/usr/share/texlive/texmf-dist/tex/generic/xypic/xy.sty
(/usr/share/texlive/texmf-dist/tex/generic/xypic/xy.tex Bootstrap'ing:
catcodes, docmode, (/usr/share/texlive/texmf-dist/tex/generic/xypic/xyrecat.tex
) (/usr/share/texlive/texmf-dist/tex/generic/xypic/xyidioms.tex)

 Xy-pic version 3.8.9 <2013/10/06>
 Copyright (c) 1991-2013 by Kristoffer H. Rose <krisrose@tug.org> and others
 Xy-pic is free software: see the User's Guide for details.

Loading kernel: messages; fonts; allocations: state, direction,
utility macros; pictures: \xy, positions, objects, decorations;
kernel objects: directionals, circles, text; options; algorithms: directions,
edges, connections;  Xy-pic loaded)
(/usr/share/texlive/texmf-dist/tex/generic/xypic/xyarrow.tex
 Xy-pic option: Arrow and Path feature v.3.9 path, \ar, loaded)
(/usr/share/texlive/texmf-dist/tex/generic/xypic/xymatrix.tex
 Xy-pic option: Matrix feature v.3.14 loaded)
(/usr/share/texlive/texmf-dist/tex/generic/xypic/xycurve.tex
 Xy-pic option: Curve and Spline extension v.3.12 curve, circles, loaded)
(/usr/share/texlive/texmf-dist/tex/generic/xypic/xypdf.tex
 Xy-pic option: PDF driver v.1.7 Xy-pic pdf driver: `curve' extension support
(/usr/share/texlive/texmf-dist/tex/generic/xypic/xypdf-cu.tex loaded) loaded))
(/usr/share/texlive/texmf-dist/tex/latex/float/float.sty)
(/usr/share/texlive/texmf-dist/tex/latex/titlesec/titletoc.sty)
(/usr/share/texlive/texmf-dist/tex/latex/pgfplots/pgfplots.sty
(/usr/share/texlive/texmf-dist/tex/generic/pgfplots/pgfplots.revision.tex)
(/usr/share/texmf/tex/latex/pgf/frontendlayer/tikz.sty
(/usr/share/texmf/tex/latex/pgf/basiclayer/pgf.sty
(/usr/share/texmf/tex/latex/pgf/utilities/pgfrcs.sty
(/usr/share/texmf/tex/generic/pgf/utilities/pgfutil-common.tex)
(/usr/share/texmf/tex/generic/pgf/utilities/pgfutil-latex.def
(/usr/share/texlive/texmf-dist/tex/latex/ms/everyshi.sty))
(/usr/share/texmf/tex/generic/pgf/utilities/pgfrcs.code.tex))
(/usr/share/texmf/tex/latex/pgf/basiclayer/pgfcore.sty
(/usr/share/texlive/texmf-dist/tex/latex/graphics/graphicx.sty
(/usr/share/texlive/texmf-dist/tex/latex/graphics/graphics.sty
(/usr/share/texlive/texmf-dist/tex/latex/graphics/trig.sty)
(/usr/share/texlive/texmf-dist/tex/latex/latexconfig/graphics.cfg)
(/usr/share/texlive/texmf-dist/tex/latex/pdftex-def/pdftex.def
(/usr/share/texlive/texmf-dist/tex/generic/oberdiek/infwarerr.sty)
(/usr/share/texlive/texmf-dist/tex/generic/oberdiek/ltxcmds.sty))))
(/usr/share/texmf/tex/latex/pgf/systemlayer/pgfsys.sty
(/usr/share/texmf/tex/generic/pgf/systemlayer/pgfsys.code.tex
(/usr/share/texmf/tex/generic/pgf/utilities/pgfkeys.code.tex
(/usr/share/texmf/tex/generic/pgf/utilities/pgfkeysfiltered.code.tex))
(/usr/share/texmf/tex/generic/pgf/systemlayer/pgf.cfg)
(/usr/share/texmf/tex/generic/pgf/systemlayer/pgfsys-pdftex.def
(/usr/share/texmf/tex/generic/pgf/systemlayer/pgfsys-common-pdf.def)))
(/usr/share/texmf/tex/generic/pgf/systemlayer/pgfsyssoftpath.code.tex)
(/usr/share/texmf/tex/generic/pgf/systemlayer/pgfsysprotocol.code.tex))
(/usr/share/texmf/tex/latex/xcolor/xcolor.sty
(/usr/share/texlive/texmf-dist/tex/latex/latexconfig/color.cfg))
(/usr/share/texmf/tex/generic/pgf/basiclayer/pgfcore.code.tex
(/usr/share/texmf/tex/generic/pgf/math/pgfmath.code.tex
(/usr/share/texmf/tex/generic/pgf/math/pgfmathcalc.code.tex
(/usr/share/texmf/tex/generic/pgf/math/pgfmathutil.code.tex)
(/usr/share/texmf/tex/generic/pgf/math/pgfmathparser.code.tex)
(/usr/share/texmf/tex/generic/pgf/math/pgfmathfunctions.code.tex
(/usr/share/texmf/tex/generic/pgf/math/pgfmathfunctions.basic.code.tex)
(/usr/share/texmf/tex/generic/pgf/math/pgfmathfunctions.trigonometric.code.tex)
(/usr/share/texmf/tex/generic/pgf/math/pgfmathfunctions.random.code.tex)
(/usr/share/texmf/tex/generic/pgf/math/pgfmathfunctions.comparison.code.tex)
(/usr/share/texmf/tex/generic/pgf/math/pgfmathfunctions.base.code.tex)
(/usr/share/texmf/tex/generic/pgf/math/pgfmathfunctions.round.code.tex)
(/usr/share/texmf/tex/generic/pgf/math/pgfmathfunctions.misc.code.tex)))
(/usr/share/texmf/tex/generic/pgf/math/pgfmathfloat.code.tex))
(/usr/share/texmf/tex/generic/pgf/basiclayer/pgfcorepoints.code.tex)
(/usr/share/texmf/tex/generic/pgf/basiclayer/pgfcorepathconstruct.code.tex)
(/usr/share/texmf/tex/generic/pgf/basiclayer/pgfcorepathusage.code.tex)
(/usr/share/texmf/tex/generic/pgf/basiclayer/pgfcorescopes.code.tex)
(/usr/share/texmf/tex/generic/pgf/basiclayer/pgfcoregraphicstate.code.tex)
(/usr/share/texmf/tex/generic/pgf/basiclayer/pgfcoretransformations.code.tex)
(/usr/share/texmf/tex/generic/pgf/basiclayer/pgfcorequick.code.tex)
(/usr/share/texmf/tex/generic/pgf/basiclayer/pgfcoreobjects.code.tex)
(/usr/share/texmf/tex/generic/pgf/basiclayer/pgfcorepathprocessing.code.tex)
(/usr/share/texmf/tex/generic/pgf/basiclayer/pgfcorearrows.code.tex)
(/usr/share/texmf/tex/generic/pgf/basiclayer/pgfcoreshade.code.tex)
(/usr/share/texmf/tex/generic/pgf/basiclayer/pgfcoreimage.code.tex
(/usr/share/texmf/tex/generic/pgf/basiclayer/pgfcoreexternal.code.tex))
(/usr/share/texmf/tex/generic/pgf/basiclayer/pgfcorelayers.code.tex)
(/usr/share/texmf/tex/generic/pgf/basiclayer/pgfcoretransparency.code.tex)
(/usr/share/texmf/tex/generic/pgf/basiclayer/pgfcorepatterns.code.tex)))
(/usr/share/texmf/tex/generic/pgf/modules/pgfmoduleshapes.code.tex)
(/usr/share/texmf/tex/generic/pgf/modules/pgfmoduleplot.code.tex)
(/usr/share/texmf/tex/latex/pgf/compatibility/pgfcomp-version-0-65.sty)
(/usr/share/texmf/tex/latex/pgf/compatibility/pgfcomp-version-1-18.sty))
(/usr/share/texmf/tex/latex/pgf/utilities/pgffor.sty
(/usr/share/texmf/tex/latex/pgf/utilities/pgfkeys.sty
(/usr/share/texmf/tex/generic/pgf/utilities/pgfkeys.code.tex))
(/usr/share/texmf/tex/generic/pgf/utilities/pgffor.code.tex))
(/usr/share/texmf/tex/generic/pgf/frontendlayer/tikz/tikz.code.tex
(/usr/share/texmf/tex/generic/pgf/libraries/pgflibraryplothandlers.code.tex)
(/usr/share/texmf/tex/generic/pgf/modules/pgfmodulematrix.code.tex)
(/usr/share/texmf/tex/generic/pgf/frontendlayer/tikz/libraries/tikzlibrarytopat
hs.code.tex)))
(/usr/share/texlive/texmf-dist/tex/generic/pgfplots/pgfplots.code.tex
(/usr/share/texlive/texmf-dist/tex/generic/pgfplots/pgfplotscore.code.tex
(/usr/share/texlive/texmf-dist/tex/generic/pgfplots/sys/pgfplotssysgeneric.code
.tex))
(/usr/share/texlive/texmf-dist/tex/generic/pgfplots/libs/pgfplotslibrary.code.t
ex)
(/usr/share/texlive/texmf-dist/tex/generic/pgfplots/oldpgfcompatib/pgfplotsoldp
gfsupp_loader.code.tex
Package pgfplots: loading complementary code for your PGF version...

(/usr/share/texlive/texmf-dist/tex/generic/pgfplots/oldpgfcompatib/pgfplotsoldp
gfsupp_misc.code.tex)
(/usr/share/texlive/texmf-dist/tex/generic/pgfplots/oldpgfcompatib/pgfplotsoldp
gfsupp_pgfkeys.code.tex
(/usr/share/texlive/texmf-dist/tex/generic/pgfplots/oldpgfcompatib/pgfplotsoldp
gfsupp_pgfkeysfiltered.code.tex))
(/usr/share/texlive/texmf-dist/tex/generic/pgfplots/oldpgfcompatib/pgfplotsoldp
gfsupp_pgfmathfloat.code.tex)
(/usr/share/texlive/texmf-dist/tex/generic/pgfplots/oldpgfcompatib/pgfplotsoldp
gfsupp_pgflibraryplothandlers.code.tex)
(/usr/share/texlive/texmf-dist/tex/generic/pgfplots/oldpgfcompatib/pgfplotsoldp
gfsupp_pgflibraryfpu.code.tex)
(/usr/share/texlive/texmf-dist/tex/generic/pgfplots/oldpgfcompatib/pgfplotsoldp
gfsupp_pgfcorescopes.code.tex)
(/usr/share/texlive/texmf-dist/tex/generic/pgfplots/oldpgfcompatib/pgfplotsoldp
gfsupp_pgfcorelayers.code.tex))
(/usr/share/texlive/texmf-dist/tex/generic/pgfplots/util/pgfplotsutil.code.tex
(/usr/share/texlive/texmf-dist/tex/generic/pgfplots/liststructure/pgfplotslists
tructure.code.tex)
(/usr/share/texlive/texmf-dist/tex/generic/pgfplots/liststructure/pgfplotslists
tructureext.code.tex)
(/usr/share/texlive/texmf-dist/tex/generic/pgfplots/liststructure/pgfplotsarray
.code.tex)
(/usr/share/texlive/texmf-dist/tex/generic/pgfplots/liststructure/pgfplotsmatri
x.code.tex)
(/usr/share/texlive/texmf-dist/tex/generic/pgfplots/numtable/pgfplotstableshare
d.code.tex)
(/usr/share/texlive/texmf-dist/tex/generic/pgfplots/liststructure/pgfplotsdeque
.code.tex)
(/usr/share/texlive/texmf-dist/tex/generic/pgfplots/util/pgfplotsbinary.code.te
x
(/usr/share/texlive/texmf-dist/tex/generic/pgfplots/util/pgfplotsbinary.data.co
de.tex))
(/usr/share/texlive/texmf-dist/tex/generic/pgfplots/util/pgfplotsutil.verb.code
.tex)
(/usr/share/texlive/texmf-dist/tex/generic/pgfplots/libs/pgflibrarypgfplots.sur
fshading.code.tex
(/usr/share/texlive/texmf-dist/tex/generic/pgfplots/sys/pgflibrarypgfplots.surf
shading.pgfsys-pdftex.def)))
(/usr/share/texlive/texmf-dist/tex/generic/pgfplots/util/pgfplotscolormap.code.
tex
(/usr/share/texlive/texmf-dist/tex/generic/pgfplots/util/pgfplotscolor.code.tex
))
(/usr/share/texlive/texmf-dist/tex/generic/pgfplots/pgfplotsstackedplots.code.t
ex)
(/usr/share/texlive/texmf-dist/tex/generic/pgfplots/pgfplotsplothandlers.code.t
ex
(/usr/share/texlive/texmf-dist/tex/generic/pgfplots/pgfplotsmeshplothandler.cod
e.tex))
(/usr/share/texlive/texmf-dist/tex/generic/pgfplots/pgfplots.scaling.code.tex)
(/usr/share/texlive/texmf-dist/tex/generic/pgfplots/pgfplotscoordprocessing.cod
e.tex)
(/usr/share/texlive/texmf-dist/tex/generic/pgfplots/pgfplots.errorbars.code.tex
) (/usr/share/texlive/texmf-dist/tex/generic/pgfplots/pgfplots.markers.code.tex
) (/usr/share/texlive/texmf-dist/tex/generic/pgfplots/pgfplotsticks.code.tex)
(/usr/share/texlive/texmf-dist/tex/generic/pgfplots/pgfplots.paths.code.tex)
(/usr/share/texmf/tex/generic/pgf/frontendlayer/tikz/libraries/tikzlibrarydecor
ations.code.tex
(/usr/share/texmf/tex/generic/pgf/modules/pgfmoduledecorations.code.tex))
(/usr/share/texmf/tex/generic/pgf/frontendlayer/tikz/libraries/tikzlibrarydecor
ations.pathmorphing.code.tex
(/usr/share/texmf/tex/generic/pgf/libraries/decorations/pgflibrarydecorations.p
athmorphing.code.tex))
(/usr/share/texmf/tex/generic/pgf/frontendlayer/tikz/libraries/tikzlibrarydecor
ations.pathreplacing.code.tex
(/usr/share/texmf/tex/generic/pgf/libraries/decorations/pgflibrarydecorations.p
athreplacing.code.tex)))
(/usr/share/texmf/tex/generic/pgf/frontendlayer/tikz/libraries/tikzlibraryplotm
arks.code.tex
(/usr/share/texmf/tex/generic/pgf/libraries/pgflibraryplotmarks.code.tex)))
(/usr/share/texlive/texmf-dist/tex/latex/wrapfig/wrapfig.sty)
(/usr/share/texlive/texmf-dist/tex/generic/mathabx/mathabx.sty
(/usr/share/texlive/texmf-dist/tex/generic/mathabx/mathabx.dcl))
(/usr/share/texlive/texmf-dist/tex/latex/caption/caption.sty
(/usr/share/texlive/texmf-dist/tex/latex/caption/caption3.sty))
(/usr/share/texlive/texmf-dist/tex/latex/caption/subcaption.sty)
(/usr/share/texlive/texmf-dist/tex/latex/booktabs/booktabs.sty)
(/usr/share/texlive/texmf-dist/tex/latex/cmap/cmap.sty

Package cmap Warning: fontenc already loaded - some fonts may be unprocessed.

) (data/latexki.sty)
(/usr/share/texlive/texmf-dist/tex/latex/ntheorem/ntheorem.sty
Style `ntheorem', Version 1.33 <2011/08/15>
) (/usr/share/texlive/texmf-dist/tex/latex/hyperref/hyperref.sty
(/usr/share/texlive/texmf-dist/tex/generic/oberdiek/hobsub-hyperref.sty
(/usr/share/texlive/texmf-dist/tex/generic/oberdiek/hobsub-generic.sty))
(/usr/share/texlive/texmf-dist/tex/latex/oberdiek/auxhook.sty)
(/usr/share/texlive/texmf-dist/tex/latex/oberdiek/kvoptions.sty)
(/usr/share/texlive/texmf-dist/tex/latex/hyperref/pd1enc.def)
(/usr/share/texlive/texmf-dist/tex/latex/latexconfig/hyperref.cfg)
(/usr/share/texlive/texmf-dist/tex/latex/url/url.sty))

Package hyperref Message: Driver (autodetected): hpdftex.

(/usr/share/texlive/texmf-dist/tex/latex/hyperref/hpdftex.def
(/usr/share/texlive/texmf-dist/tex/latex/oberdiek/rerunfilecheck.sty))
(./HyperGeo.aux)
*geometry* driver: auto-detecting
*geometry* detected driver: pdftex
<<ot1.cmap>><<oml.cmap>><<oms.cmap>><<omx.cmap>>
(/usr/share/texlive/texmf-dist/tex/latex/amsfonts/umsa.fd)
(/usr/share/texlive/texmf-dist/tex/latex/amsfonts/umsb.fd)
(/usr/share/texlive/texmf-dist/tex/latex/stmaryrd/Ustmry.fd)
ABD: EveryShipout initializing macros
(/usr/share/texlive/texmf-dist/tex/context/base/supp-pdf.mkii
[Loading MPS to PDF converter (version 2006.09.02).]
) (/usr/share/texlive/texmf-dist/tex/latex/oberdiek/epstopdf-base.sty
(/usr/share/texlive/texmf-dist/tex/latex/oberdiek/grfext.sty)
(/usr/share/texlive/texmf-dist/tex/latex/latexconfig/epstopdf-sys.cfg))

Package pgfplots Warning: running in backwards compatibility mode (unsuitable t
ick labels; missing features). Consider writing \pgfplotsset{compat=1.9} into y
our preamble.
 on input line 217.

(/usr/share/texlive/texmf-dist/tex/latex/hyperref/nameref.sty
(/usr/share/texlive/texmf-dist/tex/generic/oberdiek/gettitlestring.sty))
(./HyperGeo.out) (./HyperGeo.out)
Underfull \hbox (badness 10000) in paragraph at lines 220--221


LaTeX Font Warning: Font shape `T1/cmr/m/n' in size <32> not available
(Font)              size <29.86> substituted on input line 223.

<<t1.cmap>>

LaTeX Font Warning: Font shape `T1/cmr/bx/n' in size <32> not available
(Font)              size <29.86> substituted on input line 223.


Underfull \hbox (badness 10000) in paragraph at lines 225--226


Underfull \hbox (badness 10000) in paragraph at lines 227--228


Underfull \hbox (badness 10000) in paragraph at lines 229--230

[1{/var/lib/texmf/fonts/map/pdftex/updmap/pdftex.map}] [2] (./HyperGeo.toc
[3]
Overfull \hbox (1.88837pt too wide) detected at line 39
 \T1/cmr/bx/n/10.95 101

Overfull \hbox (1.88837pt too wide) detected at line 40
 \T1/cmr/bx/n/10.95 103
[4]) [5] [6]
Kapitel 1.
[7]

LaTeX Font Warning: Font shape `U/stmry/b/n' undefined
(Font)              using `U/stmry/m/n' instead on input line 314.

[8] [9] [10] [11] [12] [13] [14] [15] [16] [17] [18] [19]

Package hyperref Warning: Token not allowed in a PDF string (PDFDocEncoding):
(hyperref)                removing `math shift' on input line 790.


Package hyperref Warning: Token not allowed in a PDF string (PDFDocEncoding):
(hyperref)                removing `math shift' on input line 790.

[20] [21] [22]
Underfull \vbox (badness 4217) has occurred while \output is active [23]
[24]
Kapitel 2.
[25] [26]
Overfull \hbox (7.47366pt too wide) in paragraph at lines 1098--1099
[]$\U/matha/m/n/10.95 p\OML/cmm/m/it/10.95 M; d\U/matha/m/n/10.95 q$ \T1/cmr/m/
n/10.95 heiÿt $\OT1/cmr/m/n/10.95 2$\T1/cmr/m/it/10.95 -Punkt-homogen\T1/cmr/m/
n/10.95 , falls es für je zwei Punk-te-paa-re $\U/matha/m/n/10.95 p\OML/cmm/m/i
t/10.95 p[]; p[]\U/matha/m/n/10.95 q\OML/cmm/m/it/10.95 ; \U/matha/m/n/10.95 p\
OML/cmm/m/it/10.95 q[]; q[]\U/matha/m/n/10.95 q$ \T1/cmr/m/n/10.95 mit $\OML/cm
m/m/it/10.95 d\U/matha/m/n/10.95 p\OML/cmm/m/it/10.95 p[]; p[]\U/matha/m/n/10.9
5 q ^^P

Underfull \vbox (badness 1024) has occurred while \output is active [27]
[28] [29] [30] [31] [32]

Package hyperref Warning: Token not allowed in a PDF string (PDFDocEncoding):
(hyperref)                removing `math shift' on input line 1351.


Package hyperref Warning: Token not allowed in a PDF string (PDFDocEncoding):
(hyperref)                removing `superscript' on input line 1351.


Package hyperref Warning: Token not allowed in a PDF string (PDFDocEncoding):
(hyperref)                removing `subscript' on input line 1351.


Package hyperref Warning: Token not allowed in a PDF string (PDFDocEncoding):
(hyperref)                removing `math shift' on input line 1351.


Underfull \vbox (badness 5893) has occurred while \output is active [33]
Underfull \vbox (badness 3281) has occurred while \output is active [34]
[35]

Package hyperref Warning: Token not allowed in a PDF string (PDFDocEncoding):
(hyperref)                removing `math shift' on input line 1447.


Package hyperref Warning: Token not allowed in a PDF string (PDFDocEncoding):
(hyperref)                removing `superscript' on input line 1447.


Package hyperref Warning: Token not allowed in a PDF string (PDFDocEncoding):
(hyperref)                removing `subscript' on input line 1447.


Package hyperref Warning: Token not allowed in a PDF string (PDFDocEncoding):
(hyperref)                removing `math shift' on input line 1447.

[36]
Underfull \vbox (badness 1708) has occurred while \output is active [37]
[38] [39]
Overfull \hbox (0.42216pt too wide) detected at line 1597
\OML/cmm/m/it/10.95 T \OT1/cmr/m/n/10.95 : \U/msb/m/n/10.95 R[] \U/matha/m/n/10
.95 Ý[]Ñ \U/msb/m/n/10.95 R[]\OML/cmm/m/it/10.95 ;  \U/matha/m/n/10.95 p\OML/cm
m/m/it/10.95 x; y\U/matha/m/n/10.95 q ÞÑ p\OML/cmm/m/it/10.95 T[]\U/matha/m/n/1
0.95 p\OML/cmm/m/it/10.95 x; y\U/matha/m/n/10.95 q\OML/cmm/m/it/10.95 ; T[]\U/m
atha/m/n/10.95 p\OML/cmm/m/it/10.95 x; y\U/matha/m/n/10.95 qq ^^P []
[40]
Overfull \hbox (2.916pt too wide) in paragraph at lines 1717--1718
[]\T1/cmr/m/it/10.95 Der Flä-chen-in-halt ei-nes
[41]
Underfull \vbox (badness 10000) has occurred while \output is active [42]
Underfull \vbox (badness 10000) has occurred while \output is active [43]
Underfull \vbox (badness 10000) has occurred while \output is active [44]
Underfull \vbox (badness 1983) has occurred while \output is active [45]
[46] [47] [48]
Underfull \vbox (badness 10000) has occurred while \output is active [49]
Underfull \hbox (badness 10000) in paragraph at lines 2224--2226


Underfull \vbox (badness 1371) has occurred while \output is active [50]
Underfull \vbox (badness 10000) has occurred while \output is active [51]
[52]
Kapitel 3.
[53] [54] [55]
Underfull \vbox (badness 10000) has occurred while \output is active [56]
[57] [58] [59] [60] [61] [62]
Underfull \hbox (badness 10000) in paragraph at lines 2812--2813


Overfull \hbox (2.53337pt too wide) in paragraph at lines 2815--2816
[]\T1/cmr/m/it/10.95 Ist $\OT1/cmr/m/n/10.95 ^^A \U/matha/m/n/10.95 „ \U/msb/m/
n/10.95 E[]$ \T1/cmr/m/it/10.95 ein eu-kli-di-sches

Overfull \hbox (7.89157pt too wide) in paragraph at lines 2867--2869
[]\T1/cmr/m/it/10.95 Ist $\OT1/cmr/m/n/10.95 ^^A \U/matha/m/n/10.95 „ \U/msb/m/
n/10.95 S[]$ \T1/cmr/m/it/10.95 ein sphä-
[63]
Underfull \hbox (badness 10000) in paragraph at lines 2880--2882

[64] [65] [66]
Kapitel 4.

Underfull \vbox (badness 10000) has occurred while \output is active [67]
Overfull \hbox (5.96252pt too wide) in paragraph at lines 3019--3021
\T1/cmr/m/n/10.95 gilt. Da-mit wird $\U/matha/m/n/10.95 p\U/msb/m/n/10.95 D[]\O
ML/cmm/m/it/10.95 ; d[]\U/matha/m/n/10.95 q$ \T1/cmr/m/n/10.95 zu ei-nem me-tri
-schen Raum, dem \T1/cmr/m/it/10.95 Ein-heits-ballm-odell \T1/cmr/m/n/10.95 der
 $\OML/cmm/m/it/10.95 n$\T1/cmr/m/n/10.95 -dimensionalen
[68] [69]
Underfull \vbox (badness 5388) has occurred while \output is active [70]
[71]
Overfull \hbox (3.34332pt too wide) in paragraph at lines 3211--3213
\T1/cmr/m/n/10.95 das heiÿt $\OML/cmm/m/it/10.95 $ \T1/cmr/m/n/10.95 is län-ge
n-treu. Dar-aus folgt mit den De-fi-ni-tio-nen der Me-tri-ken be-reits $\OML/cm
m/m/it/10.95 d[]\U/matha/m/n/10.95 p\OML/cmm/m/it/10.95 \U/matha/m/n/10.95 p\O
ML/cmm/m/it/10.95 p\U/matha/m/n/10.95 q\OML/cmm/m/it/10.95 ; \U/matha/m/n/10.9
5 p\OML/cmm/m/it/10.95 q\U/matha/m/n/10.95 qq ^^P

Underfull \vbox (badness 10000) has occurred while \output is active [72]
Underfull \vbox (badness 10000) has occurred while \output is active [73]
Underfull \vbox (badness 5578) has occurred while \output is active [74]
[75] [76] [77]
Underfull \vbox (badness 1824) has occurred while \output is active [78]
Underfull \vbox (badness 10000) has occurred while \output is active [79]
[80] [81] [82]
Kapitel 5.

Package hyperref Warning: Token not allowed in a PDF string (PDFDocEncoding):
(hyperref)                removing `math shift' on input line 3639.


Package hyperref Warning: Token not allowed in a PDF string (PDFDocEncoding):
(hyperref)                removing `\delta' on input line 3639.


Package hyperref Warning: Token not allowed in a PDF string (PDFDocEncoding):
(hyperref)                removing `math shift' on input line 3639.

[83]
Underfull \vbox (badness 10000) has occurred while \output is active [84]
Overfull \hbox (6.92796pt too wide) in paragraph at lines 3746--3747
[]\T1/cmr/m/n/10.95 Die klas-si-schen hy-per-bo-li-schen Räu-me $\U/matha/m/n/1
0.95 p\U/msb/m/n/10.95 H[]\OML/cmm/m/it/10.95 ; d[]\U/matha/m/n/10.95 q$\T1/cmr
/m/n/10.95 , $\U/matha/m/n/10.95 p\U/msb/m/n/10.95 L[]\OML/cmm/m/it/10.95 ; d[]
\U/matha/m/n/10.95 q$ \T1/cmr/m/n/10.95 und $\U/matha/m/n/10.95 p\U/msb/m/n/10.
95 D[]\OML/cmm/m/it/10.95 ; d[]\U/matha/m/n/10.95 q$ \T1/cmr/m/n/10.95 sind $\O
ML/cmm/m/it/10.95 ^^N$\T1/cmr/m/n/10.95 -hyperbolisch
[85] [86]
Overfull \hbox (17.33647pt too wide) in paragraph at lines 3821--3823
\T1/cmr/m/n/10.95 für al-le $\OML/cmm/m/it/10.95 x; y \U/matha/m/n/10.95 P \OML
/cmm/m/it/10.95 X$\T1/cmr/m/n/10.95 . Ins-be-son-de-re sind $\U/matha/m/n/10.95
 p\OML/cmm/m/it/10.95 ^^U; \OT1/cmr/m/n/10.95 0\U/matha/m/n/10.95 q$\T1/cmr/m/n
/10.95 -quasi-isometrische Ein-bet-tun-gen ge-ra-de $\OML/cmm/m/it/10.95 ^^U$\T
1/cmr/m/n/10.95 -Bilipschitz-
[87] [88]
Underfull \vbox (badness 10000) has occurred while \output is active [89]
Overfull \hbox (12.37329pt too wide) in paragraph at lines 3971--3972
[]\T1/cmr/m/n/10.95 Bevor wir die Aus-sa-ge be-wei-sen, lei-ten wir die wich-ti
g-ste Fol-ge-rung her. Ein $\U/matha/m/n/10.95 p\OML/cmm/m/it/10.95 ^^U; ^^O\U/
matha/m/n/10.95 q$\T1/cmr/m/n/10.95 -quasi-geodätisches
[90] [91]
Underfull \vbox (badness 10000) has occurred while \output is active [92]
Underfull \vbox (badness 1048) has occurred while \output is active [93]
Underfull \vbox (badness 10000) has occurred while \output is active [94]
[95]
Underfull \vbox (badness 1478) has occurred while \output is active [96]
Overfull \hbox (5.06831pt too wide) in paragraph at lines 4392--4393
[]\T1/cmr/m/n/10.95 Eine wich-ti-ge Be-ob-ach-tung: Je-der me-tri-sche Raum $\U
/matha/m/n/10.95 p\OML/cmm/m/it/10.95 X; d\U/matha/m/n/10.95 q$\T1/cmr/m/n/10.9
5 , der quasi-isometrisch zu $\U/matha/m/n/10.95 p[]p\OML/cmm/m/it/10.95 G; S\U
/matha/m/n/10.95 q\OML/cmm/m/it/10.95 ; d[]\U/matha/m/n/10.95 q$
[97]
Underfull \vbox (badness 2343) has occurred while \output is active [98]
(/usr/share/texlive/texmf-dist/tex/latex/base/omscmr.fd) [99] [100]
Kapitel A.

Underfull \hbox (badness 10000) in paragraph at lines 4574--4575

[101] [102]
Kapitel B.
[103] [104]
Underfull \vbox (badness 10000) has occurred while \output is active [105]
[106] [107] [108] [109] [110] [111]
Underfull \vbox (badness 3068) has occurred while \output is active [112]
[113]
Underfull \vbox (badness 10000) has occurred while \output is active [114]
[115] [116]
Overfull \hbox (7.49414pt too wide) detected at line 5105
\OML/cmm/m/it/10.95 m\U/matha/m/n/10.95 p\OT1/cmr/m/n/10.95 0\U/matha/m/n/10.95
 q ^^P []\OML/cmm/m/it/10.95 ;  m\U/matha/m/n/10.95 p\OML/cmm/m/it/10.95 i\U/ma
tha/m/n/10.95 q ^^P [] ^^P [] ^^P ^^A[] ^^P []\OML/cmm/m/it/10.95 ;
[117] [118] [119] [120]
Underfull \vbox (badness 10000) has occurred while \output is active [121]
[122] [123] [124] [125] [126] [127]
Underfull \vbox (badness 10000) has occurred while \output is active [128]
[129] [130] [131]
Underfull \vbox (badness 10000) has occurred while \output is active [132]
Overfull \hbox (19.90607pt too wide) in paragraph at lines 5698--5700
\T1/cmr/m/n/10.95 indem wir Gleich-heit der In-te-gran-den zei-gen. Mit der Ket
-ten-re-gel gilt $\U/matha/m/n/10.95 p\OML/cmm/m/it/10.95 m \U/matha/m/n/10.95 
^^E \OML/cmm/m/it/10.95 ^^M\U/matha/m/n/10.95 q[]p\OML/cmm/m/it/10.95 t\U/matha
/m/n/10.95 q ^^P \OML/cmm/m/it/10.95 m[]\U/matha/m/n/10.95 p\OML/cmm/m/it/10.95
 ^^M\U/matha/m/n/10.95 p\OML/cmm/m/it/10.95 t\U/matha/m/n/10.95 qq\OML/cmm/m/it
/10.95 ^^M[]\U/matha/m/n/10.95 p\OML/cmm/m/it/10.95 t\U/matha/m/n/10.95 q$\T1/c
mr/m/n/10.95 .
[133] [134] [135] [136] [137]
Underfull \vbox (badness 10000) has occurred while \output is active [138]
[139]
Overfull \hbox (13.62831pt too wide) detected at line 5975
\OML/cmm/m/it/10.95 Dm\U/matha/m/n/10.95 p\OML/cmm/m/it/10.95 x; y\U/matha/m/n/
10.95 q ^^P [] ^^P [] []
[140]
Underfull \vbox (badness 10000) has occurred while \output is active [141]
[142] [143] [144]

LaTeX Warning: Command \" invalid in math mode on input line 6171.


Overfull \hbox (6.76266pt too wide) detected at line 6171
\OML/cmm/m/it/10.95 D\U/matha/m/n/10.95 p\OT1/cmr/m/n/10.95 ^^@[]\U/matha/m/n/1
0.95 q ^^P \OML/cmm/m/it/10.95 D[]\U/matha/m/n/10.95 p\OT1/cmr/m/n/10.95 ^^@[]\
U/matha/m/n/10.95 q ^^P tp\OML/cmm/m/it/10.95 x; y\U/matha/m/n/10.95 q P \U/msb
/m/n/10.95 E[]  \U/matha/m/n/10.95 ^^B \OML/cmm/m/it/10.95 d[]\U/matha/m/n/10.9
5 pp\OML/cmm/m/it/10.95 x; y\U/matha/m/n/10.95 q\OML/cmm/m/it/10.95 ; \U/matha/
m/n/10.95 p\OT1/cmr/m/n/10.95 0\OML/cmm/m/it/10.95 ; \OT1/cmr/m/n/10.95 0\U/mat
ha/m/n/10.95 qq ¤ \OML/cmm/m/it/10.95 d[]\U/matha/m/n/10.95 pp\OML/cmm/m/it/10.
95 x \U/matha/m/n/10.95 ^^@ \OML/cmm/m/it/10.95 z; y \U/matha/m/n/10.95 ^^@ \OM
L/cmm/m/it/10.95 w\U/matha/m/n/10.95 q\OML/cmm/m/it/10.95 ; \U/matha/m/n/10.95 
p\OT1/cmr/m/n/10.95 0\OML/cmm/m/it/10.95 ; \OT1/cmr/m/n/10.95 0\U/matha/m/n/10.
95 qq\OML/cmm/m/it/10.95 fralle\U/matha/m/n/10.95 p\OML/cmm/m/it/10.95 z; w\U/m
atha/m/n/10.95 q P \OT1/cmr/m/n/10.95 ^^@[]\U/matha/m/n/10.95 u
[145] [146] [147] [148]
Underfull \vbox (badness 10000) has occurred while \output is active [149]
Underfull \vbox (badness 10000) has occurred while \output is active [150]
[151] [152]
Underfull \vbox (badness 10000) has occurred while \output is active [153]
[154]
Underfull \vbox (badness 10000) has occurred while \output is active [155]
Underfull \vbox (badness 10000) has occurred while \output is active [156]
Underfull \vbox (badness 10000) has occurred while \output is active [157]
[158]
Underfull \vbox (badness 4634) has occurred while \output is active [159]
(/usr/share/texmf/tex/generic/pgf/frontendlayer/tikz/libraries/tikzlibrarycalc.
code.tex)
Underfull \vbox (badness 10000) has occurred while \output is active [160]
Underfull \vbox (badness 4543) has occurred while \output is active [161]
Underfull \vbox (badness 10000) has occurred while \output is active [162]
Underfull \vbox (badness 10000) has occurred while \output is active [163]
(./HyperGeo.aux)

LaTeX Font Warning: Size substitutions with differences
(Font)              up to 2.14pt have occurred.


LaTeX Font Warning: Some font shapes were not available, defaults substituted.

 )
(see the transcript file for additional information)pdfTeX warning (dest): name
{vierfuenfdrei} has been referenced but does not exist, replaced by a fixed one


{/usr/share/texmf/fonts/enc/dvips/cm-super/cm-super-t1.enc}</usr/share/texlive/
texmf-dist/fonts/type1/public/amsfonts/cm/cmmi10.pfb></usr/share/texlive/texmf-
dist/fonts/type1/public/amsfonts/cm/cmmi12.pfb></usr/share/texlive/texmf-dist/f
onts/type1/public/amsfonts/cm/cmmi6.pfb></usr/share/texlive/texmf-dist/fonts/ty
pe1/public/amsfonts/cm/cmmi8.pfb></usr/share/texlive/texmf-dist/fonts/type1/pub
lic/amsfonts/cm/cmr10.pfb></usr/share/texlive/texmf-dist/fonts/type1/public/ams
fonts/cm/cmr6.pfb></usr/share/texlive/texmf-dist/fonts/type1/public/amsfonts/cm
/cmr8.pfb></usr/share/texlive/texmf-dist/fonts/type1/public/amsfonts/cm/cmsy10.
pfb></usr/share/texlive/texmf-dist/fonts/type1/public/amsfonts/cm/cmsy8.pfb></u
sr/share/texlive/texmf-dist/fonts/type1/public/mathabx-type1/matha10.pfb></usr/
share/texlive/texmf-dist/fonts/type1/public/mathabx-type1/matha12.pfb></usr/sha
re/texlive/texmf-dist/fonts/type1/public/mathabx-type1/matha6.pfb></usr/share/t
exlive/texmf-dist/fonts/type1/public/mathabx-type1/matha8.pfb></usr/share/texli
ve/texmf-dist/fonts/type1/public/mathabx-type1/mathb10.pfb></usr/share/texlive/
texmf-dist/fonts/type1/public/mathabx-type1/mathx10.pfb></usr/share/texlive/tex
mf-dist/fonts/type1/public/amsfonts/symbols/msbm10.pfb></usr/share/texmf/fonts/
type1/public/cm-super/sfbx1095.pfb></usr/share/texmf/fonts/type1/public/cm-supe
r/sfbx1440.pfb></usr/share/texmf/fonts/type1/public/cm-super/sfbx2074.pfb></usr
/share/texmf/fonts/type1/public/cm-super/sfbx2488.pfb></usr/share/texmf/fonts/t
ype1/public/cm-super/sfbx2986.pfb></usr/share/texmf/fonts/type1/public/cm-super
/sfrm0800.pfb></usr/share/texmf/fonts/type1/public/cm-super/sfrm1095.pfb></usr/
share/texmf/fonts/type1/public/cm-super/sfrm1200.pfb></usr/share/texmf/fonts/ty
pe1/public/cm-super/sfsl1095.pfb></usr/share/texmf/fonts/type1/public/cm-super/
sfti1095.pfb></usr/share/texmf/fonts/type1/public/cm-super/sfti1200.pfb>
Output written on HyperGeo.pdf (163 pages, 940314 bytes).
Transcript written on HyperGeo.log.
Result: ExitSuccess

Running /usr/bin/convert -verbose HyperGeo.pdf[0] -resize 70x HyperGeo.png in an env with 4 entries:
"gs" -q -dQUIET -dSAFER -dBATCH -dNOPAUSE -dNOPROMPT -dMaxBitmap=500000000 -dAlignToPixels=0 -dGridFitTT=2 "-sDEVICE=pngalpha" -dTextAlphaBits=4 -dGraphicsAlphaBits=4 "-r72x72" -dFirstPage=1 -dLastPage=1 "-sOutputFile=/tmp/magick-um2HwSm8-%08d" "-f/tmp/magick-uNhemguw" "-f/tmp/magick-Fd38GMBU"
/tmp/magick-um2HwSm8-00000001 PNG 595x842 595x842+0+0 8-bit DirectClass 14.6KB 0.010u 0:00.019
HyperGeo.pdf[0]=>HyperGeo.pdf PDF 595x842 595x842+0+0 16-bit DirectClass 14.6KB 0.000u 0:00.000
HyperGeo.pdf[0]=>HyperGeo.png PDF 595x842=>70x99 70x99+0+0 16-bit DirectClass 0.040u 0:00.019
Result: ExitSuccess

Running /usr/bin/optipng -verbose HyperGeo.png in an env with 4 entries:
OptiPNG 0.6.4: Advanced PNG optimizer.
Copyright (C) 2001-2010 Cosmin Truta.

** Processing: HyperGeo.png
70x99 pixels, 2x16 bits/pixel, grayscale+alpha
Input IDAT size = 1662 bytes
Input file size = 1957 bytes

Trying:
  zc = 9  zm = 8  zs = 0  f = 0		IDAT too big
  zc = 9  zm = 8  zs = 1  f = 0		IDAT size = 1633
  zc = 1  zm = 8  zs = 2  f = 0		IDAT too big
  zc = 9  zm = 8  zs = 3  f = 0		IDAT too big
  zc = 9  zm = 8  zs = 0  f = 5		IDAT too big
  zc = 9  zm = 8  zs = 1  f = 5		IDAT size = 1591
  zc = 1  zm = 8  zs = 2  f = 5		IDAT too big
  zc = 9  zm = 8  zs = 3  f = 5		IDAT too big

Selecting parameters:
  zc = 9  zm = 8  zs = 1  f = 5		IDAT size = 1591

Output IDAT size = 1591 bytes (71 bytes decrease)
Output file size = 1886 bytes (71 bytes = 3.63% decrease)

** Status report
1 file(s) have been processed.
Result: ExitSuccess
