
Running /usr/bin/pdflatex JennyUndLucasBlatt.tex in an env with 4 entries:
This is pdfTeX, Version 3.1415926-2.5-1.40.14 (TeX Live 2013/Debian)
 restricted \write18 enabled.
entering extended mode
(data/JennyUndLucasBlatt.tex
LaTeX2e <2011/06/27>
Babel <3.9h> and hyphenation patterns for 78 languages loaded.
(/usr/share/texlive/texmf-dist/tex/latex/koma-script/scrartcl.cls
Document Class: scrartcl 2013/12/19 v3.12 KOMA-Script document class (article)
(/usr/share/texlive/texmf-dist/tex/latex/koma-script/scrkbase.sty
(/usr/share/texlive/texmf-dist/tex/latex/koma-script/scrbase.sty
(/usr/share/texlive/texmf-dist/tex/latex/graphics/keyval.sty)
(/usr/share/texlive/texmf-dist/tex/latex/koma-script/scrlfile.sty
Package scrlfile, 2013/12/19 v3.12 KOMA-Script package (loading files)
                  Copyright (C) Markus Kohm

))) (/usr/share/texlive/texmf-dist/tex/latex/koma-script/tocbasic.sty)
(/usr/share/texlive/texmf-dist/tex/latex/koma-script/scrsize11pt.clo)
(/usr/share/texlive/texmf-dist/tex/latex/koma-script/typearea.sty
Package typearea, 2013/12/19 v3.12 KOMA-Script package (type area)
                  Copyright (C) Frank Neukam, 1992-1994
                  Copyright (C) Markus Kohm, 1994-

)) (/usr/share/texlive/texmf-dist/tex/latex/base/inputenc.sty
(/usr/share/texlive/texmf-dist/tex/latex/base/latin9.def))
(/usr/share/texlive/texmf-dist/tex/latex/base/fontenc.sty
(/usr/share/texlive/texmf-dist/tex/latex/base/t1enc.def))
(/usr/share/texlive/texmf-dist/tex/latex/graphics/graphicx.sty
(/usr/share/texlive/texmf-dist/tex/latex/graphics/graphics.sty
(/usr/share/texlive/texmf-dist/tex/latex/graphics/trig.sty)
(/usr/share/texlive/texmf-dist/tex/latex/latexconfig/graphics.cfg)
(/usr/share/texlive/texmf-dist/tex/latex/pdftex-def/pdftex.def
(/usr/share/texlive/texmf-dist/tex/generic/oberdiek/infwarerr.sty)
(/usr/share/texlive/texmf-dist/tex/generic/oberdiek/ltxcmds.sty))))
(/usr/share/texlive/texmf-dist/tex/latex/base/textcomp.sty
(/usr/share/texlive/texmf-dist/tex/latex/base/ts1enc.def))
(/usr/share/texlive/texmf-dist/tex/latex/booktabs/booktabs.sty)
(/usr/share/texlive/texmf-dist/tex/latex/amsmath/amsmath.sty
For additional information on amsmath, use the `?' option.
(/usr/share/texlive/texmf-dist/tex/latex/amsmath/amstext.sty
(/usr/share/texlive/texmf-dist/tex/latex/amsmath/amsgen.sty))
(/usr/share/texlive/texmf-dist/tex/latex/amsmath/amsbsy.sty)
(/usr/share/texlive/texmf-dist/tex/latex/amsmath/amsopn.sty))
(/usr/share/texlive/texmf-dist/tex/latex/psnfss/mathptmx.sty)
(/usr/share/texlive/texmf-dist/tex/latex/psnfss/helvet.sty)
(/usr/share/texmf/tex/latex/xcolor/xcolor.sty
(/usr/share/texlive/texmf-dist/tex/latex/latexconfig/color.cfg))
(/usr/share/texlive/texmf-dist/tex/latex/pst-plot/pst-plot.sty
(/usr/share/texlive/texmf-dist/tex/latex/pstricks/pstricks.sty
(/usr/share/texlive/texmf-dist/tex/generic/oberdiek/ifpdf.sty)
(/usr/share/texlive/texmf-dist/tex/generic/pstricks/pstricks.tex
(/usr/share/texlive/texmf-dist/tex/generic/xkeyval/pst-xkey.tex
(/usr/share/texlive/texmf-dist/tex/latex/xkeyval/xkeyval.sty
(/usr/share/texlive/texmf-dist/tex/generic/xkeyval/xkeyval.tex)))
(/usr/share/texlive/texmf-dist/tex/generic/pstricks/pst-fp.tex
`pst-fp' v0.05, 2010/01/17 (hv))
(/usr/share/texmf/tex/generic/pgf/utilities/pgfutil-common.tex)
(/usr/share/texmf/tex/generic/pgf/utilities/pgfkeys.code.tex
(/usr/share/texmf/tex/generic/pgf/utilities/pgfkeysfiltered.code.tex))
(/usr/share/texmf/tex/generic/pgf/utilities/pgffor.code.tex)
`PSTricks' v2.51  <2014/02/03> (tvz)
(/usr/share/texlive/texmf-dist/tex/generic/pstricks/pstricks.con))
(/usr/share/texlive/texmf-dist/tex/generic/pstricks/pst-fp.tex))
(/usr/share/texlive/texmf-dist/tex/latex/xkeyval/pst-xkey.sty)
(/usr/share/texlive/texmf-dist/tex/latex/multido/multido.sty
(/usr/share/texlive/texmf-dist/tex/generic/multido/multido.tex
 v1.42, 2010/05/14 <tvz>))
(/usr/share/texlive/texmf-dist/tex/generic/pst-plot/pst-plot.tex
 v1.58, 2014/01/16 (tvz,hv)))
(/usr/share/texlive/texmf-dist/tex/latex/amsfonts/amssymb.sty
(/usr/share/texlive/texmf-dist/tex/latex/amsfonts/amsfonts.sty))
(/usr/share/texlive/texmf-dist/tex/generic/babel/babel.sty
(/usr/share/texlive/texmf-dist/tex/generic/babel-german/ngermanb.ldf
(/usr/share/texlive/texmf-dist/tex/generic/babel/babel.def)))
No file JennyUndLucasBlatt.aux.
(/usr/share/texlive/texmf-dist/tex/latex/base/ts1cmr.fd)
(/usr/share/texlive/texmf-dist/tex/latex/psnfss/t1ptm.fd)
(/usr/share/texlive/texmf-dist/tex/context/base/supp-pdf.mkii
[Loading MPS to PDF converter (version 2006.09.02).]
) (/usr/share/texlive/texmf-dist/tex/generic/oberdiek/pdftexcmds.sty
(/usr/share/texlive/texmf-dist/tex/generic/oberdiek/ifluatex.sty))
(/usr/share/texlive/texmf-dist/tex/latex/oberdiek/epstopdf-base.sty
(/usr/share/texlive/texmf-dist/tex/latex/oberdiek/grfext.sty
(/usr/share/texlive/texmf-dist/tex/generic/oberdiek/kvdefinekeys.sty))
(/usr/share/texlive/texmf-dist/tex/latex/oberdiek/kvoptions.sty
(/usr/share/texlive/texmf-dist/tex/generic/oberdiek/kvsetkeys.sty
(/usr/share/texlive/texmf-dist/tex/generic/oberdiek/etexcmds.sty)))
(/usr/share/texlive/texmf-dist/tex/latex/latexconfig/epstopdf-sys.cfg))
(/usr/share/texlive/texmf-dist/tex/latex/psnfss/ot1ztmcm.fd)
(/usr/share/texlive/texmf-dist/tex/latex/psnfss/omlztmcm.fd)
(/usr/share/texlive/texmf-dist/tex/latex/psnfss/omsztmcm.fd)
(/usr/share/texlive/texmf-dist/tex/latex/psnfss/omxztmcm.fd)
(/usr/share/texlive/texmf-dist/tex/latex/psnfss/ot1ptm.fd)

LaTeX Warning: `h' float specifier changed to `ht'.


LaTeX Warning: `h' float specifier changed to `ht'.


Underfull \hbox (badness 10000) in paragraph at lines 89--93


Underfull \hbox (badness 10000) in paragraph at lines 89--93


Underfull \hbox (badness 10000) in paragraph at lines 94--98


Underfull \hbox (badness 10000) in paragraph at lines 94--98

[1
Non-PDF special ignored!
Non-PDF special ignored!
Non-PDF special ignored!
Non-PDF special ignored!
Non-PDF special ignored!
Non-PDF special ignored!
Non-PDF special ignored!{/var/lib/texmf/fonts/map/pdftex/updmap/pdftex.map}]
Underfull \hbox (badness 10000) in paragraph at lines 99--101


Underfull \hbox (badness 10000) in paragraph at lines 99--101


Underfull \hbox (badness 10000) in paragraph at lines 102--109


Underfull \hbox (badness 10000) in paragraph at lines 102--109


Underfull \hbox (badness 10000) in paragraph at lines 110--115


Underfull \hbox (badness 10000) in paragraph at lines 116--120

[2]
Underfull \hbox (badness 10000) in paragraph at lines 121--130


Underfull \hbox (badness 10000) in paragraph at lines 121--130


Underfull \hbox (badness 10000) in paragraph at lines 131--136


Underfull \hbox (badness 10000) in paragraph at lines 131--136


Underfull \hbox (badness 10000) in paragraph at lines 142--142
\T1/ptm/m/n/10.95 Grund-men-ge M, al-so

Underfull \hbox (badness 10000) in paragraph at lines 142--142
[]\T1/ptm/m/n/10.95 Auswahl n Men-gen

Underfull \hbox (badness 10000) in paragraph at lines 142--142
\OML/ztmcm/m/it/10.95 T[]; :::; T[]$\T1/ptm/m/n/10.95 , in de-nen

Underfull \hbox (badness 10000) in paragraph at lines 142--142
\T1/ptm/m/n/10.95 al-le Ele-men-te aus M

Underfull \hbox (badness 4913) in paragraph at lines 143--143
[]\T1/ptm/m/n/10.95 Graph $\OML/ztmcm/m/it/10.95 G \OT1/ztmcm/m/n/10.95 = (\OML
/ztmcm/m/it/10.95 V; E\OT1/ztmcm/m/n/10.95 )$ \T1/ptm/m/n/10.95 mit

Underfull \hbox (badness 10000) in paragraph at lines 143--143
\T1/ptm/m/n/10.95 po-si-ti-ven Kan-ten-ge-

Underfull \hbox (badness 10000) in paragraph at lines 143--143
\T1/ptm/m/n/10.95 wich-ten $\OML/ztmcm/m/it/10.95 c \OT1/ztmcm/m/n/10.95 : \OML
/ztmcm/m/it/10.95 E \OMS/ztmcm/m/n/10.95 ! \OT1/ptm/b/n/10.95 R$\T1/ptm/m/n/10.
95 ,

Underfull \hbox (badness 10000) in paragraph at lines 143--143
\OML/ztmcm/m/it/10.95 V \OT1/ztmcm/m/n/10.95 = \OML/ztmcm/m/it/10.95 R$\T1/ptm/
m/n/10.95 (Pflichtknoten)

Underfull \hbox (badness 3690) in paragraph at lines 143--143
[]\T1/ptm/m/n/10.95 Baum $\OML/ztmcm/m/it/10.95 T \OMS/ztmcm/m/n/10.95 ^^R \OML
/ztmcm/m/it/10.95 E$ \T1/ptm/m/n/10.95 der mit

Underfull \hbox (badness 10000) in paragraph at lines 143--143
\T1/ptm/m/n/10.95 mi-ni-ma-len Kos-ten al-le

Underfull \hbox (badness 8019) in paragraph at lines 144--144
[]\T1/ptm/m/n/10.95 Clique $\OML/ztmcm/m/it/10.95 V[] \OMS/ztmcm/m/n/10.95 ^^R 
\OML/ztmcm/m/it/10.95 V$ \T1/ptm/m/n/10.95 , so-

Underfull \hbox (badness 10000) in paragraph at lines 145--145
[]\T1/ptm/m/n/10.95 Vertex

Underfull \hbox (badness 10000) in paragraph at lines 145--145
[]\T1/ptm/m/n/10.95 überdeckende Kno-

Underfull \hbox (badness 10000) in paragraph at lines 145--145
\T1/ptm/m/n/10.95 ten-men-ge $\OML/ztmcm/m/it/10.95 V[] \OMS/ztmcm/m/n/10.95 ^^
R \OML/ztmcm/m/it/10.95 V$

Underfull \hbox (badness 10000) in paragraph at lines 145--145
\T1/ptm/m/n/10.95 mit $[] \OMS/ztmcm/m/n/10.95 ^^U \OML/ztmcm/m/it/10.95 k$\T1/
ptm/m/n/10.95 , so-dass

Underfull \hbox (badness 2617) in paragraph at lines 146--146
[]\T1/ptm/m/n/10.95 Subset Sum

Underfull \hbox (badness 1394) in paragraph at lines 146--146
[]\T1/ptm/m/n/10.95 Teilmenge $\OML/ztmcm/m/it/10.95 I \OMS/ztmcm/m/n/10.95 ^^R
 f\OT1/ztmcm/m/n/10.95 1\OML/ztmcm/m/it/10.95 ; :::; k\OMS/ztmcm/m/n/10.95 g$

Underfull \hbox (badness 10000) in paragraph at lines 148--148
[]\T1/ptm/m/n/10.95 Abb. $\OML/ztmcm/m/it/10.95 f \OT1/ztmcm/m/n/10.95 : \OMS/z
tmcm/m/n/10.95 f\OT1/ztmcm/m/n/10.95 1\OML/ztmcm/m/it/10.95 ; :::; n\OMS/ztmcm/
m/n/10.95 g !

Underfull \hbox (badness 10000) in paragraph at lines 148--148
\OMS/ztmcm/m/n/10.95 f\OT1/ztmcm/m/n/10.95 1\OML/ztmcm/m/it/10.95 ; :::; k\OMS/
ztmcm/m/n/10.95 g$\T1/ptm/m/n/10.95 ,sodass $\OMS/ztmcm/m/n/10.95 8\OML/ztmcm/m
/it/10.95 j \OT1/ztmcm/m/n/10.95 =

Underfull \hbox (badness 10000) in paragraph at lines 149--149
[]\T1/ptm/m/n/10.95 endl. Men-ge $\OML/ztmcm/m/it/10.95 M$\T1/ptm/m/n/10.95 , G
e-

Underfull \hbox (badness 2213) in paragraph at lines 149--149
\T1/ptm/m/n/10.95 wichsfkt. $\OML/ztmcm/m/it/10.95 w \OT1/ztmcm/m/n/10.95 : \OM
L/ztmcm/m/it/10.95 M \OMS/ztmcm/m/n/10.95 ! []$\T1/ptm/m/n/10.95 ,

Underfull \hbox (badness 1226) in paragraph at lines 149--149
\T1/ptm/m/n/10.95 Kos-tenfkt. $\OML/ztmcm/m/it/10.95 c \OT1/ztmcm/m/n/10.95 : \
OML/ztmcm/m/it/10.95 M \OMS/ztmcm/m/n/10.95 ! []$\T1/ptm/m/n/10.95 ,

Underfull \hbox (badness 10000) in paragraph at lines 151--151
[]\T1/ptm/m/n/10.95 Directed

Underfull \hbox (badness 10000) in paragraph at lines 151--151
\T1/ptm/m/n/10.95 Ha-mil-ton

Underfull \hbox (badness 4832) in paragraph at lines 151--151
[]\T1/ptm/m/n/10.95 gerichteter Graph $\OML/ztmcm/m/it/10.95 G \OT1/ztmcm/m/n/1
0.95 =

Underfull \hbox (badness 2393) in paragraph at lines 151--151
[]\T1/ptm/m/n/10.95 Hamiltonkreis: ein-fa-cher

Underfull \hbox (badness 1418) in paragraph at lines 151--151
\T1/ptm/m/n/10.95 Kreis der je-den Kno-ten

Underfull \hbox (badness 10000) in paragraph at lines 152--152
[]\T1/ptm/m/n/10.95 Hamilton

Underfull \hbox (badness 1009) in paragraph at lines 152--153
[]\T1/ptm/m/n/10.95 Directed Ha-mil-ton

Underfull \hbox (badness 1210) in paragraph at lines 154--154
\T1/ptm/m/n/10.95 je 2 un-ter-schied-lich ge-

LaTeX Warning: Float too large for page by 48.89546pt on input line 159.


LaTeX Warning: `h' float specifier changed to `ht'.

[3] [4] (./JennyUndLucasBlatt.aux)

LaTeX Warning: Label(s) may have changed. Rerun to get cross-references right.

 )
(see the transcript file for additional information){/usr/share/texlive/texmf-d
ist/fonts/enc/dvips/base/8r.enc}</usr/share/texlive/texmf-dist/fonts/type1/publ
ic/amsfonts/cm/cmmi10.pfb></usr/share/texlive/texmf-dist/fonts/type1/public/ams
fonts/cm/cmr10.pfb></usr/share/texlive/texmf-dist/fonts/type1/public/amsfonts/c
m/cmsy10.pfb></usr/share/texlive/texmf-dist/fonts/type1/urw/symbol/usyr.pfb></u
sr/share/texlive/texmf-dist/fonts/type1/urw/symbol/usyr.pfb></usr/share/texlive
/texmf-dist/fonts/type1/urw/times/utmb8a.pfb></usr/share/texlive/texmf-dist/fon
ts/type1/urw/times/utmr8a.pfb></usr/share/texlive/texmf-dist/fonts/type1/urw/ti
mes/utmri8a.pfb>
Output written on JennyUndLucasBlatt.pdf (4 pages, 83316 bytes).
Transcript written on JennyUndLucasBlatt.log.
Result: ExitSuccess

Running /usr/bin/pdflatex JennyUndLucasBlatt.tex in an env with 4 entries:
This is pdfTeX, Version 3.1415926-2.5-1.40.14 (TeX Live 2013/Debian)
 restricted \write18 enabled.
entering extended mode
(data/JennyUndLucasBlatt.tex
LaTeX2e <2011/06/27>
Babel <3.9h> and hyphenation patterns for 78 languages loaded.
(/usr/share/texlive/texmf-dist/tex/latex/koma-script/scrartcl.cls
Document Class: scrartcl 2013/12/19 v3.12 KOMA-Script document class (article)
(/usr/share/texlive/texmf-dist/tex/latex/koma-script/scrkbase.sty
(/usr/share/texlive/texmf-dist/tex/latex/koma-script/scrbase.sty
(/usr/share/texlive/texmf-dist/tex/latex/graphics/keyval.sty)
(/usr/share/texlive/texmf-dist/tex/latex/koma-script/scrlfile.sty
Package scrlfile, 2013/12/19 v3.12 KOMA-Script package (loading files)
                  Copyright (C) Markus Kohm

))) (/usr/share/texlive/texmf-dist/tex/latex/koma-script/tocbasic.sty)
(/usr/share/texlive/texmf-dist/tex/latex/koma-script/scrsize11pt.clo)
(/usr/share/texlive/texmf-dist/tex/latex/koma-script/typearea.sty
Package typearea, 2013/12/19 v3.12 KOMA-Script package (type area)
                  Copyright (C) Frank Neukam, 1992-1994
                  Copyright (C) Markus Kohm, 1994-

)) (/usr/share/texlive/texmf-dist/tex/latex/base/inputenc.sty
(/usr/share/texlive/texmf-dist/tex/latex/base/latin9.def))
(/usr/share/texlive/texmf-dist/tex/latex/base/fontenc.sty
(/usr/share/texlive/texmf-dist/tex/latex/base/t1enc.def))
(/usr/share/texlive/texmf-dist/tex/latex/graphics/graphicx.sty
(/usr/share/texlive/texmf-dist/tex/latex/graphics/graphics.sty
(/usr/share/texlive/texmf-dist/tex/latex/graphics/trig.sty)
(/usr/share/texlive/texmf-dist/tex/latex/latexconfig/graphics.cfg)
(/usr/share/texlive/texmf-dist/tex/latex/pdftex-def/pdftex.def
(/usr/share/texlive/texmf-dist/tex/generic/oberdiek/infwarerr.sty)
(/usr/share/texlive/texmf-dist/tex/generic/oberdiek/ltxcmds.sty))))
(/usr/share/texlive/texmf-dist/tex/latex/base/textcomp.sty
(/usr/share/texlive/texmf-dist/tex/latex/base/ts1enc.def))
(/usr/share/texlive/texmf-dist/tex/latex/booktabs/booktabs.sty)
(/usr/share/texlive/texmf-dist/tex/latex/amsmath/amsmath.sty
For additional information on amsmath, use the `?' option.
(/usr/share/texlive/texmf-dist/tex/latex/amsmath/amstext.sty
(/usr/share/texlive/texmf-dist/tex/latex/amsmath/amsgen.sty))
(/usr/share/texlive/texmf-dist/tex/latex/amsmath/amsbsy.sty)
(/usr/share/texlive/texmf-dist/tex/latex/amsmath/amsopn.sty))
(/usr/share/texlive/texmf-dist/tex/latex/psnfss/mathptmx.sty)
(/usr/share/texlive/texmf-dist/tex/latex/psnfss/helvet.sty)
(/usr/share/texmf/tex/latex/xcolor/xcolor.sty
(/usr/share/texlive/texmf-dist/tex/latex/latexconfig/color.cfg))
(/usr/share/texlive/texmf-dist/tex/latex/pst-plot/pst-plot.sty
(/usr/share/texlive/texmf-dist/tex/latex/pstricks/pstricks.sty
(/usr/share/texlive/texmf-dist/tex/generic/oberdiek/ifpdf.sty)
(/usr/share/texlive/texmf-dist/tex/generic/pstricks/pstricks.tex
(/usr/share/texlive/texmf-dist/tex/generic/xkeyval/pst-xkey.tex
(/usr/share/texlive/texmf-dist/tex/latex/xkeyval/xkeyval.sty
(/usr/share/texlive/texmf-dist/tex/generic/xkeyval/xkeyval.tex)))
(/usr/share/texlive/texmf-dist/tex/generic/pstricks/pst-fp.tex
`pst-fp' v0.05, 2010/01/17 (hv))
(/usr/share/texmf/tex/generic/pgf/utilities/pgfutil-common.tex)
(/usr/share/texmf/tex/generic/pgf/utilities/pgfkeys.code.tex
(/usr/share/texmf/tex/generic/pgf/utilities/pgfkeysfiltered.code.tex))
(/usr/share/texmf/tex/generic/pgf/utilities/pgffor.code.tex)
`PSTricks' v2.51  <2014/02/03> (tvz)
(/usr/share/texlive/texmf-dist/tex/generic/pstricks/pstricks.con))
(/usr/share/texlive/texmf-dist/tex/generic/pstricks/pst-fp.tex))
(/usr/share/texlive/texmf-dist/tex/latex/xkeyval/pst-xkey.sty)
(/usr/share/texlive/texmf-dist/tex/latex/multido/multido.sty
(/usr/share/texlive/texmf-dist/tex/generic/multido/multido.tex
 v1.42, 2010/05/14 <tvz>))
(/usr/share/texlive/texmf-dist/tex/generic/pst-plot/pst-plot.tex
 v1.58, 2014/01/16 (tvz,hv)))
(/usr/share/texlive/texmf-dist/tex/latex/amsfonts/amssymb.sty
(/usr/share/texlive/texmf-dist/tex/latex/amsfonts/amsfonts.sty))
(/usr/share/texlive/texmf-dist/tex/generic/babel/babel.sty
(/usr/share/texlive/texmf-dist/tex/generic/babel-german/ngermanb.ldf
(/usr/share/texlive/texmf-dist/tex/generic/babel/babel.def)))
(./JennyUndLucasBlatt.aux)
(/usr/share/texlive/texmf-dist/tex/latex/base/ts1cmr.fd)
(/usr/share/texlive/texmf-dist/tex/latex/psnfss/t1ptm.fd)
(/usr/share/texlive/texmf-dist/tex/context/base/supp-pdf.mkii
[Loading MPS to PDF converter (version 2006.09.02).]
) (/usr/share/texlive/texmf-dist/tex/generic/oberdiek/pdftexcmds.sty
(/usr/share/texlive/texmf-dist/tex/generic/oberdiek/ifluatex.sty))
(/usr/share/texlive/texmf-dist/tex/latex/oberdiek/epstopdf-base.sty
(/usr/share/texlive/texmf-dist/tex/latex/oberdiek/grfext.sty
(/usr/share/texlive/texmf-dist/tex/generic/oberdiek/kvdefinekeys.sty))
(/usr/share/texlive/texmf-dist/tex/latex/oberdiek/kvoptions.sty
(/usr/share/texlive/texmf-dist/tex/generic/oberdiek/kvsetkeys.sty
(/usr/share/texlive/texmf-dist/tex/generic/oberdiek/etexcmds.sty)))
(/usr/share/texlive/texmf-dist/tex/latex/latexconfig/epstopdf-sys.cfg))
(/usr/share/texlive/texmf-dist/tex/latex/psnfss/ot1ztmcm.fd)
(/usr/share/texlive/texmf-dist/tex/latex/psnfss/omlztmcm.fd)
(/usr/share/texlive/texmf-dist/tex/latex/psnfss/omsztmcm.fd)
(/usr/share/texlive/texmf-dist/tex/latex/psnfss/omxztmcm.fd)
(/usr/share/texlive/texmf-dist/tex/latex/psnfss/ot1ptm.fd)

LaTeX Warning: `h' float specifier changed to `ht'.


LaTeX Warning: `h' float specifier changed to `ht'.


Underfull \hbox (badness 10000) in paragraph at lines 89--93


Underfull \hbox (badness 10000) in paragraph at lines 89--93


Underfull \hbox (badness 10000) in paragraph at lines 94--98


Underfull \hbox (badness 10000) in paragraph at lines 94--98

[1
Non-PDF special ignored!
Non-PDF special ignored!
Non-PDF special ignored!
Non-PDF special ignored!
Non-PDF special ignored!
Non-PDF special ignored!
Non-PDF special ignored!{/var/lib/texmf/fonts/map/pdftex/updmap/pdftex.map}]
Underfull \hbox (badness 10000) in paragraph at lines 99--101


Underfull \hbox (badness 10000) in paragraph at lines 99--101


Underfull \hbox (badness 10000) in paragraph at lines 102--109


Underfull \hbox (badness 10000) in paragraph at lines 102--109


Underfull \hbox (badness 10000) in paragraph at lines 110--115


Underfull \hbox (badness 10000) in paragraph at lines 116--120

[2]
Underfull \hbox (badness 10000) in paragraph at lines 121--130


Underfull \hbox (badness 10000) in paragraph at lines 121--130


Underfull \hbox (badness 10000) in paragraph at lines 131--136


Underfull \hbox (badness 10000) in paragraph at lines 131--136


Underfull \hbox (badness 10000) in paragraph at lines 142--142
\T1/ptm/m/n/10.95 Grund-men-ge M, al-so

Underfull \hbox (badness 10000) in paragraph at lines 142--142
[]\T1/ptm/m/n/10.95 Auswahl n Men-gen

Underfull \hbox (badness 10000) in paragraph at lines 142--142
\OML/ztmcm/m/it/10.95 T[]; :::; T[]$\T1/ptm/m/n/10.95 , in de-nen

Underfull \hbox (badness 10000) in paragraph at lines 142--142
\T1/ptm/m/n/10.95 al-le Ele-men-te aus M

Underfull \hbox (badness 4913) in paragraph at lines 143--143
[]\T1/ptm/m/n/10.95 Graph $\OML/ztmcm/m/it/10.95 G \OT1/ztmcm/m/n/10.95 = (\OML
/ztmcm/m/it/10.95 V; E\OT1/ztmcm/m/n/10.95 )$ \T1/ptm/m/n/10.95 mit

Underfull \hbox (badness 10000) in paragraph at lines 143--143
\T1/ptm/m/n/10.95 po-si-ti-ven Kan-ten-ge-

Underfull \hbox (badness 10000) in paragraph at lines 143--143
\T1/ptm/m/n/10.95 wich-ten $\OML/ztmcm/m/it/10.95 c \OT1/ztmcm/m/n/10.95 : \OML
/ztmcm/m/it/10.95 E \OMS/ztmcm/m/n/10.95 ! \OT1/ptm/b/n/10.95 R$\T1/ptm/m/n/10.
95 ,

Underfull \hbox (badness 10000) in paragraph at lines 143--143
\OML/ztmcm/m/it/10.95 V \OT1/ztmcm/m/n/10.95 = \OML/ztmcm/m/it/10.95 R$\T1/ptm/
m/n/10.95 (Pflichtknoten)

Underfull \hbox (badness 3690) in paragraph at lines 143--143
[]\T1/ptm/m/n/10.95 Baum $\OML/ztmcm/m/it/10.95 T \OMS/ztmcm/m/n/10.95 ^^R \OML
/ztmcm/m/it/10.95 E$ \T1/ptm/m/n/10.95 der mit

Underfull \hbox (badness 10000) in paragraph at lines 143--143
\T1/ptm/m/n/10.95 mi-ni-ma-len Kos-ten al-le

Underfull \hbox (badness 8019) in paragraph at lines 144--144
[]\T1/ptm/m/n/10.95 Clique $\OML/ztmcm/m/it/10.95 V[] \OMS/ztmcm/m/n/10.95 ^^R 
\OML/ztmcm/m/it/10.95 V$ \T1/ptm/m/n/10.95 , so-

Underfull \hbox (badness 10000) in paragraph at lines 145--145
[]\T1/ptm/m/n/10.95 Vertex

Underfull \hbox (badness 10000) in paragraph at lines 145--145
[]\T1/ptm/m/n/10.95 überdeckende Kno-

Underfull \hbox (badness 10000) in paragraph at lines 145--145
\T1/ptm/m/n/10.95 ten-men-ge $\OML/ztmcm/m/it/10.95 V[] \OMS/ztmcm/m/n/10.95 ^^
R \OML/ztmcm/m/it/10.95 V$

Underfull \hbox (badness 10000) in paragraph at lines 145--145
\T1/ptm/m/n/10.95 mit $[] \OMS/ztmcm/m/n/10.95 ^^U \OML/ztmcm/m/it/10.95 k$\T1/
ptm/m/n/10.95 , so-dass

Underfull \hbox (badness 2617) in paragraph at lines 146--146
[]\T1/ptm/m/n/10.95 Subset Sum

Underfull \hbox (badness 1394) in paragraph at lines 146--146
[]\T1/ptm/m/n/10.95 Teilmenge $\OML/ztmcm/m/it/10.95 I \OMS/ztmcm/m/n/10.95 ^^R
 f\OT1/ztmcm/m/n/10.95 1\OML/ztmcm/m/it/10.95 ; :::; k\OMS/ztmcm/m/n/10.95 g$

Underfull \hbox (badness 10000) in paragraph at lines 148--148
[]\T1/ptm/m/n/10.95 Abb. $\OML/ztmcm/m/it/10.95 f \OT1/ztmcm/m/n/10.95 : \OMS/z
tmcm/m/n/10.95 f\OT1/ztmcm/m/n/10.95 1\OML/ztmcm/m/it/10.95 ; :::; n\OMS/ztmcm/
m/n/10.95 g !

Underfull \hbox (badness 10000) in paragraph at lines 148--148
\OMS/ztmcm/m/n/10.95 f\OT1/ztmcm/m/n/10.95 1\OML/ztmcm/m/it/10.95 ; :::; k\OMS/
ztmcm/m/n/10.95 g$\T1/ptm/m/n/10.95 ,sodass $\OMS/ztmcm/m/n/10.95 8\OML/ztmcm/m
/it/10.95 j \OT1/ztmcm/m/n/10.95 =

Underfull \hbox (badness 10000) in paragraph at lines 149--149
[]\T1/ptm/m/n/10.95 endl. Men-ge $\OML/ztmcm/m/it/10.95 M$\T1/ptm/m/n/10.95 , G
e-

Underfull \hbox (badness 2213) in paragraph at lines 149--149
\T1/ptm/m/n/10.95 wichsfkt. $\OML/ztmcm/m/it/10.95 w \OT1/ztmcm/m/n/10.95 : \OM
L/ztmcm/m/it/10.95 M \OMS/ztmcm/m/n/10.95 ! []$\T1/ptm/m/n/10.95 ,

Underfull \hbox (badness 1226) in paragraph at lines 149--149
\T1/ptm/m/n/10.95 Kos-tenfkt. $\OML/ztmcm/m/it/10.95 c \OT1/ztmcm/m/n/10.95 : \
OML/ztmcm/m/it/10.95 M \OMS/ztmcm/m/n/10.95 ! []$\T1/ptm/m/n/10.95 ,

Underfull \hbox (badness 10000) in paragraph at lines 151--151
[]\T1/ptm/m/n/10.95 Directed

Underfull \hbox (badness 10000) in paragraph at lines 151--151
\T1/ptm/m/n/10.95 Ha-mil-ton

Underfull \hbox (badness 4832) in paragraph at lines 151--151
[]\T1/ptm/m/n/10.95 gerichteter Graph $\OML/ztmcm/m/it/10.95 G \OT1/ztmcm/m/n/1
0.95 =

Underfull \hbox (badness 2393) in paragraph at lines 151--151
[]\T1/ptm/m/n/10.95 Hamiltonkreis: ein-fa-cher

Underfull \hbox (badness 1418) in paragraph at lines 151--151
\T1/ptm/m/n/10.95 Kreis der je-den Kno-ten

Underfull \hbox (badness 10000) in paragraph at lines 152--152
[]\T1/ptm/m/n/10.95 Hamilton

Underfull \hbox (badness 1009) in paragraph at lines 152--153
[]\T1/ptm/m/n/10.95 Directed Ha-mil-ton

Underfull \hbox (badness 1210) in paragraph at lines 154--154
\T1/ptm/m/n/10.95 je 2 un-ter-schied-lich ge-

LaTeX Warning: Float too large for page by 48.89546pt on input line 159.


LaTeX Warning: `h' float specifier changed to `ht'.

[3] [4] (./JennyUndLucasBlatt.aux) )
(see the transcript file for additional information){/usr/share/texlive/texmf-d
ist/fonts/enc/dvips/base/8r.enc}</usr/share/texlive/texmf-dist/fonts/type1/publ
ic/amsfonts/cm/cmmi10.pfb></usr/share/texlive/texmf-dist/fonts/type1/public/ams
fonts/cm/cmr10.pfb></usr/share/texlive/texmf-dist/fonts/type1/public/amsfonts/c
m/cmsy10.pfb></usr/share/texlive/texmf-dist/fonts/type1/urw/symbol/usyr.pfb></u
sr/share/texlive/texmf-dist/fonts/type1/urw/symbol/usyr.pfb></usr/share/texlive
/texmf-dist/fonts/type1/urw/times/utmb8a.pfb></usr/share/texlive/texmf-dist/fon
ts/type1/urw/times/utmr8a.pfb></usr/share/texlive/texmf-dist/fonts/type1/urw/ti
mes/utmri8a.pfb>
Output written on JennyUndLucasBlatt.pdf (4 pages, 83316 bytes).
Transcript written on JennyUndLucasBlatt.log.
Result: ExitSuccess

Running /usr/bin/pdflatex JennyUndLucasBlatt.tex in an env with 4 entries:
This is pdfTeX, Version 3.1415926-2.5-1.40.14 (TeX Live 2013/Debian)
 restricted \write18 enabled.
entering extended mode
(data/JennyUndLucasBlatt.tex
LaTeX2e <2011/06/27>
Babel <3.9h> and hyphenation patterns for 78 languages loaded.
(/usr/share/texlive/texmf-dist/tex/latex/koma-script/scrartcl.cls
Document Class: scrartcl 2013/12/19 v3.12 KOMA-Script document class (article)
(/usr/share/texlive/texmf-dist/tex/latex/koma-script/scrkbase.sty
(/usr/share/texlive/texmf-dist/tex/latex/koma-script/scrbase.sty
(/usr/share/texlive/texmf-dist/tex/latex/graphics/keyval.sty)
(/usr/share/texlive/texmf-dist/tex/latex/koma-script/scrlfile.sty
Package scrlfile, 2013/12/19 v3.12 KOMA-Script package (loading files)
                  Copyright (C) Markus Kohm

))) (/usr/share/texlive/texmf-dist/tex/latex/koma-script/tocbasic.sty)
(/usr/share/texlive/texmf-dist/tex/latex/koma-script/scrsize11pt.clo)
(/usr/share/texlive/texmf-dist/tex/latex/koma-script/typearea.sty
Package typearea, 2013/12/19 v3.12 KOMA-Script package (type area)
                  Copyright (C) Frank Neukam, 1992-1994
                  Copyright (C) Markus Kohm, 1994-

)) (/usr/share/texlive/texmf-dist/tex/latex/base/inputenc.sty
(/usr/share/texlive/texmf-dist/tex/latex/base/latin9.def))
(/usr/share/texlive/texmf-dist/tex/latex/base/fontenc.sty
(/usr/share/texlive/texmf-dist/tex/latex/base/t1enc.def))
(/usr/share/texlive/texmf-dist/tex/latex/graphics/graphicx.sty
(/usr/share/texlive/texmf-dist/tex/latex/graphics/graphics.sty
(/usr/share/texlive/texmf-dist/tex/latex/graphics/trig.sty)
(/usr/share/texlive/texmf-dist/tex/latex/latexconfig/graphics.cfg)
(/usr/share/texlive/texmf-dist/tex/latex/pdftex-def/pdftex.def
(/usr/share/texlive/texmf-dist/tex/generic/oberdiek/infwarerr.sty)
(/usr/share/texlive/texmf-dist/tex/generic/oberdiek/ltxcmds.sty))))
(/usr/share/texlive/texmf-dist/tex/latex/base/textcomp.sty
(/usr/share/texlive/texmf-dist/tex/latex/base/ts1enc.def))
(/usr/share/texlive/texmf-dist/tex/latex/booktabs/booktabs.sty)
(/usr/share/texlive/texmf-dist/tex/latex/amsmath/amsmath.sty
For additional information on amsmath, use the `?' option.
(/usr/share/texlive/texmf-dist/tex/latex/amsmath/amstext.sty
(/usr/share/texlive/texmf-dist/tex/latex/amsmath/amsgen.sty))
(/usr/share/texlive/texmf-dist/tex/latex/amsmath/amsbsy.sty)
(/usr/share/texlive/texmf-dist/tex/latex/amsmath/amsopn.sty))
(/usr/share/texlive/texmf-dist/tex/latex/psnfss/mathptmx.sty)
(/usr/share/texlive/texmf-dist/tex/latex/psnfss/helvet.sty)
(/usr/share/texmf/tex/latex/xcolor/xcolor.sty
(/usr/share/texlive/texmf-dist/tex/latex/latexconfig/color.cfg))
(/usr/share/texlive/texmf-dist/tex/latex/pst-plot/pst-plot.sty
(/usr/share/texlive/texmf-dist/tex/latex/pstricks/pstricks.sty
(/usr/share/texlive/texmf-dist/tex/generic/oberdiek/ifpdf.sty)
(/usr/share/texlive/texmf-dist/tex/generic/pstricks/pstricks.tex
(/usr/share/texlive/texmf-dist/tex/generic/xkeyval/pst-xkey.tex
(/usr/share/texlive/texmf-dist/tex/latex/xkeyval/xkeyval.sty
(/usr/share/texlive/texmf-dist/tex/generic/xkeyval/xkeyval.tex)))
(/usr/share/texlive/texmf-dist/tex/generic/pstricks/pst-fp.tex
`pst-fp' v0.05, 2010/01/17 (hv))
(/usr/share/texmf/tex/generic/pgf/utilities/pgfutil-common.tex)
(/usr/share/texmf/tex/generic/pgf/utilities/pgfkeys.code.tex
(/usr/share/texmf/tex/generic/pgf/utilities/pgfkeysfiltered.code.tex))
(/usr/share/texmf/tex/generic/pgf/utilities/pgffor.code.tex)
`PSTricks' v2.51  <2014/02/03> (tvz)
(/usr/share/texlive/texmf-dist/tex/generic/pstricks/pstricks.con))
(/usr/share/texlive/texmf-dist/tex/generic/pstricks/pst-fp.tex))
(/usr/share/texlive/texmf-dist/tex/latex/xkeyval/pst-xkey.sty)
(/usr/share/texlive/texmf-dist/tex/latex/multido/multido.sty
(/usr/share/texlive/texmf-dist/tex/generic/multido/multido.tex
 v1.42, 2010/05/14 <tvz>))
(/usr/share/texlive/texmf-dist/tex/generic/pst-plot/pst-plot.tex
 v1.58, 2014/01/16 (tvz,hv)))
(/usr/share/texlive/texmf-dist/tex/latex/amsfonts/amssymb.sty
(/usr/share/texlive/texmf-dist/tex/latex/amsfonts/amsfonts.sty))
(/usr/share/texlive/texmf-dist/tex/generic/babel/babel.sty
(/usr/share/texlive/texmf-dist/tex/generic/babel-german/ngermanb.ldf
(/usr/share/texlive/texmf-dist/tex/generic/babel/babel.def)))
(./JennyUndLucasBlatt.aux)
(/usr/share/texlive/texmf-dist/tex/latex/base/ts1cmr.fd)
(/usr/share/texlive/texmf-dist/tex/latex/psnfss/t1ptm.fd)
(/usr/share/texlive/texmf-dist/tex/context/base/supp-pdf.mkii
[Loading MPS to PDF converter (version 2006.09.02).]
) (/usr/share/texlive/texmf-dist/tex/generic/oberdiek/pdftexcmds.sty
(/usr/share/texlive/texmf-dist/tex/generic/oberdiek/ifluatex.sty))
(/usr/share/texlive/texmf-dist/tex/latex/oberdiek/epstopdf-base.sty
(/usr/share/texlive/texmf-dist/tex/latex/oberdiek/grfext.sty
(/usr/share/texlive/texmf-dist/tex/generic/oberdiek/kvdefinekeys.sty))
(/usr/share/texlive/texmf-dist/tex/latex/oberdiek/kvoptions.sty
(/usr/share/texlive/texmf-dist/tex/generic/oberdiek/kvsetkeys.sty
(/usr/share/texlive/texmf-dist/tex/generic/oberdiek/etexcmds.sty)))
(/usr/share/texlive/texmf-dist/tex/latex/latexconfig/epstopdf-sys.cfg))
(/usr/share/texlive/texmf-dist/tex/latex/psnfss/ot1ztmcm.fd)
(/usr/share/texlive/texmf-dist/tex/latex/psnfss/omlztmcm.fd)
(/usr/share/texlive/texmf-dist/tex/latex/psnfss/omsztmcm.fd)
(/usr/share/texlive/texmf-dist/tex/latex/psnfss/omxztmcm.fd)
(/usr/share/texlive/texmf-dist/tex/latex/psnfss/ot1ptm.fd)

LaTeX Warning: `h' float specifier changed to `ht'.


LaTeX Warning: `h' float specifier changed to `ht'.


Underfull \hbox (badness 10000) in paragraph at lines 89--93


Underfull \hbox (badness 10000) in paragraph at lines 89--93


Underfull \hbox (badness 10000) in paragraph at lines 94--98


Underfull \hbox (badness 10000) in paragraph at lines 94--98

[1
Non-PDF special ignored!
Non-PDF special ignored!
Non-PDF special ignored!
Non-PDF special ignored!
Non-PDF special ignored!
Non-PDF special ignored!
Non-PDF special ignored!{/var/lib/texmf/fonts/map/pdftex/updmap/pdftex.map}]
Underfull \hbox (badness 10000) in paragraph at lines 99--101


Underfull \hbox (badness 10000) in paragraph at lines 99--101


Underfull \hbox (badness 10000) in paragraph at lines 102--109


Underfull \hbox (badness 10000) in paragraph at lines 102--109


Underfull \hbox (badness 10000) in paragraph at lines 110--115


Underfull \hbox (badness 10000) in paragraph at lines 116--120

[2]
Underfull \hbox (badness 10000) in paragraph at lines 121--130


Underfull \hbox (badness 10000) in paragraph at lines 121--130


Underfull \hbox (badness 10000) in paragraph at lines 131--136


Underfull \hbox (badness 10000) in paragraph at lines 131--136


Underfull \hbox (badness 10000) in paragraph at lines 142--142
\T1/ptm/m/n/10.95 Grund-men-ge M, al-so

Underfull \hbox (badness 10000) in paragraph at lines 142--142
[]\T1/ptm/m/n/10.95 Auswahl n Men-gen

Underfull \hbox (badness 10000) in paragraph at lines 142--142
\OML/ztmcm/m/it/10.95 T[]; :::; T[]$\T1/ptm/m/n/10.95 , in de-nen

Underfull \hbox (badness 10000) in paragraph at lines 142--142
\T1/ptm/m/n/10.95 al-le Ele-men-te aus M

Underfull \hbox (badness 4913) in paragraph at lines 143--143
[]\T1/ptm/m/n/10.95 Graph $\OML/ztmcm/m/it/10.95 G \OT1/ztmcm/m/n/10.95 = (\OML
/ztmcm/m/it/10.95 V; E\OT1/ztmcm/m/n/10.95 )$ \T1/ptm/m/n/10.95 mit

Underfull \hbox (badness 10000) in paragraph at lines 143--143
\T1/ptm/m/n/10.95 po-si-ti-ven Kan-ten-ge-

Underfull \hbox (badness 10000) in paragraph at lines 143--143
\T1/ptm/m/n/10.95 wich-ten $\OML/ztmcm/m/it/10.95 c \OT1/ztmcm/m/n/10.95 : \OML
/ztmcm/m/it/10.95 E \OMS/ztmcm/m/n/10.95 ! \OT1/ptm/b/n/10.95 R$\T1/ptm/m/n/10.
95 ,

Underfull \hbox (badness 10000) in paragraph at lines 143--143
\OML/ztmcm/m/it/10.95 V \OT1/ztmcm/m/n/10.95 = \OML/ztmcm/m/it/10.95 R$\T1/ptm/
m/n/10.95 (Pflichtknoten)

Underfull \hbox (badness 3690) in paragraph at lines 143--143
[]\T1/ptm/m/n/10.95 Baum $\OML/ztmcm/m/it/10.95 T \OMS/ztmcm/m/n/10.95 ^^R \OML
/ztmcm/m/it/10.95 E$ \T1/ptm/m/n/10.95 der mit

Underfull \hbox (badness 10000) in paragraph at lines 143--143
\T1/ptm/m/n/10.95 mi-ni-ma-len Kos-ten al-le

Underfull \hbox (badness 8019) in paragraph at lines 144--144
[]\T1/ptm/m/n/10.95 Clique $\OML/ztmcm/m/it/10.95 V[] \OMS/ztmcm/m/n/10.95 ^^R 
\OML/ztmcm/m/it/10.95 V$ \T1/ptm/m/n/10.95 , so-

Underfull \hbox (badness 10000) in paragraph at lines 145--145
[]\T1/ptm/m/n/10.95 Vertex

Underfull \hbox (badness 10000) in paragraph at lines 145--145
[]\T1/ptm/m/n/10.95 überdeckende Kno-

Underfull \hbox (badness 10000) in paragraph at lines 145--145
\T1/ptm/m/n/10.95 ten-men-ge $\OML/ztmcm/m/it/10.95 V[] \OMS/ztmcm/m/n/10.95 ^^
R \OML/ztmcm/m/it/10.95 V$

Underfull \hbox (badness 10000) in paragraph at lines 145--145
\T1/ptm/m/n/10.95 mit $[] \OMS/ztmcm/m/n/10.95 ^^U \OML/ztmcm/m/it/10.95 k$\T1/
ptm/m/n/10.95 , so-dass

Underfull \hbox (badness 2617) in paragraph at lines 146--146
[]\T1/ptm/m/n/10.95 Subset Sum

Underfull \hbox (badness 1394) in paragraph at lines 146--146
[]\T1/ptm/m/n/10.95 Teilmenge $\OML/ztmcm/m/it/10.95 I \OMS/ztmcm/m/n/10.95 ^^R
 f\OT1/ztmcm/m/n/10.95 1\OML/ztmcm/m/it/10.95 ; :::; k\OMS/ztmcm/m/n/10.95 g$

Underfull \hbox (badness 10000) in paragraph at lines 148--148
[]\T1/ptm/m/n/10.95 Abb. $\OML/ztmcm/m/it/10.95 f \OT1/ztmcm/m/n/10.95 : \OMS/z
tmcm/m/n/10.95 f\OT1/ztmcm/m/n/10.95 1\OML/ztmcm/m/it/10.95 ; :::; n\OMS/ztmcm/
m/n/10.95 g !

Underfull \hbox (badness 10000) in paragraph at lines 148--148
\OMS/ztmcm/m/n/10.95 f\OT1/ztmcm/m/n/10.95 1\OML/ztmcm/m/it/10.95 ; :::; k\OMS/
ztmcm/m/n/10.95 g$\T1/ptm/m/n/10.95 ,sodass $\OMS/ztmcm/m/n/10.95 8\OML/ztmcm/m
/it/10.95 j \OT1/ztmcm/m/n/10.95 =

Underfull \hbox (badness 10000) in paragraph at lines 149--149
[]\T1/ptm/m/n/10.95 endl. Men-ge $\OML/ztmcm/m/it/10.95 M$\T1/ptm/m/n/10.95 , G
e-

Underfull \hbox (badness 2213) in paragraph at lines 149--149
\T1/ptm/m/n/10.95 wichsfkt. $\OML/ztmcm/m/it/10.95 w \OT1/ztmcm/m/n/10.95 : \OM
L/ztmcm/m/it/10.95 M \OMS/ztmcm/m/n/10.95 ! []$\T1/ptm/m/n/10.95 ,

Underfull \hbox (badness 1226) in paragraph at lines 149--149
\T1/ptm/m/n/10.95 Kos-tenfkt. $\OML/ztmcm/m/it/10.95 c \OT1/ztmcm/m/n/10.95 : \
OML/ztmcm/m/it/10.95 M \OMS/ztmcm/m/n/10.95 ! []$\T1/ptm/m/n/10.95 ,

Underfull \hbox (badness 10000) in paragraph at lines 151--151
[]\T1/ptm/m/n/10.95 Directed

Underfull \hbox (badness 10000) in paragraph at lines 151--151
\T1/ptm/m/n/10.95 Ha-mil-ton

Underfull \hbox (badness 4832) in paragraph at lines 151--151
[]\T1/ptm/m/n/10.95 gerichteter Graph $\OML/ztmcm/m/it/10.95 G \OT1/ztmcm/m/n/1
0.95 =

Underfull \hbox (badness 2393) in paragraph at lines 151--151
[]\T1/ptm/m/n/10.95 Hamiltonkreis: ein-fa-cher

Underfull \hbox (badness 1418) in paragraph at lines 151--151
\T1/ptm/m/n/10.95 Kreis der je-den Kno-ten

Underfull \hbox (badness 10000) in paragraph at lines 152--152
[]\T1/ptm/m/n/10.95 Hamilton

Underfull \hbox (badness 1009) in paragraph at lines 152--153
[]\T1/ptm/m/n/10.95 Directed Ha-mil-ton

Underfull \hbox (badness 1210) in paragraph at lines 154--154
\T1/ptm/m/n/10.95 je 2 un-ter-schied-lich ge-

LaTeX Warning: Float too large for page by 48.89546pt on input line 159.


LaTeX Warning: `h' float specifier changed to `ht'.

[3] [4] (./JennyUndLucasBlatt.aux) )
(see the transcript file for additional information){/usr/share/texlive/texmf-d
ist/fonts/enc/dvips/base/8r.enc}</usr/share/texlive/texmf-dist/fonts/type1/publ
ic/amsfonts/cm/cmmi10.pfb></usr/share/texlive/texmf-dist/fonts/type1/public/ams
fonts/cm/cmr10.pfb></usr/share/texlive/texmf-dist/fonts/type1/public/amsfonts/c
m/cmsy10.pfb></usr/share/texlive/texmf-dist/fonts/type1/urw/symbol/usyr.pfb></u
sr/share/texlive/texmf-dist/fonts/type1/urw/symbol/usyr.pfb></usr/share/texlive
/texmf-dist/fonts/type1/urw/times/utmb8a.pfb></usr/share/texlive/texmf-dist/fon
ts/type1/urw/times/utmr8a.pfb></usr/share/texlive/texmf-dist/fonts/type1/urw/ti
mes/utmri8a.pfb>
Output written on JennyUndLucasBlatt.pdf (4 pages, 83316 bytes).
Transcript written on JennyUndLucasBlatt.log.
Result: ExitSuccess

Running /usr/bin/convert -verbose JennyUndLucasBlatt.pdf[0] -resize 70x JennyUndLucasBlatt.png in an env with 4 entries:
"gs" -q -dQUIET -dSAFER -dBATCH -dNOPAUSE -dNOPROMPT -dMaxBitmap=500000000 -dAlignToPixels=0 -dGridFitTT=2 "-sDEVICE=pngalpha" -dTextAlphaBits=4 -dGraphicsAlphaBits=4 "-r72x72" -dFirstPage=1 -dLastPage=1 "-sOutputFile=/tmp/magick-iZ3L1Y5l-%08d" "-f/tmp/magick-8LAd3g9I" "-f/tmp/magick-tGQW4Dc6"
/tmp/magick-iZ3L1Y5l-00000001 PNG 595x842 595x842+0+0 8-bit DirectClass 35.1KB 0.010u 0:00.009
JennyUndLucasBlatt.pdf[0]=>JennyUndLucasBlatt.pdf PDF 595x842 595x842+0+0 16-bit DirectClass 35.1KB 0.000u 0:00.000
JennyUndLucasBlatt.pdf[0]=>JennyUndLucasBlatt.png PDF 595x842=>70x99 70x99+0+0 8-bit DirectClass 0.030u 0:00.019
Result: ExitSuccess

Running /usr/bin/optipng -verbose JennyUndLucasBlatt.png in an env with 4 entries:
OptiPNG 0.6.4: Advanced PNG optimizer.
Copyright (C) 2001-2010 Cosmin Truta.

** Processing: JennyUndLucasBlatt.png
70x99 pixels, 2x8 bits/pixel, grayscale+alpha
Reducing image to 8 bits/pixel, 76 colors (75 transparent) in palette
Input IDAT size = 1888 bytes
Input file size = 2183 bytes

Trying:
  zc = 9  zm = 8  zs = 0  f = 0		IDAT size = 1391
  zc = 9  zm = 8  zs = 1  f = 0		IDAT too big
  zc = 1  zm = 8  zs = 2  f = 0		IDAT too big
  zc = 9  zm = 8  zs = 3  f = 0		IDAT size = 1352
  zc = 9  zm = 8  zs = 0  f = 5		IDAT too big
  zc = 9  zm = 8  zs = 1  f = 5		IDAT too big
  zc = 1  zm = 8  zs = 2  f = 5		IDAT too big
  zc = 9  zm = 8  zs = 3  f = 5		IDAT too big

Selecting parameters:
  zc = 9  zm = 8  zs = 3  f = 0		IDAT size = 1352

Output IDAT size = 1352 bytes (536 bytes decrease)
Output file size = 1973 bytes (210 bytes = 9.62% decrease)

** Status report
1 file(s) have been processed.
Result: ExitSuccess
