This is pdfTeX, Version 3.1415926-2.5-1.40.14 (TeX Live 2013/Debian) (format=pdflatex 2018.8.7)  7 AUG 2018 14:12
entering extended mode
 restricted \write18 enabled.
 %&-line parsing enabled.
**OptTheo.tex
(data/OptTheo.tex
LaTeX2e <2011/06/27>
Babel <3.9h> and hyphenation patterns for 78 languages loaded.
(/usr/share/texlive/texmf-dist/tex/latex/koma-script/scrbook.cls
Document Class: scrbook 2013/12/19 v3.12 KOMA-Script document class (book)
(/usr/share/texlive/texmf-dist/tex/latex/koma-script/scrkbase.sty
Package: scrkbase 2013/12/19 v3.12 KOMA-Script package (KOMA-Script-dependent b
asics and keyval usage)

(/usr/share/texlive/texmf-dist/tex/latex/koma-script/scrbase.sty
Package: scrbase 2013/12/19 v3.12 KOMA-Script package (KOMA-Script-independent 
basics and keyval usage)

(/usr/share/texlive/texmf-dist/tex/latex/graphics/keyval.sty
Package: keyval 1999/03/16 v1.13 key=value parser (DPC)
\KV@toks@=\toks14
)
(/usr/share/texlive/texmf-dist/tex/latex/koma-script/scrlfile.sty
Package: scrlfile 2013/12/19 v3.12 KOMA-Script package (loading files)

Package scrlfile, 2013/12/19 v3.12 KOMA-Script package (loading files)
                  Copyright (C) Markus Kohm

))) (/usr/share/texlive/texmf-dist/tex/latex/koma-script/tocbasic.sty
Package: tocbasic 2013/12/19 v3.12 KOMA-Script package (handling toc-files)
)
Package tocbasic Info: omitting babel extension for `toc'
(tocbasic)             because of feature `nobabel' available
(tocbasic)             for `toc' on input line 117.
Package tocbasic Info: omitting babel extension for `lof'
(tocbasic)             because of feature `nobabel' available
(tocbasic)             for `lof' on input line 118.
Package tocbasic Info: omitting babel extension for `lot'
(tocbasic)             because of feature `nobabel' available
(tocbasic)             for `lot' on input line 119.
Package tocbasic Info: defining new hook before heading of `' on input line 111
8.
Package scrbook Info: You've used standard option `11pt'.
(scrbook)             This is correct!
(scrbook)             Internally I'm using `fontsize=11pt'.
(scrbook)             If you'd like to set the option with \KOMAoptions,
(scrbook)             you'd have to use `fontsize=11pt' there
(scrbook)             instead of `11pt', too.
Package scrbase Info: Unknown processing state.
(scrbase)             Processing option `twoside'
(scrbase)             of member `.scrbook.cls' of family
(scrbase)             `KOMA' doesn't set
(scrbase)             a valid state. This will be interpreted
(scrbase)             as \FamilyKeyStateProcessed on input line 1269.
Class scrbook Info: You've used standard option `openany'.
(scrbook)           This is correct!
(scrbook)           Internally I'm using `open=any'.
(scrbook)           If you'd like to set the option with \KOMAoptions,
(scrbook)           you'd have to use `open=any' there
(scrbook)           instead of `openany', too.
Class scrbook Info: File `scrsize11pt.clo' used to setup font sizes on input li
ne 1655.

(/usr/share/texlive/texmf-dist/tex/latex/koma-script/scrsize11pt.clo
File: scrsize11pt.clo 2013/12/19 v3.12 KOMA-Script font size class option (11pt
)
)
(/usr/share/texlive/texmf-dist/tex/latex/koma-script/typearea.sty
Package: typearea 2013/12/19 v3.12 KOMA-Script package (type area)

Package typearea, 2013/12/19 v3.12 KOMA-Script package (type area)
                  Copyright (C) Frank Neukam, 1992-1994
                  Copyright (C) Markus Kohm, 1994-

\ta@bcor=\skip41
\ta@div=\count79
Package typearea Info: You've used standard option `a4paper'.
(typearea)             This is correct!
(typearea)             Internally I'm using `paper=a4'.
(typearea)             If you'd like to set the option with \KOMAoptions,
(typearea)             you'd have to use `paper=a4' there
(typearea)             instead of `a4paper', too.
\ta@hblk=\skip42
\ta@vblk=\skip43
\ta@temp=\skip44
\footheight=\skip45
Package typearea Info: These are the values describing the layout:
(typearea)             DIV  = 10
(typearea)             BCOR = 0.0pt
(typearea)             \paperwidth      = 597.50793pt
(typearea)              \textwidth      = 418.25555pt
(typearea)              DIV departure   = -6%
(typearea)              \evensidemargin = 47.2316pt
(typearea)              \oddsidemargin  = -12.5192pt
(typearea)             \paperheight     = 845.04694pt
(typearea)              \textheight     = 595.80026pt
(typearea)              \topmargin      = -25.16531pt
(typearea)              \headheight     = 17.0pt
(typearea)              \headsep        = 20.40001pt
(typearea)              \topskip        = 11.0pt
(typearea)              \footskip       = 47.6pt
(typearea)              \baselineskip   = 13.6pt
(typearea)              on input line 1330.
)
\c@part=\count80
\c@chapter=\count81
\c@section=\count82
\c@subsection=\count83
\c@subsubsection=\count84
\c@paragraph=\count85
\c@subparagraph=\count86
\abovecaptionskip=\skip46
\belowcaptionskip=\skip47
\c@pti@nb@sid@b@x=\box26
\c@figure=\count87
\c@table=\count88
\bibindent=\dimen102
) (data/latexki.sty)
(/usr/share/texlive/texmf-dist/tex/latex/amsfonts/amssymb.sty
Package: amssymb 2013/01/14 v3.01 AMS font symbols

(/usr/share/texlive/texmf-dist/tex/latex/amsfonts/amsfonts.sty
Package: amsfonts 2013/01/14 v3.01 Basic AMSFonts support
\@emptytoks=\toks15
\symAMSa=\mathgroup4
\symAMSb=\mathgroup5
LaTeX Font Info:    Overwriting math alphabet `\mathfrak' in version `bold'
(Font)                  U/euf/m/n --> U/euf/b/n on input line 106.
))
(/usr/share/texlive/texmf-dist/tex/latex/amsmath/amsmath.sty
Package: amsmath 2013/01/14 v2.14 AMS math features
\@mathmargin=\skip48

For additional information on amsmath, use the `?' option.
(/usr/share/texlive/texmf-dist/tex/latex/amsmath/amstext.sty
Package: amstext 2000/06/29 v2.01

(/usr/share/texlive/texmf-dist/tex/latex/amsmath/amsgen.sty
File: amsgen.sty 1999/11/30 v2.0
\@emptytoks=\toks16
\ex@=\dimen103
))
(/usr/share/texlive/texmf-dist/tex/latex/amsmath/amsbsy.sty
Package: amsbsy 1999/11/29 v1.2d
\pmbraise@=\dimen104
)
(/usr/share/texlive/texmf-dist/tex/latex/amsmath/amsopn.sty
Package: amsopn 1999/12/14 v2.01 operator names
)
\inf@bad=\count89
LaTeX Info: Redefining \frac on input line 210.
\uproot@=\count90
\leftroot@=\count91
LaTeX Info: Redefining \overline on input line 306.
\classnum@=\count92
\DOTSCASE@=\count93
LaTeX Info: Redefining \ldots on input line 378.
LaTeX Info: Redefining \dots on input line 381.
LaTeX Info: Redefining \cdots on input line 466.
\Mathstrutbox@=\box27
\strutbox@=\box28
\big@size=\dimen105
LaTeX Font Info:    Redeclaring font encoding OML on input line 566.
LaTeX Font Info:    Redeclaring font encoding OMS on input line 567.
\macc@depth=\count94
\c@MaxMatrixCols=\count95
\dotsspace@=\muskip10
\c@parentequation=\count96
\dspbrk@lvl=\count97
\tag@help=\toks17
\row@=\count98
\column@=\count99
\maxfields@=\count100
\andhelp@=\toks18
\eqnshift@=\dimen106
\alignsep@=\dimen107
\tagshift@=\dimen108
\tagwidth@=\dimen109
\totwidth@=\dimen110
\lineht@=\dimen111
\@envbody=\toks19
\multlinegap=\skip49
\multlinetaggap=\skip50
\mathdisplay@stack=\toks20
LaTeX Info: Redefining \[ on input line 2665.
LaTeX Info: Redefining \] on input line 2666.
)
(/usr/share/texlive/texmf-dist/tex/generic/german/ngerman.sty v2.5e 1998-07-08
Package: ngerman 1998/07/08 v2.5e Support for writing german texts (br)
\grmnU@D=\dimen112
ngerman -- \language number for naustrian undefined, default 44 used.
)

Class scrbook Warning: Usage of package `fancyhdr' together
(scrbook)              with a KOMA-Script class is not recommended.
(scrbook)              I'd suggest to use 
(scrbook)              package `scrpage2' or `scrlayer-scrpage'.
(scrbook)              Nevertheless, using requested
(scrbook)              package `fancyhdr' on input line 15.

(/usr/share/texlive/texmf-dist/tex/latex/fancyhdr/fancyhdr.sty
\fancy@headwidth=\skip51
\f@ncyO@elh=\skip52
\f@ncyO@erh=\skip53
\f@ncyO@olh=\skip54
\f@ncyO@orh=\skip55
\f@ncyO@elf=\skip56
\f@ncyO@erf=\skip57
\f@ncyO@olf=\skip58
\f@ncyO@orf=\skip59
)
(/usr/share/texlive/texmf-dist/tex/latex/amsfonts/euscript.sty
Package: euscript 2009/06/22 v3.00 Euler Script fonts
LaTeX Font Info:    Overwriting math alphabet `\EuScript' in version `bold'
(Font)                  U/eus/m/n --> U/eus/b/n on input line 33.
)
(/usr/share/texlive/texmf-dist/tex/latex/base/makeidx.sty
Package: makeidx 2000/03/29 v1.0m Standard LaTeX package
)
(/usr/share/texlive/texmf-dist/tex/latex/hyperref/hyperref.sty
Package: hyperref 2012/11/06 v6.83m Hypertext links for LaTeX

(/usr/share/texlive/texmf-dist/tex/generic/oberdiek/hobsub-hyperref.sty
Package: hobsub-hyperref 2012/05/28 v1.13 Bundle oberdiek, subset hyperref (HO)


(/usr/share/texlive/texmf-dist/tex/generic/oberdiek/hobsub-generic.sty
Package: hobsub-generic 2012/05/28 v1.13 Bundle oberdiek, subset generic (HO)
Package: hobsub 2012/05/28 v1.13 Construct package bundles (HO)
Package: infwarerr 2010/04/08 v1.3 Providing info/warning/error messages (HO)
Package: ltxcmds 2011/11/09 v1.22 LaTeX kernel commands for general use (HO)
Package: ifluatex 2010/03/01 v1.3 Provides the ifluatex switch (HO)
Package ifluatex Info: LuaTeX not detected.
Package: ifvtex 2010/03/01 v1.5 Detect VTeX and its facilities (HO)
Package ifvtex Info: VTeX not detected.
Package: intcalc 2007/09/27 v1.1 Expandable calculations with integers (HO)
Package: ifpdf 2011/01/30 v2.3 Provides the ifpdf switch (HO)
Package ifpdf Info: pdfTeX in PDF mode is detected.
Package: etexcmds 2011/02/16 v1.5 Avoid name clashes with e-TeX commands (HO)
Package etexcmds Info: Could not find \expanded.
(etexcmds)             That can mean that you are not using pdfTeX 1.50 or
(etexcmds)             that some package has redefined \expanded.
(etexcmds)             In the latter case, load this package earlier.
Package: kvsetkeys 2012/04/25 v1.16 Key value parser (HO)
Package: kvdefinekeys 2011/04/07 v1.3 Define keys (HO)
Package: pdftexcmds 2011/11/29 v0.20 Utility functions of pdfTeX for LuaTeX (HO
)
Package pdftexcmds Info: LuaTeX not detected.
Package pdftexcmds Info: \pdf@primitive is available.
Package pdftexcmds Info: \pdf@ifprimitive is available.
Package pdftexcmds Info: \pdfdraftmode found.
Package: pdfescape 2011/11/25 v1.13 Implements pdfTeX's escape features (HO)
Package: bigintcalc 2012/04/08 v1.3 Expandable calculations on big integers (HO
)
Package: bitset 2011/01/30 v1.1 Handle bit-vector datatype (HO)
Package: uniquecounter 2011/01/30 v1.2 Provide unlimited unique counter (HO)
)
Package hobsub Info: Skipping package `hobsub' (already loaded).
Package: letltxmacro 2010/09/02 v1.4 Let assignment for LaTeX macros (HO)
Package: hopatch 2012/05/28 v1.2 Wrapper for package hooks (HO)
Package: xcolor-patch 2011/01/30 xcolor patch
Package: atveryend 2011/06/30 v1.8 Hooks at the very end of document (HO)
Package atveryend Info: \enddocument detected (standard20110627).
Package: atbegshi 2011/10/05 v1.16 At begin shipout hook (HO)
Package: refcount 2011/10/16 v3.4 Data extraction from label references (HO)
Package: hycolor 2011/01/30 v1.7 Color options for hyperref/bookmark (HO)
)
(/usr/share/texlive/texmf-dist/tex/generic/ifxetex/ifxetex.sty
Package: ifxetex 2010/09/12 v0.6 Provides ifxetex conditional
)
(/usr/share/texlive/texmf-dist/tex/latex/oberdiek/auxhook.sty
Package: auxhook 2011/03/04 v1.3 Hooks for auxiliary files (HO)
)
(/usr/share/texlive/texmf-dist/tex/latex/oberdiek/kvoptions.sty
Package: kvoptions 2011/06/30 v3.11 Key value format for package options (HO)
)
\@linkdim=\dimen113
\Hy@linkcounter=\count101
\Hy@pagecounter=\count102

(/usr/share/texlive/texmf-dist/tex/latex/hyperref/pd1enc.def
File: pd1enc.def 2012/11/06 v6.83m Hyperref: PDFDocEncoding definition (HO)
)
\Hy@SavedSpaceFactor=\count103

(/usr/share/texlive/texmf-dist/tex/latex/latexconfig/hyperref.cfg
File: hyperref.cfg 2002/06/06 v1.2 hyperref configuration of TeXLive
)
Package hyperref Info: Hyper figures OFF on input line 4443.
Package hyperref Info: Link nesting OFF on input line 4448.
Package hyperref Info: Hyper index ON on input line 4451.
Package hyperref Info: Plain pages OFF on input line 4458.
Package hyperref Info: Backreferencing OFF on input line 4463.
Package hyperref Info: Implicit mode ON; LaTeX internals redefined.
Package hyperref Info: Bookmarks ON on input line 4688.
\c@Hy@tempcnt=\count104

(/usr/share/texlive/texmf-dist/tex/latex/url/url.sty
\Urlmuskip=\muskip11
Package: url 2013/09/16  ver 3.4  Verb mode for urls, etc.
)
LaTeX Info: Redefining \url on input line 5041.
\XeTeXLinkMargin=\dimen114
\Fld@menulength=\count105
\Field@Width=\dimen115
\Fld@charsize=\dimen116
Package hyperref Info: Hyper figures OFF on input line 6295.
Package hyperref Info: Link nesting OFF on input line 6300.
Package hyperref Info: Hyper index ON on input line 6303.
Package hyperref Info: backreferencing OFF on input line 6310.
Package hyperref Info: Link coloring OFF on input line 6315.
Package hyperref Info: Link coloring with OCG OFF on input line 6320.
Package hyperref Info: PDF/A mode OFF on input line 6325.
LaTeX Info: Redefining \ref on input line 6365.
LaTeX Info: Redefining \pageref on input line 6369.
\Hy@abspage=\count106
\c@Item=\count107
\c@Hfootnote=\count108
)

Package hyperref Message: Driver (autodetected): hpdftex.

(/usr/share/texlive/texmf-dist/tex/latex/hyperref/hpdftex.def
File: hpdftex.def 2012/11/06 v6.83m Hyperref driver for pdfTeX
\Fld@listcount=\count109
\c@bookmark@seq@number=\count110

(/usr/share/texlive/texmf-dist/tex/latex/oberdiek/rerunfilecheck.sty
Package: rerunfilecheck 2011/04/15 v1.7 Rerun checks for auxiliary files (HO)
Package uniquecounter Info: New unique counter `rerunfilecheck' on input line 2
82.
)
\Hy@SectionHShift=\skip60
)
(/usr/share/texlive/texmf-dist/tex/latex/ntheorem/ntheorem.sty
Style `ntheorem', Version 1.33 <2011/08/15>
Package: ntheorem 2011/08/15 1.33
(/usr/share/texlive/texmf-dist/tex/latex/base/ifthen.sty
Package: ifthen 2001/05/26 v1.1c Standard LaTeX ifthen package (DPC)
)
\theorem@style=\toks21
\theorem@@style=\toks22
\theorembodyfont=\toks23
\theoremnumbering=\toks24
\theorempreskipamount=\skip61
\theorempostskipamount=\skip62
\theoremframepreskipamount=\skip63
\theoremframepostskipamount=\skip64
\theoreminframepreskipamount=\skip65
\theoreminframepostskipamount=\skip66
\theorem@preskip=\toks25
\theorem@postskip=\toks26
\theorem@framepreskip=\toks27
\theorem@framepostskip=\toks28
\theorem@inframepreskip=\toks29
\theorem@inframepostskip=\toks30
\theoremindent=\dimen117
\theorem@indent=\dimen118
\theoremrightindent=\dimen119
\theorem@rightindent=\dimen120
\theoremheaderfont=\toks31
\theoremseparator=\toks32
\theoremprework=\toks33
\theorempostwork=\toks34
\theoremsymbol=\toks35
\qedsymbol=\toks36
\theoremkeyword=\toks37
\qedsymbol=\toks38
\thm@topsep=\skip67
\thm@topsepadd=\skip68
Package ntheorem Info: Option `thmmarks' loaded on input line 1175.
\c@endNonectr=\count111
\c@currNonectr=\count112
\mysavskip=\skip69
Package ntheorem Info: option `amsmath' handling for `thmmarks' loaded on input
 line 1175.
\thm@amstmpdepth=\dimen121
\tagwidth=\dimen122
)
(/usr/share/texlive/texmf-dist/tex/latex/base/inputenc.sty
Package: inputenc 2008/03/30 v1.1d Input encoding file
\inpenc@prehook=\toks39
\inpenc@posthook=\toks40

(/usr/share/texlive/texmf-dist/tex/latex/base/latin1.def
File: latin1.def 2008/03/30 v1.1d Input encoding file
))
\c@defsaco=\count113
\c@currDefctr=\count114
\c@endDefctr=\count115
\c@Def=\count116
\c@currSactr=\count117
\c@endSactr=\count118
\c@currLemctr=\count119
\c@endLemctr=\count120
\c@currHilctr=\count121
\c@endHilctr=\count122
\c@currKorctr=\count123
\c@endKorctr=\count124
\c@currBspctr=\count125
\c@endBspctr=\count126
\c@Bsp=\count127
\c@currBemctr=\count128
\c@endBemctr=\count129
\c@Bem=\count130

(/usr/share/texlive/texmf-dist/tex/latex/graphics/graphicx.sty
Package: graphicx 1999/02/16 v1.0f Enhanced LaTeX Graphics (DPC,SPQR)

(/usr/share/texlive/texmf-dist/tex/latex/graphics/graphics.sty
Package: graphics 2009/02/05 v1.0o Standard LaTeX Graphics (DPC,SPQR)

(/usr/share/texlive/texmf-dist/tex/latex/graphics/trig.sty
Package: trig 1999/03/16 v1.09 sin cos tan (DPC)
)
(/usr/share/texlive/texmf-dist/tex/latex/latexconfig/graphics.cfg
File: graphics.cfg 2010/04/23 v1.9 graphics configuration of TeX Live
)
Package graphics Info: Driver file: pdftex.def on input line 91.

(/usr/share/texlive/texmf-dist/tex/latex/pdftex-def/pdftex.def
File: pdftex.def 2011/05/27 v0.06d Graphics/color for pdfTeX
\Gread@gobject=\count131
))
\Gin@req@height=\dimen123
\Gin@req@width=\dimen124
)
(/usr/share/texlive/texmf-dist/tex/latex/pst-pdf/pst-pdf.sty
Package: pst-pdf 2008/10/09 v1.1v PS graphics for pdfLaTeX (RN,HjG)
\c@pspicture=\count132
Package pst-pdf Info: MODE: 1 (pdfTeX mode) on input line 214.

(/usr/share/texlive/texmf-dist/tex/latex/pstricks/pstricks.sty
Package: pstricks 2013/12/12 v0.60 LaTeX wrapper for `PSTricks' (RN,HV)

(/usr/share/texlive/texmf-dist/tex/generic/pstricks/pstricks.tex
(/usr/share/texlive/texmf-dist/tex/generic/xkeyval/pst-xkey.tex
File: pst-xkey.tex 2005/11/25 v1.6 PSTricks specialization of xkeyval (HA)

(/usr/share/texlive/texmf-dist/tex/latex/xkeyval/xkeyval.sty
Package: xkeyval 2012/10/14 v2.6b package option processing (HA)

(/usr/share/texlive/texmf-dist/tex/generic/xkeyval/xkeyval.tex
\XKV@toks=\toks41
\XKV@tempa@toks=\toks42
\XKV@depth=\count133
File: xkeyval.tex 2012/10/14 v2.6b key=value parser (HA)
)))
(/usr/share/texlive/texmf-dist/tex/generic/pstricks/pst-fp.tex
`pst-fp' v0.05, 2010/01/17 (hv)
\pstFP@xs=\count134
\pstFP@xia=\count135
\pstFP@xib=\count136
\pstFP@xfa=\count137
\pstFP@xfb=\count138
\pstFP@rega=\count139
\pstFP@regb=\count140
\pstFP@regs=\count141
\pstFP@times=\count142
)
(/usr/share/texmf/tex/generic/pgf/utilities/pgfutil-common.tex
\pgfutil@everybye=\toks43
)
(/usr/share/texmf/tex/generic/pgf/utilities/pgfkeys.code.tex
\pgfkeys@pathtoks=\toks44
\pgfkeys@temptoks=\toks45

(/usr/share/texmf/tex/generic/pgf/utilities/pgfkeysfiltered.code.tex
\pgfkeys@tmptoks=\toks46
))
(/usr/share/texmf/tex/generic/pgf/utilities/pgffor.code.tex
\pgffor@iter=\dimen125
\pgffor@skip=\dimen126
\pgffor@stack=\toks47
\pgffor@toks=\toks48
)
\psLoopIndex=\count143

`PSTricks' v2.51  <2014/02/03> (tvz)
\pst@dima=\dimen127
\pst@dimb=\dimen128
\pst@dimc=\dimen129
\pst@dimd=\dimen130
\pst@dimg=\dimen131
\pst@dimh=\dimen132
\pst@dimm=\dimen133
\pst@dimn=\dimen134
\pst@dimo=\dimen135
\pst@dimp=\dimen136
\pst@hbox=\box29
\pst@ibox=\box30
\pst@boxg=\box31
\pst@cnta=\count144
\pst@cntb=\count145
\pst@cntc=\count146
\pst@cntd=\count147
\pst@cntg=\count148
\pst@cnth=\count149
\pst@cntm=\count150
\pst@cntn=\count151
\pst@cnto=\count152
\pst@cntp=\count153
\@zero=\count154
\pst@toks=\toks49
(/usr/share/texlive/texmf-dist/tex/generic/pstricks/pstricks.con)
\psunit=\dimen137
\psxunit=\dimen138
\psyunit=\dimen139
\pst@C@@rType=\count155
\pslinewidth=\dimen140
\psk@startLW=\dimen141
\psk@endLW=\dimen142
\pst@customdefs=\toks50
\pslinearc=\dimen143
\pst@symbolStep=\dimen144
\pst@symbolWidth=\dimen145
\pst@symbolLinewidth=\dimen146
\everypsbox=\toks51
\psframesep=\dimen147
\pslabelsep=\dimen148
\sh@wgridXunit=\dimen149
\sh@wgridYunit=\dimen150
\pst@shift=\dimen151
)
File: pstricks.tex 2014/02/03 v2.51 `PSTricks' (tvz,hv)

(/usr/share/texlive/texmf-dist/tex/generic/pstricks/pst-fp.tex)
File: pst-fp.tex 2014/02/03 v2.51 `PST-fp' (hv)

(/usr/share/texmf/tex/latex/xcolor/xcolor.sty
Package: xcolor 2007/01/21 v2.11 LaTeX color extensions (UK)

(/usr/share/texlive/texmf-dist/tex/latex/latexconfig/color.cfg
File: color.cfg 2007/01/18 v1.5 color configuration of teTeX/TeXLive
)
Package xcolor Info: Driver file: pdftex.def on input line 225.
Package xcolor Info: Model `cmy' substituted by `cmy0' on input line 1337.
Package xcolor Info: Model `hsb' substituted by `rgb' on input line 1341.
Package xcolor Info: Model `RGB' extended on input line 1353.
Package xcolor Info: Model `HTML' substituted by `rgb' on input line 1355.
Package xcolor Info: Model `Hsb' substituted by `hsb' on input line 1356.
Package xcolor Info: Model `tHsb' substituted by `hsb' on input line 1357.
Package xcolor Info: Model `HSB' substituted by `hsb' on input line 1358.
Package xcolor Info: Model `Gray' substituted by `gray' on input line 1359.
Package xcolor Info: Model `wave' substituted by `hsb' on input line 1360.
))
\ppf@output=\toks52

(/usr/share/texmf/tex/latex/preview/preview.sty
Package: preview 2010/02/14 11.87 (AUCTeX/preview-latex)
\pr@snippet=\count156
\pr@box=\box32
\pr@output=\toks53
)
(/usr/share/texlive/texmf-dist/tex/latex/graphics/dvips.def
File: dvips.def 1999/02/16 v3.0i Driver-dependant file (DPC,SPQR)
)
(/usr/share/texlive/texmf-dist/tex/latex/environ/environ.sty
Package: environ 2013/04/01 v0.3 A new environment syntax

(/usr/share/texlive/texmf-dist/tex/latex/trimspaces/trimspaces.sty
Package: trimspaces 2009/09/17 v1.1 Trim spaces around a token list
)))
(/usr/share/texlive/texmf-dist/tex/latex/pst-plot/pst-plot.sty
Package: pst-plot 2011/06/05 v1.00 LaTeX wrapper for `pst-plot' (HV)

(/usr/share/texlive/texmf-dist/tex/latex/xkeyval/pst-xkey.sty
Package: pst-xkey 2005/11/25 v1.6 package wrapper for pst-xkey.tex (HA)
)
(/usr/share/texlive/texmf-dist/tex/latex/multido/multido.sty
Package: multido 2004/05/17 package wrapper for PSTricks `multido.tex', (HV/RN)


(/usr/share/texlive/texmf-dist/tex/generic/multido/multido.tex
 v1.42, 2010/05/14 <tvz>
\multido@count=\count157
\multidocount=\count158
\multido@stuff=\toks54
)
File: multido.tex 2010/05/14 v1.42 `multido' (tvz,hv)
)
Package: pst-plot 2011/04/13 package wrapper for pst-plot.tex (hv)

(/usr/share/texlive/texmf-dist/tex/generic/pst-plot/pst-plot.tex
 v1.58, 2014/01/16 (tvz,hv)
\pstRadUnit=\dimen152
\pstRadUnitInv=\dimen153
\pst@linecnt=\count159
\RCD@file=\read1
\psxlabelsep=\dimen154
\psylabelsep=\dimen155
\psk@subticksize=\dimen156
\pst@xticksizeA=\dimen157
\pst@xticksizeB=\dimen158
\pst@xticksizeC=\dimen159
\pst@yticksizeA=\dimen160
\pst@yticksizeB=\dimen161
\pst@yticksizeC=\dimen162
\@digitcounter=\count160
\psk@llx=\dimen163
\psk@lly=\dimen164
\psk@urx=\dimen165
\psk@ury=\dimen166
\pst@xunit=\dimen167
\pst@yunit=\dimen168
)
File: pst-plot.tex 2014/01/16 1.58 `pst-plot' (tvz,hv)
)
\@indexfile=\write3
\openout3 = `OptTheo.idx'.


Writing index file OptTheo.idx
(./OptTheo.aux)
\openout1 = `OptTheo.aux'.

LaTeX Font Info:    Checking defaults for OML/cmm/m/it on input line 107.
LaTeX Font Info:    ... okay on input line 107.
LaTeX Font Info:    Checking defaults for T1/cmr/m/n on input line 107.
LaTeX Font Info:    ... okay on input line 107.
LaTeX Font Info:    Checking defaults for OT1/cmr/m/n on input line 107.
LaTeX Font Info:    ... okay on input line 107.
LaTeX Font Info:    Checking defaults for OMS/cmsy/m/n on input line 107.
LaTeX Font Info:    ... okay on input line 107.
LaTeX Font Info:    Checking defaults for OMX/cmex/m/n on input line 107.
LaTeX Font Info:    ... okay on input line 107.
LaTeX Font Info:    Checking defaults for U/cmr/m/n on input line 107.
LaTeX Font Info:    ... okay on input line 107.
LaTeX Font Info:    Checking defaults for PD1/pdf/m/n on input line 107.
LaTeX Font Info:    ... okay on input line 107.
\AtBeginShipoutBox=\box33
Package hyperref Info: Link coloring OFF on input line 107.
 (/usr/share/texlive/texmf-dist/tex/latex/hyperref/nameref.sty
Package: nameref 2012/10/27 v2.43 Cross-referencing by name of section

(/usr/share/texlive/texmf-dist/tex/generic/oberdiek/gettitlestring.sty
Package: gettitlestring 2010/12/03 v1.4 Cleanup title references (HO)
)
\c@section@level=\count161
)
LaTeX Info: Redefining \ref on input line 107.
LaTeX Info: Redefining \pageref on input line 107.
LaTeX Info: Redefining \nameref on input line 107.

(./OptTheo.out) (./OptTheo.out)
\@outlinefile=\write4
\openout4 = `OptTheo.out'.


(/usr/share/texlive/texmf-dist/tex/context/base/supp-pdf.mkii
[Loading MPS to PDF converter (version 2006.09.02).]
\scratchcounter=\count162
\scratchdimen=\dimen169
\scratchbox=\box34
\nofMPsegments=\count163
\nofMParguments=\count164
\everyMPshowfont=\toks55
\MPscratchCnt=\count165
\MPscratchDim=\dimen170
\MPnumerator=\count166
\makeMPintoPDFobject=\count167
\everyMPtoPDFconversion=\toks56
)
Preview: Fontsize 10.95pt
Preview: PDFoutput 1
LaTeX Font Info:    Try loading font information for U+msa on input line 113.
(/usr/share/texlive/texmf-dist/tex/latex/amsfonts/umsa.fd
File: umsa.fd 2013/01/14 v3.01 AMS symbols A
)
LaTeX Font Info:    Try loading font information for U+msb on input line 113.

(/usr/share/texlive/texmf-dist/tex/latex/amsfonts/umsb.fd
File: umsb.fd 2013/01/14 v3.01 AMS symbols B
) [1


Non-PDF special ignored!
Non-PDF special ignored!
Non-PDF special ignored!


{/var/lib/texmf/fonts/map/pdftex/updmap/pdftex.map}]
(./OptTheo.toc
LaTeX Font Info:    Try loading font information for OMS+cmr on input line 4.
 (/usr/share/texlive/texmf-dist/tex/latex/base/omscmr.fd
File: omscmr.fd 1999/05/25 v2.5h Standard LaTeX font definitions
)
LaTeX Font Info:    Font shape `OMS/cmr/m/n' in size <10.95> not available
(Font)              Font shape `OMS/cmsy/m/n' tried instead on input line 4.
)
\tf@toc=\write5
\openout5 = `OptTheo.toc'.


Overfull \hbox (6.79999pt too wide) in paragraph at lines 118--120
[][]
 []


Underfull \hbox (badness 10000) in paragraph at lines 118--120

 []

[2

]
Kapitel I.
[1



]

Class scrbook Warning: Usage of deprecated font command `\sl'!
(scrbook)              You should note, that in 1994 font command `\sl' has
(scrbook)              been defined for compatiblitiy to Script 2.0 only.
(scrbook)              Now, after two decades of LaTeX2e and NFSS2, you
(scrbook)              shouldn't use such commands any longer and within
(scrbook)              KOMA-Script usage of `\sl' is definitely deprecated.
(scrbook)              See `fntguide.pdf' for more information about
(scrbook)              recommended font commands.
(scrbook)              Note also, that KOMA-Script will remove the definition
(scrbook)              of `\sl' anytime until release of about version 3.20.
(scrbook)              But for now, KOMA-Script will replace deprecated `\sl'
(scrbook)              by `\normalfont \slshape ' on input line 182.

[2] [3]
Kapitel II.

Underfull \hbox (badness 10000) in paragraph at lines 203--204

 []


Underfull \vbox (badness 10000) has occurred while \output is active []

 [4

]
[5] [6


]pdfTeX warning (ext4): destination with the same identifier (name{chapter.1}) 
has been already used, duplicate ignored
<to be read again> 
                   \relax 
l.237 \chapter{Lineare Optimierung}
                                   
Kapitel 1.
LaTeX Font Info:    Try loading font information for OMS+cmss on input line 239
.
LaTeX Font Info:    No file OMScmss.fd. on input line 239.

LaTeX Font Warning: Font shape `OMS/cmss/bx/n' undefined
(Font)              using `OMS/cmsy/m/n' instead
(Font)              for symbol `textsection' on input line 239.

Package hyperref Info: bookmark level for unknown Def defaults to 0 on input li
ne 241.
[7

]
Underfull \hbox (badness 10000) in paragraph at lines 284--286

 []


Underfull \hbox (badness 10000) in paragraph at lines 329--331

 []


Class scrbook Warning: Usage of deprecated font command `\sl'!
(scrbook)              You should note, that in 1994 font command `\sl' has
(scrbook)              been defined for compatiblitiy to Script 2.0 only.
(scrbook)              Now, after two decades of LaTeX2e and NFSS2, you
(scrbook)              shouldn't use such commands any longer and within
(scrbook)              KOMA-Script usage of `\sl' is definitely deprecated.
(scrbook)              See `fntguide.pdf' for more information about
(scrbook)              recommended font commands.
(scrbook)              Note also, that KOMA-Script will remove the definition
(scrbook)              of `\sl' anytime until release of about version 3.20.
(scrbook)              But for now, KOMA-Script will replace deprecated `\sl'
(scrbook)              by `\normalfont \slshape ' on input line 347.

[8] [9]
Underfull \hbox (badness 10000) in paragraph at lines 374--376

 []


Underfull \hbox (badness 10000) in paragraph at lines 385--386

 []


Underfull \hbox (badness 10000) in paragraph at lines 385--386

 []


Underfull \hbox (badness 10000) in paragraph at lines 385--386

 []


Underfull \hbox (badness 10000) in paragraph at lines 387--388

 []


Package amsmath Warning: Foreign command \atop;
(amsmath)                \frac or \genfrac should be used instead
(amsmath)                 on input line 388.


Underfull \hbox (badness 10000) in paragraph at lines 388--391

 []


Class scrbook Warning: Usage of deprecated font command `\sl'!
(scrbook)              You should note, that in 1994 font command `\sl' has
(scrbook)              been defined for compatiblitiy to Script 2.0 only.
(scrbook)              Now, after two decades of LaTeX2e and NFSS2, you
(scrbook)              shouldn't use such commands any longer and within
(scrbook)              KOMA-Script usage of `\sl' is definitely deprecated.
(scrbook)              See `fntguide.pdf' for more information about
(scrbook)              recommended font commands.
(scrbook)              Note also, that KOMA-Script will remove the definition
(scrbook)              of `\sl' anytime until release of about version 3.20.
(scrbook)              But for now, KOMA-Script will replace deprecated `\sl'
(scrbook)              by `\normalfont \slshape ' on input line 399.

[10]
Underfull \hbox (badness 10000) in paragraph at lines 415--416

 []

[11]
Package hyperref Info: bookmark level for unknown Sa defaults to 0 on input lin
e 421.

Underfull \hbox (badness 10000) in paragraph at lines 424--428

 []


Underfull \hbox (badness 10000) in paragraph at lines 440--441

 []


Underfull \hbox (badness 10000) in paragraph at lines 442--443

 []


Overfull \hbox (5.1584pt too wide) in paragraph at lines 444--445
[]\OT1/cmr/bx/n/10.95 Dazu: $\OML/cmm/m/it/10.95 x[] \OMS/cmsy/m/n/10.95 ^^@ \O
ML/cmm/m/it/10.95 x[]; [] ; x[] \OMS/cmsy/m/n/10.95 ^^@ \OML/cmm/m/it/10.95 x[]
$ \OT1/cmr/m/n/10.95 ist Ba-sis von $\U/msb/m/n/10.95 R[] \OMS/cmsy/m/n/10.95 )
$ \OT1/cmr/m/n/10.95 Je-des $\OML/cmm/m/it/10.95 x \OMS/cmsy/m/n/10.95 2 \U/msb
/m/n/10.95 R[]$ \OT1/cmr/m/n/10.95 hat []Ko-or-di-an-ten\$(\OML/cmm/m/it/10.95 
[]; [] ; []\OT1/cmr/m/n/10.95 )$
 []


Underfull \hbox (badness 10000) in paragraph at lines 444--445

 []


Underfull \hbox (badness 10000) in paragraph at lines 445--446

 []


Class scrbook Warning: Usage of deprecated font command `\sl'!
(scrbook)              You should note, that in 1994 font command `\sl' has
(scrbook)              been defined for compatiblitiy to Script 2.0 only.
(scrbook)              Now, after two decades of LaTeX2e and NFSS2, you
(scrbook)              shouldn't use such commands any longer and within
(scrbook)              KOMA-Script usage of `\sl' is definitely deprecated.
(scrbook)              See `fntguide.pdf' for more information about
(scrbook)              recommended font commands.
(scrbook)              Note also, that KOMA-Script will remove the definition
(scrbook)              of `\sl' anytime until release of about version 3.20.
(scrbook)              But for now, KOMA-Script will replace deprecated `\sl'
(scrbook)              by `\normalfont \slshape ' on input line 452.

[12]
Underfull \hbox (badness 10000) in paragraph at lines 452--454

 []

<OptTheo-pics.pdf, id=182, page=1, 285.52672pt x 171.72156pt>
File: OptTheo-pics.pdf Graphic file (type pdf)

<use OptTheo-pics.pdf, page 1>
Package pdftex.def Info: OptTheo-pics.pdf, page1 used on input line 460.
(pdftex.def)             Requested size: 285.526pt x 171.72113pt.

Underfull \hbox (badness 10000) in paragraph at lines 479--480

 []

[13 <./OptTheo-pics.pdf>]
<OptTheo-pics.pdf, id=201, page=2, 114.81895pt x 114.81895pt>
File: OptTheo-pics.pdf Graphic file (type pdf)

<use OptTheo-pics.pdf, page 2>
Package pdftex.def Info: OptTheo-pics.pdf, page2 used on input line 502.
(pdftex.def)             Requested size: 114.81866pt x 114.81866pt.

<OptTheo-pics.pdf, id=202, page=3, 370.88562pt x 86.36266pt>
File: OptTheo-pics.pdf Graphic file (type pdf)

<use OptTheo-pics.pdf, page 3>
Package pdftex.def Info: OptTheo-pics.pdf, page3 used on input line 527.
(pdftex.def)             Requested size: 370.88472pt x 86.36244pt.


Class scrbook Warning: Usage of deprecated font command `\sl'!
(scrbook)              You should note, that in 1994 font command `\sl' has
(scrbook)              been defined for compatiblitiy to Script 2.0 only.
(scrbook)              Now, after two decades of LaTeX2e and NFSS2, you
(scrbook)              shouldn't use such commands any longer and within
(scrbook)              KOMA-Script usage of `\sl' is definitely deprecated.
(scrbook)              See `fntguide.pdf' for more information about
(scrbook)              recommended font commands.
(scrbook)              Note also, that KOMA-Script will remove the definition
(scrbook)              of `\sl' anytime until release of about version 3.20.
(scrbook)              But for now, KOMA-Script will replace deprecated `\sl'
(scrbook)              by `\normalfont \slshape ' on input line 540.

[14 <./OptTheo-pics.pdf>]
Package hyperref Info: bookmark level for unknown Kor defaults to 0 on input li
ne 545.

<OptTheo-pics.pdf, id=212, page=4, 228.62415pt x 143.26523pt>
File: OptTheo-pics.pdf Graphic file (type pdf)

<use OptTheo-pics.pdf, page 4>
Package pdftex.def Info: OptTheo-pics.pdf, page4 used on input line 557.
(pdftex.def)             Requested size: 228.62358pt x 143.26488pt.

<OptTheo-pics.pdf, id=213, page=5, 285.52672pt x 86.36266pt>
File: OptTheo-pics.pdf Graphic file (type pdf)

<use OptTheo-pics.pdf, page 5>
Package pdftex.def Info: OptTheo-pics.pdf, page5 used on input line 575.
(pdftex.def)             Requested size: 285.526pt x 86.36244pt.
 [15 <./OptTheo-pics.pdf> <./OptTheo-pics.pdf> <./OptTheo-pics.pdf>]
<OptTheo-pics.pdf, id=227, page=6, 200.17786pt x 143.26523pt>
File: OptTheo-pics.pdf Graphic file (type pdf)

<use OptTheo-pics.pdf, page 6>
Package pdftex.def Info: OptTheo-pics.pdf, page6 used on input line 593.
(pdftex.def)             Requested size: 200.17735pt x 143.26488pt.

Underfull \hbox (badness 10000) in paragraph at lines 587--610

 []

<OptTheo-pics.pdf, id=228, page=7, 285.52672pt x 86.36266pt>
File: OptTheo-pics.pdf Graphic file (type pdf)

<use OptTheo-pics.pdf, page 7>
Package pdftex.def Info: OptTheo-pics.pdf, page7 used on input line 623.
(pdftex.def)             Requested size: 285.526pt x 86.36244pt.


Class scrbook Warning: Usage of deprecated font command `\sl'!
(scrbook)              You should note, that in 1994 font command `\sl' has
(scrbook)              been defined for compatiblitiy to Script 2.0 only.
(scrbook)              Now, after two decades of LaTeX2e and NFSS2, you
(scrbook)              shouldn't use such commands any longer and within
(scrbook)              KOMA-Script usage of `\sl' is definitely deprecated.
(scrbook)              See `fntguide.pdf' for more information about
(scrbook)              recommended font commands.
(scrbook)              Note also, that KOMA-Script will remove the definition
(scrbook)              of `\sl' anytime until release of about version 3.20.
(scrbook)              But for now, KOMA-Script will replace deprecated `\sl'
(scrbook)              by `\normalfont \slshape ' on input line 634.

[16 <./OptTheo-pics.pdf> <./OptTheo-pics.pdf>]
Underfull \hbox (badness 10000) in paragraph at lines 645--647

 []


Underfull \hbox (badness 10000) in paragraph at lines 656--658

 []

[17]
Underfull \hbox (badness 10000) in paragraph at lines 700--702

 []


Underfull \hbox (badness 10000) in paragraph at lines 705--706

 []


Class scrbook Warning: Usage of deprecated font command `\sl'!
(scrbook)              You should note, that in 1994 font command `\sl' has
(scrbook)              been defined for compatiblitiy to Script 2.0 only.
(scrbook)              Now, after two decades of LaTeX2e and NFSS2, you
(scrbook)              shouldn't use such commands any longer and within
(scrbook)              KOMA-Script usage of `\sl' is definitely deprecated.
(scrbook)              See `fntguide.pdf' for more information about
(scrbook)              recommended font commands.
(scrbook)              Note also, that KOMA-Script will remove the definition
(scrbook)              of `\sl' anytime until release of about version 3.20.
(scrbook)              But for now, KOMA-Script will replace deprecated `\sl'
(scrbook)              by `\normalfont \slshape ' on input line 706.

[18]
Underfull \hbox (badness 10000) in paragraph at lines 709--710

 []


Underfull \hbox (badness 10000) in paragraph at lines 723--734

 []

[19]
Underfull \hbox (badness 10000) in paragraph at lines 752--756

 []


Class scrbook Warning: Usage of deprecated font command `\sl'!
(scrbook)              You should note, that in 1994 font command `\sl' has
(scrbook)              been defined for compatiblitiy to Script 2.0 only.
(scrbook)              Now, after two decades of LaTeX2e and NFSS2, you
(scrbook)              shouldn't use such commands any longer and within
(scrbook)              KOMA-Script usage of `\sl' is definitely deprecated.
(scrbook)              See `fntguide.pdf' for more information about
(scrbook)              recommended font commands.
(scrbook)              Note also, that KOMA-Script will remove the definition
(scrbook)              of `\sl' anytime until release of about version 3.20.
(scrbook)              But for now, KOMA-Script will replace deprecated `\sl'
(scrbook)              by `\normalfont \slshape ' on input line 778.

[20] [21]

Class scrbook Warning: Usage of deprecated font command `\sl'!
(scrbook)              You should note, that in 1994 font command `\sl' has
(scrbook)              been defined for compatiblitiy to Script 2.0 only.
(scrbook)              Now, after two decades of LaTeX2e and NFSS2, you
(scrbook)              shouldn't use such commands any longer and within
(scrbook)              KOMA-Script usage of `\sl' is definitely deprecated.
(scrbook)              See `fntguide.pdf' for more information about
(scrbook)              recommended font commands.
(scrbook)              Note also, that KOMA-Script will remove the definition
(scrbook)              of `\sl' anytime until release of about version 3.20.
(scrbook)              But for now, KOMA-Script will replace deprecated `\sl'
(scrbook)              by `\normalfont \slshape ' on input line 863.

[22]
Package hyperref Info: bookmark level for unknown Hil defaults to 0 on input li
ne 864.

Overfull \hbox (10.07237pt too wide) in paragraph at lines 864--865
[]\OT1/cmr/m/it/10.95 Sei A ei-ne (m,n)-Matrix. Dann exis-tie-ren $\OML/cmm/m/i
t/10.95 x \OMS/cmsy/m/n/10.95 2 \U/msb/m/n/10.95 R[]\OML/cmm/m/it/10.95 ; u \OM
S/cmsy/m/n/10.95 2 \U/msb/m/n/10.95 R[]$ \OT1/cmr/m/it/10.95 mit $\OML/cmm/m/it
/10.95 Ax \OT1/cmr/m/n/10.95 =  []0\OML/cmm/m/it/10.95 ;  x \OMS/cmsy/m/n/10.95
 ^^U
 []


Underfull \hbox (badness 10000) in paragraph at lines 874--879

 []


Underfull \hbox (badness 10000) in paragraph at lines 888--893

 []

[23]
Package hyperref Info: bookmark level for unknown Lem defaults to 0 on input li
ne 903.

Underfull \hbox (badness 10000) in paragraph at lines 920--925

 []


Class scrbook Warning: Usage of deprecated font command `\sl'!
(scrbook)              You should note, that in 1994 font command `\sl' has
(scrbook)              been defined for compatiblitiy to Script 2.0 only.
(scrbook)              Now, after two decades of LaTeX2e and NFSS2, you
(scrbook)              shouldn't use such commands any longer and within
(scrbook)              KOMA-Script usage of `\sl' is definitely deprecated.
(scrbook)              See `fntguide.pdf' for more information about
(scrbook)              recommended font commands.
(scrbook)              Note also, that KOMA-Script will remove the definition
(scrbook)              of `\sl' anytime until release of about version 3.20.
(scrbook)              But for now, KOMA-Script will replace deprecated `\sl'
(scrbook)              by `\normalfont \slshape ' on input line 925.

[24]
Underfull \vbox (badness 10000) has occurred while \output is active []

 [25]

Class scrbook Warning: Usage of deprecated font command `\sl'!
(scrbook)              You should note, that in 1994 font command `\sl' has
(scrbook)              been defined for compatiblitiy to Script 2.0 only.
(scrbook)              Now, after two decades of LaTeX2e and NFSS2, you
(scrbook)              shouldn't use such commands any longer and within
(scrbook)              KOMA-Script usage of `\sl' is definitely deprecated.
(scrbook)              See `fntguide.pdf' for more information about
(scrbook)              recommended font commands.
(scrbook)              Note also, that KOMA-Script will remove the definition
(scrbook)              of `\sl' anytime until release of about version 3.20.
(scrbook)              But for now, KOMA-Script will replace deprecated `\sl'
(scrbook)              by `\normalfont \slshape ' on input line 1001.

[26]
Underfull \hbox (badness 10000) in paragraph at lines 1011--1016

 []


Underfull \vbox (badness 8000) has occurred while \output is active []

 [27]
Underfull \hbox (badness 10000) in paragraph at lines 1057--1062

 []


Class scrbook Warning: Usage of deprecated font command `\sl'!
(scrbook)              You should note, that in 1994 font command `\sl' has
(scrbook)              been defined for compatiblitiy to Script 2.0 only.
(scrbook)              Now, after two decades of LaTeX2e and NFSS2, you
(scrbook)              shouldn't use such commands any longer and within
(scrbook)              KOMA-Script usage of `\sl' is definitely deprecated.
(scrbook)              See `fntguide.pdf' for more information about
(scrbook)              recommended font commands.
(scrbook)              Note also, that KOMA-Script will remove the definition
(scrbook)              of `\sl' anytime until release of about version 3.20.
(scrbook)              But for now, KOMA-Script will replace deprecated `\sl'
(scrbook)              by `\normalfont \slshape ' on input line 1080.

[28] [29]
Underfull \hbox (badness 10000) in paragraph at lines 1122--1123

 []


Class scrbook Warning: Usage of deprecated font command `\sl'!
(scrbook)              You should note, that in 1994 font command `\sl' has
(scrbook)              been defined for compatiblitiy to Script 2.0 only.
(scrbook)              Now, after two decades of LaTeX2e and NFSS2, you
(scrbook)              shouldn't use such commands any longer and within
(scrbook)              KOMA-Script usage of `\sl' is definitely deprecated.
(scrbook)              See `fntguide.pdf' for more information about
(scrbook)              recommended font commands.
(scrbook)              Note also, that KOMA-Script will remove the definition
(scrbook)              of `\sl' anytime until release of about version 3.20.
(scrbook)              But for now, KOMA-Script will replace deprecated `\sl'
(scrbook)              by `\normalfont \slshape ' on input line 1141.

[30] [31]

Class scrbook Warning: Usage of deprecated font command `\sl'!
(scrbook)              You should note, that in 1994 font command `\sl' has
(scrbook)              been defined for compatiblitiy to Script 2.0 only.
(scrbook)              Now, after two decades of LaTeX2e and NFSS2, you
(scrbook)              shouldn't use such commands any longer and within
(scrbook)              KOMA-Script usage of `\sl' is definitely deprecated.
(scrbook)              See `fntguide.pdf' for more information about
(scrbook)              recommended font commands.
(scrbook)              Note also, that KOMA-Script will remove the definition
(scrbook)              of `\sl' anytime until release of about version 3.20.
(scrbook)              But for now, KOMA-Script will replace deprecated `\sl'
(scrbook)              by `\normalfont \slshape ' on input line 1219.

[32] [33]
Underfull \hbox (badness 10000) in paragraph at lines 1314--1315

 []


Underfull \vbox (badness 10000) has occurred while \output is active []



Class scrbook Warning: Usage of deprecated font command `\sl'!
(scrbook)              You should note, that in 1994 font command `\sl' has
(scrbook)              been defined for compatiblitiy to Script 2.0 only.
(scrbook)              Now, after two decades of LaTeX2e and NFSS2, you
(scrbook)              shouldn't use such commands any longer and within
(scrbook)              KOMA-Script usage of `\sl' is definitely deprecated.
(scrbook)              See `fntguide.pdf' for more information about
(scrbook)              recommended font commands.
(scrbook)              Note also, that KOMA-Script will remove the definition
(scrbook)              of `\sl' anytime until release of about version 3.20.
(scrbook)              But for now, KOMA-Script will replace deprecated `\sl'
(scrbook)              by `\normalfont \slshape ' on input line 1324.

[34] [35]

Class scrbook Warning: Usage of deprecated font command `\sl'!
(scrbook)              You should note, that in 1994 font command `\sl' has
(scrbook)              been defined for compatiblitiy to Script 2.0 only.
(scrbook)              Now, after two decades of LaTeX2e and NFSS2, you
(scrbook)              shouldn't use such commands any longer and within
(scrbook)              KOMA-Script usage of `\sl' is definitely deprecated.
(scrbook)              See `fntguide.pdf' for more information about
(scrbook)              recommended font commands.
(scrbook)              Note also, that KOMA-Script will remove the definition
(scrbook)              of `\sl' anytime until release of about version 3.20.
(scrbook)              But for now, KOMA-Script will replace deprecated `\sl'
(scrbook)              by `\normalfont \slshape ' on input line 1395.

[36] [37]

Class scrbook Warning: Usage of deprecated font command `\sl'!
(scrbook)              You should note, that in 1994 font command `\sl' has
(scrbook)              been defined for compatiblitiy to Script 2.0 only.
(scrbook)              Now, after two decades of LaTeX2e and NFSS2, you
(scrbook)              shouldn't use such commands any longer and within
(scrbook)              KOMA-Script usage of `\sl' is definitely deprecated.
(scrbook)              See `fntguide.pdf' for more information about
(scrbook)              recommended font commands.
(scrbook)              Note also, that KOMA-Script will remove the definition
(scrbook)              of `\sl' anytime until release of about version 3.20.
(scrbook)              But for now, KOMA-Script will replace deprecated `\sl'
(scrbook)              by `\normalfont \slshape ' on input line 1467.

[38] [39]
Underfull \hbox (badness 10000) in paragraph at lines 1508--1511

 []


Underfull \vbox (badness 10000) has occurred while \output is active []



Class scrbook Warning: Usage of deprecated font command `\sl'!
(scrbook)              You should note, that in 1994 font command `\sl' has
(scrbook)              been defined for compatiblitiy to Script 2.0 only.
(scrbook)              Now, after two decades of LaTeX2e and NFSS2, you
(scrbook)              shouldn't use such commands any longer and within
(scrbook)              KOMA-Script usage of `\sl' is definitely deprecated.
(scrbook)              See `fntguide.pdf' for more information about
(scrbook)              recommended font commands.
(scrbook)              Note also, that KOMA-Script will remove the definition
(scrbook)              of `\sl' anytime until release of about version 3.20.
(scrbook)              But for now, KOMA-Script will replace deprecated `\sl'
(scrbook)              by `\normalfont \slshape ' on input line 1529.

[40] [41]

Class scrbook Warning: Usage of deprecated font command `\sl'!
(scrbook)              You should note, that in 1994 font command `\sl' has
(scrbook)              been defined for compatiblitiy to Script 2.0 only.
(scrbook)              Now, after two decades of LaTeX2e and NFSS2, you
(scrbook)              shouldn't use such commands any longer and within
(scrbook)              KOMA-Script usage of `\sl' is definitely deprecated.
(scrbook)              See `fntguide.pdf' for more information about
(scrbook)              recommended font commands.
(scrbook)              Note also, that KOMA-Script will remove the definition
(scrbook)              of `\sl' anytime until release of about version 3.20.
(scrbook)              But for now, KOMA-Script will replace deprecated `\sl'
(scrbook)              by `\normalfont \slshape ' on input line 1613.

[42]
Underfull \hbox (badness 10000) in paragraph at lines 1613--1615

 []


Underfull \hbox (badness 10000) in paragraph at lines 1624--1626

 []


Underfull \hbox (badness 10000) in paragraph at lines 1637--1639

 []


Underfull \hbox (badness 10000) in paragraph at lines 1650--1652

 []


Underfull \vbox (badness 10000) has occurred while \output is active []

 [43]
Underfull \hbox (badness 10000) in paragraph at lines 1664--1666

 []


Underfull \hbox (badness 10000) in paragraph at lines 1667--1673

 []

<OptTheo-pics.pdf, id=395, page=8, 358.63986pt x 194.92825pt>
File: OptTheo-pics.pdf Graphic file (type pdf)

<use OptTheo-pics.pdf, page 8>
Package pdftex.def Info: OptTheo-pics.pdf, page8 used on input line 1678.
(pdftex.def)             Requested size: 358.63898pt x 194.92776pt.

<OptTheo-pics.pdf, id=396, page=9, 358.63986pt x 195.63087pt>
File: OptTheo-pics.pdf Graphic file (type pdf)

<use OptTheo-pics.pdf, page 9>
Package pdftex.def Info: OptTheo-pics.pdf, page9 used on input line 1681.
(pdftex.def)             Requested size: 358.63898pt x 195.63039pt.


Class scrbook Warning: Usage of deprecated font command `\sl'!
(scrbook)              You should note, that in 1994 font command `\sl' has
(scrbook)              been defined for compatiblitiy to Script 2.0 only.
(scrbook)              Now, after two decades of LaTeX2e and NFSS2, you
(scrbook)              shouldn't use such commands any longer and within
(scrbook)              KOMA-Script usage of `\sl' is definitely deprecated.
(scrbook)              See `fntguide.pdf' for more information about
(scrbook)              recommended font commands.
(scrbook)              Note also, that KOMA-Script will remove the definition
(scrbook)              of `\sl' anytime until release of about version 3.20.
(scrbook)              But for now, KOMA-Script will replace deprecated `\sl'
(scrbook)              by `\normalfont \slshape ' on input line 1685.

[44] [45 <./OptTheo-pics.pdf> <./OptTheo-pics.pdf>]
Overfull \hbox (2.65219pt too wide) in paragraph at lines 1691--1694
\OT1/cmr/m/n/10.95 2-Personen-Nullsummenspiel ist ge-ge-ben durch Ma-trix $\OML
/cmm/m/it/10.95 A \OT1/cmr/m/n/10.95 = ((\OML/cmm/m/it/10.95 a[]\OT1/cmr/m/n/10
.95 ))$ (m,n)-Matrix (Matrix-
 []


Underfull \hbox (badness 10000) in paragraph at lines 1695--1702

 []


Underfull \hbox (badness 10000) in paragraph at lines 1703--1711

 []


Class scrbook Warning: Usage of deprecated font command `\sl'!
(scrbook)              You should note, that in 1994 font command `\sl' has
(scrbook)              been defined for compatiblitiy to Script 2.0 only.
(scrbook)              Now, after two decades of LaTeX2e and NFSS2, you
(scrbook)              shouldn't use such commands any longer and within
(scrbook)              KOMA-Script usage of `\sl' is definitely deprecated.
(scrbook)              See `fntguide.pdf' for more information about
(scrbook)              recommended font commands.
(scrbook)              Note also, that KOMA-Script will remove the definition
(scrbook)              of `\sl' anytime until release of about version 3.20.
(scrbook)              But for now, KOMA-Script will replace deprecated `\sl'
(scrbook)              by `\normalfont \slshape ' on input line 1731.

[46]
Underfull \hbox (badness 10000) in paragraph at lines 1739--1740

 []


Underfull \hbox (badness 10000) in paragraph at lines 1741--1747

 []


Underfull \hbox (badness 10000) in paragraph at lines 1768--1769

 []

[47]

Class scrbook Warning: Usage of deprecated font command `\sl'!
(scrbook)              You should note, that in 1994 font command `\sl' has
(scrbook)              been defined for compatiblitiy to Script 2.0 only.
(scrbook)              Now, after two decades of LaTeX2e and NFSS2, you
(scrbook)              shouldn't use such commands any longer and within
(scrbook)              KOMA-Script usage of `\sl' is definitely deprecated.
(scrbook)              See `fntguide.pdf' for more information about
(scrbook)              recommended font commands.
(scrbook)              Note also, that KOMA-Script will remove the definition
(scrbook)              of `\sl' anytime until release of about version 3.20.
(scrbook)              But for now, KOMA-Script will replace deprecated `\sl'
(scrbook)              by `\normalfont \slshape ' on input line 1814.

[48]
Overfull \hbox (1.61613pt too wide) in paragraph at lines 1826--1828
\OT1/cmr/m/it/10.95 Je-des 2-Personen-Nullsummenspiel be-sitzt einen Gleich-ge-
wichts-punkt in ge-misch-ten Stra-
 []

[49]
Underfull \hbox (badness 10000) in paragraph at lines 1855--1862

 []


Class scrbook Warning: Usage of deprecated font command `\sl'!
(scrbook)              You should note, that in 1994 font command `\sl' has
(scrbook)              been defined for compatiblitiy to Script 2.0 only.
(scrbook)              Now, after two decades of LaTeX2e and NFSS2, you
(scrbook)              shouldn't use such commands any longer and within
(scrbook)              KOMA-Script usage of `\sl' is definitely deprecated.
(scrbook)              See `fntguide.pdf' for more information about
(scrbook)              recommended font commands.
(scrbook)              Note also, that KOMA-Script will remove the definition
(scrbook)              of `\sl' anytime until release of about version 3.20.
(scrbook)              But for now, KOMA-Script will replace deprecated `\sl'
(scrbook)              by `\normalfont \slshape ' on input line 1884.

[50]
Underfull \hbox (badness 10000) in paragraph at lines 1893--1894

 []

[51] [52


]pdfTeX warning (ext4): destination with the same identifier (name{chapter.2}) 
has been already used, duplicate ignored
<to be read again> 
                   \relax 
l.1900 \chapter{Konvexe Optimierung}
                                    
Kapitel 2.
[53

] <OptTheo-pics.pdf, id=452, page=10, 228.62415pt x 228.62415pt>
File: OptTheo-pics.pdf Graphic file (type pdf)

<use OptTheo-pics.pdf, page 10>
Package pdftex.def Info: OptTheo-pics.pdf, page10 used on input line 1927.
(pdftex.def)             Requested size: 228.62358pt x 228.62358pt.

Underfull \hbox (badness 10000) in paragraph at lines 1923--1934

 []


Underfull \hbox (badness 10000) in paragraph at lines 1940--1951

 []


Class scrbook Warning: Usage of deprecated font command `\sl'!
(scrbook)              You should note, that in 1994 font command `\sl' has
(scrbook)              been defined for compatiblitiy to Script 2.0 only.
(scrbook)              Now, after two decades of LaTeX2e and NFSS2, you
(scrbook)              shouldn't use such commands any longer and within
(scrbook)              KOMA-Script usage of `\sl' is definitely deprecated.
(scrbook)              See `fntguide.pdf' for more information about
(scrbook)              recommended font commands.
(scrbook)              Note also, that KOMA-Script will remove the definition
(scrbook)              of `\sl' anytime until release of about version 3.20.
(scrbook)              But for now, KOMA-Script will replace deprecated `\sl'
(scrbook)              by `\normalfont \slshape ' on input line 1956.

[54 <./OptTheo-pics.pdf>] [55]
Underfull \hbox (badness 10000) in paragraph at lines 2014--2015

 []


Class scrbook Warning: Usage of deprecated font command `\sl'!
(scrbook)              You should note, that in 1994 font command `\sl' has
(scrbook)              been defined for compatiblitiy to Script 2.0 only.
(scrbook)              Now, after two decades of LaTeX2e and NFSS2, you
(scrbook)              shouldn't use such commands any longer and within
(scrbook)              KOMA-Script usage of `\sl' is definitely deprecated.
(scrbook)              See `fntguide.pdf' for more information about
(scrbook)              recommended font commands.
(scrbook)              Note also, that KOMA-Script will remove the definition
(scrbook)              of `\sl' anytime until release of about version 3.20.
(scrbook)              But for now, KOMA-Script will replace deprecated `\sl'
(scrbook)              by `\normalfont \slshape ' on input line 2015.

[56] [57]
Underfull \hbox (badness 10000) in paragraph at lines 2067--2068

 []


Class scrbook Warning: Usage of deprecated font command `\sl'!
(scrbook)              You should note, that in 1994 font command `\sl' has
(scrbook)              been defined for compatiblitiy to Script 2.0 only.
(scrbook)              Now, after two decades of LaTeX2e and NFSS2, you
(scrbook)              shouldn't use such commands any longer and within
(scrbook)              KOMA-Script usage of `\sl' is definitely deprecated.
(scrbook)              See `fntguide.pdf' for more information about
(scrbook)              recommended font commands.
(scrbook)              Note also, that KOMA-Script will remove the definition
(scrbook)              of `\sl' anytime until release of about version 3.20.
(scrbook)              But for now, KOMA-Script will replace deprecated `\sl'
(scrbook)              by `\normalfont \slshape ' on input line 2077.

[58]
Underfull \hbox (badness 10000) in paragraph at lines 2078--2084

 []

[59]
Underfull \hbox (badness 10000) in paragraph at lines 2130--2133

 []


Class scrbook Warning: Usage of deprecated font command `\sl'!
(scrbook)              You should note, that in 1994 font command `\sl' has
(scrbook)              been defined for compatiblitiy to Script 2.0 only.
(scrbook)              Now, after two decades of LaTeX2e and NFSS2, you
(scrbook)              shouldn't use such commands any longer and within
(scrbook)              KOMA-Script usage of `\sl' is definitely deprecated.
(scrbook)              See `fntguide.pdf' for more information about
(scrbook)              recommended font commands.
(scrbook)              Note also, that KOMA-Script will remove the definition
(scrbook)              of `\sl' anytime until release of about version 3.20.
(scrbook)              But for now, KOMA-Script will replace deprecated `\sl'
(scrbook)              by `\normalfont \slshape ' on input line 2144.

[60] [61]
Underfull \hbox (badness 10000) in paragraph at lines 2202--2204

 []


Class scrbook Warning: Usage of deprecated font command `\sl'!
(scrbook)              You should note, that in 1994 font command `\sl' has
(scrbook)              been defined for compatiblitiy to Script 2.0 only.
(scrbook)              Now, after two decades of LaTeX2e and NFSS2, you
(scrbook)              shouldn't use such commands any longer and within
(scrbook)              KOMA-Script usage of `\sl' is definitely deprecated.
(scrbook)              See `fntguide.pdf' for more information about
(scrbook)              recommended font commands.
(scrbook)              Note also, that KOMA-Script will remove the definition
(scrbook)              of `\sl' anytime until release of about version 3.20.
(scrbook)              But for now, KOMA-Script will replace deprecated `\sl'
(scrbook)              by `\normalfont \slshape ' on input line 2214.

[62] [63]
Underfull \hbox (badness 10000) in paragraph at lines 2257--2258

 []


Class scrbook Warning: Usage of deprecated font command `\sl'!
(scrbook)              You should note, that in 1994 font command `\sl' has
(scrbook)              been defined for compatiblitiy to Script 2.0 only.
(scrbook)              Now, after two decades of LaTeX2e and NFSS2, you
(scrbook)              shouldn't use such commands any longer and within
(scrbook)              KOMA-Script usage of `\sl' is definitely deprecated.
(scrbook)              See `fntguide.pdf' for more information about
(scrbook)              recommended font commands.
(scrbook)              Note also, that KOMA-Script will remove the definition
(scrbook)              of `\sl' anytime until release of about version 3.20.
(scrbook)              But for now, KOMA-Script will replace deprecated `\sl'
(scrbook)              by `\normalfont \slshape ' on input line 2293.

[64]
Underfull \hbox (badness 10000) in paragraph at lines 2306--2308

 []


Underfull \hbox (badness 10000) in paragraph at lines 2312--2314

 []


Underfull \hbox (badness 10000) in paragraph at lines 2329--2331

 []

[65]
Underfull \hbox (badness 10000) in paragraph at lines 2346--2348

 []


Underfull \hbox (badness 10000) in paragraph at lines 2358--2359

 []


Class scrbook Warning: Usage of deprecated font command `\sl'!
(scrbook)              You should note, that in 1994 font command `\sl' has
(scrbook)              been defined for compatiblitiy to Script 2.0 only.
(scrbook)              Now, after two decades of LaTeX2e and NFSS2, you
(scrbook)              shouldn't use such commands any longer and within
(scrbook)              KOMA-Script usage of `\sl' is definitely deprecated.
(scrbook)              See `fntguide.pdf' for more information about
(scrbook)              recommended font commands.
(scrbook)              Note also, that KOMA-Script will remove the definition
(scrbook)              of `\sl' anytime until release of about version 3.20.
(scrbook)              But for now, KOMA-Script will replace deprecated `\sl'
(scrbook)              by `\normalfont \slshape ' on input line 2367.

[66]
Underfull \hbox (badness 10000) in paragraph at lines 2372--2374

 []


Underfull \hbox (badness 10000) in paragraph at lines 2383--2384

 []

[67]
Underfull \hbox (badness 10000) in paragraph at lines 2414--2416

 []


Class scrbook Warning: Usage of deprecated font command `\sl'!
(scrbook)              You should note, that in 1994 font command `\sl' has
(scrbook)              been defined for compatiblitiy to Script 2.0 only.
(scrbook)              Now, after two decades of LaTeX2e and NFSS2, you
(scrbook)              shouldn't use such commands any longer and within
(scrbook)              KOMA-Script usage of `\sl' is definitely deprecated.
(scrbook)              See `fntguide.pdf' for more information about
(scrbook)              recommended font commands.
(scrbook)              Note also, that KOMA-Script will remove the definition
(scrbook)              of `\sl' anytime until release of about version 3.20.
(scrbook)              But for now, KOMA-Script will replace deprecated `\sl'
(scrbook)              by `\normalfont \slshape ' on input line 2450.

[68]
Overfull \hbox (24.0164pt too wide) in paragraph at lines 2465--2466
[]\OT1/cmr/m/it/10.95 Gegeben sei (KP), die Slater-Bedingung
 []

[69]
Underfull \hbox (badness 10000) in paragraph at lines 2507--2509

 []


Class scrbook Warning: Usage of deprecated font command `\sl'!
(scrbook)              You should note, that in 1994 font command `\sl' has
(scrbook)              been defined for compatiblitiy to Script 2.0 only.
(scrbook)              Now, after two decades of LaTeX2e and NFSS2, you
(scrbook)              shouldn't use such commands any longer and within
(scrbook)              KOMA-Script usage of `\sl' is definitely deprecated.
(scrbook)              See `fntguide.pdf' for more information about
(scrbook)              recommended font commands.
(scrbook)              Note also, that KOMA-Script will remove the definition
(scrbook)              of `\sl' anytime until release of about version 3.20.
(scrbook)              But for now, KOMA-Script will replace deprecated `\sl'
(scrbook)              by `\normalfont \slshape ' on input line 2509.

[70] [71]
Underfull \hbox (badness 10000) in paragraph at lines 2539--2541

 []


Underfull \hbox (badness 10000) in paragraph at lines 2544--2546

 []


Class scrbook Warning: Usage of deprecated font command `\sl'!
(scrbook)              You should note, that in 1994 font command `\sl' has
(scrbook)              been defined for compatiblitiy to Script 2.0 only.
(scrbook)              Now, after two decades of LaTeX2e and NFSS2, you
(scrbook)              shouldn't use such commands any longer and within
(scrbook)              KOMA-Script usage of `\sl' is definitely deprecated.
(scrbook)              See `fntguide.pdf' for more information about
(scrbook)              recommended font commands.
(scrbook)              Note also, that KOMA-Script will remove the definition
(scrbook)              of `\sl' anytime until release of about version 3.20.
(scrbook)              But for now, KOMA-Script will replace deprecated `\sl'
(scrbook)              by `\normalfont \slshape ' on input line 2562.

[72]
Underfull \hbox (badness 10000) in paragraph at lines 2579--2582

 []

[73]
Underfull \hbox (badness 10000) in paragraph at lines 2629--2631

 []


Class scrbook Warning: Usage of deprecated font command `\sl'!
(scrbook)              You should note, that in 1994 font command `\sl' has
(scrbook)              been defined for compatiblitiy to Script 2.0 only.
(scrbook)              Now, after two decades of LaTeX2e and NFSS2, you
(scrbook)              shouldn't use such commands any longer and within
(scrbook)              KOMA-Script usage of `\sl' is definitely deprecated.
(scrbook)              See `fntguide.pdf' for more information about
(scrbook)              recommended font commands.
(scrbook)              Note also, that KOMA-Script will remove the definition
(scrbook)              of `\sl' anytime until release of about version 3.20.
(scrbook)              But for now, KOMA-Script will replace deprecated `\sl'
(scrbook)              by `\normalfont \slshape ' on input line 2632.

[74]
Underfull \hbox (badness 10000) in paragraph at lines 2646--2647

 []


Underfull \hbox (badness 10000) in paragraph at lines 2657--2658

 []


Overfull \hbox (1.947pt too wide) in paragraph at lines 2661--2662
[]\OT1/cmr/m/it/10.95 F[]ur $\OML/cmm/m/it/10.95 x[] \OMS/cmsy/m/n/10.95 ^^U
 []

[75]

Class scrbook Warning: Usage of deprecated font command `\sl'!
(scrbook)              You should note, that in 1994 font command `\sl' has
(scrbook)              been defined for compatiblitiy to Script 2.0 only.
(scrbook)              Now, after two decades of LaTeX2e and NFSS2, you
(scrbook)              shouldn't use such commands any longer and within
(scrbook)              KOMA-Script usage of `\sl' is definitely deprecated.
(scrbook)              See `fntguide.pdf' for more information about
(scrbook)              recommended font commands.
(scrbook)              Note also, that KOMA-Script will remove the definition
(scrbook)              of `\sl' anytime until release of about version 3.20.
(scrbook)              But for now, KOMA-Script will replace deprecated `\sl'
(scrbook)              by `\normalfont \slshape ' on input line 2702.

[76]
Underfull \hbox (badness 10000) in paragraph at lines 2705--2707

 []


Underfull \hbox (badness 10000) in paragraph at lines 2734--2735

 []

[77]
Underfull \hbox (badness 10000) in paragraph at lines 2758--2761

 []


Underfull \hbox (badness 10000) in paragraph at lines 2771--2774

 []


Class scrbook Warning: Usage of deprecated font command `\sl'!
(scrbook)              You should note, that in 1994 font command `\sl' has
(scrbook)              been defined for compatiblitiy to Script 2.0 only.
(scrbook)              Now, after two decades of LaTeX2e and NFSS2, you
(scrbook)              shouldn't use such commands any longer and within
(scrbook)              KOMA-Script usage of `\sl' is definitely deprecated.
(scrbook)              See `fntguide.pdf' for more information about
(scrbook)              recommended font commands.
(scrbook)              Note also, that KOMA-Script will remove the definition
(scrbook)              of `\sl' anytime until release of about version 3.20.
(scrbook)              But for now, KOMA-Script will replace deprecated `\sl'
(scrbook)              by `\normalfont \slshape ' on input line 2788.

[78]
Underfull \hbox (badness 10000) in paragraph at lines 2796--2798

 []


Underfull \hbox (badness 10000) in paragraph at lines 2807--2808

 []


Underfull \hbox (badness 10000) in paragraph at lines 2808--2811

 []

[79]

Class scrbook Warning: Usage of deprecated font command `\sl'!
(scrbook)              You should note, that in 1994 font command `\sl' has
(scrbook)              been defined for compatiblitiy to Script 2.0 only.
(scrbook)              Now, after two decades of LaTeX2e and NFSS2, you
(scrbook)              shouldn't use such commands any longer and within
(scrbook)              KOMA-Script usage of `\sl' is definitely deprecated.
(scrbook)              See `fntguide.pdf' for more information about
(scrbook)              recommended font commands.
(scrbook)              Note also, that KOMA-Script will remove the definition
(scrbook)              of `\sl' anytime until release of about version 3.20.
(scrbook)              But for now, KOMA-Script will replace deprecated `\sl'
(scrbook)              by `\normalfont \slshape ' on input line 2846.

[80] [81]
\tf@thm=\write6
\openout6 = `OptTheo.thm'.

Package atveryend Info: Empty hook `BeforeClearDocument' on input line 2894.


Class scrbook Warning: Usage of deprecated font command `\sl'!
(scrbook)              You should note, that in 1994 font command `\sl' has
(scrbook)              been defined for compatiblitiy to Script 2.0 only.
(scrbook)              Now, after two decades of LaTeX2e and NFSS2, you
(scrbook)              shouldn't use such commands any longer and within
(scrbook)              KOMA-Script usage of `\sl' is definitely deprecated.
(scrbook)              See `fntguide.pdf' for more information about
(scrbook)              recommended font commands.
(scrbook)              Note also, that KOMA-Script will remove the definition
(scrbook)              of `\sl' anytime until release of about version 3.20.
(scrbook)              But for now, KOMA-Script will replace deprecated `\sl'
(scrbook)              by `\normalfont \slshape ' on input line 2894.

[82]
Package atveryend Info: Empty hook `AfterLastShipout' on input line 2894.
 (./OptTheo.aux)
Package atveryend Info: Executing hook `AtVeryEndDocument' on input line 2894.
Package atveryend Info: Executing hook `AtEndAfterFileList' on input line 2894.

Package rerunfilecheck Info: File `OptTheo.out' has not changed.
(rerunfilecheck)             Checksum: 93D3F51175E1E0034E2820D48C7D2452;999.


LaTeX Font Warning: Some font shapes were not available, defaults substituted.

Package atveryend Info: Empty hook `AtVeryVeryEnd' on input line 2894.
 ) 
Here is how much of TeX's memory you used:
 12370 strings out of 493304
 185162 string characters out of 6139872
 361185 words of memory out of 5000000
 15433 multiletter control sequences out of 15000+600000
 17715 words of font info for 67 fonts, out of 8000000 for 9000
 957 hyphenation exceptions out of 8191
 49i,20n,61p,433b,497s stack positions out of 5000i,500n,10000p,200000b,80000s
</usr/share/texlive/texmf-dist/fonts/type1/public/amsfonts/cm/cmbx10.pfb></us
r/share/texlive/texmf-dist/fonts/type1/public/amsfonts/cm/cmbxti10.pfb></usr/sh
are/texlive/texmf-dist/fonts/type1/public/amsfonts/cm/cmcsc10.pfb></usr/share/t
exlive/texmf-dist/fonts/type1/public/amsfonts/cm/cmex10.pfb></usr/share/texlive
/texmf-dist/fonts/type1/public/amsfonts/cmextra/cmex8.pfb></usr/share/texlive/t
exmf-dist/fonts/type1/public/amsfonts/cm/cmmi10.pfb></usr/share/texlive/texmf-d
ist/fonts/type1/public/amsfonts/cm/cmmi6.pfb></usr/share/texlive/texmf-dist/fon
ts/type1/public/amsfonts/cm/cmmi8.pfb></usr/share/texlive/texmf-dist/fonts/type
1/public/amsfonts/cm/cmmi9.pfb></usr/share/texlive/texmf-dist/fonts/type1/publi
c/amsfonts/cm/cmr10.pfb></usr/share/texlive/texmf-dist/fonts/type1/public/amsfo
nts/cm/cmr12.pfb></usr/share/texlive/texmf-dist/fonts/type1/public/amsfonts/cm/
cmr6.pfb></usr/share/texlive/texmf-dist/fonts/type1/public/amsfonts/cm/cmr8.pfb
></usr/share/texlive/texmf-dist/fonts/type1/public/amsfonts/cm/cmr9.pfb></usr/s
hare/texlive/texmf-dist/fonts/type1/public/amsfonts/cm/cmsl10.pfb></usr/share/t
exlive/texmf-dist/fonts/type1/public/amsfonts/cm/cmssbx10.pfb></usr/share/texli
ve/texmf-dist/fonts/type1/public/amsfonts/cm/cmsy10.pfb></usr/share/texlive/tex
mf-dist/fonts/type1/public/amsfonts/cm/cmsy6.pfb></usr/share/texlive/texmf-dist
/fonts/type1/public/amsfonts/cm/cmsy8.pfb></usr/share/texlive/texmf-dist/fonts/
type1/public/amsfonts/cm/cmsy9.pfb></usr/share/texlive/texmf-dist/fonts/type1/p
ublic/amsfonts/cm/cmti10.pfb></usr/share/texlive/texmf-dist/fonts/type1/public/
amsfonts/cm/cmti8.pfb></usr/share/texlive/texmf-dist/fonts/type1/public/amsfont
s/cm/cmtt10.pfb></usr/share/texlive/texmf-dist/fonts/type1/public/amsfonts/symb
ols/msbm10.pfb></usr/share/texlive/texmf-dist/fonts/type1/public/amsfonts/symbo
ls/msbm7.pfb>
Output written on OptTheo.pdf (84 pages, 538353 bytes).
PDF statistics:
 729 PDF objects out of 1000 (max. 8388607)
 600 compressed objects within 6 object streams
 204 named destinations out of 1000 (max. 500000)
 184 words of extra memory for PDF output out of 10000 (max. 10000000)

