
Running /usr/bin/latex OptTheoUebung.tex in an env with 4 entries:
This is pdfTeX, Version 3.1415926-2.5-1.40.14 (TeX Live 2013/Debian)
 restricted \write18 enabled.
entering extended mode
(data/OptTheoUebung.tex
LaTeX2e <2011/06/27>
Babel <3.9h> and hyphenation patterns for 78 languages loaded.
(/usr/share/texlive/texmf-dist/tex/latex/base/article.cls
Document Class: article 2007/10/19 v1.4h Standard LaTeX document class
(/usr/share/texlive/texmf-dist/tex/latex/base/size11.clo)) (data/latexki.sty)
(/usr/share/texlive/texmf-dist/tex/latex/amsfonts/amssymb.sty
(/usr/share/texlive/texmf-dist/tex/latex/amsfonts/amsfonts.sty))
(/usr/share/texlive/texmf-dist/tex/latex/amsmath/amsmath.sty
For additional information on amsmath, use the `?' option.
(/usr/share/texlive/texmf-dist/tex/latex/amsmath/amstext.sty
(/usr/share/texlive/texmf-dist/tex/latex/amsmath/amsgen.sty))
(/usr/share/texlive/texmf-dist/tex/latex/amsmath/amsbsy.sty)
(/usr/share/texlive/texmf-dist/tex/latex/amsmath/amsopn.sty))
(/usr/share/texlive/texmf-dist/tex/generic/german/ngerman.sty v2.5e 1998-07-08)
 (/usr/share/texlive/texmf-dist/tex/latex/fancyhdr/fancyhdr.sty)
(/usr/share/texlive/texmf-dist/tex/latex/amsfonts/euscript.sty)
(/usr/share/texlive/texmf-dist/tex/latex/base/makeidx.sty)
(/usr/share/texlive/texmf-dist/tex/latex/hyperref/hyperref.sty
(/usr/share/texlive/texmf-dist/tex/generic/oberdiek/hobsub-hyperref.sty
(/usr/share/texlive/texmf-dist/tex/generic/oberdiek/hobsub-generic.sty))
(/usr/share/texlive/texmf-dist/tex/latex/graphics/keyval.sty)
(/usr/share/texlive/texmf-dist/tex/generic/ifxetex/ifxetex.sty)
(/usr/share/texlive/texmf-dist/tex/latex/oberdiek/auxhook.sty)
(/usr/share/texlive/texmf-dist/tex/latex/oberdiek/kvoptions.sty)
(/usr/share/texlive/texmf-dist/tex/latex/hyperref/pd1enc.def)
(/usr/share/texlive/texmf-dist/tex/latex/latexconfig/hyperref.cfg)
(/usr/share/texlive/texmf-dist/tex/latex/url/url.sty))

Package hyperref Message: Driver (default): hdvips.

(/usr/share/texlive/texmf-dist/tex/latex/hyperref/hdvips.def
(/usr/share/texlive/texmf-dist/tex/latex/hyperref/pdfmark.def
(/usr/share/texlive/texmf-dist/tex/latex/oberdiek/rerunfilecheck.sty)))
(/usr/share/texlive/texmf-dist/tex/latex/ntheorem/ntheorem.sty
Style `ntheorem', Version 1.33 <2011/08/15>
(/usr/share/texlive/texmf-dist/tex/latex/base/ifthen.sty))
(/usr/share/texlive/texmf-dist/tex/latex/base/inputenc.sty
(/usr/share/texlive/texmf-dist/tex/latex/base/utf8.def
(/usr/share/texlive/texmf-dist/tex/latex/base/t1enc.dfu)
(/usr/share/texlive/texmf-dist/tex/latex/base/ot1enc.dfu)
(/usr/share/texlive/texmf-dist/tex/latex/base/omsenc.dfu)))
(/usr/share/texlive/texmf-dist/tex/latex/pst-plot/pst-plot.sty
(/usr/share/texlive/texmf-dist/tex/latex/pstricks/pstricks.sty
(/usr/share/texlive/texmf-dist/tex/generic/pstricks/pstricks.tex
(/usr/share/texlive/texmf-dist/tex/generic/xkeyval/pst-xkey.tex
(/usr/share/texlive/texmf-dist/tex/latex/xkeyval/xkeyval.sty
(/usr/share/texlive/texmf-dist/tex/generic/xkeyval/xkeyval.tex)))
(/usr/share/texlive/texmf-dist/tex/generic/pstricks/pst-fp.tex
`pst-fp' v0.05, 2010/01/17 (hv))
(/usr/share/texmf/tex/generic/pgf/utilities/pgfutil-common.tex)
(/usr/share/texmf/tex/generic/pgf/utilities/pgfkeys.code.tex
(/usr/share/texmf/tex/generic/pgf/utilities/pgfkeysfiltered.code.tex))
(/usr/share/texmf/tex/generic/pgf/utilities/pgffor.code.tex)
`PSTricks' v2.51  <2014/02/03> (tvz)
(/usr/share/texlive/texmf-dist/tex/generic/pstricks/pstricks.con))
(/usr/share/texlive/texmf-dist/tex/generic/pstricks/pst-fp.tex)
(/usr/share/texmf/tex/latex/xcolor/xcolor.sty
(/usr/share/texlive/texmf-dist/tex/latex/latexconfig/color.cfg)
(/usr/share/texlive/texmf-dist/tex/latex/graphics/dvips.def)))
(/usr/share/texlive/texmf-dist/tex/latex/xkeyval/pst-xkey.sty)
(/usr/share/texlive/texmf-dist/tex/latex/multido/multido.sty
(/usr/share/texlive/texmf-dist/tex/generic/multido/multido.tex
 v1.42, 2010/05/14 <tvz>))
(/usr/share/texlive/texmf-dist/tex/generic/pst-plot/pst-plot.tex
 v1.58, 2014/01/16 (tvz,hv)))
(/usr/share/texlive/texmf-dist/tex/latex/pst-pdf/pst-pdf.sty
(/usr/share/texlive/texmf-dist/tex/latex/graphics/graphicx.sty
(/usr/share/texlive/texmf-dist/tex/latex/graphics/graphics.sty
(/usr/share/texlive/texmf-dist/tex/latex/graphics/trig.sty)
(/usr/share/texlive/texmf-dist/tex/latex/latexconfig/graphics.cfg)))
No auxiliary output files.

(/usr/share/texmf/tex/latex/preview/preview.sty
(/usr/share/texmf/tex/latex/preview/prtightpage.def))
(/usr/share/texlive/texmf-dist/tex/latex/pdftex-def/pdftex.def))
No file OptTheoUebung.aux.
(/usr/share/texlive/texmf-dist/tex/latex/hyperref/nameref.sty
(/usr/share/texlive/texmf-dist/tex/generic/oberdiek/gettitlestring.sty))

Package hyperref Warning: Rerun to get /PageLabels entry.

Preview: Fontsize 10.95pt
(/usr/share/texlive/texmf-dist/tex/latex/amsfonts/umsa.fd)
(/usr/share/texlive/texmf-dist/tex/latex/amsfonts/umsb.fd)
Overfull \hbox (6.79999pt too wide) in paragraph at lines 100--102
[][]

Underfull \hbox (badness 10000) in paragraph at lines 100--102


Underfull \hbox (badness 10000) in paragraph at lines 416--418


Underfull \vbox (badness 10000) has occurred while \output is active

Package amsmath Warning: Foreign command \atop;
(amsmath)                \frac or \genfrac should be used instead
(amsmath)                 on input line 552.


Underfull \vbox (badness 2351) has occurred while \output is active
(/usr/share/texlive/texmf-dist/tex/latex/base/omscmr.fd)
Overfull \hbox (9.52335pt too wide) detected at line 741
\OML/cmm/m/it/10.95  [] \OT1/cmr/m/n/10.95 + (1 \OMS/cmsy/m/n/10.95 ^^@ \OML/c
mm/m/it/10.95 \OT1/cmr/m/n/10.95 ) [] = [] = [] = []

Underfull \vbox (badness 6348) has occurred while \output is active
Underfull \hbox (badness 10000) in paragraph at lines 1042--1044

Preview: Tightpage -32891 -32891 32891 32891
[1]
Underfull \hbox (badness 10000) in paragraph at lines 1180--1182


Overfull \hbox (33.59325pt too wide) detected at line 1206
[]

Underfull \vbox (badness 2285) has occurred while \output is active
Underfull \hbox (badness 10000) in paragraph at lines 1227--1228


Underfull \hbox (badness 10000) in paragraph at lines 1240--1241


Underfull \hbox (badness 10000) in paragraph at lines 1261--1262


Underfull \hbox (badness 10000) in paragraph at lines 1407--1409


Underfull \hbox (badness 10000) in paragraph at lines 1426--1428


Underfull \vbox (badness 10000) has occurred while \output is active )
(see the transcript file for additional information)
Output written on OptTheoUebung.dvi (1 page, 13356 bytes).
Transcript written on OptTheoUebung.log.
Result: ExitSuccess

Running /usr/bin/dvips OptTheoUebung.dvi -o OptTheoUebung-pics.ps in an env with 4 entries:
This is dvips(k) 5.993 Copyright 2013 Radical Eye Software (www.radicaleye.com)
' TeX output 2018.08.07:1412' -> OptTheoUebung-pics.ps
</usr/share/texlive/texmf-dist/dvips/base/tex.pro>
</usr/share/texlive/texmf-dist/dvips/pstricks/pstricks.pro>
</usr/share/texlive/texmf-dist/dvips/pstricks/pst-algparser.pro>
</usr/share/texlive/texmf-dist/dvips/pst-tools/pst-tools.pro>
</usr/share/texlive/texmf-dist/dvips/pstricks/pst-dots.pro>
</usr/share/texlive/texmf-dist/dvips/base/texps.pro>
</usr/share/texlive/texmf-dist/dvips/base/special.pro>. 
</usr/share/texlive/texmf-dist/fonts/type1/public/amsfonts/cm/cmsy10.pfb>
</usr/share/texlive/texmf-dist/fonts/type1/public/amsfonts/cm/cmr10.pfb>[1] 
Result: ExitSuccess

Running /usr/bin/ps2pdf OptTheoUebung-pics.ps in an env with 4 entries:
Result: ExitSuccess

Running /usr/bin/pdflatex OptTheoUebung.tex in an env with 4 entries:
This is pdfTeX, Version 3.1415926-2.5-1.40.14 (TeX Live 2013/Debian)
 restricted \write18 enabled.
entering extended mode
(data/OptTheoUebung.tex
LaTeX2e <2011/06/27>
Babel <3.9h> and hyphenation patterns for 78 languages loaded.
(/usr/share/texlive/texmf-dist/tex/latex/base/article.cls
Document Class: article 2007/10/19 v1.4h Standard LaTeX document class
(/usr/share/texlive/texmf-dist/tex/latex/base/size11.clo)) (data/latexki.sty)
(/usr/share/texlive/texmf-dist/tex/latex/amsfonts/amssymb.sty
(/usr/share/texlive/texmf-dist/tex/latex/amsfonts/amsfonts.sty))
(/usr/share/texlive/texmf-dist/tex/latex/amsmath/amsmath.sty
For additional information on amsmath, use the `?' option.
(/usr/share/texlive/texmf-dist/tex/latex/amsmath/amstext.sty
(/usr/share/texlive/texmf-dist/tex/latex/amsmath/amsgen.sty))
(/usr/share/texlive/texmf-dist/tex/latex/amsmath/amsbsy.sty)
(/usr/share/texlive/texmf-dist/tex/latex/amsmath/amsopn.sty))
(/usr/share/texlive/texmf-dist/tex/generic/german/ngerman.sty v2.5e 1998-07-08)
 (/usr/share/texlive/texmf-dist/tex/latex/fancyhdr/fancyhdr.sty)
(/usr/share/texlive/texmf-dist/tex/latex/amsfonts/euscript.sty)
(/usr/share/texlive/texmf-dist/tex/latex/base/makeidx.sty)
(/usr/share/texlive/texmf-dist/tex/latex/hyperref/hyperref.sty
(/usr/share/texlive/texmf-dist/tex/generic/oberdiek/hobsub-hyperref.sty
(/usr/share/texlive/texmf-dist/tex/generic/oberdiek/hobsub-generic.sty))
(/usr/share/texlive/texmf-dist/tex/latex/graphics/keyval.sty)
(/usr/share/texlive/texmf-dist/tex/generic/ifxetex/ifxetex.sty)
(/usr/share/texlive/texmf-dist/tex/latex/oberdiek/auxhook.sty)
(/usr/share/texlive/texmf-dist/tex/latex/oberdiek/kvoptions.sty)
(/usr/share/texlive/texmf-dist/tex/latex/hyperref/pd1enc.def)
(/usr/share/texlive/texmf-dist/tex/latex/latexconfig/hyperref.cfg)
(/usr/share/texlive/texmf-dist/tex/latex/url/url.sty))

Package hyperref Message: Driver (autodetected): hpdftex.

(/usr/share/texlive/texmf-dist/tex/latex/hyperref/hpdftex.def
(/usr/share/texlive/texmf-dist/tex/latex/oberdiek/rerunfilecheck.sty))
(/usr/share/texlive/texmf-dist/tex/latex/ntheorem/ntheorem.sty
Style `ntheorem', Version 1.33 <2011/08/15>
(/usr/share/texlive/texmf-dist/tex/latex/base/ifthen.sty))
(/usr/share/texlive/texmf-dist/tex/latex/base/inputenc.sty
(/usr/share/texlive/texmf-dist/tex/latex/base/utf8.def
(/usr/share/texlive/texmf-dist/tex/latex/base/t1enc.dfu)
(/usr/share/texlive/texmf-dist/tex/latex/base/ot1enc.dfu)
(/usr/share/texlive/texmf-dist/tex/latex/base/omsenc.dfu)))
(/usr/share/texlive/texmf-dist/tex/latex/pst-plot/pst-plot.sty
(/usr/share/texlive/texmf-dist/tex/latex/pstricks/pstricks.sty
(/usr/share/texlive/texmf-dist/tex/generic/pstricks/pstricks.tex
(/usr/share/texlive/texmf-dist/tex/generic/xkeyval/pst-xkey.tex
(/usr/share/texlive/texmf-dist/tex/latex/xkeyval/xkeyval.sty
(/usr/share/texlive/texmf-dist/tex/generic/xkeyval/xkeyval.tex)))
(/usr/share/texlive/texmf-dist/tex/generic/pstricks/pst-fp.tex
`pst-fp' v0.05, 2010/01/17 (hv))
(/usr/share/texmf/tex/generic/pgf/utilities/pgfutil-common.tex)
(/usr/share/texmf/tex/generic/pgf/utilities/pgfkeys.code.tex
(/usr/share/texmf/tex/generic/pgf/utilities/pgfkeysfiltered.code.tex))
(/usr/share/texmf/tex/generic/pgf/utilities/pgffor.code.tex)
`PSTricks' v2.51  <2014/02/03> (tvz)
(/usr/share/texlive/texmf-dist/tex/generic/pstricks/pstricks.con))
(/usr/share/texlive/texmf-dist/tex/generic/pstricks/pst-fp.tex)
(/usr/share/texmf/tex/latex/xcolor/xcolor.sty
(/usr/share/texlive/texmf-dist/tex/latex/latexconfig/color.cfg)
(/usr/share/texlive/texmf-dist/tex/latex/pdftex-def/pdftex.def)))
(/usr/share/texlive/texmf-dist/tex/latex/xkeyval/pst-xkey.sty)
(/usr/share/texlive/texmf-dist/tex/latex/multido/multido.sty
(/usr/share/texlive/texmf-dist/tex/generic/multido/multido.tex
 v1.42, 2010/05/14 <tvz>))
(/usr/share/texlive/texmf-dist/tex/generic/pst-plot/pst-plot.tex
 v1.58, 2014/01/16 (tvz,hv)))
(/usr/share/texlive/texmf-dist/tex/latex/pst-pdf/pst-pdf.sty
(/usr/share/texlive/texmf-dist/tex/latex/graphics/graphicx.sty
(/usr/share/texlive/texmf-dist/tex/latex/graphics/graphics.sty
(/usr/share/texlive/texmf-dist/tex/latex/graphics/trig.sty)
(/usr/share/texlive/texmf-dist/tex/latex/latexconfig/graphics.cfg)))
(/usr/share/texmf/tex/latex/preview/preview.sty)
(/usr/share/texlive/texmf-dist/tex/latex/graphics/dvips.def)
(/usr/share/texlive/texmf-dist/tex/latex/environ/environ.sty
(/usr/share/texlive/texmf-dist/tex/latex/trimspaces/trimspaces.sty)))
Writing index file OptTheoUebung.idx
No file OptTheoUebung.aux.
(/usr/share/texlive/texmf-dist/tex/latex/hyperref/nameref.sty
(/usr/share/texlive/texmf-dist/tex/generic/oberdiek/gettitlestring.sty))
(/usr/share/texlive/texmf-dist/tex/context/base/supp-pdf.mkii
[Loading MPS to PDF converter (version 2006.09.02).]
)
Preview: Fontsize 10.95pt
Preview: PDFoutput 1
(/usr/share/texlive/texmf-dist/tex/latex/amsfonts/umsa.fd)
(/usr/share/texlive/texmf-dist/tex/latex/amsfonts/umsb.fd) [1
Non-PDF special ignored!
Non-PDF special ignored!
Non-PDF special ignored!{/var/lib/texmf/fonts/map/pdftex/updmap/pdftex.map}]
Overfull \hbox (6.79999pt too wide) in paragraph at lines 100--102
[][]

Underfull \hbox (badness 10000) in paragraph at lines 100--102

[2]pdfTeX warning (ext4): destination with the same identifier (name{page.1}) h
as been already used, duplicate ignored
<to be read again> 
                   \relax 
l.152 
       [1]pdfTeX warning (ext4): destination with the same identifier (name{pag
e.2}) has been already used, duplicate ignored
<to be read again> 
                   \relax 
l.154 \newpage
               [2] [3]pdfTeX warning (ext4): destination with the same identifi
er (name{equation.2.1}) has been already used, duplicate ignored
<to be read again> 
                   \relax 
l.216 \begin{eqnarray}
                      pdfTeX warning (ext4): destination with the same identifi
er (name{equation.2.1}) has been already used, duplicate ignored
<to be read again> 
                   \relax 
l.216 \begin{eqnarray}
                      pdfTeX warning (ext4): destination with the same identifi
er (name{equation.2.1}) has been already used, duplicate ignored
<to be read again> 
                   \relax 
l.216 \begin{eqnarray}
                      pdfTeX warning (ext4): destination with the same identifi
er (name{equation.2.1}) has been already used, duplicate ignored
<to be read again> 
                   \relax 
l.216 \begin{eqnarray}
                       [4] [5] [6] [7] [8] [9]
Underfull \hbox (badness 10000) in paragraph at lines 416--418

[10] [11]
Underfull \vbox (badness 10000) has occurred while \output is active [12]
[13]

Package amsmath Warning: Foreign command \atop;
(amsmath)                \frac or \genfrac should be used instead
(amsmath)                 on input line 552.

[14] [15] [16] [17]
Underfull \vbox (badness 2351) has occurred while \output is active [18]
[19] (/usr/share/texlive/texmf-dist/tex/latex/base/omscmr.fd)
Overfull \hbox (9.52335pt too wide) detected at line 741
\OML/cmm/m/it/10.95  [] \OT1/cmr/m/n/10.95 + (1 \OMS/cmsy/m/n/10.95 ^^@ \OML/c
mm/m/it/10.95 \OT1/cmr/m/n/10.95 ) [] = [] = [] = []
[20] [21] [22]
Underfull \vbox (badness 6348) has occurred while \output is active [23]
[24] [25] [26]
Underfull \hbox (badness 10000) in paragraph at lines 1042--1044

[27] <OptTheoUebung-pics.pdf, id=177, page=1, 285.52672pt x 143.26523pt>
<use OptTheoUebung-pics.pdf, page 1> [28 <./OptTheoUebung-pics.pdf>] [29]
[30]
Underfull \hbox (badness 10000) in paragraph at lines 1180--1182


Overfull \hbox (33.59325pt too wide) detected at line 1206
[]

Underfull \vbox (badness 2285) has occurred while \output is active [31]
Underfull \hbox (badness 10000) in paragraph at lines 1227--1228


Underfull \hbox (badness 10000) in paragraph at lines 1240--1241

[32]
Underfull \hbox (badness 10000) in paragraph at lines 1261--1262

[33] [34] [35] [36]
Underfull \hbox (badness 10000) in paragraph at lines 1407--1409

[37]
Underfull \hbox (badness 10000) in paragraph at lines 1426--1428


Underfull \vbox (badness 10000) has occurred while \output is active [38]
[39] [40] [41] [42] [43] [44] [45] [46] [47] [48] [49] (./OptTheoUebung.aux)

Package rerunfilecheck Warning: File `OptTheoUebung.out' has changed.
(rerunfilecheck)                Rerun to get outlines right
(rerunfilecheck)                or use package `bookmark'.

 )
(see the transcript file for additional information)</usr/share/texlive/texmf-d
ist/fonts/type1/public/amsfonts/cm/cmbx10.pfb></usr/share/texlive/texmf-dist/fo
nts/type1/public/amsfonts/cm/cmbx12.pfb></usr/share/texlive/texmf-dist/fonts/ty
pe1/public/amsfonts/cm/cmex10.pfb></usr/share/texlive/texmf-dist/fonts/type1/pu
blic/amsfonts/cmextra/cmex8.pfb></usr/share/texlive/texmf-dist/fonts/type1/publ
ic/amsfonts/cm/cmmi10.pfb></usr/share/texlive/texmf-dist/fonts/type1/public/ams
fonts/cm/cmmi6.pfb></usr/share/texlive/texmf-dist/fonts/type1/public/amsfonts/c
m/cmmi8.pfb></usr/share/texlive/texmf-dist/fonts/type1/public/amsfonts/cm/cmr10
.pfb></usr/share/texlive/texmf-dist/fonts/type1/public/amsfonts/cm/cmr12.pfb></
usr/share/texlive/texmf-dist/fonts/type1/public/amsfonts/cm/cmr17.pfb></usr/sha
re/texlive/texmf-dist/fonts/type1/public/amsfonts/cm/cmr6.pfb></usr/share/texli
ve/texmf-dist/fonts/type1/public/amsfonts/cm/cmr8.pfb></usr/share/texlive/texmf
-dist/fonts/type1/public/amsfonts/cm/cmsl10.pfb></usr/share/texlive/texmf-dist/
fonts/type1/public/amsfonts/cm/cmsy10.pfb></usr/share/texlive/texmf-dist/fonts/
type1/public/amsfonts/cm/cmsy6.pfb></usr/share/texlive/texmf-dist/fonts/type1/p
ublic/amsfonts/cm/cmsy8.pfb></usr/share/texlive/texmf-dist/fonts/type1/public/a
msfonts/cm/cmti10.pfb></usr/share/texlive/texmf-dist/fonts/type1/public/amsfont
s/cm/cmtt10.pfb></usr/share/texlive/texmf-dist/fonts/type1/public/amsfonts/symb
ols/msbm10.pfb>
Output written on OptTheoUebung.pdf (51 pages, 355113 bytes).
Transcript written on OptTheoUebung.log.
Result: ExitSuccess

Running /usr/bin/pdflatex OptTheoUebung.tex in an env with 4 entries:
This is pdfTeX, Version 3.1415926-2.5-1.40.14 (TeX Live 2013/Debian)
 restricted \write18 enabled.
entering extended mode
(data/OptTheoUebung.tex
LaTeX2e <2011/06/27>
Babel <3.9h> and hyphenation patterns for 78 languages loaded.
(/usr/share/texlive/texmf-dist/tex/latex/base/article.cls
Document Class: article 2007/10/19 v1.4h Standard LaTeX document class
(/usr/share/texlive/texmf-dist/tex/latex/base/size11.clo)) (data/latexki.sty)
(/usr/share/texlive/texmf-dist/tex/latex/amsfonts/amssymb.sty
(/usr/share/texlive/texmf-dist/tex/latex/amsfonts/amsfonts.sty))
(/usr/share/texlive/texmf-dist/tex/latex/amsmath/amsmath.sty
For additional information on amsmath, use the `?' option.
(/usr/share/texlive/texmf-dist/tex/latex/amsmath/amstext.sty
(/usr/share/texlive/texmf-dist/tex/latex/amsmath/amsgen.sty))
(/usr/share/texlive/texmf-dist/tex/latex/amsmath/amsbsy.sty)
(/usr/share/texlive/texmf-dist/tex/latex/amsmath/amsopn.sty))
(/usr/share/texlive/texmf-dist/tex/generic/german/ngerman.sty v2.5e 1998-07-08)
 (/usr/share/texlive/texmf-dist/tex/latex/fancyhdr/fancyhdr.sty)
(/usr/share/texlive/texmf-dist/tex/latex/amsfonts/euscript.sty)
(/usr/share/texlive/texmf-dist/tex/latex/base/makeidx.sty)
(/usr/share/texlive/texmf-dist/tex/latex/hyperref/hyperref.sty
(/usr/share/texlive/texmf-dist/tex/generic/oberdiek/hobsub-hyperref.sty
(/usr/share/texlive/texmf-dist/tex/generic/oberdiek/hobsub-generic.sty))
(/usr/share/texlive/texmf-dist/tex/latex/graphics/keyval.sty)
(/usr/share/texlive/texmf-dist/tex/generic/ifxetex/ifxetex.sty)
(/usr/share/texlive/texmf-dist/tex/latex/oberdiek/auxhook.sty)
(/usr/share/texlive/texmf-dist/tex/latex/oberdiek/kvoptions.sty)
(/usr/share/texlive/texmf-dist/tex/latex/hyperref/pd1enc.def)
(/usr/share/texlive/texmf-dist/tex/latex/latexconfig/hyperref.cfg)
(/usr/share/texlive/texmf-dist/tex/latex/url/url.sty))

Package hyperref Message: Driver (autodetected): hpdftex.

(/usr/share/texlive/texmf-dist/tex/latex/hyperref/hpdftex.def
(/usr/share/texlive/texmf-dist/tex/latex/oberdiek/rerunfilecheck.sty))
(/usr/share/texlive/texmf-dist/tex/latex/ntheorem/ntheorem.sty
Style `ntheorem', Version 1.33 <2011/08/15>
(/usr/share/texlive/texmf-dist/tex/latex/base/ifthen.sty))
(/usr/share/texlive/texmf-dist/tex/latex/base/inputenc.sty
(/usr/share/texlive/texmf-dist/tex/latex/base/utf8.def
(/usr/share/texlive/texmf-dist/tex/latex/base/t1enc.dfu)
(/usr/share/texlive/texmf-dist/tex/latex/base/ot1enc.dfu)
(/usr/share/texlive/texmf-dist/tex/latex/base/omsenc.dfu)))
(/usr/share/texlive/texmf-dist/tex/latex/pst-plot/pst-plot.sty
(/usr/share/texlive/texmf-dist/tex/latex/pstricks/pstricks.sty
(/usr/share/texlive/texmf-dist/tex/generic/pstricks/pstricks.tex
(/usr/share/texlive/texmf-dist/tex/generic/xkeyval/pst-xkey.tex
(/usr/share/texlive/texmf-dist/tex/latex/xkeyval/xkeyval.sty
(/usr/share/texlive/texmf-dist/tex/generic/xkeyval/xkeyval.tex)))
(/usr/share/texlive/texmf-dist/tex/generic/pstricks/pst-fp.tex
`pst-fp' v0.05, 2010/01/17 (hv))
(/usr/share/texmf/tex/generic/pgf/utilities/pgfutil-common.tex)
(/usr/share/texmf/tex/generic/pgf/utilities/pgfkeys.code.tex
(/usr/share/texmf/tex/generic/pgf/utilities/pgfkeysfiltered.code.tex))
(/usr/share/texmf/tex/generic/pgf/utilities/pgffor.code.tex)
`PSTricks' v2.51  <2014/02/03> (tvz)
(/usr/share/texlive/texmf-dist/tex/generic/pstricks/pstricks.con))
(/usr/share/texlive/texmf-dist/tex/generic/pstricks/pst-fp.tex)
(/usr/share/texmf/tex/latex/xcolor/xcolor.sty
(/usr/share/texlive/texmf-dist/tex/latex/latexconfig/color.cfg)
(/usr/share/texlive/texmf-dist/tex/latex/pdftex-def/pdftex.def)))
(/usr/share/texlive/texmf-dist/tex/latex/xkeyval/pst-xkey.sty)
(/usr/share/texlive/texmf-dist/tex/latex/multido/multido.sty
(/usr/share/texlive/texmf-dist/tex/generic/multido/multido.tex
 v1.42, 2010/05/14 <tvz>))
(/usr/share/texlive/texmf-dist/tex/generic/pst-plot/pst-plot.tex
 v1.58, 2014/01/16 (tvz,hv)))
(/usr/share/texlive/texmf-dist/tex/latex/pst-pdf/pst-pdf.sty
(/usr/share/texlive/texmf-dist/tex/latex/graphics/graphicx.sty
(/usr/share/texlive/texmf-dist/tex/latex/graphics/graphics.sty
(/usr/share/texlive/texmf-dist/tex/latex/graphics/trig.sty)
(/usr/share/texlive/texmf-dist/tex/latex/latexconfig/graphics.cfg)))
(/usr/share/texmf/tex/latex/preview/preview.sty)
(/usr/share/texlive/texmf-dist/tex/latex/graphics/dvips.def)
(/usr/share/texlive/texmf-dist/tex/latex/environ/environ.sty
(/usr/share/texlive/texmf-dist/tex/latex/trimspaces/trimspaces.sty)))
Writing index file OptTheoUebung.idx
(./OptTheoUebung.aux)
(/usr/share/texlive/texmf-dist/tex/latex/hyperref/nameref.sty
(/usr/share/texlive/texmf-dist/tex/generic/oberdiek/gettitlestring.sty))
(./OptTheoUebung.out) (./OptTheoUebung.out)
(/usr/share/texlive/texmf-dist/tex/context/base/supp-pdf.mkii
[Loading MPS to PDF converter (version 2006.09.02).]
)
Preview: Fontsize 10.95pt
Preview: PDFoutput 1
(/usr/share/texlive/texmf-dist/tex/latex/amsfonts/umsa.fd)
(/usr/share/texlive/texmf-dist/tex/latex/amsfonts/umsb.fd) [1
Non-PDF special ignored!
Non-PDF special ignored!
Non-PDF special ignored!{/var/lib/texmf/fonts/map/pdftex/updmap/pdftex.map}]
(./OptTheoUebung.toc)
Overfull \hbox (6.79999pt too wide) in paragraph at lines 100--102
[][]

Underfull \hbox (badness 10000) in paragraph at lines 100--102

[2]pdfTeX warning (ext4): destination with the same identifier (name{page.1}) h
as been already used, duplicate ignored
<to be read again> 
                   \relax 
l.152 
       [1]pdfTeX warning (ext4): destination with the same identifier (name{pag
e.2}) has been already used, duplicate ignored
<to be read again> 
                   \relax 
l.154 \newpage
               [2] [3]pdfTeX warning (ext4): destination with the same identifi
er (name{equation.2.1}) has been already used, duplicate ignored
<to be read again> 
                   \relax 
l.216 \begin{eqnarray}
                      pdfTeX warning (ext4): destination with the same identifi
er (name{equation.2.1}) has been already used, duplicate ignored
<to be read again> 
                   \relax 
l.216 \begin{eqnarray}
                      pdfTeX warning (ext4): destination with the same identifi
er (name{equation.2.1}) has been already used, duplicate ignored
<to be read again> 
                   \relax 
l.216 \begin{eqnarray}
                      pdfTeX warning (ext4): destination with the same identifi
er (name{equation.2.1}) has been already used, duplicate ignored
<to be read again> 
                   \relax 
l.216 \begin{eqnarray}
                       [4] [5] [6] [7] [8] [9]
Underfull \hbox (badness 10000) in paragraph at lines 416--418

[10] [11]
Underfull \vbox (badness 10000) has occurred while \output is active [12]
[13]

Package amsmath Warning: Foreign command \atop;
(amsmath)                \frac or \genfrac should be used instead
(amsmath)                 on input line 552.

[14] [15] [16] [17]
Underfull \vbox (badness 2351) has occurred while \output is active [18]
[19] (/usr/share/texlive/texmf-dist/tex/latex/base/omscmr.fd)
Overfull \hbox (9.52335pt too wide) detected at line 741
\OML/cmm/m/it/10.95  [] \OT1/cmr/m/n/10.95 + (1 \OMS/cmsy/m/n/10.95 ^^@ \OML/c
mm/m/it/10.95 \OT1/cmr/m/n/10.95 ) [] = [] = [] = []
[20] [21] [22]
Underfull \vbox (badness 6348) has occurred while \output is active [23]
[24] [25] [26]
Underfull \hbox (badness 10000) in paragraph at lines 1042--1044

[27] <OptTheoUebung-pics.pdf, id=238, page=1, 285.52672pt x 143.26523pt>
<use OptTheoUebung-pics.pdf, page 1> [28 <./OptTheoUebung-pics.pdf>] [29]
[30]
Underfull \hbox (badness 10000) in paragraph at lines 1180--1182


Overfull \hbox (33.59325pt too wide) detected at line 1206
[]

Underfull \vbox (badness 2285) has occurred while \output is active [31]
Underfull \hbox (badness 10000) in paragraph at lines 1227--1228


Underfull \hbox (badness 10000) in paragraph at lines 1240--1241

[32]
Underfull \hbox (badness 10000) in paragraph at lines 1261--1262

[33] [34] [35] [36]
Underfull \hbox (badness 10000) in paragraph at lines 1407--1409

[37]
Underfull \hbox (badness 10000) in paragraph at lines 1426--1428


Underfull \vbox (badness 10000) has occurred while \output is active [38]
[39] [40] [41] [42] [43] [44] [45] [46] [47] [48] [49] (./OptTheoUebung.aux) )
(see the transcript file for additional information)</usr/share/texlive/texmf-d
ist/fonts/type1/public/amsfonts/cm/cmbx10.pfb></usr/share/texlive/texmf-dist/fo
nts/type1/public/amsfonts/cm/cmbx12.pfb></usr/share/texlive/texmf-dist/fonts/ty
pe1/public/amsfonts/cm/cmex10.pfb></usr/share/texlive/texmf-dist/fonts/type1/pu
blic/amsfonts/cmextra/cmex8.pfb></usr/share/texlive/texmf-dist/fonts/type1/publ
ic/amsfonts/cm/cmmi10.pfb></usr/share/texlive/texmf-dist/fonts/type1/public/ams
fonts/cm/cmmi6.pfb></usr/share/texlive/texmf-dist/fonts/type1/public/amsfonts/c
m/cmmi8.pfb></usr/share/texlive/texmf-dist/fonts/type1/public/amsfonts/cm/cmr10
.pfb></usr/share/texlive/texmf-dist/fonts/type1/public/amsfonts/cm/cmr12.pfb></
usr/share/texlive/texmf-dist/fonts/type1/public/amsfonts/cm/cmr17.pfb></usr/sha
re/texlive/texmf-dist/fonts/type1/public/amsfonts/cm/cmr6.pfb></usr/share/texli
ve/texmf-dist/fonts/type1/public/amsfonts/cm/cmr8.pfb></usr/share/texlive/texmf
-dist/fonts/type1/public/amsfonts/cm/cmsl10.pfb></usr/share/texlive/texmf-dist/
fonts/type1/public/amsfonts/cm/cmsy10.pfb></usr/share/texlive/texmf-dist/fonts/
type1/public/amsfonts/cm/cmsy6.pfb></usr/share/texlive/texmf-dist/fonts/type1/p
ublic/amsfonts/cm/cmsy8.pfb></usr/share/texlive/texmf-dist/fonts/type1/public/a
msfonts/cm/cmti10.pfb></usr/share/texlive/texmf-dist/fonts/type1/public/amsfont
s/cm/cmtt10.pfb></usr/share/texlive/texmf-dist/fonts/type1/public/amsfonts/symb
ols/msbm10.pfb>
Output written on OptTheoUebung.pdf (51 pages, 357813 bytes).
Transcript written on OptTheoUebung.log.
Result: ExitSuccess

Running /usr/bin/pdflatex OptTheoUebung.tex in an env with 4 entries:
This is pdfTeX, Version 3.1415926-2.5-1.40.14 (TeX Live 2013/Debian)
 restricted \write18 enabled.
entering extended mode
(data/OptTheoUebung.tex
LaTeX2e <2011/06/27>
Babel <3.9h> and hyphenation patterns for 78 languages loaded.
(/usr/share/texlive/texmf-dist/tex/latex/base/article.cls
Document Class: article 2007/10/19 v1.4h Standard LaTeX document class
(/usr/share/texlive/texmf-dist/tex/latex/base/size11.clo)) (data/latexki.sty)
(/usr/share/texlive/texmf-dist/tex/latex/amsfonts/amssymb.sty
(/usr/share/texlive/texmf-dist/tex/latex/amsfonts/amsfonts.sty))
(/usr/share/texlive/texmf-dist/tex/latex/amsmath/amsmath.sty
For additional information on amsmath, use the `?' option.
(/usr/share/texlive/texmf-dist/tex/latex/amsmath/amstext.sty
(/usr/share/texlive/texmf-dist/tex/latex/amsmath/amsgen.sty))
(/usr/share/texlive/texmf-dist/tex/latex/amsmath/amsbsy.sty)
(/usr/share/texlive/texmf-dist/tex/latex/amsmath/amsopn.sty))
(/usr/share/texlive/texmf-dist/tex/generic/german/ngerman.sty v2.5e 1998-07-08)
 (/usr/share/texlive/texmf-dist/tex/latex/fancyhdr/fancyhdr.sty)
(/usr/share/texlive/texmf-dist/tex/latex/amsfonts/euscript.sty)
(/usr/share/texlive/texmf-dist/tex/latex/base/makeidx.sty)
(/usr/share/texlive/texmf-dist/tex/latex/hyperref/hyperref.sty
(/usr/share/texlive/texmf-dist/tex/generic/oberdiek/hobsub-hyperref.sty
(/usr/share/texlive/texmf-dist/tex/generic/oberdiek/hobsub-generic.sty))
(/usr/share/texlive/texmf-dist/tex/latex/graphics/keyval.sty)
(/usr/share/texlive/texmf-dist/tex/generic/ifxetex/ifxetex.sty)
(/usr/share/texlive/texmf-dist/tex/latex/oberdiek/auxhook.sty)
(/usr/share/texlive/texmf-dist/tex/latex/oberdiek/kvoptions.sty)
(/usr/share/texlive/texmf-dist/tex/latex/hyperref/pd1enc.def)
(/usr/share/texlive/texmf-dist/tex/latex/latexconfig/hyperref.cfg)
(/usr/share/texlive/texmf-dist/tex/latex/url/url.sty))

Package hyperref Message: Driver (autodetected): hpdftex.

(/usr/share/texlive/texmf-dist/tex/latex/hyperref/hpdftex.def
(/usr/share/texlive/texmf-dist/tex/latex/oberdiek/rerunfilecheck.sty))
(/usr/share/texlive/texmf-dist/tex/latex/ntheorem/ntheorem.sty
Style `ntheorem', Version 1.33 <2011/08/15>
(/usr/share/texlive/texmf-dist/tex/latex/base/ifthen.sty))
(/usr/share/texlive/texmf-dist/tex/latex/base/inputenc.sty
(/usr/share/texlive/texmf-dist/tex/latex/base/utf8.def
(/usr/share/texlive/texmf-dist/tex/latex/base/t1enc.dfu)
(/usr/share/texlive/texmf-dist/tex/latex/base/ot1enc.dfu)
(/usr/share/texlive/texmf-dist/tex/latex/base/omsenc.dfu)))
(/usr/share/texlive/texmf-dist/tex/latex/pst-plot/pst-plot.sty
(/usr/share/texlive/texmf-dist/tex/latex/pstricks/pstricks.sty
(/usr/share/texlive/texmf-dist/tex/generic/pstricks/pstricks.tex
(/usr/share/texlive/texmf-dist/tex/generic/xkeyval/pst-xkey.tex
(/usr/share/texlive/texmf-dist/tex/latex/xkeyval/xkeyval.sty
(/usr/share/texlive/texmf-dist/tex/generic/xkeyval/xkeyval.tex)))
(/usr/share/texlive/texmf-dist/tex/generic/pstricks/pst-fp.tex
`pst-fp' v0.05, 2010/01/17 (hv))
(/usr/share/texmf/tex/generic/pgf/utilities/pgfutil-common.tex)
(/usr/share/texmf/tex/generic/pgf/utilities/pgfkeys.code.tex
(/usr/share/texmf/tex/generic/pgf/utilities/pgfkeysfiltered.code.tex))
(/usr/share/texmf/tex/generic/pgf/utilities/pgffor.code.tex)
`PSTricks' v2.51  <2014/02/03> (tvz)
(/usr/share/texlive/texmf-dist/tex/generic/pstricks/pstricks.con))
(/usr/share/texlive/texmf-dist/tex/generic/pstricks/pst-fp.tex)
(/usr/share/texmf/tex/latex/xcolor/xcolor.sty
(/usr/share/texlive/texmf-dist/tex/latex/latexconfig/color.cfg)
(/usr/share/texlive/texmf-dist/tex/latex/pdftex-def/pdftex.def)))
(/usr/share/texlive/texmf-dist/tex/latex/xkeyval/pst-xkey.sty)
(/usr/share/texlive/texmf-dist/tex/latex/multido/multido.sty
(/usr/share/texlive/texmf-dist/tex/generic/multido/multido.tex
 v1.42, 2010/05/14 <tvz>))
(/usr/share/texlive/texmf-dist/tex/generic/pst-plot/pst-plot.tex
 v1.58, 2014/01/16 (tvz,hv)))
(/usr/share/texlive/texmf-dist/tex/latex/pst-pdf/pst-pdf.sty
(/usr/share/texlive/texmf-dist/tex/latex/graphics/graphicx.sty
(/usr/share/texlive/texmf-dist/tex/latex/graphics/graphics.sty
(/usr/share/texlive/texmf-dist/tex/latex/graphics/trig.sty)
(/usr/share/texlive/texmf-dist/tex/latex/latexconfig/graphics.cfg)))
(/usr/share/texmf/tex/latex/preview/preview.sty)
(/usr/share/texlive/texmf-dist/tex/latex/graphics/dvips.def)
(/usr/share/texlive/texmf-dist/tex/latex/environ/environ.sty
(/usr/share/texlive/texmf-dist/tex/latex/trimspaces/trimspaces.sty)))
Writing index file OptTheoUebung.idx
(./OptTheoUebung.aux)
(/usr/share/texlive/texmf-dist/tex/latex/hyperref/nameref.sty
(/usr/share/texlive/texmf-dist/tex/generic/oberdiek/gettitlestring.sty))
(./OptTheoUebung.out) (./OptTheoUebung.out)
(/usr/share/texlive/texmf-dist/tex/context/base/supp-pdf.mkii
[Loading MPS to PDF converter (version 2006.09.02).]
)
Preview: Fontsize 10.95pt
Preview: PDFoutput 1
(/usr/share/texlive/texmf-dist/tex/latex/amsfonts/umsa.fd)
(/usr/share/texlive/texmf-dist/tex/latex/amsfonts/umsb.fd) [1
Non-PDF special ignored!
Non-PDF special ignored!
Non-PDF special ignored!{/var/lib/texmf/fonts/map/pdftex/updmap/pdftex.map}]
(./OptTheoUebung.toc)
Overfull \hbox (6.79999pt too wide) in paragraph at lines 100--102
[][]

Underfull \hbox (badness 10000) in paragraph at lines 100--102

[2]pdfTeX warning (ext4): destination with the same identifier (name{page.1}) h
as been already used, duplicate ignored
<to be read again> 
                   \relax 
l.152 
       [1]pdfTeX warning (ext4): destination with the same identifier (name{pag
e.2}) has been already used, duplicate ignored
<to be read again> 
                   \relax 
l.154 \newpage
               [2] [3]pdfTeX warning (ext4): destination with the same identifi
er (name{equation.2.1}) has been already used, duplicate ignored
<to be read again> 
                   \relax 
l.216 \begin{eqnarray}
                      pdfTeX warning (ext4): destination with the same identifi
er (name{equation.2.1}) has been already used, duplicate ignored
<to be read again> 
                   \relax 
l.216 \begin{eqnarray}
                      pdfTeX warning (ext4): destination with the same identifi
er (name{equation.2.1}) has been already used, duplicate ignored
<to be read again> 
                   \relax 
l.216 \begin{eqnarray}
                      pdfTeX warning (ext4): destination with the same identifi
er (name{equation.2.1}) has been already used, duplicate ignored
<to be read again> 
                   \relax 
l.216 \begin{eqnarray}
                       [4] [5] [6] [7] [8] [9]
Underfull \hbox (badness 10000) in paragraph at lines 416--418

[10] [11]
Underfull \vbox (badness 10000) has occurred while \output is active [12]
[13]

Package amsmath Warning: Foreign command \atop;
(amsmath)                \frac or \genfrac should be used instead
(amsmath)                 on input line 552.

[14] [15] [16] [17]
Underfull \vbox (badness 2351) has occurred while \output is active [18]
[19] (/usr/share/texlive/texmf-dist/tex/latex/base/omscmr.fd)
Overfull \hbox (9.52335pt too wide) detected at line 741
\OML/cmm/m/it/10.95  [] \OT1/cmr/m/n/10.95 + (1 \OMS/cmsy/m/n/10.95 ^^@ \OML/c
mm/m/it/10.95 \OT1/cmr/m/n/10.95 ) [] = [] = [] = []
[20] [21] [22]
Underfull \vbox (badness 6348) has occurred while \output is active [23]
[24] [25] [26]
Underfull \hbox (badness 10000) in paragraph at lines 1042--1044

[27] <OptTheoUebung-pics.pdf, id=238, page=1, 285.52672pt x 143.26523pt>
<use OptTheoUebung-pics.pdf, page 1> [28 <./OptTheoUebung-pics.pdf>] [29]
[30]
Underfull \hbox (badness 10000) in paragraph at lines 1180--1182


Overfull \hbox (33.59325pt too wide) detected at line 1206
[]

Underfull \vbox (badness 2285) has occurred while \output is active [31]
Underfull \hbox (badness 10000) in paragraph at lines 1227--1228


Underfull \hbox (badness 10000) in paragraph at lines 1240--1241

[32]
Underfull \hbox (badness 10000) in paragraph at lines 1261--1262

[33] [34] [35] [36]
Underfull \hbox (badness 10000) in paragraph at lines 1407--1409

[37]
Underfull \hbox (badness 10000) in paragraph at lines 1426--1428


Underfull \vbox (badness 10000) has occurred while \output is active [38]
[39] [40] [41] [42] [43] [44] [45] [46] [47] [48] [49] (./OptTheoUebung.aux) )
(see the transcript file for additional information)</usr/share/texlive/texmf-d
ist/fonts/type1/public/amsfonts/cm/cmbx10.pfb></usr/share/texlive/texmf-dist/fo
nts/type1/public/amsfonts/cm/cmbx12.pfb></usr/share/texlive/texmf-dist/fonts/ty
pe1/public/amsfonts/cm/cmex10.pfb></usr/share/texlive/texmf-dist/fonts/type1/pu
blic/amsfonts/cmextra/cmex8.pfb></usr/share/texlive/texmf-dist/fonts/type1/publ
ic/amsfonts/cm/cmmi10.pfb></usr/share/texlive/texmf-dist/fonts/type1/public/ams
fonts/cm/cmmi6.pfb></usr/share/texlive/texmf-dist/fonts/type1/public/amsfonts/c
m/cmmi8.pfb></usr/share/texlive/texmf-dist/fonts/type1/public/amsfonts/cm/cmr10
.pfb></usr/share/texlive/texmf-dist/fonts/type1/public/amsfonts/cm/cmr12.pfb></
usr/share/texlive/texmf-dist/fonts/type1/public/amsfonts/cm/cmr17.pfb></usr/sha
re/texlive/texmf-dist/fonts/type1/public/amsfonts/cm/cmr6.pfb></usr/share/texli
ve/texmf-dist/fonts/type1/public/amsfonts/cm/cmr8.pfb></usr/share/texlive/texmf
-dist/fonts/type1/public/amsfonts/cm/cmsl10.pfb></usr/share/texlive/texmf-dist/
fonts/type1/public/amsfonts/cm/cmsy10.pfb></usr/share/texlive/texmf-dist/fonts/
type1/public/amsfonts/cm/cmsy6.pfb></usr/share/texlive/texmf-dist/fonts/type1/p
ublic/amsfonts/cm/cmsy8.pfb></usr/share/texlive/texmf-dist/fonts/type1/public/a
msfonts/cm/cmti10.pfb></usr/share/texlive/texmf-dist/fonts/type1/public/amsfont
s/cm/cmtt10.pfb></usr/share/texlive/texmf-dist/fonts/type1/public/amsfonts/symb
ols/msbm10.pfb>
Output written on OptTheoUebung.pdf (51 pages, 357813 bytes).
Transcript written on OptTheoUebung.log.
Result: ExitSuccess

Running /usr/bin/convert -verbose OptTheoUebung.pdf[0] -resize 70x OptTheoUebung.png in an env with 4 entries:
"gs" -q -dQUIET -dSAFER -dBATCH -dNOPAUSE -dNOPROMPT -dMaxBitmap=500000000 -dAlignToPixels=0 -dGridFitTT=2 "-sDEVICE=pngalpha" -dTextAlphaBits=4 -dGraphicsAlphaBits=4 "-r72x72" -dFirstPage=1 -dLastPage=1 "-sOutputFile=/tmp/magick-dkLcmhSf-%08d" "-f/tmp/magick-ML9Ei5ix" "-f/tmp/magick-j-mFU2JO"
/tmp/magick-dkLcmhSf-00000001 PNG 595x842 595x842+0+0 8-bit DirectClass 10.4KB 0.020u 0:00.010
OptTheoUebung.pdf[0]=>OptTheoUebung.pdf PDF 595x842 595x842+0+0 16-bit DirectClass 10.4KB 0.000u 0:00.000
OptTheoUebung.pdf[0]=>OptTheoUebung.png PDF 595x842=>70x99 70x99+0+0 8-bit PseudoClass 215c 0.030u 0:00.019
Result: ExitSuccess

Running /usr/bin/optipng -verbose OptTheoUebung.png in an env with 4 entries:
OptiPNG 0.6.4: Advanced PNG optimizer.
Copyright (C) 2001-2010 Cosmin Truta.

** Processing: OptTheoUebung.png
70x99 pixels, 2x8 bits/pixel, grayscale+alpha
Reducing image to 8 bits/pixel, 49 colors (48 transparent) in palette
Input IDAT size = 309 bytes
Input file size = 604 bytes

Trying:
  zc = 9  zm = 8  zs = 0  f = 0		IDAT size = 227
  zc = 9  zm = 8  zs = 1  f = 0		IDAT too big
  zc = 1  zm = 8  zs = 2  f = 0		IDAT too big
  zc = 9  zm = 8  zs = 3  f = 0		IDAT size = 220
  zc = 9  zm = 8  zs = 0  f = 5		IDAT too big
  zc = 9  zm = 8  zs = 1  f = 5		IDAT too big
  zc = 1  zm = 8  zs = 2  f = 5		IDAT too big
  zc = 9  zm = 8  zs = 3  f = 5		IDAT too big

OptTheoUebung.png is already optimized.

** Status report
1 file(s) have been processed.
Result: ExitSuccess
