
Running /usr/bin/pdflatex QuotientenLogarithmus.tex in an env with 4 entries:
This is pdfTeX, Version 3.1415926-2.5-1.40.14 (TeX Live 2013/Debian)
 restricted \write18 enabled.
entering extended mode
(data/QuotientenLogarithmus.tex
LaTeX2e <2011/06/27>
Babel <3.9h> and hyphenation patterns for 78 languages loaded.
(/usr/share/texlive/texmf-dist/tex/latex/amscls/amsart.cls
Document Class: amsart 2009/07/02 v2.20.1
(/usr/share/texlive/texmf-dist/tex/latex/amsmath/amsmath.sty
For additional information on amsmath, use the `?' option.
(/usr/share/texlive/texmf-dist/tex/latex/amsmath/amstext.sty
(/usr/share/texlive/texmf-dist/tex/latex/amsmath/amsgen.sty))
(/usr/share/texlive/texmf-dist/tex/latex/amsmath/amsbsy.sty)
(/usr/share/texlive/texmf-dist/tex/latex/amsmath/amsopn.sty))
(/usr/share/texlive/texmf-dist/tex/latex/amsfonts/umsa.fd)
(/usr/share/texlive/texmf-dist/tex/latex/amsfonts/amsfonts.sty))
(/usr/share/texlive/texmf-dist/tex/generic/german/german.sty v2.5e 1998-07-08)
(/usr/share/texlive/texmf-dist/tex/latex/base/inputenc.sty
(/usr/share/texlive/texmf-dist/tex/latex/ucs/utf8x.def))
(/usr/share/texlive/texmf-dist/tex/latex/ucs/ucs.sty
(/usr/share/texlive/texmf-dist/tex/latex/ucs/data/uni-global.def))
No file QuotientenLogarithmus.aux.
(/usr/share/texlive/texmf-dist/tex/latex/amsfonts/umsa.fd)
(/usr/share/texlive/texmf-dist/tex/latex/amsfonts/umsb.fd)
(/usr/share/texlive/texmf-dist/tex/latex/ucs/ucsencs.def)
(/usr/share/texlive/texmf-dist/tex/latex/ucs/data/uni-0.def)

LaTeX Warning: Command \textdegree invalid in math mode on input line 36.


LaTeX Warning: Command \textdegree invalid in math mode on input line 37.


LaTeX Warning: Command \textdegree invalid in math mode on input line 39.


LaTeX Warning: Command \textdegree invalid in math mode on input line 45.


LaTeX Warning: Command \textdegree invalid in math mode on input line 48.


LaTeX Warning: Command \textdegree invalid in math mode on input line 57.

[1{/var/lib/texmf/fonts/map/pdftex/updmap/pdftex.map}]

LaTeX Warning: Command \textdegree invalid in math mode on input line 59.


LaTeX Warning: Command \textdegree invalid in math mode on input line 61.


LaTeX Warning: Command \textdegree invalid in math mode on input line 63.


LaTeX Warning: Command \textdegree invalid in math mode on input line 65.


LaTeX Warning: Command \textdegree invalid in math mode on input line 78.


LaTeX Warning: Command \textdegree invalid in math mode on input line 78.


LaTeX Warning: Command \textdegree invalid in math mode on input line 78.


LaTeX Warning: Command \textdegree invalid in math mode on input line 78.


LaTeX Warning: Command \textdegree invalid in math mode on input line 78.


LaTeX Warning: Command \textdegree invalid in math mode on input line 78.


LaTeX Warning: Command \textdegree invalid in math mode on input line 80.


LaTeX Warning: Command \textdegree invalid in math mode on input line 80.


LaTeX Warning: Command \textdegree invalid in math mode on input line 93.


LaTeX Warning: Command \textdegree invalid in math mode on input line 93.


LaTeX Warning: Command \textdegree invalid in math mode on input line 93.


LaTeX Warning: Command \textdegree invalid in math mode on input line 93.


LaTeX Warning: Command \textdegree invalid in math mode on input line 93.


LaTeX Warning: Command \textdegree invalid in math mode on input line 93.


LaTeX Warning: Command \textdegree invalid in math mode on input line 93.


LaTeX Warning: Command \textdegree invalid in math mode on input line 93.


LaTeX Warning: Command \textdegree invalid in math mode on input line 93.


LaTeX Warning: Command \textdegree invalid in math mode on input line 93.


LaTeX Warning: Command \textdegree invalid in math mode on input line 93.


LaTeX Warning: Command \textdegree invalid in math mode on input line 93.

[2]

LaTeX Warning: Command \textdegree invalid in math mode on input line 95.


LaTeX Warning: Command \textdegree invalid in math mode on input line 96.


LaTeX Warning: Command \textdegree invalid in math mode on input line 96.


LaTeX Warning: Command \textdegree invalid in math mode on input line 96.


LaTeX Warning: Command \textdegree invalid in math mode on input line 103.


LaTeX Warning: Command \textdegree invalid in math mode on input line 103.


LaTeX Warning: Command \textdegree invalid in math mode on input line 103.


LaTeX Warning: Command \textdegree invalid in math mode on input line 103.


LaTeX Warning: Command \textdegree invalid in math mode on input line 103.


LaTeX Warning: Command \textdegree invalid in math mode on input line 103.


LaTeX Warning: Command \textdegree invalid in math mode on input line 103.


LaTeX Warning: Command \textdegree invalid in math mode on input line 103.


LaTeX Warning: Command \textdegree invalid in math mode on input line 103.


LaTeX Warning: Command \textdegree invalid in math mode on input line 103.


LaTeX Warning: Command \textdegree invalid in math mode on input line 107.


LaTeX Warning: Command \textdegree invalid in math mode on input line 107.


LaTeX Warning: Command \textdegree invalid in math mode on input line 107.


LaTeX Warning: Command \textdegree invalid in math mode on input line 107.


LaTeX Warning: Command \textdegree invalid in math mode on input line 107.


LaTeX Warning: Command \textdegree invalid in math mode on input line 107.


LaTeX Warning: Command \textdegree invalid in math mode on input line 107.


LaTeX Warning: Command \textdegree invalid in math mode on input line 107.


LaTeX Warning: Command \textdegree invalid in math mode on input line 118.


LaTeX Warning: Command \textdegree invalid in math mode on input line 118.


LaTeX Warning: Command \textdegree invalid in math mode on input line 118.


LaTeX Warning: Command \textdegree invalid in math mode on input line 118.


LaTeX Warning: Command \textdegree invalid in math mode on input line 118.


LaTeX Warning: Command \textdegree invalid in math mode on input line 118.


LaTeX Warning: Command \textdegree invalid in math mode on input line 123.

[3]

LaTeX Warning: Command \textdegree invalid in math mode on input line 133.


LaTeX Warning: Command \textdegree invalid in math mode on input line 133.


LaTeX Warning: Command \textdegree invalid in math mode on input line 134.


LaTeX Warning: Command \textdegree invalid in math mode on input line 143.


LaTeX Warning: Command \textdegree invalid in math mode on input line 143.

[4] (./QuotientenLogarithmus.aux)

LaTeX Warning: Label(s) may have changed. Rerun to get cross-references right.

 )</usr/share/texlive/texmf-dist/fonts/type1/public/amsfonts/cm/cmbx10.pfb></us
r/share/texlive/texmf-dist/fonts/type1/public/amsfonts/cm/cmcsc10.pfb></usr/sha
re/texlive/texmf-dist/fonts/type1/public/amsfonts/cm/cmex10.pfb></usr/share/tex
live/texmf-dist/fonts/type1/public/amsfonts/cm/cmmi10.pfb></usr/share/texlive/t
exmf-dist/fonts/type1/public/amsfonts/cm/cmmi5.pfb></usr/share/texlive/texmf-di
st/fonts/type1/public/amsfonts/cm/cmmi7.pfb></usr/share/texlive/texmf-dist/font
s/type1/public/amsfonts/cm/cmr10.pfb></usr/share/texlive/texmf-dist/fonts/type1
/public/amsfonts/cm/cmr5.pfb></usr/share/texlive/texmf-dist/fonts/type1/public/
amsfonts/cm/cmr7.pfb></usr/share/texlive/texmf-dist/fonts/type1/public/amsfonts
/cm/cmr8.pfb></usr/share/texlive/texmf-dist/fonts/type1/public/amsfonts/cm/cmsy
10.pfb></usr/share/texlive/texmf-dist/fonts/type1/public/amsfonts/cm/cmsy5.pfb>
</usr/share/texlive/texmf-dist/fonts/type1/public/amsfonts/cm/cmsy7.pfb></usr/s
hare/texlive/texmf-dist/fonts/type1/public/amsfonts/symbols/msbm10.pfb>
Output written on QuotientenLogarithmus.pdf (4 pages, 159263 bytes).
Transcript written on QuotientenLogarithmus.log.
Result: ExitSuccess

Running /usr/bin/pdflatex QuotientenLogarithmus.tex in an env with 4 entries:
This is pdfTeX, Version 3.1415926-2.5-1.40.14 (TeX Live 2013/Debian)
 restricted \write18 enabled.
entering extended mode
(data/QuotientenLogarithmus.tex
LaTeX2e <2011/06/27>
Babel <3.9h> and hyphenation patterns for 78 languages loaded.
(/usr/share/texlive/texmf-dist/tex/latex/amscls/amsart.cls
Document Class: amsart 2009/07/02 v2.20.1
(/usr/share/texlive/texmf-dist/tex/latex/amsmath/amsmath.sty
For additional information on amsmath, use the `?' option.
(/usr/share/texlive/texmf-dist/tex/latex/amsmath/amstext.sty
(/usr/share/texlive/texmf-dist/tex/latex/amsmath/amsgen.sty))
(/usr/share/texlive/texmf-dist/tex/latex/amsmath/amsbsy.sty)
(/usr/share/texlive/texmf-dist/tex/latex/amsmath/amsopn.sty))
(/usr/share/texlive/texmf-dist/tex/latex/amsfonts/umsa.fd)
(/usr/share/texlive/texmf-dist/tex/latex/amsfonts/amsfonts.sty))
(/usr/share/texlive/texmf-dist/tex/generic/german/german.sty v2.5e 1998-07-08)
(/usr/share/texlive/texmf-dist/tex/latex/base/inputenc.sty
(/usr/share/texlive/texmf-dist/tex/latex/ucs/utf8x.def))
(/usr/share/texlive/texmf-dist/tex/latex/ucs/ucs.sty
(/usr/share/texlive/texmf-dist/tex/latex/ucs/data/uni-global.def))
(./QuotientenLogarithmus.aux)
(/usr/share/texlive/texmf-dist/tex/latex/amsfonts/umsa.fd)
(/usr/share/texlive/texmf-dist/tex/latex/amsfonts/umsb.fd)
(/usr/share/texlive/texmf-dist/tex/latex/ucs/ucsencs.def)
(/usr/share/texlive/texmf-dist/tex/latex/ucs/data/uni-0.def)

LaTeX Warning: Command \textdegree invalid in math mode on input line 36.


LaTeX Warning: Command \textdegree invalid in math mode on input line 37.


LaTeX Warning: Command \textdegree invalid in math mode on input line 39.


LaTeX Warning: Command \textdegree invalid in math mode on input line 45.


LaTeX Warning: Command \textdegree invalid in math mode on input line 48.


LaTeX Warning: Command \textdegree invalid in math mode on input line 57.

[1{/var/lib/texmf/fonts/map/pdftex/updmap/pdftex.map}]

LaTeX Warning: Command \textdegree invalid in math mode on input line 59.


LaTeX Warning: Command \textdegree invalid in math mode on input line 61.


LaTeX Warning: Command \textdegree invalid in math mode on input line 63.


LaTeX Warning: Command \textdegree invalid in math mode on input line 65.


LaTeX Warning: Command \textdegree invalid in math mode on input line 78.


LaTeX Warning: Command \textdegree invalid in math mode on input line 78.


LaTeX Warning: Command \textdegree invalid in math mode on input line 78.


LaTeX Warning: Command \textdegree invalid in math mode on input line 78.


LaTeX Warning: Command \textdegree invalid in math mode on input line 78.


LaTeX Warning: Command \textdegree invalid in math mode on input line 78.


LaTeX Warning: Command \textdegree invalid in math mode on input line 80.


LaTeX Warning: Command \textdegree invalid in math mode on input line 80.


LaTeX Warning: Command \textdegree invalid in math mode on input line 93.


LaTeX Warning: Command \textdegree invalid in math mode on input line 93.


LaTeX Warning: Command \textdegree invalid in math mode on input line 93.


LaTeX Warning: Command \textdegree invalid in math mode on input line 93.


LaTeX Warning: Command \textdegree invalid in math mode on input line 93.


LaTeX Warning: Command \textdegree invalid in math mode on input line 93.


LaTeX Warning: Command \textdegree invalid in math mode on input line 93.


LaTeX Warning: Command \textdegree invalid in math mode on input line 93.


LaTeX Warning: Command \textdegree invalid in math mode on input line 93.


LaTeX Warning: Command \textdegree invalid in math mode on input line 93.


LaTeX Warning: Command \textdegree invalid in math mode on input line 93.


LaTeX Warning: Command \textdegree invalid in math mode on input line 93.

[2]

LaTeX Warning: Command \textdegree invalid in math mode on input line 95.


LaTeX Warning: Command \textdegree invalid in math mode on input line 96.


LaTeX Warning: Command \textdegree invalid in math mode on input line 96.


LaTeX Warning: Command \textdegree invalid in math mode on input line 96.


LaTeX Warning: Command \textdegree invalid in math mode on input line 103.


LaTeX Warning: Command \textdegree invalid in math mode on input line 103.


LaTeX Warning: Command \textdegree invalid in math mode on input line 103.


LaTeX Warning: Command \textdegree invalid in math mode on input line 103.


LaTeX Warning: Command \textdegree invalid in math mode on input line 103.


LaTeX Warning: Command \textdegree invalid in math mode on input line 103.


LaTeX Warning: Command \textdegree invalid in math mode on input line 103.


LaTeX Warning: Command \textdegree invalid in math mode on input line 103.


LaTeX Warning: Command \textdegree invalid in math mode on input line 103.


LaTeX Warning: Command \textdegree invalid in math mode on input line 103.


LaTeX Warning: Command \textdegree invalid in math mode on input line 107.


LaTeX Warning: Command \textdegree invalid in math mode on input line 107.


LaTeX Warning: Command \textdegree invalid in math mode on input line 107.


LaTeX Warning: Command \textdegree invalid in math mode on input line 107.


LaTeX Warning: Command \textdegree invalid in math mode on input line 107.


LaTeX Warning: Command \textdegree invalid in math mode on input line 107.


LaTeX Warning: Command \textdegree invalid in math mode on input line 107.


LaTeX Warning: Command \textdegree invalid in math mode on input line 107.


LaTeX Warning: Command \textdegree invalid in math mode on input line 118.


LaTeX Warning: Command \textdegree invalid in math mode on input line 118.


LaTeX Warning: Command \textdegree invalid in math mode on input line 118.


LaTeX Warning: Command \textdegree invalid in math mode on input line 118.


LaTeX Warning: Command \textdegree invalid in math mode on input line 118.


LaTeX Warning: Command \textdegree invalid in math mode on input line 118.


LaTeX Warning: Command \textdegree invalid in math mode on input line 123.

[3]

LaTeX Warning: Command \textdegree invalid in math mode on input line 133.


LaTeX Warning: Command \textdegree invalid in math mode on input line 133.


LaTeX Warning: Command \textdegree invalid in math mode on input line 134.


LaTeX Warning: Command \textdegree invalid in math mode on input line 143.


LaTeX Warning: Command \textdegree invalid in math mode on input line 143.

[4] (./QuotientenLogarithmus.aux) )</usr/share/texlive/texmf-dist/fonts/type1/p
ublic/amsfonts/cm/cmbx10.pfb></usr/share/texlive/texmf-dist/fonts/type1/public/
amsfonts/cm/cmcsc10.pfb></usr/share/texlive/texmf-dist/fonts/type1/public/amsfo
nts/cm/cmex10.pfb></usr/share/texlive/texmf-dist/fonts/type1/public/amsfonts/cm
/cmmi10.pfb></usr/share/texlive/texmf-dist/fonts/type1/public/amsfonts/cm/cmmi5
.pfb></usr/share/texlive/texmf-dist/fonts/type1/public/amsfonts/cm/cmmi7.pfb></
usr/share/texlive/texmf-dist/fonts/type1/public/amsfonts/cm/cmr10.pfb></usr/sha
re/texlive/texmf-dist/fonts/type1/public/amsfonts/cm/cmr5.pfb></usr/share/texli
ve/texmf-dist/fonts/type1/public/amsfonts/cm/cmr7.pfb></usr/share/texlive/texmf
-dist/fonts/type1/public/amsfonts/cm/cmr8.pfb></usr/share/texlive/texmf-dist/fo
nts/type1/public/amsfonts/cm/cmsy10.pfb></usr/share/texlive/texmf-dist/fonts/ty
pe1/public/amsfonts/cm/cmsy5.pfb></usr/share/texlive/texmf-dist/fonts/type1/pub
lic/amsfonts/cm/cmsy7.pfb></usr/share/texlive/texmf-dist/fonts/type1/public/ams
fonts/symbols/msbm10.pfb>
Output written on QuotientenLogarithmus.pdf (4 pages, 159263 bytes).
Transcript written on QuotientenLogarithmus.log.
Result: ExitSuccess

Running /usr/bin/pdflatex QuotientenLogarithmus.tex in an env with 4 entries:
This is pdfTeX, Version 3.1415926-2.5-1.40.14 (TeX Live 2013/Debian)
 restricted \write18 enabled.
entering extended mode
(data/QuotientenLogarithmus.tex
LaTeX2e <2011/06/27>
Babel <3.9h> and hyphenation patterns for 78 languages loaded.
(/usr/share/texlive/texmf-dist/tex/latex/amscls/amsart.cls
Document Class: amsart 2009/07/02 v2.20.1
(/usr/share/texlive/texmf-dist/tex/latex/amsmath/amsmath.sty
For additional information on amsmath, use the `?' option.
(/usr/share/texlive/texmf-dist/tex/latex/amsmath/amstext.sty
(/usr/share/texlive/texmf-dist/tex/latex/amsmath/amsgen.sty))
(/usr/share/texlive/texmf-dist/tex/latex/amsmath/amsbsy.sty)
(/usr/share/texlive/texmf-dist/tex/latex/amsmath/amsopn.sty))
(/usr/share/texlive/texmf-dist/tex/latex/amsfonts/umsa.fd)
(/usr/share/texlive/texmf-dist/tex/latex/amsfonts/amsfonts.sty))
(/usr/share/texlive/texmf-dist/tex/generic/german/german.sty v2.5e 1998-07-08)
(/usr/share/texlive/texmf-dist/tex/latex/base/inputenc.sty
(/usr/share/texlive/texmf-dist/tex/latex/ucs/utf8x.def))
(/usr/share/texlive/texmf-dist/tex/latex/ucs/ucs.sty
(/usr/share/texlive/texmf-dist/tex/latex/ucs/data/uni-global.def))
(./QuotientenLogarithmus.aux)
(/usr/share/texlive/texmf-dist/tex/latex/amsfonts/umsa.fd)
(/usr/share/texlive/texmf-dist/tex/latex/amsfonts/umsb.fd)
(/usr/share/texlive/texmf-dist/tex/latex/ucs/ucsencs.def)
(/usr/share/texlive/texmf-dist/tex/latex/ucs/data/uni-0.def)

LaTeX Warning: Command \textdegree invalid in math mode on input line 36.


LaTeX Warning: Command \textdegree invalid in math mode on input line 37.


LaTeX Warning: Command \textdegree invalid in math mode on input line 39.


LaTeX Warning: Command \textdegree invalid in math mode on input line 45.


LaTeX Warning: Command \textdegree invalid in math mode on input line 48.


LaTeX Warning: Command \textdegree invalid in math mode on input line 57.

[1{/var/lib/texmf/fonts/map/pdftex/updmap/pdftex.map}]

LaTeX Warning: Command \textdegree invalid in math mode on input line 59.


LaTeX Warning: Command \textdegree invalid in math mode on input line 61.


LaTeX Warning: Command \textdegree invalid in math mode on input line 63.


LaTeX Warning: Command \textdegree invalid in math mode on input line 65.


LaTeX Warning: Command \textdegree invalid in math mode on input line 78.


LaTeX Warning: Command \textdegree invalid in math mode on input line 78.


LaTeX Warning: Command \textdegree invalid in math mode on input line 78.


LaTeX Warning: Command \textdegree invalid in math mode on input line 78.


LaTeX Warning: Command \textdegree invalid in math mode on input line 78.


LaTeX Warning: Command \textdegree invalid in math mode on input line 78.


LaTeX Warning: Command \textdegree invalid in math mode on input line 80.


LaTeX Warning: Command \textdegree invalid in math mode on input line 80.


LaTeX Warning: Command \textdegree invalid in math mode on input line 93.


LaTeX Warning: Command \textdegree invalid in math mode on input line 93.


LaTeX Warning: Command \textdegree invalid in math mode on input line 93.


LaTeX Warning: Command \textdegree invalid in math mode on input line 93.


LaTeX Warning: Command \textdegree invalid in math mode on input line 93.


LaTeX Warning: Command \textdegree invalid in math mode on input line 93.


LaTeX Warning: Command \textdegree invalid in math mode on input line 93.


LaTeX Warning: Command \textdegree invalid in math mode on input line 93.


LaTeX Warning: Command \textdegree invalid in math mode on input line 93.


LaTeX Warning: Command \textdegree invalid in math mode on input line 93.


LaTeX Warning: Command \textdegree invalid in math mode on input line 93.


LaTeX Warning: Command \textdegree invalid in math mode on input line 93.

[2]

LaTeX Warning: Command \textdegree invalid in math mode on input line 95.


LaTeX Warning: Command \textdegree invalid in math mode on input line 96.


LaTeX Warning: Command \textdegree invalid in math mode on input line 96.


LaTeX Warning: Command \textdegree invalid in math mode on input line 96.


LaTeX Warning: Command \textdegree invalid in math mode on input line 103.


LaTeX Warning: Command \textdegree invalid in math mode on input line 103.


LaTeX Warning: Command \textdegree invalid in math mode on input line 103.


LaTeX Warning: Command \textdegree invalid in math mode on input line 103.


LaTeX Warning: Command \textdegree invalid in math mode on input line 103.


LaTeX Warning: Command \textdegree invalid in math mode on input line 103.


LaTeX Warning: Command \textdegree invalid in math mode on input line 103.


LaTeX Warning: Command \textdegree invalid in math mode on input line 103.


LaTeX Warning: Command \textdegree invalid in math mode on input line 103.


LaTeX Warning: Command \textdegree invalid in math mode on input line 103.


LaTeX Warning: Command \textdegree invalid in math mode on input line 107.


LaTeX Warning: Command \textdegree invalid in math mode on input line 107.


LaTeX Warning: Command \textdegree invalid in math mode on input line 107.


LaTeX Warning: Command \textdegree invalid in math mode on input line 107.


LaTeX Warning: Command \textdegree invalid in math mode on input line 107.


LaTeX Warning: Command \textdegree invalid in math mode on input line 107.


LaTeX Warning: Command \textdegree invalid in math mode on input line 107.


LaTeX Warning: Command \textdegree invalid in math mode on input line 107.


LaTeX Warning: Command \textdegree invalid in math mode on input line 118.


LaTeX Warning: Command \textdegree invalid in math mode on input line 118.


LaTeX Warning: Command \textdegree invalid in math mode on input line 118.


LaTeX Warning: Command \textdegree invalid in math mode on input line 118.


LaTeX Warning: Command \textdegree invalid in math mode on input line 118.


LaTeX Warning: Command \textdegree invalid in math mode on input line 118.


LaTeX Warning: Command \textdegree invalid in math mode on input line 123.

[3]

LaTeX Warning: Command \textdegree invalid in math mode on input line 133.


LaTeX Warning: Command \textdegree invalid in math mode on input line 133.


LaTeX Warning: Command \textdegree invalid in math mode on input line 134.


LaTeX Warning: Command \textdegree invalid in math mode on input line 143.


LaTeX Warning: Command \textdegree invalid in math mode on input line 143.

[4] (./QuotientenLogarithmus.aux) )</usr/share/texlive/texmf-dist/fonts/type1/p
ublic/amsfonts/cm/cmbx10.pfb></usr/share/texlive/texmf-dist/fonts/type1/public/
amsfonts/cm/cmcsc10.pfb></usr/share/texlive/texmf-dist/fonts/type1/public/amsfo
nts/cm/cmex10.pfb></usr/share/texlive/texmf-dist/fonts/type1/public/amsfonts/cm
/cmmi10.pfb></usr/share/texlive/texmf-dist/fonts/type1/public/amsfonts/cm/cmmi5
.pfb></usr/share/texlive/texmf-dist/fonts/type1/public/amsfonts/cm/cmmi7.pfb></
usr/share/texlive/texmf-dist/fonts/type1/public/amsfonts/cm/cmr10.pfb></usr/sha
re/texlive/texmf-dist/fonts/type1/public/amsfonts/cm/cmr5.pfb></usr/share/texli
ve/texmf-dist/fonts/type1/public/amsfonts/cm/cmr7.pfb></usr/share/texlive/texmf
-dist/fonts/type1/public/amsfonts/cm/cmr8.pfb></usr/share/texlive/texmf-dist/fo
nts/type1/public/amsfonts/cm/cmsy10.pfb></usr/share/texlive/texmf-dist/fonts/ty
pe1/public/amsfonts/cm/cmsy5.pfb></usr/share/texlive/texmf-dist/fonts/type1/pub
lic/amsfonts/cm/cmsy7.pfb></usr/share/texlive/texmf-dist/fonts/type1/public/ams
fonts/symbols/msbm10.pfb>
Output written on QuotientenLogarithmus.pdf (4 pages, 159263 bytes).
Transcript written on QuotientenLogarithmus.log.
Result: ExitSuccess

Running /usr/bin/convert -verbose QuotientenLogarithmus.pdf[0] -resize 70x QuotientenLogarithmus.png in an env with 4 entries:
"gs" -q -dQUIET -dSAFER -dBATCH -dNOPAUSE -dNOPROMPT -dMaxBitmap=500000000 -dAlignToPixels=0 -dGridFitTT=2 "-sDEVICE=pngalpha" -dTextAlphaBits=4 -dGraphicsAlphaBits=4 "-r72x72" -dFirstPage=1 -dLastPage=1 "-sOutputFile=/tmp/magick-tCgfulL7-%08d" "-f/tmp/magick-uDJuWt3w" "-f/tmp/magick-XPCAnJlW"
/tmp/magick-tCgfulL7-00000001 PNG 612x792 612x792+0+0 8-bit DirectClass 33.5KB 0.010u 0:00.009
QuotientenLogarithmus.pdf[0]=>QuotientenLogarithmus.pdf PDF 612x792 612x792+0+0 16-bit DirectClass 33.5KB 0.000u 0:00.000
QuotientenLogarithmus.pdf[0]=>QuotientenLogarithmus.png PDF 612x792=>70x91 70x91+0+0 8-bit DirectClass 0.030u 0:00.010
Result: ExitSuccess

Running /usr/bin/optipng -verbose QuotientenLogarithmus.png in an env with 4 entries:
OptiPNG 0.6.4: Advanced PNG optimizer.
Copyright (C) 2001-2010 Cosmin Truta.

** Processing: QuotientenLogarithmus.png
70x91 pixels, 2x8 bits/pixel, grayscale+alpha
Reducing image to 8 bits/pixel, 58 colors (57 transparent) in palette
Input IDAT size = 1631 bytes
Input file size = 1926 bytes

Trying:
  zc = 9  zm = 8  zs = 0  f = 0		IDAT size = 1206
  zc = 9  zm = 8  zs = 1  f = 0		IDAT size = 1201
  zc = 1  zm = 8  zs = 2  f = 0		IDAT too big
  zc = 9  zm = 8  zs = 3  f = 0		IDAT size = 1196
  zc = 9  zm = 8  zs = 0  f = 5		IDAT too big
  zc = 9  zm = 8  zs = 1  f = 5		IDAT size = 1174
  zc = 1  zm = 8  zs = 2  f = 5		IDAT too big
  zc = 9  zm = 8  zs = 3  f = 5		IDAT too big

Selecting parameters:
  zc = 9  zm = 8  zs = 1  f = 5		IDAT size = 1174

Output IDAT size = 1174 bytes (457 bytes decrease)
Output file size = 1723 bytes (203 bytes = 10.54% decrease)

** Status report
1 file(s) have been processed.
Result: ExitSuccess
