
Running /usr/bin/pdflatex RieGeo.tex in an env with 4 entries:
This is pdfTeX, Version 3.1415926-2.5-1.40.14 (TeX Live 2013/Debian)
 restricted \write18 enabled.
entering extended mode
(data/RieGeo.tex
LaTeX2e <2011/06/27>
Babel <3.9h> and hyphenation patterns for 78 languages loaded.
(/usr/share/texlive/texmf-dist/tex/latex/koma-script/scrbook.cls
Document Class: scrbook 2013/12/19 v3.12 KOMA-Script document class (book)
(/usr/share/texlive/texmf-dist/tex/latex/koma-script/scrkbase.sty
(/usr/share/texlive/texmf-dist/tex/latex/koma-script/scrbase.sty
(/usr/share/texlive/texmf-dist/tex/latex/graphics/keyval.sty)
(/usr/share/texlive/texmf-dist/tex/latex/koma-script/scrlfile.sty
Package scrlfile, 2013/12/19 v3.12 KOMA-Script package (loading files)
                  Copyright (C) Markus Kohm

))) (/usr/share/texlive/texmf-dist/tex/latex/koma-script/tocbasic.sty)
(/usr/share/texlive/texmf-dist/tex/latex/koma-script/scrsize11pt.clo)
(/usr/share/texlive/texmf-dist/tex/latex/koma-script/typearea.sty
Package typearea, 2013/12/19 v3.12 KOMA-Script package (type area)
                  Copyright (C) Frank Neukam, 1992-1994
                  Copyright (C) Markus Kohm, 1994-

)) (data/mathe.sty (data/latexki.sty)
(/usr/share/texlive/texmf-dist/tex/latex/base/inputenc.sty
(/usr/share/texlive/texmf-dist/tex/latex/base/utf8.def
(/usr/share/texlive/texmf-dist/tex/latex/base/t1enc.dfu)
(/usr/share/texlive/texmf-dist/tex/latex/base/ot1enc.dfu)
(/usr/share/texlive/texmf-dist/tex/latex/base/omsenc.dfu)))
(/usr/share/texlive/texmf-dist/tex/generic/babel/babel.sty
(/usr/share/texlive/texmf-dist/tex/generic/babel-german/ngermanb.ldf
(/usr/share/texlive/texmf-dist/tex/generic/babel/babel.def)))
(/usr/share/texlive/texmf-dist/tex/latex/base/fontenc.sty
(/usr/share/texlive/texmf-dist/tex/latex/base/t1enc.def))
(/usr/share/texlive/texmf-dist/tex/latex/amsfonts/amsfonts.sty)
(/usr/share/texlive/texmf-dist/tex/latex/amsfonts/amssymb.sty)
(/usr/share/texlive/texmf-dist/tex/latex/amsmath/amsmath.sty
For additional information on amsmath, use the `?' option.
(/usr/share/texlive/texmf-dist/tex/latex/amsmath/amstext.sty
(/usr/share/texlive/texmf-dist/tex/latex/amsmath/amsgen.sty))
(/usr/share/texlive/texmf-dist/tex/latex/amsmath/amsbsy.sty)
(/usr/share/texlive/texmf-dist/tex/latex/amsmath/amsopn.sty))
(/usr/share/texlive/texmf-dist/tex/latex/stmaryrd/stmaryrd.sty)
(/usr/share/texlive/texmf-dist/tex/latex/tools/verbatim.sty)
(/usr/share/texlive/texmf-dist/tex/latex/base/ifthen.sty)
(/usr/share/texlive/texmf-dist/tex/latex/ntheorem/ntheorem.sty
Style `ntheorem', Version 1.33 <2011/08/15>
) (/usr/share/texlive/texmf-dist/tex/latex/framed/framed.sty)
(/usr/share/texlive/texmf-dist/tex/latex/pstricks/pstricks.sty
(/usr/share/texlive/texmf-dist/tex/generic/oberdiek/ifpdf.sty)
(/usr/share/texlive/texmf-dist/tex/generic/pstricks/pstricks.tex
(/usr/share/texlive/texmf-dist/tex/generic/xkeyval/pst-xkey.tex
(/usr/share/texlive/texmf-dist/tex/latex/xkeyval/xkeyval.sty
(/usr/share/texlive/texmf-dist/tex/generic/xkeyval/xkeyval.tex)))
(/usr/share/texlive/texmf-dist/tex/generic/pstricks/pst-fp.tex
`pst-fp' v0.05, 2010/01/17 (hv))
(/usr/share/texmf/tex/generic/pgf/utilities/pgfutil-common.tex)
(/usr/share/texmf/tex/generic/pgf/utilities/pgfkeys.code.tex
(/usr/share/texmf/tex/generic/pgf/utilities/pgfkeysfiltered.code.tex))
(/usr/share/texmf/tex/generic/pgf/utilities/pgffor.code.tex)
`PSTricks' v2.51  <2014/02/03> (tvz)
(/usr/share/texlive/texmf-dist/tex/generic/pstricks/pstricks.con))
(/usr/share/texlive/texmf-dist/tex/generic/pstricks/pst-fp.tex)
(/usr/share/texmf/tex/latex/xcolor/xcolor.sty
(/usr/share/texlive/texmf-dist/tex/latex/latexconfig/color.cfg)
(/usr/share/texlive/texmf-dist/tex/latex/pdftex-def/pdftex.def
(/usr/share/texlive/texmf-dist/tex/generic/oberdiek/infwarerr.sty)
(/usr/share/texlive/texmf-dist/tex/generic/oberdiek/ltxcmds.sty))))
(/usr/share/texlive/texmf-dist/tex/latex/carlisle/slashed.sty)
(/usr/share/texlive/texmf-dist/tex/latex/base/makeidx.sty)
(/usr/share/texlive/texmf-dist/tex/latex/wasysym/wasysym.sty)
(/usr/share/texlive/texmf-dist/tex/latex/jknapltx/mathrsfs.sty)
(/usr/share/texlive/texmf-dist/tex/latex/mh/mathtools.sty
(/usr/share/texlive/texmf-dist/tex/latex/tools/calc.sty)
(/usr/share/texlive/texmf-dist/tex/latex/mh/mhsetup.sty))
(/usr/share/texlive/texmf-dist/tex/latex/doublestroke/dsfont.sty)
(/usr/share/texlive/texmf-dist/tex/latex/hyperref/hyperref.sty
(/usr/share/texlive/texmf-dist/tex/generic/oberdiek/hobsub-hyperref.sty
(/usr/share/texlive/texmf-dist/tex/generic/oberdiek/hobsub-generic.sty))
(/usr/share/texlive/texmf-dist/tex/generic/ifxetex/ifxetex.sty)
(/usr/share/texlive/texmf-dist/tex/latex/oberdiek/auxhook.sty)
(/usr/share/texlive/texmf-dist/tex/latex/oberdiek/kvoptions.sty)
(/usr/share/texlive/texmf-dist/tex/latex/hyperref/pd1enc.def)
(/usr/share/texlive/texmf-dist/tex/latex/latexconfig/hyperref.cfg)
(/usr/share/texlive/texmf-dist/tex/latex/url/url.sty))

Package hyperref Message: Driver (autodetected): hpdftex.

(/usr/share/texlive/texmf-dist/tex/latex/hyperref/hpdftex.def
(/usr/share/texlive/texmf-dist/tex/latex/oberdiek/rerunfilecheck.sty))
(/usr/share/texlive/texmf-dist/tex/latex/etex-pkg/etex.sty))
(data/saetze-leuzinger.sty)
(/usr/share/texlive/texmf-dist/tex/latex/skull/skull.sty) (data/faktor.sty)
(/usr/share/texlive/texmf-dist/tex/latex/tools/enumerate.sty)
Writing index file RieGeo.idx
No file RieGeo.aux.
(/usr/share/texlive/texmf-dist/tex/context/base/supp-pdf.mkii
[Loading MPS to PDF converter (version 2006.09.02).]
) (/usr/share/texlive/texmf-dist/tex/latex/graphics/graphicx.sty
(/usr/share/texlive/texmf-dist/tex/latex/graphics/graphics.sty
(/usr/share/texlive/texmf-dist/tex/latex/graphics/trig.sty)
(/usr/share/texlive/texmf-dist/tex/latex/latexconfig/graphics.cfg))
(/usr/share/texlive/texmf-dist/tex/latex/oberdiek/epstopdf-base.sty
(/usr/share/texlive/texmf-dist/tex/latex/oberdiek/grfext.sty)
(/usr/share/texlive/texmf-dist/tex/latex/latexconfig/epstopdf-sys.cfg)))
(/usr/share/texlive/texmf-dist/tex/latex/hyperref/nameref.sty
(/usr/share/texlive/texmf-dist/tex/generic/oberdiek/gettitlestring.sty))
(/usr/share/texlive/texmf-dist/tex/latex/base/t1cmss.fd)
(/usr/share/texlive/texmf-dist/tex/latex/amsfonts/umsa.fd)
(/usr/share/texlive/texmf-dist/tex/latex/amsfonts/umsb.fd)
(/usr/share/texlive/texmf-dist/tex/latex/stmaryrd/Ustmry.fd)
(/usr/share/texlive/texmf-dist/tex/latex/wasysym/uwasy.fd)
(/usr/share/texlive/texmf-dist/tex/latex/jknapltx/ursfs.fd)
kpathsea: Running mktextfm skull
mktextfm: Running mf-nowin -progname=mf \mode:=ljfour; mag:=1; nonstopmode; input skull
This is METAFONT, Version 2.718281 (TeX Live 2013/Debian)

(/usr/share/texlive/texmf-dist/fonts/source/public/skull/skull.mf [65] )
Font metrics written on skull.tfm.
Output written on skull.600gf (1 character, 684 bytes).
Transcript written on skull.log.
mktextfm: /home/travis/.texmf-var/fonts/tfm/public/skull/skull.tfm: successfully generated.

kpathsea: Running mktextfm skull
mktextfm: /home/travis/.texmf-var/fonts/tfm/public/skull/skull.tfm already exists.

kpathsea: Running mktextfm skull
mktextfm: /home/travis/.texmf-var/fonts/tfm/public/skull/skull.tfm already exists.

(/usr/share/texlive/texmf-dist/tex/latex/base/t1cmtt.fd) [1
Non-PDF special ignored!
Non-PDF special ignored!
Non-PDF special ignored!
Non-PDF special ignored!
Non-PDF special ignored!
Non-PDF special ignored!
Non-PDF special ignored!{/var/lib/texmf/fonts/map/pdftex/updmap/pdftex.map}]
[2] [3] [4]
kpathsea: Running mktextfm skull
mktextfm: /home/travis/.texmf-var/fonts/tfm/public/skull/skull.tfm already exists.

kpathsea: Running mktextfm skull
mktextfm: /home/travis/.texmf-var/fonts/tfm/public/skull/skull.tfm already exists.

kpathsea: Running mktextfm skull
mktextfm: /home/travis/.texmf-var/fonts/tfm/public/skull/skull.tfm already exists.

Kapitel II.
[5] [6]
kpathsea: Running mktextfm skull
mktextfm: /home/travis/.texmf-var/fonts/tfm/public/skull/skull.tfm already exists.

kpathsea: Running mktextfm skull
mktextfm: /home/travis/.texmf-var/fonts/tfm/public/skull/skull.tfm already exists.

Kapitel 1.
[7]
Overfull \hbox (6.79999pt too wide) in paragraph at lines 111--112
[][][][]

LaTeX Font Warning: Font shape `U/stmry/b/n' undefined
(Font)              using `U/stmry/m/n' instead on input line 112.


LaTeX Font Warning: Font shape `U/wasy/b/n' in size <8> not available
(Font)              Font shape `U/wasy/m/n' tried instead on input line 112.


LaTeX Font Warning: Font shape `U/wasy/b/n' in size <6> not available
(Font)              Font shape `U/wasy/m/n' tried instead on input line 112.

(/usr/share/texlive/texmf-dist/tex/latex/base/omscmr.fd)
Overfull \hbox (53.1523pt too wide) detected at line 147
[] [] [] [] []  []

Overfull \hbox (34.17505pt too wide) in paragraph at lines 160--161
[][][][]

Underfull \hbox (badness 10000) in paragraph at lines 160--161

[8] [9]
Overfull \hbox (32.26505pt too wide) in paragraph at lines 219--222
\T1/cmr/m/n/10.95 ist ei-ne $\OML/cmm/m/it/10.95 n[]$\T1/cmr/m/n/10.95 -dimensi
onale dif-fe-ren-zier-ba-re Man-nig-fal-tig-keit: $\U/msb/m/n/10.95 R[] \OT1/cm
r/m/n/10.95 = \U/msb/m/n/10.95 R[]$ \T1/cmr/m/n/10.95 ist ei-ne $\OML/cmm/m/it/
10.95 n[]$\T1/cmr/m/n/10.95 -differenzierbare
[10]
Overfull \hbox (6.79999pt too wide) in paragraph at lines 264--265
[][][]

Underfull \hbox (badness 10000) in paragraph at lines 264--265


Overfull \hbox (6.79999pt too wide) in paragraph at lines 281--282
[][][][]

Underfull \hbox (badness 10000) in paragraph at lines 281--282

[11]
Overfull \hbox (6.79999pt too wide) in paragraph at lines 296--297
[][][][]

Underfull \hbox (badness 10000) in paragraph at lines 296--297


Overfull \hbox (6.79999pt too wide) in paragraph at lines 326--327
[][][][]

Underfull \hbox (badness 10000) in paragraph at lines 326--327


Overfull \hbox (6.79999pt too wide) in paragraph at lines 335--336
[][][][]

Underfull \hbox (badness 10000) in paragraph at lines 335--336

[12] [13]

LaTeX Warning: Reference `lem2' on page 14 undefined on input line 411.


LaTeX Warning: Reference `basissatz' on page 14 undefined on input line 418.

[14]

LaTeX Warning: Reference `lem2' on page 15 undefined on input line 449.


LaTeX Warning: Reference `lem2' on page 15 undefined on input line 449.


Overfull \hbox (6.79999pt too wide) in paragraph at lines 467--468
[][][][]

Underfull \hbox (badness 10000) in paragraph at lines 467--468

[15]

LaTeX Warning: Reference `basissatz' on page 16 undefined on input line 500.


Overfull \hbox (6.79999pt too wide) in paragraph at lines 515--516
[][][][]

Underfull \hbox (badness 10000) in paragraph at lines 515--516

[16]

LaTeX Warning: Reference `lem4' on page 17 undefined on input line 534.


Overfull \hbox (6.79999pt too wide) in paragraph at lines 565--566
[][][][]

Underfull \hbox (badness 10000) in paragraph at lines 565--566

[17] [18] [19]

LaTeX Warning: Reference `basissatz' on page 20 undefined on input line 669.


Overfull \hbox (6.79999pt too wide) in paragraph at lines 695--696
[][][][]

Underfull \hbox (badness 10000) in paragraph at lines 695--696


Underfull \vbox (badness 6641) has occurred while \output is active [20]

LaTeX Warning: Reference `basissatz' on page 21 undefined on input line 708.


Overfull \hbox (6.79999pt too wide) in paragraph at lines 719--720
[][][][]

Underfull \hbox (badness 10000) in paragraph at lines 719--720

[21]
Overfull \hbox (6.79999pt too wide) in paragraph at lines 761--762
[][][][]

Underfull \hbox (badness 10000) in paragraph at lines 761--762


LaTeX Warning: Reference `satz4' on page 22 undefined on input line 787.

[22] [23] [24]
kpathsea: Running mktextfm skull
mktextfm: /home/travis/.texmf-var/fonts/tfm/public/skull/skull.tfm already exists.

Kapitel 2.

Overfull \hbox (6.79999pt too wide) in paragraph at lines 824--825
[][][][]

Underfull \hbox (badness 10000) in paragraph at lines 824--825


Overfull \hbox (17.67882pt too wide) in paragraph at lines 830--831
[]\T1/cmr/m/n/10.95 Der Isometrie-Begriff auf Rie-mann'schen Man-nig-fal-tig-ke
i-ten: Ein Dif-feo-mor-phis-mus $\OT1/cmr/m/n/10.95 ^^H : (\OML/cmm/m/it/10.95 
M; \OMS/cmsy/m/n/10.95 h^^A\OML/cmm/m/it/10.95 ; \OMS/cmsy/m/n/10.95 ^^Ai\OT1/c
mr/m/n/10.95 ) \OMS/cmsy/m/n/10.95 !

Package hyperref Warning: Token not allowed in a PDF string (PDFDocEncoding):
(hyperref)                removing `math shift' on input line 837.


Package hyperref Warning: Token not allowed in a PDF string (PDFDocEncoding):
(hyperref)                removing `math shift' on input line 837.

[25]

Package hyperref Warning: Token not allowed in a PDF string (PDFDocEncoding):
(hyperref)                removing `math shift' on input line 840.


Package hyperref Warning: Token not allowed in a PDF string (PDFDocEncoding):
(hyperref)                removing `math shift' on input line 840.

[26]
Overfull \hbox (6.79999pt too wide) in paragraph at lines 904--905
[][][][]

Underfull \hbox (badness 10000) in paragraph at lines 904--905

[27] [28]

LaTeX Warning: Reference `einszerl' on page 29 undefined on input line 991.


LaTeX Warning: Reference `einszerl' on page 29 undefined on input line 1008.

[29] [30]
Kapitel 3.

LaTeX Warning: Reference `basissatz' on page 31 undefined on input line 1036.


Overfull \hbox (6.79999pt too wide) in paragraph at lines 1066--1067
[][][]

Underfull \hbox (badness 10000) in paragraph at lines 1066--1067

[31]

LaTeX Warning: Reference `basissatz' on page 32 undefined on input line 1080.


Overfull \hbox (6.79999pt too wide) in paragraph at lines 1096--1097
[][][][]

Underfull \hbox (badness 10000) in paragraph at lines 1096--1097

[32]

LaTeX Warning: Reference `eindpara' on page 33 undefined on input line 1111.


Overfull \hbox (6.79999pt too wide) in paragraph at lines 1120--1121
[][][][]

Underfull \hbox (badness 10000) in paragraph at lines 1120--1121


Overfull \hbox (6.79999pt too wide) in paragraph at lines 1146--1147
[][][][]

Underfull \hbox (badness 10000) in paragraph at lines 1146--1147


Underfull \vbox (badness 1888) has occurred while \output is active [33]
Overfull \hbox (0.51794pt too wide) in paragraph at lines 1156--1157
[]$\OT1/cmr/m/n/10.95 (\OMS/cmsy/m/n/10.95 ^^C\OT1/cmr/m/n/10.95 )  =[]\OMS/cms
y/m/n/10.95 ) $ \T1/cmr/m/n/10.95 ver-träg-lich: $\OML/cmm/m/it/10.95 V$\T1/cmr
/m/n/10.95 , $\OML/cmm/m/it/10.95 W$ \T1/cmr/m/n/10.95 par-al-lel ist äqui-va-l
ent zu $\OML/cmm/m/it/10.95 D[]V \OT1/cmr/m/n/10.95 = \OML/cmm/m/it/10.95 D[]W 
\OT1/cmr/m/n/10.95 = 0$\T1/cmr/m/n/10.95 , al-so $[]\OMS/cmsy/m/n/10.95 h\OML/c
mm/m/it/10.95 V\OT1/cmr/m/n/10.95 (\OML/cmm/m/it/10.95 t\OT1/cmr/m/n/10.95 )\OM
L/cmm/m/it/10.95 ; W\OT1/cmr/m/n/10.95 (\OML/cmm/m/it/10.95 t\OT1/cmr/m/n/10.95
 )\OMS/cmsy/m/n/10.95 i[] \OT1/cmr/m/n/10.95 =
[34]
Overfull \hbox (6.79999pt too wide) in paragraph at lines 1196--1197
[][][][]

Underfull \hbox (badness 10000) in paragraph at lines 1196--1197

[35] [36]
Kapitel 4.
[37]

Package hyperref Warning: Token not allowed in a PDF string (PDFDocEncoding):
(hyperref)                removing `math shift' on input line 1304.


Package hyperref Warning: Token not allowed in a PDF string (PDFDocEncoding):
(hyperref)                removing `math shift' on input line 1304.


Overfull \hbox (6.79999pt too wide) in paragraph at lines 1329--1330
[][][][]

Underfull \hbox (badness 10000) in paragraph at lines 1329--1330

[38]

LaTeX Warning: Reference `intkurv' on page 39 undefined on input line 1338.


LaTeX Warning: Reference `intkurv' on page 39 undefined on input line 1345.


LaTeX Warning: Reference `lokgeo' on page 39 undefined on input line 1362.

[39]

LaTeX Warning: Reference `lokgeo' on page 40 undefined on input line 1365.


LaTeX Warning: Reference `homgeo' on page 40 undefined on input line 1365.


LaTeX Warning: Reference `eindgeo' on page 40 undefined on input line 1375.


Overfull \hbox (6.79999pt too wide) in paragraph at lines 1384--1385
[][][][]

Underfull \hbox (badness 10000) in paragraph at lines 1384--1385


LaTeX Warning: Reference `lokgeo' on page 40 undefined on input line 1387.


LaTeX Warning: Reference `invfunk' on page 40 undefined on input line 1400.


Overfull \hbox (8.61949pt too wide) in paragraph at lines 1400--1401
[]\T1/cmr/m/n/10.95 Wir be-nut-zen den Um-kehrs-atz für Man-nig-fal-tig-keit (S
atz []). Zu zei-gen ist: $[][] \OT1/cmr/m/n/10.95 : \OML/cmm/m/it/10.95 T[]\OT1
/cmr/m/n/10.95 (\OML/cmm/m/it/10.95 B[]\OT1/cmr/m/n/10.95 (0)) []

Overfull \hbox (21.25903pt too wide) in paragraph at lines 1402--1403
[]\T1/cmr/m/n/10.95 Wähle da-zu die Kur-ve $\OML/cmm/m/it/10.95 c\OT1/cmr/m/n/1
0.95 (\OML/cmm/m/it/10.95 t\OT1/cmr/m/n/10.95 ) = \OML/cmm/m/it/10.95 tv$ \T1/c
mr/m/n/10.95 (mit $\OML/cmm/m/it/10.95 c\OT1/cmr/m/n/10.95 (0) = 0$\T1/cmr/m/n/
10.95 , $\OML/cmm/m/it/10.95 c[]\OT1/cmr/m/n/10.95 (0) = \OML/cmm/m/it/10.95 v$
\T1/cmr/m/n/10.95 ). Dann ist: $[][] \OT1/cmr/m/n/10.95 (\OML/cmm/m/it/10.95 v\
OT1/cmr/m/n/10.95 ) = [][] ([][] \OMS/cmsy/m/n/10.95 ^^N \OML/cmm/m/it/10.95 c\
OT1/cmr/m/n/10.95 )(\OML/cmm/m/it/10.95 t\OT1/cmr/m/n/10.95 ) =
[40]
Overfull \hbox (6.79999pt too wide) in paragraph at lines 1411--1412
[][][][]

Underfull \hbox (badness 10000) in paragraph at lines 1411--1412


Overfull \hbox (20.5402pt too wide) in paragraph at lines 1425--1426
\T1/cmr/m/n/10.95 Die Pa-ra-me-ter-li-ni-en $\OML/cmm/m/it/10.95 f\OT1/cmr/m/n/
10.95 (\OML/cmm/m/it/10.95 u; v[]\OT1/cmr/m/n/10.95 )$ \T1/cmr/m/n/10.95 bzw. $
\OML/cmm/m/it/10.95 f\OT1/cmr/m/n/10.95 (\OML/cmm/m/it/10.95 u[]; v\OT1/cmr/m/n
/10.95 )$ \T1/cmr/m/n/10.95 mit $\OML/cmm/m/it/10.95 v[]$ \T1/cmr/m/n/10.95 bzw
. $\OML/cmm/m/it/10.95 u[]$ \T1/cmr/m/n/10.95 fest de-fi-nie-ren die ^^RTangent
ial-Vektorfelder^^P 
[41] [42]

LaTeX Warning: Reference `lem3' on page 43 undefined on input line 1495.


LaTeX Warning: Reference `flaechsymm' on page 43 undefined on input line 1517.


LaTeX Warning: Reference `flaechsymm' on page 43 undefined on input line 1517.

[43]

LaTeX Warning: Reference `gausslemma' on page 44 undefined on input line 1546.

[44]

LaTeX Warning: Reference `geolokmin' on page 45 undefined on input line 1577.


LaTeX Warning: Reference `totnormumg' on page 45 undefined on input line 1577.


LaTeX Warning: Reference `totnormumg' on page 45 undefined on input line 1577.


LaTeX Warning: Reference `geolokmin' on page 45 undefined on input line 1587.


LaTeX Warning: Reference `geolokmin' on page 45 undefined on input line 1587.


LaTeX Warning: Reference `totnormumg' on page 45 undefined on input line 1600.

[45] [46]
Kapitel 5.

Overfull \hbox (6.79999pt too wide) in paragraph at lines 1630--1631
[][][][]

Underfull \hbox (badness 10000) in paragraph at lines 1630--1631

[47]

LaTeX Warning: Reference `tensorfeld' on page 48 undefined on input line 1659.


Overfull \hbox (3.81337pt too wide) in paragraph at lines 1661--1665
\OMS/cmsy/m/n/10.95 h\OML/cmm/m/it/10.95 D[]W; W\OMS/cmsy/m/n/10.95 i \OT1/cmr/
m/n/10.95 = [][\OML/cmm/m/it/10.95 X; Y\OT1/cmr/m/n/10.95 ]\OMS/cmsy/m/n/10.95 
h\OML/cmm/m/it/10.95 W; W\OMS/cmsy/m/n/10.95 i$\T1/cmr/m/n/10.95 . So-mit: $\OM
S/cmsy/m/n/10.95 h\OML/cmm/m/it/10.95 R\OT1/cmr/m/n/10.95 (\OML/cmm/m/it/10.95 
X; Y\OT1/cmr/m/n/10.95 )\OML/cmm/m/it/10.95 W; W\OMS/cmsy/m/n/10.95 i \OT1/cmr/
m/n/10.95 = \OML/cmm/m/it/10.95 Y\OMS/cmsy/m/n/10.95 h\OML/cmm/m/it/10.95 D[]W;
 W\OMS/cmsy/m/n/10.95 i ^^@ h\OML/cmm/m/it/10.95 D[]W; D[]W\OMS/cmsy/m/n/10.95 
i ^^@

LaTeX Warning: Reference `tensorfeld' on page 48 undefined on input line 1676.

[48]

LaTeX Warning: Reference `symeig' on page 49 undefined on input line 1698.


Overfull \hbox (22.67302pt too wide) in paragraph at lines 1713--1714
\T1/cmr/m/n/10.95 Sei $\OT1/cmr/m/n/10.95 (\OML/cmm/m/it/10.95 M; \OMS/cmsy/m/n
/10.95 h^^A\OML/cmm/m/it/10.95 ; \OMS/cmsy/m/n/10.95 ^^Ai\OT1/cmr/m/n/10.95 )$ 
\T1/cmr/m/n/10.95 ei-ne Rie-mann'sche Man-nig-fal-tig-keit und $\OML/cmm/m/it/1
0.95 D$ \T1/cmr/m/n/10.95 der zu-ge-hö-ri-ger Levi-Civita-Zusammenhang.
[49]
Overfull \hbox (6.79999pt too wide) in paragraph at lines 1741--1742
[][][][]

Underfull \hbox (badness 10000) in paragraph at lines 1741--1742


Underfull \hbox (badness 1152) in paragraph at lines 1750--1751
\T1/cmr/m/n/10.95 ist $\OML/cmm/m/it/10.95 df\OMS/cmsy/m/n/10.95 j[]\OT1/cmr/m/
n/10.95 (\OML/cmm/m/it/10.95 ^^[\OT1/cmr/m/n/10.95 ) \OMS/cmsy/m/n/10.95 ^^Z \O
ML/cmm/m/it/10.95 T[]N$ \T1/cmr/m/n/10.95 ein 2-dimensionaler Un-ter-vek-tor-ra
um und $\OML/cmm/m/it/10.95 K[]\OT1/cmr/m/n/10.95 (\OML/cmm/m/it/10.95 p; ^^[\O
T1/cmr/m/n/10.95 ) =

Overfull \hbox (14.78204pt too wide) in paragraph at lines 1784--1786
\T1/cmr/m/n/10.95 ergänze zu ei-ner Or-tho-nor-mal-ba-sis $\OMS/cmsy/m/n/10.95 
f\OML/cmm/m/it/10.95 f[]; [] ; f[]\OMS/cmsy/m/n/10.95 g$ \T1/cmr/m/n/10.95 von 
$\U/msb/m/n/10.95 R[]$\T1/cmr/m/n/10.95 . Dann ist $\OML/cmm/m/it/10.95 A [] \O
T1/cmr/m/n/10.95 [\OML/cmm/m/it/10.95 f[]; f[]; [] ; f[]\OT1/cmr/m/n/10.95 ] \O
MS/cmsy/m/n/10.95 2
[50] [51]
Overfull \hbox (3.41391pt too wide) in paragraph at lines 1848--1849
[]\T1/cmr/m/n/10.95 Eine Rie-mann'sche Man-nig-fal-tig-keit $\OT1/cmr/m/n/10.95
 (\OML/cmm/m/it/10.95 M; g\OT1/cmr/m/n/10.95 )$ \T1/cmr/m/n/10.95 heiÿt Einstei
n-Raum falls $[]\OT1/cmr/m/n/10.95 (\OML/cmm/m/it/10.95 x; y\OT1/cmr/m/n/10.95 
) = \OML/cmm/m/it/10.95 ^^Ug\OT1/cmr/m/n/10.95 (\OML/cmm/m/it/10.95 x; y\OT1/cm
r/m/n/10.95 ) \OMS/cmsy/m/n/10.95 8\OML/cmm/m/it/10.95 x; y \OMS/cmsy/m/n/10.95
 2

Overfull \hbox (4.65503pt too wide) in paragraph at lines 1861--1863
\T1/cmr/m/n/10.95 wobei $\OML/cmm/m/it/10.95 G$\T1/cmr/m/n/10.95 : Einstein-Ten
sor für 4 di-men-sio-na-le Lorentz-Mannigfaltigkeit (mit Pseudo-Riemannscher
[52]
Kapitel 6.

Overfull \hbox (38.23735pt too wide) in paragraph at lines 1900--1905
[][]\OML/cmm/m/it/10.95 X[] \OT1/cmr/m/n/10.95 = [][] []\OML/cmm/m/it/10.95 D[]
X[] \OT1/cmr/m/n/10.95 + [][] []\OML/cmm/m/it/10.95 D[] [] \OT1/cmr/m/n/10.95 =
 [][] []\OML/cmm/m/it/10.95 D[]X[] \OT1/cmr/m/n/10.95 + [][] [] []$\T1/cmr/m/n/
10.95 . 
[53]
Overfull \hbox (6.79999pt too wide) in paragraph at lines 1926--1927
[][][][]

Underfull \hbox (badness 10000) in paragraph at lines 1926--1927


Overfull \hbox (12.57462pt too wide) in paragraph at lines 1934--1937
[]\T1/cmr/m/n/10.95 Weiter sei $\OML/cmm/m/it/10.95 a[]\OT1/cmr/m/n/10.95 (\OML
/cmm/m/it/10.95 t\OT1/cmr/m/n/10.95 ) [] \OMS/cmsy/m/n/10.95 h\OML/cmm/m/it/10.
95 R\OT1/cmr/m/n/10.95 (\OML/cmm/m/it/10.95 ^^M[]\OT1/cmr/m/n/10.95 (\OML/cmm/m
/it/10.95 t\OT1/cmr/m/n/10.95 )\OML/cmm/m/it/10.95 ; E[]\OT1/cmr/m/n/10.95 (\OM
L/cmm/m/it/10.95 t\OT1/cmr/m/n/10.95 ))\OML/cmm/m/it/10.95 ^^M[]\OT1/cmr/m/n/10
.95 (\OML/cmm/m/it/10.95 t\OT1/cmr/m/n/10.95 )\OML/cmm/m/it/10.95 ; E[]\OT1/cmr
/m/n/10.95 (\OML/cmm/m/it/10.95 t\OT1/cmr/m/n/10.95 )\OMS/cmsy/m/n/10.95 i[]$\T
1/cmr/m/n/10.95 . Dann gilt $\OML/cmm/m/it/10.95 R\OT1/cmr/m/n/10.95 (\OML/cmm/
m/it/10.95 ^^M[]; J\OT1/cmr/m/n/10.95 )\OML/cmm/m/it/10.95 ^^M[] \OT1/cmr/m/n/1
0.95 = [][] [] \OML/cmm/m/it/10.95 E[] \OT1/cmr/m/n/10.95 =
[54] [55] [56] [57]
Overfull \hbox (20.95416pt too wide) in paragraph at lines 2101--2102
\OT1/cmr/m/n/10.95 2\OML/cmm/m/it/10.95 ^^Y []$\T1/cmr/m/n/10.95 , al-so $\OML/
cmm/m/it/10.95 K\OT1/cmr/m/n/10.95 (\OML/cmm/m/it/10.95 p; ^^[\OT1/cmr/m/n/10.9
5 ) = +1$\T1/cmr/m/n/10.95 . Im Hy-per-bo-li-schen ist $\OML/cmm/m/it/10.95 L\O
T1/cmr/m/n/10.95 (\OML/cmm/m/it/10.95 K[]\OT1/cmr/m/n/10.95 ) = 2\OML/cmm/m/it/
10.95 ^^Y [] r \OT1/cmr/m/n/10.95 = 2\OML/cmm/m/it/10.95 ^^Y []$\T1/cmr/m/n/10.
95 ,
[58]
Kapitel 7.
[59]
Overfull \hbox (4.18315pt too wide) in paragraph at lines 2165--2166
[]\T1/cmr/m/n/10.95 Da $\OT1/cmr/m/n/10.95 
[]$ \T1/cmr/m/n/10.95 ei-ne Ober-men-ge der We-ge von $\OML/cmm/m/it/10.95 p$ \
T1/cmr/m/n/10.95 nach $\OML/cmm/m/it/10.95 q$ \T1/cmr/m/n/10.95 über $\OML/cmm/
m/it/10.95 r$ \T1/cmr/m/n/10.95 ist, gilt $[][] \OML/cmm/m/it/10.95 L\OT1/cmr/m
/n/10.95 (\OML/cmm/m/it/10.95 c\OT1/cmr/m/n/10.95 ) \OMS/cmsy/m/n/10.95 ^^T [][
] \OML/cmm/m/it/10.95 L\OT1/cmr/m/n/10.95 (\OML/cmm/m/it/10.95 c\OT1/cmr/m/n/10
.95 ) +

LaTeX Warning: Reference `geolokmin' on page 60 undefined on input line 2168.

[60]

LaTeX Warning: Reference `geolokmin' on page 61 undefined on input line 2182.


Overfull \hbox (6.79999pt too wide) in paragraph at lines 2199--2200
[][][][]

Underfull \hbox (badness 10000) in paragraph at lines 2199--2200

[61]

LaTeX Warning: Reference `eindgeo' on page 62 undefined on input line 2223.


LaTeX Warning: Reference `totnormumg' on page 62 undefined on input line 2229.

[62] [63]

LaTeX Warning: Reference `totnormumg' on page 64 undefined on input line 2300.

[64]
Overfull \hbox (38.12206pt too wide) in paragraph at lines 2333--2333
\T1/cmr/m/n/10.95 eine of-fe-ne Um-ge-bung von $\OT1/cmr/m/n/10.95 0 \OMS/cmsy/
m/n/10.95 2 \OML/cmm/m/it/10.95 T[]M$\T1/cmr/m/n/10.95 . Der Rand von $\OML/cmm
/m/it/10.95 U[]$\T1/cmr/m/n/10.95 , $\OML/cmm/m/it/10.95 @U[]$\T1/cmr/m/n/10.95
 , ist die Men-ge $[] \OT1/cmr/m/n/10.95 =

Overfull \hbox (5.16235pt too wide) in paragraph at lines 2342--2343
[]\T1/cmr/m/n/10.95 Ist $\OT1/cmr/m/n/10.95 (\OML/cmm/m/it/10.95 M; \OMS/cmsy/m
/n/10.95 h^^A\OML/cmm/m/it/10.95 ; \OMS/cmsy/m/n/10.95 ^^Ai\OT1/cmr/m/n/10.95 )
$ \T1/cmr/m/n/10.95 ei-ne zu-sam-men-hän-gen-de kom-pak-te Riem-man'sche Man-ni
g-fal-tig-keit mit $[]\OT1/cmr/m/n/10.95 (\OML/cmm/m/it/10.95 M\OT1/cmr/m/n/10.
95 ) =
[65]

LaTeX Warning: Reference `zerlsatz' on page 66 undefined on input line 2379.


Overfull \hbox (6.79999pt too wide) in paragraph at lines 2387--2388
[][][][]

Underfull \hbox (badness 10000) in paragraph at lines 2387--2388

[66] [67]
Overfull \hbox (6.79999pt too wide) in paragraph at lines 2454--2455
[][][][]

Underfull \hbox (badness 10000) in paragraph at lines 2454--2455

[68]

LaTeX Warning: Reference `schnittort' on page 69 undefined on input line 2483.


Overfull \hbox (9.53029pt too wide) in paragraph at lines 2485--2486
[]$[]$ \T1/cmr/m/n/10.95 sei-en die Ko-or-di-na-ten in $\OML/cmm/m/it/10.95 T[]
M$ \T1/cmr/m/n/10.95 be-züg-lich der Or-tho-nor-mal-ba-sis $\OMS/cmsy/m/n/10.95
 f\OML/cmm/m/it/10.95 u; e[]; [] ; e[]\OMS/cmsy/m/n/10.95 g$\T1/cmr/m/n/10.95 .

[69] [70]
Anhang A.
** Generating table of satz,wichtigedefinition
No file RieGeo.thm.
No file RieGeo.ind.
[71] (./RieGeo.aux)

Package rerunfilecheck Warning: File `RieGeo.out' has changed.
(rerunfilecheck)                Rerun to get outlines right
(rerunfilecheck)                or use package `bookmark'.


LaTeX Font Warning: Some font shapes were not available, defaults substituted.


LaTeX Warning: There were undefined references.


LaTeX Warning: Label(s) may have changed. Rerun to get cross-references right.

 )
(see the transcript file for additional information){/usr/share/texmf/fonts/enc
/dvips/cm-super/cm-super-t1.enc}
kpathsea: Running mktexpk --mfmode / --bdpi 600 --mag 0+548/600 --dpi 548 skull
mktexpk: Running mf-nowin -progname=mf \mode:=ljfour; mag:=0+548/600; nonstopmode; input skull
This is METAFONT, Version 2.718281 (TeX Live 2013/Debian)

(/usr/share/texlive/texmf-dist/fonts/source/public/skull/skull.mf [65] )
Font metrics written on skull.tfm.
Output written on skull.548gf (1 character, 628 bytes).
Transcript written on skull.log.
mktexpk: /home/travis/.texmf-var/fonts/pk/ljfour/public/skull/skull.548pk: successfully generated.
 </home/travis/.texmf-var/fonts/pk/ljfour/publi
c/skull/skull.548pk></usr/share/texlive/texmf-dist/fonts/type1/public/amsfonts/
cm/cmex10.pfb></usr/share/texlive/texmf-dist/fonts/type1/public/amsfonts/cmextr
a/cmex8.pfb></usr/share/texlive/texmf-dist/fonts/type1/public/amsfonts/cm/cmmi1
0.pfb></usr/share/texlive/texmf-dist/fonts/type1/public/amsfonts/cm/cmmi12.pfb>
</usr/share/texlive/texmf-dist/fonts/type1/public/amsfonts/cm/cmmi6.pfb></usr/s
hare/texlive/texmf-dist/fonts/type1/public/amsfonts/cm/cmmi8.pfb></usr/share/te
xlive/texmf-dist/fonts/type1/public/amsfonts/cm/cmmi9.pfb></usr/share/texlive/t
exmf-dist/fonts/type1/public/amsfonts/cm/cmmib10.pfb></usr/share/texlive/texmf-
dist/fonts/type1/public/amsfonts/cmextra/cmmib8.pfb></usr/share/texlive/texmf-d
ist/fonts/type1/public/amsfonts/cm/cmr10.pfb></usr/share/texlive/texmf-dist/fon
ts/type1/public/amsfonts/cm/cmr12.pfb></usr/share/texlive/texmf-dist/fonts/type
1/public/amsfonts/cm/cmr6.pfb></usr/share/texlive/texmf-dist/fonts/type1/public
/amsfonts/cm/cmr8.pfb></usr/share/texlive/texmf-dist/fonts/type1/public/amsfont
s/cm/cmr9.pfb></usr/share/texlive/texmf-dist/fonts/type1/public/amsfonts/cm/cms
y10.pfb></usr/share/texlive/texmf-dist/fonts/type1/public/amsfonts/cm/cmsy6.pfb
></usr/share/texlive/texmf-dist/fonts/type1/public/amsfonts/cm/cmsy8.pfb></usr/
share/texlive/texmf-dist/fonts/type1/public/amsfonts/cm/cmsy9.pfb></usr/share/t
exlive/texmf-dist/fonts/type1/public/amsfonts/symbols/msam10.pfb></usr/share/te
xlive/texmf-dist/fonts/type1/public/amsfonts/symbols/msbm10.pfb></usr/share/tex
mf/fonts/type1/public/cm-super/sfbx0800.pfb></usr/share/texmf/fonts/type1/publi
c/cm-super/sfbx1095.pfb></usr/share/texmf/fonts/type1/public/cm-super/sfrm0600.
pfb></usr/share/texmf/fonts/type1/public/cm-super/sfrm0800.pfb></usr/share/texm
f/fonts/type1/public/cm-super/sfrm0900.pfb></usr/share/texmf/fonts/type1/public
/cm-super/sfrm1095.pfb></usr/share/texmf/fonts/type1/public/cm-super/sfrm1440.p
fb></usr/share/texmf/fonts/type1/public/cm-super/sfsl1095.pfb></usr/share/texmf
/fonts/type1/public/cm-super/sfsx1095.pfb></usr/share/texmf/fonts/type1/public/
cm-super/sfsx1200.pfb></usr/share/texmf/fonts/type1/public/cm-super/sfsx1440.pf
b></usr/share/texmf/fonts/type1/public/cm-super/sfsx2074.pfb></usr/share/texmf/
fonts/type1/public/cm-super/sfti1095.pfb></usr/share/texmf/fonts/type1/public/c
m-super/sftt1095.pfb></usr/share/texmf/fonts/type1/public/cm-super/sftt1440.pfb
>
Output written on RieGeo.pdf (71 pages, 809638 bytes).
Transcript written on RieGeo.log.
Result: ExitSuccess

Running /usr/bin/makeindex RieGeo.idx in an env with 4 entries:
This is makeindex, version 2.15 [TeX Live 2013] (kpathsea + Thai support).
Scanning input file RieGeo.idx....done (80 entries accepted, 0 rejected).
Sorting entries....done (496 comparisons).
Generating output file RieGeo.ind....done (148 lines written, 0 warnings).
Output written in RieGeo.ind.
Transcript written in RieGeo.ilg.
Result: ExitSuccess

Running /usr/bin/pdflatex RieGeo.tex in an env with 4 entries:
This is pdfTeX, Version 3.1415926-2.5-1.40.14 (TeX Live 2013/Debian)
 restricted \write18 enabled.
entering extended mode
(data/RieGeo.tex
LaTeX2e <2011/06/27>
Babel <3.9h> and hyphenation patterns for 78 languages loaded.
(/usr/share/texlive/texmf-dist/tex/latex/koma-script/scrbook.cls
Document Class: scrbook 2013/12/19 v3.12 KOMA-Script document class (book)
(/usr/share/texlive/texmf-dist/tex/latex/koma-script/scrkbase.sty
(/usr/share/texlive/texmf-dist/tex/latex/koma-script/scrbase.sty
(/usr/share/texlive/texmf-dist/tex/latex/graphics/keyval.sty)
(/usr/share/texlive/texmf-dist/tex/latex/koma-script/scrlfile.sty
Package scrlfile, 2013/12/19 v3.12 KOMA-Script package (loading files)
                  Copyright (C) Markus Kohm

))) (/usr/share/texlive/texmf-dist/tex/latex/koma-script/tocbasic.sty)
(/usr/share/texlive/texmf-dist/tex/latex/koma-script/scrsize11pt.clo)
(/usr/share/texlive/texmf-dist/tex/latex/koma-script/typearea.sty
Package typearea, 2013/12/19 v3.12 KOMA-Script package (type area)
                  Copyright (C) Frank Neukam, 1992-1994
                  Copyright (C) Markus Kohm, 1994-

)) (data/mathe.sty (data/latexki.sty)
(/usr/share/texlive/texmf-dist/tex/latex/base/inputenc.sty
(/usr/share/texlive/texmf-dist/tex/latex/base/utf8.def
(/usr/share/texlive/texmf-dist/tex/latex/base/t1enc.dfu)
(/usr/share/texlive/texmf-dist/tex/latex/base/ot1enc.dfu)
(/usr/share/texlive/texmf-dist/tex/latex/base/omsenc.dfu)))
(/usr/share/texlive/texmf-dist/tex/generic/babel/babel.sty
(/usr/share/texlive/texmf-dist/tex/generic/babel-german/ngermanb.ldf
(/usr/share/texlive/texmf-dist/tex/generic/babel/babel.def)))
(/usr/share/texlive/texmf-dist/tex/latex/base/fontenc.sty
(/usr/share/texlive/texmf-dist/tex/latex/base/t1enc.def))
(/usr/share/texlive/texmf-dist/tex/latex/amsfonts/amsfonts.sty)
(/usr/share/texlive/texmf-dist/tex/latex/amsfonts/amssymb.sty)
(/usr/share/texlive/texmf-dist/tex/latex/amsmath/amsmath.sty
For additional information on amsmath, use the `?' option.
(/usr/share/texlive/texmf-dist/tex/latex/amsmath/amstext.sty
(/usr/share/texlive/texmf-dist/tex/latex/amsmath/amsgen.sty))
(/usr/share/texlive/texmf-dist/tex/latex/amsmath/amsbsy.sty)
(/usr/share/texlive/texmf-dist/tex/latex/amsmath/amsopn.sty))
(/usr/share/texlive/texmf-dist/tex/latex/stmaryrd/stmaryrd.sty)
(/usr/share/texlive/texmf-dist/tex/latex/tools/verbatim.sty)
(/usr/share/texlive/texmf-dist/tex/latex/base/ifthen.sty)
(/usr/share/texlive/texmf-dist/tex/latex/ntheorem/ntheorem.sty
Style `ntheorem', Version 1.33 <2011/08/15>
) (/usr/share/texlive/texmf-dist/tex/latex/framed/framed.sty)
(/usr/share/texlive/texmf-dist/tex/latex/pstricks/pstricks.sty
(/usr/share/texlive/texmf-dist/tex/generic/oberdiek/ifpdf.sty)
(/usr/share/texlive/texmf-dist/tex/generic/pstricks/pstricks.tex
(/usr/share/texlive/texmf-dist/tex/generic/xkeyval/pst-xkey.tex
(/usr/share/texlive/texmf-dist/tex/latex/xkeyval/xkeyval.sty
(/usr/share/texlive/texmf-dist/tex/generic/xkeyval/xkeyval.tex)))
(/usr/share/texlive/texmf-dist/tex/generic/pstricks/pst-fp.tex
`pst-fp' v0.05, 2010/01/17 (hv))
(/usr/share/texmf/tex/generic/pgf/utilities/pgfutil-common.tex)
(/usr/share/texmf/tex/generic/pgf/utilities/pgfkeys.code.tex
(/usr/share/texmf/tex/generic/pgf/utilities/pgfkeysfiltered.code.tex))
(/usr/share/texmf/tex/generic/pgf/utilities/pgffor.code.tex)
`PSTricks' v2.51  <2014/02/03> (tvz)
(/usr/share/texlive/texmf-dist/tex/generic/pstricks/pstricks.con))
(/usr/share/texlive/texmf-dist/tex/generic/pstricks/pst-fp.tex)
(/usr/share/texmf/tex/latex/xcolor/xcolor.sty
(/usr/share/texlive/texmf-dist/tex/latex/latexconfig/color.cfg)
(/usr/share/texlive/texmf-dist/tex/latex/pdftex-def/pdftex.def
(/usr/share/texlive/texmf-dist/tex/generic/oberdiek/infwarerr.sty)
(/usr/share/texlive/texmf-dist/tex/generic/oberdiek/ltxcmds.sty))))
(/usr/share/texlive/texmf-dist/tex/latex/carlisle/slashed.sty)
(/usr/share/texlive/texmf-dist/tex/latex/base/makeidx.sty)
(/usr/share/texlive/texmf-dist/tex/latex/wasysym/wasysym.sty)
(/usr/share/texlive/texmf-dist/tex/latex/jknapltx/mathrsfs.sty)
(/usr/share/texlive/texmf-dist/tex/latex/mh/mathtools.sty
(/usr/share/texlive/texmf-dist/tex/latex/tools/calc.sty)
(/usr/share/texlive/texmf-dist/tex/latex/mh/mhsetup.sty))
(/usr/share/texlive/texmf-dist/tex/latex/doublestroke/dsfont.sty)
(/usr/share/texlive/texmf-dist/tex/latex/hyperref/hyperref.sty
(/usr/share/texlive/texmf-dist/tex/generic/oberdiek/hobsub-hyperref.sty
(/usr/share/texlive/texmf-dist/tex/generic/oberdiek/hobsub-generic.sty))
(/usr/share/texlive/texmf-dist/tex/generic/ifxetex/ifxetex.sty)
(/usr/share/texlive/texmf-dist/tex/latex/oberdiek/auxhook.sty)
(/usr/share/texlive/texmf-dist/tex/latex/oberdiek/kvoptions.sty)
(/usr/share/texlive/texmf-dist/tex/latex/hyperref/pd1enc.def)
(/usr/share/texlive/texmf-dist/tex/latex/latexconfig/hyperref.cfg)
(/usr/share/texlive/texmf-dist/tex/latex/url/url.sty))

Package hyperref Message: Driver (autodetected): hpdftex.

(/usr/share/texlive/texmf-dist/tex/latex/hyperref/hpdftex.def
(/usr/share/texlive/texmf-dist/tex/latex/oberdiek/rerunfilecheck.sty))
(/usr/share/texlive/texmf-dist/tex/latex/etex-pkg/etex.sty))
(data/saetze-leuzinger.sty)
(/usr/share/texlive/texmf-dist/tex/latex/skull/skull.sty) (data/faktor.sty)
(/usr/share/texlive/texmf-dist/tex/latex/tools/enumerate.sty)
Writing index file RieGeo.idx
(./RieGeo.aux) (/usr/share/texlive/texmf-dist/tex/context/base/supp-pdf.mkii
[Loading MPS to PDF converter (version 2006.09.02).]
) (/usr/share/texlive/texmf-dist/tex/latex/graphics/graphicx.sty
(/usr/share/texlive/texmf-dist/tex/latex/graphics/graphics.sty
(/usr/share/texlive/texmf-dist/tex/latex/graphics/trig.sty)
(/usr/share/texlive/texmf-dist/tex/latex/latexconfig/graphics.cfg))
(/usr/share/texlive/texmf-dist/tex/latex/oberdiek/epstopdf-base.sty
(/usr/share/texlive/texmf-dist/tex/latex/oberdiek/grfext.sty)
(/usr/share/texlive/texmf-dist/tex/latex/latexconfig/epstopdf-sys.cfg)))
(/usr/share/texlive/texmf-dist/tex/latex/hyperref/nameref.sty
(/usr/share/texlive/texmf-dist/tex/generic/oberdiek/gettitlestring.sty))
(./RieGeo.out) (./RieGeo.out)
(/usr/share/texlive/texmf-dist/tex/latex/base/t1cmss.fd)
(/usr/share/texlive/texmf-dist/tex/latex/amsfonts/umsa.fd)
(/usr/share/texlive/texmf-dist/tex/latex/amsfonts/umsb.fd)
(/usr/share/texlive/texmf-dist/tex/latex/stmaryrd/Ustmry.fd)
(/usr/share/texlive/texmf-dist/tex/latex/wasysym/uwasy.fd)
(/usr/share/texlive/texmf-dist/tex/latex/jknapltx/ursfs.fd)
(/usr/share/texlive/texmf-dist/tex/latex/base/t1cmtt.fd) [1
Non-PDF special ignored!
Non-PDF special ignored!
Non-PDF special ignored!
Non-PDF special ignored!
Non-PDF special ignored!
Non-PDF special ignored!
Non-PDF special ignored!{/var/lib/texmf/fonts/map/pdftex/updmap/pdftex.map}]
[2] (./RieGeo.toc [3]) [4]
Kapitel II.
[5] [6]
Kapitel 1.
[7]
Overfull \hbox (6.79999pt too wide) in paragraph at lines 111--112
[][][][]

LaTeX Font Warning: Font shape `U/stmry/b/n' undefined
(Font)              using `U/stmry/m/n' instead on input line 112.


LaTeX Font Warning: Font shape `U/wasy/b/n' in size <8> not available
(Font)              Font shape `U/wasy/m/n' tried instead on input line 112.


LaTeX Font Warning: Font shape `U/wasy/b/n' in size <6> not available
(Font)              Font shape `U/wasy/m/n' tried instead on input line 112.

(/usr/share/texlive/texmf-dist/tex/latex/base/omscmr.fd)
Overfull \hbox (53.1523pt too wide) detected at line 147
[] [] [] [] []  []

Overfull \hbox (34.17505pt too wide) in paragraph at lines 160--161
[][][][]

Underfull \hbox (badness 10000) in paragraph at lines 160--161

[8] [9]
Overfull \hbox (32.26505pt too wide) in paragraph at lines 219--222
\T1/cmr/m/n/10.95 ist ei-ne $\OML/cmm/m/it/10.95 n[]$\T1/cmr/m/n/10.95 -dimensi
onale dif-fe-ren-zier-ba-re Man-nig-fal-tig-keit: $\U/msb/m/n/10.95 R[] \OT1/cm
r/m/n/10.95 = \U/msb/m/n/10.95 R[]$ \T1/cmr/m/n/10.95 ist ei-ne $\OML/cmm/m/it/
10.95 n[]$\T1/cmr/m/n/10.95 -differenzierbare
[10]
Overfull \hbox (6.79999pt too wide) in paragraph at lines 264--265
[][][]

Underfull \hbox (badness 10000) in paragraph at lines 264--265


Overfull \hbox (6.79999pt too wide) in paragraph at lines 281--282
[][][][]

Underfull \hbox (badness 10000) in paragraph at lines 281--282

[11]
Overfull \hbox (6.79999pt too wide) in paragraph at lines 296--297
[][][][]

Underfull \hbox (badness 10000) in paragraph at lines 296--297


Overfull \hbox (6.79999pt too wide) in paragraph at lines 326--327
[][][][]

Underfull \hbox (badness 10000) in paragraph at lines 326--327


Overfull \hbox (6.79999pt too wide) in paragraph at lines 335--336
[][][][]

Underfull \hbox (badness 10000) in paragraph at lines 335--336

[12] [13] [14]
Overfull \hbox (6.79999pt too wide) in paragraph at lines 467--468
[][][][]

Underfull \hbox (badness 10000) in paragraph at lines 467--468

[15]
Overfull \hbox (6.79999pt too wide) in paragraph at lines 515--516
[][][][]

Underfull \hbox (badness 10000) in paragraph at lines 515--516

[16]
Overfull \hbox (6.79999pt too wide) in paragraph at lines 565--566
[][][][]

Underfull \hbox (badness 10000) in paragraph at lines 565--566

[17] [18] [19]
Overfull \hbox (6.79999pt too wide) in paragraph at lines 695--696
[][][][]

Underfull \hbox (badness 10000) in paragraph at lines 695--696


Underfull \vbox (badness 6641) has occurred while \output is active [20]
Overfull \hbox (6.79999pt too wide) in paragraph at lines 719--720
[][][][]

Underfull \hbox (badness 10000) in paragraph at lines 719--720

[21]
Overfull \hbox (6.79999pt too wide) in paragraph at lines 761--762
[][][][]

Underfull \hbox (badness 10000) in paragraph at lines 761--762

[22] [23] [24]
Kapitel 2.

Overfull \hbox (6.79999pt too wide) in paragraph at lines 824--825
[][][][]

Underfull \hbox (badness 10000) in paragraph at lines 824--825


Overfull \hbox (17.67882pt too wide) in paragraph at lines 830--831
[]\T1/cmr/m/n/10.95 Der Isometrie-Begriff auf Rie-mann'schen Man-nig-fal-tig-ke
i-ten: Ein Dif-feo-mor-phis-mus $\OT1/cmr/m/n/10.95 ^^H : (\OML/cmm/m/it/10.95 
M; \OMS/cmsy/m/n/10.95 h^^A\OML/cmm/m/it/10.95 ; \OMS/cmsy/m/n/10.95 ^^Ai\OT1/c
mr/m/n/10.95 ) \OMS/cmsy/m/n/10.95 !

Package hyperref Warning: Token not allowed in a PDF string (PDFDocEncoding):
(hyperref)                removing `math shift' on input line 837.


Package hyperref Warning: Token not allowed in a PDF string (PDFDocEncoding):
(hyperref)                removing `math shift' on input line 837.

[25]

Package hyperref Warning: Token not allowed in a PDF string (PDFDocEncoding):
(hyperref)                removing `math shift' on input line 840.


Package hyperref Warning: Token not allowed in a PDF string (PDFDocEncoding):
(hyperref)                removing `math shift' on input line 840.

[26]
Overfull \hbox (6.79999pt too wide) in paragraph at lines 904--905
[][][][]

Underfull \hbox (badness 10000) in paragraph at lines 904--905

[27] [28] [29] [30]
Kapitel 3.

Overfull \hbox (6.79999pt too wide) in paragraph at lines 1066--1067
[][][]

Underfull \hbox (badness 10000) in paragraph at lines 1066--1067

[31]
Overfull \hbox (6.79999pt too wide) in paragraph at lines 1096--1097
[][][][]

Underfull \hbox (badness 10000) in paragraph at lines 1096--1097

[32]
Overfull \hbox (6.79999pt too wide) in paragraph at lines 1120--1121
[][][][]

Underfull \hbox (badness 10000) in paragraph at lines 1120--1121


Overfull \hbox (6.79999pt too wide) in paragraph at lines 1146--1147
[][][][]

Underfull \hbox (badness 10000) in paragraph at lines 1146--1147


Underfull \vbox (badness 1888) has occurred while \output is active [33]
Overfull \hbox (0.51794pt too wide) in paragraph at lines 1156--1157
[]$\OT1/cmr/m/n/10.95 (\OMS/cmsy/m/n/10.95 ^^C\OT1/cmr/m/n/10.95 )  =[]\OMS/cms
y/m/n/10.95 ) $ \T1/cmr/m/n/10.95 ver-träg-lich: $\OML/cmm/m/it/10.95 V$\T1/cmr
/m/n/10.95 , $\OML/cmm/m/it/10.95 W$ \T1/cmr/m/n/10.95 par-al-lel ist äqui-va-l
ent zu $\OML/cmm/m/it/10.95 D[]V \OT1/cmr/m/n/10.95 = \OML/cmm/m/it/10.95 D[]W 
\OT1/cmr/m/n/10.95 = 0$\T1/cmr/m/n/10.95 , al-so $[]\OMS/cmsy/m/n/10.95 h\OML/c
mm/m/it/10.95 V\OT1/cmr/m/n/10.95 (\OML/cmm/m/it/10.95 t\OT1/cmr/m/n/10.95 )\OM
L/cmm/m/it/10.95 ; W\OT1/cmr/m/n/10.95 (\OML/cmm/m/it/10.95 t\OT1/cmr/m/n/10.95
 )\OMS/cmsy/m/n/10.95 i[] \OT1/cmr/m/n/10.95 =
[34]
Overfull \hbox (6.79999pt too wide) in paragraph at lines 1196--1197
[][][][]

Underfull \hbox (badness 10000) in paragraph at lines 1196--1197

[35] [36]
Kapitel 4.
[37]

Package hyperref Warning: Token not allowed in a PDF string (PDFDocEncoding):
(hyperref)                removing `math shift' on input line 1304.


Package hyperref Warning: Token not allowed in a PDF string (PDFDocEncoding):
(hyperref)                removing `math shift' on input line 1304.


Overfull \hbox (6.79999pt too wide) in paragraph at lines 1329--1330
[][][][]

Underfull \hbox (badness 10000) in paragraph at lines 1329--1330

[38] [39]
Overfull \hbox (6.79999pt too wide) in paragraph at lines 1384--1385
[][][][]

Underfull \hbox (badness 10000) in paragraph at lines 1384--1385


Overfull \hbox (10.71852pt too wide) in paragraph at lines 1400--1401
[]\T1/cmr/m/n/10.95 Wir be-nut-zen den Um-kehrs-atz für Man-nig-fal-tig-keit (S
atz [][]1.2[][]). Zu zei-gen ist: $[][] \OT1/cmr/m/n/10.95 : \OML/cmm/m/it/10.9
5 T[]\OT1/cmr/m/n/10.95 (\OML/cmm/m/it/10.95 B[]\OT1/cmr/m/n/10.95 (0)) []

Overfull \hbox (21.25903pt too wide) in paragraph at lines 1402--1403
[]\T1/cmr/m/n/10.95 Wähle da-zu die Kur-ve $\OML/cmm/m/it/10.95 c\OT1/cmr/m/n/1
0.95 (\OML/cmm/m/it/10.95 t\OT1/cmr/m/n/10.95 ) = \OML/cmm/m/it/10.95 tv$ \T1/c
mr/m/n/10.95 (mit $\OML/cmm/m/it/10.95 c\OT1/cmr/m/n/10.95 (0) = 0$\T1/cmr/m/n/
10.95 , $\OML/cmm/m/it/10.95 c[]\OT1/cmr/m/n/10.95 (0) = \OML/cmm/m/it/10.95 v$
\T1/cmr/m/n/10.95 ). Dann ist: $[][] \OT1/cmr/m/n/10.95 (\OML/cmm/m/it/10.95 v\
OT1/cmr/m/n/10.95 ) = [][] ([][] \OMS/cmsy/m/n/10.95 ^^N \OML/cmm/m/it/10.95 c\
OT1/cmr/m/n/10.95 )(\OML/cmm/m/it/10.95 t\OT1/cmr/m/n/10.95 ) =
[40]
Overfull \hbox (6.79999pt too wide) in paragraph at lines 1411--1412
[][][][]

Underfull \hbox (badness 10000) in paragraph at lines 1411--1412


Overfull \hbox (20.5402pt too wide) in paragraph at lines 1425--1426
\T1/cmr/m/n/10.95 Die Pa-ra-me-ter-li-ni-en $\OML/cmm/m/it/10.95 f\OT1/cmr/m/n/
10.95 (\OML/cmm/m/it/10.95 u; v[]\OT1/cmr/m/n/10.95 )$ \T1/cmr/m/n/10.95 bzw. $
\OML/cmm/m/it/10.95 f\OT1/cmr/m/n/10.95 (\OML/cmm/m/it/10.95 u[]; v\OT1/cmr/m/n
/10.95 )$ \T1/cmr/m/n/10.95 mit $\OML/cmm/m/it/10.95 v[]$ \T1/cmr/m/n/10.95 bzw
. $\OML/cmm/m/it/10.95 u[]$ \T1/cmr/m/n/10.95 fest de-fi-nie-ren die ^^RTangent
ial-Vektorfelder^^P 
[41] [42] [43] [44] [45] [46]
Kapitel 5.

Overfull \hbox (6.79999pt too wide) in paragraph at lines 1630--1631
[][][][]

Underfull \hbox (badness 10000) in paragraph at lines 1630--1631

[47]
Overfull \hbox (3.81337pt too wide) in paragraph at lines 1661--1665
\OMS/cmsy/m/n/10.95 h\OML/cmm/m/it/10.95 D[]W; W\OMS/cmsy/m/n/10.95 i \OT1/cmr/
m/n/10.95 = [][\OML/cmm/m/it/10.95 X; Y\OT1/cmr/m/n/10.95 ]\OMS/cmsy/m/n/10.95 
h\OML/cmm/m/it/10.95 W; W\OMS/cmsy/m/n/10.95 i$\T1/cmr/m/n/10.95 . So-mit: $\OM
S/cmsy/m/n/10.95 h\OML/cmm/m/it/10.95 R\OT1/cmr/m/n/10.95 (\OML/cmm/m/it/10.95 
X; Y\OT1/cmr/m/n/10.95 )\OML/cmm/m/it/10.95 W; W\OMS/cmsy/m/n/10.95 i \OT1/cmr/
m/n/10.95 = \OML/cmm/m/it/10.95 Y\OMS/cmsy/m/n/10.95 h\OML/cmm/m/it/10.95 D[]W;
 W\OMS/cmsy/m/n/10.95 i ^^@ h\OML/cmm/m/it/10.95 D[]W; D[]W\OMS/cmsy/m/n/10.95 
i ^^@
[48]
Overfull \hbox (22.67302pt too wide) in paragraph at lines 1713--1714
\T1/cmr/m/n/10.95 Sei $\OT1/cmr/m/n/10.95 (\OML/cmm/m/it/10.95 M; \OMS/cmsy/m/n
/10.95 h^^A\OML/cmm/m/it/10.95 ; \OMS/cmsy/m/n/10.95 ^^Ai\OT1/cmr/m/n/10.95 )$ 
\T1/cmr/m/n/10.95 ei-ne Rie-mann'sche Man-nig-fal-tig-keit und $\OML/cmm/m/it/1
0.95 D$ \T1/cmr/m/n/10.95 der zu-ge-hö-ri-ger Levi-Civita-Zusammenhang.
[49]
Overfull \hbox (6.79999pt too wide) in paragraph at lines 1741--1742
[][][][]

Underfull \hbox (badness 10000) in paragraph at lines 1741--1742


Underfull \hbox (badness 1152) in paragraph at lines 1750--1751
\T1/cmr/m/n/10.95 ist $\OML/cmm/m/it/10.95 df\OMS/cmsy/m/n/10.95 j[]\OT1/cmr/m/
n/10.95 (\OML/cmm/m/it/10.95 ^^[\OT1/cmr/m/n/10.95 ) \OMS/cmsy/m/n/10.95 ^^Z \O
ML/cmm/m/it/10.95 T[]N$ \T1/cmr/m/n/10.95 ein 2-dimensionaler Un-ter-vek-tor-ra
um und $\OML/cmm/m/it/10.95 K[]\OT1/cmr/m/n/10.95 (\OML/cmm/m/it/10.95 p; ^^[\O
T1/cmr/m/n/10.95 ) =

Overfull \hbox (14.78204pt too wide) in paragraph at lines 1784--1786
\T1/cmr/m/n/10.95 ergänze zu ei-ner Or-tho-nor-mal-ba-sis $\OMS/cmsy/m/n/10.95 
f\OML/cmm/m/it/10.95 f[]; [] ; f[]\OMS/cmsy/m/n/10.95 g$ \T1/cmr/m/n/10.95 von 
$\U/msb/m/n/10.95 R[]$\T1/cmr/m/n/10.95 . Dann ist $\OML/cmm/m/it/10.95 A [] \O
T1/cmr/m/n/10.95 [\OML/cmm/m/it/10.95 f[]; f[]; [] ; f[]\OT1/cmr/m/n/10.95 ] \O
MS/cmsy/m/n/10.95 2
[50] [51]
Overfull \hbox (3.41391pt too wide) in paragraph at lines 1848--1849
[]\T1/cmr/m/n/10.95 Eine Rie-mann'sche Man-nig-fal-tig-keit $\OT1/cmr/m/n/10.95
 (\OML/cmm/m/it/10.95 M; g\OT1/cmr/m/n/10.95 )$ \T1/cmr/m/n/10.95 heiÿt Einstei
n-Raum falls $[]\OT1/cmr/m/n/10.95 (\OML/cmm/m/it/10.95 x; y\OT1/cmr/m/n/10.95 
) = \OML/cmm/m/it/10.95 ^^Ug\OT1/cmr/m/n/10.95 (\OML/cmm/m/it/10.95 x; y\OT1/cm
r/m/n/10.95 ) \OMS/cmsy/m/n/10.95 8\OML/cmm/m/it/10.95 x; y \OMS/cmsy/m/n/10.95
 2

Overfull \hbox (4.65503pt too wide) in paragraph at lines 1861--1863
\T1/cmr/m/n/10.95 wobei $\OML/cmm/m/it/10.95 G$\T1/cmr/m/n/10.95 : Einstein-Ten
sor für 4 di-men-sio-na-le Lorentz-Mannigfaltigkeit (mit Pseudo-Riemannscher
[52]
Kapitel 6.

Overfull \hbox (38.23735pt too wide) in paragraph at lines 1900--1905
[][]\OML/cmm/m/it/10.95 X[] \OT1/cmr/m/n/10.95 = [][] []\OML/cmm/m/it/10.95 D[]
X[] \OT1/cmr/m/n/10.95 + [][] []\OML/cmm/m/it/10.95 D[] [] \OT1/cmr/m/n/10.95 =
 [][] []\OML/cmm/m/it/10.95 D[]X[] \OT1/cmr/m/n/10.95 + [][] [] []$\T1/cmr/m/n/
10.95 . 
[53]
Overfull \hbox (6.79999pt too wide) in paragraph at lines 1926--1927
[][][][]

Underfull \hbox (badness 10000) in paragraph at lines 1926--1927


Overfull \hbox (12.57462pt too wide) in paragraph at lines 1934--1937
[]\T1/cmr/m/n/10.95 Weiter sei $\OML/cmm/m/it/10.95 a[]\OT1/cmr/m/n/10.95 (\OML
/cmm/m/it/10.95 t\OT1/cmr/m/n/10.95 ) [] \OMS/cmsy/m/n/10.95 h\OML/cmm/m/it/10.
95 R\OT1/cmr/m/n/10.95 (\OML/cmm/m/it/10.95 ^^M[]\OT1/cmr/m/n/10.95 (\OML/cmm/m
/it/10.95 t\OT1/cmr/m/n/10.95 )\OML/cmm/m/it/10.95 ; E[]\OT1/cmr/m/n/10.95 (\OM
L/cmm/m/it/10.95 t\OT1/cmr/m/n/10.95 ))\OML/cmm/m/it/10.95 ^^M[]\OT1/cmr/m/n/10
.95 (\OML/cmm/m/it/10.95 t\OT1/cmr/m/n/10.95 )\OML/cmm/m/it/10.95 ; E[]\OT1/cmr
/m/n/10.95 (\OML/cmm/m/it/10.95 t\OT1/cmr/m/n/10.95 )\OMS/cmsy/m/n/10.95 i[]$\T
1/cmr/m/n/10.95 . Dann gilt $\OML/cmm/m/it/10.95 R\OT1/cmr/m/n/10.95 (\OML/cmm/
m/it/10.95 ^^M[]; J\OT1/cmr/m/n/10.95 )\OML/cmm/m/it/10.95 ^^M[] \OT1/cmr/m/n/1
0.95 = [][] [] \OML/cmm/m/it/10.95 E[] \OT1/cmr/m/n/10.95 =
[54] [55] [56] [57]
Overfull \hbox (20.95416pt too wide) in paragraph at lines 2101--2102
\OT1/cmr/m/n/10.95 2\OML/cmm/m/it/10.95 ^^Y []$\T1/cmr/m/n/10.95 , al-so $\OML/
cmm/m/it/10.95 K\OT1/cmr/m/n/10.95 (\OML/cmm/m/it/10.95 p; ^^[\OT1/cmr/m/n/10.9
5 ) = +1$\T1/cmr/m/n/10.95 . Im Hy-per-bo-li-schen ist $\OML/cmm/m/it/10.95 L\O
T1/cmr/m/n/10.95 (\OML/cmm/m/it/10.95 K[]\OT1/cmr/m/n/10.95 ) = 2\OML/cmm/m/it/
10.95 ^^Y [] r \OT1/cmr/m/n/10.95 = 2\OML/cmm/m/it/10.95 ^^Y []$\T1/cmr/m/n/10.
95 ,
[58]
Kapitel 7.
[59]
Overfull \hbox (4.18315pt too wide) in paragraph at lines 2165--2166
[]\T1/cmr/m/n/10.95 Da $\OT1/cmr/m/n/10.95 
[]$ \T1/cmr/m/n/10.95 ei-ne Ober-men-ge der We-ge von $\OML/cmm/m/it/10.95 p$ \
T1/cmr/m/n/10.95 nach $\OML/cmm/m/it/10.95 q$ \T1/cmr/m/n/10.95 über $\OML/cmm/
m/it/10.95 r$ \T1/cmr/m/n/10.95 ist, gilt $[][] \OML/cmm/m/it/10.95 L\OT1/cmr/m
/n/10.95 (\OML/cmm/m/it/10.95 c\OT1/cmr/m/n/10.95 ) \OMS/cmsy/m/n/10.95 ^^T [][
] \OML/cmm/m/it/10.95 L\OT1/cmr/m/n/10.95 (\OML/cmm/m/it/10.95 c\OT1/cmr/m/n/10
.95 ) +
[60]
Overfull \hbox (6.79999pt too wide) in paragraph at lines 2199--2200
[][][][]

Underfull \hbox (badness 10000) in paragraph at lines 2199--2200

[61] [62] [63] [64]
Overfull \hbox (38.12206pt too wide) in paragraph at lines 2333--2333
\T1/cmr/m/n/10.95 eine of-fe-ne Um-ge-bung von $\OT1/cmr/m/n/10.95 0 \OMS/cmsy/
m/n/10.95 2 \OML/cmm/m/it/10.95 T[]M$\T1/cmr/m/n/10.95 . Der Rand von $\OML/cmm
/m/it/10.95 U[]$\T1/cmr/m/n/10.95 , $\OML/cmm/m/it/10.95 @U[]$\T1/cmr/m/n/10.95
 , ist die Men-ge $[] \OT1/cmr/m/n/10.95 =

Overfull \hbox (5.16235pt too wide) in paragraph at lines 2342--2343
[]\T1/cmr/m/n/10.95 Ist $\OT1/cmr/m/n/10.95 (\OML/cmm/m/it/10.95 M; \OMS/cmsy/m
/n/10.95 h^^A\OML/cmm/m/it/10.95 ; \OMS/cmsy/m/n/10.95 ^^Ai\OT1/cmr/m/n/10.95 )
$ \T1/cmr/m/n/10.95 ei-ne zu-sam-men-hän-gen-de kom-pak-te Riem-man'sche Man-ni
g-fal-tig-keit mit $[]\OT1/cmr/m/n/10.95 (\OML/cmm/m/it/10.95 M\OT1/cmr/m/n/10.
95 ) =
[65]
Overfull \hbox (6.79999pt too wide) in paragraph at lines 2387--2388
[][][][]

Underfull \hbox (badness 10000) in paragraph at lines 2387--2388

[66] [67]
Overfull \hbox (6.79999pt too wide) in paragraph at lines 2454--2455
[][][][]

Underfull \hbox (badness 10000) in paragraph at lines 2454--2455

[68]
Overfull \hbox (9.53029pt too wide) in paragraph at lines 2485--2486
[]$[]$ \T1/cmr/m/n/10.95 sei-en die Ko-or-di-na-ten in $\OML/cmm/m/it/10.95 T[]
M$ \T1/cmr/m/n/10.95 be-züg-lich der Or-tho-nor-mal-ba-sis $\OMS/cmsy/m/n/10.95
 f\OML/cmm/m/it/10.95 u; e[]; [] ; e[]\OMS/cmsy/m/n/10.95 g$\T1/cmr/m/n/10.95 .

[69] [70]
Anhang A.
** Generating table of satz,wichtigedefinition
(./RieGeo.thm) (./RieGeo.ind [71] [72] [73] [74]) (./RieGeo.aux)

LaTeX Font Warning: Some font shapes were not available, defaults substituted.

 )
(see the transcript file for additional information) </home/travis/.texmf-var/f
onts/pk/ljfour/public/skull/skull.548pk>{/usr/share/texmf/fonts/enc/dvips/cm-su
per/cm-super-t1.enc}</usr/share/texlive/texmf-dist/fonts/type1/public/amsfonts/
cm/cmex10.pfb></usr/share/texlive/texmf-dist/fonts/type1/public/amsfonts/cmextr
a/cmex8.pfb></usr/share/texlive/texmf-dist/fonts/type1/public/amsfonts/cm/cmmi1
0.pfb></usr/share/texlive/texmf-dist/fonts/type1/public/amsfonts/cm/cmmi12.pfb>
</usr/share/texlive/texmf-dist/fonts/type1/public/amsfonts/cm/cmmi6.pfb></usr/s
hare/texlive/texmf-dist/fonts/type1/public/amsfonts/cm/cmmi8.pfb></usr/share/te
xlive/texmf-dist/fonts/type1/public/amsfonts/cm/cmmi9.pfb></usr/share/texlive/t
exmf-dist/fonts/type1/public/amsfonts/cm/cmmib10.pfb></usr/share/texlive/texmf-
dist/fonts/type1/public/amsfonts/cmextra/cmmib8.pfb></usr/share/texlive/texmf-d
ist/fonts/type1/public/amsfonts/cm/cmr10.pfb></usr/share/texlive/texmf-dist/fon
ts/type1/public/amsfonts/cm/cmr12.pfb></usr/share/texlive/texmf-dist/fonts/type
1/public/amsfonts/cm/cmr6.pfb></usr/share/texlive/texmf-dist/fonts/type1/public
/amsfonts/cm/cmr8.pfb></usr/share/texlive/texmf-dist/fonts/type1/public/amsfont
s/cm/cmr9.pfb></usr/share/texlive/texmf-dist/fonts/type1/public/amsfonts/cm/cms
y10.pfb></usr/share/texlive/texmf-dist/fonts/type1/public/amsfonts/cm/cmsy6.pfb
></usr/share/texlive/texmf-dist/fonts/type1/public/amsfonts/cm/cmsy8.pfb></usr/
share/texlive/texmf-dist/fonts/type1/public/amsfonts/cm/cmsy9.pfb></usr/share/t
exlive/texmf-dist/fonts/type1/public/amsfonts/symbols/msam10.pfb></usr/share/te
xlive/texmf-dist/fonts/type1/public/amsfonts/symbols/msbm10.pfb></usr/share/tex
mf/fonts/type1/public/cm-super/sfbx1095.pfb></usr/share/texmf/fonts/type1/publi
c/cm-super/sfrm0600.pfb></usr/share/texmf/fonts/type1/public/cm-super/sfrm0800.
pfb></usr/share/texmf/fonts/type1/public/cm-super/sfrm0900.pfb></usr/share/texm
f/fonts/type1/public/cm-super/sfrm1095.pfb></usr/share/texmf/fonts/type1/public
/cm-super/sfrm1440.pfb></usr/share/texmf/fonts/type1/public/cm-super/sfsl1095.p
fb></usr/share/texmf/fonts/type1/public/cm-super/sfsx1095.pfb></usr/share/texmf
/fonts/type1/public/cm-super/sfsx1200.pfb></usr/share/texmf/fonts/type1/public/
cm-super/sfsx1440.pfb></usr/share/texmf/fonts/type1/public/cm-super/sfsx2074.pf
b></usr/share/texmf/fonts/type1/public/cm-super/sfti1095.pfb></usr/share/texmf/
fonts/type1/public/cm-super/sftt1095.pfb></usr/share/texmf/fonts/type1/public/c
m-super/sftt1440.pfb>
Output written on RieGeo.pdf (74 pages, 813677 bytes).
Transcript written on RieGeo.log.
Result: ExitSuccess

Running /usr/bin/pdflatex RieGeo.tex in an env with 4 entries:
This is pdfTeX, Version 3.1415926-2.5-1.40.14 (TeX Live 2013/Debian)
 restricted \write18 enabled.
entering extended mode
(data/RieGeo.tex
LaTeX2e <2011/06/27>
Babel <3.9h> and hyphenation patterns for 78 languages loaded.
(/usr/share/texlive/texmf-dist/tex/latex/koma-script/scrbook.cls
Document Class: scrbook 2013/12/19 v3.12 KOMA-Script document class (book)
(/usr/share/texlive/texmf-dist/tex/latex/koma-script/scrkbase.sty
(/usr/share/texlive/texmf-dist/tex/latex/koma-script/scrbase.sty
(/usr/share/texlive/texmf-dist/tex/latex/graphics/keyval.sty)
(/usr/share/texlive/texmf-dist/tex/latex/koma-script/scrlfile.sty
Package scrlfile, 2013/12/19 v3.12 KOMA-Script package (loading files)
                  Copyright (C) Markus Kohm

))) (/usr/share/texlive/texmf-dist/tex/latex/koma-script/tocbasic.sty)
(/usr/share/texlive/texmf-dist/tex/latex/koma-script/scrsize11pt.clo)
(/usr/share/texlive/texmf-dist/tex/latex/koma-script/typearea.sty
Package typearea, 2013/12/19 v3.12 KOMA-Script package (type area)
                  Copyright (C) Frank Neukam, 1992-1994
                  Copyright (C) Markus Kohm, 1994-

)) (data/mathe.sty (data/latexki.sty)
(/usr/share/texlive/texmf-dist/tex/latex/base/inputenc.sty
(/usr/share/texlive/texmf-dist/tex/latex/base/utf8.def
(/usr/share/texlive/texmf-dist/tex/latex/base/t1enc.dfu)
(/usr/share/texlive/texmf-dist/tex/latex/base/ot1enc.dfu)
(/usr/share/texlive/texmf-dist/tex/latex/base/omsenc.dfu)))
(/usr/share/texlive/texmf-dist/tex/generic/babel/babel.sty
(/usr/share/texlive/texmf-dist/tex/generic/babel-german/ngermanb.ldf
(/usr/share/texlive/texmf-dist/tex/generic/babel/babel.def)))
(/usr/share/texlive/texmf-dist/tex/latex/base/fontenc.sty
(/usr/share/texlive/texmf-dist/tex/latex/base/t1enc.def))
(/usr/share/texlive/texmf-dist/tex/latex/amsfonts/amsfonts.sty)
(/usr/share/texlive/texmf-dist/tex/latex/amsfonts/amssymb.sty)
(/usr/share/texlive/texmf-dist/tex/latex/amsmath/amsmath.sty
For additional information on amsmath, use the `?' option.
(/usr/share/texlive/texmf-dist/tex/latex/amsmath/amstext.sty
(/usr/share/texlive/texmf-dist/tex/latex/amsmath/amsgen.sty))
(/usr/share/texlive/texmf-dist/tex/latex/amsmath/amsbsy.sty)
(/usr/share/texlive/texmf-dist/tex/latex/amsmath/amsopn.sty))
(/usr/share/texlive/texmf-dist/tex/latex/stmaryrd/stmaryrd.sty)
(/usr/share/texlive/texmf-dist/tex/latex/tools/verbatim.sty)
(/usr/share/texlive/texmf-dist/tex/latex/base/ifthen.sty)
(/usr/share/texlive/texmf-dist/tex/latex/ntheorem/ntheorem.sty
Style `ntheorem', Version 1.33 <2011/08/15>
) (/usr/share/texlive/texmf-dist/tex/latex/framed/framed.sty)
(/usr/share/texlive/texmf-dist/tex/latex/pstricks/pstricks.sty
(/usr/share/texlive/texmf-dist/tex/generic/oberdiek/ifpdf.sty)
(/usr/share/texlive/texmf-dist/tex/generic/pstricks/pstricks.tex
(/usr/share/texlive/texmf-dist/tex/generic/xkeyval/pst-xkey.tex
(/usr/share/texlive/texmf-dist/tex/latex/xkeyval/xkeyval.sty
(/usr/share/texlive/texmf-dist/tex/generic/xkeyval/xkeyval.tex)))
(/usr/share/texlive/texmf-dist/tex/generic/pstricks/pst-fp.tex
`pst-fp' v0.05, 2010/01/17 (hv))
(/usr/share/texmf/tex/generic/pgf/utilities/pgfutil-common.tex)
(/usr/share/texmf/tex/generic/pgf/utilities/pgfkeys.code.tex
(/usr/share/texmf/tex/generic/pgf/utilities/pgfkeysfiltered.code.tex))
(/usr/share/texmf/tex/generic/pgf/utilities/pgffor.code.tex)
`PSTricks' v2.51  <2014/02/03> (tvz)
(/usr/share/texlive/texmf-dist/tex/generic/pstricks/pstricks.con))
(/usr/share/texlive/texmf-dist/tex/generic/pstricks/pst-fp.tex)
(/usr/share/texmf/tex/latex/xcolor/xcolor.sty
(/usr/share/texlive/texmf-dist/tex/latex/latexconfig/color.cfg)
(/usr/share/texlive/texmf-dist/tex/latex/pdftex-def/pdftex.def
(/usr/share/texlive/texmf-dist/tex/generic/oberdiek/infwarerr.sty)
(/usr/share/texlive/texmf-dist/tex/generic/oberdiek/ltxcmds.sty))))
(/usr/share/texlive/texmf-dist/tex/latex/carlisle/slashed.sty)
(/usr/share/texlive/texmf-dist/tex/latex/base/makeidx.sty)
(/usr/share/texlive/texmf-dist/tex/latex/wasysym/wasysym.sty)
(/usr/share/texlive/texmf-dist/tex/latex/jknapltx/mathrsfs.sty)
(/usr/share/texlive/texmf-dist/tex/latex/mh/mathtools.sty
(/usr/share/texlive/texmf-dist/tex/latex/tools/calc.sty)
(/usr/share/texlive/texmf-dist/tex/latex/mh/mhsetup.sty))
(/usr/share/texlive/texmf-dist/tex/latex/doublestroke/dsfont.sty)
(/usr/share/texlive/texmf-dist/tex/latex/hyperref/hyperref.sty
(/usr/share/texlive/texmf-dist/tex/generic/oberdiek/hobsub-hyperref.sty
(/usr/share/texlive/texmf-dist/tex/generic/oberdiek/hobsub-generic.sty))
(/usr/share/texlive/texmf-dist/tex/generic/ifxetex/ifxetex.sty)
(/usr/share/texlive/texmf-dist/tex/latex/oberdiek/auxhook.sty)
(/usr/share/texlive/texmf-dist/tex/latex/oberdiek/kvoptions.sty)
(/usr/share/texlive/texmf-dist/tex/latex/hyperref/pd1enc.def)
(/usr/share/texlive/texmf-dist/tex/latex/latexconfig/hyperref.cfg)
(/usr/share/texlive/texmf-dist/tex/latex/url/url.sty))

Package hyperref Message: Driver (autodetected): hpdftex.

(/usr/share/texlive/texmf-dist/tex/latex/hyperref/hpdftex.def
(/usr/share/texlive/texmf-dist/tex/latex/oberdiek/rerunfilecheck.sty))
(/usr/share/texlive/texmf-dist/tex/latex/etex-pkg/etex.sty))
(data/saetze-leuzinger.sty)
(/usr/share/texlive/texmf-dist/tex/latex/skull/skull.sty) (data/faktor.sty)
(/usr/share/texlive/texmf-dist/tex/latex/tools/enumerate.sty)
Writing index file RieGeo.idx
(./RieGeo.aux) (/usr/share/texlive/texmf-dist/tex/context/base/supp-pdf.mkii
[Loading MPS to PDF converter (version 2006.09.02).]
) (/usr/share/texlive/texmf-dist/tex/latex/graphics/graphicx.sty
(/usr/share/texlive/texmf-dist/tex/latex/graphics/graphics.sty
(/usr/share/texlive/texmf-dist/tex/latex/graphics/trig.sty)
(/usr/share/texlive/texmf-dist/tex/latex/latexconfig/graphics.cfg))
(/usr/share/texlive/texmf-dist/tex/latex/oberdiek/epstopdf-base.sty
(/usr/share/texlive/texmf-dist/tex/latex/oberdiek/grfext.sty)
(/usr/share/texlive/texmf-dist/tex/latex/latexconfig/epstopdf-sys.cfg)))
(/usr/share/texlive/texmf-dist/tex/latex/hyperref/nameref.sty
(/usr/share/texlive/texmf-dist/tex/generic/oberdiek/gettitlestring.sty))
(./RieGeo.out) (./RieGeo.out)
(/usr/share/texlive/texmf-dist/tex/latex/base/t1cmss.fd)
(/usr/share/texlive/texmf-dist/tex/latex/amsfonts/umsa.fd)
(/usr/share/texlive/texmf-dist/tex/latex/amsfonts/umsb.fd)
(/usr/share/texlive/texmf-dist/tex/latex/stmaryrd/Ustmry.fd)
(/usr/share/texlive/texmf-dist/tex/latex/wasysym/uwasy.fd)
(/usr/share/texlive/texmf-dist/tex/latex/jknapltx/ursfs.fd)
(/usr/share/texlive/texmf-dist/tex/latex/base/t1cmtt.fd) [1
Non-PDF special ignored!
Non-PDF special ignored!
Non-PDF special ignored!
Non-PDF special ignored!
Non-PDF special ignored!
Non-PDF special ignored!
Non-PDF special ignored!{/var/lib/texmf/fonts/map/pdftex/updmap/pdftex.map}]
[2] (./RieGeo.toc [3]) [4]
Kapitel II.
[5] [6]
Kapitel 1.
[7]
Overfull \hbox (6.79999pt too wide) in paragraph at lines 111--112
[][][][]

LaTeX Font Warning: Font shape `U/stmry/b/n' undefined
(Font)              using `U/stmry/m/n' instead on input line 112.


LaTeX Font Warning: Font shape `U/wasy/b/n' in size <8> not available
(Font)              Font shape `U/wasy/m/n' tried instead on input line 112.


LaTeX Font Warning: Font shape `U/wasy/b/n' in size <6> not available
(Font)              Font shape `U/wasy/m/n' tried instead on input line 112.

(/usr/share/texlive/texmf-dist/tex/latex/base/omscmr.fd)
Overfull \hbox (53.1523pt too wide) detected at line 147
[] [] [] [] []  []

Overfull \hbox (34.17505pt too wide) in paragraph at lines 160--161
[][][][]

Underfull \hbox (badness 10000) in paragraph at lines 160--161

[8] [9]
Overfull \hbox (32.26505pt too wide) in paragraph at lines 219--222
\T1/cmr/m/n/10.95 ist ei-ne $\OML/cmm/m/it/10.95 n[]$\T1/cmr/m/n/10.95 -dimensi
onale dif-fe-ren-zier-ba-re Man-nig-fal-tig-keit: $\U/msb/m/n/10.95 R[] \OT1/cm
r/m/n/10.95 = \U/msb/m/n/10.95 R[]$ \T1/cmr/m/n/10.95 ist ei-ne $\OML/cmm/m/it/
10.95 n[]$\T1/cmr/m/n/10.95 -differenzierbare
[10]
Overfull \hbox (6.79999pt too wide) in paragraph at lines 264--265
[][][]

Underfull \hbox (badness 10000) in paragraph at lines 264--265


Overfull \hbox (6.79999pt too wide) in paragraph at lines 281--282
[][][][]

Underfull \hbox (badness 10000) in paragraph at lines 281--282

[11]
Overfull \hbox (6.79999pt too wide) in paragraph at lines 296--297
[][][][]

Underfull \hbox (badness 10000) in paragraph at lines 296--297


Overfull \hbox (6.79999pt too wide) in paragraph at lines 326--327
[][][][]

Underfull \hbox (badness 10000) in paragraph at lines 326--327


Overfull \hbox (6.79999pt too wide) in paragraph at lines 335--336
[][][][]

Underfull \hbox (badness 10000) in paragraph at lines 335--336

[12] [13] [14]
Overfull \hbox (6.79999pt too wide) in paragraph at lines 467--468
[][][][]

Underfull \hbox (badness 10000) in paragraph at lines 467--468

[15]
Overfull \hbox (6.79999pt too wide) in paragraph at lines 515--516
[][][][]

Underfull \hbox (badness 10000) in paragraph at lines 515--516

[16]
Overfull \hbox (6.79999pt too wide) in paragraph at lines 565--566
[][][][]

Underfull \hbox (badness 10000) in paragraph at lines 565--566

[17] [18] [19]
Overfull \hbox (6.79999pt too wide) in paragraph at lines 695--696
[][][][]

Underfull \hbox (badness 10000) in paragraph at lines 695--696


Underfull \vbox (badness 6641) has occurred while \output is active [20]
Overfull \hbox (6.79999pt too wide) in paragraph at lines 719--720
[][][][]

Underfull \hbox (badness 10000) in paragraph at lines 719--720

[21]
Overfull \hbox (6.79999pt too wide) in paragraph at lines 761--762
[][][][]

Underfull \hbox (badness 10000) in paragraph at lines 761--762

[22] [23] [24]
Kapitel 2.

Overfull \hbox (6.79999pt too wide) in paragraph at lines 824--825
[][][][]

Underfull \hbox (badness 10000) in paragraph at lines 824--825


Overfull \hbox (17.67882pt too wide) in paragraph at lines 830--831
[]\T1/cmr/m/n/10.95 Der Isometrie-Begriff auf Rie-mann'schen Man-nig-fal-tig-ke
i-ten: Ein Dif-feo-mor-phis-mus $\OT1/cmr/m/n/10.95 ^^H : (\OML/cmm/m/it/10.95 
M; \OMS/cmsy/m/n/10.95 h^^A\OML/cmm/m/it/10.95 ; \OMS/cmsy/m/n/10.95 ^^Ai\OT1/c
mr/m/n/10.95 ) \OMS/cmsy/m/n/10.95 !

Package hyperref Warning: Token not allowed in a PDF string (PDFDocEncoding):
(hyperref)                removing `math shift' on input line 837.


Package hyperref Warning: Token not allowed in a PDF string (PDFDocEncoding):
(hyperref)                removing `math shift' on input line 837.

[25]

Package hyperref Warning: Token not allowed in a PDF string (PDFDocEncoding):
(hyperref)                removing `math shift' on input line 840.


Package hyperref Warning: Token not allowed in a PDF string (PDFDocEncoding):
(hyperref)                removing `math shift' on input line 840.

[26]
Overfull \hbox (6.79999pt too wide) in paragraph at lines 904--905
[][][][]

Underfull \hbox (badness 10000) in paragraph at lines 904--905

[27] [28] [29] [30]
Kapitel 3.

Overfull \hbox (6.79999pt too wide) in paragraph at lines 1066--1067
[][][]

Underfull \hbox (badness 10000) in paragraph at lines 1066--1067

[31]
Overfull \hbox (6.79999pt too wide) in paragraph at lines 1096--1097
[][][][]

Underfull \hbox (badness 10000) in paragraph at lines 1096--1097

[32]
Overfull \hbox (6.79999pt too wide) in paragraph at lines 1120--1121
[][][][]

Underfull \hbox (badness 10000) in paragraph at lines 1120--1121


Overfull \hbox (6.79999pt too wide) in paragraph at lines 1146--1147
[][][][]

Underfull \hbox (badness 10000) in paragraph at lines 1146--1147


Underfull \vbox (badness 1888) has occurred while \output is active [33]
Overfull \hbox (0.51794pt too wide) in paragraph at lines 1156--1157
[]$\OT1/cmr/m/n/10.95 (\OMS/cmsy/m/n/10.95 ^^C\OT1/cmr/m/n/10.95 )  =[]\OMS/cms
y/m/n/10.95 ) $ \T1/cmr/m/n/10.95 ver-träg-lich: $\OML/cmm/m/it/10.95 V$\T1/cmr
/m/n/10.95 , $\OML/cmm/m/it/10.95 W$ \T1/cmr/m/n/10.95 par-al-lel ist äqui-va-l
ent zu $\OML/cmm/m/it/10.95 D[]V \OT1/cmr/m/n/10.95 = \OML/cmm/m/it/10.95 D[]W 
\OT1/cmr/m/n/10.95 = 0$\T1/cmr/m/n/10.95 , al-so $[]\OMS/cmsy/m/n/10.95 h\OML/c
mm/m/it/10.95 V\OT1/cmr/m/n/10.95 (\OML/cmm/m/it/10.95 t\OT1/cmr/m/n/10.95 )\OM
L/cmm/m/it/10.95 ; W\OT1/cmr/m/n/10.95 (\OML/cmm/m/it/10.95 t\OT1/cmr/m/n/10.95
 )\OMS/cmsy/m/n/10.95 i[] \OT1/cmr/m/n/10.95 =
[34]
Overfull \hbox (6.79999pt too wide) in paragraph at lines 1196--1197
[][][][]

Underfull \hbox (badness 10000) in paragraph at lines 1196--1197

[35] [36]
Kapitel 4.
[37]

Package hyperref Warning: Token not allowed in a PDF string (PDFDocEncoding):
(hyperref)                removing `math shift' on input line 1304.


Package hyperref Warning: Token not allowed in a PDF string (PDFDocEncoding):
(hyperref)                removing `math shift' on input line 1304.


Overfull \hbox (6.79999pt too wide) in paragraph at lines 1329--1330
[][][][]

Underfull \hbox (badness 10000) in paragraph at lines 1329--1330

[38] [39]
Overfull \hbox (6.79999pt too wide) in paragraph at lines 1384--1385
[][][][]

Underfull \hbox (badness 10000) in paragraph at lines 1384--1385


Overfull \hbox (10.71852pt too wide) in paragraph at lines 1400--1401
[]\T1/cmr/m/n/10.95 Wir be-nut-zen den Um-kehrs-atz für Man-nig-fal-tig-keit (S
atz [][]1.2[][]). Zu zei-gen ist: $[][] \OT1/cmr/m/n/10.95 : \OML/cmm/m/it/10.9
5 T[]\OT1/cmr/m/n/10.95 (\OML/cmm/m/it/10.95 B[]\OT1/cmr/m/n/10.95 (0)) []

Overfull \hbox (21.25903pt too wide) in paragraph at lines 1402--1403
[]\T1/cmr/m/n/10.95 Wähle da-zu die Kur-ve $\OML/cmm/m/it/10.95 c\OT1/cmr/m/n/1
0.95 (\OML/cmm/m/it/10.95 t\OT1/cmr/m/n/10.95 ) = \OML/cmm/m/it/10.95 tv$ \T1/c
mr/m/n/10.95 (mit $\OML/cmm/m/it/10.95 c\OT1/cmr/m/n/10.95 (0) = 0$\T1/cmr/m/n/
10.95 , $\OML/cmm/m/it/10.95 c[]\OT1/cmr/m/n/10.95 (0) = \OML/cmm/m/it/10.95 v$
\T1/cmr/m/n/10.95 ). Dann ist: $[][] \OT1/cmr/m/n/10.95 (\OML/cmm/m/it/10.95 v\
OT1/cmr/m/n/10.95 ) = [][] ([][] \OMS/cmsy/m/n/10.95 ^^N \OML/cmm/m/it/10.95 c\
OT1/cmr/m/n/10.95 )(\OML/cmm/m/it/10.95 t\OT1/cmr/m/n/10.95 ) =
[40]
Overfull \hbox (6.79999pt too wide) in paragraph at lines 1411--1412
[][][][]

Underfull \hbox (badness 10000) in paragraph at lines 1411--1412


Overfull \hbox (20.5402pt too wide) in paragraph at lines 1425--1426
\T1/cmr/m/n/10.95 Die Pa-ra-me-ter-li-ni-en $\OML/cmm/m/it/10.95 f\OT1/cmr/m/n/
10.95 (\OML/cmm/m/it/10.95 u; v[]\OT1/cmr/m/n/10.95 )$ \T1/cmr/m/n/10.95 bzw. $
\OML/cmm/m/it/10.95 f\OT1/cmr/m/n/10.95 (\OML/cmm/m/it/10.95 u[]; v\OT1/cmr/m/n
/10.95 )$ \T1/cmr/m/n/10.95 mit $\OML/cmm/m/it/10.95 v[]$ \T1/cmr/m/n/10.95 bzw
. $\OML/cmm/m/it/10.95 u[]$ \T1/cmr/m/n/10.95 fest de-fi-nie-ren die ^^RTangent
ial-Vektorfelder^^P 
[41] [42] [43] [44] [45] [46]
Kapitel 5.

Overfull \hbox (6.79999pt too wide) in paragraph at lines 1630--1631
[][][][]

Underfull \hbox (badness 10000) in paragraph at lines 1630--1631

[47]
Overfull \hbox (3.81337pt too wide) in paragraph at lines 1661--1665
\OMS/cmsy/m/n/10.95 h\OML/cmm/m/it/10.95 D[]W; W\OMS/cmsy/m/n/10.95 i \OT1/cmr/
m/n/10.95 = [][\OML/cmm/m/it/10.95 X; Y\OT1/cmr/m/n/10.95 ]\OMS/cmsy/m/n/10.95 
h\OML/cmm/m/it/10.95 W; W\OMS/cmsy/m/n/10.95 i$\T1/cmr/m/n/10.95 . So-mit: $\OM
S/cmsy/m/n/10.95 h\OML/cmm/m/it/10.95 R\OT1/cmr/m/n/10.95 (\OML/cmm/m/it/10.95 
X; Y\OT1/cmr/m/n/10.95 )\OML/cmm/m/it/10.95 W; W\OMS/cmsy/m/n/10.95 i \OT1/cmr/
m/n/10.95 = \OML/cmm/m/it/10.95 Y\OMS/cmsy/m/n/10.95 h\OML/cmm/m/it/10.95 D[]W;
 W\OMS/cmsy/m/n/10.95 i ^^@ h\OML/cmm/m/it/10.95 D[]W; D[]W\OMS/cmsy/m/n/10.95 
i ^^@
[48]
Overfull \hbox (22.67302pt too wide) in paragraph at lines 1713--1714
\T1/cmr/m/n/10.95 Sei $\OT1/cmr/m/n/10.95 (\OML/cmm/m/it/10.95 M; \OMS/cmsy/m/n
/10.95 h^^A\OML/cmm/m/it/10.95 ; \OMS/cmsy/m/n/10.95 ^^Ai\OT1/cmr/m/n/10.95 )$ 
\T1/cmr/m/n/10.95 ei-ne Rie-mann'sche Man-nig-fal-tig-keit und $\OML/cmm/m/it/1
0.95 D$ \T1/cmr/m/n/10.95 der zu-ge-hö-ri-ger Levi-Civita-Zusammenhang.
[49]
Overfull \hbox (6.79999pt too wide) in paragraph at lines 1741--1742
[][][][]

Underfull \hbox (badness 10000) in paragraph at lines 1741--1742


Underfull \hbox (badness 1152) in paragraph at lines 1750--1751
\T1/cmr/m/n/10.95 ist $\OML/cmm/m/it/10.95 df\OMS/cmsy/m/n/10.95 j[]\OT1/cmr/m/
n/10.95 (\OML/cmm/m/it/10.95 ^^[\OT1/cmr/m/n/10.95 ) \OMS/cmsy/m/n/10.95 ^^Z \O
ML/cmm/m/it/10.95 T[]N$ \T1/cmr/m/n/10.95 ein 2-dimensionaler Un-ter-vek-tor-ra
um und $\OML/cmm/m/it/10.95 K[]\OT1/cmr/m/n/10.95 (\OML/cmm/m/it/10.95 p; ^^[\O
T1/cmr/m/n/10.95 ) =

Overfull \hbox (14.78204pt too wide) in paragraph at lines 1784--1786
\T1/cmr/m/n/10.95 ergänze zu ei-ner Or-tho-nor-mal-ba-sis $\OMS/cmsy/m/n/10.95 
f\OML/cmm/m/it/10.95 f[]; [] ; f[]\OMS/cmsy/m/n/10.95 g$ \T1/cmr/m/n/10.95 von 
$\U/msb/m/n/10.95 R[]$\T1/cmr/m/n/10.95 . Dann ist $\OML/cmm/m/it/10.95 A [] \O
T1/cmr/m/n/10.95 [\OML/cmm/m/it/10.95 f[]; f[]; [] ; f[]\OT1/cmr/m/n/10.95 ] \O
MS/cmsy/m/n/10.95 2
[50] [51]
Overfull \hbox (3.41391pt too wide) in paragraph at lines 1848--1849
[]\T1/cmr/m/n/10.95 Eine Rie-mann'sche Man-nig-fal-tig-keit $\OT1/cmr/m/n/10.95
 (\OML/cmm/m/it/10.95 M; g\OT1/cmr/m/n/10.95 )$ \T1/cmr/m/n/10.95 heiÿt Einstei
n-Raum falls $[]\OT1/cmr/m/n/10.95 (\OML/cmm/m/it/10.95 x; y\OT1/cmr/m/n/10.95 
) = \OML/cmm/m/it/10.95 ^^Ug\OT1/cmr/m/n/10.95 (\OML/cmm/m/it/10.95 x; y\OT1/cm
r/m/n/10.95 ) \OMS/cmsy/m/n/10.95 8\OML/cmm/m/it/10.95 x; y \OMS/cmsy/m/n/10.95
 2

Overfull \hbox (4.65503pt too wide) in paragraph at lines 1861--1863
\T1/cmr/m/n/10.95 wobei $\OML/cmm/m/it/10.95 G$\T1/cmr/m/n/10.95 : Einstein-Ten
sor für 4 di-men-sio-na-le Lorentz-Mannigfaltigkeit (mit Pseudo-Riemannscher
[52]
Kapitel 6.

Overfull \hbox (38.23735pt too wide) in paragraph at lines 1900--1905
[][]\OML/cmm/m/it/10.95 X[] \OT1/cmr/m/n/10.95 = [][] []\OML/cmm/m/it/10.95 D[]
X[] \OT1/cmr/m/n/10.95 + [][] []\OML/cmm/m/it/10.95 D[] [] \OT1/cmr/m/n/10.95 =
 [][] []\OML/cmm/m/it/10.95 D[]X[] \OT1/cmr/m/n/10.95 + [][] [] []$\T1/cmr/m/n/
10.95 . 
[53]
Overfull \hbox (6.79999pt too wide) in paragraph at lines 1926--1927
[][][][]

Underfull \hbox (badness 10000) in paragraph at lines 1926--1927


Overfull \hbox (12.57462pt too wide) in paragraph at lines 1934--1937
[]\T1/cmr/m/n/10.95 Weiter sei $\OML/cmm/m/it/10.95 a[]\OT1/cmr/m/n/10.95 (\OML
/cmm/m/it/10.95 t\OT1/cmr/m/n/10.95 ) [] \OMS/cmsy/m/n/10.95 h\OML/cmm/m/it/10.
95 R\OT1/cmr/m/n/10.95 (\OML/cmm/m/it/10.95 ^^M[]\OT1/cmr/m/n/10.95 (\OML/cmm/m
/it/10.95 t\OT1/cmr/m/n/10.95 )\OML/cmm/m/it/10.95 ; E[]\OT1/cmr/m/n/10.95 (\OM
L/cmm/m/it/10.95 t\OT1/cmr/m/n/10.95 ))\OML/cmm/m/it/10.95 ^^M[]\OT1/cmr/m/n/10
.95 (\OML/cmm/m/it/10.95 t\OT1/cmr/m/n/10.95 )\OML/cmm/m/it/10.95 ; E[]\OT1/cmr
/m/n/10.95 (\OML/cmm/m/it/10.95 t\OT1/cmr/m/n/10.95 )\OMS/cmsy/m/n/10.95 i[]$\T
1/cmr/m/n/10.95 . Dann gilt $\OML/cmm/m/it/10.95 R\OT1/cmr/m/n/10.95 (\OML/cmm/
m/it/10.95 ^^M[]; J\OT1/cmr/m/n/10.95 )\OML/cmm/m/it/10.95 ^^M[] \OT1/cmr/m/n/1
0.95 = [][] [] \OML/cmm/m/it/10.95 E[] \OT1/cmr/m/n/10.95 =
[54] [55] [56] [57]
Overfull \hbox (20.95416pt too wide) in paragraph at lines 2101--2102
\OT1/cmr/m/n/10.95 2\OML/cmm/m/it/10.95 ^^Y []$\T1/cmr/m/n/10.95 , al-so $\OML/
cmm/m/it/10.95 K\OT1/cmr/m/n/10.95 (\OML/cmm/m/it/10.95 p; ^^[\OT1/cmr/m/n/10.9
5 ) = +1$\T1/cmr/m/n/10.95 . Im Hy-per-bo-li-schen ist $\OML/cmm/m/it/10.95 L\O
T1/cmr/m/n/10.95 (\OML/cmm/m/it/10.95 K[]\OT1/cmr/m/n/10.95 ) = 2\OML/cmm/m/it/
10.95 ^^Y [] r \OT1/cmr/m/n/10.95 = 2\OML/cmm/m/it/10.95 ^^Y []$\T1/cmr/m/n/10.
95 ,
[58]
Kapitel 7.
[59]
Overfull \hbox (4.18315pt too wide) in paragraph at lines 2165--2166
[]\T1/cmr/m/n/10.95 Da $\OT1/cmr/m/n/10.95 
[]$ \T1/cmr/m/n/10.95 ei-ne Ober-men-ge der We-ge von $\OML/cmm/m/it/10.95 p$ \
T1/cmr/m/n/10.95 nach $\OML/cmm/m/it/10.95 q$ \T1/cmr/m/n/10.95 über $\OML/cmm/
m/it/10.95 r$ \T1/cmr/m/n/10.95 ist, gilt $[][] \OML/cmm/m/it/10.95 L\OT1/cmr/m
/n/10.95 (\OML/cmm/m/it/10.95 c\OT1/cmr/m/n/10.95 ) \OMS/cmsy/m/n/10.95 ^^T [][
] \OML/cmm/m/it/10.95 L\OT1/cmr/m/n/10.95 (\OML/cmm/m/it/10.95 c\OT1/cmr/m/n/10
.95 ) +
[60]
Overfull \hbox (6.79999pt too wide) in paragraph at lines 2199--2200
[][][][]

Underfull \hbox (badness 10000) in paragraph at lines 2199--2200

[61] [62] [63] [64]
Overfull \hbox (38.12206pt too wide) in paragraph at lines 2333--2333
\T1/cmr/m/n/10.95 eine of-fe-ne Um-ge-bung von $\OT1/cmr/m/n/10.95 0 \OMS/cmsy/
m/n/10.95 2 \OML/cmm/m/it/10.95 T[]M$\T1/cmr/m/n/10.95 . Der Rand von $\OML/cmm
/m/it/10.95 U[]$\T1/cmr/m/n/10.95 , $\OML/cmm/m/it/10.95 @U[]$\T1/cmr/m/n/10.95
 , ist die Men-ge $[] \OT1/cmr/m/n/10.95 =

Overfull \hbox (5.16235pt too wide) in paragraph at lines 2342--2343
[]\T1/cmr/m/n/10.95 Ist $\OT1/cmr/m/n/10.95 (\OML/cmm/m/it/10.95 M; \OMS/cmsy/m
/n/10.95 h^^A\OML/cmm/m/it/10.95 ; \OMS/cmsy/m/n/10.95 ^^Ai\OT1/cmr/m/n/10.95 )
$ \T1/cmr/m/n/10.95 ei-ne zu-sam-men-hän-gen-de kom-pak-te Riem-man'sche Man-ni
g-fal-tig-keit mit $[]\OT1/cmr/m/n/10.95 (\OML/cmm/m/it/10.95 M\OT1/cmr/m/n/10.
95 ) =
[65]
Overfull \hbox (6.79999pt too wide) in paragraph at lines 2387--2388
[][][][]

Underfull \hbox (badness 10000) in paragraph at lines 2387--2388

[66] [67]
Overfull \hbox (6.79999pt too wide) in paragraph at lines 2454--2455
[][][][]

Underfull \hbox (badness 10000) in paragraph at lines 2454--2455

[68]
Overfull \hbox (9.53029pt too wide) in paragraph at lines 2485--2486
[]$[]$ \T1/cmr/m/n/10.95 sei-en die Ko-or-di-na-ten in $\OML/cmm/m/it/10.95 T[]
M$ \T1/cmr/m/n/10.95 be-züg-lich der Or-tho-nor-mal-ba-sis $\OMS/cmsy/m/n/10.95
 f\OML/cmm/m/it/10.95 u; e[]; [] ; e[]\OMS/cmsy/m/n/10.95 g$\T1/cmr/m/n/10.95 .

[69] [70]
Anhang A.
** Generating table of satz,wichtigedefinition
(./RieGeo.thm) (./RieGeo.ind [71] [72] [73] [74]) (./RieGeo.aux)

LaTeX Font Warning: Some font shapes were not available, defaults substituted.

 )
(see the transcript file for additional information) </home/travis/.texmf-var/f
onts/pk/ljfour/public/skull/skull.548pk>{/usr/share/texmf/fonts/enc/dvips/cm-su
per/cm-super-t1.enc}</usr/share/texlive/texmf-dist/fonts/type1/public/amsfonts/
cm/cmex10.pfb></usr/share/texlive/texmf-dist/fonts/type1/public/amsfonts/cmextr
a/cmex8.pfb></usr/share/texlive/texmf-dist/fonts/type1/public/amsfonts/cm/cmmi1
0.pfb></usr/share/texlive/texmf-dist/fonts/type1/public/amsfonts/cm/cmmi12.pfb>
</usr/share/texlive/texmf-dist/fonts/type1/public/amsfonts/cm/cmmi6.pfb></usr/s
hare/texlive/texmf-dist/fonts/type1/public/amsfonts/cm/cmmi8.pfb></usr/share/te
xlive/texmf-dist/fonts/type1/public/amsfonts/cm/cmmi9.pfb></usr/share/texlive/t
exmf-dist/fonts/type1/public/amsfonts/cm/cmmib10.pfb></usr/share/texlive/texmf-
dist/fonts/type1/public/amsfonts/cmextra/cmmib8.pfb></usr/share/texlive/texmf-d
ist/fonts/type1/public/amsfonts/cm/cmr10.pfb></usr/share/texlive/texmf-dist/fon
ts/type1/public/amsfonts/cm/cmr12.pfb></usr/share/texlive/texmf-dist/fonts/type
1/public/amsfonts/cm/cmr6.pfb></usr/share/texlive/texmf-dist/fonts/type1/public
/amsfonts/cm/cmr8.pfb></usr/share/texlive/texmf-dist/fonts/type1/public/amsfont
s/cm/cmr9.pfb></usr/share/texlive/texmf-dist/fonts/type1/public/amsfonts/cm/cms
y10.pfb></usr/share/texlive/texmf-dist/fonts/type1/public/amsfonts/cm/cmsy6.pfb
></usr/share/texlive/texmf-dist/fonts/type1/public/amsfonts/cm/cmsy8.pfb></usr/
share/texlive/texmf-dist/fonts/type1/public/amsfonts/cm/cmsy9.pfb></usr/share/t
exlive/texmf-dist/fonts/type1/public/amsfonts/symbols/msam10.pfb></usr/share/te
xlive/texmf-dist/fonts/type1/public/amsfonts/symbols/msbm10.pfb></usr/share/tex
mf/fonts/type1/public/cm-super/sfbx1095.pfb></usr/share/texmf/fonts/type1/publi
c/cm-super/sfrm0600.pfb></usr/share/texmf/fonts/type1/public/cm-super/sfrm0800.
pfb></usr/share/texmf/fonts/type1/public/cm-super/sfrm0900.pfb></usr/share/texm
f/fonts/type1/public/cm-super/sfrm1095.pfb></usr/share/texmf/fonts/type1/public
/cm-super/sfrm1440.pfb></usr/share/texmf/fonts/type1/public/cm-super/sfsl1095.p
fb></usr/share/texmf/fonts/type1/public/cm-super/sfsx1095.pfb></usr/share/texmf
/fonts/type1/public/cm-super/sfsx1200.pfb></usr/share/texmf/fonts/type1/public/
cm-super/sfsx1440.pfb></usr/share/texmf/fonts/type1/public/cm-super/sfsx2074.pf
b></usr/share/texmf/fonts/type1/public/cm-super/sfti1095.pfb></usr/share/texmf/
fonts/type1/public/cm-super/sftt1095.pfb></usr/share/texmf/fonts/type1/public/c
m-super/sftt1440.pfb>
Output written on RieGeo.pdf (74 pages, 813677 bytes).
Transcript written on RieGeo.log.
Result: ExitSuccess

Running /usr/bin/convert -verbose RieGeo.pdf[0] -resize 70x RieGeo.png in an env with 4 entries:
"gs" -q -dQUIET -dSAFER -dBATCH -dNOPAUSE -dNOPROMPT -dMaxBitmap=500000000 -dAlignToPixels=0 -dGridFitTT=2 "-sDEVICE=pngalpha" -dTextAlphaBits=4 -dGraphicsAlphaBits=4 "-r72x72" -dFirstPage=1 -dLastPage=1 "-sOutputFile=/tmp/magick-gEaNPn4z-%08d" "-f/tmp/magick-qtqZkEO7" "-f/tmp/magick-iKlO00yF"
/tmp/magick-gEaNPn4z-00000001 PNG 595x842 595x842+0+0 8-bit DirectClass 11.2KB 0.010u 0:00.010
RieGeo.pdf[0]=>RieGeo.pdf PDF 595x842 595x842+0+0 16-bit DirectClass 11.2KB 0.000u 0:00.000
RieGeo.pdf[0]=>RieGeo.png PDF 595x842=>70x99 70x99+0+0 16-bit DirectClass 0.030u 0:00.019
Result: ExitSuccess

Running /usr/bin/optipng -verbose RieGeo.png in an env with 4 entries:
OptiPNG 0.6.4: Advanced PNG optimizer.
Copyright (C) 2001-2010 Cosmin Truta.

** Processing: RieGeo.png
70x99 pixels, 4x16 bits/pixel, RGB+alpha
Input IDAT size = 1204 bytes
Input file size = 1503 bytes

Trying:
  zc = 9  zm = 8  zs = 0  f = 0		IDAT size = 1105
  zc = 9  zm = 8  zs = 1  f = 0		IDAT size = 1101
  zc = 1  zm = 8  zs = 2  f = 0		IDAT too big
  zc = 9  zm = 8  zs = 3  f = 0		IDAT too big
  zc = 9  zm = 8  zs = 0  f = 5		IDAT too big
  zc = 9  zm = 8  zs = 1  f = 5		IDAT too big
  zc = 1  zm = 8  zs = 2  f = 5		IDAT too big
  zc = 9  zm = 8  zs = 3  f = 5		IDAT too big

Selecting parameters:
  zc = 9  zm = 8  zs = 1  f = 0		IDAT size = 1101

Output IDAT size = 1101 bytes (103 bytes decrease)
Output file size = 1400 bytes (103 bytes = 6.85% decrease)

** Status report
1 file(s) have been processed.
Result: ExitSuccess
