This is pdfTeX, Version 3.1415926-2.5-1.40.14 (TeX Live 2013/Debian) (format=pdflatex 2018.8.7)  7 AUG 2018 14:11
entering extended mode
 restricted \write18 enabled.
 %&-line parsing enabled.
**RieGeo.tex
(data/RieGeo.tex
LaTeX2e <2011/06/27>
Babel <3.9h> and hyphenation patterns for 78 languages loaded.
(/usr/share/texlive/texmf-dist/tex/latex/koma-script/scrbook.cls
Document Class: scrbook 2013/12/19 v3.12 KOMA-Script document class (book)
(/usr/share/texlive/texmf-dist/tex/latex/koma-script/scrkbase.sty
Package: scrkbase 2013/12/19 v3.12 KOMA-Script package (KOMA-Script-dependent b
asics and keyval usage)

(/usr/share/texlive/texmf-dist/tex/latex/koma-script/scrbase.sty
Package: scrbase 2013/12/19 v3.12 KOMA-Script package (KOMA-Script-independent 
basics and keyval usage)

(/usr/share/texlive/texmf-dist/tex/latex/graphics/keyval.sty
Package: keyval 1999/03/16 v1.13 key=value parser (DPC)
\KV@toks@=\toks14
)
(/usr/share/texlive/texmf-dist/tex/latex/koma-script/scrlfile.sty
Package: scrlfile 2013/12/19 v3.12 KOMA-Script package (loading files)

Package scrlfile, 2013/12/19 v3.12 KOMA-Script package (loading files)
                  Copyright (C) Markus Kohm

))) (/usr/share/texlive/texmf-dist/tex/latex/koma-script/tocbasic.sty
Package: tocbasic 2013/12/19 v3.12 KOMA-Script package (handling toc-files)
)
Package tocbasic Info: omitting babel extension for `toc'
(tocbasic)             because of feature `nobabel' available
(tocbasic)             for `toc' on input line 117.
Package tocbasic Info: omitting babel extension for `lof'
(tocbasic)             because of feature `nobabel' available
(tocbasic)             for `lof' on input line 118.
Package tocbasic Info: omitting babel extension for `lot'
(tocbasic)             because of feature `nobabel' available
(tocbasic)             for `lot' on input line 119.
Package tocbasic Info: defining new hook before heading of `' on input line 111
8.
Package scrbase Info: Unknown processing state.
(scrbase)             Processing option `twoside'
(scrbase)             of member `.scrbook.cls' of family
(scrbase)             `KOMA' doesn't set
(scrbase)             a valid state. This will be interpreted
(scrbase)             as \FamilyKeyStateProcessed on input line 1269.
Class scrbook Info: File `scrsize11pt.clo' used instead of
(scrbook)           file `scrsize11.clo' to setup font sizes on input line 1655
.

(/usr/share/texlive/texmf-dist/tex/latex/koma-script/scrsize11pt.clo
File: scrsize11pt.clo 2013/12/19 v3.12 KOMA-Script font size class option (11pt
)
)
(/usr/share/texlive/texmf-dist/tex/latex/koma-script/typearea.sty
Package: typearea 2013/12/19 v3.12 KOMA-Script package (type area)

Package typearea, 2013/12/19 v3.12 KOMA-Script package (type area)
                  Copyright (C) Frank Neukam, 1992-1994
                  Copyright (C) Markus Kohm, 1994-

\ta@bcor=\skip41
\ta@div=\count79
Package typearea Info: You've used standard option `a4paper'.
(typearea)             This is correct!
(typearea)             Internally I'm using `paper=a4'.
(typearea)             If you'd like to set the option with \KOMAoptions,
(typearea)             you'd have to use `paper=a4' there
(typearea)             instead of `a4paper', too.
\ta@hblk=\skip42
\ta@vblk=\skip43
\ta@temp=\skip44
\footheight=\skip45
Package typearea Info: These are the values describing the layout:
(typearea)             DIV  = 15
(typearea)             BCOR = 34.1433pt
(typearea)             \paperwidth      = 597.50793pt
(typearea)              \textwidth      = 450.69174pt
(typearea)              DIV departure   = -15%
(typearea)              \evensidemargin = 2.84528pt
(typearea)              \oddsidemargin  = -0.56906pt
(typearea)             \paperheight     = 845.04694pt
(typearea)              \textheight     = 677.4003pt
(typearea)              \topmargin      = -53.33354pt
(typearea)              \headheight     = 17.0pt
(typearea)              \headsep        = 20.40001pt
(typearea)              \topskip        = 11.0pt
(typearea)              \footskip       = 47.6pt
(typearea)              \baselineskip   = 13.6pt
(typearea)              on input line 1330.
)
\c@part=\count80
\c@chapter=\count81
\c@section=\count82
\c@subsection=\count83
\c@subsubsection=\count84
\c@paragraph=\count85
\c@subparagraph=\count86
\abovecaptionskip=\skip46
\belowcaptionskip=\skip47
\c@pti@nb@sid@b@x=\box26
\c@figure=\count87
\c@table=\count88
\bibindent=\dimen102
) (data/mathe.sty (data/latexki.sty)
(/usr/share/texlive/texmf-dist/tex/latex/base/inputenc.sty
Package: inputenc 2008/03/30 v1.1d Input encoding file
\inpenc@prehook=\toks15
\inpenc@posthook=\toks16

(/usr/share/texlive/texmf-dist/tex/latex/base/utf8.def
File: utf8.def 2008/04/05 v1.1m UTF-8 support for inputenc
Now handling font encoding OML ...
... no UTF-8 mapping file for font encoding OML
Now handling font encoding T1 ...
... processing UTF-8 mapping file for font encoding T1

(/usr/share/texlive/texmf-dist/tex/latex/base/t1enc.dfu
File: t1enc.dfu 2008/04/05 v1.1m UTF-8 support for inputenc
   defining Unicode char U+00A1 (decimal 161)
   defining Unicode char U+00A3 (decimal 163)
   defining Unicode char U+00AB (decimal 171)
   defining Unicode char U+00BB (decimal 187)
   defining Unicode char U+00BF (decimal 191)
   defining Unicode char U+00C0 (decimal 192)
   defining Unicode char U+00C1 (decimal 193)
   defining Unicode char U+00C2 (decimal 194)
   defining Unicode char U+00C3 (decimal 195)
   defining Unicode char U+00C4 (decimal 196)
   defining Unicode char U+00C5 (decimal 197)
   defining Unicode char U+00C6 (decimal 198)
   defining Unicode char U+00C7 (decimal 199)
   defining Unicode char U+00C8 (decimal 200)
   defining Unicode char U+00C9 (decimal 201)
   defining Unicode char U+00CA (decimal 202)
   defining Unicode char U+00CB (decimal 203)
   defining Unicode char U+00CC (decimal 204)
   defining Unicode char U+00CD (decimal 205)
   defining Unicode char U+00CE (decimal 206)
   defining Unicode char U+00CF (decimal 207)
   defining Unicode char U+00D0 (decimal 208)
   defining Unicode char U+00D1 (decimal 209)
   defining Unicode char U+00D2 (decimal 210)
   defining Unicode char U+00D3 (decimal 211)
   defining Unicode char U+00D4 (decimal 212)
   defining Unicode char U+00D5 (decimal 213)
   defining Unicode char U+00D6 (decimal 214)
   defining Unicode char U+00D8 (decimal 216)
   defining Unicode char U+00D9 (decimal 217)
   defining Unicode char U+00DA (decimal 218)
   defining Unicode char U+00DB (decimal 219)
   defining Unicode char U+00DC (decimal 220)
   defining Unicode char U+00DD (decimal 221)
   defining Unicode char U+00DE (decimal 222)
   defining Unicode char U+00DF (decimal 223)
   defining Unicode char U+00E0 (decimal 224)
   defining Unicode char U+00E1 (decimal 225)
   defining Unicode char U+00E2 (decimal 226)
   defining Unicode char U+00E3 (decimal 227)
   defining Unicode char U+00E4 (decimal 228)
   defining Unicode char U+00E5 (decimal 229)
   defining Unicode char U+00E6 (decimal 230)
   defining Unicode char U+00E7 (decimal 231)
   defining Unicode char U+00E8 (decimal 232)
   defining Unicode char U+00E9 (decimal 233)
   defining Unicode char U+00EA (decimal 234)
   defining Unicode char U+00EB (decimal 235)
   defining Unicode char U+00EC (decimal 236)
   defining Unicode char U+00ED (decimal 237)
   defining Unicode char U+00EE (decimal 238)
   defining Unicode char U+00EF (decimal 239)
   defining Unicode char U+00F0 (decimal 240)
   defining Unicode char U+00F1 (decimal 241)
   defining Unicode char U+00F2 (decimal 242)
   defining Unicode char U+00F3 (decimal 243)
   defining Unicode char U+00F4 (decimal 244)
   defining Unicode char U+00F5 (decimal 245)
   defining Unicode char U+00F6 (decimal 246)
   defining Unicode char U+00F8 (decimal 248)
   defining Unicode char U+00F9 (decimal 249)
   defining Unicode char U+00FA (decimal 250)
   defining Unicode char U+00FB (decimal 251)
   defining Unicode char U+00FC (decimal 252)
   defining Unicode char U+00FD (decimal 253)
   defining Unicode char U+00FE (decimal 254)
   defining Unicode char U+00FF (decimal 255)
   defining Unicode char U+0102 (decimal 258)
   defining Unicode char U+0103 (decimal 259)
   defining Unicode char U+0104 (decimal 260)
   defining Unicode char U+0105 (decimal 261)
   defining Unicode char U+0106 (decimal 262)
   defining Unicode char U+0107 (decimal 263)
   defining Unicode char U+010C (decimal 268)
   defining Unicode char U+010D (decimal 269)
   defining Unicode char U+010E (decimal 270)
   defining Unicode char U+010F (decimal 271)
   defining Unicode char U+0110 (decimal 272)
   defining Unicode char U+0111 (decimal 273)
   defining Unicode char U+0118 (decimal 280)
   defining Unicode char U+0119 (decimal 281)
   defining Unicode char U+011A (decimal 282)
   defining Unicode char U+011B (decimal 283)
   defining Unicode char U+011E (decimal 286)
   defining Unicode char U+011F (decimal 287)
   defining Unicode char U+0130 (decimal 304)
   defining Unicode char U+0131 (decimal 305)
   defining Unicode char U+0132 (decimal 306)
   defining Unicode char U+0133 (decimal 307)
   defining Unicode char U+0139 (decimal 313)
   defining Unicode char U+013A (decimal 314)
   defining Unicode char U+013D (decimal 317)
   defining Unicode char U+013E (decimal 318)
   defining Unicode char U+0141 (decimal 321)
   defining Unicode char U+0142 (decimal 322)
   defining Unicode char U+0143 (decimal 323)
   defining Unicode char U+0144 (decimal 324)
   defining Unicode char U+0147 (decimal 327)
   defining Unicode char U+0148 (decimal 328)
   defining Unicode char U+014A (decimal 330)
   defining Unicode char U+014B (decimal 331)
   defining Unicode char U+0150 (decimal 336)
   defining Unicode char U+0151 (decimal 337)
   defining Unicode char U+0152 (decimal 338)
   defining Unicode char U+0153 (decimal 339)
   defining Unicode char U+0154 (decimal 340)
   defining Unicode char U+0155 (decimal 341)
   defining Unicode char U+0158 (decimal 344)
   defining Unicode char U+0159 (decimal 345)
   defining Unicode char U+015A (decimal 346)
   defining Unicode char U+015B (decimal 347)
   defining Unicode char U+015E (decimal 350)
   defining Unicode char U+015F (decimal 351)
   defining Unicode char U+0160 (decimal 352)
   defining Unicode char U+0161 (decimal 353)
   defining Unicode char U+0162 (decimal 354)
   defining Unicode char U+0163 (decimal 355)
   defining Unicode char U+0164 (decimal 356)
   defining Unicode char U+0165 (decimal 357)
   defining Unicode char U+016E (decimal 366)
   defining Unicode char U+016F (decimal 367)
   defining Unicode char U+0170 (decimal 368)
   defining Unicode char U+0171 (decimal 369)
   defining Unicode char U+0178 (decimal 376)
   defining Unicode char U+0179 (decimal 377)
   defining Unicode char U+017A (decimal 378)
   defining Unicode char U+017B (decimal 379)
   defining Unicode char U+017C (decimal 380)
   defining Unicode char U+017D (decimal 381)
   defining Unicode char U+017E (decimal 382)
   defining Unicode char U+200C (decimal 8204)
   defining Unicode char U+2013 (decimal 8211)
   defining Unicode char U+2014 (decimal 8212)
   defining Unicode char U+2018 (decimal 8216)
   defining Unicode char U+2019 (decimal 8217)
   defining Unicode char U+201A (decimal 8218)
   defining Unicode char U+201C (decimal 8220)
   defining Unicode char U+201D (decimal 8221)
   defining Unicode char U+201E (decimal 8222)
   defining Unicode char U+2030 (decimal 8240)
   defining Unicode char U+2031 (decimal 8241)
   defining Unicode char U+2039 (decimal 8249)
   defining Unicode char U+203A (decimal 8250)
   defining Unicode char U+2423 (decimal 9251)
)
Now handling font encoding OT1 ...
... processing UTF-8 mapping file for font encoding OT1

(/usr/share/texlive/texmf-dist/tex/latex/base/ot1enc.dfu
File: ot1enc.dfu 2008/04/05 v1.1m UTF-8 support for inputenc
   defining Unicode char U+00A1 (decimal 161)
   defining Unicode char U+00A3 (decimal 163)
   defining Unicode char U+00B8 (decimal 184)
   defining Unicode char U+00BF (decimal 191)
   defining Unicode char U+00C5 (decimal 197)
   defining Unicode char U+00C6 (decimal 198)
   defining Unicode char U+00D8 (decimal 216)
   defining Unicode char U+00DF (decimal 223)
   defining Unicode char U+00E6 (decimal 230)
   defining Unicode char U+00EC (decimal 236)
   defining Unicode char U+00ED (decimal 237)
   defining Unicode char U+00EE (decimal 238)
   defining Unicode char U+00EF (decimal 239)
   defining Unicode char U+00F8 (decimal 248)
   defining Unicode char U+0131 (decimal 305)
   defining Unicode char U+0141 (decimal 321)
   defining Unicode char U+0142 (decimal 322)
   defining Unicode char U+0152 (decimal 338)
   defining Unicode char U+0153 (decimal 339)
   defining Unicode char U+2013 (decimal 8211)
   defining Unicode char U+2014 (decimal 8212)
   defining Unicode char U+2018 (decimal 8216)
   defining Unicode char U+2019 (decimal 8217)
   defining Unicode char U+201C (decimal 8220)
   defining Unicode char U+201D (decimal 8221)
)
Now handling font encoding OMS ...
... processing UTF-8 mapping file for font encoding OMS

(/usr/share/texlive/texmf-dist/tex/latex/base/omsenc.dfu
File: omsenc.dfu 2008/04/05 v1.1m UTF-8 support for inputenc
   defining Unicode char U+00A7 (decimal 167)
   defining Unicode char U+00B6 (decimal 182)
   defining Unicode char U+00B7 (decimal 183)
   defining Unicode char U+2020 (decimal 8224)
   defining Unicode char U+2021 (decimal 8225)
   defining Unicode char U+2022 (decimal 8226)
)
Now handling font encoding OMX ...
... no UTF-8 mapping file for font encoding OMX
Now handling font encoding U ...
... no UTF-8 mapping file for font encoding U
   defining Unicode char U+00A9 (decimal 169)
   defining Unicode char U+00AA (decimal 170)
   defining Unicode char U+00AE (decimal 174)
   defining Unicode char U+00BA (decimal 186)
   defining Unicode char U+02C6 (decimal 710)
   defining Unicode char U+02DC (decimal 732)
   defining Unicode char U+200C (decimal 8204)
   defining Unicode char U+2026 (decimal 8230)
   defining Unicode char U+2122 (decimal 8482)
   defining Unicode char U+2423 (decimal 9251)
))
(/usr/share/texlive/texmf-dist/tex/generic/babel/babel.sty
Package: babel 2013/12/03 3.9h The Babel package

(/usr/share/texlive/texmf-dist/tex/generic/babel-german/ngermanb.ldf
Language: ngermanb 2013/12/13 v2.7 German support for babel (new orthography)

(/usr/share/texlive/texmf-dist/tex/generic/babel/babel.def
File: babel.def 2013/12/03 3.9h Babel common definitions
\babel@savecnt=\count89
\U@D=\dimen103
)
\l@naustrian = a dialect from \language\l@ngerman 
\l@nswissgerman = a dialect from \language\l@ngerman 
Package babel Info: Making " an active character on input line 88.
))
(/usr/share/texlive/texmf-dist/tex/latex/base/fontenc.sty
Package: fontenc 2005/09/27 v1.99g Standard LaTeX package

(/usr/share/texlive/texmf-dist/tex/latex/base/t1enc.def
File: t1enc.def 2005/09/27 v1.99g Standard LaTeX file
LaTeX Font Info:    Redeclaring font encoding T1 on input line 43.
))
(/usr/share/texlive/texmf-dist/tex/latex/amsfonts/amsfonts.sty
Package: amsfonts 2013/01/14 v3.01 Basic AMSFonts support
\@emptytoks=\toks17
\symAMSa=\mathgroup4
\symAMSb=\mathgroup5
LaTeX Font Info:    Overwriting math alphabet `\mathfrak' in version `bold'
(Font)                  U/euf/m/n --> U/euf/b/n on input line 106.
)
(/usr/share/texlive/texmf-dist/tex/latex/amsfonts/amssymb.sty
Package: amssymb 2013/01/14 v3.01 AMS font symbols
)
(/usr/share/texlive/texmf-dist/tex/latex/amsmath/amsmath.sty
Package: amsmath 2013/01/14 v2.14 AMS math features
\@mathmargin=\skip48

For additional information on amsmath, use the `?' option.
(/usr/share/texlive/texmf-dist/tex/latex/amsmath/amstext.sty
Package: amstext 2000/06/29 v2.01

(/usr/share/texlive/texmf-dist/tex/latex/amsmath/amsgen.sty
File: amsgen.sty 1999/11/30 v2.0
\@emptytoks=\toks18
\ex@=\dimen104
))
(/usr/share/texlive/texmf-dist/tex/latex/amsmath/amsbsy.sty
Package: amsbsy 1999/11/29 v1.2d
\pmbraise@=\dimen105
)
(/usr/share/texlive/texmf-dist/tex/latex/amsmath/amsopn.sty
Package: amsopn 1999/12/14 v2.01 operator names
)
\inf@bad=\count90
LaTeX Info: Redefining \frac on input line 210.
\uproot@=\count91
\leftroot@=\count92
LaTeX Info: Redefining \overline on input line 306.
\classnum@=\count93
\DOTSCASE@=\count94
LaTeX Info: Redefining \ldots on input line 378.
LaTeX Info: Redefining \dots on input line 381.
LaTeX Info: Redefining \cdots on input line 466.
\Mathstrutbox@=\box27
\strutbox@=\box28
\big@size=\dimen106
LaTeX Font Info:    Redeclaring font encoding OML on input line 566.
LaTeX Font Info:    Redeclaring font encoding OMS on input line 567.
\macc@depth=\count95
\c@MaxMatrixCols=\count96
\dotsspace@=\muskip10
\c@parentequation=\count97
\dspbrk@lvl=\count98
\tag@help=\toks19
\row@=\count99
\column@=\count100
\maxfields@=\count101
\andhelp@=\toks20
\eqnshift@=\dimen107
\alignsep@=\dimen108
\tagshift@=\dimen109
\tagwidth@=\dimen110
\totwidth@=\dimen111
\lineht@=\dimen112
\@envbody=\toks21
\multlinegap=\skip49
\multlinetaggap=\skip50
\mathdisplay@stack=\toks22
LaTeX Info: Redefining \[ on input line 2665.
LaTeX Info: Redefining \] on input line 2666.
)
(/usr/share/texlive/texmf-dist/tex/latex/stmaryrd/stmaryrd.sty
Package: stmaryrd 1994/03/03 St Mary's Road symbol package
\symstmry=\mathgroup6
LaTeX Font Info:    Overwriting symbol font `stmry' in version `bold'
(Font)                  U/stmry/m/n --> U/stmry/b/n on input line 89.
)
(/usr/share/texlive/texmf-dist/tex/latex/tools/verbatim.sty
Package: verbatim 2003/08/22 v1.5q LaTeX2e package for verbatim enhancements
\every@verbatim=\toks23
\verbatim@line=\toks24
\verbatim@in@stream=\read1
)
(/usr/share/texlive/texmf-dist/tex/latex/base/ifthen.sty
Package: ifthen 2001/05/26 v1.1c Standard LaTeX ifthen package (DPC)
)
(/usr/share/texlive/texmf-dist/tex/latex/ntheorem/ntheorem.sty
Style `ntheorem', Version 1.33 <2011/08/15>
Package: ntheorem 2011/08/15 1.33
\theorem@style=\toks25
\theorem@@style=\toks26
\theorembodyfont=\toks27
\theoremnumbering=\toks28
\theorempreskipamount=\skip51
\theorempostskipamount=\skip52
\theoremframepreskipamount=\skip53
\theoremframepostskipamount=\skip54
\theoreminframepreskipamount=\skip55
\theoreminframepostskipamount=\skip56
\theorem@preskip=\toks29
\theorem@postskip=\toks30
\theorem@framepreskip=\toks31
\theorem@framepostskip=\toks32
\theorem@inframepreskip=\toks33
\theorem@inframepostskip=\toks34
\theoremindent=\dimen113
\theorem@indent=\dimen114
\theoremrightindent=\dimen115
\theorem@rightindent=\dimen116
\theoremheaderfont=\toks35
\theoremseparator=\toks36
\theoremprework=\toks37
\theorempostwork=\toks38
\theoremsymbol=\toks39
\qedsymbol=\toks40
\theoremkeyword=\toks41
\qedsymbol=\toks42
\thm@topsep=\skip57
\thm@topsepadd=\skip58
Package ntheorem Info: Option `thmmarks' loaded on input line 1175.
\c@endNonectr=\count102
\c@currNonectr=\count103
\mysavskip=\skip59
Package ntheorem Info: option `amsmath' handling for `thmmarks' loaded on input
 line 1175.
\thm@amstmpdepth=\dimen117
\tagwidth=\dimen118
\shadecolor=\toks43
) (/usr/share/texlive/texmf-dist/tex/latex/framed/framed.sty
Package: framed 2011/10/22 v 0.96: framed or shaded text with page breaks
\OuterFrameSep=\skip60
\fb@frw=\dimen119
\fb@frh=\dimen120
\FrameRule=\dimen121
\FrameSep=\dimen122
)
(/usr/share/texlive/texmf-dist/tex/latex/pstricks/pstricks.sty
Package: pstricks 2013/12/12 v0.60 LaTeX wrapper for `PSTricks' (RN,HV)

(/usr/share/texlive/texmf-dist/tex/generic/oberdiek/ifpdf.sty
Package: ifpdf 2011/01/30 v2.3 Provides the ifpdf switch (HO)
Package ifpdf Info: pdfTeX in PDF mode is detected.
)
(/usr/share/texlive/texmf-dist/tex/generic/pstricks/pstricks.tex
(/usr/share/texlive/texmf-dist/tex/generic/xkeyval/pst-xkey.tex
File: pst-xkey.tex 2005/11/25 v1.6 PSTricks specialization of xkeyval (HA)

(/usr/share/texlive/texmf-dist/tex/latex/xkeyval/xkeyval.sty
Package: xkeyval 2012/10/14 v2.6b package option processing (HA)

(/usr/share/texlive/texmf-dist/tex/generic/xkeyval/xkeyval.tex
\XKV@toks=\toks44
\XKV@tempa@toks=\toks45
\XKV@depth=\count104
File: xkeyval.tex 2012/10/14 v2.6b key=value parser (HA)
)))
(/usr/share/texlive/texmf-dist/tex/generic/pstricks/pst-fp.tex
`pst-fp' v0.05, 2010/01/17 (hv)
\pstFP@xs=\count105
\pstFP@xia=\count106
\pstFP@xib=\count107
\pstFP@xfa=\count108
\pstFP@xfb=\count109
\pstFP@rega=\count110
\pstFP@regb=\count111
\pstFP@regs=\count112
\pstFP@times=\count113
)
(/usr/share/texmf/tex/generic/pgf/utilities/pgfutil-common.tex
\pgfutil@everybye=\toks46
)
(/usr/share/texmf/tex/generic/pgf/utilities/pgfkeys.code.tex
\pgfkeys@pathtoks=\toks47
\pgfkeys@temptoks=\toks48

(/usr/share/texmf/tex/generic/pgf/utilities/pgfkeysfiltered.code.tex
\pgfkeys@tmptoks=\toks49
))
(/usr/share/texmf/tex/generic/pgf/utilities/pgffor.code.tex
\pgffor@iter=\dimen123
\pgffor@skip=\dimen124
\pgffor@stack=\toks50
\pgffor@toks=\toks51
)
\psLoopIndex=\count114

`PSTricks' v2.51  <2014/02/03> (tvz)
\pst@dima=\dimen125
\pst@dimb=\dimen126
\pst@dimc=\dimen127
\pst@dimd=\dimen128
\pst@dimg=\dimen129
\pst@dimh=\dimen130
\pst@dimm=\dimen131
\pst@dimn=\dimen132
\pst@dimo=\dimen133
\pst@dimp=\dimen134
\pst@hbox=\box29
\pst@ibox=\box30
\pst@boxg=\box31
\pst@cnta=\count115
\pst@cntb=\count116
\pst@cntc=\count117
\pst@cntd=\count118
\pst@cntg=\count119
\pst@cnth=\count120
\pst@cntm=\count121
\pst@cntn=\count122
\pst@cnto=\count123
\pst@cntp=\count124
\@zero=\count125
\pst@toks=\toks52
(/usr/share/texlive/texmf-dist/tex/generic/pstricks/pstricks.con)
\psunit=\dimen135
\psxunit=\dimen136
\psyunit=\dimen137
\pst@C@@rType=\count126
\pslinewidth=\dimen138
\psk@startLW=\dimen139
\psk@endLW=\dimen140
\pst@customdefs=\toks53
\pslinearc=\dimen141
\pst@symbolStep=\dimen142
\pst@symbolWidth=\dimen143
\pst@symbolLinewidth=\dimen144
\everypsbox=\toks54
\psframesep=\dimen145
\pslabelsep=\dimen146
\sh@wgridXunit=\dimen147
\sh@wgridYunit=\dimen148
\pst@shift=\dimen149
)
File: pstricks.tex 2014/02/03 v2.51 `PSTricks' (tvz,hv)

(/usr/share/texlive/texmf-dist/tex/generic/pstricks/pst-fp.tex)
File: pst-fp.tex 2014/02/03 v2.51 `PST-fp' (hv)

(/usr/share/texmf/tex/latex/xcolor/xcolor.sty
Package: xcolor 2007/01/21 v2.11 LaTeX color extensions (UK)

(/usr/share/texlive/texmf-dist/tex/latex/latexconfig/color.cfg
File: color.cfg 2007/01/18 v1.5 color configuration of teTeX/TeXLive
)
Package xcolor Info: Driver file: pdftex.def on input line 225.

(/usr/share/texlive/texmf-dist/tex/latex/pdftex-def/pdftex.def
File: pdftex.def 2011/05/27 v0.06d Graphics/color for pdfTeX

(/usr/share/texlive/texmf-dist/tex/generic/oberdiek/infwarerr.sty
Package: infwarerr 2010/04/08 v1.3 Providing info/warning/error messages (HO)
)
(/usr/share/texlive/texmf-dist/tex/generic/oberdiek/ltxcmds.sty
Package: ltxcmds 2011/11/09 v1.22 LaTeX kernel commands for general use (HO)
)
\Gread@gobject=\count127
)
Package xcolor Info: Model `cmy' substituted by `cmy0' on input line 1337.
Package xcolor Info: Model `hsb' substituted by `rgb' on input line 1341.
Package xcolor Info: Model `RGB' extended on input line 1353.
Package xcolor Info: Model `HTML' substituted by `rgb' on input line 1355.
Package xcolor Info: Model `Hsb' substituted by `hsb' on input line 1356.
Package xcolor Info: Model `tHsb' substituted by `hsb' on input line 1357.
Package xcolor Info: Model `HSB' substituted by `hsb' on input line 1358.
Package xcolor Info: Model `Gray' substituted by `gray' on input line 1359.
Package xcolor Info: Model `wave' substituted by `hsb' on input line 1360.
))
(/usr/share/texlive/texmf-dist/tex/latex/carlisle/slashed.sty
Package: slashed 1997/01/16 v0.01 Feynman Slashed Character Notation (DPC)
)
(/usr/share/texlive/texmf-dist/tex/latex/base/makeidx.sty
Package: makeidx 2000/03/29 v1.0m Standard LaTeX package
)
(/usr/share/texlive/texmf-dist/tex/latex/wasysym/wasysym.sty
Package: wasysym 2003/10/30 v2.0 Wasy-2 symbol support package
\symwasy=\mathgroup7
LaTeX Font Info:    Overwriting symbol font `wasy' in version `bold'
(Font)                  U/wasy/m/n --> U/wasy/b/n on input line 90.
LaTeX Font Info:    Redeclaring math symbol \ocircle on input line 240.
)
(/usr/share/texlive/texmf-dist/tex/latex/jknapltx/mathrsfs.sty
Package: mathrsfs 1996/01/01 Math RSFS package v1.0 (jk)
\symrsfs=\mathgroup8
)
(/usr/share/texlive/texmf-dist/tex/latex/mh/mathtools.sty
Package: mathtools 2013/02/12 v1.13 mathematical typesetting tools

(/usr/share/texlive/texmf-dist/tex/latex/tools/calc.sty
Package: calc 2007/08/22 v4.3 Infix arithmetic (KKT,FJ)
\calc@Acount=\count128
\calc@Bcount=\count129
\calc@Adimen=\dimen150
\calc@Bdimen=\dimen151
\calc@Askip=\skip61
\calc@Bskip=\skip62
LaTeX Info: Redefining \setlength on input line 76.
LaTeX Info: Redefining \addtolength on input line 77.
\calc@Ccount=\count130
\calc@Cskip=\skip63
)
(/usr/share/texlive/texmf-dist/tex/latex/mh/mhsetup.sty
Package: mhsetup 2010/01/21 v1.2a programming setup (MH)
)
LaTeX Info: Thecontrolsequence`\['isalreadyrobust on input line 129.
LaTeX Info: Thecontrolsequence`\]'isalreadyrobust on input line 129.
\g_MT_multlinerow_int=\count131
\l_MT_multwidth_dim=\dimen152
\origjot=\skip64
\l_MT_shortvdotswithinadjustabove_dim=\dimen153
\l_MT_shortvdotswithinadjustbelow_dim=\dimen154
\l_MT_above_intertext_sep=\dimen155
\l_MT_below_intertext_sep=\dimen156
\l_MT_above_shortintertext_sep=\dimen157
\l_MT_below_shortintertext_sep=\dimen158
)
(/usr/share/texlive/texmf-dist/tex/latex/doublestroke/dsfont.sty
Package: dsfont 1995/08/01 v0.1 Double stroke roman fonts
)
(/usr/share/texlive/texmf-dist/tex/latex/hyperref/hyperref.sty
Package: hyperref 2012/11/06 v6.83m Hypertext links for LaTeX

(/usr/share/texlive/texmf-dist/tex/generic/oberdiek/hobsub-hyperref.sty
Package: hobsub-hyperref 2012/05/28 v1.13 Bundle oberdiek, subset hyperref (HO)


(/usr/share/texlive/texmf-dist/tex/generic/oberdiek/hobsub-generic.sty
Package: hobsub-generic 2012/05/28 v1.13 Bundle oberdiek, subset generic (HO)
Package: hobsub 2012/05/28 v1.13 Construct package bundles (HO)
Package hobsub Info: Skipping package `infwarerr' (already loaded).
Package hobsub Info: Skipping package `ltxcmds' (already loaded).
Package: ifluatex 2010/03/01 v1.3 Provides the ifluatex switch (HO)
Package ifluatex Info: LuaTeX not detected.
Package: ifvtex 2010/03/01 v1.5 Detect VTeX and its facilities (HO)
Package ifvtex Info: VTeX not detected.
Package: intcalc 2007/09/27 v1.1 Expandable calculations with integers (HO)
Package hobsub Info: Skipping package `ifpdf' (already loaded).
Package: etexcmds 2011/02/16 v1.5 Avoid name clashes with e-TeX commands (HO)
Package etexcmds Info: Could not find \expanded.
(etexcmds)             That can mean that you are not using pdfTeX 1.50 or
(etexcmds)             that some package has redefined \expanded.
(etexcmds)             In the latter case, load this package earlier.
Package: kvsetkeys 2012/04/25 v1.16 Key value parser (HO)
Package: kvdefinekeys 2011/04/07 v1.3 Define keys (HO)
Package: pdftexcmds 2011/11/29 v0.20 Utility functions of pdfTeX for LuaTeX (HO
)
Package pdftexcmds Info: LuaTeX not detected.
Package pdftexcmds Info: \pdf@primitive is available.
Package pdftexcmds Info: \pdf@ifprimitive is available.
Package pdftexcmds Info: \pdfdraftmode found.
Package: pdfescape 2011/11/25 v1.13 Implements pdfTeX's escape features (HO)
Package: bigintcalc 2012/04/08 v1.3 Expandable calculations on big integers (HO
)
Package: bitset 2011/01/30 v1.1 Handle bit-vector datatype (HO)
Package: uniquecounter 2011/01/30 v1.2 Provide unlimited unique counter (HO)
)
Package hobsub Info: Skipping package `hobsub' (already loaded).
Package: letltxmacro 2010/09/02 v1.4 Let assignment for LaTeX macros (HO)
Package: hopatch 2012/05/28 v1.2 Wrapper for package hooks (HO)
Package: xcolor-patch 2011/01/30 xcolor patch
Package: atveryend 2011/06/30 v1.8 Hooks at the very end of document (HO)
Package atveryend Info: \enddocument detected (standard20110627).
Package: atbegshi 2011/10/05 v1.16 At begin shipout hook (HO)
Package: refcount 2011/10/16 v3.4 Data extraction from label references (HO)
Package: hycolor 2011/01/30 v1.7 Color options for hyperref/bookmark (HO)
)
(/usr/share/texlive/texmf-dist/tex/generic/ifxetex/ifxetex.sty
Package: ifxetex 2010/09/12 v0.6 Provides ifxetex conditional
)
(/usr/share/texlive/texmf-dist/tex/latex/oberdiek/auxhook.sty
Package: auxhook 2011/03/04 v1.3 Hooks for auxiliary files (HO)
)
(/usr/share/texlive/texmf-dist/tex/latex/oberdiek/kvoptions.sty
Package: kvoptions 2011/06/30 v3.11 Key value format for package options (HO)
)
\@linkdim=\dimen159
\Hy@linkcounter=\count132
\Hy@pagecounter=\count133

(/usr/share/texlive/texmf-dist/tex/latex/hyperref/pd1enc.def
File: pd1enc.def 2012/11/06 v6.83m Hyperref: PDFDocEncoding definition (HO)
Now handling font encoding PD1 ...
... no UTF-8 mapping file for font encoding PD1
)
\Hy@SavedSpaceFactor=\count134

(/usr/share/texlive/texmf-dist/tex/latex/latexconfig/hyperref.cfg
File: hyperref.cfg 2002/06/06 v1.2 hyperref configuration of TeXLive
)
Package hyperref Info: Option `bookmarks' set `true' on input line 4319.
Package hyperref Info: Option `bookmarksnumbered' set `true' on input line 4319
.
Package hyperref Info: Option `hypertexnames' set `false' on input line 4319.
Package hyperref Info: Option `colorlinks' set `true' on input line 4319.
Package hyperref Info: Hyper figures OFF on input line 4443.
Package hyperref Info: Link nesting OFF on input line 4448.
Package hyperref Info: Hyper index ON on input line 4451.
Package hyperref Info: Plain pages OFF on input line 4458.
Package hyperref Info: Backreferencing OFF on input line 4463.
Package hyperref Info: Implicit mode ON; LaTeX internals redefined.
Package hyperref Info: Bookmarks ON on input line 4688.
\c@Hy@tempcnt=\count135

(/usr/share/texlive/texmf-dist/tex/latex/url/url.sty
\Urlmuskip=\muskip11
Package: url 2013/09/16  ver 3.4  Verb mode for urls, etc.
)
LaTeX Info: Redefining \url on input line 5041.
\XeTeXLinkMargin=\dimen160
\Fld@menulength=\count136
\Field@Width=\dimen161
\Fld@charsize=\dimen162
Package hyperref Info: Hyper figures OFF on input line 6295.
Package hyperref Info: Link nesting OFF on input line 6300.
Package hyperref Info: Hyper index ON on input line 6303.
Package hyperref Info: backreferencing OFF on input line 6310.
Package hyperref Info: Link coloring ON on input line 6313.
Package hyperref Info: Link coloring with OCG OFF on input line 6320.
Package hyperref Info: PDF/A mode OFF on input line 6325.
LaTeX Info: Redefining \ref on input line 6365.
LaTeX Info: Redefining \pageref on input line 6369.
\Hy@abspage=\count137
\c@Item=\count138
\c@Hfootnote=\count139
)

Package hyperref Message: Driver (autodetected): hpdftex.

(/usr/share/texlive/texmf-dist/tex/latex/hyperref/hpdftex.def
File: hpdftex.def 2012/11/06 v6.83m Hyperref driver for pdfTeX
\Fld@listcount=\count140
\c@bookmark@seq@number=\count141

(/usr/share/texlive/texmf-dist/tex/latex/oberdiek/rerunfilecheck.sty
Package: rerunfilecheck 2011/04/15 v1.7 Rerun checks for auxiliary files (HO)
Package uniquecounter Info: New unique counter `rerunfilecheck' on input line 2
82.
)
\Hy@SectionHShift=\skip65
)
(/usr/share/texlive/texmf-dist/tex/latex/etex-pkg/etex.sty
Package: etex 1998/03/26 v2.0 eTeX basic definition package (PEB)
\et@xins=\count142
))
(data/saetze-leuzinger.sty
\c@currsatzctr=\count143
\c@endsatzctr=\count144
\c@satz=\count145
\c@currlemmactr=\count146
\c@endlemmactr=\count147
\c@lemma=\count148
\c@currwichtigedefinitionctr=\count149
\c@endwichtigedefinitionctr=\count150
\c@curranwendungctr=\count151
\c@endanwendungctr=\count152
\c@currwichtigesbeispielctr=\count153
\c@endwichtigesbeispielctr=\count154
\c@currwichtigebemerkungctr=\count155
\c@endwichtigebemerkungctr=\count156
\c@currwichtigebeispieleXctr=\count157
\c@endwichtigebeispieleXctr=\count158
\c@currwichtigerhilfssatzctr=\count159
\c@endwichtigerhilfssatzctr=\count160
\c@curraxiomctr=\count161
\c@endaxiomctr=\count162
\c@currhilfssatzctr=\count163
\c@endhilfssatzctr=\count164
\c@hilfssatz=\count165
\c@currkorrolarctr=\count166
\c@endkorrolarctr=\count167
\c@korrolar=\count168
\c@currsatz*ctr=\count169
\c@endsatz*ctr=\count170
\c@satz*=\count171
\c@currplaindefinitionctr=\count172
\c@endplaindefinitionctr=\count173
\c@plaindefinition=\count174
\envbox=\box32
\c@currbeweisctr=\count175
\c@endbeweisctr=\count176
\c@beweis=\count177
\c@currbeispielctr=\count178
\c@endbeispielctr=\count179
\c@beispiel=\count180
\c@currbeispieleXctr=\count181
\c@endbeispieleXctr=\count182
\c@beispieleX=\count183
\c@currvereinbarungctr=\count184
\c@endvereinbarungctr=\count185
\c@vereinbarung=\count186
\c@currbemerkungctr=\count187
\c@endbemerkungctr=\count188
\c@bemerkung=\count189
\c@currbemerkungenXctr=\count190
\c@endbemerkungenXctr=\count191
\c@bemerkungenX=\count192
\c@currmotivationctr=\count193
\c@endmotivationctr=\count194
\c@motivation=\count195
\c@currschreibweisenctr=\count196
\c@endschreibweisenctr=\count197
\c@schreibweisen=\count198
\c@currerinnerungctr=\count199
\c@enderinnerungctr=\count200
\c@erinnerung=\count201
\c@currvorbetrachtungenctr=\count202
\c@endvorbetrachtungenctr=\count203
\c@vorbetrachtungen=\count204
\c@currfolgerungctr=\count205
Normal \count register pool exhausted, switching to extended pool.
\c@endfolgerungctr=\count277
\c@currfolgerungenctr=\count278
\c@endfolgerungenctr=\count279
\c@currfolgerung*ctr=\count280
\c@endfolgerung*ctr=\count281
)
\c@folgerung*=\count282

(/usr/share/texlive/texmf-dist/tex/latex/skull/skull.sty
Package: skull 2002/01/23 v0.1 (c) Henrik Christian Grove <grove@math.ku.dk>
\symSKULL=\mathgroup9
) (data/faktor.sty
Package: faktor 2006/04/05 v0.1b Faktor-Ringe, -Gruppen, -Raeume (PE)
\faktor@zaehlerhoehe=\skip66
\faktor@nennerhoehe=\skip67
)
(/usr/share/texlive/texmf-dist/tex/latex/tools/enumerate.sty
Package: enumerate 1999/03/05 v3.00 enumerate extensions (DPC)
\@enLab=\toks55
)
\@indexfile=\write3
\openout3 = `RieGeo.idx'.


Writing index file RieGeo.idx
(./RieGeo.aux)
\openout1 = `RieGeo.aux'.

LaTeX Font Info:    Checking defaults for OML/cmm/m/it on input line 28.
LaTeX Font Info:    ... okay on input line 28.
LaTeX Font Info:    Checking defaults for T1/cmr/m/n on input line 28.
LaTeX Font Info:    ... okay on input line 28.
LaTeX Font Info:    Checking defaults for OT1/cmr/m/n on input line 28.
LaTeX Font Info:    ... okay on input line 28.
LaTeX Font Info:    Checking defaults for OMS/cmsy/m/n on input line 28.
LaTeX Font Info:    ... okay on input line 28.
LaTeX Font Info:    Checking defaults for OMX/cmex/m/n on input line 28.
LaTeX Font Info:    ... okay on input line 28.
LaTeX Font Info:    Checking defaults for U/cmr/m/n on input line 28.
LaTeX Font Info:    ... okay on input line 28.
LaTeX Font Info:    Checking defaults for PD1/pdf/m/n on input line 28.
LaTeX Font Info:    ... okay on input line 28.
 (/usr/share/texlive/texmf-dist/tex/context/base/supp-pdf.mkii
[Loading MPS to PDF converter (version 2006.09.02).]
\scratchcounter=\count283
\scratchdimen=\dimen163
\scratchbox=\box33
\nofMPsegments=\count284
\nofMParguments=\count285
\everyMPshowfont=\toks56
\MPscratchCnt=\count286
\MPscratchDim=\dimen164
\MPnumerator=\count287
\makeMPintoPDFobject=\count288
\everyMPtoPDFconversion=\toks57
) (/usr/share/texlive/texmf-dist/tex/latex/graphics/graphicx.sty
Package: graphicx 1999/02/16 v1.0f Enhanced LaTeX Graphics (DPC,SPQR)

(/usr/share/texlive/texmf-dist/tex/latex/graphics/graphics.sty
Package: graphics 2009/02/05 v1.0o Standard LaTeX Graphics (DPC,SPQR)

(/usr/share/texlive/texmf-dist/tex/latex/graphics/trig.sty
Package: trig 1999/03/16 v1.09 sin cos tan (DPC)
)
(/usr/share/texlive/texmf-dist/tex/latex/latexconfig/graphics.cfg
File: graphics.cfg 2010/04/23 v1.9 graphics configuration of TeX Live
)
Package graphics Info: Driver file: pdftex.def on input line 91.
)
(/usr/share/texlive/texmf-dist/tex/latex/oberdiek/epstopdf-base.sty
Package: epstopdf-base 2010/02/09 v2.5 Base part for package epstopdf

(/usr/share/texlive/texmf-dist/tex/latex/oberdiek/grfext.sty
Package: grfext 2010/08/19 v1.1 Manage graphics extensions (HO)
)
Package grfext Info: Graphics extension search list:
(grfext)             [.png,.pdf,.jpg,.mps,.jpeg,.jbig2,.jb2,.PNG,.PDF,.JPG,.JPE
G,.JBIG2,.JB2,.eps]
(grfext)             \AppendGraphicsExtensions on input line 452.

(/usr/share/texlive/texmf-dist/tex/latex/latexconfig/epstopdf-sys.cfg
File: epstopdf-sys.cfg 2010/07/13 v1.3 Configuration of (r)epstopdf for TeX Liv
e
))
\Gin@req@height=\dimen165
\Gin@req@width=\dimen166
)
\AtBeginShipoutBox=\box34
Package hyperref Info: Link coloring ON on input line 28.

(/usr/share/texlive/texmf-dist/tex/latex/hyperref/nameref.sty
Package: nameref 2012/10/27 v2.43 Cross-referencing by name of section

(/usr/share/texlive/texmf-dist/tex/generic/oberdiek/gettitlestring.sty
Package: gettitlestring 2010/12/03 v1.4 Cleanup title references (HO)
)
\c@section@level=\count289
)
LaTeX Info: Redefining \ref on input line 28.
LaTeX Info: Redefining \pageref on input line 28.
LaTeX Info: Redefining \nameref on input line 28.

(./RieGeo.out) (./RieGeo.out)
\@outlinefile=\write4
\openout4 = `RieGeo.out'.

LaTeX Font Info:    Try loading font information for T1+cmss on input line 30.

(/usr/share/texlive/texmf-dist/tex/latex/base/t1cmss.fd
File: t1cmss.fd 1999/05/25 v2.5h Standard LaTeX font definitions
)
LaTeX Font Info:    Try loading font information for U+msa on input line 30.

(/usr/share/texlive/texmf-dist/tex/latex/amsfonts/umsa.fd
File: umsa.fd 2013/01/14 v3.01 AMS symbols A
)
LaTeX Font Info:    Try loading font information for U+msb on input line 30.

(/usr/share/texlive/texmf-dist/tex/latex/amsfonts/umsb.fd
File: umsb.fd 2013/01/14 v3.01 AMS symbols B
)
LaTeX Font Info:    Try loading font information for U+stmry on input line 30.

(/usr/share/texlive/texmf-dist/tex/latex/stmaryrd/Ustmry.fd)
LaTeX Font Info:    Try loading font information for U+wasy on input line 30.

(/usr/share/texlive/texmf-dist/tex/latex/wasysym/uwasy.fd
File: uwasy.fd 2003/10/30 v2.0 Wasy-2 symbol font definitions
)
LaTeX Font Info:    Try loading font information for U+rsfs on input line 30.

(/usr/share/texlive/texmf-dist/tex/latex/jknapltx/ursfs.fd
File: ursfs.fd 1998/03/24 rsfs font definition file (jk)
)
LaTeX Font Info:    Try loading font information for T1+cmtt on input line 30.

(/usr/share/texlive/texmf-dist/tex/latex/base/t1cmtt.fd
File: t1cmtt.fd 1999/05/25 v2.5h Standard LaTeX font definitions
)
Package babel Info: Redefining ngerman shorthand "|
(babel)             in language  on input line 30.
Package babel Info: Redefining ngerman shorthand "~
(babel)             in language  on input line 30.
 [1
Non-PDF special ignored!
Non-PDF special ignored!
Non-PDF special ignored!
Non-PDF special ignored!


Non-PDF special ignored!
Non-PDF special ignored!
Non-PDF special ignored!


{/var/lib/texmf/fonts/map/pdftex/updmap/pdftex.map}]
Package babel Info: Redefining ngerman shorthand "|
(babel)             in language  on input line 36.
Package babel Info: Redefining ngerman shorthand "~
(babel)             in language  on input line 36.
Package babel Info: Redefining ngerman shorthand "|
(babel)             in language  on input line 37.
Package babel Info: Redefining ngerman shorthand "~
(babel)             in language  on input line 37.

[2


] (./RieGeo.toc
Package babel Info: Redefining ngerman shorthand "|
(babel)             in language  on input line 45.
Package babel Info: Redefining ngerman shorthand "~
(babel)             in language  on input line 45.
 [3])
\tf@toc=\write5
\openout5 = `RieGeo.toc'.

Package babel Info: Redefining ngerman shorthand "|
(babel)             in language  on input line 41.
Package babel Info: Redefining ngerman shorthand "~
(babel)             in language  on input line 41.
 [4]
Kapitel II.
Package babel Info: Redefining ngerman shorthand "|
(babel)             in language  on input line 41.
Package babel Info: Redefining ngerman shorthand "~
(babel)             in language  on input line 41.
Package babel Info: Redefining ngerman shorthand "|
(babel)             in language  on input line 62.
Package babel Info: Redefining ngerman shorthand "~
(babel)             in language  on input line 62.
[5


]
Package babel Info: Redefining ngerman shorthand "|
(babel)             in language  on input line 62.
Package babel Info: Redefining ngerman shorthand "~
(babel)             in language  on input line 62.
 [6


]
Kapitel 1.
Package babel Info: Redefining ngerman shorthand "|
(babel)             in language  on input line 62.
Package babel Info: Redefining ngerman shorthand "~
(babel)             in language  on input line 62.
Package babel Info: Redefining ngerman shorthand "|
(babel)             in language  on input line 64.
Package babel Info: Redefining ngerman shorthand "~
(babel)             in language  on input line 64.
Package babel Info: Redefining ngerman shorthand "|
(babel)             in language  on input line 106.
Package babel Info: Redefining ngerman shorthand "~
(babel)             in language  on input line 106.
[7]
Package hyperref Info: bookmark level for unknown plaindefinition defaults to 0
 on input line 110.

Overfull \hbox (6.79999pt too wide) in paragraph at lines 111--112
[][][][]
 []


LaTeX Font Warning: Font shape `U/stmry/b/n' undefined
(Font)              using `U/stmry/m/n' instead on input line 112.


LaTeX Font Warning: Font shape `U/wasy/b/n' in size <8> not available
(Font)              Font shape `U/wasy/m/n' tried instead on input line 112.


LaTeX Font Warning: Font shape `U/wasy/b/n' in size <6> not available
(Font)              Font shape `U/wasy/m/n' tried instead on input line 112.

Package hyperref Info: bookmark level for unknown bemerkung defaults to 0 on in
put line 112.
LaTeX Font Info:    Try loading font information for OMS+cmr on input line 115.

(/usr/share/texlive/texmf-dist/tex/latex/base/omscmr.fd
File: omscmr.fd 1999/05/25 v2.5h Standard LaTeX font definitions
)
LaTeX Font Info:    Font shape `OMS/cmr/m/n' in size <10.95> not available
(Font)              Font shape `OMS/cmsy/m/n' tried instead on input line 115.
Package hyperref Info: bookmark level for unknown beispieleX defaults to 0 on i
nput line 122.

Overfull \hbox (53.1523pt too wide) detected at line 147
[] [] [] [] []  []
 []


Overfull \hbox (34.17505pt too wide) in paragraph at lines 160--161
[][][][]
 []


Underfull \hbox (badness 10000) in paragraph at lines 160--161

 []

Package babel Info: Redefining ngerman shorthand "|
(babel)             in language  on input line 161.
Package babel Info: Redefining ngerman shorthand "~
(babel)             in language  on input line 161.
[8]
Package babel Info: Redefining ngerman shorthand "|
(babel)             in language  on input line 203.
Package babel Info: Redefining ngerman shorthand "~
(babel)             in language  on input line 203.
 [9]
Package hyperref Info: bookmark level for unknown beispiel defaults to 0 on inp
ut line 218.

Overfull \hbox (32.26505pt too wide) in paragraph at lines 219--222
\T1/cmr/m/n/10.95 ist ei-ne $\OML/cmm/m/it/10.95 n[]$\T1/cmr/m/n/10.95 -dimensi
onale dif-fe-ren-zier-ba-re Man-nig-fal-tig-keit: $\U/msb/m/n/10.95 R[] \OT1/cm
r/m/n/10.95 = \U/msb/m/n/10.95 R[]$ \T1/cmr/m/n/10.95 ist ei-ne $\OML/cmm/m/it/
10.95 n[]$\T1/cmr/m/n/10.95 -differenzierbare
 []

Package babel Info: Redefining ngerman shorthand "|
(babel)             in language  on input line 242.
Package babel Info: Redefining ngerman shorthand "~
(babel)             in language  on input line 242.
[10]
Package babel Info: Redefining ngerman shorthand "|
(babel)             in language  on input line 258.
Package babel Info: Redefining ngerman shorthand "~
(babel)             in language  on input line 258.

Overfull \hbox (6.79999pt too wide) in paragraph at lines 264--265
[][][]
 []


Underfull \hbox (badness 10000) in paragraph at lines 264--265

 []


Overfull \hbox (6.79999pt too wide) in paragraph at lines 281--282
[][][][]
 []


Underfull \hbox (badness 10000) in paragraph at lines 281--282

 []

Package babel Info: Redefining ngerman shorthand "|
(babel)             in language  on input line 290.
Package babel Info: Redefining ngerman shorthand "~
(babel)             in language  on input line 290.
[11]
Overfull \hbox (6.79999pt too wide) in paragraph at lines 296--297
[][][][]
 []


Underfull \hbox (badness 10000) in paragraph at lines 296--297

 []

Package babel Info: Redefining ngerman shorthand "|
(babel)             in language  on input line 309.
Package babel Info: Redefining ngerman shorthand "~
(babel)             in language  on input line 309.

Overfull \hbox (6.79999pt too wide) in paragraph at lines 326--327
[][][][]
 []


Underfull \hbox (badness 10000) in paragraph at lines 326--327

 []


Overfull \hbox (6.79999pt too wide) in paragraph at lines 335--336
[][][][]
 []


Underfull \hbox (badness 10000) in paragraph at lines 335--336

 []

Package babel Info: Redefining ngerman shorthand "|
(babel)             in language  on input line 338.
Package babel Info: Redefining ngerman shorthand "~
(babel)             in language  on input line 338.
[12]
Package hyperref Info: bookmark level for unknown lemma defaults to 0 on input 
line 344.
Package hyperref Info: bookmark level for unknown beweis defaults to 0 on input
 line 353.
Package babel Info: Redefining ngerman shorthand "|
(babel)             in language  on input line 384.
Package babel Info: Redefining ngerman shorthand "~
(babel)             in language  on input line 384.
 [13]
Package hyperref Info: bookmark level for unknown satz defaults to 0 on input l
ine 396.
Package babel Info: Redefining ngerman shorthand "|
(babel)             in language  on input line 429.
Package babel Info: Redefining ngerman shorthand "~
(babel)             in language  on input line 429.
 [14]
Package babel Info: Redefining ngerman shorthand "|
(babel)             in language  on input line 455.
Package babel Info: Redefining ngerman shorthand "~
(babel)             in language  on input line 455.

Overfull \hbox (6.79999pt too wide) in paragraph at lines 467--468
[][][][]
 []


Underfull \hbox (badness 10000) in paragraph at lines 467--468

 []

Package babel Info: Redefining ngerman shorthand "|
(babel)             in language  on input line 471.
Package babel Info: Redefining ngerman shorthand "~
(babel)             in language  on input line 471.
[15]
Overfull \hbox (6.79999pt too wide) in paragraph at lines 515--516
[][][][]
 []


Underfull \hbox (badness 10000) in paragraph at lines 515--516

 []

Package babel Info: Redefining ngerman shorthand "|
(babel)             in language  on input line 523.
Package babel Info: Redefining ngerman shorthand "~
(babel)             in language  on input line 523.
[16]
Package babel Info: Redefining ngerman shorthand "|
(babel)             in language  on input line 551.
Package babel Info: Redefining ngerman shorthand "~
(babel)             in language  on input line 551.

Overfull \hbox (6.79999pt too wide) in paragraph at lines 565--566
[][][][]
 []


Underfull \hbox (badness 10000) in paragraph at lines 565--566

 []

Package babel Info: Redefining ngerman shorthand "|
(babel)             in language  on input line 567.
Package babel Info: Redefining ngerman shorthand "~
(babel)             in language  on input line 567.
[17]
Package babel Info: Redefining ngerman shorthand "|
(babel)             in language  on input line 596.
Package babel Info: Redefining ngerman shorthand "~
(babel)             in language  on input line 596.
Package babel Info: Redefining ngerman shorthand "|
(babel)             in language  on input line 603.
Package babel Info: Redefining ngerman shorthand "~
(babel)             in language  on input line 603.
 [18]
Package hyperref Info: bookmark level for unknown satz* defaults to 0 on input 
line 637.
Package hyperref Info: bookmark level for unknown bemerkungenX defaults to 0 on
 input line 649.
Package babel Info: Redefining ngerman shorthand "|
(babel)             in language  on input line 652.
Package babel Info: Redefining ngerman shorthand "~
(babel)             in language  on input line 652.
 [19]
Package babel Info: Redefining ngerman shorthand "|
(babel)             in language  on input line 658.
Package babel Info: Redefining ngerman shorthand "~
(babel)             in language  on input line 658.

Overfull \hbox (6.79999pt too wide) in paragraph at lines 695--696
[][][][]
 []


Underfull \hbox (badness 10000) in paragraph at lines 695--696

 []


Underfull \vbox (badness 6641) has occurred while \output is active []

Package babel Info: Redefining ngerman shorthand "|
(babel)             in language  on input line 697.
Package babel Info: Redefining ngerman shorthand "~
(babel)             in language  on input line 697.
 [20]
Overfull \hbox (6.79999pt too wide) in paragraph at lines 719--720
[][][][]
 []


Underfull \hbox (badness 10000) in paragraph at lines 719--720

 []

Package babel Info: Redefining ngerman shorthand "|
(babel)             in language  on input line 745.
Package babel Info: Redefining ngerman shorthand "~
(babel)             in language  on input line 745.
[21]
Overfull \hbox (6.79999pt too wide) in paragraph at lines 761--762
[][][][]
 []


Underfull \hbox (badness 10000) in paragraph at lines 761--762

 []

Package hyperref Info: bookmark level for unknown korrolar defaults to 0 on inp
ut line 785.
Package babel Info: Redefining ngerman shorthand "|
(babel)             in language  on input line 792.
Package babel Info: Redefining ngerman shorthand "~
(babel)             in language  on input line 792.
[22]
Package babel Info: Redefining ngerman shorthand "|
(babel)             in language  on input line 792.
Package babel Info: Redefining ngerman shorthand "~
(babel)             in language  on input line 792.
 [23]
Package babel Info: Redefining ngerman shorthand "|
(babel)             in language  on input line 792.
Package babel Info: Redefining ngerman shorthand "~
(babel)             in language  on input line 792.
 [24


]
Kapitel 2.
Package babel Info: Redefining ngerman shorthand "|
(babel)             in language  on input line 792.
Package babel Info: Redefining ngerman shorthand "~
(babel)             in language  on input line 792.
Package babel Info: Redefining ngerman shorthand "|
(babel)             in language  on input line 794.
Package babel Info: Redefining ngerman shorthand "~
(babel)             in language  on input line 794.

Overfull \hbox (6.79999pt too wide) in paragraph at lines 824--825
[][][][]
 []


Underfull \hbox (badness 10000) in paragraph at lines 824--825

 []


Overfull \hbox (17.67882pt too wide) in paragraph at lines 830--831
[]\T1/cmr/m/n/10.95 Der Isometrie-Begriff auf Rie-mann'schen Man-nig-fal-tig-ke
i-ten: Ein Dif-feo-mor-phis-mus $\OT1/cmr/m/n/10.95 ^^H : (\OML/cmm/m/it/10.95 
M; \OMS/cmsy/m/n/10.95 h^^A\OML/cmm/m/it/10.95 ; \OMS/cmsy/m/n/10.95 ^^Ai\OT1/c
mr/m/n/10.95 ) \OMS/cmsy/m/n/10.95 !
 []

Package babel Info: Redefining ngerman shorthand "|
(babel)             in language  on input line 836.
Package babel Info: Redefining ngerman shorthand "~
(babel)             in language  on input line 836.
Package babel Info: Redefining ngerman shorthand "|
(babel)             in language  on input line 837.
Package babel Info: Redefining ngerman shorthand "~
(babel)             in language  on input line 837.

Package hyperref Warning: Token not allowed in a PDF string (PDFDocEncoding):
(hyperref)                removing `math shift' on input line 837.


Package hyperref Warning: Token not allowed in a PDF string (PDFDocEncoding):
(hyperref)                removing `math shift' on input line 837.

Package babel Info: Redefining ngerman shorthand "|
(babel)             in language  on input line 840.
Package babel Info: Redefining ngerman shorthand "~
(babel)             in language  on input line 840.
[25]
Package babel Info: Redefining ngerman shorthand "|
(babel)             in language  on input line 840.
Package babel Info: Redefining ngerman shorthand "~
(babel)             in language  on input line 840.


Package hyperref Warning: Token not allowed in a PDF string (PDFDocEncoding):
(hyperref)                removing `math shift' on input line 840.


Package hyperref Warning: Token not allowed in a PDF string (PDFDocEncoding):
(hyperref)                removing `math shift' on input line 840.

Package babel Info: Redefining ngerman shorthand "|
(babel)             in language  on input line 862.
Package babel Info: Redefining ngerman shorthand "~
(babel)             in language  on input line 862.
Package babel Info: Redefining ngerman shorthand "|
(babel)             in language  on input line 886.
Package babel Info: Redefining ngerman shorthand "~
(babel)             in language  on input line 886.
[26]
Package babel Info: Redefining ngerman shorthand "|
(babel)             in language  on input line 888.
Package babel Info: Redefining ngerman shorthand "~
(babel)             in language  on input line 888.

Overfull \hbox (6.79999pt too wide) in paragraph at lines 904--905
[][][][]
 []


Underfull \hbox (badness 10000) in paragraph at lines 904--905

 []

Package babel Info: Redefining ngerman shorthand "|
(babel)             in language  on input line 936.
Package babel Info: Redefining ngerman shorthand "~
(babel)             in language  on input line 936.
[27]
Package babel Info: Redefining ngerman shorthand "|
(babel)             in language  on input line 952.
Package babel Info: Redefining ngerman shorthand "~
(babel)             in language  on input line 952.
Package babel Info: Redefining ngerman shorthand "|
(babel)             in language  on input line 979.
Package babel Info: Redefining ngerman shorthand "~
(babel)             in language  on input line 979.
 [28]
Package babel Info: Redefining ngerman shorthand "|
(babel)             in language  on input line 1018.
Package babel Info: Redefining ngerman shorthand "~
(babel)             in language  on input line 1018.
Package babel Info: Redefining ngerman shorthand "|
(babel)             in language  on input line 1023.
Package babel Info: Redefining ngerman shorthand "~
(babel)             in language  on input line 1023.
 [29]
Package babel Info: Redefining ngerman shorthand "|
(babel)             in language  on input line 1029.
Package babel Info: Redefining ngerman shorthand "~
(babel)             in language  on input line 1029.
 [30]
Kapitel 3.
Package babel Info: Redefining ngerman shorthand "|
(babel)             in language  on input line 1029.
Package babel Info: Redefining ngerman shorthand "~
(babel)             in language  on input line 1029.
Package babel Info: Redefining ngerman shorthand "|
(babel)             in language  on input line 1031.
Package babel Info: Redefining ngerman shorthand "~
(babel)             in language  on input line 1031.
Package babel Info: Redefining ngerman shorthand "|
(babel)             in language  on input line 1047.
Package babel Info: Redefining ngerman shorthand "~
(babel)             in language  on input line 1047.

Overfull \hbox (6.79999pt too wide) in paragraph at lines 1066--1067
[][][]
 []


Underfull \hbox (badness 10000) in paragraph at lines 1066--1067

 []

Package babel Info: Redefining ngerman shorthand "|
(babel)             in language  on input line 1070.
Package babel Info: Redefining ngerman shorthand "~
(babel)             in language  on input line 1070.
[31


]
Overfull \hbox (6.79999pt too wide) in paragraph at lines 1096--1097
[][][][]
 []


Underfull \hbox (badness 10000) in paragraph at lines 1096--1097

 []

Package babel Info: Redefining ngerman shorthand "|
(babel)             in language  on input line 1105.
Package babel Info: Redefining ngerman shorthand "~
(babel)             in language  on input line 1105.
[32]
Overfull \hbox (6.79999pt too wide) in paragraph at lines 1120--1121
[][][][]
 []


Underfull \hbox (badness 10000) in paragraph at lines 1120--1121

 []

Package babel Info: Redefining ngerman shorthand "|
(babel)             in language  on input line 1136.
Package babel Info: Redefining ngerman shorthand "~
(babel)             in language  on input line 1136.

Overfull \hbox (6.79999pt too wide) in paragraph at lines 1146--1147
[][][][]
 []


Underfull \hbox (badness 10000) in paragraph at lines 1146--1147

 []


Underfull \vbox (badness 1888) has occurred while \output is active []

Package babel Info: Redefining ngerman shorthand "|
(babel)             in language  on input line 1148.
Package babel Info: Redefining ngerman shorthand "~
(babel)             in language  on input line 1148.
 [33]
Overfull \hbox (0.51794pt too wide) in paragraph at lines 1156--1157
[]$\OT1/cmr/m/n/10.95 (\OMS/cmsy/m/n/10.95 ^^C\OT1/cmr/m/n/10.95 )  =[]\OMS/cms
y/m/n/10.95 ) $ \T1/cmr/m/n/10.95 ver-trg-lich: $\OML/cmm/m/it/10.95 V$\T1/cmr
/m/n/10.95 , $\OML/cmm/m/it/10.95 W$ \T1/cmr/m/n/10.95 par-al-lel ist qui-va-l
ent zu $\OML/cmm/m/it/10.95 D[]V \OT1/cmr/m/n/10.95 = \OML/cmm/m/it/10.95 D[]W 
\OT1/cmr/m/n/10.95 = 0$\T1/cmr/m/n/10.95 , al-so $[]\OMS/cmsy/m/n/10.95 h\OML/c
mm/m/it/10.95 V\OT1/cmr/m/n/10.95 (\OML/cmm/m/it/10.95 t\OT1/cmr/m/n/10.95 )\OM
L/cmm/m/it/10.95 ; W\OT1/cmr/m/n/10.95 (\OML/cmm/m/it/10.95 t\OT1/cmr/m/n/10.95
 )\OMS/cmsy/m/n/10.95 i[] \OT1/cmr/m/n/10.95 =
 []

Package babel Info: Redefining ngerman shorthand "|
(babel)             in language  on input line 1176.
Package babel Info: Redefining ngerman shorthand "~
(babel)             in language  on input line 1176.
[34]
Overfull \hbox (6.79999pt too wide) in paragraph at lines 1196--1197
[][][][]
 []


Underfull \hbox (badness 10000) in paragraph at lines 1196--1197

 []

Package babel Info: Redefining ngerman shorthand "|
(babel)             in language  on input line 1231.
Package babel Info: Redefining ngerman shorthand "~
(babel)             in language  on input line 1231.
[35]
Package babel Info: Redefining ngerman shorthand "|
(babel)             in language  on input line 1258.
Package babel Info: Redefining ngerman shorthand "~
(babel)             in language  on input line 1258.
 [36]
Kapitel 4.
Package babel Info: Redefining ngerman shorthand "|
(babel)             in language  on input line 1258.
Package babel Info: Redefining ngerman shorthand "~
(babel)             in language  on input line 1258.
Package babel Info: Redefining ngerman shorthand "|
(babel)             in language  on input line 1266.
Package babel Info: Redefining ngerman shorthand "~
(babel)             in language  on input line 1266.
Package babel Info: Redefining ngerman shorthand "|
(babel)             in language  on input line 1292.
Package babel Info: Redefining ngerman shorthand "~
(babel)             in language  on input line 1292.
Package babel Info: Redefining ngerman shorthand "|
(babel)             in language  on input line 1296.
Package babel Info: Redefining ngerman shorthand "~
(babel)             in language  on input line 1296.
[37


]
Package babel Info: Redefining ngerman shorthand "|
(babel)             in language  on input line 1304.
Package babel Info: Redefining ngerman shorthand "~
(babel)             in language  on input line 1304.


Package hyperref Warning: Token not allowed in a PDF string (PDFDocEncoding):
(hyperref)                removing `math shift' on input line 1304.


Package hyperref Warning: Token not allowed in a PDF string (PDFDocEncoding):
(hyperref)                removing `math shift' on input line 1304.


Overfull \hbox (6.79999pt too wide) in paragraph at lines 1329--1330
[][][][]
 []


Underfull \hbox (badness 10000) in paragraph at lines 1329--1330

 []

Package babel Info: Redefining ngerman shorthand "|
(babel)             in language  on input line 1334.
Package babel Info: Redefining ngerman shorthand "~
(babel)             in language  on input line 1334.
[38]
Package babel Info: Redefining ngerman shorthand "|
(babel)             in language  on input line 1352.
Package babel Info: Redefining ngerman shorthand "~
(babel)             in language  on input line 1352.
Package babel Info: Redefining ngerman shorthand "|
(babel)             in language  on input line 1363.
Package babel Info: Redefining ngerman shorthand "~
(babel)             in language  on input line 1363.
 [39]
Overfull \hbox (6.79999pt too wide) in paragraph at lines 1384--1385
[][][][]
 []


Underfull \hbox (badness 10000) in paragraph at lines 1384--1385

 []


Overfull \hbox (10.71852pt too wide) in paragraph at lines 1400--1401
[]\T1/cmr/m/n/10.95 Wir be-nut-zen den Um-kehrs-atz fr Man-nig-fal-tig-keit (S
atz [][]1.2[][]). Zu zei-gen ist: $[][] \OT1/cmr/m/n/10.95 : \OML/cmm/m/it/10.9
5 T[]\OT1/cmr/m/n/10.95 (\OML/cmm/m/it/10.95 B[]\OT1/cmr/m/n/10.95 (0)) []
 []


Overfull \hbox (21.25903pt too wide) in paragraph at lines 1402--1403
[]\T1/cmr/m/n/10.95 Whle da-zu die Kur-ve $\OML/cmm/m/it/10.95 c\OT1/cmr/m/n/1
0.95 (\OML/cmm/m/it/10.95 t\OT1/cmr/m/n/10.95 ) = \OML/cmm/m/it/10.95 tv$ \T1/c
mr/m/n/10.95 (mit $\OML/cmm/m/it/10.95 c\OT1/cmr/m/n/10.95 (0) = 0$\T1/cmr/m/n/
10.95 , $\OML/cmm/m/it/10.95 c[]\OT1/cmr/m/n/10.95 (0) = \OML/cmm/m/it/10.95 v$
\T1/cmr/m/n/10.95 ). Dann ist: $[][] \OT1/cmr/m/n/10.95 (\OML/cmm/m/it/10.95 v\
OT1/cmr/m/n/10.95 ) = [][] ([][] \OMS/cmsy/m/n/10.95 ^^N \OML/cmm/m/it/10.95 c\
OT1/cmr/m/n/10.95 )(\OML/cmm/m/it/10.95 t\OT1/cmr/m/n/10.95 ) =
 []

Package babel Info: Redefining ngerman shorthand "|
(babel)             in language  on input line 1403.
Package babel Info: Redefining ngerman shorthand "~
(babel)             in language  on input line 1403.
[40]
Overfull \hbox (6.79999pt too wide) in paragraph at lines 1411--1412
[][][][]
 []


Underfull \hbox (badness 10000) in paragraph at lines 1411--1412

 []

Package babel Info: Redefining ngerman shorthand "|
(babel)             in language  on input line 1421.
Package babel Info: Redefining ngerman shorthand "~
(babel)             in language  on input line 1421.

Overfull \hbox (20.5402pt too wide) in paragraph at lines 1425--1426
\T1/cmr/m/n/10.95 Die Pa-ra-me-ter-li-ni-en $\OML/cmm/m/it/10.95 f\OT1/cmr/m/n/
10.95 (\OML/cmm/m/it/10.95 u; v[]\OT1/cmr/m/n/10.95 )$ \T1/cmr/m/n/10.95 bzw. $
\OML/cmm/m/it/10.95 f\OT1/cmr/m/n/10.95 (\OML/cmm/m/it/10.95 u[]; v\OT1/cmr/m/n
/10.95 )$ \T1/cmr/m/n/10.95 mit $\OML/cmm/m/it/10.95 v[]$ \T1/cmr/m/n/10.95 bzw
. $\OML/cmm/m/it/10.95 u[]$ \T1/cmr/m/n/10.95 fest de-fi-nie-ren die ^^RTangent
ial-Vektorfelder^^P 
 []

Package babel Info: Redefining ngerman shorthand "|
(babel)             in language  on input line 1440.
Package babel Info: Redefining ngerman shorthand "~
(babel)             in language  on input line 1440.
[41]
Package babel Info: Redefining ngerman shorthand "|
(babel)             in language  on input line 1486.
Package babel Info: Redefining ngerman shorthand "~
(babel)             in language  on input line 1486.
 [42]
Package babel Info: Redefining ngerman shorthand "|
(babel)             in language  on input line 1537.
Package babel Info: Redefining ngerman shorthand "~
(babel)             in language  on input line 1537.
 [43]
Package babel Info: Redefining ngerman shorthand "|
(babel)             in language  on input line 1570.
Package babel Info: Redefining ngerman shorthand "~
(babel)             in language  on input line 1570.
 [44]
Package babel Info: Redefining ngerman shorthand "|
(babel)             in language  on input line 1601.
Package babel Info: Redefining ngerman shorthand "~
(babel)             in language  on input line 1601.
 [45]
Package babel Info: Redefining ngerman shorthand "|
(babel)             in language  on input line 1604.
Package babel Info: Redefining ngerman shorthand "~
(babel)             in language  on input line 1604.
 [46]
Kapitel 5.
Package babel Info: Redefining ngerman shorthand "|
(babel)             in language  on input line 1604.
Package babel Info: Redefining ngerman shorthand "~
(babel)             in language  on input line 1604.
Package babel Info: Redefining ngerman shorthand "|
(babel)             in language  on input line 1608.
Package babel Info: Redefining ngerman shorthand "~
(babel)             in language  on input line 1608.

Overfull \hbox (6.79999pt too wide) in paragraph at lines 1630--1631
[][][][]
 []


Underfull \hbox (badness 10000) in paragraph at lines 1630--1631

 []

Package babel Info: Redefining ngerman shorthand "|
(babel)             in language  on input line 1644.
Package babel Info: Redefining ngerman shorthand "~
(babel)             in language  on input line 1644.
[47


]
Overfull \hbox (3.81337pt too wide) in paragraph at lines 1661--1665
\OMS/cmsy/m/n/10.95 h\OML/cmm/m/it/10.95 D[]W; W\OMS/cmsy/m/n/10.95 i \OT1/cmr/
m/n/10.95 = [][\OML/cmm/m/it/10.95 X; Y\OT1/cmr/m/n/10.95 ]\OMS/cmsy/m/n/10.95 
h\OML/cmm/m/it/10.95 W; W\OMS/cmsy/m/n/10.95 i$\T1/cmr/m/n/10.95 . So-mit: $\OM
S/cmsy/m/n/10.95 h\OML/cmm/m/it/10.95 R\OT1/cmr/m/n/10.95 (\OML/cmm/m/it/10.95 
X; Y\OT1/cmr/m/n/10.95 )\OML/cmm/m/it/10.95 W; W\OMS/cmsy/m/n/10.95 i \OT1/cmr/
m/n/10.95 = \OML/cmm/m/it/10.95 Y\OMS/cmsy/m/n/10.95 h\OML/cmm/m/it/10.95 D[]W;
 W\OMS/cmsy/m/n/10.95 i ^^@ h\OML/cmm/m/it/10.95 D[]W; D[]W\OMS/cmsy/m/n/10.95 
i ^^@
 []

Package babel Info: Redefining ngerman shorthand "|
(babel)             in language  on input line 1691.
Package babel Info: Redefining ngerman shorthand "~
(babel)             in language  on input line 1691.
[48]
Overfull \hbox (22.67302pt too wide) in paragraph at lines 1713--1714
\T1/cmr/m/n/10.95 Sei $\OT1/cmr/m/n/10.95 (\OML/cmm/m/it/10.95 M; \OMS/cmsy/m/n
/10.95 h^^A\OML/cmm/m/it/10.95 ; \OMS/cmsy/m/n/10.95 ^^Ai\OT1/cmr/m/n/10.95 )$ 
\T1/cmr/m/n/10.95 ei-ne Rie-mann'sche Man-nig-fal-tig-keit und $\OML/cmm/m/it/1
0.95 D$ \T1/cmr/m/n/10.95 der zu-ge-h-ri-ger Levi-Civita-Zusammenhang.
 []

Package babel Info: Redefining ngerman shorthand "|
(babel)             in language  on input line 1723.
Package babel Info: Redefining ngerman shorthand "~
(babel)             in language  on input line 1723.
Package babel Info: Redefining ngerman shorthand "|
(babel)             in language  on input line 1731.
Package babel Info: Redefining ngerman shorthand "~
(babel)             in language  on input line 1731.
[49]
Overfull \hbox (6.79999pt too wide) in paragraph at lines 1741--1742
[][][][]
 []


Underfull \hbox (badness 10000) in paragraph at lines 1741--1742

 []


Underfull \hbox (badness 1152) in paragraph at lines 1750--1751
\T1/cmr/m/n/10.95 ist $\OML/cmm/m/it/10.95 df\OMS/cmsy/m/n/10.95 j[]\OT1/cmr/m/
n/10.95 (\OML/cmm/m/it/10.95 ^^[\OT1/cmr/m/n/10.95 ) \OMS/cmsy/m/n/10.95 ^^Z \O
ML/cmm/m/it/10.95 T[]N$ \T1/cmr/m/n/10.95 ein 2-dimensionaler Un-ter-vek-tor-ra
um und $\OML/cmm/m/it/10.95 K[]\OT1/cmr/m/n/10.95 (\OML/cmm/m/it/10.95 p; ^^[\O
T1/cmr/m/n/10.95 ) =
 []


Overfull \hbox (14.78204pt too wide) in paragraph at lines 1784--1786
\T1/cmr/m/n/10.95 ergnze zu ei-ner Or-tho-nor-mal-ba-sis $\OMS/cmsy/m/n/10.95 
f\OML/cmm/m/it/10.95 f[]; [] ; f[]\OMS/cmsy/m/n/10.95 g$ \T1/cmr/m/n/10.95 von 
$\U/msb/m/n/10.95 R[]$\T1/cmr/m/n/10.95 . Dann ist $\OML/cmm/m/it/10.95 A [] \O
T1/cmr/m/n/10.95 [\OML/cmm/m/it/10.95 f[]; f[]; [] ; f[]\OT1/cmr/m/n/10.95 ] \O
MS/cmsy/m/n/10.95 2
 []

Package babel Info: Redefining ngerman shorthand "|
(babel)             in language  on input line 1786.
Package babel Info: Redefining ngerman shorthand "~
(babel)             in language  on input line 1786.
[50]
Package babel Info: Redefining ngerman shorthand "|
(babel)             in language  on input line 1830.
Package babel Info: Redefining ngerman shorthand "~
(babel)             in language  on input line 1830.
Package babel Info: Redefining ngerman shorthand "|
(babel)             in language  on input line 1838.
Package babel Info: Redefining ngerman shorthand "~
(babel)             in language  on input line 1838.
 [51]
Overfull \hbox (3.41391pt too wide) in paragraph at lines 1848--1849
[]\T1/cmr/m/n/10.95 Eine Rie-mann'sche Man-nig-fal-tig-keit $\OT1/cmr/m/n/10.95
 (\OML/cmm/m/it/10.95 M; g\OT1/cmr/m/n/10.95 )$ \T1/cmr/m/n/10.95 heit Einstei
n-Raum falls $[]\OT1/cmr/m/n/10.95 (\OML/cmm/m/it/10.95 x; y\OT1/cmr/m/n/10.95 
) = \OML/cmm/m/it/10.95 ^^Ug\OT1/cmr/m/n/10.95 (\OML/cmm/m/it/10.95 x; y\OT1/cm
r/m/n/10.95 ) \OMS/cmsy/m/n/10.95 8\OML/cmm/m/it/10.95 x; y \OMS/cmsy/m/n/10.95
 2
 []


Overfull \hbox (4.65503pt too wide) in paragraph at lines 1861--1863
\T1/cmr/m/n/10.95 wobei $\OML/cmm/m/it/10.95 G$\T1/cmr/m/n/10.95 : Einstein-Ten
sor fr 4 di-men-sio-na-le Lorentz-Mannigfaltigkeit (mit Pseudo-Riemannscher
 []

Package babel Info: Redefining ngerman shorthand "|
(babel)             in language  on input line 1868.
Package babel Info: Redefining ngerman shorthand "~
(babel)             in language  on input line 1868.
[52]
Kapitel 6.
Package babel Info: Redefining ngerman shorthand "|
(babel)             in language  on input line 1868.
Package babel Info: Redefining ngerman shorthand "~
(babel)             in language  on input line 1868.
Package babel Info: Redefining ngerman shorthand "|
(babel)             in language  on input line 1869.
Package babel Info: Redefining ngerman shorthand "~
(babel)             in language  on input line 1869.

Overfull \hbox (38.23735pt too wide) in paragraph at lines 1900--1905
[][]\OML/cmm/m/it/10.95 X[] \OT1/cmr/m/n/10.95 = [][] []\OML/cmm/m/it/10.95 D[]
X[] \OT1/cmr/m/n/10.95 + [][] []\OML/cmm/m/it/10.95 D[] [] \OT1/cmr/m/n/10.95 =
 [][] []\OML/cmm/m/it/10.95 D[]X[] \OT1/cmr/m/n/10.95 + [][] [] []$\T1/cmr/m/n/
10.95 . 
 []

Package babel Info: Redefining ngerman shorthand "|
(babel)             in language  on input line 1905.
Package babel Info: Redefining ngerman shorthand "~
(babel)             in language  on input line 1905.
[53


]
Overfull \hbox (6.79999pt too wide) in paragraph at lines 1926--1927
[][][][]
 []


Underfull \hbox (badness 10000) in paragraph at lines 1926--1927

 []


Overfull \hbox (12.57462pt too wide) in paragraph at lines 1934--1937
[]\T1/cmr/m/n/10.95 Weiter sei $\OML/cmm/m/it/10.95 a[]\OT1/cmr/m/n/10.95 (\OML
/cmm/m/it/10.95 t\OT1/cmr/m/n/10.95 ) [] \OMS/cmsy/m/n/10.95 h\OML/cmm/m/it/10.
95 R\OT1/cmr/m/n/10.95 (\OML/cmm/m/it/10.95 ^^M[]\OT1/cmr/m/n/10.95 (\OML/cmm/m
/it/10.95 t\OT1/cmr/m/n/10.95 )\OML/cmm/m/it/10.95 ; E[]\OT1/cmr/m/n/10.95 (\OM
L/cmm/m/it/10.95 t\OT1/cmr/m/n/10.95 ))\OML/cmm/m/it/10.95 ^^M[]\OT1/cmr/m/n/10
.95 (\OML/cmm/m/it/10.95 t\OT1/cmr/m/n/10.95 )\OML/cmm/m/it/10.95 ; E[]\OT1/cmr
/m/n/10.95 (\OML/cmm/m/it/10.95 t\OT1/cmr/m/n/10.95 )\OMS/cmsy/m/n/10.95 i[]$\T
1/cmr/m/n/10.95 . Dann gilt $\OML/cmm/m/it/10.95 R\OT1/cmr/m/n/10.95 (\OML/cmm/
m/it/10.95 ^^M[]; J\OT1/cmr/m/n/10.95 )\OML/cmm/m/it/10.95 ^^M[] \OT1/cmr/m/n/1
0.95 = [][] [] \OML/cmm/m/it/10.95 E[] \OT1/cmr/m/n/10.95 =
 []

Package hyperref Info: bookmark level for unknown folgerung* defaults to 0 on i
nput line 1947.
Package babel Info: Redefining ngerman shorthand "|
(babel)             in language  on input line 1955.
Package babel Info: Redefining ngerman shorthand "~
(babel)             in language  on input line 1955.
[54]
Package babel Info: Redefining ngerman shorthand "|
(babel)             in language  on input line 2004.
Package babel Info: Redefining ngerman shorthand "~
(babel)             in language  on input line 2004.
 [55]
Package babel Info: Redefining ngerman shorthand "|
(babel)             in language  on input line 2042.
Package babel Info: Redefining ngerman shorthand "~
(babel)             in language  on input line 2042.
Package babel Info: Redefining ngerman shorthand "|
(babel)             in language  on input line 2044.
Package babel Info: Redefining ngerman shorthand "~
(babel)             in language  on input line 2044.
 [56]
Package babel Info: Redefining ngerman shorthand "|
(babel)             in language  on input line 2085.
Package babel Info: Redefining ngerman shorthand "~
(babel)             in language  on input line 2085.
 [57]
Overfull \hbox (20.95416pt too wide) in paragraph at lines 2101--2102
\OT1/cmr/m/n/10.95 2\OML/cmm/m/it/10.95 ^^Y []$\T1/cmr/m/n/10.95 , al-so $\OML/
cmm/m/it/10.95 K\OT1/cmr/m/n/10.95 (\OML/cmm/m/it/10.95 p; ^^[\OT1/cmr/m/n/10.9
5 ) = +1$\T1/cmr/m/n/10.95 . Im Hy-per-bo-li-schen ist $\OML/cmm/m/it/10.95 L\O
T1/cmr/m/n/10.95 (\OML/cmm/m/it/10.95 K[]\OT1/cmr/m/n/10.95 ) = 2\OML/cmm/m/it/
10.95 ^^Y [] r \OT1/cmr/m/n/10.95 = 2\OML/cmm/m/it/10.95 ^^Y []$\T1/cmr/m/n/10.
95 ,
 []

Package babel Info: Redefining ngerman shorthand "|
(babel)             in language  on input line 2105.
Package babel Info: Redefining ngerman shorthand "~
(babel)             in language  on input line 2105.
[58]
Kapitel 7.
Package babel Info: Redefining ngerman shorthand "|
(babel)             in language  on input line 2105.
Package babel Info: Redefining ngerman shorthand "~
(babel)             in language  on input line 2105.
Package babel Info: Redefining ngerman shorthand "|
(babel)             in language  on input line 2134.
Package babel Info: Redefining ngerman shorthand "~
(babel)             in language  on input line 2134.
[59


]
Overfull \hbox (4.18315pt too wide) in paragraph at lines 2165--2166
[]\T1/cmr/m/n/10.95 Da $\OT1/cmr/m/n/10.95 
[]$ \T1/cmr/m/n/10.95 ei-ne Ober-men-ge der We-ge von $\OML/cmm/m/it/10.95 p$ \
T1/cmr/m/n/10.95 nach $\OML/cmm/m/it/10.95 q$ \T1/cmr/m/n/10.95 ber $\OML/cmm/
m/it/10.95 r$ \T1/cmr/m/n/10.95 ist, gilt $[][] \OML/cmm/m/it/10.95 L\OT1/cmr/m
/n/10.95 (\OML/cmm/m/it/10.95 c\OT1/cmr/m/n/10.95 ) \OMS/cmsy/m/n/10.95 ^^T [][
] \OML/cmm/m/it/10.95 L\OT1/cmr/m/n/10.95 (\OML/cmm/m/it/10.95 c\OT1/cmr/m/n/10
.95 ) +
 []

Package babel Info: Redefining ngerman shorthand "|
(babel)             in language  on input line 2178.
Package babel Info: Redefining ngerman shorthand "~
(babel)             in language  on input line 2178.
[60]
Overfull \hbox (6.79999pt too wide) in paragraph at lines 2199--2200
[][][][]
 []


Underfull \hbox (badness 10000) in paragraph at lines 2199--2200

 []

Package babel Info: Redefining ngerman shorthand "|
(babel)             in language  on input line 2215.
Package babel Info: Redefining ngerman shorthand "~
(babel)             in language  on input line 2215.
[61]
Package babel Info: Redefining ngerman shorthand "|
(babel)             in language  on input line 2246.
Package babel Info: Redefining ngerman shorthand "~
(babel)             in language  on input line 2246.
 [62]
Package babel Info: Redefining ngerman shorthand "|
(babel)             in language  on input line 2281.
Package babel Info: Redefining ngerman shorthand "~
(babel)             in language  on input line 2281.
 [63]
Package babel Info: Redefining ngerman shorthand "|
(babel)             in language  on input line 2283.
Package babel Info: Redefining ngerman shorthand "~
(babel)             in language  on input line 2283.
Package babel Info: Redefining ngerman shorthand "|
(babel)             in language  on input line 2314.
Package babel Info: Redefining ngerman shorthand "~
(babel)             in language  on input line 2314.
 [64]
Overfull \hbox (38.12206pt too wide) in paragraph at lines 2333--2333
\T1/cmr/m/n/10.95 eine of-fe-ne Um-ge-bung von $\OT1/cmr/m/n/10.95 0 \OMS/cmsy/
m/n/10.95 2 \OML/cmm/m/it/10.95 T[]M$\T1/cmr/m/n/10.95 . Der Rand von $\OML/cmm
/m/it/10.95 U[]$\T1/cmr/m/n/10.95 , $\OML/cmm/m/it/10.95 @U[]$\T1/cmr/m/n/10.95
 , ist die Men-ge $[] \OT1/cmr/m/n/10.95 =
 []


Overfull \hbox (5.16235pt too wide) in paragraph at lines 2342--2343
[]\T1/cmr/m/n/10.95 Ist $\OT1/cmr/m/n/10.95 (\OML/cmm/m/it/10.95 M; \OMS/cmsy/m
/n/10.95 h^^A\OML/cmm/m/it/10.95 ; \OMS/cmsy/m/n/10.95 ^^Ai\OT1/cmr/m/n/10.95 )
$ \T1/cmr/m/n/10.95 ei-ne zu-sam-men-hn-gen-de kom-pak-te Riem-man'sche Man-ni
g-fal-tig-keit mit $[]\OT1/cmr/m/n/10.95 (\OML/cmm/m/it/10.95 M\OT1/cmr/m/n/10.
95 ) =
 []

Package babel Info: Redefining ngerman shorthand "|
(babel)             in language  on input line 2356.
Package babel Info: Redefining ngerman shorthand "~
(babel)             in language  on input line 2356.
[65]
Overfull \hbox (6.79999pt too wide) in paragraph at lines 2387--2388
[][][][]
 []


Underfull \hbox (badness 10000) in paragraph at lines 2387--2388

 []

Package babel Info: Redefining ngerman shorthand "|
(babel)             in language  on input line 2388.
Package babel Info: Redefining ngerman shorthand "~
(babel)             in language  on input line 2388.
[66]
Package babel Info: Redefining ngerman shorthand "|
(babel)             in language  on input line 2425.
Package babel Info: Redefining ngerman shorthand "~
(babel)             in language  on input line 2425.
 [67]
Package babel Info: Redefining ngerman shorthand "|
(babel)             in language  on input line 2443.
Package babel Info: Redefining ngerman shorthand "~
(babel)             in language  on input line 2443.

Overfull \hbox (6.79999pt too wide) in paragraph at lines 2454--2455
[][][][]
 []


Underfull \hbox (badness 10000) in paragraph at lines 2454--2455

 []

Package babel Info: Redefining ngerman shorthand "|
(babel)             in language  on input line 2462.
Package babel Info: Redefining ngerman shorthand "~
(babel)             in language  on input line 2462.
[68]
Overfull \hbox (9.53029pt too wide) in paragraph at lines 2485--2486
[]$[]$ \T1/cmr/m/n/10.95 sei-en die Ko-or-di-na-ten in $\OML/cmm/m/it/10.95 T[]
M$ \T1/cmr/m/n/10.95 be-zg-lich der Or-tho-nor-mal-ba-sis $\OMS/cmsy/m/n/10.95
 f\OML/cmm/m/it/10.95 u; e[]; [] ; e[]\OMS/cmsy/m/n/10.95 g$\T1/cmr/m/n/10.95 .

 []

Package babel Info: Redefining ngerman shorthand "|
(babel)             in language  on input line 2504.
Package babel Info: Redefining ngerman shorthand "~
(babel)             in language  on input line 2504.
[69]
Package babel Info: Redefining ngerman shorthand "|
(babel)             in language  on input line 2540.
Package babel Info: Redefining ngerman shorthand "~
(babel)             in language  on input line 2540.
 [70]
Anhang A.
Package babel Info: Redefining ngerman shorthand "|
(babel)             in language  on input line 2540.
Package babel Info: Redefining ngerman shorthand "~
(babel)             in language  on input line 2540.
** Generating table of satz,wichtigedefinition
(./RieGeo.thm)
Package babel Info: Redefining ngerman shorthand "|
(babel)             in language  on input line 2545.
Package babel Info: Redefining ngerman shorthand "~
(babel)             in language  on input line 2545.
 (./RieGeo.ind
Package babel Info: Redefining ngerman shorthand "|
(babel)             in language  on input line 1.
Package babel Info: Redefining ngerman shorthand "~
(babel)             in language  on input line 1.
 [71


]
Package babel Info: Redefining ngerman shorthand "|
(babel)             in language  on input line 1.
Package babel Info: Redefining ngerman shorthand "~
(babel)             in language  on input line 1.
 [72


]
Package babel Info: Redefining ngerman shorthand "|
(babel)             in language  on input line 128.
Package babel Info: Redefining ngerman shorthand "~
(babel)             in language  on input line 128.
 [73



]
Package babel Info: Redefining ngerman shorthand "|
(babel)             in language  on input line 148.
Package babel Info: Redefining ngerman shorthand "~
(babel)             in language  on input line 148.
 [74

])
\tf@thm=\write6
\openout6 = `RieGeo.thm'.

Package atveryend Info: Empty hook `BeforeClearDocument' on input line 2548.
Package atveryend Info: Empty hook `AfterLastShipout' on input line 2548.
 (./RieGeo.aux)
Package atveryend Info: Executing hook `AtVeryEndDocument' on input line 2548.
Package atveryend Info: Executing hook `AtEndAfterFileList' on input line 2548.

Package rerunfilecheck Info: File `RieGeo.out' has not changed.
(rerunfilecheck)             Checksum: 7389DFAC2F466C2DCC0545D849E5221B;3407.


LaTeX Font Warning: Some font shapes were not available, defaults substituted.

Package atveryend Info: Empty hook `AtVeryVeryEnd' on input line 2548.
 ) 
Here is how much of TeX's memory you used:
 14084 strings out of 493304
 209534 string characters out of 6139872
 370338 words of memory out of 5000000
 16815 multiletter control sequences out of 15000+600000
 33605 words of font info for 119 fonts, out of 8000000 for 9000
 957 hyphenation exceptions out of 8191
 49i,20n,61p,828b,729s stack positions out of 5000i,500n,10000p,200000b,80000s
 </home/travis/.texmf-var/fonts/pk/ljfour/public/skull/skull.548pk>{/usr/shar
e/texmf/fonts/enc/dvips/cm-super/cm-super-t1.enc}</usr/share/texlive/texmf-dist
/fonts/type1/public/amsfonts/cm/cmex10.pfb></usr/share/texlive/texmf-dist/fonts
/type1/public/amsfonts/cmextra/cmex8.pfb></usr/share/texlive/texmf-dist/fonts/t
ype1/public/amsfonts/cm/cmmi10.pfb></usr/share/texlive/texmf-dist/fonts/type1/p
ublic/amsfonts/cm/cmmi12.pfb></usr/share/texlive/texmf-dist/fonts/type1/public/
amsfonts/cm/cmmi6.pfb></usr/share/texlive/texmf-dist/fonts/type1/public/amsfont
s/cm/cmmi8.pfb></usr/share/texlive/texmf-dist/fonts/type1/public/amsfonts/cm/cm
mi9.pfb></usr/share/texlive/texmf-dist/fonts/type1/public/amsfonts/cm/cmmib10.p
fb></usr/share/texlive/texmf-dist/fonts/type1/public/amsfonts/cmextra/cmmib8.pf
b></usr/share/texlive/texmf-dist/fonts/type1/public/amsfonts/cm/cmr10.pfb></usr
/share/texlive/texmf-dist/fonts/type1/public/amsfonts/cm/cmr12.pfb></usr/share/
texlive/texmf-dist/fonts/type1/public/amsfonts/cm/cmr6.pfb></usr/share/texlive/
texmf-dist/fonts/type1/public/amsfonts/cm/cmr8.pfb></usr/share/texlive/texmf-di
st/fonts/type1/public/amsfonts/cm/cmr9.pfb></usr/share/texlive/texmf-dist/fonts
/type1/public/amsfonts/cm/cmsy10.pfb></usr/share/texlive/texmf-dist/fonts/type1
/public/amsfonts/cm/cmsy6.pfb></usr/share/texlive/texmf-dist/fonts/type1/public
/amsfonts/cm/cmsy8.pfb></usr/share/texlive/texmf-dist/fonts/type1/public/amsfon
ts/cm/cmsy9.pfb></usr/share/texlive/texmf-dist/fonts/type1/public/amsfonts/symb
ols/msam10.pfb></usr/share/texlive/texmf-dist/fonts/type1/public/amsfonts/symbo
ls/msbm10.pfb></usr/share/texmf/fonts/type1/public/cm-super/sfbx1095.pfb></usr/
share/texmf/fonts/type1/public/cm-super/sfrm0600.pfb></usr/share/texmf/fonts/ty
pe1/public/cm-super/sfrm0800.pfb></usr/share/texmf/fonts/type1/public/cm-super/
sfrm0900.pfb></usr/share/texmf/fonts/type1/public/cm-super/sfrm1095.pfb></usr/s
hare/texmf/fonts/type1/public/cm-super/sfrm1440.pfb></usr/share/texmf/fonts/typ
e1/public/cm-super/sfsl1095.pfb></usr/share/texmf/fonts/type1/public/cm-super/s
fsx1095.pfb></usr/share/texmf/fonts/type1/public/cm-super/sfsx1200.pfb></usr/sh
are/texmf/fonts/type1/public/cm-super/sfsx1440.pfb></usr/share/texmf/fonts/type
1/public/cm-super/sfsx2074.pfb></usr/share/texmf/fonts/type1/public/cm-super/sf
ti1095.pfb></usr/share/texmf/fonts/type1/public/cm-super/sftt1095.pfb></usr/sha
re/texmf/fonts/type1/public/cm-super/sftt1440.pfb>
Output written on RieGeo.pdf (74 pages, 813677 bytes).
PDF statistics:
 1256 PDF objects out of 1440 (max. 8388607)
 1113 compressed objects within 12 object streams
 435 named destinations out of 1000 (max. 500000)
 329 words of extra memory for PDF output out of 10000 (max. 10000000)

