
Running /usr/bin/pdflatex Stoch1Zettel.tex in an env with 4 entries:
This is pdfTeX, Version 3.1415926-2.5-1.40.14 (TeX Live 2013/Debian)
 restricted \write18 enabled.
entering extended mode
(data/Stoch1Zettel.tex
LaTeX2e <2011/06/27>
Babel <3.9h> and hyphenation patterns for 78 languages loaded.
(/usr/share/texlive/texmf-dist/tex/latex/base/article.cls
Document Class: article 2007/10/19 v1.4h Standard LaTeX document class
(/usr/share/texlive/texmf-dist/tex/latex/base/size10.clo)) (data/latexki.sty)
(/usr/share/texlive/texmf-dist/tex/generic/babel/babel.sty
(/usr/share/texlive/texmf-dist/tex/generic/babel-german/germanb.ldf
(/usr/share/texlive/texmf-dist/tex/generic/babel/babel.def)))
(/usr/share/texlive/texmf-dist/tex/latex/base/inputenc.sty
(/usr/share/texlive/texmf-dist/tex/latex/base/latin1.def))
(/usr/share/texlive/texmf-dist/tex/latex/amsfonts/amsfonts.sty)
(/usr/share/texlive/texmf-dist/tex/latex/amsfonts/amssymb.sty)
(/usr/share/texlive/texmf-dist/tex/latex/amsmath/amsmath.sty
For additional information on amsmath, use the `?' option.
(/usr/share/texlive/texmf-dist/tex/latex/amsmath/amstext.sty
(/usr/share/texlive/texmf-dist/tex/latex/amsmath/amsgen.sty))
(/usr/share/texlive/texmf-dist/tex/latex/amsmath/amsbsy.sty)
(/usr/share/texlive/texmf-dist/tex/latex/amsmath/amsopn.sty))
(/usr/share/texlive/texmf-dist/tex/latex/mh/mathtools.sty
(/usr/share/texlive/texmf-dist/tex/latex/graphics/keyval.sty)
(/usr/share/texlive/texmf-dist/tex/latex/tools/calc.sty)
(/usr/share/texlive/texmf-dist/tex/latex/mh/mhsetup.sty))
(/usr/share/texlive/texmf-dist/tex/latex/graphics/color.sty
(/usr/share/texlive/texmf-dist/tex/latex/latexconfig/color.cfg)
(/usr/share/texlive/texmf-dist/tex/latex/pdftex-def/pdftex.def
(/usr/share/texlive/texmf-dist/tex/generic/oberdiek/infwarerr.sty)
(/usr/share/texlive/texmf-dist/tex/generic/oberdiek/ltxcmds.sty)))
(/usr/share/texlive/texmf-dist/tex/latex/graphics/graphicx.sty
(/usr/share/texlive/texmf-dist/tex/latex/graphics/graphics.sty
(/usr/share/texlive/texmf-dist/tex/latex/graphics/trig.sty)
(/usr/share/texlive/texmf-dist/tex/latex/latexconfig/graphics.cfg)))
(/usr/share/texlive/texmf-dist/tex/latex/hyperref/hyperref.sty
(/usr/share/texlive/texmf-dist/tex/generic/oberdiek/hobsub-hyperref.sty
(/usr/share/texlive/texmf-dist/tex/generic/oberdiek/hobsub-generic.sty))
(/usr/share/texlive/texmf-dist/tex/generic/ifxetex/ifxetex.sty)
(/usr/share/texlive/texmf-dist/tex/latex/oberdiek/auxhook.sty)
(/usr/share/texlive/texmf-dist/tex/latex/oberdiek/kvoptions.sty)
(/usr/share/texlive/texmf-dist/tex/latex/hyperref/pd1enc.def)
(/usr/share/texlive/texmf-dist/tex/latex/latexconfig/hyperref.cfg)
(/usr/share/texlive/texmf-dist/tex/latex/url/url.sty))

Package hyperref Message: Driver (autodetected): hpdftex.

(/usr/share/texlive/texmf-dist/tex/latex/hyperref/hpdftex.def
(/usr/share/texlive/texmf-dist/tex/latex/oberdiek/rerunfilecheck.sty))
(/usr/share/texlive/texmf-dist/tex/latex/tools/multicol.sty)
(/usr/share/texlive/texmf-dist/tex/latex/svninfo/svninfo.sty
(/usr/share/texlive/texmf-dist/tex/latex/svninfo/svninfo.cfg)
(/usr/share/texlive/texmf-dist/tex/latex/fancyhdr/fancyhdr.sty)
(/usr/share/texlive/texmf-dist/tex/latex/base/ifthen.sty))
(/usr/share/texlive/texmf-dist/tex/latex/geometry/geometry.sty)
No file Stoch1Zettel.aux.
(/usr/share/texlive/texmf-dist/tex/context/base/supp-pdf.mkii
[Loading MPS to PDF converter (version 2006.09.02).]
) (/usr/share/texlive/texmf-dist/tex/latex/oberdiek/epstopdf-base.sty
(/usr/share/texlive/texmf-dist/tex/latex/oberdiek/grfext.sty)
(/usr/share/texlive/texmf-dist/tex/latex/latexconfig/epstopdf-sys.cfg))
(/usr/share/texlive/texmf-dist/tex/latex/hyperref/nameref.sty
(/usr/share/texlive/texmf-dist/tex/generic/oberdiek/gettitlestring.sty))
*geometry* driver: auto-detecting
*geometry* detected driver: pdftex
(/usr/share/texlive/texmf-dist/tex/latex/amsfonts/umsa.fd)
(/usr/share/texlive/texmf-dist/tex/latex/amsfonts/umsb.fd)
(/usr/share/texlive/texmf-dist/tex/latex/amsfonts/ueuf.fd)

Package amsmath Warning: Foreign command \atopwithdelims;
(amsmath)                \frac or \genfrac should be used instead
(amsmath)                 on input line 119.


Overfull \hbox (11.06898pt too wide) detected at line 267
[] \OML/cmm/m/it/7 P\OT1/cmr/m/n/7 (\OMS/cmsy/m/n/7 f\OML/cmm/m/it/7 ! \OMS/cms
y/m/n/7 2 \OT1/cmr/m/n/7 
[]\OMS/cmsy/m/n/7 j\OML/cmm/m/it/7 X[]\OT1/cmr/m/n/7 (\OML/cmm/m/it/7 !\OT1/cmr
/m/n/7 ) \OMS/cmsy/m/n/7 ^^@ \OML/cmm/m/it/7 X\OT1/cmr/m/n/7 (\OML/cmm/m/it/7 !
\OT1/cmr/m/n/7 )\OMS/cmsy/m/n/7 j ^^U \OML/cmm/m/it/7 "\OMS/cmsy/m/n/7 g\OT1/cm
r/m/n/7 ) = 0

Overfull \hbox (2.10902pt too wide) detected at line 292
\OML/cmm/m/it/7 P [] \OMS/cmsy/m/n/7 ! \OT1/cmr/m/n/7 ^^H(\OML/cmm/m/it/7 x\OT1
/cmr/m/n/7 )

Overfull \hbox (3.23022pt too wide) detected at line 299
 []$[]  \OML/cmm/m/it/7 P []$ 

Overfull \hbox (16.47375pt too wide) detected at line 305
\OML/cmm/m/it/7 '[]\OT1/cmr/m/n/7 (\OML/cmm/m/it/7 t\OT1/cmr/m/n/7 ) := \OML/cm
m/m/it/7 Ee[] \OT1/cmr/m/n/7 = \OML/cmm/m/it/7 E []\OT1/cmr/m/n/7 (\OML/cmm/m/i
t/7 tX\OT1/cmr/m/n/7 ) + \OML/cmm/m/it/7 iE []\OT1/cmr/m/n/7 (\OML/cmm/m/it/7 t
X\OT1/cmr/m/n/7 )
[1{/var/lib/texmf/fonts/map/pdftex/updmap/pdftex.map}]
Overfull \hbox (1.05261pt too wide) in paragraph at lines 391--393
[]$  

Overfull \hbox (11.93137pt too wide) in paragraph at lines 397--397
[]$[]$  

Overfull \hbox (12.04247pt too wide) in paragraph at lines 399--399
[]$[]$  

Overfull \hbox (5.48148pt too wide) detected at line 423
\OML/cmm/m/it/7 ^^L[]\OT1/cmr/m/n/7 (\OML/cmm/m/it/7 ^^V[]\OT1/cmr/m/n/7 ) \OMS
/cmsy/m/n/7 ^^T \OML/cmm/m/it/7  \OMS/cmsy/m/n/7 , \OT1/cmr/m/n/7 1 \OMS/cmsy/
m/n/7 ^^@ \OT1/cmr/m/n/7 ^^H [] \OMS/cmsy/m/n/7 ^^T \OML/cmm/m/it/7 

Overfull \hbox (9.4946pt too wide) detected at line 438
\OML/cmm/m/it/7 '\OT1/cmr/m/n/7 (\OML/cmm/m/it/7 x\OT1/cmr/m/n/7 ) = []

Overfull \hbox (16.87354pt too wide) detected at line 447
\OML/cmm/m/it/7 '\OT1/cmr/m/n/7 (\OML/cmm/m/it/7 x\OT1/cmr/m/n/7 ) = []

Overfull \hbox (9.34035pt too wide) detected at line 457
\OML/cmm/m/it/7 P[]\OT1/cmr/m/n/7 ([] \OMS/cmsy/m/n/7 ^^T \OML/cmm/m/it/7 x\OT1
/cmr/m/n/7 ) = \OML/cmm/m/it/7 F[]\OT1/cmr/m/n/7 (\OML/cmm/m/it/7 x\OT1/cmr/m/n
/7 )

Overfull \hbox (18.16368pt too wide) detected at line 464
\OML/cmm/m/it/7 '\OT1/cmr/m/n/7 (\OML/cmm/m/it/7 x\OT1/cmr/m/n/7 ) = []

Overfull \hbox (19.9315pt too wide) detected at line 474
\OML/cmm/m/it/7 '\OT1/cmr/m/n/7 (\OML/cmm/m/it/7 x\OT1/cmr/m/n/7 ) = []
<erwartung.jpg, id=21, 401.5pt x 401.5pt> <use erwartung.jpg>
<klausur.jpg, id=22, 401.5pt x 401.5pt> <use klausur.jpg> [2 <./erwartung.jpg> 
<./klausur.jpg>] (./Stoch1Zettel.aux)

Package rerunfilecheck Warning: File `Stoch1Zettel.out' has changed.
(rerunfilecheck)                Rerun to get outlines right
(rerunfilecheck)                or use package `bookmark'.

 )
(see the transcript file for additional information)</usr/share/texlive/texmf-d
ist/fonts/type1/public/amsfonts/cm/cmbx7.pfb></usr/share/texlive/texmf-dist/fon
ts/type1/public/amsfonts/cm/cmbx9.pfb></usr/share/texlive/texmf-dist/fonts/type
1/public/amsfonts/cmextra/cmex7.pfb></usr/share/texlive/texmf-dist/fonts/type1/
public/amsfonts/cm/cmmi5.pfb></usr/share/texlive/texmf-dist/fonts/type1/public/
amsfonts/cm/cmmi7.pfb></usr/share/texlive/texmf-dist/fonts/type1/public/amsfont
s/cm/cmmi9.pfb></usr/share/texlive/texmf-dist/fonts/type1/public/amsfonts/cm/cm
r5.pfb></usr/share/texlive/texmf-dist/fonts/type1/public/amsfonts/cm/cmr7.pfb><
/usr/share/texlive/texmf-dist/fonts/type1/public/amsfonts/cm/cmr9.pfb></usr/sha
re/texlive/texmf-dist/fonts/type1/public/amsfonts/cm/cmsy5.pfb></usr/share/texl
ive/texmf-dist/fonts/type1/public/amsfonts/cm/cmsy7.pfb></usr/share/texlive/tex
mf-dist/fonts/type1/public/amsfonts/cm/cmsy9.pfb></usr/share/texlive/texmf-dist
/fonts/type1/public/amsfonts/cm/cmti7.pfb></usr/share/texlive/texmf-dist/fonts/
type1/public/amsfonts/cm/cmtt8.pfb></usr/share/texlive/texmf-dist/fonts/type1/p
ublic/amsfonts/euler/eufm7.pfb></usr/share/texlive/texmf-dist/fonts/type1/publi
c/amsfonts/symbols/msbm7.pfb>
Output written on Stoch1Zettel.pdf (2 pages, 289606 bytes).
Transcript written on Stoch1Zettel.log.
Result: ExitSuccess

Running /usr/bin/pdflatex Stoch1Zettel.tex in an env with 4 entries:
This is pdfTeX, Version 3.1415926-2.5-1.40.14 (TeX Live 2013/Debian)
 restricted \write18 enabled.
entering extended mode
(data/Stoch1Zettel.tex
LaTeX2e <2011/06/27>
Babel <3.9h> and hyphenation patterns for 78 languages loaded.
(/usr/share/texlive/texmf-dist/tex/latex/base/article.cls
Document Class: article 2007/10/19 v1.4h Standard LaTeX document class
(/usr/share/texlive/texmf-dist/tex/latex/base/size10.clo)) (data/latexki.sty)
(/usr/share/texlive/texmf-dist/tex/generic/babel/babel.sty
(/usr/share/texlive/texmf-dist/tex/generic/babel-german/germanb.ldf
(/usr/share/texlive/texmf-dist/tex/generic/babel/babel.def)))
(/usr/share/texlive/texmf-dist/tex/latex/base/inputenc.sty
(/usr/share/texlive/texmf-dist/tex/latex/base/latin1.def))
(/usr/share/texlive/texmf-dist/tex/latex/amsfonts/amsfonts.sty)
(/usr/share/texlive/texmf-dist/tex/latex/amsfonts/amssymb.sty)
(/usr/share/texlive/texmf-dist/tex/latex/amsmath/amsmath.sty
For additional information on amsmath, use the `?' option.
(/usr/share/texlive/texmf-dist/tex/latex/amsmath/amstext.sty
(/usr/share/texlive/texmf-dist/tex/latex/amsmath/amsgen.sty))
(/usr/share/texlive/texmf-dist/tex/latex/amsmath/amsbsy.sty)
(/usr/share/texlive/texmf-dist/tex/latex/amsmath/amsopn.sty))
(/usr/share/texlive/texmf-dist/tex/latex/mh/mathtools.sty
(/usr/share/texlive/texmf-dist/tex/latex/graphics/keyval.sty)
(/usr/share/texlive/texmf-dist/tex/latex/tools/calc.sty)
(/usr/share/texlive/texmf-dist/tex/latex/mh/mhsetup.sty))
(/usr/share/texlive/texmf-dist/tex/latex/graphics/color.sty
(/usr/share/texlive/texmf-dist/tex/latex/latexconfig/color.cfg)
(/usr/share/texlive/texmf-dist/tex/latex/pdftex-def/pdftex.def
(/usr/share/texlive/texmf-dist/tex/generic/oberdiek/infwarerr.sty)
(/usr/share/texlive/texmf-dist/tex/generic/oberdiek/ltxcmds.sty)))
(/usr/share/texlive/texmf-dist/tex/latex/graphics/graphicx.sty
(/usr/share/texlive/texmf-dist/tex/latex/graphics/graphics.sty
(/usr/share/texlive/texmf-dist/tex/latex/graphics/trig.sty)
(/usr/share/texlive/texmf-dist/tex/latex/latexconfig/graphics.cfg)))
(/usr/share/texlive/texmf-dist/tex/latex/hyperref/hyperref.sty
(/usr/share/texlive/texmf-dist/tex/generic/oberdiek/hobsub-hyperref.sty
(/usr/share/texlive/texmf-dist/tex/generic/oberdiek/hobsub-generic.sty))
(/usr/share/texlive/texmf-dist/tex/generic/ifxetex/ifxetex.sty)
(/usr/share/texlive/texmf-dist/tex/latex/oberdiek/auxhook.sty)
(/usr/share/texlive/texmf-dist/tex/latex/oberdiek/kvoptions.sty)
(/usr/share/texlive/texmf-dist/tex/latex/hyperref/pd1enc.def)
(/usr/share/texlive/texmf-dist/tex/latex/latexconfig/hyperref.cfg)
(/usr/share/texlive/texmf-dist/tex/latex/url/url.sty))

Package hyperref Message: Driver (autodetected): hpdftex.

(/usr/share/texlive/texmf-dist/tex/latex/hyperref/hpdftex.def
(/usr/share/texlive/texmf-dist/tex/latex/oberdiek/rerunfilecheck.sty))
(/usr/share/texlive/texmf-dist/tex/latex/tools/multicol.sty)
(/usr/share/texlive/texmf-dist/tex/latex/svninfo/svninfo.sty
(/usr/share/texlive/texmf-dist/tex/latex/svninfo/svninfo.cfg)
(/usr/share/texlive/texmf-dist/tex/latex/fancyhdr/fancyhdr.sty)
(/usr/share/texlive/texmf-dist/tex/latex/base/ifthen.sty))
(/usr/share/texlive/texmf-dist/tex/latex/geometry/geometry.sty)
(./Stoch1Zettel.aux)
(/usr/share/texlive/texmf-dist/tex/context/base/supp-pdf.mkii
[Loading MPS to PDF converter (version 2006.09.02).]
) (/usr/share/texlive/texmf-dist/tex/latex/oberdiek/epstopdf-base.sty
(/usr/share/texlive/texmf-dist/tex/latex/oberdiek/grfext.sty)
(/usr/share/texlive/texmf-dist/tex/latex/latexconfig/epstopdf-sys.cfg))
(/usr/share/texlive/texmf-dist/tex/latex/hyperref/nameref.sty
(/usr/share/texlive/texmf-dist/tex/generic/oberdiek/gettitlestring.sty))
(./Stoch1Zettel.out) (./Stoch1Zettel.out)
*geometry* driver: auto-detecting
*geometry* detected driver: pdftex
(/usr/share/texlive/texmf-dist/tex/latex/amsfonts/umsa.fd)
(/usr/share/texlive/texmf-dist/tex/latex/amsfonts/umsb.fd)
(/usr/share/texlive/texmf-dist/tex/latex/amsfonts/ueuf.fd)

Package amsmath Warning: Foreign command \atopwithdelims;
(amsmath)                \frac or \genfrac should be used instead
(amsmath)                 on input line 119.


Overfull \hbox (11.06898pt too wide) detected at line 267
[] \OML/cmm/m/it/7 P\OT1/cmr/m/n/7 (\OMS/cmsy/m/n/7 f\OML/cmm/m/it/7 ! \OMS/cms
y/m/n/7 2 \OT1/cmr/m/n/7 
[]\OMS/cmsy/m/n/7 j\OML/cmm/m/it/7 X[]\OT1/cmr/m/n/7 (\OML/cmm/m/it/7 !\OT1/cmr
/m/n/7 ) \OMS/cmsy/m/n/7 ^^@ \OML/cmm/m/it/7 X\OT1/cmr/m/n/7 (\OML/cmm/m/it/7 !
\OT1/cmr/m/n/7 )\OMS/cmsy/m/n/7 j ^^U \OML/cmm/m/it/7 "\OMS/cmsy/m/n/7 g\OT1/cm
r/m/n/7 ) = 0

Overfull \hbox (2.10902pt too wide) detected at line 292
\OML/cmm/m/it/7 P [] \OMS/cmsy/m/n/7 ! \OT1/cmr/m/n/7 ^^H(\OML/cmm/m/it/7 x\OT1
/cmr/m/n/7 )

Overfull \hbox (3.23022pt too wide) detected at line 299
 []$[]  \OML/cmm/m/it/7 P []$ 

Overfull \hbox (16.47375pt too wide) detected at line 305
\OML/cmm/m/it/7 '[]\OT1/cmr/m/n/7 (\OML/cmm/m/it/7 t\OT1/cmr/m/n/7 ) := \OML/cm
m/m/it/7 Ee[] \OT1/cmr/m/n/7 = \OML/cmm/m/it/7 E []\OT1/cmr/m/n/7 (\OML/cmm/m/i
t/7 tX\OT1/cmr/m/n/7 ) + \OML/cmm/m/it/7 iE []\OT1/cmr/m/n/7 (\OML/cmm/m/it/7 t
X\OT1/cmr/m/n/7 )
[1{/var/lib/texmf/fonts/map/pdftex/updmap/pdftex.map}]
Overfull \hbox (1.05261pt too wide) in paragraph at lines 391--393
[]$  

Overfull \hbox (11.93137pt too wide) in paragraph at lines 397--397
[]$[]$  

Overfull \hbox (12.04247pt too wide) in paragraph at lines 399--399
[]$[]$  

Overfull \hbox (5.48148pt too wide) detected at line 423
\OML/cmm/m/it/7 ^^L[]\OT1/cmr/m/n/7 (\OML/cmm/m/it/7 ^^V[]\OT1/cmr/m/n/7 ) \OMS
/cmsy/m/n/7 ^^T \OML/cmm/m/it/7  \OMS/cmsy/m/n/7 , \OT1/cmr/m/n/7 1 \OMS/cmsy/
m/n/7 ^^@ \OT1/cmr/m/n/7 ^^H [] \OMS/cmsy/m/n/7 ^^T \OML/cmm/m/it/7 

Overfull \hbox (9.4946pt too wide) detected at line 438
\OML/cmm/m/it/7 '\OT1/cmr/m/n/7 (\OML/cmm/m/it/7 x\OT1/cmr/m/n/7 ) = []

Overfull \hbox (16.87354pt too wide) detected at line 447
\OML/cmm/m/it/7 '\OT1/cmr/m/n/7 (\OML/cmm/m/it/7 x\OT1/cmr/m/n/7 ) = []

Overfull \hbox (9.34035pt too wide) detected at line 457
\OML/cmm/m/it/7 P[]\OT1/cmr/m/n/7 ([] \OMS/cmsy/m/n/7 ^^T \OML/cmm/m/it/7 x\OT1
/cmr/m/n/7 ) = \OML/cmm/m/it/7 F[]\OT1/cmr/m/n/7 (\OML/cmm/m/it/7 x\OT1/cmr/m/n
/7 )

Overfull \hbox (18.16368pt too wide) detected at line 464
\OML/cmm/m/it/7 '\OT1/cmr/m/n/7 (\OML/cmm/m/it/7 x\OT1/cmr/m/n/7 ) = []

Overfull \hbox (19.9315pt too wide) detected at line 474
\OML/cmm/m/it/7 '\OT1/cmr/m/n/7 (\OML/cmm/m/it/7 x\OT1/cmr/m/n/7 ) = []
<erwartung.jpg, id=21, 401.5pt x 401.5pt> <use erwartung.jpg>
<klausur.jpg, id=22, 401.5pt x 401.5pt> <use klausur.jpg> [2 <./erwartung.jpg> 
<./klausur.jpg>] (./Stoch1Zettel.aux) )
(see the transcript file for additional information)</usr/share/texlive/texmf-d
ist/fonts/type1/public/amsfonts/cm/cmbx7.pfb></usr/share/texlive/texmf-dist/fon
ts/type1/public/amsfonts/cm/cmbx9.pfb></usr/share/texlive/texmf-dist/fonts/type
1/public/amsfonts/cmextra/cmex7.pfb></usr/share/texlive/texmf-dist/fonts/type1/
public/amsfonts/cm/cmmi5.pfb></usr/share/texlive/texmf-dist/fonts/type1/public/
amsfonts/cm/cmmi7.pfb></usr/share/texlive/texmf-dist/fonts/type1/public/amsfont
s/cm/cmmi9.pfb></usr/share/texlive/texmf-dist/fonts/type1/public/amsfonts/cm/cm
r5.pfb></usr/share/texlive/texmf-dist/fonts/type1/public/amsfonts/cm/cmr7.pfb><
/usr/share/texlive/texmf-dist/fonts/type1/public/amsfonts/cm/cmr9.pfb></usr/sha
re/texlive/texmf-dist/fonts/type1/public/amsfonts/cm/cmsy5.pfb></usr/share/texl
ive/texmf-dist/fonts/type1/public/amsfonts/cm/cmsy7.pfb></usr/share/texlive/tex
mf-dist/fonts/type1/public/amsfonts/cm/cmsy9.pfb></usr/share/texlive/texmf-dist
/fonts/type1/public/amsfonts/cm/cmti7.pfb></usr/share/texlive/texmf-dist/fonts/
type1/public/amsfonts/cm/cmtt8.pfb></usr/share/texlive/texmf-dist/fonts/type1/p
ublic/amsfonts/euler/eufm7.pfb></usr/share/texlive/texmf-dist/fonts/type1/publi
c/amsfonts/symbols/msbm7.pfb>
Output written on Stoch1Zettel.pdf (2 pages, 289606 bytes).
Transcript written on Stoch1Zettel.log.
Result: ExitSuccess

Running /usr/bin/pdflatex Stoch1Zettel.tex in an env with 4 entries:
This is pdfTeX, Version 3.1415926-2.5-1.40.14 (TeX Live 2013/Debian)
 restricted \write18 enabled.
entering extended mode
(data/Stoch1Zettel.tex
LaTeX2e <2011/06/27>
Babel <3.9h> and hyphenation patterns for 78 languages loaded.
(/usr/share/texlive/texmf-dist/tex/latex/base/article.cls
Document Class: article 2007/10/19 v1.4h Standard LaTeX document class
(/usr/share/texlive/texmf-dist/tex/latex/base/size10.clo)) (data/latexki.sty)
(/usr/share/texlive/texmf-dist/tex/generic/babel/babel.sty
(/usr/share/texlive/texmf-dist/tex/generic/babel-german/germanb.ldf
(/usr/share/texlive/texmf-dist/tex/generic/babel/babel.def)))
(/usr/share/texlive/texmf-dist/tex/latex/base/inputenc.sty
(/usr/share/texlive/texmf-dist/tex/latex/base/latin1.def))
(/usr/share/texlive/texmf-dist/tex/latex/amsfonts/amsfonts.sty)
(/usr/share/texlive/texmf-dist/tex/latex/amsfonts/amssymb.sty)
(/usr/share/texlive/texmf-dist/tex/latex/amsmath/amsmath.sty
For additional information on amsmath, use the `?' option.
(/usr/share/texlive/texmf-dist/tex/latex/amsmath/amstext.sty
(/usr/share/texlive/texmf-dist/tex/latex/amsmath/amsgen.sty))
(/usr/share/texlive/texmf-dist/tex/latex/amsmath/amsbsy.sty)
(/usr/share/texlive/texmf-dist/tex/latex/amsmath/amsopn.sty))
(/usr/share/texlive/texmf-dist/tex/latex/mh/mathtools.sty
(/usr/share/texlive/texmf-dist/tex/latex/graphics/keyval.sty)
(/usr/share/texlive/texmf-dist/tex/latex/tools/calc.sty)
(/usr/share/texlive/texmf-dist/tex/latex/mh/mhsetup.sty))
(/usr/share/texlive/texmf-dist/tex/latex/graphics/color.sty
(/usr/share/texlive/texmf-dist/tex/latex/latexconfig/color.cfg)
(/usr/share/texlive/texmf-dist/tex/latex/pdftex-def/pdftex.def
(/usr/share/texlive/texmf-dist/tex/generic/oberdiek/infwarerr.sty)
(/usr/share/texlive/texmf-dist/tex/generic/oberdiek/ltxcmds.sty)))
(/usr/share/texlive/texmf-dist/tex/latex/graphics/graphicx.sty
(/usr/share/texlive/texmf-dist/tex/latex/graphics/graphics.sty
(/usr/share/texlive/texmf-dist/tex/latex/graphics/trig.sty)
(/usr/share/texlive/texmf-dist/tex/latex/latexconfig/graphics.cfg)))
(/usr/share/texlive/texmf-dist/tex/latex/hyperref/hyperref.sty
(/usr/share/texlive/texmf-dist/tex/generic/oberdiek/hobsub-hyperref.sty
(/usr/share/texlive/texmf-dist/tex/generic/oberdiek/hobsub-generic.sty))
(/usr/share/texlive/texmf-dist/tex/generic/ifxetex/ifxetex.sty)
(/usr/share/texlive/texmf-dist/tex/latex/oberdiek/auxhook.sty)
(/usr/share/texlive/texmf-dist/tex/latex/oberdiek/kvoptions.sty)
(/usr/share/texlive/texmf-dist/tex/latex/hyperref/pd1enc.def)
(/usr/share/texlive/texmf-dist/tex/latex/latexconfig/hyperref.cfg)
(/usr/share/texlive/texmf-dist/tex/latex/url/url.sty))

Package hyperref Message: Driver (autodetected): hpdftex.

(/usr/share/texlive/texmf-dist/tex/latex/hyperref/hpdftex.def
(/usr/share/texlive/texmf-dist/tex/latex/oberdiek/rerunfilecheck.sty))
(/usr/share/texlive/texmf-dist/tex/latex/tools/multicol.sty)
(/usr/share/texlive/texmf-dist/tex/latex/svninfo/svninfo.sty
(/usr/share/texlive/texmf-dist/tex/latex/svninfo/svninfo.cfg)
(/usr/share/texlive/texmf-dist/tex/latex/fancyhdr/fancyhdr.sty)
(/usr/share/texlive/texmf-dist/tex/latex/base/ifthen.sty))
(/usr/share/texlive/texmf-dist/tex/latex/geometry/geometry.sty)
(./Stoch1Zettel.aux)
(/usr/share/texlive/texmf-dist/tex/context/base/supp-pdf.mkii
[Loading MPS to PDF converter (version 2006.09.02).]
) (/usr/share/texlive/texmf-dist/tex/latex/oberdiek/epstopdf-base.sty
(/usr/share/texlive/texmf-dist/tex/latex/oberdiek/grfext.sty)
(/usr/share/texlive/texmf-dist/tex/latex/latexconfig/epstopdf-sys.cfg))
(/usr/share/texlive/texmf-dist/tex/latex/hyperref/nameref.sty
(/usr/share/texlive/texmf-dist/tex/generic/oberdiek/gettitlestring.sty))
(./Stoch1Zettel.out) (./Stoch1Zettel.out)
*geometry* driver: auto-detecting
*geometry* detected driver: pdftex
(/usr/share/texlive/texmf-dist/tex/latex/amsfonts/umsa.fd)
(/usr/share/texlive/texmf-dist/tex/latex/amsfonts/umsb.fd)
(/usr/share/texlive/texmf-dist/tex/latex/amsfonts/ueuf.fd)

Package amsmath Warning: Foreign command \atopwithdelims;
(amsmath)                \frac or \genfrac should be used instead
(amsmath)                 on input line 119.


Overfull \hbox (11.06898pt too wide) detected at line 267
[] \OML/cmm/m/it/7 P\OT1/cmr/m/n/7 (\OMS/cmsy/m/n/7 f\OML/cmm/m/it/7 ! \OMS/cms
y/m/n/7 2 \OT1/cmr/m/n/7 
[]\OMS/cmsy/m/n/7 j\OML/cmm/m/it/7 X[]\OT1/cmr/m/n/7 (\OML/cmm/m/it/7 !\OT1/cmr
/m/n/7 ) \OMS/cmsy/m/n/7 ^^@ \OML/cmm/m/it/7 X\OT1/cmr/m/n/7 (\OML/cmm/m/it/7 !
\OT1/cmr/m/n/7 )\OMS/cmsy/m/n/7 j ^^U \OML/cmm/m/it/7 "\OMS/cmsy/m/n/7 g\OT1/cm
r/m/n/7 ) = 0

Overfull \hbox (2.10902pt too wide) detected at line 292
\OML/cmm/m/it/7 P [] \OMS/cmsy/m/n/7 ! \OT1/cmr/m/n/7 ^^H(\OML/cmm/m/it/7 x\OT1
/cmr/m/n/7 )

Overfull \hbox (3.23022pt too wide) detected at line 299
 []$[]  \OML/cmm/m/it/7 P []$ 

Overfull \hbox (16.47375pt too wide) detected at line 305
\OML/cmm/m/it/7 '[]\OT1/cmr/m/n/7 (\OML/cmm/m/it/7 t\OT1/cmr/m/n/7 ) := \OML/cm
m/m/it/7 Ee[] \OT1/cmr/m/n/7 = \OML/cmm/m/it/7 E []\OT1/cmr/m/n/7 (\OML/cmm/m/i
t/7 tX\OT1/cmr/m/n/7 ) + \OML/cmm/m/it/7 iE []\OT1/cmr/m/n/7 (\OML/cmm/m/it/7 t
X\OT1/cmr/m/n/7 )
[1{/var/lib/texmf/fonts/map/pdftex/updmap/pdftex.map}]
Overfull \hbox (1.05261pt too wide) in paragraph at lines 391--393
[]$  

Overfull \hbox (11.93137pt too wide) in paragraph at lines 397--397
[]$[]$  

Overfull \hbox (12.04247pt too wide) in paragraph at lines 399--399
[]$[]$  

Overfull \hbox (5.48148pt too wide) detected at line 423
\OML/cmm/m/it/7 ^^L[]\OT1/cmr/m/n/7 (\OML/cmm/m/it/7 ^^V[]\OT1/cmr/m/n/7 ) \OMS
/cmsy/m/n/7 ^^T \OML/cmm/m/it/7  \OMS/cmsy/m/n/7 , \OT1/cmr/m/n/7 1 \OMS/cmsy/
m/n/7 ^^@ \OT1/cmr/m/n/7 ^^H [] \OMS/cmsy/m/n/7 ^^T \OML/cmm/m/it/7 

Overfull \hbox (9.4946pt too wide) detected at line 438
\OML/cmm/m/it/7 '\OT1/cmr/m/n/7 (\OML/cmm/m/it/7 x\OT1/cmr/m/n/7 ) = []

Overfull \hbox (16.87354pt too wide) detected at line 447
\OML/cmm/m/it/7 '\OT1/cmr/m/n/7 (\OML/cmm/m/it/7 x\OT1/cmr/m/n/7 ) = []

Overfull \hbox (9.34035pt too wide) detected at line 457
\OML/cmm/m/it/7 P[]\OT1/cmr/m/n/7 ([] \OMS/cmsy/m/n/7 ^^T \OML/cmm/m/it/7 x\OT1
/cmr/m/n/7 ) = \OML/cmm/m/it/7 F[]\OT1/cmr/m/n/7 (\OML/cmm/m/it/7 x\OT1/cmr/m/n
/7 )

Overfull \hbox (18.16368pt too wide) detected at line 464
\OML/cmm/m/it/7 '\OT1/cmr/m/n/7 (\OML/cmm/m/it/7 x\OT1/cmr/m/n/7 ) = []

Overfull \hbox (19.9315pt too wide) detected at line 474
\OML/cmm/m/it/7 '\OT1/cmr/m/n/7 (\OML/cmm/m/it/7 x\OT1/cmr/m/n/7 ) = []
<erwartung.jpg, id=21, 401.5pt x 401.5pt> <use erwartung.jpg>
<klausur.jpg, id=22, 401.5pt x 401.5pt> <use klausur.jpg> [2 <./erwartung.jpg> 
<./klausur.jpg>] (./Stoch1Zettel.aux) )
(see the transcript file for additional information)</usr/share/texlive/texmf-d
ist/fonts/type1/public/amsfonts/cm/cmbx7.pfb></usr/share/texlive/texmf-dist/fon
ts/type1/public/amsfonts/cm/cmbx9.pfb></usr/share/texlive/texmf-dist/fonts/type
1/public/amsfonts/cmextra/cmex7.pfb></usr/share/texlive/texmf-dist/fonts/type1/
public/amsfonts/cm/cmmi5.pfb></usr/share/texlive/texmf-dist/fonts/type1/public/
amsfonts/cm/cmmi7.pfb></usr/share/texlive/texmf-dist/fonts/type1/public/amsfont
s/cm/cmmi9.pfb></usr/share/texlive/texmf-dist/fonts/type1/public/amsfonts/cm/cm
r5.pfb></usr/share/texlive/texmf-dist/fonts/type1/public/amsfonts/cm/cmr7.pfb><
/usr/share/texlive/texmf-dist/fonts/type1/public/amsfonts/cm/cmr9.pfb></usr/sha
re/texlive/texmf-dist/fonts/type1/public/amsfonts/cm/cmsy5.pfb></usr/share/texl
ive/texmf-dist/fonts/type1/public/amsfonts/cm/cmsy7.pfb></usr/share/texlive/tex
mf-dist/fonts/type1/public/amsfonts/cm/cmsy9.pfb></usr/share/texlive/texmf-dist
/fonts/type1/public/amsfonts/cm/cmti7.pfb></usr/share/texlive/texmf-dist/fonts/
type1/public/amsfonts/cm/cmtt8.pfb></usr/share/texlive/texmf-dist/fonts/type1/p
ublic/amsfonts/euler/eufm7.pfb></usr/share/texlive/texmf-dist/fonts/type1/publi
c/amsfonts/symbols/msbm7.pfb>
Output written on Stoch1Zettel.pdf (2 pages, 289606 bytes).
Transcript written on Stoch1Zettel.log.
Result: ExitSuccess

Running /usr/bin/convert -verbose Stoch1Zettel.pdf[0] -resize 70x Stoch1Zettel.png in an env with 4 entries:
"gs" -q -dQUIET -dSAFER -dBATCH -dNOPAUSE -dNOPROMPT -dMaxBitmap=500000000 -dAlignToPixels=0 -dGridFitTT=2 "-sDEVICE=pngalpha" -dTextAlphaBits=4 -dGraphicsAlphaBits=4 "-r72x72" -dFirstPage=1 -dLastPage=1 "-sOutputFile=/tmp/magick-MwjWNozm-%08d" "-f/tmp/magick-OljM00Hk" "-f/tmp/magick-gjBgzNQi"
/tmp/magick-MwjWNozm-00000001 PNG 595x842 595x842+0+0 8-bit DirectClass 128KB 0.010u 0:00.019
Stoch1Zettel.pdf[0]=>Stoch1Zettel.pdf PDF 595x842 595x842+0+0 16-bit DirectClass 128KB 0.000u 0:00.000
Stoch1Zettel.pdf[0]=>Stoch1Zettel.png PDF 595x842=>70x99 70x99+0+0 8-bit DirectClass 4.1KB 0.040u 0:00.019
Result: ExitSuccess

Running /usr/bin/optipng -verbose Stoch1Zettel.png in an env with 4 entries:
OptiPNG 0.6.4: Advanced PNG optimizer.
Copyright (C) 2001-2010 Cosmin Truta.

** Processing: Stoch1Zettel.png
70x99 pixels, 2x8 bits/pixel, grayscale+alpha
Reducing image to 8 bits/pixel, 62 colors (61 transparent) in palette
Input IDAT size = 4901 bytes
Input file size = 5196 bytes

Trying:
  zc = 9  zm = 8  zs = 0  f = 0		IDAT size = 4017
  zc = 9  zm = 8  zs = 1  f = 0		IDAT too big
  zc = 1  zm = 8  zs = 2  f = 0		IDAT too big
  zc = 9  zm = 8  zs = 3  f = 0		IDAT size = 3987
  zc = 9  zm = 8  zs = 0  f = 5		IDAT size = 3930
  zc = 9  zm = 8  zs = 1  f = 5		IDAT size = 3696
  zc = 1  zm = 8  zs = 2  f = 5		IDAT too big
  zc = 9  zm = 8  zs = 3  f = 5		IDAT too big

Selecting parameters:
  zc = 9  zm = 8  zs = 1  f = 5		IDAT size = 3696

Output IDAT size = 3696 bytes (1205 bytes decrease)
Output file size = 4261 bytes (935 bytes = 17.99% decrease)

** Status report
1 file(s) have been processed.
Result: ExitSuccess
