This is pdfTeX, Version 3.1415926-2.5-1.40.14 (TeX Live 2013/Debian) (format=pdflatex 2018.8.7)  7 AUG 2018 14:10
entering extended mode
 restricted \write18 enabled.
 %&-line parsing enabled.
**Stochastik1.tex
(data/Stochastik1.tex
LaTeX2e <2011/06/27>
Babel <3.9h> and hyphenation patterns for 78 languages loaded.
(/usr/share/texlive/texmf-dist/tex/latex/base/book.cls
Document Class: book 2007/10/19 v1.4h Standard LaTeX document class
(/usr/share/texlive/texmf-dist/tex/latex/base/bk11.clo
File: bk11.clo 2007/10/19 v1.4h Standard LaTeX file (size option)
)
\c@part=\count79
\c@chapter=\count80
\c@section=\count81
\c@subsection=\count82
\c@subsubsection=\count83
\c@paragraph=\count84
\c@subparagraph=\count85
\c@figure=\count86
\c@table=\count87
\abovecaptionskip=\skip41
\belowcaptionskip=\skip42
\bibindent=\dimen102
) (data/latexki.sty)
(/usr/share/texlive/texmf-dist/tex/latex/amsfonts/amssymb.sty
Package: amssymb 2013/01/14 v3.01 AMS font symbols

(/usr/share/texlive/texmf-dist/tex/latex/amsfonts/amsfonts.sty
Package: amsfonts 2013/01/14 v3.01 Basic AMSFonts support
\@emptytoks=\toks14
\symAMSa=\mathgroup4
\symAMSb=\mathgroup5
LaTeX Font Info:    Overwriting math alphabet `\mathfrak' in version `bold'
(Font)                  U/euf/m/n --> U/euf/b/n on input line 106.
))
(/usr/share/texlive/texmf-dist/tex/latex/amsmath/amsmath.sty
Package: amsmath 2013/01/14 v2.14 AMS math features
\@mathmargin=\skip43

For additional information on amsmath, use the `?' option.
(/usr/share/texlive/texmf-dist/tex/latex/amsmath/amstext.sty
Package: amstext 2000/06/29 v2.01

(/usr/share/texlive/texmf-dist/tex/latex/amsmath/amsgen.sty
File: amsgen.sty 1999/11/30 v2.0
\@emptytoks=\toks15
\ex@=\dimen103
))
(/usr/share/texlive/texmf-dist/tex/latex/amsmath/amsbsy.sty
Package: amsbsy 1999/11/29 v1.2d
\pmbraise@=\dimen104
)
(/usr/share/texlive/texmf-dist/tex/latex/amsmath/amsopn.sty
Package: amsopn 1999/12/14 v2.01 operator names
)
\inf@bad=\count88
LaTeX Info: Redefining \frac on input line 210.
\uproot@=\count89
\leftroot@=\count90
LaTeX Info: Redefining \overline on input line 306.
\classnum@=\count91
\DOTSCASE@=\count92
LaTeX Info: Redefining \ldots on input line 378.
LaTeX Info: Redefining \dots on input line 381.
LaTeX Info: Redefining \cdots on input line 466.
\Mathstrutbox@=\box26
\strutbox@=\box27
\big@size=\dimen105
LaTeX Font Info:    Redeclaring font encoding OML on input line 566.
LaTeX Font Info:    Redeclaring font encoding OMS on input line 567.
\macc@depth=\count93
\c@MaxMatrixCols=\count94
\dotsspace@=\muskip10
\c@parentequation=\count95
\dspbrk@lvl=\count96
\tag@help=\toks16
\row@=\count97
\column@=\count98
\maxfields@=\count99
\andhelp@=\toks17
\eqnshift@=\dimen106
\alignsep@=\dimen107
\tagshift@=\dimen108
\tagwidth@=\dimen109
\totwidth@=\dimen110
\lineht@=\dimen111
\@envbody=\toks18
\multlinegap=\skip44
\multlinetaggap=\skip45
\mathdisplay@stack=\toks19
LaTeX Info: Redefining \[ on input line 2665.
LaTeX Info: Redefining \] on input line 2666.
)
(/usr/share/texlive/texmf-dist/tex/generic/german/ngerman.sty v2.5e 1998-07-08
Package: ngerman 1998/07/08 v2.5e Support for writing german texts (br)
\grmnU@D=\dimen112
ngerman -- \language number for naustrian undefined, default 44 used.
) (/usr/share/texlive/texmf-dist/tex/latex/fancyhdr/fancyhdr.sty
\fancy@headwidth=\skip46
\f@ncyO@elh=\skip47
\f@ncyO@erh=\skip48
\f@ncyO@olh=\skip49
\f@ncyO@orh=\skip50
\f@ncyO@elf=\skip51
\f@ncyO@erf=\skip52
\f@ncyO@olf=\skip53
\f@ncyO@orf=\skip54
)
(/usr/share/texlive/texmf-dist/tex/latex/amsfonts/euscript.sty
Package: euscript 2009/06/22 v3.00 Euler Script fonts
LaTeX Font Info:    Overwriting math alphabet `\EuScript' in version `bold'
(Font)                  U/eus/m/n --> U/eus/b/n on input line 33.
)
(/usr/share/texlive/texmf-dist/tex/latex/base/makeidx.sty
Package: makeidx 2000/03/29 v1.0m Standard LaTeX package
)
(/usr/share/texlive/texmf-dist/tex/latex/hyperref/hyperref.sty
Package: hyperref 2012/11/06 v6.83m Hypertext links for LaTeX

(/usr/share/texlive/texmf-dist/tex/generic/oberdiek/hobsub-hyperref.sty
Package: hobsub-hyperref 2012/05/28 v1.13 Bundle oberdiek, subset hyperref (HO)


(/usr/share/texlive/texmf-dist/tex/generic/oberdiek/hobsub-generic.sty
Package: hobsub-generic 2012/05/28 v1.13 Bundle oberdiek, subset generic (HO)
Package: hobsub 2012/05/28 v1.13 Construct package bundles (HO)
Package: infwarerr 2010/04/08 v1.3 Providing info/warning/error messages (HO)
Package: ltxcmds 2011/11/09 v1.22 LaTeX kernel commands for general use (HO)
Package: ifluatex 2010/03/01 v1.3 Provides the ifluatex switch (HO)
Package ifluatex Info: LuaTeX not detected.
Package: ifvtex 2010/03/01 v1.5 Detect VTeX and its facilities (HO)
Package ifvtex Info: VTeX not detected.
Package: intcalc 2007/09/27 v1.1 Expandable calculations with integers (HO)
Package: ifpdf 2011/01/30 v2.3 Provides the ifpdf switch (HO)
Package ifpdf Info: pdfTeX in PDF mode is detected.
Package: etexcmds 2011/02/16 v1.5 Avoid name clashes with e-TeX commands (HO)
Package etexcmds Info: Could not find \expanded.
(etexcmds)             That can mean that you are not using pdfTeX 1.50 or
(etexcmds)             that some package has redefined \expanded.
(etexcmds)             In the latter case, load this package earlier.
Package: kvsetkeys 2012/04/25 v1.16 Key value parser (HO)
Package: kvdefinekeys 2011/04/07 v1.3 Define keys (HO)
Package: pdftexcmds 2011/11/29 v0.20 Utility functions of pdfTeX for LuaTeX (HO
)
Package pdftexcmds Info: LuaTeX not detected.
Package pdftexcmds Info: \pdf@primitive is available.
Package pdftexcmds Info: \pdf@ifprimitive is available.
Package pdftexcmds Info: \pdfdraftmode found.
Package: pdfescape 2011/11/25 v1.13 Implements pdfTeX's escape features (HO)
Package: bigintcalc 2012/04/08 v1.3 Expandable calculations on big integers (HO
)
Package: bitset 2011/01/30 v1.1 Handle bit-vector datatype (HO)
Package: uniquecounter 2011/01/30 v1.2 Provide unlimited unique counter (HO)
)
Package hobsub Info: Skipping package `hobsub' (already loaded).
Package: letltxmacro 2010/09/02 v1.4 Let assignment for LaTeX macros (HO)
Package: hopatch 2012/05/28 v1.2 Wrapper for package hooks (HO)
Package: xcolor-patch 2011/01/30 xcolor patch
Package: atveryend 2011/06/30 v1.8 Hooks at the very end of document (HO)
Package atveryend Info: \enddocument detected (standard20110627).
Package: atbegshi 2011/10/05 v1.16 At begin shipout hook (HO)
Package: refcount 2011/10/16 v3.4 Data extraction from label references (HO)
Package: hycolor 2011/01/30 v1.7 Color options for hyperref/bookmark (HO)
)
(/usr/share/texlive/texmf-dist/tex/latex/graphics/keyval.sty
Package: keyval 1999/03/16 v1.13 key=value parser (DPC)
\KV@toks@=\toks20
)
(/usr/share/texlive/texmf-dist/tex/generic/ifxetex/ifxetex.sty
Package: ifxetex 2010/09/12 v0.6 Provides ifxetex conditional
)
(/usr/share/texlive/texmf-dist/tex/latex/oberdiek/auxhook.sty
Package: auxhook 2011/03/04 v1.3 Hooks for auxiliary files (HO)
)
(/usr/share/texlive/texmf-dist/tex/latex/oberdiek/kvoptions.sty
Package: kvoptions 2011/06/30 v3.11 Key value format for package options (HO)
)
\@linkdim=\dimen113
\Hy@linkcounter=\count100
\Hy@pagecounter=\count101

(/usr/share/texlive/texmf-dist/tex/latex/hyperref/pd1enc.def
File: pd1enc.def 2012/11/06 v6.83m Hyperref: PDFDocEncoding definition (HO)
)
\Hy@SavedSpaceFactor=\count102

(/usr/share/texlive/texmf-dist/tex/latex/latexconfig/hyperref.cfg
File: hyperref.cfg 2002/06/06 v1.2 hyperref configuration of TeXLive
)
Package hyperref Info: Hyper figures OFF on input line 4443.
Package hyperref Info: Link nesting OFF on input line 4448.
Package hyperref Info: Hyper index ON on input line 4451.
Package hyperref Info: Plain pages OFF on input line 4458.
Package hyperref Info: Backreferencing OFF on input line 4463.
Package hyperref Info: Implicit mode ON; LaTeX internals redefined.
Package hyperref Info: Bookmarks ON on input line 4688.
\c@Hy@tempcnt=\count103

(/usr/share/texlive/texmf-dist/tex/latex/url/url.sty
\Urlmuskip=\muskip11
Package: url 2013/09/16  ver 3.4  Verb mode for urls, etc.
)
LaTeX Info: Redefining \url on input line 5041.
\XeTeXLinkMargin=\dimen114
\Fld@menulength=\count104
\Field@Width=\dimen115
\Fld@charsize=\dimen116
Package hyperref Info: Hyper figures OFF on input line 6295.
Package hyperref Info: Link nesting OFF on input line 6300.
Package hyperref Info: Hyper index ON on input line 6303.
Package hyperref Info: backreferencing OFF on input line 6310.
Package hyperref Info: Link coloring OFF on input line 6315.
Package hyperref Info: Link coloring with OCG OFF on input line 6320.
Package hyperref Info: PDF/A mode OFF on input line 6325.
LaTeX Info: Redefining \ref on input line 6365.
LaTeX Info: Redefining \pageref on input line 6369.
\Hy@abspage=\count105
\c@Item=\count106
\c@Hfootnote=\count107
)

Package hyperref Message: Driver (autodetected): hpdftex.

(/usr/share/texlive/texmf-dist/tex/latex/hyperref/hpdftex.def
File: hpdftex.def 2012/11/06 v6.83m Hyperref driver for pdfTeX
\Fld@listcount=\count108
\c@bookmark@seq@number=\count109

(/usr/share/texlive/texmf-dist/tex/latex/oberdiek/rerunfilecheck.sty
Package: rerunfilecheck 2011/04/15 v1.7 Rerun checks for auxiliary files (HO)
Package uniquecounter Info: New unique counter `rerunfilecheck' on input line 2
82.
)
\Hy@SectionHShift=\skip55
)
(/usr/share/texlive/texmf-dist/tex/latex/ntheorem/ntheorem.sty
Style `ntheorem', Version 1.33 <2011/08/15>
Package: ntheorem 2011/08/15 1.33
(/usr/share/texlive/texmf-dist/tex/latex/base/ifthen.sty
Package: ifthen 2001/05/26 v1.1c Standard LaTeX ifthen package (DPC)
)
\theorem@style=\toks21
\theorem@@style=\toks22
\theorembodyfont=\toks23
\theoremnumbering=\toks24
\theorempreskipamount=\skip56
\theorempostskipamount=\skip57
\theoremframepreskipamount=\skip58
\theoremframepostskipamount=\skip59
\theoreminframepreskipamount=\skip60
\theoreminframepostskipamount=\skip61
\theorem@preskip=\toks25
\theorem@postskip=\toks26
\theorem@framepreskip=\toks27
\theorem@framepostskip=\toks28
\theorem@inframepreskip=\toks29
\theorem@inframepostskip=\toks30
\theoremindent=\dimen117
\theorem@indent=\dimen118
\theoremrightindent=\dimen119
\theorem@rightindent=\dimen120
\theoremheaderfont=\toks31
\theoremseparator=\toks32
\theoremprework=\toks33
\theorempostwork=\toks34
\theoremsymbol=\toks35
\qedsymbol=\toks36
\theoremkeyword=\toks37
\qedsymbol=\toks38
\thm@topsep=\skip62
\thm@topsepadd=\skip63
Package ntheorem Info: Option `thmmarks' loaded on input line 1175.
\c@endNonectr=\count110
\c@currNonectr=\count111
\mysavskip=\skip64
Package ntheorem Info: option `amsmath' handling for `thmmarks' loaded on input
 line 1175.
\thm@amstmpdepth=\dimen121
\tagwidth=\dimen122
)
(/usr/share/texlive/texmf-dist/tex/latex/tools/enumerate.sty
Package: enumerate 1999/03/05 v3.00 enumerate extensions (DPC)
\@enLab=\toks39
)
(/usr/share/texlive/texmf-dist/tex/latex/mh/mathtools.sty
Package: mathtools 2013/02/12 v1.13 mathematical typesetting tools

(/usr/share/texlive/texmf-dist/tex/latex/tools/calc.sty
Package: calc 2007/08/22 v4.3 Infix arithmetic (KKT,FJ)
\calc@Acount=\count112
\calc@Bcount=\count113
\calc@Adimen=\dimen123
\calc@Bdimen=\dimen124
\calc@Askip=\skip65
\calc@Bskip=\skip66
LaTeX Info: Redefining \setlength on input line 76.
LaTeX Info: Redefining \addtolength on input line 77.
\calc@Ccount=\count114
\calc@Cskip=\skip67
)
(/usr/share/texlive/texmf-dist/tex/latex/mh/mhsetup.sty
Package: mhsetup 2010/01/21 v1.2a programming setup (MH)
)
LaTeX Info: Thecontrolsequence`\['isalreadyrobust on input line 129.
LaTeX Info: Thecontrolsequence`\]'isalreadyrobust on input line 129.
\g_MT_multlinerow_int=\count115
\l_MT_multwidth_dim=\dimen125
\origjot=\skip68
\l_MT_shortvdotswithinadjustabove_dim=\dimen126
\l_MT_shortvdotswithinadjustbelow_dim=\dimen127
\l_MT_above_intertext_sep=\dimen128
\l_MT_below_intertext_sep=\dimen129
\l_MT_above_shortintertext_sep=\dimen130
\l_MT_below_shortintertext_sep=\dimen131
)
(/usr/share/texlive/texmf-dist/tex/latex/base/inputenc.sty
Package: inputenc 2008/03/30 v1.1d Input encoding file
\inpenc@prehook=\toks40
\inpenc@posthook=\toks41

(/usr/share/texlive/texmf-dist/tex/latex/base/utf8.def
File: utf8.def 2008/04/05 v1.1m UTF-8 support for inputenc
Now handling font encoding OML ...
... no UTF-8 mapping file for font encoding OML
Now handling font encoding T1 ...
... processing UTF-8 mapping file for font encoding T1

(/usr/share/texlive/texmf-dist/tex/latex/base/t1enc.dfu
File: t1enc.dfu 2008/04/05 v1.1m UTF-8 support for inputenc
   defining Unicode char U+00A1 (decimal 161)
   defining Unicode char U+00A3 (decimal 163)
   defining Unicode char U+00AB (decimal 171)
   defining Unicode char U+00BB (decimal 187)
   defining Unicode char U+00BF (decimal 191)
   defining Unicode char U+00C0 (decimal 192)
   defining Unicode char U+00C1 (decimal 193)
   defining Unicode char U+00C2 (decimal 194)
   defining Unicode char U+00C3 (decimal 195)
   defining Unicode char U+00C4 (decimal 196)
   defining Unicode char U+00C5 (decimal 197)
   defining Unicode char U+00C6 (decimal 198)
   defining Unicode char U+00C7 (decimal 199)
   defining Unicode char U+00C8 (decimal 200)
   defining Unicode char U+00C9 (decimal 201)
   defining Unicode char U+00CA (decimal 202)
   defining Unicode char U+00CB (decimal 203)
   defining Unicode char U+00CC (decimal 204)
   defining Unicode char U+00CD (decimal 205)
   defining Unicode char U+00CE (decimal 206)
   defining Unicode char U+00CF (decimal 207)
   defining Unicode char U+00D0 (decimal 208)
   defining Unicode char U+00D1 (decimal 209)
   defining Unicode char U+00D2 (decimal 210)
   defining Unicode char U+00D3 (decimal 211)
   defining Unicode char U+00D4 (decimal 212)
   defining Unicode char U+00D5 (decimal 213)
   defining Unicode char U+00D6 (decimal 214)
   defining Unicode char U+00D8 (decimal 216)
   defining Unicode char U+00D9 (decimal 217)
   defining Unicode char U+00DA (decimal 218)
   defining Unicode char U+00DB (decimal 219)
   defining Unicode char U+00DC (decimal 220)
   defining Unicode char U+00DD (decimal 221)
   defining Unicode char U+00DE (decimal 222)
   defining Unicode char U+00DF (decimal 223)
   defining Unicode char U+00E0 (decimal 224)
   defining Unicode char U+00E1 (decimal 225)
   defining Unicode char U+00E2 (decimal 226)
   defining Unicode char U+00E3 (decimal 227)
   defining Unicode char U+00E4 (decimal 228)
   defining Unicode char U+00E5 (decimal 229)
   defining Unicode char U+00E6 (decimal 230)
   defining Unicode char U+00E7 (decimal 231)
   defining Unicode char U+00E8 (decimal 232)
   defining Unicode char U+00E9 (decimal 233)
   defining Unicode char U+00EA (decimal 234)
   defining Unicode char U+00EB (decimal 235)
   defining Unicode char U+00EC (decimal 236)
   defining Unicode char U+00ED (decimal 237)
   defining Unicode char U+00EE (decimal 238)
   defining Unicode char U+00EF (decimal 239)
   defining Unicode char U+00F0 (decimal 240)
   defining Unicode char U+00F1 (decimal 241)
   defining Unicode char U+00F2 (decimal 242)
   defining Unicode char U+00F3 (decimal 243)
   defining Unicode char U+00F4 (decimal 244)
   defining Unicode char U+00F5 (decimal 245)
   defining Unicode char U+00F6 (decimal 246)
   defining Unicode char U+00F8 (decimal 248)
   defining Unicode char U+00F9 (decimal 249)
   defining Unicode char U+00FA (decimal 250)
   defining Unicode char U+00FB (decimal 251)
   defining Unicode char U+00FC (decimal 252)
   defining Unicode char U+00FD (decimal 253)
   defining Unicode char U+00FE (decimal 254)
   defining Unicode char U+00FF (decimal 255)
   defining Unicode char U+0102 (decimal 258)
   defining Unicode char U+0103 (decimal 259)
   defining Unicode char U+0104 (decimal 260)
   defining Unicode char U+0105 (decimal 261)
   defining Unicode char U+0106 (decimal 262)
   defining Unicode char U+0107 (decimal 263)
   defining Unicode char U+010C (decimal 268)
   defining Unicode char U+010D (decimal 269)
   defining Unicode char U+010E (decimal 270)
   defining Unicode char U+010F (decimal 271)
   defining Unicode char U+0110 (decimal 272)
   defining Unicode char U+0111 (decimal 273)
   defining Unicode char U+0118 (decimal 280)
   defining Unicode char U+0119 (decimal 281)
   defining Unicode char U+011A (decimal 282)
   defining Unicode char U+011B (decimal 283)
   defining Unicode char U+011E (decimal 286)
   defining Unicode char U+011F (decimal 287)
   defining Unicode char U+0130 (decimal 304)
   defining Unicode char U+0131 (decimal 305)
   defining Unicode char U+0132 (decimal 306)
   defining Unicode char U+0133 (decimal 307)
   defining Unicode char U+0139 (decimal 313)
   defining Unicode char U+013A (decimal 314)
   defining Unicode char U+013D (decimal 317)
   defining Unicode char U+013E (decimal 318)
   defining Unicode char U+0141 (decimal 321)
   defining Unicode char U+0142 (decimal 322)
   defining Unicode char U+0143 (decimal 323)
   defining Unicode char U+0144 (decimal 324)
   defining Unicode char U+0147 (decimal 327)
   defining Unicode char U+0148 (decimal 328)
   defining Unicode char U+014A (decimal 330)
   defining Unicode char U+014B (decimal 331)
   defining Unicode char U+0150 (decimal 336)
   defining Unicode char U+0151 (decimal 337)
   defining Unicode char U+0152 (decimal 338)
   defining Unicode char U+0153 (decimal 339)
   defining Unicode char U+0154 (decimal 340)
   defining Unicode char U+0155 (decimal 341)
   defining Unicode char U+0158 (decimal 344)
   defining Unicode char U+0159 (decimal 345)
   defining Unicode char U+015A (decimal 346)
   defining Unicode char U+015B (decimal 347)
   defining Unicode char U+015E (decimal 350)
   defining Unicode char U+015F (decimal 351)
   defining Unicode char U+0160 (decimal 352)
   defining Unicode char U+0161 (decimal 353)
   defining Unicode char U+0162 (decimal 354)
   defining Unicode char U+0163 (decimal 355)
   defining Unicode char U+0164 (decimal 356)
   defining Unicode char U+0165 (decimal 357)
   defining Unicode char U+016E (decimal 366)
   defining Unicode char U+016F (decimal 367)
   defining Unicode char U+0170 (decimal 368)
   defining Unicode char U+0171 (decimal 369)
   defining Unicode char U+0178 (decimal 376)
   defining Unicode char U+0179 (decimal 377)
   defining Unicode char U+017A (decimal 378)
   defining Unicode char U+017B (decimal 379)
   defining Unicode char U+017C (decimal 380)
   defining Unicode char U+017D (decimal 381)
   defining Unicode char U+017E (decimal 382)
   defining Unicode char U+200C (decimal 8204)
   defining Unicode char U+2013 (decimal 8211)
   defining Unicode char U+2014 (decimal 8212)
   defining Unicode char U+2018 (decimal 8216)
   defining Unicode char U+2019 (decimal 8217)
   defining Unicode char U+201A (decimal 8218)
   defining Unicode char U+201C (decimal 8220)
   defining Unicode char U+201D (decimal 8221)
   defining Unicode char U+201E (decimal 8222)
   defining Unicode char U+2030 (decimal 8240)
   defining Unicode char U+2031 (decimal 8241)
   defining Unicode char U+2039 (decimal 8249)
   defining Unicode char U+203A (decimal 8250)
   defining Unicode char U+2423 (decimal 9251)
)
Now handling font encoding OT1 ...
... processing UTF-8 mapping file for font encoding OT1

(/usr/share/texlive/texmf-dist/tex/latex/base/ot1enc.dfu
File: ot1enc.dfu 2008/04/05 v1.1m UTF-8 support for inputenc
   defining Unicode char U+00A1 (decimal 161)
   defining Unicode char U+00A3 (decimal 163)
   defining Unicode char U+00B8 (decimal 184)
   defining Unicode char U+00BF (decimal 191)
   defining Unicode char U+00C5 (decimal 197)
   defining Unicode char U+00C6 (decimal 198)
   defining Unicode char U+00D8 (decimal 216)
   defining Unicode char U+00DF (decimal 223)
   defining Unicode char U+00E6 (decimal 230)
   defining Unicode char U+00EC (decimal 236)
   defining Unicode char U+00ED (decimal 237)
   defining Unicode char U+00EE (decimal 238)
   defining Unicode char U+00EF (decimal 239)
   defining Unicode char U+00F8 (decimal 248)
   defining Unicode char U+0131 (decimal 305)
   defining Unicode char U+0141 (decimal 321)
   defining Unicode char U+0142 (decimal 322)
   defining Unicode char U+0152 (decimal 338)
   defining Unicode char U+0153 (decimal 339)
   defining Unicode char U+2013 (decimal 8211)
   defining Unicode char U+2014 (decimal 8212)
   defining Unicode char U+2018 (decimal 8216)
   defining Unicode char U+2019 (decimal 8217)
   defining Unicode char U+201C (decimal 8220)
   defining Unicode char U+201D (decimal 8221)
)
Now handling font encoding OMS ...
... processing UTF-8 mapping file for font encoding OMS

(/usr/share/texlive/texmf-dist/tex/latex/base/omsenc.dfu
File: omsenc.dfu 2008/04/05 v1.1m UTF-8 support for inputenc
   defining Unicode char U+00A7 (decimal 167)
   defining Unicode char U+00B6 (decimal 182)
   defining Unicode char U+00B7 (decimal 183)
   defining Unicode char U+2020 (decimal 8224)
   defining Unicode char U+2021 (decimal 8225)
   defining Unicode char U+2022 (decimal 8226)
)
Now handling font encoding OMX ...
... no UTF-8 mapping file for font encoding OMX
Now handling font encoding U ...
... no UTF-8 mapping file for font encoding U
Now handling font encoding PD1 ...
... no UTF-8 mapping file for font encoding PD1
   defining Unicode char U+00A9 (decimal 169)
   defining Unicode char U+00AA (decimal 170)
   defining Unicode char U+00AE (decimal 174)
   defining Unicode char U+00BA (decimal 186)
   defining Unicode char U+02C6 (decimal 710)
   defining Unicode char U+02DC (decimal 732)
   defining Unicode char U+200C (decimal 8204)
   defining Unicode char U+2026 (decimal 8230)
   defining Unicode char U+2122 (decimal 8482)
   defining Unicode char U+2423 (decimal 9251)
))
\c@currDefctr=\count116
\c@endDefctr=\count117
\c@Def=\count118
\c@currSactr=\count119
\c@endSactr=\count120
\c@Sa=\count121
\c@currLemctr=\count122
\c@endLemctr=\count123
\c@currKorctr=\count124
\c@endKorctr=\count125
\c@currBspctr=\count126
\c@endBspctr=\count127
\c@Bsp=\count128
\c@currBemctr=\count129
\c@endBemctr=\count130
\c@Bem=\count131
\c@currBewctr=\count132
\c@endBewctr=\count133
\c@Bew=\count134
\@indexfile=\write3
\openout3 = `Stochastik1.idx'.


Writing index file Stochastik1.idx
(./Stochastik1.aux)
\openout1 = `Stochastik1.aux'.

LaTeX Font Info:    Checking defaults for OML/cmm/m/it on input line 98.
LaTeX Font Info:    ... okay on input line 98.
LaTeX Font Info:    Checking defaults for T1/cmr/m/n on input line 98.
LaTeX Font Info:    ... okay on input line 98.
LaTeX Font Info:    Checking defaults for OT1/cmr/m/n on input line 98.
LaTeX Font Info:    ... okay on input line 98.
LaTeX Font Info:    Checking defaults for OMS/cmsy/m/n on input line 98.
LaTeX Font Info:    ... okay on input line 98.
LaTeX Font Info:    Checking defaults for OMX/cmex/m/n on input line 98.
LaTeX Font Info:    ... okay on input line 98.
LaTeX Font Info:    Checking defaults for U/cmr/m/n on input line 98.
LaTeX Font Info:    ... okay on input line 98.
LaTeX Font Info:    Checking defaults for PD1/pdf/m/n on input line 98.
LaTeX Font Info:    ... okay on input line 98.
\AtBeginShipoutBox=\box28
Package hyperref Info: Link coloring OFF on input line 98.

(/usr/share/texlive/texmf-dist/tex/latex/hyperref/nameref.sty
Package: nameref 2012/10/27 v2.43 Cross-referencing by name of section

(/usr/share/texlive/texmf-dist/tex/generic/oberdiek/gettitlestring.sty
Package: gettitlestring 2010/12/03 v1.4 Cleanup title references (HO)
)
\c@section@level=\count135
)
LaTeX Info: Redefining \ref on input line 98.
LaTeX Info: Redefining \pageref on input line 98.
LaTeX Info: Redefining \nameref on input line 98.

(./Stochastik1.out) (./Stochastik1.out)
\@outlinefile=\write4
\openout4 = `Stochastik1.out'.


(/usr/share/texlive/texmf-dist/tex/latex/graphics/graphicx.sty
Package: graphicx 1999/02/16 v1.0f Enhanced LaTeX Graphics (DPC,SPQR)

(/usr/share/texlive/texmf-dist/tex/latex/graphics/graphics.sty
Package: graphics 2009/02/05 v1.0o Standard LaTeX Graphics (DPC,SPQR)

(/usr/share/texlive/texmf-dist/tex/latex/graphics/trig.sty
Package: trig 1999/03/16 v1.09 sin cos tan (DPC)
)
(/usr/share/texlive/texmf-dist/tex/latex/latexconfig/graphics.cfg
File: graphics.cfg 2010/04/23 v1.9 graphics configuration of TeX Live
)
Package graphics Info: Driver file: pdftex.def on input line 91.

(/usr/share/texlive/texmf-dist/tex/latex/pdftex-def/pdftex.def
File: pdftex.def 2011/05/27 v0.06d Graphics/color for pdfTeX
\Gread@gobject=\count136

(/usr/share/texlive/texmf-dist/tex/context/base/supp-pdf.mkii
[Loading MPS to PDF converter (version 2006.09.02).]
\scratchcounter=\count137
\scratchdimen=\dimen132
\scratchbox=\box29
\nofMPsegments=\count138
\nofMParguments=\count139
\everyMPshowfont=\toks42
\MPscratchCnt=\count140
\MPscratchDim=\dimen133
\MPnumerator=\count141
\makeMPintoPDFobject=\count142
\everyMPtoPDFconversion=\toks43
))) (/usr/share/texlive/texmf-dist/tex/latex/oberdiek/epstopdf-base.sty
Package: epstopdf-base 2010/02/09 v2.5 Base part for package epstopdf

(/usr/share/texlive/texmf-dist/tex/latex/oberdiek/grfext.sty
Package: grfext 2010/08/19 v1.1 Manage graphics extensions (HO)
)
Package grfext Info: Graphics extension search list:
(grfext)             [.png,.pdf,.jpg,.mps,.jpeg,.jbig2,.jb2,.PNG,.PDF,.JPG,.JPE
G,.JBIG2,.JB2,.eps]
(grfext)             \AppendGraphicsExtensions on input line 452.

(/usr/share/texlive/texmf-dist/tex/latex/latexconfig/epstopdf-sys.cfg
File: epstopdf-sys.cfg 2010/07/13 v1.3 Configuration of (r)epstopdf for TeX Liv
e
))
\Gin@req@height=\dimen134
\Gin@req@width=\dimen135
)
LaTeX Font Info:    Try loading font information for U+msa on input line 102.

(/usr/share/texlive/texmf-dist/tex/latex/amsfonts/umsa.fd
File: umsa.fd 2013/01/14 v3.01 AMS symbols A
)
LaTeX Font Info:    Try loading font information for U+msb on input line 102.

(/usr/share/texlive/texmf-dist/tex/latex/amsfonts/umsb.fd
File: umsb.fd 2013/01/14 v3.01 AMS symbols B
)
Overfull \hbox (12.672pt too wide) in paragraph at lines 102--102
 [][] 
 []

[1


{/var/lib/texmf/fonts/map/pdftex/updmap/pdftex.map}] [2

] (./Stochastik1.toc
[3])
\tf@toc=\write5
\openout5 = `Stochastik1.toc'.

 [4]
Kapitel 1.
LaTeX Font Info:    Try loading font information for OMS+cmr on input line 113.

(/usr/share/texlive/texmf-dist/tex/latex/base/omscmr.fd
File: omscmr.fd 1999/05/25 v2.5h Standard LaTeX font definitions
)
LaTeX Font Info:    Font shape `OMS/cmr/m/n' in size <10.95> not available
(Font)              Font shape `OMS/cmsy/m/n' tried instead on input line 113.
Package hyperref Info: bookmark level for unknown Bsp defaults to 0 on input li
ne 116.

Underfull \hbox (badness 10000) in paragraph at lines 116--117

 []

Package hyperref Info: bookmark level for unknown Def defaults to 0 on input li
ne 127.

Underfull \hbox (badness 10000) in paragraph at lines 127--128

 []


Underfull \hbox (badness 10000) in paragraph at lines 129--136

 []

pdfTeX warning (ext4): destination with the same identifier (name{page.1}) has 
been already used, duplicate ignored
<to be read again> 
                   \relax 
l.138 \end{itemize}
                    [1

]
LaTeX Font Info:    Try loading font information for U+eus on input line 150.

(/usr/share/texlive/texmf-dist/tex/latex/amsfonts/ueus.fd
File: ueus.fd 2013/01/14 v3.01 Euler Script
)
Underfull \hbox (badness 10000) in paragraph at lines 153--154

 []

Package hyperref Info: bookmark level for unknown Bem defaults to 0 on input li
ne 168.

Underfull \hbox (badness 10000) in paragraph at lines 168--169

 []


Underfull \hbox (badness 10000) in paragraph at lines 177--178

 []


Underfull \hbox (badness 10000) in paragraph at lines 178--179

 []

pdfTeX warning (ext4): destination with the same identifier (name{page.2}) has 
been already used, duplicate ignored
<to be read again> 
                   \relax 
l.180 \end{Def}
                [2]
Underfull \hbox (badness 10000) in paragraph at lines 183--184

 []

Package hyperref Info: bookmark level for unknown Lem defaults to 0 on input li
ne 192.

Underfull \hbox (badness 10000) in paragraph at lines 194--195

 []


Underfull \hbox (badness 10000) in paragraph at lines 196--197

 []


Underfull \hbox (badness 10000) in paragraph at lines 201--202

 []

Package hyperref Info: bookmark level for unknown Bew defaults to 0 on input li
ne 209.
pdfTeX warning (ext4): destination with the same identifier (name{page.3}) has 
been already used, duplicate ignored
<to be read again> 
                   \relax 
l.218 
       [3]
Package hyperref Info: bookmark level for unknown Sa defaults to 0 on input lin
e 242.

Overfull \hbox (2.65424pt too wide) detected at line 247
[]\OML/cmm/m/it/10.95 P\OT1/cmr/m/n/10.95 ([] \OML/cmm/m/it/10.95 A[]\OT1/cmr/m
/n/10.95 ) = [](\OML/cmm/m/it/10.95 P\OT1/cmr/m/n/10.95 (\OML/cmm/m/it/10.95 A[
]\OT1/cmr/m/n/10.95 )) [] \OML/cmm/m/it/10.95 A[] [] A[]
 []

pdfTeX warning (ext4): destination with the same identifier (name{page.4}) has 
been already used, duplicate ignored
<to be read again> 
                   \relax 
l.249 ...k=1}^{n}P(A_k)\qquad \forall\, n \in \N\]
                                                   [4]
Overfull \hbox (16.91014pt too wide) detected at line 265
[]
 []


Underfull \hbox (badness 10000) in paragraph at lines 269--271

 []


Underfull \hbox (badness 10000) in paragraph at lines 274--275

 []


Underfull \hbox (badness 10000) in paragraph at lines 287--288

 []

[5]
Underfull \hbox (badness 10000) in paragraph at lines 289--290

 []


Underfull \hbox (badness 10000) in paragraph at lines 291--292

 []


Underfull \hbox (badness 10000) in paragraph at lines 301--302

 []


Overfull \hbox (18.8697pt too wide) detected at line 302
[] \OML/cmm/m/it/10.95 P\OT1/cmr/m/n/10.95 (\OML/cmm/m/it/10.95 A[]\OT1/cmr/m/n
/10.95 ) = [] 1 \OMS/cmsy/m/n/10.95 ^^@ \OML/cmm/m/it/10.95 P\OT1/cmr/m/n/10.95
 (\OML/cmm/m/it/10.95 A[]\OT1/cmr/m/n/10.95 ) = 1 \OMS/cmsy/m/n/10.95 ^^@ [] \O
ML/cmm/m/it/10.95 P\OT1/cmr/m/n/10.95 (\OML/cmm/m/it/10.95 A[]\OT1/cmr/m/n/10.9
5 ) [] 1 \OMS/cmsy/m/n/10.95 ^^@ \OML/cmm/m/it/10.95 P\OT1/cmr/m/n/10.95 ([] \O
ML/cmm/m/it/10.95 A[]\OT1/cmr/m/n/10.95 ) [] \OML/cmm/m/it/10.95 P\OT1/cmr/m/n/
10.95 ([] \OML/cmm/m/it/10.95 A[]\OT1/cmr/m/n/10.95 )
 []


Underfull \hbox (badness 10000) in paragraph at lines 305--306

 []

[6]
Kapitel 2.

Overfull \hbox (4.45535pt too wide) in paragraph at lines 343--344
[]\OT1/cmr/m/it/10.95 Die An-zahl der Per-mu-ta-tio-nen von $\OML/cmm/m/it/10.9
5 n$ \OT1/cmr/m/it/10.95 Ob-jek-ten mit je-weils $\OML/cmm/m/it/10.95 n[]; n[];
 [] ; n[]$
 []

[7

] [8]

Package amsmath Warning: Foreign command \atopwithdelims;
(amsmath)                \frac or \genfrac should be used instead
(amsmath)                 on input line 393.


Underfull \vbox (badness 2351) has occurred while \output is active []

 [9]
Underfull \hbox (badness 10000) in paragraph at lines 441--443

 []

[10] [11] [12

]
Kapitel 3.
[13]
Underfull \hbox (badness 10000) in paragraph at lines 544--546

 []


Package Fancyhdr Warning: \headheight is too small (14.0pt): 
 Make it at least 25.16252pt.
 We now make it that large for the rest of the document.
 This may cause the page layout to be inconsistent, however.

[14]
Underfull \hbox (badness 10000) in paragraph at lines 577--578

 []


Underfull \hbox (badness 10000) in paragraph at lines 585--586

 []

[15]

Package Fancyhdr Warning: \headheight is too small (14.0pt): 
 Make it at least 25.16252pt.
 We now make it that large for the rest of the document.
 This may cause the page layout to be inconsistent, however.

[16]
Kapitel 4.

Underfull \hbox (badness 10000) in paragraph at lines 606--614

 []


Underfull \hbox (badness 10000) in paragraph at lines 631--635

 []

[17

]
Underfull \hbox (badness 10000) in paragraph at lines 636--637

 []


Overfull \hbox (12.6686pt too wide) detected at line 637
\OT1/cmr/m/n/10.95 1 [] \OML/cmm/m/it/10.95 P\OT1/cmr/m/n/10.95 ([0\OML/cmm/m/i
t/10.95 ; \OT1/cmr/m/n/10.95 1)) [] \OML/cmm/m/it/10.95 P\OT1/cmr/m/n/10.95 ([]
(\OML/cmm/m/it/10.95 x \OT1/cmr/m/n/10.95 + \OML/cmm/m/it/10.95 A\OT1/cmr/m/n/1
0.95 )) [] [] \OML/cmm/m/it/10.95 P\OT1/cmr/m/n/10.95 (\OML/cmm/m/it/10.95 x \O
T1/cmr/m/n/10.95 + \OML/cmm/m/it/10.95 A\OT1/cmr/m/n/10.95 ) [] [] \OML/cmm/m/i
t/10.95 P\OT1/cmr/m/n/10.95 (\OML/cmm/m/it/10.95 A\OT1/cmr/m/n/10.95 )
 []


Underfull \hbox (badness 10000) in paragraph at lines 647--648

 []

LaTeX Font Info:    Try loading font information for U+euf on input line 657.
(/usr/share/texlive/texmf-dist/tex/latex/amsfonts/ueuf.fd
File: ueuf.fd 2013/01/14 v3.01 Euler Fraktur
)
Underfull \hbox (badness 10000) in paragraph at lines 660--661

 []

[18]
Underfull \hbox (badness 10000) in paragraph at lines 698--699

 []

[19] [20

]
Kapitel 5.

Underfull \hbox (badness 10000) in paragraph at lines 733--736

 []


Underfull \hbox (badness 10000) in paragraph at lines 742--745

 []

[21]
Underfull \hbox (badness 10000) in paragraph at lines 767--768

 []


Underfull \hbox (badness 10000) in paragraph at lines 775--776

 []


Package Fancyhdr Warning: \headheight is too small (14.0pt): 
 Make it at least 25.16252pt.
 We now make it that large for the rest of the document.
 This may cause the page layout to be inconsistent, however.

[22]
Underfull \hbox (badness 10000) in paragraph at lines 834--835

 []


Underfull \hbox (badness 10000) in paragraph at lines 839--840

 []


Overfull \hbox (46.1865pt too wide) detected at line 840
\OML/cmm/m/it/10.95 P[]\OT1/cmr/m/n/10.95 ([] \OML/cmm/m/it/10.95 B[]\OT1/cmr/m
/n/10.95 ) = \OML/cmm/m/it/10.95 P\OT1/cmr/m/n/10.95 (\OML/cmm/m/it/10.95 X[]\O
T1/cmr/m/n/10.95 ([] \OML/cmm/m/it/10.95 B[]\OT1/cmr/m/n/10.95 )) = \OML/cmm/m/
it/10.95 P\OT1/cmr/m/n/10.95 ([] \OML/cmm/m/it/10.95 X[]\OT1/cmr/m/n/10.95 (\OM
L/cmm/m/it/10.95 B[]\OT1/cmr/m/n/10.95 )) = [] \OML/cmm/m/it/10.95 P\OT1/cmr/m/
n/10.95 (\OML/cmm/m/it/10.95 X[]\OT1/cmr/m/n/10.95 (\OML/cmm/m/it/10.95 B[]\OT1
/cmr/m/n/10.95 )) = [] \OML/cmm/m/it/10.95 P[]\OT1/cmr/m/n/10.95 (\OML/cmm/m/it
/10.95 B[]\OT1/cmr/m/n/10.95 )
 []

[23]
Underfull \hbox (badness 10000) in paragraph at lines 891--892

 []


Underfull \hbox (badness 10000) in paragraph at lines 898--899

 []


Underfull \hbox (badness 10000) in paragraph at lines 913--915

 []


Package Fancyhdr Warning: \headheight is too small (14.0pt): 
 Make it at least 25.16252pt.
 We now make it that large for the rest of the document.
 This may cause the page layout to be inconsistent, however.

[24] [25]

Package Fancyhdr Warning: \headheight is too small (14.0pt): 
 Make it at least 25.16252pt.
 We now make it that large for the rest of the document.
 This may cause the page layout to be inconsistent, however.

[26

]
Kapitel 6.

Underfull \hbox (badness 10000) in paragraph at lines 930--931

 []


Underfull \hbox (badness 10000) in paragraph at lines 933--934

 []


Underfull \vbox (badness 1072) has occurred while \output is active []

 [27]
Underfull \hbox (badness 10000) in paragraph at lines 952--954

 []


Underfull \hbox (badness 10000) in paragraph at lines 954--959

 []


Underfull \hbox (badness 10000) in paragraph at lines 954--959

 []

[28]
Underfull \hbox (badness 10000) in paragraph at lines 1007--1008

 []

[29]
Underfull \hbox (badness 10000) in paragraph at lines 1052--1053

 []

[30]
Overfull \hbox (18.63293pt too wide) detected at line 1078
\OT1/cmr/m/n/10.95 ([][] [](\OMS/cmsy/m/n/10.95 ^^@[]\OML/cmm/m/it/10.95 y[]\OT
1/cmr/m/n/10.95 ) \OML/cmm/m/it/10.95 dy\OT1/cmr/m/n/10.95 )[] = [][]  [][] [](
\OMS/cmsy/m/n/10.95 ^^@[]\OT1/cmr/m/n/10.95 (\OML/cmm/m/it/10.95 x[] \OT1/cmr/m
/n/10.95 + \OML/cmm/m/it/10.95 y[]\OT1/cmr/m/n/10.95 )) \OML/cmm/m/it/10.95 dxd
y \OT1/cmr/m/n/10.95 = [][]  [][] \OML/cmm/m/it/10.95 re[] drd' \OT1/cmr/m/n/10
.95 =
 []

[31] [32

]
Kapitel 7.

Overfull \hbox (10.91734pt too wide) in paragraph at lines 1098--1099
[]\OT1/cmr/m/it/10.95 F[]ur $\OML/cmm/m/it/10.95 X \OMS/cmsy/m/n/10.95 2 \OML/c
mm/m/it/10.95 M[]$ \OT1/cmr/m/it/10.95 sei das In-te-gral von $\OML/cmm/m/it/10
.95 X$ \OT1/cmr/m/it/10.95 bez[]uglich $\OML/cmm/m/it/10.95 P$ \OT1/cmr/m/it/10
.95 de-fi-niert durch $[] \OML/cmm/m/it/10.95 XdP \OT1/cmr/m/n/10.95 := [][] \O
ML/cmm/m/it/10.95 []P\OT1/cmr/m/n/10.95 (\OML/cmm/m/it/10.95 A[]\OT1/cmr/m/n/1
0.95 )$ 
 []


Overfull \hbox (20.661pt too wide) in paragraph at lines 1108--1109
[]\OT1/cmr/m/n/10.95 Jetzt wird der In-te-gral-be-griff er-wei-tert. Sei $\OML/
cmm/m/it/10.95 M[] \OT1/cmr/m/n/10.95 := \OMS/cmsy/m/n/10.95 f\OML/cmm/m/it/10.
95 X \OT1/cmr/m/n/10.95 : 
\OMS/cmsy/m/n/10.95 ^^@ \OML/cmm/m/it/10.95 > \U/msb/m/n/10.95 R[]\OMS/cmsy/m/n
/10.95 j\OML/cmm/m/it/10.95 X[]\OMS/cmsy/m/n/10.95 g$\OT1/cmr/m/n/10.95 .
 []

[33]
Overfull \hbox (9.17323pt too wide) in paragraph at lines 1122--1123
\OT1/cmr/m/n/10.95 den \OT1/cmr/bx/n/10.95 Er-war-tungs-wert[] \OT1/cmr/m/n/10.
95 von $\OML/cmm/m/it/10.95 X$\OT1/cmr/m/n/10.95 . $\OML/cmm/m/it/10.95 X$ \OT1
/cmr/m/n/10.95 hei^^Yt in-te-grier-bar, falls $[] \OML/cmm/m/it/10.95 X[]dP < \
OMS/cmsy/m/n/10.95 1$ \OT1/cmr/m/n/10.95 und $[] \OML/cmm/m/it/10.95 X[]dP <
 []


Underfull \hbox (badness 10000) in paragraph at lines 1135--1136

 []


Overfull \hbox (34.34283pt too wide) in paragraph at lines 1158--1158
\OT1/cmr/m/it/10.95 dich-te $\OMS/cmsy/m/n/10.95 f\OML/cmm/m/it/10.95 P[]\OMS/c
msy/m/n/10.95 g[]$\OT1/cmr/m/it/10.95 . $\OML/cmm/m/it/10.95 g \OT1/cmr/m/n/10.
95 : \U/msb/m/n/10.95 R \OMS/cmsy/m/n/10.95 ! \U/msb/m/n/10.95 R$ \OT1/cmr/m/it
/10.95 sei mess-bar. Dann exis-tiert $\OML/cmm/m/it/10.95 Eg\OT1/cmr/m/n/10.95 
(\OML/cmm/m/it/10.95 X\OT1/cmr/m/n/10.95 )$\OT1/cmr/m/it/10.95 , falls $[][] \O
MS/cmsy/m/n/10.95 j\OML/cmm/m/it/10.95 g\OT1/cmr/m/n/10.95 (\OML/cmm/m/it/10.95
 x[]\OT1/cmr/m/n/10.95 )\OMS/cmsy/m/n/10.95 j\OML/cmm/m/it/10.95 P[]\OT1/cmr/m/
n/10.95 (\OML/cmm/m/it/10.95 k\OT1/cmr/m/n/10.95 ) \OML/cmm/m/it/10.95 <
 []

[34] [35]
Underfull \hbox (badness 10000) in paragraph at lines 1228--1230

 []

[36] [37] [38

]
Kapitel 8.

Underfull \hbox (badness 10000) in paragraph at lines 1260--1261

 []

[39]
Overfull \hbox (7.98679pt too wide) in paragraph at lines 1305--1306
[]$\OML/cmm/m/it/10.95 X$ \OT1/cmr/m/it/10.95 hei^^Yt \OT1/cmr/bx/it/10.95 dis-
kret\OT1/cmr/m/it/10.95 , falls es ei-ne end-li-che oder abz[]ahl-ba-re Men-ge 
$\OML/cmm/m/it/10.95 C \OT1/cmr/m/n/10.95 = \OMS/cmsy/m/n/10.95 f\OML/cmm/m/it/
10.95 x[]; x[]; []\OMS/cmsy/m/n/10.95 g ^^Z
 []


Underfull \hbox (badness 10000) in paragraph at lines 1311--1312

 []


Overfull \hbox (5.94658pt too wide) detected at line 1315
\OML/cmm/m/it/10.95 f[]\OT1/cmr/m/n/10.95 (\OML/cmm/m/it/10.95 x[]\OT1/cmr/m/n/
10.95 ) = [] \OML/cmm/m/it/10.95 f[]\OT1/cmr/m/n/10.95 (\OML/cmm/m/it/10.95 y[]
; [] ; y[]; x[]; y[]; [] ; y[]\OT1/cmr/m/n/10.95 )\OML/cmm/m/it/10.95 dy[] [] d
y[]dy[] [] dy[]
 []


Overfull \hbox (15.50621pt too wide) detected at line 1316
[] \OML/cmm/m/it/10.95 F[]\OT1/cmr/m/n/10.95 (\OML/cmm/m/it/10.95 x[]\OT1/cmr/m
/n/10.95 ) = \OML/cmm/m/it/10.95 P\OT1/cmr/m/n/10.95 (\OML/cmm/m/it/10.95 X[] \
OMS/cmsy/m/n/10.95 ^^T \OML/cmm/m/it/10.95 x[]\OT1/cmr/m/n/10.95 ) = [] [] = []
[] \OML/cmm/m/it/10.95 f[]\OT1/cmr/m/n/10.95 (\OML/cmm/m/it/10.95 u\OT1/cmr/m/n
/10.95 )\OML/cmm/m/it/10.95 du
 []

[40]
Overfull \hbox (11.40233pt too wide) in paragraph at lines 1323--1324
[]\OT1/cmr/m/n/10.95 Ein Ex-pe-ri-ment (z.B. W[]urfeln) hat $\OML/cmm/m/it/10.9
5 r$ \OT1/cmr/m/n/10.95 m[]ogli-
 []


Overfull \hbox (10.77557pt too wide) in alignment at lines 1328--1332
 [][][] []
 []


Overfull \hbox (20.07787pt too wide) in paragraph at lines 1338--1339
[]\OT1/cmr/m/n/10.95 F[]ur $\OML/cmm/m/it/10.95 r \OT1/cmr/m/n/10.95 = 2$ er-ha
l-ten wir die Bi-no-mi-al-ver-tei-lung, al-so $\OML/cmm/m/it/10.95 M\OT1/cmr/m/
n/10.95 (\OML/cmm/m/it/10.95 n; \OT1/cmr/m/n/10.95 2\OML/cmm/m/it/10.95 ; p; \O
T1/cmr/m/n/10.95 1 \OMS/cmsy/m/n/10.95 ^^@
 []


Underfull \hbox (badness 10000) in paragraph at lines 1358--1360

 []


Underfull \hbox (badness 10000) in paragraph at lines 1360--1362

 []

[41] [42]
Kapitel 9.

Underfull \hbox (badness 10000) in paragraph at lines 1375--1376

 []

[43

] [44]
Overfull \hbox (7.66298pt too wide) in paragraph at lines 1455--1457
\OML/cmm/m/it/10.95 '[]\OT1/cmr/m/n/10.95 (\OML/cmm/m/it/10.95 X[]; [] ; X[]\OT
1/cmr/m/n/10.95 )\OML/cmm/m/it/10.95 ; '[]\OT1/cmr/m/n/10.95 (\OML/cmm/m/it/10.
95 X[]; [] ; X[]\OT1/cmr/m/n/10.95 )\OML/cmm/m/it/10.95 ; [] ; '[]\OT1/cmr/m/n/
10.95 (\OML/cmm/m/it/10.95 X[]; [] ; X[]\OT1/cmr/m/n/10.95 )$ un-abh[]angig. 
 []

[45] [46]
Overfull \hbox (4.7216pt too wide) detected at line 1571
[]\OT1/cmr/m/n/10.95 (\OML/cmm/m/it/10.95 X\OT1/cmr/m/n/10.95 ) [](\OML/cmm/m/i
t/10.95 Y\OT1/cmr/m/n/10.95 )\OML/cmm/m/it/10.95 %[]\OT1/cmr/m/n/10.95 (\OML/cm
m/m/it/10.95 X; Y\OT1/cmr/m/n/10.95 ) = (\OML/cmm/m/it/10.95 E\OT1/cmr/m/n/10.9
5 [(\OML/cmm/m/it/10.95 X \OMS/cmsy/m/n/10.95 ^^@ \OML/cmm/m/it/10.95 EX\OT1/cm
r/m/n/10.95 )(\OML/cmm/m/it/10.95 Y \OMS/cmsy/m/n/10.95 ^^@ \OML/cmm/m/it/10.95
 EY\OT1/cmr/m/n/10.95 )])[] \OMS/cmsy/m/n/10.95 ^^T \OML/cmm/m/it/10.95 E\OT1/c
mr/m/n/10.95 (\OML/cmm/m/it/10.95 X \OMS/cmsy/m/n/10.95 ^^@ \OML/cmm/m/it/10.95
 EX\OT1/cmr/m/n/10.95 )[]\OML/cmm/m/it/10.95 E\OT1/cmr/m/n/10.95 (\OML/cmm/m/it
/10.95 Y \OMS/cmsy/m/n/10.95 ^^@ \OML/cmm/m/it/10.95 EY\OT1/cmr/m/n/10.95 )[]
 []

[47]
Underfull \hbox (badness 10000) in paragraph at lines 1575--1576

 []

[48]
Kapitel 10.

Underfull \hbox (badness 10000) in paragraph at lines 1627--1628

 []

[49

]
Underfull \hbox (badness 10000) in paragraph at lines 1656--1665

 []


Underfull \hbox (badness 10000) in paragraph at lines 1688--1693

 []

[50] [51] [52

]
Kapitel 11.

Underfull \hbox (badness 10000) in paragraph at lines 1728--1729

 []

[53]
Underfull \hbox (badness 10000) in paragraph at lines 1764--1767

 []


Underfull \hbox (badness 10000) in paragraph at lines 1779--1787

 []

[54] [55] [56

]
Kapitel 12.

Underfull \hbox (badness 10000) in paragraph at lines 1840--1841

 []


Underfull \hbox (badness 10000) in paragraph at lines 1855--1857

 []


Overfull \hbox (29.3357pt too wide) in paragraph at lines 1862--1862
[] 
 []

[57]
Underfull \hbox (badness 10000) in paragraph at lines 1899--1900

 []

[58] [59] [60

]
Kapitel 13.

Underfull \hbox (badness 10000) in paragraph at lines 1954--1958

 []

[61] [62]
Underfull \hbox (badness 10000) in paragraph at lines 2038--2059

 []


Underfull \hbox (badness 10000) in paragraph at lines 2038--2059

 []


Underfull \hbox (badness 10000) in paragraph at lines 2038--2059

 []

[63] [64]
Package hyperref Info: bookmark level for unknown Kor defaults to 0 on input li
ne 2093.
 [65]
Overfull \hbox (13.2811pt too wide) detected at line 2137
\OMS/cmsy/m/n/10.95 ) \OML/cmm/m/it/10.95 P [] \OMS/cmsy/m/n/10.95 ^^Y \OT1/cmr
/m/n/10.95 ^^H(0\OML/cmm/m/it/10.95 :\OT1/cmr/m/n/10.95 04[]) \OMS/cmsy/m/n/10.
95 ^^@ \OT1/cmr/m/n/10.95 ^^H(\OMS/cmsy/m/n/10.95 ^^@\OT1/cmr/m/n/10.95 0\OML/c
mm/m/it/10.95 :\OT1/cmr/m/n/10.95 04[]) = 2^^H(0\OML/cmm/m/it/10.95 :\OT1/cmr/m
/n/10.95 04[]) \OMS/cmsy/m/n/10.95 ^^@ \OT1/cmr/m/n/10.95 1 = 0\OML/cmm/m/it/10
.95 :\OT1/cmr/m/n/10.95 95
 []

[66]
Kapitel 14.

Underfull \hbox (badness 10000) in paragraph at lines 2142--2147

 []


Underfull \hbox (badness 10000) in paragraph at lines 2170--2181

 []

[67

]
Underfull \hbox (badness 10000) in paragraph at lines 2197--2198

 []


Overfull \hbox (23.92642pt too wide) detected at line 2200
\OML/cmm/m/it/10.95 L[]\OT1/cmr/m/n/10.95 (\OML/cmm/m/it/10.95 ^^R\OT1/cmr/m/n/
10.95 ) = \OML/cmm/m/it/10.95 p\OT1/cmr/m/n/10.95 (\OML/cmm/m/it/10.95 x[]\OT1/
cmr/m/n/10.95 ; \OML/cmm/m/it/10.95 ^^R\OT1/cmr/m/n/10.95 ) [] \OML/cmm/m/it/10
.95 p\OT1/cmr/m/n/10.95 (\OML/cmm/m/it/10.95 x[]\OT1/cmr/m/n/10.95 ; \OML/cmm/m
/it/10.95 ^^R\OT1/cmr/m/n/10.95 ) = \OML/cmm/m/it/10.95 P[]\OT1/cmr/m/n/10.95 (
\OML/cmm/m/it/10.95 X[] \OT1/cmr/m/n/10.95 = \OML/cmm/m/it/10.95 x[]\OT1/cmr/m/
n/10.95 ) [] \OML/cmm/m/it/10.95 P[]\OT1/cmr/m/n/10.95 (\OML/cmm/m/it/10.95 X[]
 \OT1/cmr/m/n/10.95 = \OML/cmm/m/it/10.95 x[]\OT1/cmr/m/n/10.95 ) [] \OML/cmm/m
/it/10.95 P[]\OT1/cmr/m/n/10.95 (\OML/cmm/m/it/10.95 X \OT1/cmr/m/n/10.95 = \OM
L/cmm/m/it/10.95 x\OT1/cmr/m/n/10.95 )
 []


Underfull \hbox (badness 10000) in paragraph at lines 2211--2214

 []

[68]
Overfull \hbox (8.98767pt too wide) in paragraph at lines 2252--2252
[]\OT1/cmr/bx/n/14.4 W[]unschens-wer-te Ei-gen-schaf-ten von Punktsch[]atzern 
 []


Underfull \hbox (badness 10000) in paragraph at lines 2255--2256

 []

[69]
Underfull \hbox (badness 10000) in paragraph at lines 2262--2266

 []


Underfull \hbox (badness 10000) in paragraph at lines 2282--2284

 []

[70]
Underfull \hbox (badness 10000) in paragraph at lines 2300--2304

 []


Underfull \hbox (badness 10000) in paragraph at lines 2310--2313

 []


Underfull \hbox (badness 10000) in paragraph at lines 2322--2323

 []

[71] [72]
Kapitel 15.

Underfull \hbox (badness 10000) in paragraph at lines 2356--2357

 []

[73

] [74]
Kapitel 16.

Underfull \hbox (badness 10000) in paragraph at lines 2401--2405

 []


Underfull \hbox (badness 10000) in paragraph at lines 2406--2409

 []


Underfull \hbox (badness 10000) in paragraph at lines 2410--2411

 []


Underfull \hbox (badness 10000) in paragraph at lines 2411--2413

 []


Underfull \hbox (badness 10000) in paragraph at lines 2413--2415

 []


Underfull \hbox (badness 10000) in paragraph at lines 2416--2417

 []


Underfull \hbox (badness 10000) in paragraph at lines 2425--2430

 []

[75

]
Underfull \hbox (badness 10000) in paragraph at lines 2467--2468

 []


Underfull \hbox (badness 10000) in paragraph at lines 2469--2470

 []


Underfull \hbox (badness 10000) in paragraph at lines 2472--2474

 []


Underfull \hbox (badness 10000) in paragraph at lines 2479--2481

 []

[76]
Underfull \hbox (badness 10000) in paragraph at lines 2482--2483

 []


Underfull \hbox (badness 10000) in paragraph at lines 2493--2496

 []


Underfull \hbox (badness 10000) in paragraph at lines 2507--2509

 []

[77]
Underfull \hbox (badness 10000) in paragraph at lines 2524--2526

 []


Underfull \hbox (badness 10000) in paragraph at lines 2543--2546

 []


Underfull \hbox (badness 10000) in paragraph at lines 2551--2554

 []

[78]
Underfull \hbox (badness 10000) in paragraph at lines 2558--2559

 []

[79] [80]
Overfull \hbox (59.13731pt too wide) detected at line 2645
\OML/cmm/m/it/10.95 P[] [] \OMS/cmsy/m/n/10.95 ^^T \OML/cmm/m/it/10.95 P[] [] \
OT1/cmr/m/n/10.95 = 1 \OMS/cmsy/m/n/10.95 ^^@ \OT1/cmr/m/n/10.95 (1 \OMS/cmsy/m
/n/10.95 ^^@ \OML/cmm/m/it/10.95 \OT1/cmr/m/n/10.95 ) = \OML/cmm/m/it/10.95 
 []

[81] [82

]
Kapitel 17.
[83]
Underfull \hbox (badness 10000) in paragraph at lines 2724--2725

 []

[84] [85]
Underfull \hbox (badness 10000) in paragraph at lines 2799--2800

 []

[86]
Kapitel 18.
[87

] (./Stochastik1.ind [88]
Overfull \hbox (1.13641pt too wide) in paragraph at lines 94--95
[]\OT1/cmr/m/n/10.95 Maximum-Likelihood Schat-zer (MLS), []68[] 
 []

[89

] [90])
\tf@thm=\write6
\openout6 = `Stochastik1.thm'.

Package atveryend Info: Empty hook `BeforeClearDocument' on input line 2902.
Package atveryend Info: Empty hook `AfterLastShipout' on input line 2902.
 (./Stochastik1.aux)
Package atveryend Info: Executing hook `AtVeryEndDocument' on input line 2902.
Package atveryend Info: Executing hook `AtEndAfterFileList' on input line 2902.

Package rerunfilecheck Info: File `Stochastik1.out' has not changed.
(rerunfilecheck)             Checksum: EED01A3B840A5F93E97ECFD8329C87BB;3181.
Package atveryend Info: Empty hook `AtVeryVeryEnd' on input line 2902.
 ) 
Here is how much of TeX's memory you used:
 8422 strings out of 493304
 115837 string characters out of 6139872
 207919 words of memory out of 5000000
 11376 multiletter control sequences out of 15000+600000
 17803 words of font info for 67 fonts, out of 8000000 for 9000
 957 hyphenation exceptions out of 8191
 40i,20n,43p,505b,577s stack positions out of 5000i,500n,10000p,200000b,80000s
</usr/share/texlive/texmf-dist/fonts/type1/public/amsfonts/cm/cmbx10.pfb></us
r/share/texlive/texmf-dist/fonts/type1/public/amsfonts/cm/cmbx12.pfb></usr/shar
e/texlive/texmf-dist/fonts/type1/public/amsfonts/cm/cmbxti10.pfb></usr/share/te
xlive/texmf-dist/fonts/type1/public/amsfonts/cm/cmcsc10.pfb></usr/share/texlive
/texmf-dist/fonts/type1/public/amsfonts/cm/cmex10.pfb></usr/share/texlive/texmf
-dist/fonts/type1/public/amsfonts/cmextra/cmex8.pfb></usr/share/texlive/texmf-d
ist/fonts/type1/public/amsfonts/cm/cmmi10.pfb></usr/share/texlive/texmf-dist/fo
nts/type1/public/amsfonts/cm/cmmi6.pfb></usr/share/texlive/texmf-dist/fonts/typ
e1/public/amsfonts/cm/cmmi8.pfb></usr/share/texlive/texmf-dist/fonts/type1/publ
ic/amsfonts/cm/cmr10.pfb></usr/share/texlive/texmf-dist/fonts/type1/public/amsf
onts/cm/cmr12.pfb></usr/share/texlive/texmf-dist/fonts/type1/public/amsfonts/cm
/cmr17.pfb></usr/share/texlive/texmf-dist/fonts/type1/public/amsfonts/cm/cmr6.p
fb></usr/share/texlive/texmf-dist/fonts/type1/public/amsfonts/cm/cmr8.pfb></usr
/share/texlive/texmf-dist/fonts/type1/public/amsfonts/cm/cmsl10.pfb></usr/share
/texlive/texmf-dist/fonts/type1/public/amsfonts/cm/cmsy10.pfb></usr/share/texli
ve/texmf-dist/fonts/type1/public/amsfonts/cm/cmsy6.pfb></usr/share/texlive/texm
f-dist/fonts/type1/public/amsfonts/cm/cmsy8.pfb></usr/share/texlive/texmf-dist/
fonts/type1/public/amsfonts/cm/cmti10.pfb></usr/share/texlive/texmf-dist/fonts/
type1/public/amsfonts/cm/cmti8.pfb></usr/share/texlive/texmf-dist/fonts/type1/p
ublic/amsfonts/cm/cmtt12.pfb></usr/share/texlive/texmf-dist/fonts/type1/public/
amsfonts/euler/eufm10.pfb></usr/share/texlive/texmf-dist/fonts/type1/public/ams
fonts/euler/eusm10.pfb></usr/share/texlive/texmf-dist/fonts/type1/public/amsfon
ts/symbols/msam10.pfb></usr/share/texlive/texmf-dist/fonts/type1/public/amsfont
s/symbols/msbm10.pfb>
Output written on Stochastik1.pdf (94 pages, 593837 bytes).
PDF statistics:
 1172 PDF objects out of 1200 (max. 8388607)
 1040 compressed objects within 11 object streams
 376 named destinations out of 1000 (max. 500000)
 369 words of extra memory for PDF output out of 10000 (max. 10000000)

