
Running /usr/bin/pdflatex StochProz.tex in an env with 4 entries:
This is pdfTeX, Version 3.1415926-2.5-1.40.14 (TeX Live 2013/Debian)
 restricted \write18 enabled.
entering extended mode
(data/StochProz.tex
LaTeX2e <2011/06/27>
Babel <3.9h> and hyphenation patterns for 78 languages loaded.
(/usr/share/texlive/texmf-dist/tex/latex/koma-script/scrbook.cls
Document Class: scrbook 2013/12/19 v3.12 KOMA-Script document class (book)
(/usr/share/texlive/texmf-dist/tex/latex/koma-script/scrkbase.sty
(/usr/share/texlive/texmf-dist/tex/latex/koma-script/scrbase.sty
(/usr/share/texlive/texmf-dist/tex/latex/graphics/keyval.sty)
(/usr/share/texlive/texmf-dist/tex/latex/koma-script/scrlfile.sty
Package scrlfile, 2013/12/19 v3.12 KOMA-Script package (loading files)
                  Copyright (C) Markus Kohm

))) (/usr/share/texlive/texmf-dist/tex/latex/koma-script/tocbasic.sty)
(/usr/share/texlive/texmf-dist/tex/latex/koma-script/scrsize11pt.clo)
(/usr/share/texlive/texmf-dist/tex/latex/koma-script/typearea.sty
Package typearea, 2013/12/19 v3.12 KOMA-Script package (type area)
                  Copyright (C) Frank Neukam, 1992-1994
                  Copyright (C) Markus Kohm, 1994-

)) (data/mathe.sty (data/latexki.sty)
(/usr/share/texlive/texmf-dist/tex/latex/base/inputenc.sty
(/usr/share/texlive/texmf-dist/tex/latex/base/utf8.def
(/usr/share/texlive/texmf-dist/tex/latex/base/t1enc.dfu)
(/usr/share/texlive/texmf-dist/tex/latex/base/ot1enc.dfu)
(/usr/share/texlive/texmf-dist/tex/latex/base/omsenc.dfu)))
(/usr/share/texlive/texmf-dist/tex/generic/babel/babel.sty
(/usr/share/texlive/texmf-dist/tex/generic/babel-german/ngermanb.ldf
(/usr/share/texlive/texmf-dist/tex/generic/babel/babel.def)))
(/usr/share/texlive/texmf-dist/tex/latex/base/fontenc.sty
(/usr/share/texlive/texmf-dist/tex/latex/base/t1enc.def))
(/usr/share/texlive/texmf-dist/tex/latex/amsfonts/amsfonts.sty)
(/usr/share/texlive/texmf-dist/tex/latex/amsfonts/amssymb.sty)
(/usr/share/texlive/texmf-dist/tex/latex/amsmath/amsmath.sty
For additional information on amsmath, use the `?' option.
(/usr/share/texlive/texmf-dist/tex/latex/amsmath/amstext.sty
(/usr/share/texlive/texmf-dist/tex/latex/amsmath/amsgen.sty))
(/usr/share/texlive/texmf-dist/tex/latex/amsmath/amsbsy.sty)
(/usr/share/texlive/texmf-dist/tex/latex/amsmath/amsopn.sty))
(/usr/share/texlive/texmf-dist/tex/latex/stmaryrd/stmaryrd.sty)
(/usr/share/texlive/texmf-dist/tex/latex/tools/verbatim.sty)
(/usr/share/texlive/texmf-dist/tex/latex/base/ifthen.sty)
(/usr/share/texlive/texmf-dist/tex/latex/ntheorem/ntheorem.sty
Style `ntheorem', Version 1.33 <2011/08/15>
) (/usr/share/texlive/texmf-dist/tex/latex/framed/framed.sty)
(/usr/share/texlive/texmf-dist/tex/latex/pstricks/pstricks.sty
(/usr/share/texlive/texmf-dist/tex/generic/oberdiek/ifpdf.sty)
(/usr/share/texlive/texmf-dist/tex/generic/pstricks/pstricks.tex
(/usr/share/texlive/texmf-dist/tex/generic/xkeyval/pst-xkey.tex
(/usr/share/texlive/texmf-dist/tex/latex/xkeyval/xkeyval.sty
(/usr/share/texlive/texmf-dist/tex/generic/xkeyval/xkeyval.tex)))
(/usr/share/texlive/texmf-dist/tex/generic/pstricks/pst-fp.tex
`pst-fp' v0.05, 2010/01/17 (hv))
(/usr/share/texmf/tex/generic/pgf/utilities/pgfutil-common.tex)
(/usr/share/texmf/tex/generic/pgf/utilities/pgfkeys.code.tex
(/usr/share/texmf/tex/generic/pgf/utilities/pgfkeysfiltered.code.tex))
(/usr/share/texmf/tex/generic/pgf/utilities/pgffor.code.tex)
`PSTricks' v2.51  <2014/02/03> (tvz)
(/usr/share/texlive/texmf-dist/tex/generic/pstricks/pstricks.con))
(/usr/share/texlive/texmf-dist/tex/generic/pstricks/pst-fp.tex)
(/usr/share/texmf/tex/latex/xcolor/xcolor.sty
(/usr/share/texlive/texmf-dist/tex/latex/latexconfig/color.cfg)
(/usr/share/texlive/texmf-dist/tex/latex/pdftex-def/pdftex.def
(/usr/share/texlive/texmf-dist/tex/generic/oberdiek/infwarerr.sty)
(/usr/share/texlive/texmf-dist/tex/generic/oberdiek/ltxcmds.sty))))
(/usr/share/texlive/texmf-dist/tex/latex/carlisle/slashed.sty)
(/usr/share/texlive/texmf-dist/tex/latex/base/makeidx.sty)
(/usr/share/texlive/texmf-dist/tex/latex/wasysym/wasysym.sty)
(/usr/share/texlive/texmf-dist/tex/latex/jknapltx/mathrsfs.sty)
(/usr/share/texlive/texmf-dist/tex/latex/mh/mathtools.sty
(/usr/share/texlive/texmf-dist/tex/latex/tools/calc.sty)
(/usr/share/texlive/texmf-dist/tex/latex/mh/mhsetup.sty))
(/usr/share/texlive/texmf-dist/tex/latex/doublestroke/dsfont.sty)
(/usr/share/texlive/texmf-dist/tex/latex/hyperref/hyperref.sty
(/usr/share/texlive/texmf-dist/tex/generic/oberdiek/hobsub-hyperref.sty
(/usr/share/texlive/texmf-dist/tex/generic/oberdiek/hobsub-generic.sty))
(/usr/share/texlive/texmf-dist/tex/generic/ifxetex/ifxetex.sty)
(/usr/share/texlive/texmf-dist/tex/latex/oberdiek/auxhook.sty)
(/usr/share/texlive/texmf-dist/tex/latex/oberdiek/kvoptions.sty)
(/usr/share/texlive/texmf-dist/tex/latex/hyperref/pd1enc.def)
(/usr/share/texlive/texmf-dist/tex/latex/latexconfig/hyperref.cfg)
(/usr/share/texlive/texmf-dist/tex/latex/url/url.sty))

Package hyperref Message: Driver (autodetected): hpdftex.

(/usr/share/texlive/texmf-dist/tex/latex/hyperref/hpdftex.def
(/usr/share/texlive/texmf-dist/tex/latex/oberdiek/rerunfilecheck.sty))
(/usr/share/texlive/texmf-dist/tex/latex/etex-pkg/etex.sty))
(data/saetze-baeuerle.sty) (data/faktor.sty)
(/usr/share/texlive/texmf-dist/tex/latex/tools/enumerate.sty)
(/usr/share/texmf/tex/latex/pgf/frontendlayer/tikz.sty
(/usr/share/texmf/tex/latex/pgf/basiclayer/pgf.sty
(/usr/share/texmf/tex/latex/pgf/utilities/pgfrcs.sty
(/usr/share/texmf/tex/generic/pgf/utilities/pgfutil-common.tex)
(/usr/share/texmf/tex/generic/pgf/utilities/pgfutil-latex.def
(/usr/share/texlive/texmf-dist/tex/latex/ms/everyshi.sty))
(/usr/share/texmf/tex/generic/pgf/utilities/pgfrcs.code.tex))
(/usr/share/texmf/tex/latex/pgf/basiclayer/pgfcore.sty
(/usr/share/texlive/texmf-dist/tex/latex/graphics/graphicx.sty
(/usr/share/texlive/texmf-dist/tex/latex/graphics/graphics.sty
(/usr/share/texlive/texmf-dist/tex/latex/graphics/trig.sty)
(/usr/share/texlive/texmf-dist/tex/latex/latexconfig/graphics.cfg)))
(/usr/share/texmf/tex/latex/pgf/systemlayer/pgfsys.sty
(/usr/share/texmf/tex/generic/pgf/systemlayer/pgfsys.code.tex
(/usr/share/texmf/tex/generic/pgf/utilities/pgfkeys.code.tex)
(/usr/share/texmf/tex/generic/pgf/systemlayer/pgf.cfg)
(/usr/share/texmf/tex/generic/pgf/systemlayer/pgfsys-pdftex.def
(/usr/share/texmf/tex/generic/pgf/systemlayer/pgfsys-common-pdf.def)))
(/usr/share/texmf/tex/generic/pgf/systemlayer/pgfsyssoftpath.code.tex)
(/usr/share/texmf/tex/generic/pgf/systemlayer/pgfsysprotocol.code.tex))
(/usr/share/texmf/tex/generic/pgf/basiclayer/pgfcore.code.tex
(/usr/share/texmf/tex/generic/pgf/math/pgfmath.code.tex
(/usr/share/texmf/tex/generic/pgf/math/pgfmathcalc.code.tex
(/usr/share/texmf/tex/generic/pgf/math/pgfmathutil.code.tex)
(/usr/share/texmf/tex/generic/pgf/math/pgfmathparser.code.tex)
(/usr/share/texmf/tex/generic/pgf/math/pgfmathfunctions.code.tex
(/usr/share/texmf/tex/generic/pgf/math/pgfmathfunctions.basic.code.tex)
(/usr/share/texmf/tex/generic/pgf/math/pgfmathfunctions.trigonometric.code.tex)
(/usr/share/texmf/tex/generic/pgf/math/pgfmathfunctions.random.code.tex)
(/usr/share/texmf/tex/generic/pgf/math/pgfmathfunctions.comparison.code.tex)
(/usr/share/texmf/tex/generic/pgf/math/pgfmathfunctions.base.code.tex)
(/usr/share/texmf/tex/generic/pgf/math/pgfmathfunctions.round.code.tex)
(/usr/share/texmf/tex/generic/pgf/math/pgfmathfunctions.misc.code.tex)))
(/usr/share/texmf/tex/generic/pgf/math/pgfmathfloat.code.tex))
(/usr/share/texmf/tex/generic/pgf/basiclayer/pgfcorepoints.code.tex)
(/usr/share/texmf/tex/generic/pgf/basiclayer/pgfcorepathconstruct.code.tex)
(/usr/share/texmf/tex/generic/pgf/basiclayer/pgfcorepathusage.code.tex)
(/usr/share/texmf/tex/generic/pgf/basiclayer/pgfcorescopes.code.tex)
(/usr/share/texmf/tex/generic/pgf/basiclayer/pgfcoregraphicstate.code.tex)
(/usr/share/texmf/tex/generic/pgf/basiclayer/pgfcoretransformations.code.tex)
(/usr/share/texmf/tex/generic/pgf/basiclayer/pgfcorequick.code.tex)
(/usr/share/texmf/tex/generic/pgf/basiclayer/pgfcoreobjects.code.tex)
(/usr/share/texmf/tex/generic/pgf/basiclayer/pgfcorepathprocessing.code.tex)
(/usr/share/texmf/tex/generic/pgf/basiclayer/pgfcorearrows.code.tex)
(/usr/share/texmf/tex/generic/pgf/basiclayer/pgfcoreshade.code.tex)
(/usr/share/texmf/tex/generic/pgf/basiclayer/pgfcoreimage.code.tex
(/usr/share/texmf/tex/generic/pgf/basiclayer/pgfcoreexternal.code.tex))
(/usr/share/texmf/tex/generic/pgf/basiclayer/pgfcorelayers.code.tex)
(/usr/share/texmf/tex/generic/pgf/basiclayer/pgfcoretransparency.code.tex)
(/usr/share/texmf/tex/generic/pgf/basiclayer/pgfcorepatterns.code.tex)))
(/usr/share/texmf/tex/generic/pgf/modules/pgfmoduleshapes.code.tex)
(/usr/share/texmf/tex/generic/pgf/modules/pgfmoduleplot.code.tex)
(/usr/share/texmf/tex/latex/pgf/compatibility/pgfcomp-version-0-65.sty)
(/usr/share/texmf/tex/latex/pgf/compatibility/pgfcomp-version-1-18.sty))
(/usr/share/texmf/tex/latex/pgf/utilities/pgffor.sty
(/usr/share/texmf/tex/latex/pgf/utilities/pgfkeys.sty
(/usr/share/texmf/tex/generic/pgf/utilities/pgfkeys.code.tex))
(/usr/share/texmf/tex/generic/pgf/utilities/pgffor.code.tex))
(/usr/share/texmf/tex/generic/pgf/frontendlayer/tikz/tikz.code.tex
(/usr/share/texmf/tex/generic/pgf/libraries/pgflibraryplothandlers.code.tex)
(/usr/share/texmf/tex/generic/pgf/modules/pgfmodulematrix.code.tex)
(/usr/share/texmf/tex/generic/pgf/frontendlayer/tikz/libraries/tikzlibrarytopat
hs.code.tex))) (/usr/share/texlive/texmf-dist/tex/latex/carlisle/remreset.sty)
Writing index file StochProz.idx
No file StochProz.aux.
(/usr/share/texlive/texmf-dist/tex/context/base/supp-pdf.mkii
[Loading MPS to PDF converter (version 2006.09.02).]
) (/usr/share/texlive/texmf-dist/tex/latex/hyperref/nameref.sty
(/usr/share/texlive/texmf-dist/tex/generic/oberdiek/gettitlestring.sty))
ABD: EveryShipout initializing macros
(/usr/share/texlive/texmf-dist/tex/latex/oberdiek/epstopdf-base.sty
(/usr/share/texlive/texmf-dist/tex/latex/oberdiek/grfext.sty)
(/usr/share/texlive/texmf-dist/tex/latex/latexconfig/epstopdf-sys.cfg))
(/usr/share/texlive/texmf-dist/tex/latex/base/t1cmss.fd)
(/usr/share/texlive/texmf-dist/tex/latex/amsfonts/umsa.fd)
(/usr/share/texlive/texmf-dist/tex/latex/amsfonts/umsb.fd)
(/usr/share/texlive/texmf-dist/tex/latex/stmaryrd/Ustmry.fd)
(/usr/share/texlive/texmf-dist/tex/latex/wasysym/uwasy.fd)
(/usr/share/texlive/texmf-dist/tex/latex/jknapltx/ursfs.fd)
(/usr/share/texlive/texmf-dist/tex/latex/base/t1cmtt.fd) [1
Non-PDF special ignored!
Non-PDF special ignored!
Non-PDF special ignored!
Non-PDF special ignored!
Non-PDF special ignored!
Non-PDF special ignored!
Non-PDF special ignored!{/var/lib/texmf/fonts/map/pdftex/updmap/pdftex.map}]
[2] [3] [4] [5] [6]
Kapitel I.
[7] [8] [9] (/usr/share/texlive/texmf-dist/tex/latex/base/omscmr.fd) [10]
[11]

LaTeX Warning: Reference `lem:2.2' on page 12 undefined on input line 398.

[12]

LaTeX Warning: Reference `satz2.3' on page 13 undefined on input line 416.


LaTeX Warning: Reference `satz2.3' on page 13 undefined on input line 439.

[13]

LaTeX Warning: Reference `satz2.3' on page 14 undefined on input line 471.


LaTeX Warning: Reference `lem:2.2' on page 14 undefined on input line 507.

[14]

LaTeX Warning: Reference `lem:2.6' on page 15 undefined on input line 550.

[15]

LaTeX Warning: Reference `satz:2.8' on page 16 undefined on input line 558.


Underfull \vbox (badness 10000) has occurred while \output is active [16]

LaTeX Warning: Reference `satz:2.9' on page 17 undefined on input line 601.

[17] [18] [19]

LaTeX Warning: Reference `satz3.1' on page 20 undefined on input line 723.

[20]

LaTeX Warning: Reference `satz3.1' on page 21 undefined on input line 774.


LaTeX Warning: Reference `satz3.1' on page 21 undefined on input line 784.


LaTeX Warning: Reference `satz3.1' on page 21 undefined on input line 784.

[21]

LaTeX Warning: Reference `bsp2.3' on page 22 undefined on input line 835.

[22]

LaTeX Warning: Reference `lem4.1' on page 23 undefined on input line 914.

[23]

LaTeX Warning: Reference `satz3.2' on page 24 undefined on input line 918.


LaTeX Warning: Reference `satz1.1' on page 24 undefined on input line 937.


Underfull \vbox (badness 2080) has occurred while \output is active [24]
[25] [26]

LaTeX Warning: Reference `lemma_5_1' on page 27 undefined on input line 1038.

[27] [28] [29] [30]
Kapitel II.
(/usr/share/texlive/texmf-dist/tex/latex/amsfonts/ueuf.fd) [31] [32]

LaTeX Warning: Reference `satz:7.1' on page 33 undefined on input line 1379.

[33]
Overfull \hbox (6.61917pt too wide) in paragraph at lines 1423--1424
[]\T1/cmr/m/n/10.95 Diese Aus-sa-gen kön-nen jetzt auf Stopp-zei-ten ver-all-ge
-mei-nert wer-den. Es sei da-zu $\OMS/cmsy/m/n/10.95 F[] [] \OML/cmm/m/it/10.95
 ^^[\OT1/cmr/m/n/10.95 (\OMS/cmsy/m/n/10.95 f\OML/cmm/m/it/10.95 N[]; s \OMS/cm
sy/m/n/10.95 ^^T
[34]

LaTeX Warning: Reference `satz:7.1' on page 35 undefined on input line 1483.

[35]

LaTeX Warning: Reference `lem:7.2' on page 36 undefined on input line 1494.


Overfull \hbox (6.76414pt too wide) in paragraph at lines 1511--1511
[] 
[36] [37] [38]

LaTeX Warning: Reference `satz:8.3' on page 39 undefined on input line 1672.

[39]
Underfull \hbox (badness 10000) in paragraph at lines 1737--1740

[40] [41] [42] [43] [44]

LaTeX Warning: Reference `bsp:3.3' on page 45 undefined on input line 1943.


LaTeX Warning: Reference `satz:8.7' on page 45 undefined on input line 1948.

[45] [46]
Kapitel III.
[47]
Overfull \hbox (13.06729pt too wide) in paragraph at lines 1998--1999
\T1/cmr/m/n/10.95 funk-ti-on be-reits al-le endlich-dimensionalen Ver-tei-lun-g
en. Da für $\OML/cmm/m/it/10.95 T[] \OT1/cmr/m/n/10.95 = \OMS/cmsy/m/n/10.95 f\
OML/cmm/m/it/10.95 t[]; [] ; t[]\OMS/cmsy/m/n/10.95 g$ \T1/cmr/m/n/10.95 und $\
OML/cmm/m/it/10.95 B[]; [] ; B[] \OMS/cmsy/m/n/10.95 2
[48] [49]

LaTeX Warning: Reference `satz:9.2' on page 50 undefined on input line 2092.

[50]
Underfull \vbox (badness 4556) has occurred while \output is active [51]
[52]

LaTeX Warning: Reference `satz:9.2' on page 53 undefined on input line 2261.

[53]

LaTeX Warning: Reference `satz:9.2' on page 54 undefined on input line 2293.


Overfull \hbox (17.51791pt too wide) in paragraph at lines 2292--2294
\T1/cmr/m/n/10.95 Daraus folgt, dass $\OT1/cmr/m/n/10.95 (\OML/cmm/m/it/10.95 X
[]; [] ; X[]\OT1/cmr/m/n/10.95 )$ \T1/cmr/m/n/10.95 nor-mal-ver-teilt ist mit $
\OML/cmm/m/it/10.95 EX[] \OT1/cmr/m/n/10.95 = 0$ \T1/cmr/m/n/10.95 für al-le $\
OML/cmm/m/it/10.95 t \OMS/cmsy/m/n/10.95 2 \OT1/cmr/m/n/10.95 [0\OML/cmm/m/it/1
0.95 ; \OT1/cmr/m/n/10.95 1]$ \T1/cmr/m/n/10.95 und $[]\OT1/cmr/m/n/10.95 (\OML
/cmm/m/it/10.95 X[]; X[]\OT1/cmr/m/n/10.95 ) =
[54]

LaTeX Warning: Reference `satz:9.3' on page 55 undefined on input line 2310.


LaTeX Warning: Reference `satz:9.3' on page 55 undefined on input line 2313.


LaTeX Warning: Reference `satz:9.3' on page 55 undefined on input line 2324.

[55]
Underfull \hbox (badness 10000) in paragraph at lines 2374--2376

[56] [57]
Overfull \hbox (0.96434pt too wide) in paragraph at lines 2461--2462
[]\T1/cmr/m/n/10.95 Eine Fa-mi-lie $\OT1/cmr/m/n/10.95 (\OML/cmm/m/it/10.95 P[]
\OT1/cmr/m/n/10.95 )[]$ \T1/cmr/m/n/10.95 von sto-chas-ti-schen Ker-nen von $\O
T1/cmr/m/n/10.95 (\U/msb/m/n/10.95 R\OML/cmm/m/it/10.95 ; \U/euf/m/n/10.95 B\OT
1/cmr/m/n/10.95 )$ \T1/cmr/m/n/10.95 nach $\OT1/cmr/m/n/10.95 (\U/msb/m/n/10.95
 R\OML/cmm/m/it/10.95 ; \U/euf/m/n/10.95 B\OT1/cmr/m/n/10.95 )$ \T1/cmr/m/n/10.
95 heiÿt \T1/cmr/m/it/10.95 Markov-Halbgruppe[]
[58] [59] [60]

LaTeX Warning: Reference `satz:12.1' on page 61 undefined on input line 2572.

[61] [62] [63] [64]
Underfull \vbox (badness 4156) has occurred while \output is active [65]

LaTeX Warning: Reference `satz:13.2' on page 66 undefined on input line 2841.


LaTeX Warning: Reference `satz:13.3' on page 66 undefined on input line 2877.


LaTeX Warning: Reference `satz:13.3' on page 66 undefined on input line 2877.

[66]

LaTeX Warning: Reference `satz:13.3' on page 67 undefined on input line 2898.


Underfull \hbox (badness 10000) in paragraph at lines 2898--2899

[67]

LaTeX Warning: Reference `satz:11.1' on page 68 undefined on input line 2920.


LaTeX Warning: Reference `satz:13.2' on page 68 undefined on input line 2926.


Overfull \hbox (14.70538pt too wide) in paragraph at lines 2940--2942
\T1/cmr/m/n/10.95 Sei $\OML/cmm/m/it/10.95 ^^X[]; ^^X[]; [] $ \T1/cmr/m/n/10.95
 ei-ne Fol-ge von un-ab-hän-gig iden-tisch ver-teil-ten Zu-falls-va-ria-blen, m
it $\OML/cmm/m/it/10.95 E^^X[] \OT1/cmr/m/n/10.95 = 0\OML/cmm/m/it/10.95 ; []\O
T1/cmr/m/n/10.95 (\OML/cmm/m/it/10.95 ^^X[]\OT1/cmr/m/n/10.95 ) =
[68] [69]

LaTeX Warning: Reference `lemma:14.1' on page 70 undefined on input line 2992.


LaTeX Warning: Reference `lemma:14.1' on page 70 undefined on input line 3015.

[70] [71] [72]

LaTeX Warning: Reference `satz:14.3' on page 73 undefined on input line 3130.


LaTeX Warning: Reference `satz:14.3' on page 73 undefined on input line 3130.


LaTeX Warning: Reference `satz:14.5' on page 73 undefined on input line 3131.

[73]

LaTeX Warning: Reference `lemma:14.4' on page 74 undefined on input line 3149.


LaTeX Warning: Reference `satz:14.5' on page 74 undefined on input line 3172.

[74]

LaTeX Warning: Reference `satz:14.2' on page 75 undefined on input line 3191.


LaTeX Warning: Reference `satz:14.3' on page 75 undefined on input line 3191.


LaTeX Warning: Reference `satz:14.6' on page 75 undefined on input line 3191.

[75]

LaTeX Warning: Reference `lemma:14.1' on page 76 undefined on input line 3237.

[76]
** Generating table of satz,beispiel
No file StochProz.thm.
No file StochProz.ind.
[77] (./StochProz.aux)

Package rerunfilecheck Warning: File `StochProz.out' has changed.
(rerunfilecheck)                Rerun to get outlines right
(rerunfilecheck)                or use package `bookmark'.


LaTeX Warning: There were undefined references.


LaTeX Warning: Label(s) may have changed. Rerun to get cross-references right.

 )
(see the transcript file for additional information){/usr/share/texmf/fonts/enc
/dvips/cm-super/cm-super-t1.enc}</usr/share/texlive/texmf-dist/fonts/type1/publ
ic/amsfonts/cm/cmex10.pfb></usr/share/texlive/texmf-dist/fonts/type1/public/ams
fonts/cm/cmmi10.pfb></usr/share/texlive/texmf-dist/fonts/type1/public/amsfonts/
cm/cmmi6.pfb></usr/share/texlive/texmf-dist/fonts/type1/public/amsfonts/cm/cmmi
8.pfb></usr/share/texlive/texmf-dist/fonts/type1/public/amsfonts/cm/cmmi9.pfb><
/usr/share/texlive/texmf-dist/fonts/type1/public/amsfonts/cm/cmr10.pfb></usr/sh
are/texlive/texmf-dist/fonts/type1/public/amsfonts/cm/cmr6.pfb></usr/share/texl
ive/texmf-dist/fonts/type1/public/amsfonts/cm/cmr8.pfb></usr/share/texlive/texm
f-dist/fonts/type1/public/amsfonts/cm/cmr9.pfb></usr/share/texlive/texmf-dist/f
onts/type1/public/amsfonts/cm/cmsy10.pfb></usr/share/texlive/texmf-dist/fonts/t
ype1/public/amsfonts/cm/cmsy6.pfb></usr/share/texlive/texmf-dist/fonts/type1/pu
blic/amsfonts/cm/cmsy8.pfb></usr/share/texlive/texmf-dist/fonts/type1/public/am
sfonts/euler/eufm10.pfb></usr/share/texlive/texmf-dist/fonts/type1/public/amsfo
nts/symbols/msam10.pfb></usr/share/texlive/texmf-dist/fonts/type1/public/amsfon
ts/symbols/msbm10.pfb></usr/share/texmf/fonts/type1/public/cm-super/sfbx0800.pf
b></usr/share/texmf/fonts/type1/public/cm-super/sfbx1095.pfb></usr/share/texmf/
fonts/type1/public/cm-super/sfrm0600.pfb></usr/share/texmf/fonts/type1/public/c
m-super/sfrm0800.pfb></usr/share/texmf/fonts/type1/public/cm-super/sfrm0900.pfb
></usr/share/texmf/fonts/type1/public/cm-super/sfrm1095.pfb></usr/share/texmf/f
onts/type1/public/cm-super/sfrm1440.pfb></usr/share/texmf/fonts/type1/public/cm
-super/sfsl1095.pfb></usr/share/texmf/fonts/type1/public/cm-super/sfsx1095.pfb>
</usr/share/texmf/fonts/type1/public/cm-super/sfsx1200.pfb></usr/share/texmf/fo
nts/type1/public/cm-super/sfsx1440.pfb></usr/share/texmf/fonts/type1/public/cm-
super/sfsx2074.pfb></usr/share/texmf/fonts/type1/public/cm-super/sfti1095.pfb><
/usr/share/texmf/fonts/type1/public/cm-super/sftt1095.pfb></usr/share/texmf/fon
ts/type1/public/cm-super/sftt1440.pfb></usr/share/texlive/texmf-dist/fonts/type
1/public/wasy/wasy10.pfb>
Output written on StochProz.pdf (77 pages, 740111 bytes).
Transcript written on StochProz.log.
Result: ExitSuccess

Running /usr/bin/pdflatex StochProz.tex in an env with 4 entries:
This is pdfTeX, Version 3.1415926-2.5-1.40.14 (TeX Live 2013/Debian)
 restricted \write18 enabled.
entering extended mode
(data/StochProz.tex
LaTeX2e <2011/06/27>
Babel <3.9h> and hyphenation patterns for 78 languages loaded.
(/usr/share/texlive/texmf-dist/tex/latex/koma-script/scrbook.cls
Document Class: scrbook 2013/12/19 v3.12 KOMA-Script document class (book)
(/usr/share/texlive/texmf-dist/tex/latex/koma-script/scrkbase.sty
(/usr/share/texlive/texmf-dist/tex/latex/koma-script/scrbase.sty
(/usr/share/texlive/texmf-dist/tex/latex/graphics/keyval.sty)
(/usr/share/texlive/texmf-dist/tex/latex/koma-script/scrlfile.sty
Package scrlfile, 2013/12/19 v3.12 KOMA-Script package (loading files)
                  Copyright (C) Markus Kohm

))) (/usr/share/texlive/texmf-dist/tex/latex/koma-script/tocbasic.sty)
(/usr/share/texlive/texmf-dist/tex/latex/koma-script/scrsize11pt.clo)
(/usr/share/texlive/texmf-dist/tex/latex/koma-script/typearea.sty
Package typearea, 2013/12/19 v3.12 KOMA-Script package (type area)
                  Copyright (C) Frank Neukam, 1992-1994
                  Copyright (C) Markus Kohm, 1994-

)) (data/mathe.sty (data/latexki.sty)
(/usr/share/texlive/texmf-dist/tex/latex/base/inputenc.sty
(/usr/share/texlive/texmf-dist/tex/latex/base/utf8.def
(/usr/share/texlive/texmf-dist/tex/latex/base/t1enc.dfu)
(/usr/share/texlive/texmf-dist/tex/latex/base/ot1enc.dfu)
(/usr/share/texlive/texmf-dist/tex/latex/base/omsenc.dfu)))
(/usr/share/texlive/texmf-dist/tex/generic/babel/babel.sty
(/usr/share/texlive/texmf-dist/tex/generic/babel-german/ngermanb.ldf
(/usr/share/texlive/texmf-dist/tex/generic/babel/babel.def)))
(/usr/share/texlive/texmf-dist/tex/latex/base/fontenc.sty
(/usr/share/texlive/texmf-dist/tex/latex/base/t1enc.def))
(/usr/share/texlive/texmf-dist/tex/latex/amsfonts/amsfonts.sty)
(/usr/share/texlive/texmf-dist/tex/latex/amsfonts/amssymb.sty)
(/usr/share/texlive/texmf-dist/tex/latex/amsmath/amsmath.sty
For additional information on amsmath, use the `?' option.
(/usr/share/texlive/texmf-dist/tex/latex/amsmath/amstext.sty
(/usr/share/texlive/texmf-dist/tex/latex/amsmath/amsgen.sty))
(/usr/share/texlive/texmf-dist/tex/latex/amsmath/amsbsy.sty)
(/usr/share/texlive/texmf-dist/tex/latex/amsmath/amsopn.sty))
(/usr/share/texlive/texmf-dist/tex/latex/stmaryrd/stmaryrd.sty)
(/usr/share/texlive/texmf-dist/tex/latex/tools/verbatim.sty)
(/usr/share/texlive/texmf-dist/tex/latex/base/ifthen.sty)
(/usr/share/texlive/texmf-dist/tex/latex/ntheorem/ntheorem.sty
Style `ntheorem', Version 1.33 <2011/08/15>
) (/usr/share/texlive/texmf-dist/tex/latex/framed/framed.sty)
(/usr/share/texlive/texmf-dist/tex/latex/pstricks/pstricks.sty
(/usr/share/texlive/texmf-dist/tex/generic/oberdiek/ifpdf.sty)
(/usr/share/texlive/texmf-dist/tex/generic/pstricks/pstricks.tex
(/usr/share/texlive/texmf-dist/tex/generic/xkeyval/pst-xkey.tex
(/usr/share/texlive/texmf-dist/tex/latex/xkeyval/xkeyval.sty
(/usr/share/texlive/texmf-dist/tex/generic/xkeyval/xkeyval.tex)))
(/usr/share/texlive/texmf-dist/tex/generic/pstricks/pst-fp.tex
`pst-fp' v0.05, 2010/01/17 (hv))
(/usr/share/texmf/tex/generic/pgf/utilities/pgfutil-common.tex)
(/usr/share/texmf/tex/generic/pgf/utilities/pgfkeys.code.tex
(/usr/share/texmf/tex/generic/pgf/utilities/pgfkeysfiltered.code.tex))
(/usr/share/texmf/tex/generic/pgf/utilities/pgffor.code.tex)
`PSTricks' v2.51  <2014/02/03> (tvz)
(/usr/share/texlive/texmf-dist/tex/generic/pstricks/pstricks.con))
(/usr/share/texlive/texmf-dist/tex/generic/pstricks/pst-fp.tex)
(/usr/share/texmf/tex/latex/xcolor/xcolor.sty
(/usr/share/texlive/texmf-dist/tex/latex/latexconfig/color.cfg)
(/usr/share/texlive/texmf-dist/tex/latex/pdftex-def/pdftex.def
(/usr/share/texlive/texmf-dist/tex/generic/oberdiek/infwarerr.sty)
(/usr/share/texlive/texmf-dist/tex/generic/oberdiek/ltxcmds.sty))))
(/usr/share/texlive/texmf-dist/tex/latex/carlisle/slashed.sty)
(/usr/share/texlive/texmf-dist/tex/latex/base/makeidx.sty)
(/usr/share/texlive/texmf-dist/tex/latex/wasysym/wasysym.sty)
(/usr/share/texlive/texmf-dist/tex/latex/jknapltx/mathrsfs.sty)
(/usr/share/texlive/texmf-dist/tex/latex/mh/mathtools.sty
(/usr/share/texlive/texmf-dist/tex/latex/tools/calc.sty)
(/usr/share/texlive/texmf-dist/tex/latex/mh/mhsetup.sty))
(/usr/share/texlive/texmf-dist/tex/latex/doublestroke/dsfont.sty)
(/usr/share/texlive/texmf-dist/tex/latex/hyperref/hyperref.sty
(/usr/share/texlive/texmf-dist/tex/generic/oberdiek/hobsub-hyperref.sty
(/usr/share/texlive/texmf-dist/tex/generic/oberdiek/hobsub-generic.sty))
(/usr/share/texlive/texmf-dist/tex/generic/ifxetex/ifxetex.sty)
(/usr/share/texlive/texmf-dist/tex/latex/oberdiek/auxhook.sty)
(/usr/share/texlive/texmf-dist/tex/latex/oberdiek/kvoptions.sty)
(/usr/share/texlive/texmf-dist/tex/latex/hyperref/pd1enc.def)
(/usr/share/texlive/texmf-dist/tex/latex/latexconfig/hyperref.cfg)
(/usr/share/texlive/texmf-dist/tex/latex/url/url.sty))

Package hyperref Message: Driver (autodetected): hpdftex.

(/usr/share/texlive/texmf-dist/tex/latex/hyperref/hpdftex.def
(/usr/share/texlive/texmf-dist/tex/latex/oberdiek/rerunfilecheck.sty))
(/usr/share/texlive/texmf-dist/tex/latex/etex-pkg/etex.sty))
(data/saetze-baeuerle.sty) (data/faktor.sty)
(/usr/share/texlive/texmf-dist/tex/latex/tools/enumerate.sty)
(/usr/share/texmf/tex/latex/pgf/frontendlayer/tikz.sty
(/usr/share/texmf/tex/latex/pgf/basiclayer/pgf.sty
(/usr/share/texmf/tex/latex/pgf/utilities/pgfrcs.sty
(/usr/share/texmf/tex/generic/pgf/utilities/pgfutil-common.tex)
(/usr/share/texmf/tex/generic/pgf/utilities/pgfutil-latex.def
(/usr/share/texlive/texmf-dist/tex/latex/ms/everyshi.sty))
(/usr/share/texmf/tex/generic/pgf/utilities/pgfrcs.code.tex))
(/usr/share/texmf/tex/latex/pgf/basiclayer/pgfcore.sty
(/usr/share/texlive/texmf-dist/tex/latex/graphics/graphicx.sty
(/usr/share/texlive/texmf-dist/tex/latex/graphics/graphics.sty
(/usr/share/texlive/texmf-dist/tex/latex/graphics/trig.sty)
(/usr/share/texlive/texmf-dist/tex/latex/latexconfig/graphics.cfg)))
(/usr/share/texmf/tex/latex/pgf/systemlayer/pgfsys.sty
(/usr/share/texmf/tex/generic/pgf/systemlayer/pgfsys.code.tex
(/usr/share/texmf/tex/generic/pgf/utilities/pgfkeys.code.tex)
(/usr/share/texmf/tex/generic/pgf/systemlayer/pgf.cfg)
(/usr/share/texmf/tex/generic/pgf/systemlayer/pgfsys-pdftex.def
(/usr/share/texmf/tex/generic/pgf/systemlayer/pgfsys-common-pdf.def)))
(/usr/share/texmf/tex/generic/pgf/systemlayer/pgfsyssoftpath.code.tex)
(/usr/share/texmf/tex/generic/pgf/systemlayer/pgfsysprotocol.code.tex))
(/usr/share/texmf/tex/generic/pgf/basiclayer/pgfcore.code.tex
(/usr/share/texmf/tex/generic/pgf/math/pgfmath.code.tex
(/usr/share/texmf/tex/generic/pgf/math/pgfmathcalc.code.tex
(/usr/share/texmf/tex/generic/pgf/math/pgfmathutil.code.tex)
(/usr/share/texmf/tex/generic/pgf/math/pgfmathparser.code.tex)
(/usr/share/texmf/tex/generic/pgf/math/pgfmathfunctions.code.tex
(/usr/share/texmf/tex/generic/pgf/math/pgfmathfunctions.basic.code.tex)
(/usr/share/texmf/tex/generic/pgf/math/pgfmathfunctions.trigonometric.code.tex)
(/usr/share/texmf/tex/generic/pgf/math/pgfmathfunctions.random.code.tex)
(/usr/share/texmf/tex/generic/pgf/math/pgfmathfunctions.comparison.code.tex)
(/usr/share/texmf/tex/generic/pgf/math/pgfmathfunctions.base.code.tex)
(/usr/share/texmf/tex/generic/pgf/math/pgfmathfunctions.round.code.tex)
(/usr/share/texmf/tex/generic/pgf/math/pgfmathfunctions.misc.code.tex)))
(/usr/share/texmf/tex/generic/pgf/math/pgfmathfloat.code.tex))
(/usr/share/texmf/tex/generic/pgf/basiclayer/pgfcorepoints.code.tex)
(/usr/share/texmf/tex/generic/pgf/basiclayer/pgfcorepathconstruct.code.tex)
(/usr/share/texmf/tex/generic/pgf/basiclayer/pgfcorepathusage.code.tex)
(/usr/share/texmf/tex/generic/pgf/basiclayer/pgfcorescopes.code.tex)
(/usr/share/texmf/tex/generic/pgf/basiclayer/pgfcoregraphicstate.code.tex)
(/usr/share/texmf/tex/generic/pgf/basiclayer/pgfcoretransformations.code.tex)
(/usr/share/texmf/tex/generic/pgf/basiclayer/pgfcorequick.code.tex)
(/usr/share/texmf/tex/generic/pgf/basiclayer/pgfcoreobjects.code.tex)
(/usr/share/texmf/tex/generic/pgf/basiclayer/pgfcorepathprocessing.code.tex)
(/usr/share/texmf/tex/generic/pgf/basiclayer/pgfcorearrows.code.tex)
(/usr/share/texmf/tex/generic/pgf/basiclayer/pgfcoreshade.code.tex)
(/usr/share/texmf/tex/generic/pgf/basiclayer/pgfcoreimage.code.tex
(/usr/share/texmf/tex/generic/pgf/basiclayer/pgfcoreexternal.code.tex))
(/usr/share/texmf/tex/generic/pgf/basiclayer/pgfcorelayers.code.tex)
(/usr/share/texmf/tex/generic/pgf/basiclayer/pgfcoretransparency.code.tex)
(/usr/share/texmf/tex/generic/pgf/basiclayer/pgfcorepatterns.code.tex)))
(/usr/share/texmf/tex/generic/pgf/modules/pgfmoduleshapes.code.tex)
(/usr/share/texmf/tex/generic/pgf/modules/pgfmoduleplot.code.tex)
(/usr/share/texmf/tex/latex/pgf/compatibility/pgfcomp-version-0-65.sty)
(/usr/share/texmf/tex/latex/pgf/compatibility/pgfcomp-version-1-18.sty))
(/usr/share/texmf/tex/latex/pgf/utilities/pgffor.sty
(/usr/share/texmf/tex/latex/pgf/utilities/pgfkeys.sty
(/usr/share/texmf/tex/generic/pgf/utilities/pgfkeys.code.tex))
(/usr/share/texmf/tex/generic/pgf/utilities/pgffor.code.tex))
(/usr/share/texmf/tex/generic/pgf/frontendlayer/tikz/tikz.code.tex
(/usr/share/texmf/tex/generic/pgf/libraries/pgflibraryplothandlers.code.tex)
(/usr/share/texmf/tex/generic/pgf/modules/pgfmodulematrix.code.tex)
(/usr/share/texmf/tex/generic/pgf/frontendlayer/tikz/libraries/tikzlibrarytopat
hs.code.tex))) (/usr/share/texlive/texmf-dist/tex/latex/carlisle/remreset.sty)
Writing index file StochProz.idx
(./StochProz.aux) (/usr/share/texlive/texmf-dist/tex/context/base/supp-pdf.mkii

[Loading MPS to PDF converter (version 2006.09.02).]
) (/usr/share/texlive/texmf-dist/tex/latex/hyperref/nameref.sty
(/usr/share/texlive/texmf-dist/tex/generic/oberdiek/gettitlestring.sty))
(./StochProz.out) (./StochProz.out) ABD: EveryShipout initializing macros
(/usr/share/texlive/texmf-dist/tex/latex/oberdiek/epstopdf-base.sty
(/usr/share/texlive/texmf-dist/tex/latex/oberdiek/grfext.sty)
(/usr/share/texlive/texmf-dist/tex/latex/latexconfig/epstopdf-sys.cfg))
(/usr/share/texlive/texmf-dist/tex/latex/base/t1cmss.fd)
(/usr/share/texlive/texmf-dist/tex/latex/amsfonts/umsa.fd)
(/usr/share/texlive/texmf-dist/tex/latex/amsfonts/umsb.fd)
(/usr/share/texlive/texmf-dist/tex/latex/stmaryrd/Ustmry.fd)
(/usr/share/texlive/texmf-dist/tex/latex/wasysym/uwasy.fd)
(/usr/share/texlive/texmf-dist/tex/latex/jknapltx/ursfs.fd)
(/usr/share/texlive/texmf-dist/tex/latex/base/t1cmtt.fd) [1
Non-PDF special ignored!
Non-PDF special ignored!
Non-PDF special ignored!
Non-PDF special ignored!
Non-PDF special ignored!
Non-PDF special ignored!
Non-PDF special ignored!{/var/lib/texmf/fonts/map/pdftex/updmap/pdftex.map}]
[2] (./StochProz.toc) [3] [4] [5] [6]
Kapitel I.
[7] [8] [9] (/usr/share/texlive/texmf-dist/tex/latex/base/omscmr.fd) [10]
[11] [12] [13] [14] [15]
Underfull \vbox (badness 10000) has occurred while \output is active [16]
[17] [18] [19] [20] [21] [22] [23]
Underfull \vbox (badness 2080) has occurred while \output is active [24]
[25] [26] [27] [28] [29] [30]
Kapitel II.
(/usr/share/texlive/texmf-dist/tex/latex/amsfonts/ueuf.fd) [31] [32] [33]
Overfull \hbox (6.61917pt too wide) in paragraph at lines 1423--1424
[]\T1/cmr/m/n/10.95 Diese Aus-sa-gen kön-nen jetzt auf Stopp-zei-ten ver-all-ge
-mei-nert wer-den. Es sei da-zu $\OMS/cmsy/m/n/10.95 F[] [] \OML/cmm/m/it/10.95
 ^^[\OT1/cmr/m/n/10.95 (\OMS/cmsy/m/n/10.95 f\OML/cmm/m/it/10.95 N[]; s \OMS/cm
sy/m/n/10.95 ^^T
[34] [35]
Overfull \hbox (6.76414pt too wide) in paragraph at lines 1511--1511
[] 
[36] [37] [38] [39]
Underfull \hbox (badness 10000) in paragraph at lines 1737--1740

[40] [41] [42] [43] [44] [45] [46]
Kapitel III.
[47]
Overfull \hbox (13.06729pt too wide) in paragraph at lines 1998--1999
\T1/cmr/m/n/10.95 funk-ti-on be-reits al-le endlich-dimensionalen Ver-tei-lun-g
en. Da für $\OML/cmm/m/it/10.95 T[] \OT1/cmr/m/n/10.95 = \OMS/cmsy/m/n/10.95 f\
OML/cmm/m/it/10.95 t[]; [] ; t[]\OMS/cmsy/m/n/10.95 g$ \T1/cmr/m/n/10.95 und $\
OML/cmm/m/it/10.95 B[]; [] ; B[] \OMS/cmsy/m/n/10.95 2
[48] [49] [50]
Underfull \vbox (badness 4556) has occurred while \output is active [51]
[52] [53]
Overfull \hbox (17.51791pt too wide) in paragraph at lines 2292--2294
\T1/cmr/m/n/10.95 Daraus folgt, dass $\OT1/cmr/m/n/10.95 (\OML/cmm/m/it/10.95 X
[]; [] ; X[]\OT1/cmr/m/n/10.95 )$ \T1/cmr/m/n/10.95 nor-mal-ver-teilt ist mit $
\OML/cmm/m/it/10.95 EX[] \OT1/cmr/m/n/10.95 = 0$ \T1/cmr/m/n/10.95 für al-le $\
OML/cmm/m/it/10.95 t \OMS/cmsy/m/n/10.95 2 \OT1/cmr/m/n/10.95 [0\OML/cmm/m/it/1
0.95 ; \OT1/cmr/m/n/10.95 1]$ \T1/cmr/m/n/10.95 und $[]\OT1/cmr/m/n/10.95 (\OML
/cmm/m/it/10.95 X[]; X[]\OT1/cmr/m/n/10.95 ) =
[54] [55]
Underfull \hbox (badness 10000) in paragraph at lines 2374--2376

[56] [57]
Overfull \hbox (0.96434pt too wide) in paragraph at lines 2461--2462
[]\T1/cmr/m/n/10.95 Eine Fa-mi-lie $\OT1/cmr/m/n/10.95 (\OML/cmm/m/it/10.95 P[]
\OT1/cmr/m/n/10.95 )[]$ \T1/cmr/m/n/10.95 von sto-chas-ti-schen Ker-nen von $\O
T1/cmr/m/n/10.95 (\U/msb/m/n/10.95 R\OML/cmm/m/it/10.95 ; \U/euf/m/n/10.95 B\OT
1/cmr/m/n/10.95 )$ \T1/cmr/m/n/10.95 nach $\OT1/cmr/m/n/10.95 (\U/msb/m/n/10.95
 R\OML/cmm/m/it/10.95 ; \U/euf/m/n/10.95 B\OT1/cmr/m/n/10.95 )$ \T1/cmr/m/n/10.
95 heiÿt \T1/cmr/m/it/10.95 Markov-Halbgruppe[]
[58] [59] [60] [61] [62] [63] [64]
Underfull \vbox (badness 4156) has occurred while \output is active [65]
[66]
Underfull \hbox (badness 10000) in paragraph at lines 2898--2899

[67]
Overfull \hbox (14.70538pt too wide) in paragraph at lines 2940--2942
\T1/cmr/m/n/10.95 Sei $\OML/cmm/m/it/10.95 ^^X[]; ^^X[]; [] $ \T1/cmr/m/n/10.95
 ei-ne Fol-ge von un-ab-hän-gig iden-tisch ver-teil-ten Zu-falls-va-ria-blen, m
it $\OML/cmm/m/it/10.95 E^^X[] \OT1/cmr/m/n/10.95 = 0\OML/cmm/m/it/10.95 ; []\O
T1/cmr/m/n/10.95 (\OML/cmm/m/it/10.95 ^^X[]\OT1/cmr/m/n/10.95 ) =
[68] [69] [70] [71] [72] [73] [74] [75] [76]
** Generating table of satz,beispiel
(./StochProz.thm)
No file StochProz.ind.
[77] (./StochProz.aux) )
(see the transcript file for additional information){/usr/share/texmf/fonts/enc
/dvips/cm-super/cm-super-t1.enc}</usr/share/texlive/texmf-dist/fonts/type1/publ
ic/amsfonts/cm/cmex10.pfb></usr/share/texlive/texmf-dist/fonts/type1/public/ams
fonts/cm/cmmi10.pfb></usr/share/texlive/texmf-dist/fonts/type1/public/amsfonts/
cm/cmmi6.pfb></usr/share/texlive/texmf-dist/fonts/type1/public/amsfonts/cm/cmmi
8.pfb></usr/share/texlive/texmf-dist/fonts/type1/public/amsfonts/cm/cmmi9.pfb><
/usr/share/texlive/texmf-dist/fonts/type1/public/amsfonts/cm/cmr10.pfb></usr/sh
are/texlive/texmf-dist/fonts/type1/public/amsfonts/cm/cmr6.pfb></usr/share/texl
ive/texmf-dist/fonts/type1/public/amsfonts/cm/cmr8.pfb></usr/share/texlive/texm
f-dist/fonts/type1/public/amsfonts/cm/cmr9.pfb></usr/share/texlive/texmf-dist/f
onts/type1/public/amsfonts/cm/cmsy10.pfb></usr/share/texlive/texmf-dist/fonts/t
ype1/public/amsfonts/cm/cmsy6.pfb></usr/share/texlive/texmf-dist/fonts/type1/pu
blic/amsfonts/cm/cmsy8.pfb></usr/share/texlive/texmf-dist/fonts/type1/public/am
sfonts/euler/eufm10.pfb></usr/share/texlive/texmf-dist/fonts/type1/public/amsfo
nts/symbols/msam10.pfb></usr/share/texlive/texmf-dist/fonts/type1/public/amsfon
ts/symbols/msbm10.pfb></usr/share/texmf/fonts/type1/public/cm-super/sfbx1095.pf
b></usr/share/texmf/fonts/type1/public/cm-super/sfrm0600.pfb></usr/share/texmf/
fonts/type1/public/cm-super/sfrm0800.pfb></usr/share/texmf/fonts/type1/public/c
m-super/sfrm0900.pfb></usr/share/texmf/fonts/type1/public/cm-super/sfrm1095.pfb
></usr/share/texmf/fonts/type1/public/cm-super/sfrm1440.pfb></usr/share/texmf/f
onts/type1/public/cm-super/sfsl1095.pfb></usr/share/texmf/fonts/type1/public/cm
-super/sfsx1095.pfb></usr/share/texmf/fonts/type1/public/cm-super/sfsx1200.pfb>
</usr/share/texmf/fonts/type1/public/cm-super/sfsx1440.pfb></usr/share/texmf/fo
nts/type1/public/cm-super/sfsx2074.pfb></usr/share/texmf/fonts/type1/public/cm-
super/sfti1095.pfb></usr/share/texmf/fonts/type1/public/cm-super/sftt1095.pfb><
/usr/share/texmf/fonts/type1/public/cm-super/sftt1440.pfb></usr/share/texlive/t
exmf-dist/fonts/type1/public/wasy/wasy10.pfb>
Output written on StochProz.pdf (77 pages, 739054 bytes).
Transcript written on StochProz.log.
Result: ExitSuccess

Running /usr/bin/pdflatex StochProz.tex in an env with 4 entries:
This is pdfTeX, Version 3.1415926-2.5-1.40.14 (TeX Live 2013/Debian)
 restricted \write18 enabled.
entering extended mode
(data/StochProz.tex
LaTeX2e <2011/06/27>
Babel <3.9h> and hyphenation patterns for 78 languages loaded.
(/usr/share/texlive/texmf-dist/tex/latex/koma-script/scrbook.cls
Document Class: scrbook 2013/12/19 v3.12 KOMA-Script document class (book)
(/usr/share/texlive/texmf-dist/tex/latex/koma-script/scrkbase.sty
(/usr/share/texlive/texmf-dist/tex/latex/koma-script/scrbase.sty
(/usr/share/texlive/texmf-dist/tex/latex/graphics/keyval.sty)
(/usr/share/texlive/texmf-dist/tex/latex/koma-script/scrlfile.sty
Package scrlfile, 2013/12/19 v3.12 KOMA-Script package (loading files)
                  Copyright (C) Markus Kohm

))) (/usr/share/texlive/texmf-dist/tex/latex/koma-script/tocbasic.sty)
(/usr/share/texlive/texmf-dist/tex/latex/koma-script/scrsize11pt.clo)
(/usr/share/texlive/texmf-dist/tex/latex/koma-script/typearea.sty
Package typearea, 2013/12/19 v3.12 KOMA-Script package (type area)
                  Copyright (C) Frank Neukam, 1992-1994
                  Copyright (C) Markus Kohm, 1994-

)) (data/mathe.sty (data/latexki.sty)
(/usr/share/texlive/texmf-dist/tex/latex/base/inputenc.sty
(/usr/share/texlive/texmf-dist/tex/latex/base/utf8.def
(/usr/share/texlive/texmf-dist/tex/latex/base/t1enc.dfu)
(/usr/share/texlive/texmf-dist/tex/latex/base/ot1enc.dfu)
(/usr/share/texlive/texmf-dist/tex/latex/base/omsenc.dfu)))
(/usr/share/texlive/texmf-dist/tex/generic/babel/babel.sty
(/usr/share/texlive/texmf-dist/tex/generic/babel-german/ngermanb.ldf
(/usr/share/texlive/texmf-dist/tex/generic/babel/babel.def)))
(/usr/share/texlive/texmf-dist/tex/latex/base/fontenc.sty
(/usr/share/texlive/texmf-dist/tex/latex/base/t1enc.def))
(/usr/share/texlive/texmf-dist/tex/latex/amsfonts/amsfonts.sty)
(/usr/share/texlive/texmf-dist/tex/latex/amsfonts/amssymb.sty)
(/usr/share/texlive/texmf-dist/tex/latex/amsmath/amsmath.sty
For additional information on amsmath, use the `?' option.
(/usr/share/texlive/texmf-dist/tex/latex/amsmath/amstext.sty
(/usr/share/texlive/texmf-dist/tex/latex/amsmath/amsgen.sty))
(/usr/share/texlive/texmf-dist/tex/latex/amsmath/amsbsy.sty)
(/usr/share/texlive/texmf-dist/tex/latex/amsmath/amsopn.sty))
(/usr/share/texlive/texmf-dist/tex/latex/stmaryrd/stmaryrd.sty)
(/usr/share/texlive/texmf-dist/tex/latex/tools/verbatim.sty)
(/usr/share/texlive/texmf-dist/tex/latex/base/ifthen.sty)
(/usr/share/texlive/texmf-dist/tex/latex/ntheorem/ntheorem.sty
Style `ntheorem', Version 1.33 <2011/08/15>
) (/usr/share/texlive/texmf-dist/tex/latex/framed/framed.sty)
(/usr/share/texlive/texmf-dist/tex/latex/pstricks/pstricks.sty
(/usr/share/texlive/texmf-dist/tex/generic/oberdiek/ifpdf.sty)
(/usr/share/texlive/texmf-dist/tex/generic/pstricks/pstricks.tex
(/usr/share/texlive/texmf-dist/tex/generic/xkeyval/pst-xkey.tex
(/usr/share/texlive/texmf-dist/tex/latex/xkeyval/xkeyval.sty
(/usr/share/texlive/texmf-dist/tex/generic/xkeyval/xkeyval.tex)))
(/usr/share/texlive/texmf-dist/tex/generic/pstricks/pst-fp.tex
`pst-fp' v0.05, 2010/01/17 (hv))
(/usr/share/texmf/tex/generic/pgf/utilities/pgfutil-common.tex)
(/usr/share/texmf/tex/generic/pgf/utilities/pgfkeys.code.tex
(/usr/share/texmf/tex/generic/pgf/utilities/pgfkeysfiltered.code.tex))
(/usr/share/texmf/tex/generic/pgf/utilities/pgffor.code.tex)
`PSTricks' v2.51  <2014/02/03> (tvz)
(/usr/share/texlive/texmf-dist/tex/generic/pstricks/pstricks.con))
(/usr/share/texlive/texmf-dist/tex/generic/pstricks/pst-fp.tex)
(/usr/share/texmf/tex/latex/xcolor/xcolor.sty
(/usr/share/texlive/texmf-dist/tex/latex/latexconfig/color.cfg)
(/usr/share/texlive/texmf-dist/tex/latex/pdftex-def/pdftex.def
(/usr/share/texlive/texmf-dist/tex/generic/oberdiek/infwarerr.sty)
(/usr/share/texlive/texmf-dist/tex/generic/oberdiek/ltxcmds.sty))))
(/usr/share/texlive/texmf-dist/tex/latex/carlisle/slashed.sty)
(/usr/share/texlive/texmf-dist/tex/latex/base/makeidx.sty)
(/usr/share/texlive/texmf-dist/tex/latex/wasysym/wasysym.sty)
(/usr/share/texlive/texmf-dist/tex/latex/jknapltx/mathrsfs.sty)
(/usr/share/texlive/texmf-dist/tex/latex/mh/mathtools.sty
(/usr/share/texlive/texmf-dist/tex/latex/tools/calc.sty)
(/usr/share/texlive/texmf-dist/tex/latex/mh/mhsetup.sty))
(/usr/share/texlive/texmf-dist/tex/latex/doublestroke/dsfont.sty)
(/usr/share/texlive/texmf-dist/tex/latex/hyperref/hyperref.sty
(/usr/share/texlive/texmf-dist/tex/generic/oberdiek/hobsub-hyperref.sty
(/usr/share/texlive/texmf-dist/tex/generic/oberdiek/hobsub-generic.sty))
(/usr/share/texlive/texmf-dist/tex/generic/ifxetex/ifxetex.sty)
(/usr/share/texlive/texmf-dist/tex/latex/oberdiek/auxhook.sty)
(/usr/share/texlive/texmf-dist/tex/latex/oberdiek/kvoptions.sty)
(/usr/share/texlive/texmf-dist/tex/latex/hyperref/pd1enc.def)
(/usr/share/texlive/texmf-dist/tex/latex/latexconfig/hyperref.cfg)
(/usr/share/texlive/texmf-dist/tex/latex/url/url.sty))

Package hyperref Message: Driver (autodetected): hpdftex.

(/usr/share/texlive/texmf-dist/tex/latex/hyperref/hpdftex.def
(/usr/share/texlive/texmf-dist/tex/latex/oberdiek/rerunfilecheck.sty))
(/usr/share/texlive/texmf-dist/tex/latex/etex-pkg/etex.sty))
(data/saetze-baeuerle.sty) (data/faktor.sty)
(/usr/share/texlive/texmf-dist/tex/latex/tools/enumerate.sty)
(/usr/share/texmf/tex/latex/pgf/frontendlayer/tikz.sty
(/usr/share/texmf/tex/latex/pgf/basiclayer/pgf.sty
(/usr/share/texmf/tex/latex/pgf/utilities/pgfrcs.sty
(/usr/share/texmf/tex/generic/pgf/utilities/pgfutil-common.tex)
(/usr/share/texmf/tex/generic/pgf/utilities/pgfutil-latex.def
(/usr/share/texlive/texmf-dist/tex/latex/ms/everyshi.sty))
(/usr/share/texmf/tex/generic/pgf/utilities/pgfrcs.code.tex))
(/usr/share/texmf/tex/latex/pgf/basiclayer/pgfcore.sty
(/usr/share/texlive/texmf-dist/tex/latex/graphics/graphicx.sty
(/usr/share/texlive/texmf-dist/tex/latex/graphics/graphics.sty
(/usr/share/texlive/texmf-dist/tex/latex/graphics/trig.sty)
(/usr/share/texlive/texmf-dist/tex/latex/latexconfig/graphics.cfg)))
(/usr/share/texmf/tex/latex/pgf/systemlayer/pgfsys.sty
(/usr/share/texmf/tex/generic/pgf/systemlayer/pgfsys.code.tex
(/usr/share/texmf/tex/generic/pgf/utilities/pgfkeys.code.tex)
(/usr/share/texmf/tex/generic/pgf/systemlayer/pgf.cfg)
(/usr/share/texmf/tex/generic/pgf/systemlayer/pgfsys-pdftex.def
(/usr/share/texmf/tex/generic/pgf/systemlayer/pgfsys-common-pdf.def)))
(/usr/share/texmf/tex/generic/pgf/systemlayer/pgfsyssoftpath.code.tex)
(/usr/share/texmf/tex/generic/pgf/systemlayer/pgfsysprotocol.code.tex))
(/usr/share/texmf/tex/generic/pgf/basiclayer/pgfcore.code.tex
(/usr/share/texmf/tex/generic/pgf/math/pgfmath.code.tex
(/usr/share/texmf/tex/generic/pgf/math/pgfmathcalc.code.tex
(/usr/share/texmf/tex/generic/pgf/math/pgfmathutil.code.tex)
(/usr/share/texmf/tex/generic/pgf/math/pgfmathparser.code.tex)
(/usr/share/texmf/tex/generic/pgf/math/pgfmathfunctions.code.tex
(/usr/share/texmf/tex/generic/pgf/math/pgfmathfunctions.basic.code.tex)
(/usr/share/texmf/tex/generic/pgf/math/pgfmathfunctions.trigonometric.code.tex)
(/usr/share/texmf/tex/generic/pgf/math/pgfmathfunctions.random.code.tex)
(/usr/share/texmf/tex/generic/pgf/math/pgfmathfunctions.comparison.code.tex)
(/usr/share/texmf/tex/generic/pgf/math/pgfmathfunctions.base.code.tex)
(/usr/share/texmf/tex/generic/pgf/math/pgfmathfunctions.round.code.tex)
(/usr/share/texmf/tex/generic/pgf/math/pgfmathfunctions.misc.code.tex)))
(/usr/share/texmf/tex/generic/pgf/math/pgfmathfloat.code.tex))
(/usr/share/texmf/tex/generic/pgf/basiclayer/pgfcorepoints.code.tex)
(/usr/share/texmf/tex/generic/pgf/basiclayer/pgfcorepathconstruct.code.tex)
(/usr/share/texmf/tex/generic/pgf/basiclayer/pgfcorepathusage.code.tex)
(/usr/share/texmf/tex/generic/pgf/basiclayer/pgfcorescopes.code.tex)
(/usr/share/texmf/tex/generic/pgf/basiclayer/pgfcoregraphicstate.code.tex)
(/usr/share/texmf/tex/generic/pgf/basiclayer/pgfcoretransformations.code.tex)
(/usr/share/texmf/tex/generic/pgf/basiclayer/pgfcorequick.code.tex)
(/usr/share/texmf/tex/generic/pgf/basiclayer/pgfcoreobjects.code.tex)
(/usr/share/texmf/tex/generic/pgf/basiclayer/pgfcorepathprocessing.code.tex)
(/usr/share/texmf/tex/generic/pgf/basiclayer/pgfcorearrows.code.tex)
(/usr/share/texmf/tex/generic/pgf/basiclayer/pgfcoreshade.code.tex)
(/usr/share/texmf/tex/generic/pgf/basiclayer/pgfcoreimage.code.tex
(/usr/share/texmf/tex/generic/pgf/basiclayer/pgfcoreexternal.code.tex))
(/usr/share/texmf/tex/generic/pgf/basiclayer/pgfcorelayers.code.tex)
(/usr/share/texmf/tex/generic/pgf/basiclayer/pgfcoretransparency.code.tex)
(/usr/share/texmf/tex/generic/pgf/basiclayer/pgfcorepatterns.code.tex)))
(/usr/share/texmf/tex/generic/pgf/modules/pgfmoduleshapes.code.tex)
(/usr/share/texmf/tex/generic/pgf/modules/pgfmoduleplot.code.tex)
(/usr/share/texmf/tex/latex/pgf/compatibility/pgfcomp-version-0-65.sty)
(/usr/share/texmf/tex/latex/pgf/compatibility/pgfcomp-version-1-18.sty))
(/usr/share/texmf/tex/latex/pgf/utilities/pgffor.sty
(/usr/share/texmf/tex/latex/pgf/utilities/pgfkeys.sty
(/usr/share/texmf/tex/generic/pgf/utilities/pgfkeys.code.tex))
(/usr/share/texmf/tex/generic/pgf/utilities/pgffor.code.tex))
(/usr/share/texmf/tex/generic/pgf/frontendlayer/tikz/tikz.code.tex
(/usr/share/texmf/tex/generic/pgf/libraries/pgflibraryplothandlers.code.tex)
(/usr/share/texmf/tex/generic/pgf/modules/pgfmodulematrix.code.tex)
(/usr/share/texmf/tex/generic/pgf/frontendlayer/tikz/libraries/tikzlibrarytopat
hs.code.tex))) (/usr/share/texlive/texmf-dist/tex/latex/carlisle/remreset.sty)
Writing index file StochProz.idx
(./StochProz.aux) (/usr/share/texlive/texmf-dist/tex/context/base/supp-pdf.mkii

[Loading MPS to PDF converter (version 2006.09.02).]
) (/usr/share/texlive/texmf-dist/tex/latex/hyperref/nameref.sty
(/usr/share/texlive/texmf-dist/tex/generic/oberdiek/gettitlestring.sty))
(./StochProz.out) (./StochProz.out) ABD: EveryShipout initializing macros
(/usr/share/texlive/texmf-dist/tex/latex/oberdiek/epstopdf-base.sty
(/usr/share/texlive/texmf-dist/tex/latex/oberdiek/grfext.sty)
(/usr/share/texlive/texmf-dist/tex/latex/latexconfig/epstopdf-sys.cfg))
(/usr/share/texlive/texmf-dist/tex/latex/base/t1cmss.fd)
(/usr/share/texlive/texmf-dist/tex/latex/amsfonts/umsa.fd)
(/usr/share/texlive/texmf-dist/tex/latex/amsfonts/umsb.fd)
(/usr/share/texlive/texmf-dist/tex/latex/stmaryrd/Ustmry.fd)
(/usr/share/texlive/texmf-dist/tex/latex/wasysym/uwasy.fd)
(/usr/share/texlive/texmf-dist/tex/latex/jknapltx/ursfs.fd)
(/usr/share/texlive/texmf-dist/tex/latex/base/t1cmtt.fd) [1
Non-PDF special ignored!
Non-PDF special ignored!
Non-PDF special ignored!
Non-PDF special ignored!
Non-PDF special ignored!
Non-PDF special ignored!
Non-PDF special ignored!{/var/lib/texmf/fonts/map/pdftex/updmap/pdftex.map}]
[2] (./StochProz.toc) [3] [4] [5] [6]
Kapitel I.
[7] [8] [9] (/usr/share/texlive/texmf-dist/tex/latex/base/omscmr.fd) [10]
[11] [12] [13] [14] [15]
Underfull \vbox (badness 10000) has occurred while \output is active [16]
[17] [18] [19] [20] [21] [22] [23]
Underfull \vbox (badness 2080) has occurred while \output is active [24]
[25] [26] [27] [28] [29] [30]
Kapitel II.
(/usr/share/texlive/texmf-dist/tex/latex/amsfonts/ueuf.fd) [31] [32] [33]
Overfull \hbox (6.61917pt too wide) in paragraph at lines 1423--1424
[]\T1/cmr/m/n/10.95 Diese Aus-sa-gen kön-nen jetzt auf Stopp-zei-ten ver-all-ge
-mei-nert wer-den. Es sei da-zu $\OMS/cmsy/m/n/10.95 F[] [] \OML/cmm/m/it/10.95
 ^^[\OT1/cmr/m/n/10.95 (\OMS/cmsy/m/n/10.95 f\OML/cmm/m/it/10.95 N[]; s \OMS/cm
sy/m/n/10.95 ^^T
[34] [35]
Overfull \hbox (6.76414pt too wide) in paragraph at lines 1511--1511
[] 
[36] [37] [38] [39]
Underfull \hbox (badness 10000) in paragraph at lines 1737--1740

[40] [41] [42] [43] [44] [45] [46]
Kapitel III.
[47]
Overfull \hbox (13.06729pt too wide) in paragraph at lines 1998--1999
\T1/cmr/m/n/10.95 funk-ti-on be-reits al-le endlich-dimensionalen Ver-tei-lun-g
en. Da für $\OML/cmm/m/it/10.95 T[] \OT1/cmr/m/n/10.95 = \OMS/cmsy/m/n/10.95 f\
OML/cmm/m/it/10.95 t[]; [] ; t[]\OMS/cmsy/m/n/10.95 g$ \T1/cmr/m/n/10.95 und $\
OML/cmm/m/it/10.95 B[]; [] ; B[] \OMS/cmsy/m/n/10.95 2
[48] [49] [50]
Underfull \vbox (badness 4556) has occurred while \output is active [51]
[52] [53]
Overfull \hbox (17.51791pt too wide) in paragraph at lines 2292--2294
\T1/cmr/m/n/10.95 Daraus folgt, dass $\OT1/cmr/m/n/10.95 (\OML/cmm/m/it/10.95 X
[]; [] ; X[]\OT1/cmr/m/n/10.95 )$ \T1/cmr/m/n/10.95 nor-mal-ver-teilt ist mit $
\OML/cmm/m/it/10.95 EX[] \OT1/cmr/m/n/10.95 = 0$ \T1/cmr/m/n/10.95 für al-le $\
OML/cmm/m/it/10.95 t \OMS/cmsy/m/n/10.95 2 \OT1/cmr/m/n/10.95 [0\OML/cmm/m/it/1
0.95 ; \OT1/cmr/m/n/10.95 1]$ \T1/cmr/m/n/10.95 und $[]\OT1/cmr/m/n/10.95 (\OML
/cmm/m/it/10.95 X[]; X[]\OT1/cmr/m/n/10.95 ) =
[54] [55]
Underfull \hbox (badness 10000) in paragraph at lines 2374--2376

[56] [57]
Overfull \hbox (0.96434pt too wide) in paragraph at lines 2461--2462
[]\T1/cmr/m/n/10.95 Eine Fa-mi-lie $\OT1/cmr/m/n/10.95 (\OML/cmm/m/it/10.95 P[]
\OT1/cmr/m/n/10.95 )[]$ \T1/cmr/m/n/10.95 von sto-chas-ti-schen Ker-nen von $\O
T1/cmr/m/n/10.95 (\U/msb/m/n/10.95 R\OML/cmm/m/it/10.95 ; \U/euf/m/n/10.95 B\OT
1/cmr/m/n/10.95 )$ \T1/cmr/m/n/10.95 nach $\OT1/cmr/m/n/10.95 (\U/msb/m/n/10.95
 R\OML/cmm/m/it/10.95 ; \U/euf/m/n/10.95 B\OT1/cmr/m/n/10.95 )$ \T1/cmr/m/n/10.
95 heiÿt \T1/cmr/m/it/10.95 Markov-Halbgruppe[]
[58] [59] [60] [61] [62] [63] [64]
Underfull \vbox (badness 4156) has occurred while \output is active [65]
[66]
Underfull \hbox (badness 10000) in paragraph at lines 2898--2899

[67]
Overfull \hbox (14.70538pt too wide) in paragraph at lines 2940--2942
\T1/cmr/m/n/10.95 Sei $\OML/cmm/m/it/10.95 ^^X[]; ^^X[]; [] $ \T1/cmr/m/n/10.95
 ei-ne Fol-ge von un-ab-hän-gig iden-tisch ver-teil-ten Zu-falls-va-ria-blen, m
it $\OML/cmm/m/it/10.95 E^^X[] \OT1/cmr/m/n/10.95 = 0\OML/cmm/m/it/10.95 ; []\O
T1/cmr/m/n/10.95 (\OML/cmm/m/it/10.95 ^^X[]\OT1/cmr/m/n/10.95 ) =
[68] [69] [70] [71] [72] [73] [74] [75] [76]
** Generating table of satz,beispiel
(./StochProz.thm)
No file StochProz.ind.
[77] (./StochProz.aux) )
(see the transcript file for additional information){/usr/share/texmf/fonts/enc
/dvips/cm-super/cm-super-t1.enc}</usr/share/texlive/texmf-dist/fonts/type1/publ
ic/amsfonts/cm/cmex10.pfb></usr/share/texlive/texmf-dist/fonts/type1/public/ams
fonts/cm/cmmi10.pfb></usr/share/texlive/texmf-dist/fonts/type1/public/amsfonts/
cm/cmmi6.pfb></usr/share/texlive/texmf-dist/fonts/type1/public/amsfonts/cm/cmmi
8.pfb></usr/share/texlive/texmf-dist/fonts/type1/public/amsfonts/cm/cmmi9.pfb><
/usr/share/texlive/texmf-dist/fonts/type1/public/amsfonts/cm/cmr10.pfb></usr/sh
are/texlive/texmf-dist/fonts/type1/public/amsfonts/cm/cmr6.pfb></usr/share/texl
ive/texmf-dist/fonts/type1/public/amsfonts/cm/cmr8.pfb></usr/share/texlive/texm
f-dist/fonts/type1/public/amsfonts/cm/cmr9.pfb></usr/share/texlive/texmf-dist/f
onts/type1/public/amsfonts/cm/cmsy10.pfb></usr/share/texlive/texmf-dist/fonts/t
ype1/public/amsfonts/cm/cmsy6.pfb></usr/share/texlive/texmf-dist/fonts/type1/pu
blic/amsfonts/cm/cmsy8.pfb></usr/share/texlive/texmf-dist/fonts/type1/public/am
sfonts/euler/eufm10.pfb></usr/share/texlive/texmf-dist/fonts/type1/public/amsfo
nts/symbols/msam10.pfb></usr/share/texlive/texmf-dist/fonts/type1/public/amsfon
ts/symbols/msbm10.pfb></usr/share/texmf/fonts/type1/public/cm-super/sfbx1095.pf
b></usr/share/texmf/fonts/type1/public/cm-super/sfrm0600.pfb></usr/share/texmf/
fonts/type1/public/cm-super/sfrm0800.pfb></usr/share/texmf/fonts/type1/public/c
m-super/sfrm0900.pfb></usr/share/texmf/fonts/type1/public/cm-super/sfrm1095.pfb
></usr/share/texmf/fonts/type1/public/cm-super/sfrm1440.pfb></usr/share/texmf/f
onts/type1/public/cm-super/sfsl1095.pfb></usr/share/texmf/fonts/type1/public/cm
-super/sfsx1095.pfb></usr/share/texmf/fonts/type1/public/cm-super/sfsx1200.pfb>
</usr/share/texmf/fonts/type1/public/cm-super/sfsx1440.pfb></usr/share/texmf/fo
nts/type1/public/cm-super/sfsx2074.pfb></usr/share/texmf/fonts/type1/public/cm-
super/sfti1095.pfb></usr/share/texmf/fonts/type1/public/cm-super/sftt1095.pfb><
/usr/share/texmf/fonts/type1/public/cm-super/sftt1440.pfb></usr/share/texlive/t
exmf-dist/fonts/type1/public/wasy/wasy10.pfb>
Output written on StochProz.pdf (77 pages, 739054 bytes).
Transcript written on StochProz.log.
Result: ExitSuccess

Running /usr/bin/convert -verbose StochProz.pdf[0] -resize 70x StochProz.png in an env with 4 entries:
"gs" -q -dQUIET -dSAFER -dBATCH -dNOPAUSE -dNOPROMPT -dMaxBitmap=500000000 -dAlignToPixels=0 -dGridFitTT=2 "-sDEVICE=pngalpha" -dTextAlphaBits=4 -dGraphicsAlphaBits=4 "-r72x72" -dFirstPage=1 -dLastPage=1 "-sOutputFile=/tmp/magick-30zoHPxf-%08d" "-f/tmp/magick-7q6uBC4k" "-f/tmp/magick-vkjeXvBq"
/tmp/magick-30zoHPxf-00000001 PNG 595x842 595x842+0+0 8-bit DirectClass 11.1KB 0.010u 0:00.009
StochProz.pdf[0]=>StochProz.pdf PDF 595x842 595x842+0+0 16-bit DirectClass 11.1KB 0.000u 0:00.000
StochProz.pdf[0]=>StochProz.png PDF 595x842=>70x99 70x99+0+0 16-bit DirectClass 0.040u 0:00.020
Result: ExitSuccess

Running /usr/bin/optipng -verbose StochProz.png in an env with 4 entries:
OptiPNG 0.6.4: Advanced PNG optimizer.
Copyright (C) 2001-2010 Cosmin Truta.

** Processing: StochProz.png
70x99 pixels, 4x16 bits/pixel, RGB+alpha
Input IDAT size = 1168 bytes
Input file size = 1467 bytes

Trying:
  zc = 9  zm = 8  zs = 0  f = 0		IDAT size = 1073
  zc = 9  zm = 8  zs = 1  f = 0		IDAT size = 1070
  zc = 1  zm = 8  zs = 2  f = 0		IDAT too big
  zc = 9  zm = 8  zs = 3  f = 0		IDAT too big
  zc = 9  zm = 8  zs = 0  f = 5		IDAT too big
  zc = 9  zm = 8  zs = 1  f = 5		IDAT too big
  zc = 1  zm = 8  zs = 2  f = 5		IDAT too big
  zc = 9  zm = 8  zs = 3  f = 5		IDAT too big

Selecting parameters:
  zc = 9  zm = 8  zs = 1  f = 0		IDAT size = 1070

Output IDAT size = 1070 bytes (98 bytes decrease)
Output file size = 1369 bytes (98 bytes = 6.68% decrease)

** Status report
1 file(s) have been processed.
Result: ExitSuccess
