This is pdfTeX, Version 3.1415926-2.5-1.40.14 (TeX Live 2013/Debian) (format=pdflatex 2018.8.7)  7 AUG 2018 14:17
entering extended mode
 restricted \write18 enabled.
 %&-line parsing enabled.
**theoD.tex
(data/theoD.tex
LaTeX2e <2011/06/27>
Babel <3.9h> and hyphenation patterns for 78 languages loaded.
(/usr/share/texlive/texmf-dist/tex/latex/koma-script/scrartcl.cls
Document Class: scrartcl 2013/12/19 v3.12 KOMA-Script document class (article)
(/usr/share/texlive/texmf-dist/tex/latex/koma-script/scrkbase.sty
Package: scrkbase 2013/12/19 v3.12 KOMA-Script package (KOMA-Script-dependent b
asics and keyval usage)

(/usr/share/texlive/texmf-dist/tex/latex/koma-script/scrbase.sty
Package: scrbase 2013/12/19 v3.12 KOMA-Script package (KOMA-Script-independent 
basics and keyval usage)

(/usr/share/texlive/texmf-dist/tex/latex/graphics/keyval.sty
Package: keyval 1999/03/16 v1.13 key=value parser (DPC)
\KV@toks@=\toks14
)
(/usr/share/texlive/texmf-dist/tex/latex/koma-script/scrlfile.sty
Package: scrlfile 2013/12/19 v3.12 KOMA-Script package (loading files)

Package scrlfile, 2013/12/19 v3.12 KOMA-Script package (loading files)
                  Copyright (C) Markus Kohm

))) (/usr/share/texlive/texmf-dist/tex/latex/koma-script/tocbasic.sty
Package: tocbasic 2013/12/19 v3.12 KOMA-Script package (handling toc-files)
)
Package tocbasic Info: omitting babel extension for `toc'
(tocbasic)             because of feature `nobabel' available
(tocbasic)             for `toc' on input line 115.
Package tocbasic Info: omitting babel extension for `lof'
(tocbasic)             because of feature `nobabel' available
(tocbasic)             for `lof' on input line 116.
Package tocbasic Info: omitting babel extension for `lot'
(tocbasic)             because of feature `nobabel' available
(tocbasic)             for `lot' on input line 117.
Class scrartcl Info: File `scrsize11pt.clo' used instead of
(scrartcl)           file `scrsize11.clo' to setup font sizes on input line 153
1.

(/usr/share/texlive/texmf-dist/tex/latex/koma-script/scrsize11pt.clo
File: scrsize11pt.clo 2013/12/19 v3.12 KOMA-Script font size class option (11pt
)
)
(/usr/share/texlive/texmf-dist/tex/latex/koma-script/typearea.sty
Package: typearea 2013/12/19 v3.12 KOMA-Script package (type area)

Package typearea, 2013/12/19 v3.12 KOMA-Script package (type area)
                  Copyright (C) Frank Neukam, 1992-1994
                  Copyright (C) Markus Kohm, 1994-

\ta@bcor=\skip41
\ta@div=\count79
Package typearea Info: You've used standard option `a4paper'.
(typearea)             This is correct!
(typearea)             Internally I'm using `paper=a4'.
(typearea)             If you'd like to set the option with \KOMAoptions,
(typearea)             you'd have to use `paper=a4' there
(typearea)             instead of `a4paper', too.
\ta@hblk=\skip42
\ta@vblk=\skip43
\ta@temp=\skip44
\footheight=\skip45
Package typearea Info: These are the values describing the layout:
(typearea)             DIV  = 10
(typearea)             BCOR = 0.0pt
(typearea)             \paperwidth      = 597.50793pt
(typearea)              \textwidth      = 418.25555pt
(typearea)              DIV departure   = -6%
(typearea)              \evensidemargin = 17.3562pt
(typearea)              \oddsidemargin  = 17.3562pt
(typearea)             \paperheight     = 845.04694pt
(typearea)              \textheight     = 595.80026pt
(typearea)              \topmargin      = -25.16531pt
(typearea)              \headheight     = 17.0pt
(typearea)              \headsep        = 20.40001pt
(typearea)              \topskip        = 11.0pt
(typearea)              \footskip       = 47.6pt
(typearea)              \baselineskip   = 13.6pt
(typearea)              on input line 1330.
)
\c@part=\count80
\c@section=\count81
\c@subsection=\count82
\c@subsubsection=\count83
\c@paragraph=\count84
\c@subparagraph=\count85
\abovecaptionskip=\skip46
\belowcaptionskip=\skip47
\c@pti@nb@sid@b@x=\box26
\c@figure=\count86
\c@table=\count87
\bibindent=\dimen102
) (/usr/share/texlive/texmf-dist/tex/generic/german/ngerman.sty
v2.5e 1998-07-08
Package: ngerman 1998/07/08 v2.5e Support for writing german texts (br)
\grmnU@D=\dimen103
ngerman -- \language number for naustrian undefined, default 44 used.
) (/usr/share/texlive/texmf-dist/tex/latex/amsmath/amsmath.sty
Package: amsmath 2013/01/14 v2.14 AMS math features
\@mathmargin=\skip48

For additional information on amsmath, use the `?' option.
(/usr/share/texlive/texmf-dist/tex/latex/amsmath/amstext.sty
Package: amstext 2000/06/29 v2.01

(/usr/share/texlive/texmf-dist/tex/latex/amsmath/amsgen.sty
File: amsgen.sty 1999/11/30 v2.0
\@emptytoks=\toks15
\ex@=\dimen104
))
(/usr/share/texlive/texmf-dist/tex/latex/amsmath/amsbsy.sty
Package: amsbsy 1999/11/29 v1.2d
\pmbraise@=\dimen105
)
(/usr/share/texlive/texmf-dist/tex/latex/amsmath/amsopn.sty
Package: amsopn 1999/12/14 v2.01 operator names
)
\inf@bad=\count88
LaTeX Info: Redefining \frac on input line 210.
\uproot@=\count89
\leftroot@=\count90
LaTeX Info: Redefining \overline on input line 306.
\classnum@=\count91
\DOTSCASE@=\count92
LaTeX Info: Redefining \ldots on input line 378.
LaTeX Info: Redefining \dots on input line 381.
LaTeX Info: Redefining \cdots on input line 466.
\Mathstrutbox@=\box27
\strutbox@=\box28
\big@size=\dimen106
LaTeX Font Info:    Redeclaring font encoding OML on input line 566.
LaTeX Font Info:    Redeclaring font encoding OMS on input line 567.
\macc@depth=\count93
\c@MaxMatrixCols=\count94
\dotsspace@=\muskip10
\c@parentequation=\count95
\dspbrk@lvl=\count96
\tag@help=\toks16
\row@=\count97
\column@=\count98
\maxfields@=\count99
\andhelp@=\toks17
\eqnshift@=\dimen107
\alignsep@=\dimen108
\tagshift@=\dimen109
\tagwidth@=\dimen110
\totwidth@=\dimen111
\lineht@=\dimen112
\@envbody=\toks18
\multlinegap=\skip49
\multlinetaggap=\skip50
\mathdisplay@stack=\toks19
LaTeX Info: Redefining \[ on input line 2665.
LaTeX Info: Redefining \] on input line 2666.
)
(/usr/share/texlive/texmf-dist/tex/latex/amsfonts/amssymb.sty
Package: amssymb 2013/01/14 v3.01 AMS font symbols

(/usr/share/texlive/texmf-dist/tex/latex/amsfonts/amsfonts.sty
Package: amsfonts 2013/01/14 v3.01 Basic AMSFonts support
\symAMSa=\mathgroup4
\symAMSb=\mathgroup5
LaTeX Font Info:    Overwriting math alphabet `\mathfrak' in version `bold'
(Font)                  U/euf/m/n --> U/euf/b/n on input line 106.
))
(/usr/share/texlive/texmf-dist/tex/latex/esvect/esvect.sty
Package: esvect 
\symesvector=\mathgroup6
)
(/usr/share/texlive/texmf-dist/tex/latex/graphics/graphicx.sty
Package: graphicx 1999/02/16 v1.0f Enhanced LaTeX Graphics (DPC,SPQR)

(/usr/share/texlive/texmf-dist/tex/latex/graphics/graphics.sty
Package: graphics 2009/02/05 v1.0o Standard LaTeX Graphics (DPC,SPQR)

(/usr/share/texlive/texmf-dist/tex/latex/graphics/trig.sty
Package: trig 1999/03/16 v1.09 sin cos tan (DPC)
)
(/usr/share/texlive/texmf-dist/tex/latex/latexconfig/graphics.cfg
File: graphics.cfg 2010/04/23 v1.9 graphics configuration of TeX Live
)
Package graphics Info: Driver file: pdftex.def on input line 91.

(/usr/share/texlive/texmf-dist/tex/latex/pdftex-def/pdftex.def
File: pdftex.def 2011/05/27 v0.06d Graphics/color for pdfTeX

(/usr/share/texlive/texmf-dist/tex/generic/oberdiek/infwarerr.sty
Package: infwarerr 2010/04/08 v1.3 Providing info/warning/error messages (HO)
)
(/usr/share/texlive/texmf-dist/tex/generic/oberdiek/ltxcmds.sty
Package: ltxcmds 2011/11/09 v1.22 LaTeX kernel commands for general use (HO)
)
\Gread@gobject=\count100
))
\Gin@req@height=\dimen113
\Gin@req@width=\dimen114
)
(/usr/share/texlive/texmf-dist/tex/latex/multirow/multirow.sty
\bigstrutjot=\dimen115
)
(/usr/share/texlive/texmf-dist/tex/latex/braket/braket.sty)
(/usr/share/texlive/texmf-dist/tex/latex/doublestroke/dsfont.sty
Package: dsfont 1995/08/01 v0.1 Double stroke roman fonts
)
(/usr/share/texlive/texmf-dist/tex/latex/rotating/rotating.sty
Package: rotating 2009/03/28 v2.16a rotated objects in LaTeX

(/usr/share/texlive/texmf-dist/tex/latex/base/ifthen.sty
Package: ifthen 2001/05/26 v1.1c Standard LaTeX ifthen package (DPC)
)
\c@r@tfl@t=\count101
\rotFPtop=\skip51
\rotFPbot=\skip52
\rot@float@box=\box29
\rot@mess@toks=\toks20
)
(/usr/share/texlive/texmf-dist/tex/latex/pstricks/pstricks.sty
Package: pstricks 2013/12/12 v0.60 LaTeX wrapper for `PSTricks' (RN,HV)

(/usr/share/texlive/texmf-dist/tex/generic/oberdiek/ifpdf.sty
Package: ifpdf 2011/01/30 v2.3 Provides the ifpdf switch (HO)
Package ifpdf Info: pdfTeX in PDF mode is detected.
)
(/usr/share/texlive/texmf-dist/tex/generic/pstricks/pstricks.tex
(/usr/share/texlive/texmf-dist/tex/generic/xkeyval/pst-xkey.tex
File: pst-xkey.tex 2005/11/25 v1.6 PSTricks specialization of xkeyval (HA)

(/usr/share/texlive/texmf-dist/tex/latex/xkeyval/xkeyval.sty
Package: xkeyval 2012/10/14 v2.6b package option processing (HA)

(/usr/share/texlive/texmf-dist/tex/generic/xkeyval/xkeyval.tex
\XKV@toks=\toks21
\XKV@tempa@toks=\toks22
\XKV@depth=\count102
File: xkeyval.tex 2012/10/14 v2.6b key=value parser (HA)
)))
(/usr/share/texlive/texmf-dist/tex/generic/pstricks/pst-fp.tex
`pst-fp' v0.05, 2010/01/17 (hv)
\pstFP@xs=\count103
\pstFP@xia=\count104
\pstFP@xib=\count105
\pstFP@xfa=\count106
\pstFP@xfb=\count107
\pstFP@rega=\count108
\pstFP@regb=\count109
\pstFP@regs=\count110
\pstFP@times=\count111
)
(/usr/share/texmf/tex/generic/pgf/utilities/pgfutil-common.tex
\pgfutil@everybye=\toks23
)
(/usr/share/texmf/tex/generic/pgf/utilities/pgfkeys.code.tex
\pgfkeys@pathtoks=\toks24
\pgfkeys@temptoks=\toks25

(/usr/share/texmf/tex/generic/pgf/utilities/pgfkeysfiltered.code.tex
\pgfkeys@tmptoks=\toks26
))
(/usr/share/texmf/tex/generic/pgf/utilities/pgffor.code.tex
\pgffor@iter=\dimen116
\pgffor@skip=\dimen117
\pgffor@stack=\toks27
\pgffor@toks=\toks28
)
\psLoopIndex=\count112

`PSTricks' v2.51  <2014/02/03> (tvz)
\pst@dima=\dimen118
\pst@dimb=\dimen119
\pst@dimc=\dimen120
\pst@dimd=\dimen121
\pst@dimg=\dimen122
\pst@dimh=\dimen123
\pst@dimm=\dimen124
\pst@dimn=\dimen125
\pst@dimo=\dimen126
\pst@dimp=\dimen127
\pst@hbox=\box30
\pst@ibox=\box31
\pst@boxg=\box32
\pst@cnta=\count113
\pst@cntb=\count114
\pst@cntc=\count115
\pst@cntd=\count116
\pst@cntg=\count117
\pst@cnth=\count118
\pst@cntm=\count119
\pst@cntn=\count120
\pst@cnto=\count121
\pst@cntp=\count122
\@zero=\count123
\pst@toks=\toks29
(/usr/share/texlive/texmf-dist/tex/generic/pstricks/pstricks.con)
\psunit=\dimen128
\psxunit=\dimen129
\psyunit=\dimen130
\pst@C@@rType=\count124
\pslinewidth=\dimen131
\psk@startLW=\dimen132
\psk@endLW=\dimen133
\pst@customdefs=\toks30
\pslinearc=\dimen134
\pst@symbolStep=\dimen135
\pst@symbolWidth=\dimen136
\pst@symbolLinewidth=\dimen137
\everypsbox=\toks31
\psframesep=\dimen138
\pslabelsep=\dimen139
\sh@wgridXunit=\dimen140
\sh@wgridYunit=\dimen141
\pst@shift=\dimen142
)
File: pstricks.tex 2014/02/03 v2.51 `PSTricks' (tvz,hv)

(/usr/share/texlive/texmf-dist/tex/generic/pstricks/pst-fp.tex)
File: pst-fp.tex 2014/02/03 v2.51 `PST-fp' (hv)

(/usr/share/texmf/tex/latex/xcolor/xcolor.sty
Package: xcolor 2007/01/21 v2.11 LaTeX color extensions (UK)

(/usr/share/texlive/texmf-dist/tex/latex/latexconfig/color.cfg
File: color.cfg 2007/01/18 v1.5 color configuration of teTeX/TeXLive
)
Package xcolor Info: Driver file: pdftex.def on input line 225.
Package xcolor Info: Model `cmy' substituted by `cmy0' on input line 1337.
Package xcolor Info: Model `hsb' substituted by `rgb' on input line 1341.
Package xcolor Info: Model `RGB' extended on input line 1353.
Package xcolor Info: Model `HTML' substituted by `rgb' on input line 1355.
Package xcolor Info: Model `Hsb' substituted by `hsb' on input line 1356.
Package xcolor Info: Model `tHsb' substituted by `hsb' on input line 1357.
Package xcolor Info: Model `HSB' substituted by `hsb' on input line 1358.
Package xcolor Info: Model `Gray' substituted by `gray' on input line 1359.
Package xcolor Info: Model `wave' substituted by `hsb' on input line 1360.
))
(/usr/share/texlive/texmf-dist/tex/latex/pstricks/pst-all.sty
Package: pst-all 2008/01/01 the main pstricks tools

(/usr/share/texlive/texmf-dist/tex/latex/pst-plot/pst-plot.sty
Package: pst-plot 2011/06/05 v1.00 LaTeX wrapper for `pst-plot' (HV)

(/usr/share/texlive/texmf-dist/tex/latex/xkeyval/pst-xkey.sty
Package: pst-xkey 2005/11/25 v1.6 package wrapper for pst-xkey.tex (HA)
)
(/usr/share/texlive/texmf-dist/tex/latex/multido/multido.sty
Package: multido 2004/05/17 package wrapper for PSTricks `multido.tex', (HV/RN)


(/usr/share/texlive/texmf-dist/tex/generic/multido/multido.tex
 v1.42, 2010/05/14 <tvz>
\multido@count=\count125
\multidocount=\count126
\multido@stuff=\toks32
)
File: multido.tex 2010/05/14 v1.42 `multido' (tvz,hv)
)
Package: pst-plot 2011/04/13 package wrapper for pst-plot.tex (hv)

(/usr/share/texlive/texmf-dist/tex/generic/pst-plot/pst-plot.tex
 v1.58, 2014/01/16 (tvz,hv)
\pstRadUnit=\dimen143
\pstRadUnitInv=\dimen144
\pst@linecnt=\count127
\RCD@file=\read1
\psxlabelsep=\dimen145
\psylabelsep=\dimen146
\psk@subticksize=\dimen147
\pst@xticksizeA=\dimen148
\pst@xticksizeB=\dimen149
\pst@xticksizeC=\dimen150
\pst@yticksizeA=\dimen151
\pst@yticksizeB=\dimen152
\pst@yticksizeC=\dimen153
\@digitcounter=\count128
\psk@llx=\dimen154
\psk@lly=\dimen155
\psk@urx=\dimen156
\psk@ury=\dimen157
\pst@xunit=\dimen158
\pst@yunit=\dimen159
)
File: pst-plot.tex 2014/01/16 1.58 `pst-plot' (tvz,hv)
)
(/usr/share/texlive/texmf-dist/tex/latex/pst-node/pst-node.sty
Package: pst-node 2012/09/18 v1.01 LaTeX wrapper for `pst-node' (HV)
Package: pst-node 2010/04/22 package wrapper for pst-node.tex

(/usr/share/texlive/texmf-dist/tex/generic/pst-node/pst-node.tex
 v1.32, 2014/02/03
\psrow=\count129
\pscol=\count130
\psmatrixcnt=\count131
\psrowsep=\skip53
\pscolsep=\skip54
\pst@args=\count132
\num@pts=\count133
\pst@argcnt=\count134
)
File: pst-node.tex 2014/02/03 1.32 `pst-node' (tvz,hv)
)
(/usr/share/texlive/texmf-dist/tex/latex/pst-tree/pst-tree.sty
Package: pst-tree 2009/01/25 package wrapper for pst-tree.tex

(/usr/share/texlive/texmf-dist/tex/generic/pst-tree/pst-tree.tex
 v1.12, 2011/02/28(tvz,dg,hv)
\pstree@rootbox=\box33
\pstree@box=\box34
\psnodecnt=\count135
\pstreelevel=\count136
\pstreecnt=\count137
\pstree@cnt=\count138
\pstree@stop=\count139
)
File: pst-tree.tex 2011/02/28 1.12 `pst-tree' (tvz,hv)
)
(/usr/share/texlive/texmf-dist/tex/latex/pst-grad/pst-grad.sty
Package: pst-grad 2004/07/15 package wrapper for pst-grad.tex (hv)

(/usr/share/texlive/texmf-dist/tex/generic/pst-grad/pst-grad.tex
`pst-grad' v1.06, 2006/11/27 (tvz,dg,hv))
File: pst-grad.tex 2006/11/27 1.06 `pst-grad' (tvz)
)
(/usr/share/texlive/texmf-dist/tex/latex/pst-coil/pst-coil.sty
Package: pst-coil 2010/02/01 package wrapper for pst-coil.tex (hv)

(/usr/share/texlive/texmf-dist/tex/generic/pst-coil/pst-coil.tex
 v1.06, 2006/11/27
(/usr/share/texlive/texmf-dist/tex/generic/pst-node/pst-node.tex))
File: pst-coil.tex 2011/09/17 v1.06 `PST-coil' (tvz,hv)
)
(/usr/share/texlive/texmf-dist/tex/latex/pst-text/pst-text.sty
Package: pst-text 2006/01/01 package wrapper for pst-text.tex (hv)

(/usr/share/texlive/texmf-dist/tex/generic/pst-text/pst-text.tex
 v1.00, 2006/11/05(tvz,hv))
File: pst-text.tex 2006/11/05 1.00 `pst-text' (tvz)
)
(/usr/share/texlive/texmf-dist/tex/latex/pst-3d/pst-3d.sty
Package: pst-3d 2009/07/28 package wrapper for pst-3d.tex (hv)

(/usr/share/texlive/texmf-dist/tex/generic/pst-3d/pst-3d.tex
`PST-3d' v1.11, 2010/02/14 (tvz))
File: pst-3d.tex 2010/02/14 v1.11 `PST-3d' (hv)
)
(/usr/share/texlive/texmf-dist/tex/latex/pst-eps/pst-eps.sty
Package: pst-eps 2005/05/20 package wrapper for pst-eps.tex (hv)

(/usr/share/texlive/texmf-dist/tex/generic/pst-eps/pst-eps.tex
 v1.00, 2006/11/04
\pst@epsout=\write3
\pst@tempout=\write4
)
File: pst-eps.tex 2006/11/04 1.00 `pst-eps' (tvz)
)
(/usr/share/texlive/texmf-dist/tex/latex/pst-fill/pst-fill.sty
Package: pst-fill 2005/09/13 package wrapper for pst-fill.tex (hv)

(/usr/share/texlive/texmf-dist/tex/generic/pst-fill/pst-fill.tex
`PST-Fill' v1.01, 2007/03/10 (tvz,dg,hv)
\pst@fillbox=\box35
)
File: pst-fill.tex 2007/03/10 v1.01 `PST-fill' (tvz,dg)
)
(/usr/share/texlive/texmf-dist/tex/latex/pstricks-add/pstricks-add.sty
(/usr/share/texlive/texmf-dist/tex/latex/pst-math/pst-math.sty
Package: pst-math 2009/01/20 package wrapper for PSTricks pst-math.tex

(/usr/share/texlive/texmf-dist/tex/generic/pst-math/pst-math.tex
`pst-math' v0.62 , (CJ,hv))
File: pst-math.tex 2010/10/20 v0.62 `PST-math' (hv)
)
Package: pstricks-add 2010/02/11 v. 0.14 package wrapper for pstricks-add.tex (
hv)

(/usr/share/texlive/texmf-dist/tex/generic/pstricks-add/pstricks-add.tex
`pstricks-add' v3.65, 2014/01/21 (dr,hv)
\psparallelogramsep=\dimen160
\pshooklength=\dimen161
\pshookwidth=\dimen162
\pst@cntC=\count140
\chart@ColorIndex=\dimen163
\chart@ColorStep=\dimen164
\pst@chartHeight=\dimen165
\pst@chartStackDepth=\dimen166
\pst@chartStackWidth=\dimen167
\chart@Toggle=\count141
\psVectorCtr=\count142
)
File: pstricks-add.tex 2014/01/21 v3.65 `PSTricks-add' (hv)
Package pstricks-add Info: Local config file pstricks-add.cfg used on input lin
e 20.

(/usr/share/texlive/texmf-dist/tex/latex/pstricks-add/pstricks-add.cfg
File: pstricks-add.cfg 2005/01/10 v0.1 addtional user stuff (hv)
)))
(/usr/share/texlive/texmf-dist/tex/latex/marvosym/marvosym.sty
Package: marvosym 2011/07/20 v2.2 Martin Vogel's Symbols font definitions
)
(/usr/share/texlive/texmf-dist/tex/latex/units/nicefrac.sty
Package: nicefrac 1998/08/04 v0.9b Nice fractions
\L@UnitsRaiseDisplaystyle=\skip55
\L@UnitsRaiseTextstyle=\skip56
\L@UnitsRaiseScriptstyle=\skip57
)
(/usr/share/texlive/texmf-dist/tex/latex/tools/longtable.sty
Package: longtable 2004/02/01 v4.11 Multi-page Table package (DPC)
\LTleft=\skip58
\LTright=\skip59
\LTpre=\skip60
\LTpost=\skip61
\LTchunksize=\count143
\LTcapwidth=\dimen168
\LT@head=\box36
\LT@firsthead=\box37
\LT@foot=\box38
\LT@lastfoot=\box39
\LT@cols=\count144
\LT@rows=\count145
\c@LT@tables=\count146
\c@LT@chunks=\count147
\LT@p@ftn=\toks33
)
Class scrartcl Info: longtable captions redefined on input line 3.

(/usr/share/texlive/texmf-dist/tex/latex/pst-pdf/pst-pdf.sty
Package: pst-pdf 2008/10/09 v1.1v PS graphics for pdfLaTeX (RN,HjG)
\c@pspicture=\count148
Package pst-pdf Info: MODE: 1 (pdfTeX mode) on input line 214.
\ppf@output=\toks34

(/usr/share/texmf/tex/latex/preview/preview.sty
Package: preview 2010/02/14 11.87 (AUCTeX/preview-latex)
\pr@snippet=\count149
\pr@box=\box40
\pr@output=\toks35
)
(/usr/share/texlive/texmf-dist/tex/latex/graphics/dvips.def
File: dvips.def 1999/02/16 v3.0i Driver-dependant file (DPC,SPQR)
)
(/usr/share/texlive/texmf-dist/tex/latex/environ/environ.sty
Package: environ 2013/04/01 v0.3 A new environment syntax

(/usr/share/texlive/texmf-dist/tex/latex/trimspaces/trimspaces.sty
Package: trimspaces 2009/09/17 v1.1 Trim spaces around a token list
)))
(/usr/share/texlive/texmf-dist/tex/latex/SIunits/SIunits.sty
Package: SIunits 2007/12/02 v1.36 Support for the International System of units
 (MH)


\@qskwidth=\skip62
\symgreek=\mathgroup7
(/usr/share/texlive/texmf-dist/tex/latex/SIunits/SIunits.cfg)
Option `squaren' provided!
) (/usr/share/texlive/texmf-dist/tex/latex/base/inputenc.sty
Package: inputenc 2008/03/30 v1.1d Input encoding file
\inpenc@prehook=\toks36
\inpenc@posthook=\toks37

(/usr/share/texlive/texmf-dist/tex/latex/base/utf8.def
File: utf8.def 2008/04/05 v1.1m UTF-8 support for inputenc
Now handling font encoding OML ...
... no UTF-8 mapping file for font encoding OML
Now handling font encoding T1 ...
... processing UTF-8 mapping file for font encoding T1

(/usr/share/texlive/texmf-dist/tex/latex/base/t1enc.dfu
File: t1enc.dfu 2008/04/05 v1.1m UTF-8 support for inputenc
   defining Unicode char U+00A1 (decimal 161)
   defining Unicode char U+00A3 (decimal 163)
   defining Unicode char U+00AB (decimal 171)
   defining Unicode char U+00BB (decimal 187)
   defining Unicode char U+00BF (decimal 191)
   defining Unicode char U+00C0 (decimal 192)
   defining Unicode char U+00C1 (decimal 193)
   defining Unicode char U+00C2 (decimal 194)
   defining Unicode char U+00C3 (decimal 195)
   defining Unicode char U+00C4 (decimal 196)
   defining Unicode char U+00C5 (decimal 197)
   defining Unicode char U+00C6 (decimal 198)
   defining Unicode char U+00C7 (decimal 199)
   defining Unicode char U+00C8 (decimal 200)
   defining Unicode char U+00C9 (decimal 201)
   defining Unicode char U+00CA (decimal 202)
   defining Unicode char U+00CB (decimal 203)
   defining Unicode char U+00CC (decimal 204)
   defining Unicode char U+00CD (decimal 205)
   defining Unicode char U+00CE (decimal 206)
   defining Unicode char U+00CF (decimal 207)
   defining Unicode char U+00D0 (decimal 208)
   defining Unicode char U+00D1 (decimal 209)
   defining Unicode char U+00D2 (decimal 210)
   defining Unicode char U+00D3 (decimal 211)
   defining Unicode char U+00D4 (decimal 212)
   defining Unicode char U+00D5 (decimal 213)
   defining Unicode char U+00D6 (decimal 214)
   defining Unicode char U+00D8 (decimal 216)
   defining Unicode char U+00D9 (decimal 217)
   defining Unicode char U+00DA (decimal 218)
   defining Unicode char U+00DB (decimal 219)
   defining Unicode char U+00DC (decimal 220)
   defining Unicode char U+00DD (decimal 221)
   defining Unicode char U+00DE (decimal 222)
   defining Unicode char U+00DF (decimal 223)
   defining Unicode char U+00E0 (decimal 224)
   defining Unicode char U+00E1 (decimal 225)
   defining Unicode char U+00E2 (decimal 226)
   defining Unicode char U+00E3 (decimal 227)
   defining Unicode char U+00E4 (decimal 228)
   defining Unicode char U+00E5 (decimal 229)
   defining Unicode char U+00E6 (decimal 230)
   defining Unicode char U+00E7 (decimal 231)
   defining Unicode char U+00E8 (decimal 232)
   defining Unicode char U+00E9 (decimal 233)
   defining Unicode char U+00EA (decimal 234)
   defining Unicode char U+00EB (decimal 235)
   defining Unicode char U+00EC (decimal 236)
   defining Unicode char U+00ED (decimal 237)
   defining Unicode char U+00EE (decimal 238)
   defining Unicode char U+00EF (decimal 239)
   defining Unicode char U+00F0 (decimal 240)
   defining Unicode char U+00F1 (decimal 241)
   defining Unicode char U+00F2 (decimal 242)
   defining Unicode char U+00F3 (decimal 243)
   defining Unicode char U+00F4 (decimal 244)
   defining Unicode char U+00F5 (decimal 245)
   defining Unicode char U+00F6 (decimal 246)
   defining Unicode char U+00F8 (decimal 248)
   defining Unicode char U+00F9 (decimal 249)
   defining Unicode char U+00FA (decimal 250)
   defining Unicode char U+00FB (decimal 251)
   defining Unicode char U+00FC (decimal 252)
   defining Unicode char U+00FD (decimal 253)
   defining Unicode char U+00FE (decimal 254)
   defining Unicode char U+00FF (decimal 255)
   defining Unicode char U+0102 (decimal 258)
   defining Unicode char U+0103 (decimal 259)
   defining Unicode char U+0104 (decimal 260)
   defining Unicode char U+0105 (decimal 261)
   defining Unicode char U+0106 (decimal 262)
   defining Unicode char U+0107 (decimal 263)
   defining Unicode char U+010C (decimal 268)
   defining Unicode char U+010D (decimal 269)
   defining Unicode char U+010E (decimal 270)
   defining Unicode char U+010F (decimal 271)
   defining Unicode char U+0110 (decimal 272)
   defining Unicode char U+0111 (decimal 273)
   defining Unicode char U+0118 (decimal 280)
   defining Unicode char U+0119 (decimal 281)
   defining Unicode char U+011A (decimal 282)
   defining Unicode char U+011B (decimal 283)
   defining Unicode char U+011E (decimal 286)
   defining Unicode char U+011F (decimal 287)
   defining Unicode char U+0130 (decimal 304)
   defining Unicode char U+0131 (decimal 305)
   defining Unicode char U+0132 (decimal 306)
   defining Unicode char U+0133 (decimal 307)
   defining Unicode char U+0139 (decimal 313)
   defining Unicode char U+013A (decimal 314)
   defining Unicode char U+013D (decimal 317)
   defining Unicode char U+013E (decimal 318)
   defining Unicode char U+0141 (decimal 321)
   defining Unicode char U+0142 (decimal 322)
   defining Unicode char U+0143 (decimal 323)
   defining Unicode char U+0144 (decimal 324)
   defining Unicode char U+0147 (decimal 327)
   defining Unicode char U+0148 (decimal 328)
   defining Unicode char U+014A (decimal 330)
   defining Unicode char U+014B (decimal 331)
   defining Unicode char U+0150 (decimal 336)
   defining Unicode char U+0151 (decimal 337)
   defining Unicode char U+0152 (decimal 338)
   defining Unicode char U+0153 (decimal 339)
   defining Unicode char U+0154 (decimal 340)
   defining Unicode char U+0155 (decimal 341)
   defining Unicode char U+0158 (decimal 344)
   defining Unicode char U+0159 (decimal 345)
   defining Unicode char U+015A (decimal 346)
   defining Unicode char U+015B (decimal 347)
   defining Unicode char U+015E (decimal 350)
   defining Unicode char U+015F (decimal 351)
   defining Unicode char U+0160 (decimal 352)
   defining Unicode char U+0161 (decimal 353)
   defining Unicode char U+0162 (decimal 354)
   defining Unicode char U+0163 (decimal 355)
   defining Unicode char U+0164 (decimal 356)
   defining Unicode char U+0165 (decimal 357)
   defining Unicode char U+016E (decimal 366)
   defining Unicode char U+016F (decimal 367)
   defining Unicode char U+0170 (decimal 368)
   defining Unicode char U+0171 (decimal 369)
   defining Unicode char U+0178 (decimal 376)
   defining Unicode char U+0179 (decimal 377)
   defining Unicode char U+017A (decimal 378)
   defining Unicode char U+017B (decimal 379)
   defining Unicode char U+017C (decimal 380)
   defining Unicode char U+017D (decimal 381)
   defining Unicode char U+017E (decimal 382)
   defining Unicode char U+200C (decimal 8204)
   defining Unicode char U+2013 (decimal 8211)
   defining Unicode char U+2014 (decimal 8212)
   defining Unicode char U+2018 (decimal 8216)
   defining Unicode char U+2019 (decimal 8217)
   defining Unicode char U+201A (decimal 8218)
   defining Unicode char U+201C (decimal 8220)
   defining Unicode char U+201D (decimal 8221)
   defining Unicode char U+201E (decimal 8222)
   defining Unicode char U+2030 (decimal 8240)
   defining Unicode char U+2031 (decimal 8241)
   defining Unicode char U+2039 (decimal 8249)
   defining Unicode char U+203A (decimal 8250)
   defining Unicode char U+2423 (decimal 9251)
)
Now handling font encoding OT1 ...
... processing UTF-8 mapping file for font encoding OT1

(/usr/share/texlive/texmf-dist/tex/latex/base/ot1enc.dfu
File: ot1enc.dfu 2008/04/05 v1.1m UTF-8 support for inputenc
   defining Unicode char U+00A1 (decimal 161)
   defining Unicode char U+00A3 (decimal 163)
   defining Unicode char U+00B8 (decimal 184)
   defining Unicode char U+00BF (decimal 191)
   defining Unicode char U+00C5 (decimal 197)
   defining Unicode char U+00C6 (decimal 198)
   defining Unicode char U+00D8 (decimal 216)
   defining Unicode char U+00DF (decimal 223)
   defining Unicode char U+00E6 (decimal 230)
   defining Unicode char U+00EC (decimal 236)
   defining Unicode char U+00ED (decimal 237)
   defining Unicode char U+00EE (decimal 238)
   defining Unicode char U+00EF (decimal 239)
   defining Unicode char U+00F8 (decimal 248)
   defining Unicode char U+0131 (decimal 305)
   defining Unicode char U+0141 (decimal 321)
   defining Unicode char U+0142 (decimal 322)
   defining Unicode char U+0152 (decimal 338)
   defining Unicode char U+0153 (decimal 339)
   defining Unicode char U+2013 (decimal 8211)
   defining Unicode char U+2014 (decimal 8212)
   defining Unicode char U+2018 (decimal 8216)
   defining Unicode char U+2019 (decimal 8217)
   defining Unicode char U+201C (decimal 8220)
   defining Unicode char U+201D (decimal 8221)
)
Now handling font encoding OMS ...
... processing UTF-8 mapping file for font encoding OMS

(/usr/share/texlive/texmf-dist/tex/latex/base/omsenc.dfu
File: omsenc.dfu 2008/04/05 v1.1m UTF-8 support for inputenc
   defining Unicode char U+00A7 (decimal 167)
   defining Unicode char U+00B6 (decimal 182)
   defining Unicode char U+00B7 (decimal 183)
   defining Unicode char U+2020 (decimal 8224)
   defining Unicode char U+2021 (decimal 8225)
   defining Unicode char U+2022 (decimal 8226)
)
Now handling font encoding OMX ...
... no UTF-8 mapping file for font encoding OMX
Now handling font encoding U ...
... no UTF-8 mapping file for font encoding U
Now handling font encoding TS1 ...
... processing UTF-8 mapping file for font encoding TS1

(/usr/share/texlive/texmf-dist/tex/latex/base/ts1enc.dfu
File: ts1enc.dfu 2008/04/05 v1.1m UTF-8 support for inputenc
   defining Unicode char U+00A2 (decimal 162)
   defining Unicode char U+00A3 (decimal 163)
   defining Unicode char U+00A4 (decimal 164)
   defining Unicode char U+00A5 (decimal 165)
   defining Unicode char U+00A6 (decimal 166)
   defining Unicode char U+00A7 (decimal 167)
   defining Unicode char U+00A8 (decimal 168)
   defining Unicode char U+00A9 (decimal 169)
   defining Unicode char U+00AA (decimal 170)
   defining Unicode char U+00AC (decimal 172)
   defining Unicode char U+00AE (decimal 174)
   defining Unicode char U+00AF (decimal 175)
   defining Unicode char U+00B0 (decimal 176)
   defining Unicode char U+00B1 (decimal 177)
   defining Unicode char U+00B2 (decimal 178)
   defining Unicode char U+00B3 (decimal 179)
   defining Unicode char U+00B4 (decimal 180)
   defining Unicode char U+00B5 (decimal 181)
   defining Unicode char U+00B6 (decimal 182)
   defining Unicode char U+00B7 (decimal 183)
   defining Unicode char U+00B9 (decimal 185)
   defining Unicode char U+00BA (decimal 186)
   defining Unicode char U+00BC (decimal 188)
   defining Unicode char U+00BD (decimal 189)
   defining Unicode char U+00BE (decimal 190)
   defining Unicode char U+00D7 (decimal 215)
   defining Unicode char U+00F7 (decimal 247)
   defining Unicode char U+0192 (decimal 402)
   defining Unicode char U+02C7 (decimal 711)
   defining Unicode char U+02D8 (decimal 728)
   defining Unicode char U+02DD (decimal 733)
   defining Unicode char U+0E3F (decimal 3647)
   defining Unicode char U+2016 (decimal 8214)
   defining Unicode char U+2020 (decimal 8224)
   defining Unicode char U+2021 (decimal 8225)
   defining Unicode char U+2022 (decimal 8226)
   defining Unicode char U+2030 (decimal 8240)
   defining Unicode char U+2031 (decimal 8241)
   defining Unicode char U+203B (decimal 8251)
   defining Unicode char U+203D (decimal 8253)
   defining Unicode char U+2044 (decimal 8260)
   defining Unicode char U+204E (decimal 8270)
   defining Unicode char U+2052 (decimal 8274)
   defining Unicode char U+20A1 (decimal 8353)
   defining Unicode char U+20A4 (decimal 8356)
   defining Unicode char U+20A6 (decimal 8358)
   defining Unicode char U+20A9 (decimal 8361)
   defining Unicode char U+20AB (decimal 8363)
   defining Unicode char U+20AC (decimal 8364)
   defining Unicode char U+20B1 (decimal 8369)
   defining Unicode char U+2103 (decimal 8451)
   defining Unicode char U+2116 (decimal 8470)
   defining Unicode char U+2117 (decimal 8471)
   defining Unicode char U+211E (decimal 8478)
   defining Unicode char U+2120 (decimal 8480)
   defining Unicode char U+2122 (decimal 8482)
   defining Unicode char U+2126 (decimal 8486)
   defining Unicode char U+2127 (decimal 8487)
   defining Unicode char U+212E (decimal 8494)
   defining Unicode char U+2190 (decimal 8592)
   defining Unicode char U+2191 (decimal 8593)
   defining Unicode char U+2192 (decimal 8594)
   defining Unicode char U+2193 (decimal 8595)
   defining Unicode char U+2329 (decimal 9001)
   defining Unicode char U+232A (decimal 9002)
   defining Unicode char U+2422 (decimal 9250)
   defining Unicode char U+25E6 (decimal 9702)
   defining Unicode char U+25EF (decimal 9711)
   defining Unicode char U+266A (decimal 9834)
)
   defining Unicode char U+00A9 (decimal 169)
   defining Unicode char U+00AA (decimal 170)
   defining Unicode char U+00AE (decimal 174)
   defining Unicode char U+00BA (decimal 186)
   defining Unicode char U+02C6 (decimal 710)
   defining Unicode char U+02DC (decimal 732)
   defining Unicode char U+200C (decimal 8204)
   defining Unicode char U+2026 (decimal 8230)
   defining Unicode char U+2122 (decimal 8482)
   defining Unicode char U+2423 (decimal 9251)
)) (data/latexki.sty)
(./theoD.aux)
\openout1 = `theoD.aux'.

LaTeX Font Info:    Checking defaults for OML/cmm/m/it on input line 53.
LaTeX Font Info:    ... okay on input line 53.
LaTeX Font Info:    Checking defaults for T1/cmr/m/n on input line 53.
LaTeX Font Info:    ... okay on input line 53.
LaTeX Font Info:    Checking defaults for OT1/cmr/m/n on input line 53.
LaTeX Font Info:    ... okay on input line 53.
LaTeX Font Info:    Checking defaults for OMS/cmsy/m/n on input line 53.
LaTeX Font Info:    ... okay on input line 53.
LaTeX Font Info:    Checking defaults for OMX/cmex/m/n on input line 53.
LaTeX Font Info:    ... okay on input line 53.
LaTeX Font Info:    Checking defaults for U/cmr/m/n on input line 53.
LaTeX Font Info:    ... okay on input line 53.
LaTeX Font Info:    Checking defaults for TS1/cmr/m/n on input line 53.
LaTeX Font Info:    Try loading font information for TS1+cmr on input line 53.
 (/usr/share/texlive/texmf-dist/tex/latex/base/ts1cmr.fd
File: ts1cmr.fd 1999/05/25 v2.5h Standard LaTeX font definitions
)
LaTeX Font Info:    ... okay on input line 53.

(/usr/share/texlive/texmf-dist/tex/context/base/supp-pdf.mkii
[Loading MPS to PDF converter (version 2006.09.02).]
\scratchcounter=\count150
\scratchdimen=\dimen169
\scratchbox=\box41
\nofMPsegments=\count151
\nofMParguments=\count152
\everyMPshowfont=\toks38
\MPscratchCnt=\count153
\MPscratchDim=\dimen170
\MPnumerator=\count154
\makeMPintoPDFobject=\count155
\everyMPtoPDFconversion=\toks39
)
Preview: Fontsize 10.95pt
Preview: PDFoutput 1
Option `squaren' provided! 
 Command \squaren defined by SIunits package!


Package SIunits Warning: The command \gray was already defined.
(SIunits)                Possibly due to the pstricks package.

Hint: use option `pstricks' or `Gray' with SIunits package.
See SIunits.dvi or readme.txt section: Known problems and limitations.

LaTeX Font Info:    Try loading font information for U+msa on input line 58.
(/usr/share/texlive/texmf-dist/tex/latex/amsfonts/umsa.fd
File: umsa.fd 2013/01/14 v3.01 AMS symbols A
)
LaTeX Font Info:    Try loading font information for U+msb on input line 58.

(/usr/share/texlive/texmf-dist/tex/latex/amsfonts/umsb.fd
File: umsb.fd 2013/01/14 v3.01 AMS symbols B
)
LaTeX Font Info:    Try loading font information for U+esvect on input line 58.


(/usr/share/texlive/texmf-dist/tex/latex/esvect/uesvect.fd
File: uesvect.fd 
)

LaTeX Warning: No \author given.

(./theoD.toc)
\tf@toc=\write5
\openout5 = `theoD.toc'.

 [1


Non-PDF special ignored!
Non-PDF special ignored!
Non-PDF special ignored!
Non-PDF special ignored!



{/var/lib/texmf/fonts/map/pdftex/updmap/pdftex.map}]
LaTeX Font Info:    Try loading font information for OMS+cmr on input line 65.

(/usr/share/texlive/texmf-dist/tex/latex/base/omscmr.fd
File: omscmr.fd 1999/05/25 v2.5h Standard LaTeX font definitions
)
LaTeX Font Info:    Font shape `OMS/cmr/m/n' in size <10.95> not available
(Font)              Font shape `OMS/cmsy/m/n' tried instead on input line 65.

Overfull \hbox (30.68616pt too wide) in paragraph at lines 104--113
[] 
 []


Underfull \hbox (badness 10000) in paragraph at lines 104--113

 []

<001Photoeffekt.pdf, id=11, 68.255pt x 41.15375pt>
File: 001Photoeffekt.pdf Graphic file (type pdf)
 <use 001Photoeffekt.pdf>
Package pdftex.def Info: 001Photoeffekt.pdf used on input line 116.
(pdftex.def)             Requested size: 68.25482pt x 41.15364pt.

[2]
Overfull \hbox (30.68616pt too wide) in paragraph at lines 121--128
[][] 
 []


Underfull \hbox (badness 10000) in paragraph at lines 121--128

 []

<002Comptoneffekt.pdf, id=16, 89.33376pt x 72.27pt>
File: 002Comptoneffekt.pdf Graphic file (type pdf)
 <use 002Comptoneffekt.pdf>
Package pdftex.def Info: 002Comptoneffekt.pdf used on input line 131.
(pdftex.def)             Requested size: 89.33353pt x 72.2698pt.

Overfull \hbox (30.68616pt too wide) in paragraph at lines 136--144
[][] 
 []

<002Intensitat.pdf, id=17, 139.52126pt x 92.345pt>
File: 002Intensitat.pdf Graphic file (type pdf)
 <use 002Intensitat.pdf>
Package pdftex.def Info: 002Intensitat.pdf used on input line 151.
(pdftex.def)             Requested size: 139.5209pt x 92.34476pt.


LaTeX Warning: `h' float specifier changed to `ht'.


Overfull \hbox (30.68616pt too wide) in paragraph at lines 155--172
[][] 
 []

[3 <data/001Photoeffekt.pdf> <data/002Comptoneffekt.pdf>] [4 <data/002Intensita
t.pdf>] <003Kalkspat.pdf, id=168, 256.96pt x 126.4725pt>
File: 003Kalkspat.pdf Graphic file (type pdf)
 <use 003Kalkspat.pdf>
Package pdftex.def Info: 003Kalkspat.pdf used on input line 191.
(pdftex.def)             Requested size: 256.95937pt x 126.47218pt.

<003Polarisationsfilter1.pdf, id=169, 264.99pt x 102.3825pt>
File: 003Polarisationsfilter1.pdf Graphic file (type pdf)

<use 003Polarisationsfilter1.pdf>
Package pdftex.def Info: 003Polarisationsfilter1.pdf used on input line 195.
(pdftex.def)             Requested size: 264.98935pt x 102.38225pt.

<003Polarisationsfilter2.pdf, id=170, 274.02374pt x 102.3825pt>
File: 003Polarisationsfilter2.pdf Graphic file (type pdf)

<use 003Polarisationsfilter2.pdf>
Package pdftex.def Info: 003Polarisationsfilter2.pdf used on input line 199.
(pdftex.def)             Requested size: 274.02307pt x 102.38225pt.

<003Kalkspat2.pdf, id=171, 256.96pt x 126.4725pt>
File: 003Kalkspat2.pdf Graphic file (type pdf)
 <use 003Kalkspat2.pdf>
Package pdftex.def Info: 003Kalkspat2.pdf used on input line 208.
(pdftex.def)             Requested size: 256.95937pt x 126.47218pt.

[5 <data/003Kalkspat.pdf> <data/003Polarisationsfilter1.pdf> <data/003Polarisat
ionsfilter2.pdf>]
Overfull \hbox (10.82841pt too wide) in paragraph at lines 217--218
\OT1/cmr/m/n/10.95 Zustandsvektroren nennt man auch \OT1/cmr/m/it/10.95 Kets\OT
1/cmr/m/n/10.95 . Es be-schrei-be $[]$ den Zu-stand ei-nes in $[][] [] \OML/cmm
/m/it/10.95 ' \OT1/cmr/m/n/10.95 +
 []

<004Kalkspat.pdf, id=319, 302.12875pt x 126.4725pt>
File: 004Kalkspat.pdf Graphic file (type pdf)
 <use 004Kalkspat.pdf>
Package pdftex.def Info: 004Kalkspat.pdf used on input line 219.
(pdftex.def)             Requested size: 302.128pt x 126.47218pt.

[6 <data/003Kalkspat2.pdf> <data/004Kalkspat.pdf>] [7]
LaTeX Font Info:    Try loading font information for U+dsrom on input line 290.


(/usr/share/texlive/texmf-dist/tex/latex/doublestroke/Udsrom.fd
File: Udsrom.fd 1995/08/01 v0.1 Double stroke roman font definitions
) [8] [9]
<030Polarisationsfilter.pdf, id=455, 303.1325pt x 102.3825pt>
File: 030Polarisationsfilter.pdf Graphic file (type pdf)

<use 030Polarisationsfilter.pdf>
Package pdftex.def Info: 030Polarisationsfilter.pdf used on input line 369.
(pdftex.def)             Requested size: 303.13176pt x 102.38225pt.
 [10 <data/030Polarisationsfilter.pdf>]
<038ZirkularPolPhotonen.pdf, id=557, 188.705pt x 113.42375pt>
File: 038ZirkularPolPhotonen.pdf Graphic file (type pdf)

<use 038ZirkularPolPhotonen.pdf>
Package pdftex.def Info: 038ZirkularPolPhotonen.pdf used on input line 440.
(pdftex.def)             Requested size: 188.70453pt x 113.42346pt.
 [11 <data/038ZirkularPolPhotonen.pdf>]
<044MessungZirkPol.pdf, id=593, 229.85875pt x 113.42375pt>
File: 044MessungZirkPol.pdf Graphic file (type pdf)

<use 044MessungZirkPol.pdf>
Package pdftex.def Info: 044MessungZirkPol.pdf used on input line 491.
(pdftex.def)             Requested size: 229.85817pt x 113.42346pt.
 [12 <data/044MessungZirkPol.pdf>] [13] [14]
<056SternGerlach.pdf, id=661, 418.56375pt x 136.51pt>
File: 056SternGerlach.pdf Graphic file (type pdf)

<use 056SternGerlach.pdf>
Package pdftex.def Info: 056SternGerlach.pdf used on input line 580.
(pdftex.def)             Requested size: 418.56271pt x 136.50966pt.

Overfull \hbox (0.30716pt too wide) in paragraph at lines 580--581
 [] 
 []

<057SGZ1.pdf, id=662, 170.6375pt x 66.2475pt>
File: 057SGZ1.pdf Graphic file (type pdf)
 <use 057SGZ1.pdf>
Package pdftex.def Info: 057SGZ1.pdf used on input line 598.
(pdftex.def)             Requested size: 170.63707pt x 66.24733pt.
 [15 <data/056SternGerlach.pdf> <data/057SGZ1.pdf>]
<057SGZ2.pdf, id=751, 232.87pt x 65.24374pt>
File: 057SGZ2.pdf Graphic file (type pdf)
 <use 057SGZ2.pdf>
Package pdftex.def Info: 057SGZ2.pdf used on input line 605.
(pdftex.def)             Requested size: 232.86942pt x 65.24358pt.

<059SGXSGZ.pdf, id=752, 241.90375pt x 74.2775pt>
File: 059SGXSGZ.pdf Graphic file (type pdf)
 <use 059SGXSGZ.pdf>
Package pdftex.def Info: 059SGXSGZ.pdf used on input line 627.
(pdftex.def)             Requested size: 241.90315pt x 74.27731pt.
 [16 <data/057SGZ2.pdf> <data/059SGXSGZ.pdf>] [17] [18] [19]
Overfull \vbox (1.60515pt too high) detected at line 783
 []

[20] [21] [22] [23] [24]

LaTeX Warning: Command \grqq invalid in math mode on input line 1024.


LaTeX Warning: Command \grqq invalid in math mode on input line 1024.

[25] [26] <theoD-pics.pdf, id=1038, page=1, 51.00053pt x 101.00735pt>
File: theoD-pics.pdf Graphic file (type pdf)

<use theoD-pics.pdf, page 1>
Package pdftex.def Info: theoD-pics.pdf, page1 used on input line 1096.
(pdftex.def)             Requested size: 51.0004pt x 101.0071pt.
 [27]

LaTeX Warning: Command \grqq invalid in math mode on input line 1113.


LaTeX Warning: Command \grqq invalid in math mode on input line 1113.

[28 <./theoD-pics.pdf>]
Overfull \hbox (10.27435pt too wide) in paragraph at lines 1161--1162
[]\OT1/cmr/m/n/10.95 Ist $\OML/cmm/m/it/10.95 V$ \OT1/cmr/m/n/10.95 ein Hil-ber
-traum $\OMS/cmsy/m/n/10.95 H$ \OT1/cmr/m/n/10.95 mit Ba-sis $[]$, so gibt es e
i-ne Ba-sis $[]$
 []

[29] [30]

LaTeX Warning: Command \grqq invalid in math mode on input line 1242.


LaTeX Warning: Command \grqq invalid in math mode on input line 1242.

[31] [32] [33] [34] [35] [36] [37]
Overfull \hbox (44.32036pt too wide) in paragraph at lines 1521--1521
[] 
 []


Overfull \hbox (10.96724pt too wide) in paragraph at lines 1545--1546
[]\OT1/cmr/m/n/10.95 Bemerkung uzm Vor-zei-chen in (165) bzw. (166): Erf[]ullt 
$\OML/cmm/m/it/10.95  \OT1/cmr/m/n/10.95 ([]\OML/cmm/m/it/10.95 ; t\OT1/cmr/m/n
/10.95 )$ die Glei-chung $\OML/cmm/m/it/10.95 i\U/msb/m/n/10.95 ~[]\OML/cmm/m/i
t/10.95  \OT1/cmr/m/n/10.95 ([]\OML/cmm/m/it/10.95 ; t\OT1/cmr/m/n/10.95 ) =
 []

[38] [39] [40] [41] <191Integration.pdf, id=1094, 350.30875pt x 84.315pt>
File: 191Integration.pdf Graphic file (type pdf)

<use 191Integration.pdf>
Package pdftex.def Info: 191Integration.pdf used on input line 1663.
(pdftex.def)             Requested size: 350.30789pt x 84.31477pt.

<theoD-pics.pdf, id=1095, page=2, 181.00624pt x 121.00206pt>
File: theoD-pics.pdf Graphic file (type pdf)

<use theoD-pics.pdf, page 2>
Package pdftex.def Info: theoD-pics.pdf, page2 used on input line 1692.
(pdftex.def)             Requested size: 181.00578pt x 121.00175pt.
 [42 <data/191Integration.pdf>]
<203Katenpot.pdf, id=1186, 177.66376pt x 124.465pt>
File: 203Katenpot.pdf Graphic file (type pdf)
 <use 203Katenpot.pdf>
Package pdftex.def Info: 203Katenpot.pdf used on input line 1735.
(pdftex.def)             Requested size: 177.66331pt x 124.46469pt.

[43 <./theoD-pics.pdf>]
Overfull \hbox (8.90994pt too wide) in paragraph at lines 1754--1761
[][]  \OT1/cmr/m/n/10.95 Pa-rit[]ats-ope-
 []

[44 <data/203Katenpot.pdf>]
<theoD-pics.pdf, id=1231, page=3, 226.00435pt x 90.99998pt>
File: theoD-pics.pdf Graphic file (type pdf)

<use theoD-pics.pdf, page 3>
Package pdftex.def Info: theoD-pics.pdf, page3 used on input line 1785.
(pdftex.def)             Requested size: 226.00378pt x 90.99976pt.

<theoD-pics.pdf, id=1232, page=4, 226.00435pt x 166.00018pt>
File: theoD-pics.pdf Graphic file (type pdf)

<use theoD-pics.pdf, page 4>
Package pdftex.def Info: theoD-pics.pdf, page4 used on input line 1797.
(pdftex.def)             Requested size: 226.00378pt x 165.99976pt.
 [45 <./theoD-pics.pdf> <./theoD-pics.pdf>]
<theoD-pics.pdf, id=1240, page=5, 321.95282pt x 121.00206pt>
File: theoD-pics.pdf Graphic file (type pdf)

<use theoD-pics.pdf, page 5>
Package pdftex.def Info: theoD-pics.pdf, page5 used on input line 1839.
(pdftex.def)             Requested size: 321.95203pt x 121.00175pt.

<theoD-pics.pdf, id=1241, page=6, 321.95282pt x 121.00206pt>
File: theoD-pics.pdf Graphic file (type pdf)

<use theoD-pics.pdf, page 6>
Package pdftex.def Info: theoD-pics.pdf, page6 used on input line 1893.
(pdftex.def)             Requested size: 321.95203pt x 121.00175pt.
 [46 <./theoD-pics.pdf>]
<theoD-pics.pdf, id=1261, page=7, 401.00818pt x 201.00093pt>
File: theoD-pics.pdf Graphic file (type pdf)

<use theoD-pics.pdf, page 7>
Package pdftex.def Info: theoD-pics.pdf, page7 used on input line 1928.
(pdftex.def)             Requested size: 401.00719pt x 201.00043pt.
 [47 <./theoD-pics.pdf> <./theoD-pics.pdf>]
[48] [49] [50] <theoD-pics.pdf, id=1278, page=8, 101.00735pt x 101.00735pt>
File: theoD-pics.pdf Graphic file (type pdf)

<use theoD-pics.pdf, page 8>
Package pdftex.def Info: theoD-pics.pdf, page8 used on input line 2115.
(pdftex.def)             Requested size: 101.0071pt x 101.0071pt.
 [51 <./theoD-pics.pdf>] [52]

LaTeX Warning: Command \ss invalid in math mode on input line 2213.

[53] [54] <theoD-pics.pdf, id=1295, page=9, 401.00818pt x 201.00093pt>
File: theoD-pics.pdf Graphic file (type pdf)

<use theoD-pics.pdf, page 9>
Package pdftex.def Info: theoD-pics.pdf, page9 used on input line 2282.
(pdftex.def)             Requested size: 401.00719pt x 201.00043pt.
 [55 <./theoD-pics.pdf>] [56] [57]
Overfull \hbox (35.5472pt too wide) in paragraph at lines 2400--2400
[] 
 []

[58] [59] [60] <283Drehung.pdf, id=1315, 135.50626pt x 114.4275pt>
File: 283Drehung.pdf Graphic file (type pdf)

<use 283Drehung.pdf>
Package pdftex.def Info: 283Drehung.pdf used on input line 2507.
(pdftex.def)             Requested size: 135.5059pt x 114.42722pt.
 [61 <data/283Drehung.pdf>]

Package amsmath Warning: Foreign command \atop;
(amsmath)                \frac or \genfrac should be used instead
(amsmath)                 on input line 2540.

[62] [63] [64] <320L3.pdf, id=1387, 128.48pt x 162.6075pt>
File: 320L3.pdf Graphic file (type pdf)
 <use 320L3.pdf>
Package pdftex.def Info: 320L3.pdf used on input line 2662.
(pdftex.def)             Requested size: 128.47968pt x 162.6071pt.

[65 <data/320L3.pdf>] [66] [67] [68] [69]
<theoD-pics.pdf, id=1416, page=10, 151.00415pt x 151.00415pt>
File: theoD-pics.pdf Graphic file (type pdf)

<use theoD-pics.pdf, page 10>
Package pdftex.def Info: theoD-pics.pdf, page10 used on input line 2807.
(pdftex.def)             Requested size: 151.00377pt x 151.00377pt.

<theoD-pics.pdf, id=1417, page=11, 151.00415pt x 151.00415pt>
File: theoD-pics.pdf Graphic file (type pdf)

<use theoD-pics.pdf, page 11>
Package pdftex.def Info: theoD-pics.pdf, page11 used on input line 2811.
(pdftex.def)             Requested size: 151.00377pt x 151.00377pt.

<theoD-pics.pdf, id=1418, page=12, 151.00415pt x 201.00093pt>
File: theoD-pics.pdf Graphic file (type pdf)

<use theoD-pics.pdf, page 12>
Package pdftex.def Info: theoD-pics.pdf, page12 used on input line 2817.
(pdftex.def)             Requested size: 151.00377pt x 201.00043pt.

<theoD-pics.pdf, id=1419, page=13, 151.00415pt x 201.00093pt>
File: theoD-pics.pdf Graphic file (type pdf)

<use theoD-pics.pdf, page 13>
Package pdftex.def Info: theoD-pics.pdf, page13 used on input line 2821.
(pdftex.def)             Requested size: 151.00377pt x 201.00043pt.

<theoD-pics.pdf, id=1420, page=14, 151.00415pt x 251.00777pt>
File: theoD-pics.pdf Graphic file (type pdf)

<use theoD-pics.pdf, page 14>
Package pdftex.def Info: theoD-pics.pdf, page14 used on input line 2826.
(pdftex.def)             Requested size: 151.00377pt x 251.00716pt.

<theoD-pics.pdf, id=1421, page=15, 151.00415pt x 251.00777pt>
File: theoD-pics.pdf Graphic file (type pdf)

<use theoD-pics.pdf, page 15>
Package pdftex.def Info: theoD-pics.pdf, page15 used on input line 2830.
(pdftex.def)             Requested size: 151.00377pt x 251.00716pt.
 [70 <./theoD-pics.pdf> <./theoD-pics.pdf>]
[71 <./theoD-pics.pdf> <./theoD-pics.pdf> <./theoD-pics.pdf> <./theoD-pics.pdf>
] [72] [73] [74] [75] [76] [77] [78]
<theoD-pics.pdf, id=1450, page=16, 301.00456pt x 121.00206pt>
File: theoD-pics.pdf Graphic file (type pdf)

<use theoD-pics.pdf, page 16>
Package pdftex.def Info: theoD-pics.pdf, page16 used on input line 3066.
(pdftex.def)             Requested size: 301.00381pt x 121.00175pt.
 [79 <./theoD-pics.pdf>] [80] [81]
Overfull \hbox (3.25029pt too wide) in paragraph at lines 3148--3150
$[]$ \OT1/cmr/m/n/10.95 nennt man auch []\OT1/cmr/m/it/10.95 Uber-gang-sam-pli-
tu-de \OT1/cmr/m/n/10.95 und $\OML/cmm/m/it/10.95 P[]$ []\OT1/cmr/m/it/10.95 Ub
er-gangs-wahr-schein-
 []

<419Ubergang.pdf, id=1462, 105.39375pt x 82.3075pt>
File: 419Ubergang.pdf Graphic file (type pdf)
 <use 419Ubergang.pdf>
Package pdftex.def Info: 419Ubergang.pdf used on input line 3153.
(pdftex.def)             Requested size: 105.39348pt x 82.30728pt.

[82 <data/419Ubergang.pdf>] [83]
<431EntartRed.pdf, id=1501, 107.40125pt x 102.3825pt>
File: 431EntartRed.pdf Graphic file (type pdf)
 <use 431EntartRed.pdf>
Package pdftex.def Info: 431EntartRed.pdf used on input line 3201.
(pdftex.def)             Requested size: 107.40097pt x 102.38225pt.

[84 <data/431EntartRed.pdf>] [85] [86]
ngerman: "rr is now obsolete, please use rrr instead on input line 3295.
[87] [88] [89] <469Streu.pdf, id=1544, 246.9225pt x 102.3825pt>
File: 469Streu.pdf Graphic file (type pdf)

<use 469Streu.pdf>
Package pdftex.def Info: 469Streu.pdf used on input line 3384.
(pdftex.def)             Requested size: 246.92188pt x 102.38225pt.
 <470wirkquer.pdf, id=1545, 184.69pt x 56.21pt>
File: 470wirkquer.pdf Graphic file (type pdf)

<use 470wirkquer.pdf>
Package pdftex.def Info: 470wirkquer.pdf used on input line 3395.
(pdftex.def)             Requested size: 184.68953pt x 56.20985pt.
 [90 <data/469Streu.pdf> <data/470wirkquer.pdf>]
(./theoD.aux) ) 
Here is how much of TeX's memory you used:
 10479 strings out of 493304
 158726 string characters out of 6139872
 370832 words of memory out of 5000000
 13642 multiletter control sequences out of 15000+600000
 18328 words of font info for 79 fonts, out of 8000000 for 9000
 957 hyphenation exceptions out of 8191
 49i,35n,62p,586b,537s stack positions out of 5000i,500n,10000p,200000b,80000s
</usr/share/texlive/texmf-dist/fonts/type1/public/amsfonts/cm/cm
ex10.pfb></usr/share/texlive/texmf-dist/fonts/type1/public/amsfonts/cmextra/cme
x8.pfb></usr/share/texlive/texmf-dist/fonts/type1/public/amsfonts/cm/cmmi10.pfb
></usr/share/texlive/texmf-dist/fonts/type1/public/amsfonts/cm/cmmi12.pfb></usr
/share/texlive/texmf-dist/fonts/type1/public/amsfonts/cm/cmmi6.pfb></usr/share/
texlive/texmf-dist/fonts/type1/public/amsfonts/cm/cmmi8.pfb></usr/share/texlive
/texmf-dist/fonts/type1/public/amsfonts/cm/cmr10.pfb></usr/share/texlive/texmf-
dist/fonts/type1/public/amsfonts/cm/cmr12.pfb></usr/share/texlive/texmf-dist/fo
nts/type1/public/amsfonts/cm/cmr6.pfb></usr/share/texlive/texmf-dist/fonts/type
1/public/amsfonts/cm/cmr8.pfb></usr/share/texlive/texmf-dist/fonts/type1/public
/amsfonts/cm/cmssbx10.pfb></usr/share/texlive/texmf-dist/fonts/type1/public/ams
fonts/cm/cmsy10.pfb></usr/share/texlive/texmf-dist/fonts/type1/public/amsfonts/
cm/cmsy6.pfb></usr/share/texlive/texmf-dist/fonts/type1/public/amsfonts/cm/cmsy
8.pfb></usr/share/texlive/texmf-dist/fonts/type1/public/amsfonts/cm/cmti10.pfb>
</usr/share/texlive/texmf-dist/fonts/type1/public/doublestroke/dsrom10.pfb></us
r/share/texlive/texmf-dist/fonts/type1/public/doublestroke/dsrom8.pfb></usr/sha
re/texlive/texmf-dist/fonts/type1/public/amsfonts/symbols/msam10.pfb></usr/shar
e/texlive/texmf-dist/fonts/type1/public/amsfonts/symbols/msbm10.pfb></usr/share
/texlive/texmf-dist/fonts/type1/public/amsfonts/symbols/msbm7.pfb></usr/share/t
exlive/texmf-dist/fonts/type1/public/esvect/vect10.pfb></usr/share/texlive/texm
f-dist/fonts/type1/public/esvect/vect6.pfb></usr/share/texlive/texmf-dist/fonts
/type1/public/esvect/vect8.pfb>
Output written on theoD.pdf (90 pages, 1946004 bytes).
PDF statistics:
 1682 PDF objects out of 1728 (max. 8388607)
 1047 compressed objects within 11 object streams
 0 named destinations out of 1000 (max. 500000)
 201 words of extra memory for PDF output out of 10000 (max. 10000000)

