
Running /usr/bin/latex theoD.tex in an env with 4 entries:
This is pdfTeX, Version 3.1415926-2.5-1.40.14 (TeX Live 2013/Debian)
 restricted \write18 enabled.
entering extended mode
(data/theoD.tex
LaTeX2e <2011/06/27>
Babel <3.9h> and hyphenation patterns for 78 languages loaded.
(/usr/share/texlive/texmf-dist/tex/latex/koma-script/scrartcl.cls
Document Class: scrartcl 2013/12/19 v3.12 KOMA-Script document class (article)
(/usr/share/texlive/texmf-dist/tex/latex/koma-script/scrkbase.sty
(/usr/share/texlive/texmf-dist/tex/latex/koma-script/scrbase.sty
(/usr/share/texlive/texmf-dist/tex/latex/graphics/keyval.sty)
(/usr/share/texlive/texmf-dist/tex/latex/koma-script/scrlfile.sty
Package scrlfile, 2013/12/19 v3.12 KOMA-Script package (loading files)
                  Copyright (C) Markus Kohm

))) (/usr/share/texlive/texmf-dist/tex/latex/koma-script/tocbasic.sty)
(/usr/share/texlive/texmf-dist/tex/latex/koma-script/scrsize11pt.clo)
(/usr/share/texlive/texmf-dist/tex/latex/koma-script/typearea.sty
Package typearea, 2013/12/19 v3.12 KOMA-Script package (type area)
                  Copyright (C) Frank Neukam, 1992-1994
                  Copyright (C) Markus Kohm, 1994-

)) (/usr/share/texlive/texmf-dist/tex/generic/german/ngerman.sty
v2.5e 1998-07-08) (/usr/share/texlive/texmf-dist/tex/latex/amsmath/amsmath.sty
For additional information on amsmath, use the `?' option.
(/usr/share/texlive/texmf-dist/tex/latex/amsmath/amstext.sty
(/usr/share/texlive/texmf-dist/tex/latex/amsmath/amsgen.sty))
(/usr/share/texlive/texmf-dist/tex/latex/amsmath/amsbsy.sty)
(/usr/share/texlive/texmf-dist/tex/latex/amsmath/amsopn.sty))
(/usr/share/texlive/texmf-dist/tex/latex/amsfonts/amssymb.sty
(/usr/share/texlive/texmf-dist/tex/latex/amsfonts/amsfonts.sty))
(/usr/share/texlive/texmf-dist/tex/latex/esvect/esvect.sty)
(/usr/share/texlive/texmf-dist/tex/latex/graphics/graphicx.sty
(/usr/share/texlive/texmf-dist/tex/latex/graphics/graphics.sty
(/usr/share/texlive/texmf-dist/tex/latex/graphics/trig.sty)
(/usr/share/texlive/texmf-dist/tex/latex/latexconfig/graphics.cfg)
(/usr/share/texlive/texmf-dist/tex/latex/graphics/dvips.def)))
(/usr/share/texlive/texmf-dist/tex/latex/multirow/multirow.sty)
(/usr/share/texlive/texmf-dist/tex/latex/braket/braket.sty)
(/usr/share/texlive/texmf-dist/tex/latex/doublestroke/dsfont.sty)
(/usr/share/texlive/texmf-dist/tex/latex/rotating/rotating.sty
(/usr/share/texlive/texmf-dist/tex/latex/base/ifthen.sty))
(/usr/share/texlive/texmf-dist/tex/latex/pstricks/pstricks.sty
(/usr/share/texlive/texmf-dist/tex/generic/oberdiek/ifpdf.sty)
(/usr/share/texlive/texmf-dist/tex/generic/pstricks/pstricks.tex
(/usr/share/texlive/texmf-dist/tex/generic/xkeyval/pst-xkey.tex
(/usr/share/texlive/texmf-dist/tex/latex/xkeyval/xkeyval.sty
(/usr/share/texlive/texmf-dist/tex/generic/xkeyval/xkeyval.tex)))
(/usr/share/texlive/texmf-dist/tex/generic/pstricks/pst-fp.tex
`pst-fp' v0.05, 2010/01/17 (hv))
(/usr/share/texmf/tex/generic/pgf/utilities/pgfutil-common.tex)
(/usr/share/texmf/tex/generic/pgf/utilities/pgfkeys.code.tex
(/usr/share/texmf/tex/generic/pgf/utilities/pgfkeysfiltered.code.tex))
(/usr/share/texmf/tex/generic/pgf/utilities/pgffor.code.tex)
`PSTricks' v2.51  <2014/02/03> (tvz)
(/usr/share/texlive/texmf-dist/tex/generic/pstricks/pstricks.con))
(/usr/share/texlive/texmf-dist/tex/generic/pstricks/pst-fp.tex)
(/usr/share/texmf/tex/latex/xcolor/xcolor.sty
(/usr/share/texlive/texmf-dist/tex/latex/latexconfig/color.cfg)))
(/usr/share/texlive/texmf-dist/tex/latex/pstricks/pst-all.sty
(/usr/share/texlive/texmf-dist/tex/latex/pst-plot/pst-plot.sty
(/usr/share/texlive/texmf-dist/tex/latex/xkeyval/pst-xkey.sty)
(/usr/share/texlive/texmf-dist/tex/latex/multido/multido.sty
(/usr/share/texlive/texmf-dist/tex/generic/multido/multido.tex
 v1.42, 2010/05/14 <tvz>))
(/usr/share/texlive/texmf-dist/tex/generic/pst-plot/pst-plot.tex
 v1.58, 2014/01/16 (tvz,hv)))
(/usr/share/texlive/texmf-dist/tex/latex/pst-node/pst-node.sty
(/usr/share/texlive/texmf-dist/tex/generic/pst-node/pst-node.tex
 v1.32, 2014/02/03))
(/usr/share/texlive/texmf-dist/tex/latex/pst-tree/pst-tree.sty
(/usr/share/texlive/texmf-dist/tex/generic/pst-tree/pst-tree.tex
 v1.12, 2011/02/28(tvz,dg,hv)))
(/usr/share/texlive/texmf-dist/tex/latex/pst-grad/pst-grad.sty
(/usr/share/texlive/texmf-dist/tex/generic/pst-grad/pst-grad.tex
`pst-grad' v1.06, 2006/11/27 (tvz,dg,hv)))
(/usr/share/texlive/texmf-dist/tex/latex/pst-coil/pst-coil.sty
(/usr/share/texlive/texmf-dist/tex/generic/pst-coil/pst-coil.tex
 v1.06, 2006/11/27
(/usr/share/texlive/texmf-dist/tex/generic/pst-node/pst-node.tex)))
(/usr/share/texlive/texmf-dist/tex/latex/pst-text/pst-text.sty
(/usr/share/texlive/texmf-dist/tex/generic/pst-text/pst-text.tex
 v1.00, 2006/11/05(tvz,hv)))
(/usr/share/texlive/texmf-dist/tex/latex/pst-3d/pst-3d.sty
(/usr/share/texlive/texmf-dist/tex/generic/pst-3d/pst-3d.tex
`PST-3d' v1.11, 2010/02/14 (tvz)))
(/usr/share/texlive/texmf-dist/tex/latex/pst-eps/pst-eps.sty
(/usr/share/texlive/texmf-dist/tex/generic/pst-eps/pst-eps.tex
 v1.00, 2006/11/04))
(/usr/share/texlive/texmf-dist/tex/latex/pst-fill/pst-fill.sty
(/usr/share/texlive/texmf-dist/tex/generic/pst-fill/pst-fill.tex
`PST-Fill' v1.01, 2007/03/10 (tvz,dg,hv)))
(/usr/share/texlive/texmf-dist/tex/latex/pstricks-add/pstricks-add.sty
(/usr/share/texlive/texmf-dist/tex/latex/pst-math/pst-math.sty
(/usr/share/texlive/texmf-dist/tex/generic/pst-math/pst-math.tex
`pst-math' v0.62 , (CJ,hv)))
(/usr/share/texlive/texmf-dist/tex/generic/pstricks-add/pstricks-add.tex
`pstricks-add' v3.65, 2014/01/21 (dr,hv))
(/usr/share/texlive/texmf-dist/tex/latex/pstricks-add/pstricks-add.cfg)))
(/usr/share/texlive/texmf-dist/tex/latex/marvosym/marvosym.sty)
(/usr/share/texlive/texmf-dist/tex/latex/units/nicefrac.sty)
(/usr/share/texlive/texmf-dist/tex/latex/tools/longtable.sty)
(/usr/share/texlive/texmf-dist/tex/latex/pst-pdf/pst-pdf.sty
No auxiliary output files.

(/usr/share/texmf/tex/latex/preview/preview.sty
(/usr/share/texmf/tex/latex/preview/prtightpage.def))
(/usr/share/texlive/texmf-dist/tex/latex/pdftex-def/pdftex.def
(/usr/share/texlive/texmf-dist/tex/generic/oberdiek/infwarerr.sty)
(/usr/share/texlive/texmf-dist/tex/generic/oberdiek/ltxcmds.sty)))
(/usr/share/texlive/texmf-dist/tex/latex/SIunits/SIunits.sty

(/usr/share/texlive/texmf-dist/tex/latex/SIunits/SIunits.cfg)
Option `squaren' provided!
) (/usr/share/texlive/texmf-dist/tex/latex/base/inputenc.sty
(/usr/share/texlive/texmf-dist/tex/latex/base/utf8.def
(/usr/share/texlive/texmf-dist/tex/latex/base/t1enc.dfu)
(/usr/share/texlive/texmf-dist/tex/latex/base/ot1enc.dfu)
(/usr/share/texlive/texmf-dist/tex/latex/base/omsenc.dfu)
(/usr/share/texlive/texmf-dist/tex/latex/base/ts1enc.dfu))) (data/latexki.sty)
No file theoD.aux.
(/usr/share/texlive/texmf-dist/tex/latex/base/ts1cmr.fd)
Preview: Fontsize 10.95pt
Option `squaren' provided! 
 Command \squaren defined by SIunits package!


Package SIunits Warning: The command \gray was already defined.
(SIunits)                Possibly due to the pstricks package.

Hint: use option `pstricks' or `Gray' with SIunits package.
See SIunits.dvi or readme.txt section: Known problems and limitations.

(/usr/share/texlive/texmf-dist/tex/latex/amsfonts/umsa.fd)
(/usr/share/texlive/texmf-dist/tex/latex/amsfonts/umsb.fd)
(/usr/share/texlive/texmf-dist/tex/latex/esvect/uesvect.fd)

LaTeX Warning: No \author given.

No file theoD.toc.
(/usr/share/texlive/texmf-dist/tex/latex/base/omscmr.fd)
Overfull \hbox (30.68616pt too wide) in paragraph at lines 104--113
[] 

Underfull \hbox (badness 10000) in paragraph at lines 104--113


LaTeX Warning: Reference `Photoeffekt1' on page 2 undefined on input line 123.


Overfull \hbox (30.68616pt too wide) in paragraph at lines 121--128
[][] 

Underfull \hbox (badness 10000) in paragraph at lines 121--128


LaTeX Warning: Reference `Comptoneffekt1' on page 2 undefined on input line 138
.


Overfull \hbox (30.68616pt too wide) in paragraph at lines 136--144
[][] 

Overfull \hbox (30.68616pt too wide) in paragraph at lines 155--172
[][] 

Overfull \hbox (10.82841pt too wide) in paragraph at lines 217--218
\OT1/cmr/m/n/10.95 Zustandsvektroren nennt man auch \OT1/cmr/m/it/10.95 Kets\OT
1/cmr/m/n/10.95 . Es be-schrei-be $[]$ den Zu-stand ei-nes in $[][] [] \OML/cmm
/m/it/10.95 ' \OT1/cmr/m/n/10.95 +
(/usr/share/texlive/texmf-dist/tex/latex/doublestroke/Udsrom.fd)

LaTeX Warning: Reference `25' on page 7 undefined on input line 321.


LaTeX Warning: Reference `18' on page 7 undefined on input line 326.


Overfull \vbox (1.60515pt too high) detected at line 783

LaTeX Warning: Command \grqq invalid in math mode on input line 1024.


LaTeX Warning: Command \grqq invalid in math mode on input line 1024.

Preview: Tightpage -32891 -32891 32891 32891
[1]

LaTeX Warning: Command \grqq invalid in math mode on input line 1113.


LaTeX Warning: Command \grqq invalid in math mode on input line 1113.


Overfull \hbox (10.27435pt too wide) in paragraph at lines 1161--1162
[]\OT1/cmr/m/n/10.95 Ist $\OML/cmm/m/it/10.95 V$ \OT1/cmr/m/n/10.95 ein Hil-ber
-traum $\OMS/cmsy/m/n/10.95 H$ \OT1/cmr/m/n/10.95 mit Ba-sis $[]$, so gibt es e
i-ne Ba-sis $[]$

LaTeX Warning: Command \grqq invalid in math mode on input line 1242.


LaTeX Warning: Command \grqq invalid in math mode on input line 1242.


Overfull \hbox (44.32036pt too wide) in paragraph at lines 1521--1521
[] 

Overfull \hbox (10.96724pt too wide) in paragraph at lines 1545--1546
[]\OT1/cmr/m/n/10.95 Bemerkung uzm Vor-zei-chen in (165) bzw. (166): Erf[]ullt 
$\OML/cmm/m/it/10.95  \OT1/cmr/m/n/10.95 ([]\OML/cmm/m/it/10.95 ; t\OT1/cmr/m/n
/10.95 )$ die Glei-chung $\OML/cmm/m/it/10.95 i\U/msb/m/n/10.95 ~[]\OML/cmm/m/i
t/10.95  \OT1/cmr/m/n/10.95 ([]\OML/cmm/m/it/10.95 ; t\OT1/cmr/m/n/10.95 ) =
[2]
Overfull \hbox (8.90994pt too wide) in paragraph at lines 1754--1761
[][]  \OT1/cmr/m/n/10.95 Pa-rit[]ats-ope-
[3] [4] [5] [6] [7] [8]

LaTeX Warning: Command \ss invalid in math mode on input line 2213.

[9]
Overfull \hbox (35.5472pt too wide) in paragraph at lines 2400--2400
[] 

Package amsmath Warning: Foreign command \atop;
(amsmath)                \frac or \genfrac should be used instead
(amsmath)                 on input line 2540.

[10] [11] [12] [13] [14] [15] [16]
Overfull \hbox (3.25029pt too wide) in paragraph at lines 3148--3150
$[]$ \OT1/cmr/m/n/10.95 nennt man auch []\OT1/cmr/m/it/10.95 Uber-gang-sam-pli-
tu-de \OT1/cmr/m/n/10.95 und $\OML/cmm/m/it/10.95 P[]$ []\OT1/cmr/m/it/10.95 Ub
er-gangs-wahr-schein-
ngerman: "rr is now obsolete, please use rrr instead on input line 3295.

LaTeX Warning: There were undefined references.

 )
(see the transcript file for additional information)
Output written on theoD.dvi (16 pages, 98292 bytes).
Transcript written on theoD.log.
Result: ExitSuccess

Running /usr/bin/dvips theoD.dvi -o theoD-pics.ps in an env with 4 entries:
This is dvips(k) 5.993 Copyright 2013 Radical Eye Software (www.radicaleye.com)
' TeX output 2018.08.07:1417' -> theoD-pics.ps
</usr/share/texlive/texmf-dist/dvips/base/tex.pro>
</usr/share/texlive/texmf-dist/dvips/pstricks/pstricks.pro>
</usr/share/texlive/texmf-dist/dvips/pstricks/pst-algparser.pro>
</usr/share/texlive/texmf-dist/dvips/pst-tools/pst-tools.pro>
</usr/share/texlive/texmf-dist/dvips/pstricks/pst-dots.pro>
</usr/share/texlive/texmf-dist/dvips/pst-node/pst-node.pro>
</usr/share/texlive/texmf-dist/dvips/pst-grad/pst-grad.pro>
</usr/share/texlive/texmf-dist/dvips/pst-coil/pst-coil.pro>
</usr/share/texlive/texmf-dist/dvips/pst-text/pst-text.pro>
</usr/share/texlive/texmf-dist/dvips/pst-3d/pst-3d.pro>
</usr/share/texlive/texmf-dist/dvips/pst-math/pst-math.pro>
</usr/share/texlive/texmf-dist/dvips/pstricks-add/pstricks-add.pro>
</usr/share/texlive/texmf-dist/dvips/base/texps.pro>
</usr/share/texlive/texmf-dist/dvips/base/special.pro>
</usr/share/texlive/texmf-dist/dvips/base/color.pro>. 
</usr/share/texlive/texmf-dist/fonts/type1/public/amsfonts/symbols/msbm10.pfb>
</usr/share/texlive/texmf-dist/fonts/type1/public/amsfonts/cm/cmsy8.pfb>
</usr/share/texlive/texmf-dist/fonts/type1/public/amsfonts/cm/cmr6.pfb>
</usr/share/texlive/texmf-dist/fonts/type1/public/amsfonts/cm/cmsy10.pfb>
</usr/share/texlive/texmf-dist/fonts/type1/public/amsfonts/cm/cmr8.pfb>
</usr/share/texlive/texmf-dist/fonts/type1/public/amsfonts/cm/cmr10.pfb>
</usr/share/texlive/texmf-dist/fonts/type1/public/amsfonts/cm/cmmi8.pfb>
</usr/share/texlive/texmf-dist/fonts/type1/public/amsfonts/cm/cmmi10.pfb>[1] 
[2] [3] [4] [5] [6] [7] [8] [9] [10] [11] [12] [13] [14] [15] [16] 
Result: ExitSuccess

Running /usr/bin/ps2pdf theoD-pics.ps in an env with 4 entries:
Result: ExitSuccess

Running /usr/bin/pdflatex theoD.tex in an env with 4 entries:
This is pdfTeX, Version 3.1415926-2.5-1.40.14 (TeX Live 2013/Debian)
 restricted \write18 enabled.
entering extended mode
(data/theoD.tex
LaTeX2e <2011/06/27>
Babel <3.9h> and hyphenation patterns for 78 languages loaded.
(/usr/share/texlive/texmf-dist/tex/latex/koma-script/scrartcl.cls
Document Class: scrartcl 2013/12/19 v3.12 KOMA-Script document class (article)
(/usr/share/texlive/texmf-dist/tex/latex/koma-script/scrkbase.sty
(/usr/share/texlive/texmf-dist/tex/latex/koma-script/scrbase.sty
(/usr/share/texlive/texmf-dist/tex/latex/graphics/keyval.sty)
(/usr/share/texlive/texmf-dist/tex/latex/koma-script/scrlfile.sty
Package scrlfile, 2013/12/19 v3.12 KOMA-Script package (loading files)
                  Copyright (C) Markus Kohm

))) (/usr/share/texlive/texmf-dist/tex/latex/koma-script/tocbasic.sty)
(/usr/share/texlive/texmf-dist/tex/latex/koma-script/scrsize11pt.clo)
(/usr/share/texlive/texmf-dist/tex/latex/koma-script/typearea.sty
Package typearea, 2013/12/19 v3.12 KOMA-Script package (type area)
                  Copyright (C) Frank Neukam, 1992-1994
                  Copyright (C) Markus Kohm, 1994-

)) (/usr/share/texlive/texmf-dist/tex/generic/german/ngerman.sty
v2.5e 1998-07-08) (/usr/share/texlive/texmf-dist/tex/latex/amsmath/amsmath.sty
For additional information on amsmath, use the `?' option.
(/usr/share/texlive/texmf-dist/tex/latex/amsmath/amstext.sty
(/usr/share/texlive/texmf-dist/tex/latex/amsmath/amsgen.sty))
(/usr/share/texlive/texmf-dist/tex/latex/amsmath/amsbsy.sty)
(/usr/share/texlive/texmf-dist/tex/latex/amsmath/amsopn.sty))
(/usr/share/texlive/texmf-dist/tex/latex/amsfonts/amssymb.sty
(/usr/share/texlive/texmf-dist/tex/latex/amsfonts/amsfonts.sty))
(/usr/share/texlive/texmf-dist/tex/latex/esvect/esvect.sty)
(/usr/share/texlive/texmf-dist/tex/latex/graphics/graphicx.sty
(/usr/share/texlive/texmf-dist/tex/latex/graphics/graphics.sty
(/usr/share/texlive/texmf-dist/tex/latex/graphics/trig.sty)
(/usr/share/texlive/texmf-dist/tex/latex/latexconfig/graphics.cfg)
(/usr/share/texlive/texmf-dist/tex/latex/pdftex-def/pdftex.def
(/usr/share/texlive/texmf-dist/tex/generic/oberdiek/infwarerr.sty)
(/usr/share/texlive/texmf-dist/tex/generic/oberdiek/ltxcmds.sty))))
(/usr/share/texlive/texmf-dist/tex/latex/multirow/multirow.sty)
(/usr/share/texlive/texmf-dist/tex/latex/braket/braket.sty)
(/usr/share/texlive/texmf-dist/tex/latex/doublestroke/dsfont.sty)
(/usr/share/texlive/texmf-dist/tex/latex/rotating/rotating.sty
(/usr/share/texlive/texmf-dist/tex/latex/base/ifthen.sty))
(/usr/share/texlive/texmf-dist/tex/latex/pstricks/pstricks.sty
(/usr/share/texlive/texmf-dist/tex/generic/oberdiek/ifpdf.sty)
(/usr/share/texlive/texmf-dist/tex/generic/pstricks/pstricks.tex
(/usr/share/texlive/texmf-dist/tex/generic/xkeyval/pst-xkey.tex
(/usr/share/texlive/texmf-dist/tex/latex/xkeyval/xkeyval.sty
(/usr/share/texlive/texmf-dist/tex/generic/xkeyval/xkeyval.tex)))
(/usr/share/texlive/texmf-dist/tex/generic/pstricks/pst-fp.tex
`pst-fp' v0.05, 2010/01/17 (hv))
(/usr/share/texmf/tex/generic/pgf/utilities/pgfutil-common.tex)
(/usr/share/texmf/tex/generic/pgf/utilities/pgfkeys.code.tex
(/usr/share/texmf/tex/generic/pgf/utilities/pgfkeysfiltered.code.tex))
(/usr/share/texmf/tex/generic/pgf/utilities/pgffor.code.tex)
`PSTricks' v2.51  <2014/02/03> (tvz)
(/usr/share/texlive/texmf-dist/tex/generic/pstricks/pstricks.con))
(/usr/share/texlive/texmf-dist/tex/generic/pstricks/pst-fp.tex)
(/usr/share/texmf/tex/latex/xcolor/xcolor.sty
(/usr/share/texlive/texmf-dist/tex/latex/latexconfig/color.cfg)))
(/usr/share/texlive/texmf-dist/tex/latex/pstricks/pst-all.sty
(/usr/share/texlive/texmf-dist/tex/latex/pst-plot/pst-plot.sty
(/usr/share/texlive/texmf-dist/tex/latex/xkeyval/pst-xkey.sty)
(/usr/share/texlive/texmf-dist/tex/latex/multido/multido.sty
(/usr/share/texlive/texmf-dist/tex/generic/multido/multido.tex
 v1.42, 2010/05/14 <tvz>))
(/usr/share/texlive/texmf-dist/tex/generic/pst-plot/pst-plot.tex
 v1.58, 2014/01/16 (tvz,hv)))
(/usr/share/texlive/texmf-dist/tex/latex/pst-node/pst-node.sty
(/usr/share/texlive/texmf-dist/tex/generic/pst-node/pst-node.tex
 v1.32, 2014/02/03))
(/usr/share/texlive/texmf-dist/tex/latex/pst-tree/pst-tree.sty
(/usr/share/texlive/texmf-dist/tex/generic/pst-tree/pst-tree.tex
 v1.12, 2011/02/28(tvz,dg,hv)))
(/usr/share/texlive/texmf-dist/tex/latex/pst-grad/pst-grad.sty
(/usr/share/texlive/texmf-dist/tex/generic/pst-grad/pst-grad.tex
`pst-grad' v1.06, 2006/11/27 (tvz,dg,hv)))
(/usr/share/texlive/texmf-dist/tex/latex/pst-coil/pst-coil.sty
(/usr/share/texlive/texmf-dist/tex/generic/pst-coil/pst-coil.tex
 v1.06, 2006/11/27
(/usr/share/texlive/texmf-dist/tex/generic/pst-node/pst-node.tex)))
(/usr/share/texlive/texmf-dist/tex/latex/pst-text/pst-text.sty
(/usr/share/texlive/texmf-dist/tex/generic/pst-text/pst-text.tex
 v1.00, 2006/11/05(tvz,hv)))
(/usr/share/texlive/texmf-dist/tex/latex/pst-3d/pst-3d.sty
(/usr/share/texlive/texmf-dist/tex/generic/pst-3d/pst-3d.tex
`PST-3d' v1.11, 2010/02/14 (tvz)))
(/usr/share/texlive/texmf-dist/tex/latex/pst-eps/pst-eps.sty
(/usr/share/texlive/texmf-dist/tex/generic/pst-eps/pst-eps.tex
 v1.00, 2006/11/04))
(/usr/share/texlive/texmf-dist/tex/latex/pst-fill/pst-fill.sty
(/usr/share/texlive/texmf-dist/tex/generic/pst-fill/pst-fill.tex
`PST-Fill' v1.01, 2007/03/10 (tvz,dg,hv)))
(/usr/share/texlive/texmf-dist/tex/latex/pstricks-add/pstricks-add.sty
(/usr/share/texlive/texmf-dist/tex/latex/pst-math/pst-math.sty
(/usr/share/texlive/texmf-dist/tex/generic/pst-math/pst-math.tex
`pst-math' v0.62 , (CJ,hv)))
(/usr/share/texlive/texmf-dist/tex/generic/pstricks-add/pstricks-add.tex
`pstricks-add' v3.65, 2014/01/21 (dr,hv))
(/usr/share/texlive/texmf-dist/tex/latex/pstricks-add/pstricks-add.cfg)))
(/usr/share/texlive/texmf-dist/tex/latex/marvosym/marvosym.sty)
(/usr/share/texlive/texmf-dist/tex/latex/units/nicefrac.sty)
(/usr/share/texlive/texmf-dist/tex/latex/tools/longtable.sty)
(/usr/share/texlive/texmf-dist/tex/latex/pst-pdf/pst-pdf.sty
(/usr/share/texmf/tex/latex/preview/preview.sty)
(/usr/share/texlive/texmf-dist/tex/latex/graphics/dvips.def)
(/usr/share/texlive/texmf-dist/tex/latex/environ/environ.sty
(/usr/share/texlive/texmf-dist/tex/latex/trimspaces/trimspaces.sty)))
(/usr/share/texlive/texmf-dist/tex/latex/SIunits/SIunits.sty

(/usr/share/texlive/texmf-dist/tex/latex/SIunits/SIunits.cfg)
Option `squaren' provided!
) (/usr/share/texlive/texmf-dist/tex/latex/base/inputenc.sty
(/usr/share/texlive/texmf-dist/tex/latex/base/utf8.def
(/usr/share/texlive/texmf-dist/tex/latex/base/t1enc.dfu)
(/usr/share/texlive/texmf-dist/tex/latex/base/ot1enc.dfu)
(/usr/share/texlive/texmf-dist/tex/latex/base/omsenc.dfu)
(/usr/share/texlive/texmf-dist/tex/latex/base/ts1enc.dfu))) (data/latexki.sty)
No file theoD.aux.
(/usr/share/texlive/texmf-dist/tex/latex/base/ts1cmr.fd)
(/usr/share/texlive/texmf-dist/tex/context/base/supp-pdf.mkii
[Loading MPS to PDF converter (version 2006.09.02).]
)
Preview: Fontsize 10.95pt
Preview: PDFoutput 1
Option `squaren' provided! 
 Command \squaren defined by SIunits package!


Package SIunits Warning: The command \gray was already defined.
(SIunits)                Possibly due to the pstricks package.

Hint: use option `pstricks' or `Gray' with SIunits package.
See SIunits.dvi or readme.txt section: Known problems and limitations.

(/usr/share/texlive/texmf-dist/tex/latex/amsfonts/umsa.fd)
(/usr/share/texlive/texmf-dist/tex/latex/amsfonts/umsb.fd)
(/usr/share/texlive/texmf-dist/tex/latex/esvect/uesvect.fd)

LaTeX Warning: No \author given.

No file theoD.toc.
(/usr/share/texlive/texmf-dist/tex/latex/base/omscmr.fd) [1
Non-PDF special ignored!
Non-PDF special ignored!
Non-PDF special ignored!
Non-PDF special ignored!{/var/lib/texmf/fonts/map/pdftex/updmap/pdftex.map}]
Overfull \hbox (30.68616pt too wide) in paragraph at lines 104--113
[] 

Underfull \hbox (badness 10000) in paragraph at lines 104--113

<001Photoeffekt.pdf, id=11, 68.255pt x 41.15375pt> <use 001Photoeffekt.pdf>

LaTeX Warning: Reference `Photoeffekt1' on page 2 undefined on input line 123.


Overfull \hbox (30.68616pt too wide) in paragraph at lines 121--128
[][] 

Underfull \hbox (badness 10000) in paragraph at lines 121--128

<002Comptoneffekt.pdf, id=12, 89.33376pt x 72.27pt> <use 002Comptoneffekt.pdf>

LaTeX Warning: Reference `Comptoneffekt1' on page 2 undefined on input line 138
.


Overfull \hbox (30.68616pt too wide) in paragraph at lines 136--144
[][] 
[2 <data/001Photoeffekt.pdf> <data/002Comptoneffekt.pdf>]
<002Intensitat.pdf, id=115, 139.52126pt x 92.345pt> <use 002Intensitat.pdf>
Overfull \hbox (30.68616pt too wide) in paragraph at lines 155--172
[][] 
[3 <data/002Intensitat.pdf>] <003Kalkspat.pdf, id=164, 256.96pt x 126.4725pt>
<use 003Kalkspat.pdf> [4]
<003Polarisationsfilter1.pdf, id=170, 264.99pt x 102.3825pt>
<use 003Polarisationsfilter1.pdf>
<003Polarisationsfilter2.pdf, id=171, 274.02374pt x 102.3825pt>
<use 003Polarisationsfilter2.pdf>
<003Kalkspat2.pdf, id=172, 256.96pt x 126.4725pt> <use 003Kalkspat2.pdf>
[5 <data/003Kalkspat.pdf> <data/003Polarisationsfilter1.pdf> <data/003Polarisat
ionsfilter2.pdf>]
Overfull \hbox (10.82841pt too wide) in paragraph at lines 217--218
\OT1/cmr/m/n/10.95 Zustandsvektroren nennt man auch \OT1/cmr/m/it/10.95 Kets\OT
1/cmr/m/n/10.95 . Es be-schrei-be $[]$ den Zu-stand ei-nes in $[][] [] \OML/cmm
/m/it/10.95 ' \OT1/cmr/m/n/10.95 +
<004Kalkspat.pdf, id=320, 302.12875pt x 126.4725pt> <use 004Kalkspat.pdf>
[6 <data/003Kalkspat2.pdf> <data/004Kalkspat.pdf>] [7]
(/usr/share/texlive/texmf-dist/tex/latex/doublestroke/Udsrom.fd)

LaTeX Warning: Reference `25' on page 8 undefined on input line 321.

[8]

LaTeX Warning: Reference `18' on page 9 undefined on input line 326.

<030Polarisationsfilter.pdf, id=452, 303.1325pt x 102.3825pt>
<use 030Polarisationsfilter.pdf> [9] [10 <data/030Polarisationsfilter.pdf>]
<038ZirkularPolPhotonen.pdf, id=558, 188.705pt x 113.42375pt>
<use 038ZirkularPolPhotonen.pdf> [11 <data/038ZirkularPolPhotonen.pdf>]
<044MessungZirkPol.pdf, id=594, 229.85875pt x 113.42375pt>
<use 044MessungZirkPol.pdf> [12 <data/044MessungZirkPol.pdf>] [13] [14]
<056SternGerlach.pdf, id=662, 418.56375pt x 136.51pt>
<use 056SternGerlach.pdf>
Overfull \hbox (0.30716pt too wide) in paragraph at lines 580--581
 [] 
<057SGZ1.pdf, id=663, 170.6375pt x 66.2475pt> <use 057SGZ1.pdf> [15 <data/056St
ernGerlach.pdf> <data/057SGZ1.pdf>]
<057SGZ2.pdf, id=752, 232.87pt x 65.24374pt> <use 057SGZ2.pdf>
<059SGXSGZ.pdf, id=753, 241.90375pt x 74.2775pt> <use 059SGXSGZ.pdf> [16 <data/
057SGZ2.pdf> <data/059SGXSGZ.pdf>] [17] [18] [19]
Overfull \vbox (1.60515pt too high) detected at line 783
[20] [21] [22] [23] [24]

LaTeX Warning: Command \grqq invalid in math mode on input line 1024.


LaTeX Warning: Command \grqq invalid in math mode on input line 1024.

[25] [26] <theoD-pics.pdf, id=1039, page=1, 51.00053pt x 101.00735pt>
<use theoD-pics.pdf, page 1> [27]

LaTeX Warning: Command \grqq invalid in math mode on input line 1113.


LaTeX Warning: Command \grqq invalid in math mode on input line 1113.

[28 <./theoD-pics.pdf>]
Overfull \hbox (10.27435pt too wide) in paragraph at lines 1161--1162
[]\OT1/cmr/m/n/10.95 Ist $\OML/cmm/m/it/10.95 V$ \OT1/cmr/m/n/10.95 ein Hil-ber
-traum $\OMS/cmsy/m/n/10.95 H$ \OT1/cmr/m/n/10.95 mit Ba-sis $[]$, so gibt es e
i-ne Ba-sis $[]$
[29] [30]

LaTeX Warning: Command \grqq invalid in math mode on input line 1242.


LaTeX Warning: Command \grqq invalid in math mode on input line 1242.

[31] [32] [33] [34] [35] [36] [37]
Overfull \hbox (44.32036pt too wide) in paragraph at lines 1521--1521
[] 

Overfull \hbox (10.96724pt too wide) in paragraph at lines 1545--1546
[]\OT1/cmr/m/n/10.95 Bemerkung uzm Vor-zei-chen in (165) bzw. (166): Erf[]ullt 
$\OML/cmm/m/it/10.95  \OT1/cmr/m/n/10.95 ([]\OML/cmm/m/it/10.95 ; t\OT1/cmr/m/n
/10.95 )$ die Glei-chung $\OML/cmm/m/it/10.95 i\U/msb/m/n/10.95 ~[]\OML/cmm/m/i
t/10.95  \OT1/cmr/m/n/10.95 ([]\OML/cmm/m/it/10.95 ; t\OT1/cmr/m/n/10.95 ) =
[38] [39] [40] [41] <191Integration.pdf, id=1095, 350.30875pt x 84.315pt>
<use 191Integration.pdf>
<theoD-pics.pdf, id=1096, page=2, 181.00624pt x 121.00206pt>
<use theoD-pics.pdf, page 2> [42 <data/191Integration.pdf>]
<203Katenpot.pdf, id=1187, 177.66376pt x 124.465pt> <use 203Katenpot.pdf>
[43 <./theoD-pics.pdf>]
Overfull \hbox (8.90994pt too wide) in paragraph at lines 1754--1761
[][]  \OT1/cmr/m/n/10.95 Pa-rit[]ats-ope-
[44 <data/203Katenpot.pdf>]
<theoD-pics.pdf, id=1232, page=3, 226.00435pt x 90.99998pt>
<use theoD-pics.pdf, page 3>
<theoD-pics.pdf, id=1233, page=4, 226.00435pt x 166.00018pt>
<use theoD-pics.pdf, page 4> [45 <./theoD-pics.pdf> <./theoD-pics.pdf>]
<theoD-pics.pdf, id=1241, page=5, 321.95282pt x 121.00206pt>
<use theoD-pics.pdf, page 5>
<theoD-pics.pdf, id=1242, page=6, 321.95282pt x 121.00206pt>
<use theoD-pics.pdf, page 6> [46 <./theoD-pics.pdf>]
<theoD-pics.pdf, id=1262, page=7, 401.00818pt x 201.00093pt>
<use theoD-pics.pdf, page 7> [47 <./theoD-pics.pdf> <./theoD-pics.pdf>]
[48] [49] [50] <theoD-pics.pdf, id=1279, page=8, 101.00735pt x 101.00735pt>
<use theoD-pics.pdf, page 8> [51 <./theoD-pics.pdf>] [52]

LaTeX Warning: Command \ss invalid in math mode on input line 2213.

[53] [54] <theoD-pics.pdf, id=1296, page=9, 401.00818pt x 201.00093pt>
<use theoD-pics.pdf, page 9> [55 <./theoD-pics.pdf>] [56] [57]
Overfull \hbox (35.5472pt too wide) in paragraph at lines 2400--2400
[] 
[58] [59] [60] <283Drehung.pdf, id=1316, 135.50626pt x 114.4275pt>
<use 283Drehung.pdf> [61 <data/283Drehung.pdf>]

Package amsmath Warning: Foreign command \atop;
(amsmath)                \frac or \genfrac should be used instead
(amsmath)                 on input line 2540.

[62] [63] [64] <320L3.pdf, id=1388, 128.48pt x 162.6075pt> <use 320L3.pdf>
[65 <data/320L3.pdf>] [66] [67] [68] [69]
<theoD-pics.pdf, id=1417, page=10, 151.00415pt x 151.00415pt>
<use theoD-pics.pdf, page 10>
<theoD-pics.pdf, id=1418, page=11, 151.00415pt x 151.00415pt>
<use theoD-pics.pdf, page 11>
<theoD-pics.pdf, id=1419, page=12, 151.00415pt x 201.00093pt>
<use theoD-pics.pdf, page 12>
<theoD-pics.pdf, id=1420, page=13, 151.00415pt x 201.00093pt>
<use theoD-pics.pdf, page 13>
<theoD-pics.pdf, id=1421, page=14, 151.00415pt x 251.00777pt>
<use theoD-pics.pdf, page 14>
<theoD-pics.pdf, id=1422, page=15, 151.00415pt x 251.00777pt>
<use theoD-pics.pdf, page 15> [70 <./theoD-pics.pdf> <./theoD-pics.pdf>]
[71 <./theoD-pics.pdf> <./theoD-pics.pdf> <./theoD-pics.pdf> <./theoD-pics.pdf>
] [72] [73] [74] [75] [76] [77] [78]
<theoD-pics.pdf, id=1451, page=16, 301.00456pt x 121.00206pt>
<use theoD-pics.pdf, page 16> [79 <./theoD-pics.pdf>] [80] [81]
Overfull \hbox (3.25029pt too wide) in paragraph at lines 3148--3150
$[]$ \OT1/cmr/m/n/10.95 nennt man auch []\OT1/cmr/m/it/10.95 Uber-gang-sam-pli-
tu-de \OT1/cmr/m/n/10.95 und $\OML/cmm/m/it/10.95 P[]$ []\OT1/cmr/m/it/10.95 Ub
er-gangs-wahr-schein-
<419Ubergang.pdf, id=1463, 105.39375pt x 82.3075pt> <use 419Ubergang.pdf>
[82 <data/419Ubergang.pdf>] [83]
<431EntartRed.pdf, id=1502, 107.40125pt x 102.3825pt> <use 431EntartRed.pdf>
[84 <data/431EntartRed.pdf>] [85] [86]
ngerman: "rr is now obsolete, please use rrr instead on input line 3295.
[87] [88] [89] <469Streu.pdf, id=1545, 246.9225pt x 102.3825pt>
<use 469Streu.pdf> <470wirkquer.pdf, id=1546, 184.69pt x 56.21pt>
<use 470wirkquer.pdf> [90 <data/469Streu.pdf> <data/470wirkquer.pdf>]
(./theoD.aux)

LaTeX Warning: There were undefined references.


LaTeX Warning: Label(s) may have changed. Rerun to get cross-references right.

 )
(see the transcript file for additional information)</usr/share/texlive/texmf-d
ist/fonts/type1/public/amsfonts/cm/cmbx10.pfb></usr/share/texlive/texmf-dist/fo
nts/type1/public/amsfonts/cm/cmex10.pfb></usr/share/texlive/texmf-dist/fonts/ty
pe1/public/amsfonts/cmextra/cmex8.pfb></usr/share/texlive/texmf-dist/fonts/type
1/public/amsfonts/cm/cmmi10.pfb></usr/share/texlive/texmf-dist/fonts/type1/publ
ic/amsfonts/cm/cmmi12.pfb></usr/share/texlive/texmf-dist/fonts/type1/public/ams
fonts/cm/cmmi6.pfb></usr/share/texlive/texmf-dist/fonts/type1/public/amsfonts/c
m/cmmi8.pfb></usr/share/texlive/texmf-dist/fonts/type1/public/amsfonts/cm/cmr10
.pfb></usr/share/texlive/texmf-dist/fonts/type1/public/amsfonts/cm/cmr12.pfb></
usr/share/texlive/texmf-dist/fonts/type1/public/amsfonts/cm/cmr6.pfb></usr/shar
e/texlive/texmf-dist/fonts/type1/public/amsfonts/cm/cmr8.pfb></usr/share/texliv
e/texmf-dist/fonts/type1/public/amsfonts/cm/cmssbx10.pfb></usr/share/texlive/te
xmf-dist/fonts/type1/public/amsfonts/cm/cmsy10.pfb></usr/share/texlive/texmf-di
st/fonts/type1/public/amsfonts/cm/cmsy6.pfb></usr/share/texlive/texmf-dist/font
s/type1/public/amsfonts/cm/cmsy8.pfb></usr/share/texlive/texmf-dist/fonts/type1
/public/amsfonts/cm/cmti10.pfb></usr/share/texlive/texmf-dist/fonts/type1/publi
c/doublestroke/dsrom10.pfb></usr/share/texlive/texmf-dist/fonts/type1/public/do
ublestroke/dsrom8.pfb></usr/share/texlive/texmf-dist/fonts/type1/public/amsfont
s/symbols/msam10.pfb></usr/share/texlive/texmf-dist/fonts/type1/public/amsfonts
/symbols/msbm10.pfb></usr/share/texlive/texmf-dist/fonts/type1/public/amsfonts/
symbols/msbm7.pfb></usr/share/texlive/texmf-dist/fonts/type1/public/esvect/vect
10.pfb></usr/share/texlive/texmf-dist/fonts/type1/public/esvect/vect6.pfb></usr
/share/texlive/texmf-dist/fonts/type1/public/esvect/vect8.pfb>
Output written on theoD.pdf (90 pages, 1953501 bytes).
Transcript written on theoD.log.
Result: ExitSuccess

Running /usr/bin/pdflatex theoD.tex in an env with 4 entries:
This is pdfTeX, Version 3.1415926-2.5-1.40.14 (TeX Live 2013/Debian)
 restricted \write18 enabled.
entering extended mode
(data/theoD.tex
LaTeX2e <2011/06/27>
Babel <3.9h> and hyphenation patterns for 78 languages loaded.
(/usr/share/texlive/texmf-dist/tex/latex/koma-script/scrartcl.cls
Document Class: scrartcl 2013/12/19 v3.12 KOMA-Script document class (article)
(/usr/share/texlive/texmf-dist/tex/latex/koma-script/scrkbase.sty
(/usr/share/texlive/texmf-dist/tex/latex/koma-script/scrbase.sty
(/usr/share/texlive/texmf-dist/tex/latex/graphics/keyval.sty)
(/usr/share/texlive/texmf-dist/tex/latex/koma-script/scrlfile.sty
Package scrlfile, 2013/12/19 v3.12 KOMA-Script package (loading files)
                  Copyright (C) Markus Kohm

))) (/usr/share/texlive/texmf-dist/tex/latex/koma-script/tocbasic.sty)
(/usr/share/texlive/texmf-dist/tex/latex/koma-script/scrsize11pt.clo)
(/usr/share/texlive/texmf-dist/tex/latex/koma-script/typearea.sty
Package typearea, 2013/12/19 v3.12 KOMA-Script package (type area)
                  Copyright (C) Frank Neukam, 1992-1994
                  Copyright (C) Markus Kohm, 1994-

)) (/usr/share/texlive/texmf-dist/tex/generic/german/ngerman.sty
v2.5e 1998-07-08) (/usr/share/texlive/texmf-dist/tex/latex/amsmath/amsmath.sty
For additional information on amsmath, use the `?' option.
(/usr/share/texlive/texmf-dist/tex/latex/amsmath/amstext.sty
(/usr/share/texlive/texmf-dist/tex/latex/amsmath/amsgen.sty))
(/usr/share/texlive/texmf-dist/tex/latex/amsmath/amsbsy.sty)
(/usr/share/texlive/texmf-dist/tex/latex/amsmath/amsopn.sty))
(/usr/share/texlive/texmf-dist/tex/latex/amsfonts/amssymb.sty
(/usr/share/texlive/texmf-dist/tex/latex/amsfonts/amsfonts.sty))
(/usr/share/texlive/texmf-dist/tex/latex/esvect/esvect.sty)
(/usr/share/texlive/texmf-dist/tex/latex/graphics/graphicx.sty
(/usr/share/texlive/texmf-dist/tex/latex/graphics/graphics.sty
(/usr/share/texlive/texmf-dist/tex/latex/graphics/trig.sty)
(/usr/share/texlive/texmf-dist/tex/latex/latexconfig/graphics.cfg)
(/usr/share/texlive/texmf-dist/tex/latex/pdftex-def/pdftex.def
(/usr/share/texlive/texmf-dist/tex/generic/oberdiek/infwarerr.sty)
(/usr/share/texlive/texmf-dist/tex/generic/oberdiek/ltxcmds.sty))))
(/usr/share/texlive/texmf-dist/tex/latex/multirow/multirow.sty)
(/usr/share/texlive/texmf-dist/tex/latex/braket/braket.sty)
(/usr/share/texlive/texmf-dist/tex/latex/doublestroke/dsfont.sty)
(/usr/share/texlive/texmf-dist/tex/latex/rotating/rotating.sty
(/usr/share/texlive/texmf-dist/tex/latex/base/ifthen.sty))
(/usr/share/texlive/texmf-dist/tex/latex/pstricks/pstricks.sty
(/usr/share/texlive/texmf-dist/tex/generic/oberdiek/ifpdf.sty)
(/usr/share/texlive/texmf-dist/tex/generic/pstricks/pstricks.tex
(/usr/share/texlive/texmf-dist/tex/generic/xkeyval/pst-xkey.tex
(/usr/share/texlive/texmf-dist/tex/latex/xkeyval/xkeyval.sty
(/usr/share/texlive/texmf-dist/tex/generic/xkeyval/xkeyval.tex)))
(/usr/share/texlive/texmf-dist/tex/generic/pstricks/pst-fp.tex
`pst-fp' v0.05, 2010/01/17 (hv))
(/usr/share/texmf/tex/generic/pgf/utilities/pgfutil-common.tex)
(/usr/share/texmf/tex/generic/pgf/utilities/pgfkeys.code.tex
(/usr/share/texmf/tex/generic/pgf/utilities/pgfkeysfiltered.code.tex))
(/usr/share/texmf/tex/generic/pgf/utilities/pgffor.code.tex)
`PSTricks' v2.51  <2014/02/03> (tvz)
(/usr/share/texlive/texmf-dist/tex/generic/pstricks/pstricks.con))
(/usr/share/texlive/texmf-dist/tex/generic/pstricks/pst-fp.tex)
(/usr/share/texmf/tex/latex/xcolor/xcolor.sty
(/usr/share/texlive/texmf-dist/tex/latex/latexconfig/color.cfg)))
(/usr/share/texlive/texmf-dist/tex/latex/pstricks/pst-all.sty
(/usr/share/texlive/texmf-dist/tex/latex/pst-plot/pst-plot.sty
(/usr/share/texlive/texmf-dist/tex/latex/xkeyval/pst-xkey.sty)
(/usr/share/texlive/texmf-dist/tex/latex/multido/multido.sty
(/usr/share/texlive/texmf-dist/tex/generic/multido/multido.tex
 v1.42, 2010/05/14 <tvz>))
(/usr/share/texlive/texmf-dist/tex/generic/pst-plot/pst-plot.tex
 v1.58, 2014/01/16 (tvz,hv)))
(/usr/share/texlive/texmf-dist/tex/latex/pst-node/pst-node.sty
(/usr/share/texlive/texmf-dist/tex/generic/pst-node/pst-node.tex
 v1.32, 2014/02/03))
(/usr/share/texlive/texmf-dist/tex/latex/pst-tree/pst-tree.sty
(/usr/share/texlive/texmf-dist/tex/generic/pst-tree/pst-tree.tex
 v1.12, 2011/02/28(tvz,dg,hv)))
(/usr/share/texlive/texmf-dist/tex/latex/pst-grad/pst-grad.sty
(/usr/share/texlive/texmf-dist/tex/generic/pst-grad/pst-grad.tex
`pst-grad' v1.06, 2006/11/27 (tvz,dg,hv)))
(/usr/share/texlive/texmf-dist/tex/latex/pst-coil/pst-coil.sty
(/usr/share/texlive/texmf-dist/tex/generic/pst-coil/pst-coil.tex
 v1.06, 2006/11/27
(/usr/share/texlive/texmf-dist/tex/generic/pst-node/pst-node.tex)))
(/usr/share/texlive/texmf-dist/tex/latex/pst-text/pst-text.sty
(/usr/share/texlive/texmf-dist/tex/generic/pst-text/pst-text.tex
 v1.00, 2006/11/05(tvz,hv)))
(/usr/share/texlive/texmf-dist/tex/latex/pst-3d/pst-3d.sty
(/usr/share/texlive/texmf-dist/tex/generic/pst-3d/pst-3d.tex
`PST-3d' v1.11, 2010/02/14 (tvz)))
(/usr/share/texlive/texmf-dist/tex/latex/pst-eps/pst-eps.sty
(/usr/share/texlive/texmf-dist/tex/generic/pst-eps/pst-eps.tex
 v1.00, 2006/11/04))
(/usr/share/texlive/texmf-dist/tex/latex/pst-fill/pst-fill.sty
(/usr/share/texlive/texmf-dist/tex/generic/pst-fill/pst-fill.tex
`PST-Fill' v1.01, 2007/03/10 (tvz,dg,hv)))
(/usr/share/texlive/texmf-dist/tex/latex/pstricks-add/pstricks-add.sty
(/usr/share/texlive/texmf-dist/tex/latex/pst-math/pst-math.sty
(/usr/share/texlive/texmf-dist/tex/generic/pst-math/pst-math.tex
`pst-math' v0.62 , (CJ,hv)))
(/usr/share/texlive/texmf-dist/tex/generic/pstricks-add/pstricks-add.tex
`pstricks-add' v3.65, 2014/01/21 (dr,hv))
(/usr/share/texlive/texmf-dist/tex/latex/pstricks-add/pstricks-add.cfg)))
(/usr/share/texlive/texmf-dist/tex/latex/marvosym/marvosym.sty)
(/usr/share/texlive/texmf-dist/tex/latex/units/nicefrac.sty)
(/usr/share/texlive/texmf-dist/tex/latex/tools/longtable.sty)
(/usr/share/texlive/texmf-dist/tex/latex/pst-pdf/pst-pdf.sty
(/usr/share/texmf/tex/latex/preview/preview.sty)
(/usr/share/texlive/texmf-dist/tex/latex/graphics/dvips.def)
(/usr/share/texlive/texmf-dist/tex/latex/environ/environ.sty
(/usr/share/texlive/texmf-dist/tex/latex/trimspaces/trimspaces.sty)))
(/usr/share/texlive/texmf-dist/tex/latex/SIunits/SIunits.sty

(/usr/share/texlive/texmf-dist/tex/latex/SIunits/SIunits.cfg)
Option `squaren' provided!
) (/usr/share/texlive/texmf-dist/tex/latex/base/inputenc.sty
(/usr/share/texlive/texmf-dist/tex/latex/base/utf8.def
(/usr/share/texlive/texmf-dist/tex/latex/base/t1enc.dfu)
(/usr/share/texlive/texmf-dist/tex/latex/base/ot1enc.dfu)
(/usr/share/texlive/texmf-dist/tex/latex/base/omsenc.dfu)
(/usr/share/texlive/texmf-dist/tex/latex/base/ts1enc.dfu))) (data/latexki.sty)
(./theoD.aux) (/usr/share/texlive/texmf-dist/tex/latex/base/ts1cmr.fd)
(/usr/share/texlive/texmf-dist/tex/context/base/supp-pdf.mkii
[Loading MPS to PDF converter (version 2006.09.02).]
)
Preview: Fontsize 10.95pt
Preview: PDFoutput 1
Option `squaren' provided! 
 Command \squaren defined by SIunits package!


Package SIunits Warning: The command \gray was already defined.
(SIunits)                Possibly due to the pstricks package.

Hint: use option `pstricks' or `Gray' with SIunits package.
See SIunits.dvi or readme.txt section: Known problems and limitations.

(/usr/share/texlive/texmf-dist/tex/latex/amsfonts/umsa.fd)
(/usr/share/texlive/texmf-dist/tex/latex/amsfonts/umsb.fd)
(/usr/share/texlive/texmf-dist/tex/latex/esvect/uesvect.fd)

LaTeX Warning: No \author given.

(./theoD.toc) [1
Non-PDF special ignored!
Non-PDF special ignored!
Non-PDF special ignored!
Non-PDF special ignored!{/var/lib/texmf/fonts/map/pdftex/updmap/pdftex.map}]
(/usr/share/texlive/texmf-dist/tex/latex/base/omscmr.fd)
Overfull \hbox (30.68616pt too wide) in paragraph at lines 104--113
[] 

Underfull \hbox (badness 10000) in paragraph at lines 104--113

<001Photoeffekt.pdf, id=11, 68.255pt x 41.15375pt> <use 001Photoeffekt.pdf>
[2]
Overfull \hbox (30.68616pt too wide) in paragraph at lines 121--128
[][] 

Underfull \hbox (badness 10000) in paragraph at lines 121--128

<002Comptoneffekt.pdf, id=16, 89.33376pt x 72.27pt> <use 002Comptoneffekt.pdf>
Overfull \hbox (30.68616pt too wide) in paragraph at lines 136--144
[][] 
<002Intensitat.pdf, id=17, 139.52126pt x 92.345pt> <use 002Intensitat.pdf>

LaTeX Warning: `h' float specifier changed to `ht'.


Overfull \hbox (30.68616pt too wide) in paragraph at lines 155--172
[][] 
[3 <data/001Photoeffekt.pdf> <data/002Comptoneffekt.pdf>] [4 <data/002Intensita
t.pdf>] <003Kalkspat.pdf, id=168, 256.96pt x 126.4725pt> <use 003Kalkspat.pdf>
<003Polarisationsfilter1.pdf, id=169, 264.99pt x 102.3825pt>
<use 003Polarisationsfilter1.pdf>
<003Polarisationsfilter2.pdf, id=170, 274.02374pt x 102.3825pt>
<use 003Polarisationsfilter2.pdf>
<003Kalkspat2.pdf, id=171, 256.96pt x 126.4725pt> <use 003Kalkspat2.pdf>
[5 <data/003Kalkspat.pdf> <data/003Polarisationsfilter1.pdf> <data/003Polarisat
ionsfilter2.pdf>]
Overfull \hbox (10.82841pt too wide) in paragraph at lines 217--218
\OT1/cmr/m/n/10.95 Zustandsvektroren nennt man auch \OT1/cmr/m/it/10.95 Kets\OT
1/cmr/m/n/10.95 . Es be-schrei-be $[]$ den Zu-stand ei-nes in $[][] [] \OML/cmm
/m/it/10.95 ' \OT1/cmr/m/n/10.95 +
<004Kalkspat.pdf, id=319, 302.12875pt x 126.4725pt> <use 004Kalkspat.pdf>
[6 <data/003Kalkspat2.pdf> <data/004Kalkspat.pdf>] [7]
(/usr/share/texlive/texmf-dist/tex/latex/doublestroke/Udsrom.fd) [8] [9]
<030Polarisationsfilter.pdf, id=455, 303.1325pt x 102.3825pt>
<use 030Polarisationsfilter.pdf> [10 <data/030Polarisationsfilter.pdf>]
<038ZirkularPolPhotonen.pdf, id=557, 188.705pt x 113.42375pt>
<use 038ZirkularPolPhotonen.pdf> [11 <data/038ZirkularPolPhotonen.pdf>]
<044MessungZirkPol.pdf, id=593, 229.85875pt x 113.42375pt>
<use 044MessungZirkPol.pdf> [12 <data/044MessungZirkPol.pdf>] [13] [14]
<056SternGerlach.pdf, id=661, 418.56375pt x 136.51pt>
<use 056SternGerlach.pdf>
Overfull \hbox (0.30716pt too wide) in paragraph at lines 580--581
 [] 
<057SGZ1.pdf, id=662, 170.6375pt x 66.2475pt> <use 057SGZ1.pdf> [15 <data/056St
ernGerlach.pdf> <data/057SGZ1.pdf>]
<057SGZ2.pdf, id=751, 232.87pt x 65.24374pt> <use 057SGZ2.pdf>
<059SGXSGZ.pdf, id=752, 241.90375pt x 74.2775pt> <use 059SGXSGZ.pdf> [16 <data/
057SGZ2.pdf> <data/059SGXSGZ.pdf>] [17] [18] [19]
Overfull \vbox (1.60515pt too high) detected at line 783
[20] [21] [22] [23] [24]

LaTeX Warning: Command \grqq invalid in math mode on input line 1024.


LaTeX Warning: Command \grqq invalid in math mode on input line 1024.

[25] [26] <theoD-pics.pdf, id=1038, page=1, 51.00053pt x 101.00735pt>
<use theoD-pics.pdf, page 1> [27]

LaTeX Warning: Command \grqq invalid in math mode on input line 1113.


LaTeX Warning: Command \grqq invalid in math mode on input line 1113.

[28 <./theoD-pics.pdf>]
Overfull \hbox (10.27435pt too wide) in paragraph at lines 1161--1162
[]\OT1/cmr/m/n/10.95 Ist $\OML/cmm/m/it/10.95 V$ \OT1/cmr/m/n/10.95 ein Hil-ber
-traum $\OMS/cmsy/m/n/10.95 H$ \OT1/cmr/m/n/10.95 mit Ba-sis $[]$, so gibt es e
i-ne Ba-sis $[]$
[29] [30]

LaTeX Warning: Command \grqq invalid in math mode on input line 1242.


LaTeX Warning: Command \grqq invalid in math mode on input line 1242.

[31] [32] [33] [34] [35] [36] [37]
Overfull \hbox (44.32036pt too wide) in paragraph at lines 1521--1521
[] 

Overfull \hbox (10.96724pt too wide) in paragraph at lines 1545--1546
[]\OT1/cmr/m/n/10.95 Bemerkung uzm Vor-zei-chen in (165) bzw. (166): Erf[]ullt 
$\OML/cmm/m/it/10.95  \OT1/cmr/m/n/10.95 ([]\OML/cmm/m/it/10.95 ; t\OT1/cmr/m/n
/10.95 )$ die Glei-chung $\OML/cmm/m/it/10.95 i\U/msb/m/n/10.95 ~[]\OML/cmm/m/i
t/10.95  \OT1/cmr/m/n/10.95 ([]\OML/cmm/m/it/10.95 ; t\OT1/cmr/m/n/10.95 ) =
[38] [39] [40] [41] <191Integration.pdf, id=1094, 350.30875pt x 84.315pt>
<use 191Integration.pdf>
<theoD-pics.pdf, id=1095, page=2, 181.00624pt x 121.00206pt>
<use theoD-pics.pdf, page 2> [42 <data/191Integration.pdf>]
<203Katenpot.pdf, id=1186, 177.66376pt x 124.465pt> <use 203Katenpot.pdf>
[43 <./theoD-pics.pdf>]
Overfull \hbox (8.90994pt too wide) in paragraph at lines 1754--1761
[][]  \OT1/cmr/m/n/10.95 Pa-rit[]ats-ope-
[44 <data/203Katenpot.pdf>]
<theoD-pics.pdf, id=1231, page=3, 226.00435pt x 90.99998pt>
<use theoD-pics.pdf, page 3>
<theoD-pics.pdf, id=1232, page=4, 226.00435pt x 166.00018pt>
<use theoD-pics.pdf, page 4> [45 <./theoD-pics.pdf> <./theoD-pics.pdf>]
<theoD-pics.pdf, id=1240, page=5, 321.95282pt x 121.00206pt>
<use theoD-pics.pdf, page 5>
<theoD-pics.pdf, id=1241, page=6, 321.95282pt x 121.00206pt>
<use theoD-pics.pdf, page 6> [46 <./theoD-pics.pdf>]
<theoD-pics.pdf, id=1261, page=7, 401.00818pt x 201.00093pt>
<use theoD-pics.pdf, page 7> [47 <./theoD-pics.pdf> <./theoD-pics.pdf>]
[48] [49] [50] <theoD-pics.pdf, id=1278, page=8, 101.00735pt x 101.00735pt>
<use theoD-pics.pdf, page 8> [51 <./theoD-pics.pdf>] [52]

LaTeX Warning: Command \ss invalid in math mode on input line 2213.

[53] [54] <theoD-pics.pdf, id=1295, page=9, 401.00818pt x 201.00093pt>
<use theoD-pics.pdf, page 9> [55 <./theoD-pics.pdf>] [56] [57]
Overfull \hbox (35.5472pt too wide) in paragraph at lines 2400--2400
[] 
[58] [59] [60] <283Drehung.pdf, id=1315, 135.50626pt x 114.4275pt>
<use 283Drehung.pdf> [61 <data/283Drehung.pdf>]

Package amsmath Warning: Foreign command \atop;
(amsmath)                \frac or \genfrac should be used instead
(amsmath)                 on input line 2540.

[62] [63] [64] <320L3.pdf, id=1387, 128.48pt x 162.6075pt> <use 320L3.pdf>
[65 <data/320L3.pdf>] [66] [67] [68] [69]
<theoD-pics.pdf, id=1416, page=10, 151.00415pt x 151.00415pt>
<use theoD-pics.pdf, page 10>
<theoD-pics.pdf, id=1417, page=11, 151.00415pt x 151.00415pt>
<use theoD-pics.pdf, page 11>
<theoD-pics.pdf, id=1418, page=12, 151.00415pt x 201.00093pt>
<use theoD-pics.pdf, page 12>
<theoD-pics.pdf, id=1419, page=13, 151.00415pt x 201.00093pt>
<use theoD-pics.pdf, page 13>
<theoD-pics.pdf, id=1420, page=14, 151.00415pt x 251.00777pt>
<use theoD-pics.pdf, page 14>
<theoD-pics.pdf, id=1421, page=15, 151.00415pt x 251.00777pt>
<use theoD-pics.pdf, page 15> [70 <./theoD-pics.pdf> <./theoD-pics.pdf>]
[71 <./theoD-pics.pdf> <./theoD-pics.pdf> <./theoD-pics.pdf> <./theoD-pics.pdf>
] [72] [73] [74] [75] [76] [77] [78]
<theoD-pics.pdf, id=1450, page=16, 301.00456pt x 121.00206pt>
<use theoD-pics.pdf, page 16> [79 <./theoD-pics.pdf>] [80] [81]
Overfull \hbox (3.25029pt too wide) in paragraph at lines 3148--3150
$[]$ \OT1/cmr/m/n/10.95 nennt man auch []\OT1/cmr/m/it/10.95 Uber-gang-sam-pli-
tu-de \OT1/cmr/m/n/10.95 und $\OML/cmm/m/it/10.95 P[]$ []\OT1/cmr/m/it/10.95 Ub
er-gangs-wahr-schein-
<419Ubergang.pdf, id=1462, 105.39375pt x 82.3075pt> <use 419Ubergang.pdf>
[82 <data/419Ubergang.pdf>] [83]
<431EntartRed.pdf, id=1501, 107.40125pt x 102.3825pt> <use 431EntartRed.pdf>
[84 <data/431EntartRed.pdf>] [85] [86]
ngerman: "rr is now obsolete, please use rrr instead on input line 3295.
[87] [88] [89] <469Streu.pdf, id=1544, 246.9225pt x 102.3825pt>
<use 469Streu.pdf> <470wirkquer.pdf, id=1545, 184.69pt x 56.21pt>
<use 470wirkquer.pdf> [90 <data/469Streu.pdf> <data/470wirkquer.pdf>]
(./theoD.aux)

LaTeX Warning: Label(s) may have changed. Rerun to get cross-references right.

 )
(see the transcript file for additional information)</usr/share/texlive/texmf-d
ist/fonts/type1/public/amsfonts/cm/cmex10.pfb></usr/share/texlive/texmf-dist/fo
nts/type1/public/amsfonts/cmextra/cmex8.pfb></usr/share/texlive/texmf-dist/font
s/type1/public/amsfonts/cm/cmmi10.pfb></usr/share/texlive/texmf-dist/fonts/type
1/public/amsfonts/cm/cmmi12.pfb></usr/share/texlive/texmf-dist/fonts/type1/publ
ic/amsfonts/cm/cmmi6.pfb></usr/share/texlive/texmf-dist/fonts/type1/public/amsf
onts/cm/cmmi8.pfb></usr/share/texlive/texmf-dist/fonts/type1/public/amsfonts/cm
/cmr10.pfb></usr/share/texlive/texmf-dist/fonts/type1/public/amsfonts/cm/cmr12.
pfb></usr/share/texlive/texmf-dist/fonts/type1/public/amsfonts/cm/cmr6.pfb></us
r/share/texlive/texmf-dist/fonts/type1/public/amsfonts/cm/cmr8.pfb></usr/share/
texlive/texmf-dist/fonts/type1/public/amsfonts/cm/cmssbx10.pfb></usr/share/texl
ive/texmf-dist/fonts/type1/public/amsfonts/cm/cmsy10.pfb></usr/share/texlive/te
xmf-dist/fonts/type1/public/amsfonts/cm/cmsy6.pfb></usr/share/texlive/texmf-dis
t/fonts/type1/public/amsfonts/cm/cmsy8.pfb></usr/share/texlive/texmf-dist/fonts
/type1/public/amsfonts/cm/cmti10.pfb></usr/share/texlive/texmf-dist/fonts/type1
/public/doublestroke/dsrom10.pfb></usr/share/texlive/texmf-dist/fonts/type1/pub
lic/doublestroke/dsrom8.pfb></usr/share/texlive/texmf-dist/fonts/type1/public/a
msfonts/symbols/msam10.pfb></usr/share/texlive/texmf-dist/fonts/type1/public/am
sfonts/symbols/msbm10.pfb></usr/share/texlive/texmf-dist/fonts/type1/public/ams
fonts/symbols/msbm7.pfb></usr/share/texlive/texmf-dist/fonts/type1/public/esvec
t/vect10.pfb></usr/share/texlive/texmf-dist/fonts/type1/public/esvect/vect6.pfb
></usr/share/texlive/texmf-dist/fonts/type1/public/esvect/vect8.pfb>
Output written on theoD.pdf (90 pages, 1946007 bytes).
Transcript written on theoD.log.
Result: ExitSuccess

Running /usr/bin/pdflatex theoD.tex in an env with 4 entries:
This is pdfTeX, Version 3.1415926-2.5-1.40.14 (TeX Live 2013/Debian)
 restricted \write18 enabled.
entering extended mode
(data/theoD.tex
LaTeX2e <2011/06/27>
Babel <3.9h> and hyphenation patterns for 78 languages loaded.
(/usr/share/texlive/texmf-dist/tex/latex/koma-script/scrartcl.cls
Document Class: scrartcl 2013/12/19 v3.12 KOMA-Script document class (article)
(/usr/share/texlive/texmf-dist/tex/latex/koma-script/scrkbase.sty
(/usr/share/texlive/texmf-dist/tex/latex/koma-script/scrbase.sty
(/usr/share/texlive/texmf-dist/tex/latex/graphics/keyval.sty)
(/usr/share/texlive/texmf-dist/tex/latex/koma-script/scrlfile.sty
Package scrlfile, 2013/12/19 v3.12 KOMA-Script package (loading files)
                  Copyright (C) Markus Kohm

))) (/usr/share/texlive/texmf-dist/tex/latex/koma-script/tocbasic.sty)
(/usr/share/texlive/texmf-dist/tex/latex/koma-script/scrsize11pt.clo)
(/usr/share/texlive/texmf-dist/tex/latex/koma-script/typearea.sty
Package typearea, 2013/12/19 v3.12 KOMA-Script package (type area)
                  Copyright (C) Frank Neukam, 1992-1994
                  Copyright (C) Markus Kohm, 1994-

)) (/usr/share/texlive/texmf-dist/tex/generic/german/ngerman.sty
v2.5e 1998-07-08) (/usr/share/texlive/texmf-dist/tex/latex/amsmath/amsmath.sty
For additional information on amsmath, use the `?' option.
(/usr/share/texlive/texmf-dist/tex/latex/amsmath/amstext.sty
(/usr/share/texlive/texmf-dist/tex/latex/amsmath/amsgen.sty))
(/usr/share/texlive/texmf-dist/tex/latex/amsmath/amsbsy.sty)
(/usr/share/texlive/texmf-dist/tex/latex/amsmath/amsopn.sty))
(/usr/share/texlive/texmf-dist/tex/latex/amsfonts/amssymb.sty
(/usr/share/texlive/texmf-dist/tex/latex/amsfonts/amsfonts.sty))
(/usr/share/texlive/texmf-dist/tex/latex/esvect/esvect.sty)
(/usr/share/texlive/texmf-dist/tex/latex/graphics/graphicx.sty
(/usr/share/texlive/texmf-dist/tex/latex/graphics/graphics.sty
(/usr/share/texlive/texmf-dist/tex/latex/graphics/trig.sty)
(/usr/share/texlive/texmf-dist/tex/latex/latexconfig/graphics.cfg)
(/usr/share/texlive/texmf-dist/tex/latex/pdftex-def/pdftex.def
(/usr/share/texlive/texmf-dist/tex/generic/oberdiek/infwarerr.sty)
(/usr/share/texlive/texmf-dist/tex/generic/oberdiek/ltxcmds.sty))))
(/usr/share/texlive/texmf-dist/tex/latex/multirow/multirow.sty)
(/usr/share/texlive/texmf-dist/tex/latex/braket/braket.sty)
(/usr/share/texlive/texmf-dist/tex/latex/doublestroke/dsfont.sty)
(/usr/share/texlive/texmf-dist/tex/latex/rotating/rotating.sty
(/usr/share/texlive/texmf-dist/tex/latex/base/ifthen.sty))
(/usr/share/texlive/texmf-dist/tex/latex/pstricks/pstricks.sty
(/usr/share/texlive/texmf-dist/tex/generic/oberdiek/ifpdf.sty)
(/usr/share/texlive/texmf-dist/tex/generic/pstricks/pstricks.tex
(/usr/share/texlive/texmf-dist/tex/generic/xkeyval/pst-xkey.tex
(/usr/share/texlive/texmf-dist/tex/latex/xkeyval/xkeyval.sty
(/usr/share/texlive/texmf-dist/tex/generic/xkeyval/xkeyval.tex)))
(/usr/share/texlive/texmf-dist/tex/generic/pstricks/pst-fp.tex
`pst-fp' v0.05, 2010/01/17 (hv))
(/usr/share/texmf/tex/generic/pgf/utilities/pgfutil-common.tex)
(/usr/share/texmf/tex/generic/pgf/utilities/pgfkeys.code.tex
(/usr/share/texmf/tex/generic/pgf/utilities/pgfkeysfiltered.code.tex))
(/usr/share/texmf/tex/generic/pgf/utilities/pgffor.code.tex)
`PSTricks' v2.51  <2014/02/03> (tvz)
(/usr/share/texlive/texmf-dist/tex/generic/pstricks/pstricks.con))
(/usr/share/texlive/texmf-dist/tex/generic/pstricks/pst-fp.tex)
(/usr/share/texmf/tex/latex/xcolor/xcolor.sty
(/usr/share/texlive/texmf-dist/tex/latex/latexconfig/color.cfg)))
(/usr/share/texlive/texmf-dist/tex/latex/pstricks/pst-all.sty
(/usr/share/texlive/texmf-dist/tex/latex/pst-plot/pst-plot.sty
(/usr/share/texlive/texmf-dist/tex/latex/xkeyval/pst-xkey.sty)
(/usr/share/texlive/texmf-dist/tex/latex/multido/multido.sty
(/usr/share/texlive/texmf-dist/tex/generic/multido/multido.tex
 v1.42, 2010/05/14 <tvz>))
(/usr/share/texlive/texmf-dist/tex/generic/pst-plot/pst-plot.tex
 v1.58, 2014/01/16 (tvz,hv)))
(/usr/share/texlive/texmf-dist/tex/latex/pst-node/pst-node.sty
(/usr/share/texlive/texmf-dist/tex/generic/pst-node/pst-node.tex
 v1.32, 2014/02/03))
(/usr/share/texlive/texmf-dist/tex/latex/pst-tree/pst-tree.sty
(/usr/share/texlive/texmf-dist/tex/generic/pst-tree/pst-tree.tex
 v1.12, 2011/02/28(tvz,dg,hv)))
(/usr/share/texlive/texmf-dist/tex/latex/pst-grad/pst-grad.sty
(/usr/share/texlive/texmf-dist/tex/generic/pst-grad/pst-grad.tex
`pst-grad' v1.06, 2006/11/27 (tvz,dg,hv)))
(/usr/share/texlive/texmf-dist/tex/latex/pst-coil/pst-coil.sty
(/usr/share/texlive/texmf-dist/tex/generic/pst-coil/pst-coil.tex
 v1.06, 2006/11/27
(/usr/share/texlive/texmf-dist/tex/generic/pst-node/pst-node.tex)))
(/usr/share/texlive/texmf-dist/tex/latex/pst-text/pst-text.sty
(/usr/share/texlive/texmf-dist/tex/generic/pst-text/pst-text.tex
 v1.00, 2006/11/05(tvz,hv)))
(/usr/share/texlive/texmf-dist/tex/latex/pst-3d/pst-3d.sty
(/usr/share/texlive/texmf-dist/tex/generic/pst-3d/pst-3d.tex
`PST-3d' v1.11, 2010/02/14 (tvz)))
(/usr/share/texlive/texmf-dist/tex/latex/pst-eps/pst-eps.sty
(/usr/share/texlive/texmf-dist/tex/generic/pst-eps/pst-eps.tex
 v1.00, 2006/11/04))
(/usr/share/texlive/texmf-dist/tex/latex/pst-fill/pst-fill.sty
(/usr/share/texlive/texmf-dist/tex/generic/pst-fill/pst-fill.tex
`PST-Fill' v1.01, 2007/03/10 (tvz,dg,hv)))
(/usr/share/texlive/texmf-dist/tex/latex/pstricks-add/pstricks-add.sty
(/usr/share/texlive/texmf-dist/tex/latex/pst-math/pst-math.sty
(/usr/share/texlive/texmf-dist/tex/generic/pst-math/pst-math.tex
`pst-math' v0.62 , (CJ,hv)))
(/usr/share/texlive/texmf-dist/tex/generic/pstricks-add/pstricks-add.tex
`pstricks-add' v3.65, 2014/01/21 (dr,hv))
(/usr/share/texlive/texmf-dist/tex/latex/pstricks-add/pstricks-add.cfg)))
(/usr/share/texlive/texmf-dist/tex/latex/marvosym/marvosym.sty)
(/usr/share/texlive/texmf-dist/tex/latex/units/nicefrac.sty)
(/usr/share/texlive/texmf-dist/tex/latex/tools/longtable.sty)
(/usr/share/texlive/texmf-dist/tex/latex/pst-pdf/pst-pdf.sty
(/usr/share/texmf/tex/latex/preview/preview.sty)
(/usr/share/texlive/texmf-dist/tex/latex/graphics/dvips.def)
(/usr/share/texlive/texmf-dist/tex/latex/environ/environ.sty
(/usr/share/texlive/texmf-dist/tex/latex/trimspaces/trimspaces.sty)))
(/usr/share/texlive/texmf-dist/tex/latex/SIunits/SIunits.sty

(/usr/share/texlive/texmf-dist/tex/latex/SIunits/SIunits.cfg)
Option `squaren' provided!
) (/usr/share/texlive/texmf-dist/tex/latex/base/inputenc.sty
(/usr/share/texlive/texmf-dist/tex/latex/base/utf8.def
(/usr/share/texlive/texmf-dist/tex/latex/base/t1enc.dfu)
(/usr/share/texlive/texmf-dist/tex/latex/base/ot1enc.dfu)
(/usr/share/texlive/texmf-dist/tex/latex/base/omsenc.dfu)
(/usr/share/texlive/texmf-dist/tex/latex/base/ts1enc.dfu))) (data/latexki.sty)
(./theoD.aux) (/usr/share/texlive/texmf-dist/tex/latex/base/ts1cmr.fd)
(/usr/share/texlive/texmf-dist/tex/context/base/supp-pdf.mkii
[Loading MPS to PDF converter (version 2006.09.02).]
)
Preview: Fontsize 10.95pt
Preview: PDFoutput 1
Option `squaren' provided! 
 Command \squaren defined by SIunits package!


Package SIunits Warning: The command \gray was already defined.
(SIunits)                Possibly due to the pstricks package.

Hint: use option `pstricks' or `Gray' with SIunits package.
See SIunits.dvi or readme.txt section: Known problems and limitations.

(/usr/share/texlive/texmf-dist/tex/latex/amsfonts/umsa.fd)
(/usr/share/texlive/texmf-dist/tex/latex/amsfonts/umsb.fd)
(/usr/share/texlive/texmf-dist/tex/latex/esvect/uesvect.fd)

LaTeX Warning: No \author given.

(./theoD.toc) [1
Non-PDF special ignored!
Non-PDF special ignored!
Non-PDF special ignored!
Non-PDF special ignored!{/var/lib/texmf/fonts/map/pdftex/updmap/pdftex.map}]
(/usr/share/texlive/texmf-dist/tex/latex/base/omscmr.fd)
Overfull \hbox (30.68616pt too wide) in paragraph at lines 104--113
[] 

Underfull \hbox (badness 10000) in paragraph at lines 104--113

<001Photoeffekt.pdf, id=11, 68.255pt x 41.15375pt> <use 001Photoeffekt.pdf>
[2]
Overfull \hbox (30.68616pt too wide) in paragraph at lines 121--128
[][] 

Underfull \hbox (badness 10000) in paragraph at lines 121--128

<002Comptoneffekt.pdf, id=16, 89.33376pt x 72.27pt> <use 002Comptoneffekt.pdf>
Overfull \hbox (30.68616pt too wide) in paragraph at lines 136--144
[][] 
<002Intensitat.pdf, id=17, 139.52126pt x 92.345pt> <use 002Intensitat.pdf>

LaTeX Warning: `h' float specifier changed to `ht'.


Overfull \hbox (30.68616pt too wide) in paragraph at lines 155--172
[][] 
[3 <data/001Photoeffekt.pdf> <data/002Comptoneffekt.pdf>] [4 <data/002Intensita
t.pdf>] <003Kalkspat.pdf, id=168, 256.96pt x 126.4725pt> <use 003Kalkspat.pdf>
<003Polarisationsfilter1.pdf, id=169, 264.99pt x 102.3825pt>
<use 003Polarisationsfilter1.pdf>
<003Polarisationsfilter2.pdf, id=170, 274.02374pt x 102.3825pt>
<use 003Polarisationsfilter2.pdf>
<003Kalkspat2.pdf, id=171, 256.96pt x 126.4725pt> <use 003Kalkspat2.pdf>
[5 <data/003Kalkspat.pdf> <data/003Polarisationsfilter1.pdf> <data/003Polarisat
ionsfilter2.pdf>]
Overfull \hbox (10.82841pt too wide) in paragraph at lines 217--218
\OT1/cmr/m/n/10.95 Zustandsvektroren nennt man auch \OT1/cmr/m/it/10.95 Kets\OT
1/cmr/m/n/10.95 . Es be-schrei-be $[]$ den Zu-stand ei-nes in $[][] [] \OML/cmm
/m/it/10.95 ' \OT1/cmr/m/n/10.95 +
<004Kalkspat.pdf, id=319, 302.12875pt x 126.4725pt> <use 004Kalkspat.pdf>
[6 <data/003Kalkspat2.pdf> <data/004Kalkspat.pdf>] [7]
(/usr/share/texlive/texmf-dist/tex/latex/doublestroke/Udsrom.fd) [8] [9]
<030Polarisationsfilter.pdf, id=455, 303.1325pt x 102.3825pt>
<use 030Polarisationsfilter.pdf> [10 <data/030Polarisationsfilter.pdf>]
<038ZirkularPolPhotonen.pdf, id=557, 188.705pt x 113.42375pt>
<use 038ZirkularPolPhotonen.pdf> [11 <data/038ZirkularPolPhotonen.pdf>]
<044MessungZirkPol.pdf, id=593, 229.85875pt x 113.42375pt>
<use 044MessungZirkPol.pdf> [12 <data/044MessungZirkPol.pdf>] [13] [14]
<056SternGerlach.pdf, id=661, 418.56375pt x 136.51pt>
<use 056SternGerlach.pdf>
Overfull \hbox (0.30716pt too wide) in paragraph at lines 580--581
 [] 
<057SGZ1.pdf, id=662, 170.6375pt x 66.2475pt> <use 057SGZ1.pdf> [15 <data/056St
ernGerlach.pdf> <data/057SGZ1.pdf>]
<057SGZ2.pdf, id=751, 232.87pt x 65.24374pt> <use 057SGZ2.pdf>
<059SGXSGZ.pdf, id=752, 241.90375pt x 74.2775pt> <use 059SGXSGZ.pdf> [16 <data/
057SGZ2.pdf> <data/059SGXSGZ.pdf>] [17] [18] [19]
Overfull \vbox (1.60515pt too high) detected at line 783
[20] [21] [22] [23] [24]

LaTeX Warning: Command \grqq invalid in math mode on input line 1024.


LaTeX Warning: Command \grqq invalid in math mode on input line 1024.

[25] [26] <theoD-pics.pdf, id=1038, page=1, 51.00053pt x 101.00735pt>
<use theoD-pics.pdf, page 1> [27]

LaTeX Warning: Command \grqq invalid in math mode on input line 1113.


LaTeX Warning: Command \grqq invalid in math mode on input line 1113.

[28 <./theoD-pics.pdf>]
Overfull \hbox (10.27435pt too wide) in paragraph at lines 1161--1162
[]\OT1/cmr/m/n/10.95 Ist $\OML/cmm/m/it/10.95 V$ \OT1/cmr/m/n/10.95 ein Hil-ber
-traum $\OMS/cmsy/m/n/10.95 H$ \OT1/cmr/m/n/10.95 mit Ba-sis $[]$, so gibt es e
i-ne Ba-sis $[]$
[29] [30]

LaTeX Warning: Command \grqq invalid in math mode on input line 1242.


LaTeX Warning: Command \grqq invalid in math mode on input line 1242.

[31] [32] [33] [34] [35] [36] [37]
Overfull \hbox (44.32036pt too wide) in paragraph at lines 1521--1521
[] 

Overfull \hbox (10.96724pt too wide) in paragraph at lines 1545--1546
[]\OT1/cmr/m/n/10.95 Bemerkung uzm Vor-zei-chen in (165) bzw. (166): Erf[]ullt 
$\OML/cmm/m/it/10.95  \OT1/cmr/m/n/10.95 ([]\OML/cmm/m/it/10.95 ; t\OT1/cmr/m/n
/10.95 )$ die Glei-chung $\OML/cmm/m/it/10.95 i\U/msb/m/n/10.95 ~[]\OML/cmm/m/i
t/10.95  \OT1/cmr/m/n/10.95 ([]\OML/cmm/m/it/10.95 ; t\OT1/cmr/m/n/10.95 ) =
[38] [39] [40] [41] <191Integration.pdf, id=1094, 350.30875pt x 84.315pt>
<use 191Integration.pdf>
<theoD-pics.pdf, id=1095, page=2, 181.00624pt x 121.00206pt>
<use theoD-pics.pdf, page 2> [42 <data/191Integration.pdf>]
<203Katenpot.pdf, id=1186, 177.66376pt x 124.465pt> <use 203Katenpot.pdf>
[43 <./theoD-pics.pdf>]
Overfull \hbox (8.90994pt too wide) in paragraph at lines 1754--1761
[][]  \OT1/cmr/m/n/10.95 Pa-rit[]ats-ope-
[44 <data/203Katenpot.pdf>]
<theoD-pics.pdf, id=1231, page=3, 226.00435pt x 90.99998pt>
<use theoD-pics.pdf, page 3>
<theoD-pics.pdf, id=1232, page=4, 226.00435pt x 166.00018pt>
<use theoD-pics.pdf, page 4> [45 <./theoD-pics.pdf> <./theoD-pics.pdf>]
<theoD-pics.pdf, id=1240, page=5, 321.95282pt x 121.00206pt>
<use theoD-pics.pdf, page 5>
<theoD-pics.pdf, id=1241, page=6, 321.95282pt x 121.00206pt>
<use theoD-pics.pdf, page 6> [46 <./theoD-pics.pdf>]
<theoD-pics.pdf, id=1261, page=7, 401.00818pt x 201.00093pt>
<use theoD-pics.pdf, page 7> [47 <./theoD-pics.pdf> <./theoD-pics.pdf>]
[48] [49] [50] <theoD-pics.pdf, id=1278, page=8, 101.00735pt x 101.00735pt>
<use theoD-pics.pdf, page 8> [51 <./theoD-pics.pdf>] [52]

LaTeX Warning: Command \ss invalid in math mode on input line 2213.

[53] [54] <theoD-pics.pdf, id=1295, page=9, 401.00818pt x 201.00093pt>
<use theoD-pics.pdf, page 9> [55 <./theoD-pics.pdf>] [56] [57]
Overfull \hbox (35.5472pt too wide) in paragraph at lines 2400--2400
[] 
[58] [59] [60] <283Drehung.pdf, id=1315, 135.50626pt x 114.4275pt>
<use 283Drehung.pdf> [61 <data/283Drehung.pdf>]

Package amsmath Warning: Foreign command \atop;
(amsmath)                \frac or \genfrac should be used instead
(amsmath)                 on input line 2540.

[62] [63] [64] <320L3.pdf, id=1387, 128.48pt x 162.6075pt> <use 320L3.pdf>
[65 <data/320L3.pdf>] [66] [67] [68] [69]
<theoD-pics.pdf, id=1416, page=10, 151.00415pt x 151.00415pt>
<use theoD-pics.pdf, page 10>
<theoD-pics.pdf, id=1417, page=11, 151.00415pt x 151.00415pt>
<use theoD-pics.pdf, page 11>
<theoD-pics.pdf, id=1418, page=12, 151.00415pt x 201.00093pt>
<use theoD-pics.pdf, page 12>
<theoD-pics.pdf, id=1419, page=13, 151.00415pt x 201.00093pt>
<use theoD-pics.pdf, page 13>
<theoD-pics.pdf, id=1420, page=14, 151.00415pt x 251.00777pt>
<use theoD-pics.pdf, page 14>
<theoD-pics.pdf, id=1421, page=15, 151.00415pt x 251.00777pt>
<use theoD-pics.pdf, page 15> [70 <./theoD-pics.pdf> <./theoD-pics.pdf>]
[71 <./theoD-pics.pdf> <./theoD-pics.pdf> <./theoD-pics.pdf> <./theoD-pics.pdf>
] [72] [73] [74] [75] [76] [77] [78]
<theoD-pics.pdf, id=1450, page=16, 301.00456pt x 121.00206pt>
<use theoD-pics.pdf, page 16> [79 <./theoD-pics.pdf>] [80] [81]
Overfull \hbox (3.25029pt too wide) in paragraph at lines 3148--3150
$[]$ \OT1/cmr/m/n/10.95 nennt man auch []\OT1/cmr/m/it/10.95 Uber-gang-sam-pli-
tu-de \OT1/cmr/m/n/10.95 und $\OML/cmm/m/it/10.95 P[]$ []\OT1/cmr/m/it/10.95 Ub
er-gangs-wahr-schein-
<419Ubergang.pdf, id=1462, 105.39375pt x 82.3075pt> <use 419Ubergang.pdf>
[82 <data/419Ubergang.pdf>] [83]
<431EntartRed.pdf, id=1501, 107.40125pt x 102.3825pt> <use 431EntartRed.pdf>
[84 <data/431EntartRed.pdf>] [85] [86]
ngerman: "rr is now obsolete, please use rrr instead on input line 3295.
[87] [88] [89] <469Streu.pdf, id=1544, 246.9225pt x 102.3825pt>
<use 469Streu.pdf> <470wirkquer.pdf, id=1545, 184.69pt x 56.21pt>
<use 470wirkquer.pdf> [90 <data/469Streu.pdf> <data/470wirkquer.pdf>]
(./theoD.aux) )
(see the transcript file for additional information)</usr/share/texlive/texmf-d
ist/fonts/type1/public/amsfonts/cm/cmex10.pfb></usr/share/texlive/texmf-dist/fo
nts/type1/public/amsfonts/cmextra/cmex8.pfb></usr/share/texlive/texmf-dist/font
s/type1/public/amsfonts/cm/cmmi10.pfb></usr/share/texlive/texmf-dist/fonts/type
1/public/amsfonts/cm/cmmi12.pfb></usr/share/texlive/texmf-dist/fonts/type1/publ
ic/amsfonts/cm/cmmi6.pfb></usr/share/texlive/texmf-dist/fonts/type1/public/amsf
onts/cm/cmmi8.pfb></usr/share/texlive/texmf-dist/fonts/type1/public/amsfonts/cm
/cmr10.pfb></usr/share/texlive/texmf-dist/fonts/type1/public/amsfonts/cm/cmr12.
pfb></usr/share/texlive/texmf-dist/fonts/type1/public/amsfonts/cm/cmr6.pfb></us
r/share/texlive/texmf-dist/fonts/type1/public/amsfonts/cm/cmr8.pfb></usr/share/
texlive/texmf-dist/fonts/type1/public/amsfonts/cm/cmssbx10.pfb></usr/share/texl
ive/texmf-dist/fonts/type1/public/amsfonts/cm/cmsy10.pfb></usr/share/texlive/te
xmf-dist/fonts/type1/public/amsfonts/cm/cmsy6.pfb></usr/share/texlive/texmf-dis
t/fonts/type1/public/amsfonts/cm/cmsy8.pfb></usr/share/texlive/texmf-dist/fonts
/type1/public/amsfonts/cm/cmti10.pfb></usr/share/texlive/texmf-dist/fonts/type1
/public/doublestroke/dsrom10.pfb></usr/share/texlive/texmf-dist/fonts/type1/pub
lic/doublestroke/dsrom8.pfb></usr/share/texlive/texmf-dist/fonts/type1/public/a
msfonts/symbols/msam10.pfb></usr/share/texlive/texmf-dist/fonts/type1/public/am
sfonts/symbols/msbm10.pfb></usr/share/texlive/texmf-dist/fonts/type1/public/ams
fonts/symbols/msbm7.pfb></usr/share/texlive/texmf-dist/fonts/type1/public/esvec
t/vect10.pfb></usr/share/texlive/texmf-dist/fonts/type1/public/esvect/vect6.pfb
></usr/share/texlive/texmf-dist/fonts/type1/public/esvect/vect8.pfb>
Output written on theoD.pdf (90 pages, 1946004 bytes).
Transcript written on theoD.log.
Result: ExitSuccess

Running /usr/bin/convert -verbose theoD.pdf[0] -resize 70x theoD.png in an env with 4 entries:
"gs" -q -dQUIET -dSAFER -dBATCH -dNOPAUSE -dNOPROMPT -dMaxBitmap=500000000 -dAlignToPixels=0 -dGridFitTT=2 "-sDEVICE=pngalpha" -dTextAlphaBits=4 -dGraphicsAlphaBits=4 "-r72x72" -dFirstPage=1 -dLastPage=1 "-sOutputFile=/tmp/magick-ljQE1FqR-%08d" "-f/tmp/magick-f_pVdP32" "-f/tmp/magick-pB5aY7Ge"
/tmp/magick-ljQE1FqR-00000001 PNG 595x842 595x842+0+0 8-bit DirectClass 31.3KB 0.010u 0:00.009
theoD.pdf[0]=>theoD.pdf PDF 595x842 595x842+0+0 16-bit DirectClass 31.3KB 0.000u 0:00.000
theoD.pdf[0]=>theoD.png PDF 595x842=>70x99 70x99+0+0 8-bit DirectClass 0.040u 0:00.019
Result: ExitSuccess

Running /usr/bin/optipng -verbose theoD.png in an env with 4 entries:
OptiPNG 0.6.4: Advanced PNG optimizer.
Copyright (C) 2001-2010 Cosmin Truta.

** Processing: theoD.png
70x99 pixels, 2x8 bits/pixel, grayscale+alpha
Reducing image to 8 bits/pixel, 101 colors (100 transparent) in palette
Input IDAT size = 1665 bytes
Input file size = 1960 bytes

Trying:
  zc = 9  zm = 8  zs = 0  f = 0		IDAT size = 1265
  zc = 9  zm = 8  zs = 1  f = 0		IDAT too big
  zc = 1  zm = 8  zs = 2  f = 0		IDAT too big
  zc = 9  zm = 8  zs = 3  f = 0		IDAT too big
  zc = 9  zm = 8  zs = 0  f = 5		IDAT too big
  zc = 9  zm = 8  zs = 1  f = 5		IDAT size = 1260
  zc = 1  zm = 8  zs = 2  f = 5		IDAT too big
  zc = 9  zm = 8  zs = 3  f = 5		IDAT too big

theoD.png is already optimized.

** Status report
1 file(s) have been processed.
Result: ExitSuccess
