
Running /usr/bin/pdflatex TopUebung7.tex in an env with 4 entries:
This is pdfTeX, Version 3.1415926-2.5-1.40.14 (TeX Live 2013/Debian)
 restricted \write18 enabled.
entering extended mode
(data/TopUebung7.tex
LaTeX2e <2011/06/27>
Babel <3.9h> and hyphenation patterns for 78 languages loaded.
(/usr/share/texlive/texmf-dist/tex/latex/base/article.cls
Document Class: article 2007/10/19 v1.4h Standard LaTeX document class
(/usr/share/texlive/texmf-dist/tex/latex/base/size10.clo))
(/usr/share/texlive/texmf-dist/tex/latex/base/inputenc.sty
(/usr/share/texlive/texmf-dist/tex/latex/base/utf8.def
(/usr/share/texlive/texmf-dist/tex/latex/base/t1enc.dfu)
(/usr/share/texlive/texmf-dist/tex/latex/base/ot1enc.dfu)
(/usr/share/texlive/texmf-dist/tex/latex/base/omsenc.dfu)))
(/usr/share/texlive/texmf-dist/tex/latex/jknapltx/mathrsfs.sty)
(/usr/share/texlive/texmf-dist/tex/latex/stmaryrd/stmaryrd.sty) (data/mathe.sty
 (data/latexki.sty) (/usr/share/texlive/texmf-dist/tex/generic/babel/babel.sty
(/usr/share/texlive/texmf-dist/tex/generic/babel-german/ngermanb.ldf
(/usr/share/texlive/texmf-dist/tex/generic/babel/babel.def)))
(/usr/share/texlive/texmf-dist/tex/latex/base/fontenc.sty
(/usr/share/texlive/texmf-dist/tex/latex/base/t1enc.def))
(/usr/share/texlive/texmf-dist/tex/latex/amsfonts/amsfonts.sty)
(/usr/share/texlive/texmf-dist/tex/latex/amsfonts/amssymb.sty)
(/usr/share/texlive/texmf-dist/tex/latex/amsmath/amsmath.sty
For additional information on amsmath, use the `?' option.
(/usr/share/texlive/texmf-dist/tex/latex/amsmath/amstext.sty
(/usr/share/texlive/texmf-dist/tex/latex/amsmath/amsgen.sty))
(/usr/share/texlive/texmf-dist/tex/latex/amsmath/amsbsy.sty)
(/usr/share/texlive/texmf-dist/tex/latex/amsmath/amsopn.sty))
(/usr/share/texlive/texmf-dist/tex/latex/tools/verbatim.sty)
(/usr/share/texlive/texmf-dist/tex/latex/base/ifthen.sty)
(/usr/share/texlive/texmf-dist/tex/latex/ntheorem/ntheorem.sty
Style `ntheorem', Version 1.33 <2011/08/15>
) (/usr/share/texlive/texmf-dist/tex/latex/framed/framed.sty)
(/usr/share/texlive/texmf-dist/tex/latex/pstricks/pstricks.sty
(/usr/share/texlive/texmf-dist/tex/generic/oberdiek/ifpdf.sty)
(/usr/share/texlive/texmf-dist/tex/generic/pstricks/pstricks.tex
(/usr/share/texlive/texmf-dist/tex/generic/xkeyval/pst-xkey.tex
(/usr/share/texlive/texmf-dist/tex/latex/xkeyval/xkeyval.sty
(/usr/share/texlive/texmf-dist/tex/generic/xkeyval/xkeyval.tex
(/usr/share/texlive/texmf-dist/tex/generic/xkeyval/keyval.tex))))
(/usr/share/texlive/texmf-dist/tex/generic/pstricks/pst-fp.tex
`pst-fp' v0.05, 2010/01/17 (hv))
(/usr/share/texmf/tex/generic/pgf/utilities/pgfutil-common.tex)
(/usr/share/texmf/tex/generic/pgf/utilities/pgfkeys.code.tex
(/usr/share/texmf/tex/generic/pgf/utilities/pgfkeysfiltered.code.tex))
(/usr/share/texmf/tex/generic/pgf/utilities/pgffor.code.tex)
`PSTricks' v2.51  <2014/02/03> (tvz)
(/usr/share/texlive/texmf-dist/tex/generic/pstricks/pstricks.con))
(/usr/share/texlive/texmf-dist/tex/generic/pstricks/pst-fp.tex)
(/usr/share/texmf/tex/latex/xcolor/xcolor.sty
(/usr/share/texlive/texmf-dist/tex/latex/latexconfig/color.cfg)
(/usr/share/texlive/texmf-dist/tex/latex/pdftex-def/pdftex.def
(/usr/share/texlive/texmf-dist/tex/generic/oberdiek/infwarerr.sty)
(/usr/share/texlive/texmf-dist/tex/generic/oberdiek/ltxcmds.sty))))
(/usr/share/texlive/texmf-dist/tex/latex/carlisle/slashed.sty)
(/usr/share/texlive/texmf-dist/tex/latex/base/makeidx.sty)
(/usr/share/texlive/texmf-dist/tex/latex/wasysym/wasysym.sty)
(/usr/share/texlive/texmf-dist/tex/latex/mh/mathtools.sty
(/usr/share/texlive/texmf-dist/tex/latex/tools/calc.sty)
(/usr/share/texlive/texmf-dist/tex/latex/mh/mhsetup.sty))
(/usr/share/texlive/texmf-dist/tex/latex/doublestroke/dsfont.sty)
(/usr/share/texlive/texmf-dist/tex/latex/hyperref/hyperref.sty
(/usr/share/texlive/texmf-dist/tex/generic/oberdiek/hobsub-hyperref.sty
(/usr/share/texlive/texmf-dist/tex/generic/oberdiek/hobsub-generic.sty))
(/usr/share/texlive/texmf-dist/tex/generic/ifxetex/ifxetex.sty)
(/usr/share/texlive/texmf-dist/tex/latex/oberdiek/auxhook.sty)
(/usr/share/texlive/texmf-dist/tex/latex/oberdiek/kvoptions.sty)
(/usr/share/texlive/texmf-dist/tex/latex/hyperref/pd1enc.def)
(/usr/share/texlive/texmf-dist/tex/latex/latexconfig/hyperref.cfg)
(/usr/share/texlive/texmf-dist/tex/latex/url/url.sty))

Package hyperref Message: Driver (autodetected): hpdftex.

(/usr/share/texlive/texmf-dist/tex/latex/hyperref/hpdftex.def
(/usr/share/texlive/texmf-dist/tex/latex/oberdiek/rerunfilecheck.sty))
(/usr/share/texlive/texmf-dist/tex/latex/etex-pkg/etex.sty))
(/usr/share/texlive/texmf-dist/tex/latex/tools/enumerate.sty)
No file TopUebung7.aux.
(/usr/share/texlive/texmf-dist/tex/context/base/supp-pdf.mkii
[Loading MPS to PDF converter (version 2006.09.02).]
) (/usr/share/texlive/texmf-dist/tex/latex/graphics/graphicx.sty
(/usr/share/texlive/texmf-dist/tex/latex/graphics/graphics.sty
(/usr/share/texlive/texmf-dist/tex/latex/graphics/trig.sty)
(/usr/share/texlive/texmf-dist/tex/latex/latexconfig/graphics.cfg))
(/usr/share/texlive/texmf-dist/tex/latex/oberdiek/epstopdf-base.sty
(/usr/share/texlive/texmf-dist/tex/latex/oberdiek/grfext.sty)
(/usr/share/texlive/texmf-dist/tex/latex/latexconfig/epstopdf-sys.cfg)))
(/usr/share/texlive/texmf-dist/tex/latex/hyperref/nameref.sty
(/usr/share/texlive/texmf-dist/tex/generic/oberdiek/gettitlestring.sty))
(/usr/share/texlive/texmf-dist/tex/latex/jknapltx/ursfs.fd)
(/usr/share/texlive/texmf-dist/tex/latex/stmaryrd/Ustmry.fd)
(/usr/share/texlive/texmf-dist/tex/latex/amsfonts/umsa.fd)
(/usr/share/texlive/texmf-dist/tex/latex/amsfonts/umsb.fd)
(/usr/share/texlive/texmf-dist/tex/latex/wasysym/uwasy.fd) [1
Non-PDF special ignored!
Non-PDF special ignored!
Non-PDF special ignored!
Non-PDF special ignored!
Non-PDF special ignored!
Non-PDF special ignored!
Non-PDF special ignored!{/var/lib/texmf/fonts/map/pdftex/updmap/pdftex.map}]
[2] [3] (./TopUebung7.aux)

Package rerunfilecheck Warning: File `TopUebung7.out' has changed.
(rerunfilecheck)                Rerun to get outlines right
(rerunfilecheck)                or use package `bookmark'.

 ){/usr/share/texmf/fonts/enc/dvips/cm-super/cm-super-t1.enc}</usr/share/texliv
e/texmf-dist/fonts/type1/public/amsfonts/cm/cmex10.pfb></usr/share/texlive/texm
f-dist/fonts/type1/public/amsfonts/cm/cmmi10.pfb></usr/share/texlive/texmf-dist
/fonts/type1/public/amsfonts/cm/cmmi5.pfb></usr/share/texlive/texmf-dist/fonts/
type1/public/amsfonts/cm/cmmi7.pfb></usr/share/texlive/texmf-dist/fonts/type1/p
ublic/amsfonts/cm/cmr10.pfb></usr/share/texlive/texmf-dist/fonts/type1/public/a
msfonts/cm/cmr5.pfb></usr/share/texlive/texmf-dist/fonts/type1/public/amsfonts/
cm/cmr7.pfb></usr/share/texlive/texmf-dist/fonts/type1/public/amsfonts/cm/cmsy1
0.pfb></usr/share/texlive/texmf-dist/fonts/type1/public/amsfonts/cm/cmsy7.pfb><
/usr/share/texlive/texmf-dist/fonts/type1/public/amsfonts/symbols/msbm10.pfb></
usr/share/texmf/fonts/type1/public/cm-super/sfbx1000.pfb></usr/share/texmf/font
s/type1/public/cm-super/sfbx1440.pfb></usr/share/texmf/fonts/type1/public/cm-su
per/sfrm1000.pfb></usr/share/texmf/fonts/type1/public/cm-super/sfrm1200.pfb></u
sr/share/texmf/fonts/type1/public/cm-super/sfrm1728.pfb></usr/share/texmf/fonts
/type1/public/cm-super/sfti1000.pfb>
Output written on TopUebung7.pdf (3 pages, 185301 bytes).
Transcript written on TopUebung7.log.
Result: ExitSuccess

Running /usr/bin/pdflatex TopUebung7.tex in an env with 4 entries:
This is pdfTeX, Version 3.1415926-2.5-1.40.14 (TeX Live 2013/Debian)
 restricted \write18 enabled.
entering extended mode
(data/TopUebung7.tex
LaTeX2e <2011/06/27>
Babel <3.9h> and hyphenation patterns for 78 languages loaded.
(/usr/share/texlive/texmf-dist/tex/latex/base/article.cls
Document Class: article 2007/10/19 v1.4h Standard LaTeX document class
(/usr/share/texlive/texmf-dist/tex/latex/base/size10.clo))
(/usr/share/texlive/texmf-dist/tex/latex/base/inputenc.sty
(/usr/share/texlive/texmf-dist/tex/latex/base/utf8.def
(/usr/share/texlive/texmf-dist/tex/latex/base/t1enc.dfu)
(/usr/share/texlive/texmf-dist/tex/latex/base/ot1enc.dfu)
(/usr/share/texlive/texmf-dist/tex/latex/base/omsenc.dfu)))
(/usr/share/texlive/texmf-dist/tex/latex/jknapltx/mathrsfs.sty)
(/usr/share/texlive/texmf-dist/tex/latex/stmaryrd/stmaryrd.sty) (data/mathe.sty
 (data/latexki.sty) (/usr/share/texlive/texmf-dist/tex/generic/babel/babel.sty
(/usr/share/texlive/texmf-dist/tex/generic/babel-german/ngermanb.ldf
(/usr/share/texlive/texmf-dist/tex/generic/babel/babel.def)))
(/usr/share/texlive/texmf-dist/tex/latex/base/fontenc.sty
(/usr/share/texlive/texmf-dist/tex/latex/base/t1enc.def))
(/usr/share/texlive/texmf-dist/tex/latex/amsfonts/amsfonts.sty)
(/usr/share/texlive/texmf-dist/tex/latex/amsfonts/amssymb.sty)
(/usr/share/texlive/texmf-dist/tex/latex/amsmath/amsmath.sty
For additional information on amsmath, use the `?' option.
(/usr/share/texlive/texmf-dist/tex/latex/amsmath/amstext.sty
(/usr/share/texlive/texmf-dist/tex/latex/amsmath/amsgen.sty))
(/usr/share/texlive/texmf-dist/tex/latex/amsmath/amsbsy.sty)
(/usr/share/texlive/texmf-dist/tex/latex/amsmath/amsopn.sty))
(/usr/share/texlive/texmf-dist/tex/latex/tools/verbatim.sty)
(/usr/share/texlive/texmf-dist/tex/latex/base/ifthen.sty)
(/usr/share/texlive/texmf-dist/tex/latex/ntheorem/ntheorem.sty
Style `ntheorem', Version 1.33 <2011/08/15>
) (/usr/share/texlive/texmf-dist/tex/latex/framed/framed.sty)
(/usr/share/texlive/texmf-dist/tex/latex/pstricks/pstricks.sty
(/usr/share/texlive/texmf-dist/tex/generic/oberdiek/ifpdf.sty)
(/usr/share/texlive/texmf-dist/tex/generic/pstricks/pstricks.tex
(/usr/share/texlive/texmf-dist/tex/generic/xkeyval/pst-xkey.tex
(/usr/share/texlive/texmf-dist/tex/latex/xkeyval/xkeyval.sty
(/usr/share/texlive/texmf-dist/tex/generic/xkeyval/xkeyval.tex
(/usr/share/texlive/texmf-dist/tex/generic/xkeyval/keyval.tex))))
(/usr/share/texlive/texmf-dist/tex/generic/pstricks/pst-fp.tex
`pst-fp' v0.05, 2010/01/17 (hv))
(/usr/share/texmf/tex/generic/pgf/utilities/pgfutil-common.tex)
(/usr/share/texmf/tex/generic/pgf/utilities/pgfkeys.code.tex
(/usr/share/texmf/tex/generic/pgf/utilities/pgfkeysfiltered.code.tex))
(/usr/share/texmf/tex/generic/pgf/utilities/pgffor.code.tex)
`PSTricks' v2.51  <2014/02/03> (tvz)
(/usr/share/texlive/texmf-dist/tex/generic/pstricks/pstricks.con))
(/usr/share/texlive/texmf-dist/tex/generic/pstricks/pst-fp.tex)
(/usr/share/texmf/tex/latex/xcolor/xcolor.sty
(/usr/share/texlive/texmf-dist/tex/latex/latexconfig/color.cfg)
(/usr/share/texlive/texmf-dist/tex/latex/pdftex-def/pdftex.def
(/usr/share/texlive/texmf-dist/tex/generic/oberdiek/infwarerr.sty)
(/usr/share/texlive/texmf-dist/tex/generic/oberdiek/ltxcmds.sty))))
(/usr/share/texlive/texmf-dist/tex/latex/carlisle/slashed.sty)
(/usr/share/texlive/texmf-dist/tex/latex/base/makeidx.sty)
(/usr/share/texlive/texmf-dist/tex/latex/wasysym/wasysym.sty)
(/usr/share/texlive/texmf-dist/tex/latex/mh/mathtools.sty
(/usr/share/texlive/texmf-dist/tex/latex/tools/calc.sty)
(/usr/share/texlive/texmf-dist/tex/latex/mh/mhsetup.sty))
(/usr/share/texlive/texmf-dist/tex/latex/doublestroke/dsfont.sty)
(/usr/share/texlive/texmf-dist/tex/latex/hyperref/hyperref.sty
(/usr/share/texlive/texmf-dist/tex/generic/oberdiek/hobsub-hyperref.sty
(/usr/share/texlive/texmf-dist/tex/generic/oberdiek/hobsub-generic.sty))
(/usr/share/texlive/texmf-dist/tex/generic/ifxetex/ifxetex.sty)
(/usr/share/texlive/texmf-dist/tex/latex/oberdiek/auxhook.sty)
(/usr/share/texlive/texmf-dist/tex/latex/oberdiek/kvoptions.sty)
(/usr/share/texlive/texmf-dist/tex/latex/hyperref/pd1enc.def)
(/usr/share/texlive/texmf-dist/tex/latex/latexconfig/hyperref.cfg)
(/usr/share/texlive/texmf-dist/tex/latex/url/url.sty))

Package hyperref Message: Driver (autodetected): hpdftex.

(/usr/share/texlive/texmf-dist/tex/latex/hyperref/hpdftex.def
(/usr/share/texlive/texmf-dist/tex/latex/oberdiek/rerunfilecheck.sty))
(/usr/share/texlive/texmf-dist/tex/latex/etex-pkg/etex.sty))
(/usr/share/texlive/texmf-dist/tex/latex/tools/enumerate.sty) (./TopUebung7.aux
) (/usr/share/texlive/texmf-dist/tex/context/base/supp-pdf.mkii
[Loading MPS to PDF converter (version 2006.09.02).]
) (/usr/share/texlive/texmf-dist/tex/latex/graphics/graphicx.sty
(/usr/share/texlive/texmf-dist/tex/latex/graphics/graphics.sty
(/usr/share/texlive/texmf-dist/tex/latex/graphics/trig.sty)
(/usr/share/texlive/texmf-dist/tex/latex/latexconfig/graphics.cfg))
(/usr/share/texlive/texmf-dist/tex/latex/oberdiek/epstopdf-base.sty
(/usr/share/texlive/texmf-dist/tex/latex/oberdiek/grfext.sty)
(/usr/share/texlive/texmf-dist/tex/latex/latexconfig/epstopdf-sys.cfg)))
(/usr/share/texlive/texmf-dist/tex/latex/hyperref/nameref.sty
(/usr/share/texlive/texmf-dist/tex/generic/oberdiek/gettitlestring.sty))
(./TopUebung7.out) (./TopUebung7.out)
(/usr/share/texlive/texmf-dist/tex/latex/jknapltx/ursfs.fd)
(/usr/share/texlive/texmf-dist/tex/latex/stmaryrd/Ustmry.fd)
(/usr/share/texlive/texmf-dist/tex/latex/amsfonts/umsa.fd)
(/usr/share/texlive/texmf-dist/tex/latex/amsfonts/umsb.fd)
(/usr/share/texlive/texmf-dist/tex/latex/wasysym/uwasy.fd) [1
Non-PDF special ignored!
Non-PDF special ignored!
Non-PDF special ignored!
Non-PDF special ignored!
Non-PDF special ignored!
Non-PDF special ignored!
Non-PDF special ignored!{/var/lib/texmf/fonts/map/pdftex/updmap/pdftex.map}]
[2] [3] (./TopUebung7.aux) ){/usr/share/texmf/fonts/enc/dvips/cm-super/cm-super
-t1.enc}</usr/share/texlive/texmf-dist/fonts/type1/public/amsfonts/cm/cmex10.pf
b></usr/share/texlive/texmf-dist/fonts/type1/public/amsfonts/cm/cmmi10.pfb></us
r/share/texlive/texmf-dist/fonts/type1/public/amsfonts/cm/cmmi5.pfb></usr/share
/texlive/texmf-dist/fonts/type1/public/amsfonts/cm/cmmi7.pfb></usr/share/texliv
e/texmf-dist/fonts/type1/public/amsfonts/cm/cmr10.pfb></usr/share/texlive/texmf
-dist/fonts/type1/public/amsfonts/cm/cmr5.pfb></usr/share/texlive/texmf-dist/fo
nts/type1/public/amsfonts/cm/cmr7.pfb></usr/share/texlive/texmf-dist/fonts/type
1/public/amsfonts/cm/cmsy10.pfb></usr/share/texlive/texmf-dist/fonts/type1/publ
ic/amsfonts/cm/cmsy7.pfb></usr/share/texlive/texmf-dist/fonts/type1/public/amsf
onts/symbols/msbm10.pfb></usr/share/texmf/fonts/type1/public/cm-super/sfbx1000.
pfb></usr/share/texmf/fonts/type1/public/cm-super/sfbx1440.pfb></usr/share/texm
f/fonts/type1/public/cm-super/sfrm1000.pfb></usr/share/texmf/fonts/type1/public
/cm-super/sfrm1200.pfb></usr/share/texmf/fonts/type1/public/cm-super/sfrm1728.p
fb></usr/share/texmf/fonts/type1/public/cm-super/sfti1000.pfb>
Output written on TopUebung7.pdf (3 pages, 185301 bytes).
Transcript written on TopUebung7.log.
Result: ExitSuccess

Running /usr/bin/pdflatex TopUebung7.tex in an env with 4 entries:
This is pdfTeX, Version 3.1415926-2.5-1.40.14 (TeX Live 2013/Debian)
 restricted \write18 enabled.
entering extended mode
(data/TopUebung7.tex
LaTeX2e <2011/06/27>
Babel <3.9h> and hyphenation patterns for 78 languages loaded.
(/usr/share/texlive/texmf-dist/tex/latex/base/article.cls
Document Class: article 2007/10/19 v1.4h Standard LaTeX document class
(/usr/share/texlive/texmf-dist/tex/latex/base/size10.clo))
(/usr/share/texlive/texmf-dist/tex/latex/base/inputenc.sty
(/usr/share/texlive/texmf-dist/tex/latex/base/utf8.def
(/usr/share/texlive/texmf-dist/tex/latex/base/t1enc.dfu)
(/usr/share/texlive/texmf-dist/tex/latex/base/ot1enc.dfu)
(/usr/share/texlive/texmf-dist/tex/latex/base/omsenc.dfu)))
(/usr/share/texlive/texmf-dist/tex/latex/jknapltx/mathrsfs.sty)
(/usr/share/texlive/texmf-dist/tex/latex/stmaryrd/stmaryrd.sty) (data/mathe.sty
 (data/latexki.sty) (/usr/share/texlive/texmf-dist/tex/generic/babel/babel.sty
(/usr/share/texlive/texmf-dist/tex/generic/babel-german/ngermanb.ldf
(/usr/share/texlive/texmf-dist/tex/generic/babel/babel.def)))
(/usr/share/texlive/texmf-dist/tex/latex/base/fontenc.sty
(/usr/share/texlive/texmf-dist/tex/latex/base/t1enc.def))
(/usr/share/texlive/texmf-dist/tex/latex/amsfonts/amsfonts.sty)
(/usr/share/texlive/texmf-dist/tex/latex/amsfonts/amssymb.sty)
(/usr/share/texlive/texmf-dist/tex/latex/amsmath/amsmath.sty
For additional information on amsmath, use the `?' option.
(/usr/share/texlive/texmf-dist/tex/latex/amsmath/amstext.sty
(/usr/share/texlive/texmf-dist/tex/latex/amsmath/amsgen.sty))
(/usr/share/texlive/texmf-dist/tex/latex/amsmath/amsbsy.sty)
(/usr/share/texlive/texmf-dist/tex/latex/amsmath/amsopn.sty))
(/usr/share/texlive/texmf-dist/tex/latex/tools/verbatim.sty)
(/usr/share/texlive/texmf-dist/tex/latex/base/ifthen.sty)
(/usr/share/texlive/texmf-dist/tex/latex/ntheorem/ntheorem.sty
Style `ntheorem', Version 1.33 <2011/08/15>
) (/usr/share/texlive/texmf-dist/tex/latex/framed/framed.sty)
(/usr/share/texlive/texmf-dist/tex/latex/pstricks/pstricks.sty
(/usr/share/texlive/texmf-dist/tex/generic/oberdiek/ifpdf.sty)
(/usr/share/texlive/texmf-dist/tex/generic/pstricks/pstricks.tex
(/usr/share/texlive/texmf-dist/tex/generic/xkeyval/pst-xkey.tex
(/usr/share/texlive/texmf-dist/tex/latex/xkeyval/xkeyval.sty
(/usr/share/texlive/texmf-dist/tex/generic/xkeyval/xkeyval.tex
(/usr/share/texlive/texmf-dist/tex/generic/xkeyval/keyval.tex))))
(/usr/share/texlive/texmf-dist/tex/generic/pstricks/pst-fp.tex
`pst-fp' v0.05, 2010/01/17 (hv))
(/usr/share/texmf/tex/generic/pgf/utilities/pgfutil-common.tex)
(/usr/share/texmf/tex/generic/pgf/utilities/pgfkeys.code.tex
(/usr/share/texmf/tex/generic/pgf/utilities/pgfkeysfiltered.code.tex))
(/usr/share/texmf/tex/generic/pgf/utilities/pgffor.code.tex)
`PSTricks' v2.51  <2014/02/03> (tvz)
(/usr/share/texlive/texmf-dist/tex/generic/pstricks/pstricks.con))
(/usr/share/texlive/texmf-dist/tex/generic/pstricks/pst-fp.tex)
(/usr/share/texmf/tex/latex/xcolor/xcolor.sty
(/usr/share/texlive/texmf-dist/tex/latex/latexconfig/color.cfg)
(/usr/share/texlive/texmf-dist/tex/latex/pdftex-def/pdftex.def
(/usr/share/texlive/texmf-dist/tex/generic/oberdiek/infwarerr.sty)
(/usr/share/texlive/texmf-dist/tex/generic/oberdiek/ltxcmds.sty))))
(/usr/share/texlive/texmf-dist/tex/latex/carlisle/slashed.sty)
(/usr/share/texlive/texmf-dist/tex/latex/base/makeidx.sty)
(/usr/share/texlive/texmf-dist/tex/latex/wasysym/wasysym.sty)
(/usr/share/texlive/texmf-dist/tex/latex/mh/mathtools.sty
(/usr/share/texlive/texmf-dist/tex/latex/tools/calc.sty)
(/usr/share/texlive/texmf-dist/tex/latex/mh/mhsetup.sty))
(/usr/share/texlive/texmf-dist/tex/latex/doublestroke/dsfont.sty)
(/usr/share/texlive/texmf-dist/tex/latex/hyperref/hyperref.sty
(/usr/share/texlive/texmf-dist/tex/generic/oberdiek/hobsub-hyperref.sty
(/usr/share/texlive/texmf-dist/tex/generic/oberdiek/hobsub-generic.sty))
(/usr/share/texlive/texmf-dist/tex/generic/ifxetex/ifxetex.sty)
(/usr/share/texlive/texmf-dist/tex/latex/oberdiek/auxhook.sty)
(/usr/share/texlive/texmf-dist/tex/latex/oberdiek/kvoptions.sty)
(/usr/share/texlive/texmf-dist/tex/latex/hyperref/pd1enc.def)
(/usr/share/texlive/texmf-dist/tex/latex/latexconfig/hyperref.cfg)
(/usr/share/texlive/texmf-dist/tex/latex/url/url.sty))

Package hyperref Message: Driver (autodetected): hpdftex.

(/usr/share/texlive/texmf-dist/tex/latex/hyperref/hpdftex.def
(/usr/share/texlive/texmf-dist/tex/latex/oberdiek/rerunfilecheck.sty))
(/usr/share/texlive/texmf-dist/tex/latex/etex-pkg/etex.sty))
(/usr/share/texlive/texmf-dist/tex/latex/tools/enumerate.sty) (./TopUebung7.aux
) (/usr/share/texlive/texmf-dist/tex/context/base/supp-pdf.mkii
[Loading MPS to PDF converter (version 2006.09.02).]
) (/usr/share/texlive/texmf-dist/tex/latex/graphics/graphicx.sty
(/usr/share/texlive/texmf-dist/tex/latex/graphics/graphics.sty
(/usr/share/texlive/texmf-dist/tex/latex/graphics/trig.sty)
(/usr/share/texlive/texmf-dist/tex/latex/latexconfig/graphics.cfg))
(/usr/share/texlive/texmf-dist/tex/latex/oberdiek/epstopdf-base.sty
(/usr/share/texlive/texmf-dist/tex/latex/oberdiek/grfext.sty)
(/usr/share/texlive/texmf-dist/tex/latex/latexconfig/epstopdf-sys.cfg)))
(/usr/share/texlive/texmf-dist/tex/latex/hyperref/nameref.sty
(/usr/share/texlive/texmf-dist/tex/generic/oberdiek/gettitlestring.sty))
(./TopUebung7.out) (./TopUebung7.out)
(/usr/share/texlive/texmf-dist/tex/latex/jknapltx/ursfs.fd)
(/usr/share/texlive/texmf-dist/tex/latex/stmaryrd/Ustmry.fd)
(/usr/share/texlive/texmf-dist/tex/latex/amsfonts/umsa.fd)
(/usr/share/texlive/texmf-dist/tex/latex/amsfonts/umsb.fd)
(/usr/share/texlive/texmf-dist/tex/latex/wasysym/uwasy.fd) [1
Non-PDF special ignored!
Non-PDF special ignored!
Non-PDF special ignored!
Non-PDF special ignored!
Non-PDF special ignored!
Non-PDF special ignored!
Non-PDF special ignored!{/var/lib/texmf/fonts/map/pdftex/updmap/pdftex.map}]
[2] [3] (./TopUebung7.aux) ){/usr/share/texmf/fonts/enc/dvips/cm-super/cm-super
-t1.enc}</usr/share/texlive/texmf-dist/fonts/type1/public/amsfonts/cm/cmex10.pf
b></usr/share/texlive/texmf-dist/fonts/type1/public/amsfonts/cm/cmmi10.pfb></us
r/share/texlive/texmf-dist/fonts/type1/public/amsfonts/cm/cmmi5.pfb></usr/share
/texlive/texmf-dist/fonts/type1/public/amsfonts/cm/cmmi7.pfb></usr/share/texliv
e/texmf-dist/fonts/type1/public/amsfonts/cm/cmr10.pfb></usr/share/texlive/texmf
-dist/fonts/type1/public/amsfonts/cm/cmr5.pfb></usr/share/texlive/texmf-dist/fo
nts/type1/public/amsfonts/cm/cmr7.pfb></usr/share/texlive/texmf-dist/fonts/type
1/public/amsfonts/cm/cmsy10.pfb></usr/share/texlive/texmf-dist/fonts/type1/publ
ic/amsfonts/cm/cmsy7.pfb></usr/share/texlive/texmf-dist/fonts/type1/public/amsf
onts/symbols/msbm10.pfb></usr/share/texmf/fonts/type1/public/cm-super/sfbx1000.
pfb></usr/share/texmf/fonts/type1/public/cm-super/sfbx1440.pfb></usr/share/texm
f/fonts/type1/public/cm-super/sfrm1000.pfb></usr/share/texmf/fonts/type1/public
/cm-super/sfrm1200.pfb></usr/share/texmf/fonts/type1/public/cm-super/sfrm1728.p
fb></usr/share/texmf/fonts/type1/public/cm-super/sfti1000.pfb>
Output written on TopUebung7.pdf (3 pages, 185301 bytes).
Transcript written on TopUebung7.log.
Result: ExitSuccess

Running /usr/bin/convert -verbose TopUebung7.pdf[0] -resize 70x TopUebung7.png in an env with 4 entries:
"gs" -q -dQUIET -dSAFER -dBATCH -dNOPAUSE -dNOPROMPT -dMaxBitmap=500000000 -dAlignToPixels=0 -dGridFitTT=2 "-sDEVICE=pngalpha" -dTextAlphaBits=4 -dGraphicsAlphaBits=4 "-r72x72" -dFirstPage=1 -dLastPage=1 "-sOutputFile=/tmp/magick-xNYZYMIf-%08d" "-f/tmp/magick-RYNxHDCG" "-f/tmp/magick-eFaG9zw7"
/tmp/magick-xNYZYMIf-00000001 PNG 612x792 612x792+0+0 8-bit DirectClass 29.8KB 0.010u 0:00.009
TopUebung7.pdf[0]=>TopUebung7.pdf PDF 612x792 612x792+0+0 16-bit DirectClass 29.8KB 0.000u 0:00.000
TopUebung7.pdf[0]=>TopUebung7.png PDF 612x792=>70x91 70x91+0+0 8-bit DirectClass 0.040u 0:00.019
Result: ExitSuccess

Running /usr/bin/optipng -verbose TopUebung7.png in an env with 4 entries:
OptiPNG 0.6.4: Advanced PNG optimizer.
Copyright (C) 2001-2010 Cosmin Truta.

** Processing: TopUebung7.png
70x91 pixels, 2x8 bits/pixel, grayscale+alpha
Reducing image to 8 bits/pixel, 57 colors (56 transparent) in palette
Input IDAT size = 1409 bytes
Input file size = 1704 bytes

Trying:
  zc = 9  zm = 8  zs = 0  f = 0		IDAT size = 1020
  zc = 9  zm = 8  zs = 1  f = 0		IDAT size = 1014
  zc = 1  zm = 8  zs = 2  f = 0		IDAT too big
  zc = 9  zm = 8  zs = 3  f = 0		IDAT size = 1007
  zc = 9  zm = 8  zs = 0  f = 5		IDAT too big
  zc = 9  zm = 8  zs = 1  f = 5		IDAT too big
  zc = 1  zm = 8  zs = 2  f = 5		IDAT too big
  zc = 9  zm = 8  zs = 3  f = 5		IDAT too big

Selecting parameters:
  zc = 9  zm = 8  zs = 3  f = 0		IDAT size = 1007

Output IDAT size = 1007 bytes (402 bytes decrease)
Output file size = 1552 bytes (152 bytes = 8.92% decrease)

** Status report
1 file(s) have been processed.
Result: ExitSuccess
