
Running /usr/bin/pdflatex Ana3Bachelor.tex in an env with 4 entries:
This is pdfTeX, Version 3.1415926-2.5-1.40.14 (TeX Live 2013/Debian)
 restricted \write18 enabled.
entering extended mode
(../data/WS10/Ana3Bachelor.tex
LaTeX2e <2011/06/27>
Babel <3.9h> and hyphenation patterns for 78 languages loaded.
(/usr/share/texlive/texmf-dist/tex/latex/koma-script/scrbook.cls
Document Class: scrbook 2013/12/19 v3.12 KOMA-Script document class (book)
(/usr/share/texlive/texmf-dist/tex/latex/koma-script/scrkbase.sty
(/usr/share/texlive/texmf-dist/tex/latex/koma-script/scrbase.sty
(/usr/share/texlive/texmf-dist/tex/latex/graphics/keyval.sty)
(/usr/share/texlive/texmf-dist/tex/latex/koma-script/scrlfile.sty
Package scrlfile, 2013/12/19 v3.12 KOMA-Script package (loading files)
                  Copyright (C) Markus Kohm

))) (/usr/share/texlive/texmf-dist/tex/latex/koma-script/tocbasic.sty)
(/usr/share/texlive/texmf-dist/tex/latex/koma-script/scrsize11pt.clo)
(/usr/share/texlive/texmf-dist/tex/latex/koma-script/typearea.sty
Package typearea, 2013/12/19 v3.12 KOMA-Script package (type area)
                  Copyright (C) Frank Neukam, 1992-1994
                  Copyright (C) Markus Kohm, 1994-

)) (../data/ana.sty (../data/mathe.sty (../data/latexki.sty)
(/usr/share/texlive/texmf-dist/tex/latex/base/inputenc.sty
(/usr/share/texlive/texmf-dist/tex/latex/base/utf8.def
(/usr/share/texlive/texmf-dist/tex/latex/base/t1enc.dfu)
(/usr/share/texlive/texmf-dist/tex/latex/base/ot1enc.dfu)
(/usr/share/texlive/texmf-dist/tex/latex/base/omsenc.dfu)))
(/usr/share/texlive/texmf-dist/tex/generic/babel/babel.sty
(/usr/share/texlive/texmf-dist/tex/generic/babel-german/ngermanb.ldf
(/usr/share/texlive/texmf-dist/tex/generic/babel/babel.def)))
(/usr/share/texlive/texmf-dist/tex/latex/base/fontenc.sty
(/usr/share/texlive/texmf-dist/tex/latex/base/t1enc.def))
(/usr/share/texlive/texmf-dist/tex/latex/amsfonts/amsfonts.sty)
(/usr/share/texlive/texmf-dist/tex/latex/amsfonts/amssymb.sty)
(/usr/share/texlive/texmf-dist/tex/latex/amsmath/amsmath.sty
For additional information on amsmath, use the `?' option.
(/usr/share/texlive/texmf-dist/tex/latex/amsmath/amstext.sty
(/usr/share/texlive/texmf-dist/tex/latex/amsmath/amsgen.sty))
(/usr/share/texlive/texmf-dist/tex/latex/amsmath/amsbsy.sty)
(/usr/share/texlive/texmf-dist/tex/latex/amsmath/amsopn.sty))
(/usr/share/texlive/texmf-dist/tex/latex/stmaryrd/stmaryrd.sty)
(/usr/share/texlive/texmf-dist/tex/latex/tools/verbatim.sty)
(/usr/share/texlive/texmf-dist/tex/latex/base/ifthen.sty)
(/usr/share/texlive/texmf-dist/tex/latex/ntheorem/ntheorem.sty
Style `ntheorem', Version 1.33 <2011/08/15>
) (/usr/share/texlive/texmf-dist/tex/latex/framed/framed.sty)
(/usr/share/texlive/texmf-dist/tex/latex/pstricks/pstricks.sty
(/usr/share/texlive/texmf-dist/tex/generic/oberdiek/ifpdf.sty)
(/usr/share/texlive/texmf-dist/tex/generic/pstricks/pstricks.tex
(/usr/share/texlive/texmf-dist/tex/generic/xkeyval/pst-xkey.tex
(/usr/share/texlive/texmf-dist/tex/latex/xkeyval/xkeyval.sty
(/usr/share/texlive/texmf-dist/tex/generic/xkeyval/xkeyval.tex)))
(/usr/share/texlive/texmf-dist/tex/generic/pstricks/pst-fp.tex
`pst-fp' v0.05, 2010/01/17 (hv))
(/usr/share/texmf/tex/generic/pgf/utilities/pgfutil-common.tex)
(/usr/share/texmf/tex/generic/pgf/utilities/pgfkeys.code.tex
(/usr/share/texmf/tex/generic/pgf/utilities/pgfkeysfiltered.code.tex))
(/usr/share/texmf/tex/generic/pgf/utilities/pgffor.code.tex)
`PSTricks' v2.51  <2014/02/03> (tvz)
(/usr/share/texlive/texmf-dist/tex/generic/pstricks/pstricks.con))
(/usr/share/texlive/texmf-dist/tex/generic/pstricks/pst-fp.tex)
(/usr/share/texmf/tex/latex/xcolor/xcolor.sty
(/usr/share/texlive/texmf-dist/tex/latex/latexconfig/color.cfg)
(/usr/share/texlive/texmf-dist/tex/latex/pdftex-def/pdftex.def
(/usr/share/texlive/texmf-dist/tex/generic/oberdiek/infwarerr.sty)
(/usr/share/texlive/texmf-dist/tex/generic/oberdiek/ltxcmds.sty))))
(/usr/share/texlive/texmf-dist/tex/latex/carlisle/slashed.sty)
(/usr/share/texlive/texmf-dist/tex/latex/base/makeidx.sty)
(/usr/share/texlive/texmf-dist/tex/latex/wasysym/wasysym.sty)
(/usr/share/texlive/texmf-dist/tex/latex/jknapltx/mathrsfs.sty)
(/usr/share/texlive/texmf-dist/tex/latex/mh/mathtools.sty
(/usr/share/texlive/texmf-dist/tex/latex/tools/calc.sty)
(/usr/share/texlive/texmf-dist/tex/latex/mh/mhsetup.sty))
(/usr/share/texlive/texmf-dist/tex/latex/doublestroke/dsfont.sty)
(/usr/share/texlive/texmf-dist/tex/latex/hyperref/hyperref.sty
(/usr/share/texlive/texmf-dist/tex/generic/oberdiek/hobsub-hyperref.sty
(/usr/share/texlive/texmf-dist/tex/generic/oberdiek/hobsub-generic.sty))
(/usr/share/texlive/texmf-dist/tex/generic/ifxetex/ifxetex.sty)
(/usr/share/texlive/texmf-dist/tex/latex/oberdiek/auxhook.sty)
(/usr/share/texlive/texmf-dist/tex/latex/oberdiek/kvoptions.sty)
(/usr/share/texlive/texmf-dist/tex/latex/hyperref/pd1enc.def)
(/usr/share/texlive/texmf-dist/tex/latex/latexconfig/hyperref.cfg)
(/usr/share/texlive/texmf-dist/tex/latex/url/url.sty))

Package hyperref Message: Driver (autodetected): hpdftex.

(/usr/share/texlive/texmf-dist/tex/latex/hyperref/hpdftex.def
(/usr/share/texlive/texmf-dist/tex/latex/oberdiek/rerunfilecheck.sty))
(/usr/share/texlive/texmf-dist/tex/latex/etex-pkg/etex.sty))
(../data/saetze-schmoeger.sty))
(/usr/share/texlive/texmf-dist/tex/latex/physics/physics.sty
(/usr/share/texlive/texmf-dist/tex/latex/l3packages/xparse/xparse.sty
(/usr/share/texlive/texmf-dist/tex/latex/l3kernel/expl3.sty
(/usr/share/texlive/texmf-dist/tex/latex/l3kernel/l3names.sty
(/usr/share/texlive/texmf-dist/tex/latex/l3kernel/l3bootstrap.sty))
(/usr/share/texlive/texmf-dist/tex/latex/l3kernel/l3basics.sty)
(/usr/share/texlive/texmf-dist/tex/latex/l3kernel/l3expan.sty)
(/usr/share/texlive/texmf-dist/tex/latex/l3kernel/l3tl.sty)
(/usr/share/texlive/texmf-dist/tex/latex/l3kernel/l3seq.sty)
(/usr/share/texlive/texmf-dist/tex/latex/l3kernel/l3int.sty)
(/usr/share/texlive/texmf-dist/tex/latex/l3kernel/l3quark.sty)
(/usr/share/texlive/texmf-dist/tex/latex/l3kernel/l3prg.sty)
(/usr/share/texlive/texmf-dist/tex/latex/l3kernel/l3clist.sty)
(/usr/share/texlive/texmf-dist/tex/latex/l3kernel/l3token.sty)
(/usr/share/texlive/texmf-dist/tex/latex/l3kernel/l3prop.sty)
(/usr/share/texlive/texmf-dist/tex/latex/l3kernel/l3msg.sty)
(/usr/share/texlive/texmf-dist/tex/latex/l3kernel/l3file.sty)
(/usr/share/texlive/texmf-dist/tex/latex/l3kernel/l3skip.sty)
(/usr/share/texlive/texmf-dist/tex/latex/l3kernel/l3keys.sty)
(/usr/share/texlive/texmf-dist/tex/latex/l3kernel/l3fp.sty)
(/usr/share/texlive/texmf-dist/tex/latex/l3kernel/l3box.sty)
(/usr/share/texlive/texmf-dist/tex/latex/l3kernel/l3coffins.sty)
(/usr/share/texlive/texmf-dist/tex/latex/l3kernel/l3color.sty)
(/usr/share/texlive/texmf-dist/tex/latex/l3kernel/l3luatex.sty)
(/usr/share/texlive/texmf-dist/tex/latex/l3kernel/l3candidates.sty)))
*************************************************
* LaTeX warning: "xparse/redefine-command"
* 
* Redefining document command \cp with arg. spec. '' on line 222.
*************************************************
*************************************************
* LaTeX warning: "xparse/redefine-command"
* 
* Redefining document command \grad with arg. spec. '' on line 233.
*************************************************
*************************************************
* LaTeX warning: "xparse/redefine-command"
* 
* Redefining document command \Re with arg. spec. 'g' on line 277.
*************************************************
*************************************************
* LaTeX warning: "xparse/redefine-command"
* 
* Redefining document command \Im with arg. spec. 'g' on line 278.
*************************************************
*************************************************
* LaTeX warning: "xparse/redefine-command"
* 
* Redefining document command \sin with arg. spec. '' on line 309.
*************************************************
*************************************************
* LaTeX warning: "xparse/redefine-command"
* 
* Redefining document command \cos with arg. spec. '' on line 310.
*************************************************
*************************************************
* LaTeX warning: "xparse/redefine-command"
* 
* Redefining document command \tan with arg. spec. '' on line 311.
*************************************************
*************************************************
* LaTeX warning: "xparse/redefine-command"
* 
* Redefining document command \csc with arg. spec. '' on line 312.
*************************************************
*************************************************
* LaTeX warning: "xparse/redefine-command"
* 
* Redefining document command \sec with arg. spec. '' on line 313.
*************************************************
*************************************************
* LaTeX warning: "xparse/redefine-command"
* 
* Redefining document command \cot with arg. spec. '' on line 314.
*************************************************
*************************************************
* LaTeX warning: "xparse/redefine-command"
* 
* Redefining document command \arcsin with arg. spec. '' on line 316.
*************************************************
*************************************************
* LaTeX warning: "xparse/redefine-command"
* 
* Redefining document command \arccos with arg. spec. '' on line 317.
*************************************************
*************************************************
* LaTeX warning: "xparse/redefine-command"
* 
* Redefining document command \arctan with arg. spec. '' on line 318.
*************************************************
*************************************************
* LaTeX warning: "xparse/redefine-command"
* 
* Redefining document command \sinh with arg. spec. '' on line 339.
*************************************************
*************************************************
* LaTeX warning: "xparse/redefine-command"
* 
* Redefining document command \cosh with arg. spec. '' on line 340.
*************************************************
*************************************************
* LaTeX warning: "xparse/redefine-command"
* 
* Redefining document command \tanh with arg. spec. '' on line 341.
*************************************************
*************************************************
* LaTeX warning: "xparse/redefine-command"
* 
* Redefining document command \coth with arg. spec. '' on line 346.
*************************************************
*************************************************
* LaTeX warning: "xparse/redefine-command"
* 
* Redefining document command \exp with arg. spec. '' on line 348.
*************************************************
*************************************************
* LaTeX warning: "xparse/redefine-command"
* 
* Redefining document command \log with arg. spec. '' on line 349.
*************************************************
*************************************************
* LaTeX warning: "xparse/redefine-command"
* 
* Redefining document command \ln with arg. spec. '' on line 350.
*************************************************
*************************************************
* LaTeX warning: "xparse/redefine-command"
* 
* Redefining document command \det with arg. spec. '' on line 351.
*************************************************
*************************************************
* LaTeX warning: "xparse/redefine-command"
* 
* Redefining document command \Pr with arg. spec. '' on line 352.
*************************************************
)
Writing index file Ana3Bachelor.idx
No file Ana3Bachelor.aux.
(/usr/share/texlive/texmf-dist/tex/latex/graphics/graphics.sty
(/usr/share/texlive/texmf-dist/tex/latex/graphics/trig.sty)
(/usr/share/texlive/texmf-dist/tex/latex/latexconfig/graphics.cfg))
(/usr/share/texlive/texmf-dist/tex/latex/oberdiek/epstopdf-base.sty
(/usr/share/texlive/texmf-dist/tex/latex/oberdiek/grfext.sty)
(/usr/share/texlive/texmf-dist/tex/latex/latexconfig/epstopdf-sys.cfg))
(/usr/share/texlive/texmf-dist/tex/context/base/supp-pdf.mkii
[Loading MPS to PDF converter (version 2006.09.02).]
) (/usr/share/texlive/texmf-dist/tex/latex/graphics/graphicx.sty)
(/usr/share/texlive/texmf-dist/tex/latex/hyperref/nameref.sty
(/usr/share/texlive/texmf-dist/tex/generic/oberdiek/gettitlestring.sty))
(/usr/share/texlive/texmf-dist/tex/latex/base/t1cmss.fd)
(/usr/share/texlive/texmf-dist/tex/latex/amsfonts/umsa.fd)
(/usr/share/texlive/texmf-dist/tex/latex/amsfonts/umsb.fd)
(/usr/share/texlive/texmf-dist/tex/latex/stmaryrd/Ustmry.fd)
(/usr/share/texlive/texmf-dist/tex/latex/wasysym/uwasy.fd)
(/usr/share/texlive/texmf-dist/tex/latex/jknapltx/ursfs.fd)
(/usr/share/texlive/texmf-dist/tex/latex/base/t1cmtt.fd) [1
Non-PDF special ignored!
Non-PDF special ignored!
Non-PDF special ignored!
Non-PDF special ignored!
Non-PDF special ignored!
Non-PDF special ignored!
Non-PDF special ignored!{/var/lib/texmf/fonts/map/pdftex/updmap/pdftex.map}]
[2] [3] [4]
Kapitel I.
[5] [6]
\IeC {\textsection } 0.
(/usr/share/texlive/texmf-dist/tex/latex/amsfonts/ueuf.fd)
(/usr/share/texlive/texmf-dist/tex/latex/doublestroke/Udsrom.fd) [7] [8]
\IeC {\textsection } 1.

Package hyperref Warning: Token not allowed in a PDF string (PDFDocEncoding):
(hyperref)                removing `math shift' on input line 74.


Package hyperref Warning: Token not allowed in a PDF string (PDFDocEncoding):
(hyperref)                removing `\sigma' on input line 74.


Package hyperref Warning: Token not allowed in a PDF string (PDFDocEncoding):
(hyperref)                removing `math shift' on input line 74.

[9] [10]

LaTeX Font Warning: Font shape `U/stmry/b/n' undefined
(Font)              using `U/stmry/m/n' instead on input line 228.


LaTeX Font Warning: Font shape `U/wasy/b/n' in size <8> not available
(Font)              Font shape `U/wasy/m/n' tried instead on input line 228.


LaTeX Font Warning: Font shape `U/wasy/b/n' in size <6> not available
(Font)              Font shape `U/wasy/m/n' tried instead on input line 228.

[11] [12] [13] [14] [15] [16]
\IeC {\textsection } 2.
[17] [18]

LaTeX Warning: Reference `Lemma 2.1' on page 19 undefined on input line 527.


LaTeX Warning: Reference `Lemma 2.2' on page 19 undefined on input line 531.


LaTeX Warning: Reference `Lemma 2.1' on page 19 undefined on input line 549.


LaTeX Warning: Reference `Satz 1.7' on page 19 undefined on input line 564.

[19]

LaTeX Warning: Reference `eq: Abschaetzung Mass -- Beweis Satz 2.3.(5)' on page
 20 undefined on input line 589.


LaTeX Warning: Reference `eq: Abschaetzung Mass -- Beweis Satz 2.3.(5)' on page
 20 undefined on input line 597.


LaTeX Warning: Reference `eq: Abschaetzung Mass -- Beweis Satz 2.3.(5)' on page
 20 undefined on input line 597.

[20]

LaTeX Warning: Reference `Satz 2.3' on page 21 undefined on input line 625.


LaTeX Warning: Reference `Satz 2.3' on page 21 undefined on input line 629.


LaTeX Warning: Reference `Lemma 2.1' on page 21 undefined on input line 672.


LaTeX Warning: Reference `Satz 2.4' on page 21 undefined on input line 672.


LaTeX Warning: Reference `Satz 2.5' on page 21 undefined on input line 675.

[21]

LaTeX Warning: Reference `Satz 1.4' on page 22 undefined on input line 680.


LaTeX Warning: Reference `Lemma 2.1' on page 22 undefined on input line 682.


LaTeX Warning: Reference `Satz 2.6' on page 22 undefined on input line 691.


LaTeX Warning: Reference `Satz 1.7' on page 22 undefined on input line 708.

[22]

LaTeX Warning: Reference `Satz 2.6' on page 23 undefined on input line 759.

[23]

LaTeX Warning: Reference `Satz 1.7' on page 24 undefined on input line 790.


LaTeX Warning: Reference `Satz 1.7' on page 24 undefined on input line 798.

[24] [25] [26]
\IeC {\textsection } 3.

LaTeX Warning: Reference `Satz 1.5' on page 27 undefined on input line 878.


LaTeX Warning: Reference `Satz 2.11' on page 27 undefined on input line 886.


Overfull \hbox (9.84479pt too wide) in paragraph at lines 906--908
[]\T1/cmr/m/n/10.95 Sei $\OML/cmm/m/it/10.95 C \OMS/cmsy/m/n/10.95 2 \U/euf/m/n
/10.95 C$\T1/cmr/m/n/10.95 ; $\OML/cmm/m/it/10.95 g$ \T1/cmr/m/n/10.95 ist mess
-bar, dar-aus folgt $\OML/cmm/m/it/10.95 g[]\OT1/cmr/m/n/10.95 (\OML/cmm/m/it/1
0.95 C\OT1/cmr/m/n/10.95 ) \OMS/cmsy/m/n/10.95 2 \U/euf/m/n/10.95 B$\T1/cmr/m/n
/10.95 ; $\OML/cmm/m/it/10.95 f$ \T1/cmr/m/n/10.95 ist mess-bar, dar-aus folgt 
$\OML/cmm/m/it/10.95 f[]\OT1/cmr/m/n/10.95 (\OML/cmm/m/it/10.95 g[]\OT1/cmr/m/n
/10.95 (\OML/cmm/m/it/10.95 C\OT1/cmr/m/n/10.95 )) =
[27]

LaTeX Warning: Reference `Satz 3.1' on page 28 undefined on input line 946.


LaTeX Warning: Reference `Satz 3.1' on page 28 undefined on input line 952.


LaTeX Warning: Reference `Satz 3.1' on page 28 undefined on input line 956.


LaTeX Warning: Reference `Satz 3.1' on page 28 undefined on input line 963.

[28]

LaTeX Warning: Reference `Satz 3.1' on page 29 undefined on input line 969.


LaTeX Warning: Reference `Satz 3.1' on page 29 undefined on input line 972.


Overfull \hbox (14.67358pt too wide) in paragraph at lines 973--974
[]$\OML/cmm/m/it/10.95 A \OT1/cmr/m/n/10.95 := \OMS/cmsy/m/n/10.95 f\OML/cmm/m/
it/10.95 x \OMS/cmsy/m/n/10.95 2 \OML/cmm/m/it/10.95 X \OMS/cmsy/m/n/10.95 j \O
ML/cmm/m/it/10.95 f\OT1/cmr/m/n/10.95 (\OML/cmm/m/it/10.95 x\OT1/cmr/m/n/10.95 
) \OMS/cmsy/m/n/10.95 ^^U \OML/cmm/m/it/10.95 g\OT1/cmr/m/n/10.95 (\OML/cmm/m/i
t/10.95 x\OT1/cmr/m/n/10.95 )\OMS/cmsy/m/n/10.95 g \OT1/cmr/m/n/10.95 = \OMS/cm
sy/m/n/10.95 f\OML/cmm/m/it/10.95 x \OMS/cmsy/m/n/10.95 2 \OML/cmm/m/it/10.95 X
 \OMS/cmsy/m/n/10.95 j \OML/cmm/m/it/10.95 f\OT1/cmr/m/n/10.95 (\OML/cmm/m/it/1
0.95 x\OT1/cmr/m/n/10.95 ) \OMS/cmsy/m/n/10.95 ^^@ \OML/cmm/m/it/10.95 g\OT1/cm
r/m/n/10.95 (\OML/cmm/m/it/10.95 x\OT1/cmr/m/n/10.95 ) \OMS/cmsy/m/n/10.95 2 \O
T1/cmr/m/n/10.95 [0\OML/cmm/m/it/10.95 ; \OMS/cmsy/m/n/10.95 1\OT1/cmr/m/n/10.9
5 )\OMS/cmsy/m/n/10.95 g \OT1/cmr/m/n/10.95 = []([]) \OMS/cmsy/m/n/10.95 2

LaTeX Warning: Reference `Satz 3.1' on page 29 undefined on input line 1000.


LaTeX Warning: Reference `Folgerung 3.3' on page 29 undefined on input line 101
7.

[29] [30]

LaTeX Warning: Reference `Satz 3.1' on page 31 undefined on input line 1107.

[31]

LaTeX Warning: Reference `Satz 3.4' on page 32 undefined on input line 1163.

[32]

LaTeX Warning: Reference `Satz 3.5' on page 33 undefined on input line 1174.


LaTeX Warning: Reference `Satz 3.2' on page 33 undefined on input line 1204.


LaTeX Warning: Reference `Satz 3.5' on page 33 undefined on input line 1209.


LaTeX Warning: Reference `Satz 3.5' on page 33 undefined on input line 1210.


LaTeX Warning: Reference `Satz 3.6' on page 33 undefined on input line 1210.


LaTeX Warning: Reference `Satz 3.6' on page 33 undefined on input line 1210.

[33]

LaTeX Warning: Reference `Satz 2.11' on page 34 undefined on input line 1215.

[34] [35] [36]
\IeC {\textsection } 4.

LaTeX Warning: Reference `Satz 4.1' on page 37 undefined on input line 1311.


LaTeX Warning: Reference `Satz 4.1' on page 37 undefined on input line 1319.


LaTeX Warning: Reference `Satz 4.1' on page 37 undefined on input line 1319.

[37]

LaTeX Warning: Reference `Satz 4.3' on page 38 undefined on input line 1337.


LaTeX Warning: Reference `Satz 4.2' on page 38 undefined on input line 1340.

[38]

LaTeX Warning: Reference `Satz 1.7' on page 39 undefined on input line 1372.


LaTeX Warning: Reference `Satz 4.1' on page 39 undefined on input line 1380.


LaTeX Warning: Reference `Satz 4.1' on page 39 undefined on input line 1380.

[39]

LaTeX Warning: Reference `Satz 3.7' on page 40 undefined on input line 1397.


LaTeX Warning: Reference `Satz 4.2' on page 40 undefined on input line 1403.


LaTeX Warning: Reference `Satz 4.2' on page 40 undefined on input line 1403.


LaTeX Warning: Reference `Folgerung 4.4' on page 40 undefined on input line 140
4.


LaTeX Warning: Reference `Satz 1.7' on page 40 undefined on input line 1414.


LaTeX Warning: Reference `Satz 1.7' on page 40 undefined on input line 1414.

[40]

LaTeX Warning: Reference `Satz 3.5' on page 41 undefined on input line 1438.


LaTeX Warning: Reference `Satz 3.7' on page 41 undefined on input line 1440.


LaTeX Warning: Reference `Satz 4.6' on page 41 undefined on input line 1459.


LaTeX Warning: Reference `Satz 4.5' on page 41 undefined on input line 1459.

[41]

LaTeX Warning: Reference `Satz 3.5' on page 42 undefined on input line 1472.


Overfull \hbox (20.52858pt too wide) in paragraph at lines 1479--1481
[]\T1/cmr/m/n/10.95 Sei $\OML/cmm/m/it/10.95 f \OT1/cmr/m/n/10.95 : \OML/cmm/m/
it/10.95 X \OMS/cmsy/m/n/10.95 ! []$ \T1/cmr/m/n/10.95 mess-bar. $\OML/cmm/m/it
/10.95 f$ \T1/cmr/m/n/10.95 heiÿt (Lebesgue-)\T1/cmr/bx/n/10.95 integrierbar \T
1/cmr/m/n/10.95 (über $\OML/cmm/m/it/10.95 X$\T1/cmr/m/n/10.95 ), ge-nau dann w
enn $[][] \OML/cmm/m/it/10.95 f[]\OT1/cmr/m/n/10.95 (\OML/cmm/m/it/10.95 x\OT1/
cmr/m/n/10.95 )[]\OML/cmm/m/it/10.95 x <
[42]

LaTeX Warning: Reference `Satz 4.5' on page 43 undefined on input line 1519.


LaTeX Warning: Reference `Satz 3.4' on page 43 undefined on input line 1540.

[43]

LaTeX Warning: Reference `Satz 4.5' on page 44 undefined on input line 1569.


LaTeX Warning: Reference `Satz 4.9' on page 44 undefined on input line 1572.


LaTeX Warning: Reference `Satz 4.9' on page 44 undefined on input line 1577.


LaTeX Warning: Reference `Satz 4.9' on page 44 undefined on input line 1577.


LaTeX Warning: Reference `Satz 3.5' on page 44 undefined on input line 1579.


LaTeX Warning: Reference `Satz 4.9' on page 44 undefined on input line 1583.


LaTeX Warning: Reference `Satz 4.9' on page 44 undefined on input line 1583.


LaTeX Warning: Reference `Satz 4.5' on page 44 undefined on input line 1589.


LaTeX Warning: Reference `Satz 3.1' on page 44 undefined on input line 1594.


LaTeX Warning: Reference `Satz 3.6' on page 44 undefined on input line 1594.


LaTeX Warning: Reference `Satz 4.9' on page 44 undefined on input line 1596.

[44]

LaTeX Warning: Reference `Satz 4.9' on page 45 undefined on input line 1607.


LaTeX Warning: Reference `Satz 4.11' on page 45 undefined on input line 1627.


LaTeX Warning: Reference `Satz 3.2' on page 45 undefined on input line 1631.


LaTeX Warning: Reference `Satz 4.11' on page 45 undefined on input line 1631.

[45]

LaTeX Warning: Reference `Satz 4.12' on page 46 undefined on input line 1651.


LaTeX Warning: Reference `Kapitel 6' on page 46 undefined on input line 1670.

[46]
\IeC {\textsection } 5.

LaTeX Warning: Reference `Satz 2.7' on page 47 undefined on input line 1694.


LaTeX Warning: Reference `Satz 2.10' on page 47 undefined on input line 1712.

[47]

LaTeX Warning: Reference `Folgerung 4.10' on page 48 undefined on input line 17
48.


LaTeX Warning: Reference `Satz 4.5' on page 48 undefined on input line 1749.


LaTeX Warning: Reference `Satz 4.11' on page 48 undefined on input line 1750.


LaTeX Warning: Reference `Satz 4.9' on page 48 undefined on input line 1750.


LaTeX Warning: Reference `Satz 4.11' on page 48 undefined on input line 1752.


LaTeX Warning: Reference `Satz 5.2' on page 48 undefined on input line 1773.

[48]

LaTeX Warning: Reference `Satz 5.2' on page 49 undefined on input line 1776.


LaTeX Warning: Reference `Satz 4.9' on page 49 undefined on input line 1784.


LaTeX Warning: Reference `Satz 4.9' on page 49 undefined on input line 1784.


LaTeX Warning: Reference `Satz 4.9' on page 49 undefined on input line 1785.


LaTeX Warning: Reference `Satz 4.12' on page 49 undefined on input line 1790.


LaTeX Warning: Reference `Satz 5.2' on page 49 undefined on input line 1790.


LaTeX Warning: Reference `Satz 4.12' on page 49 undefined on input line 1790.


LaTeX Warning: Reference `Satz 4.12' on page 49 undefined on input line 1790.


LaTeX Warning: Reference `Satz 5.2' on page 49 undefined on input line 1790.


LaTeX Warning: Reference `Satz 4.12' on page 49 undefined on input line 1790.


LaTeX Warning: Reference `Satz 5.2' on page 49 undefined on input line 1792.

[49]

LaTeX Warning: Reference `Satz 3.5' on page 50 undefined on input line 1833.


LaTeX Warning: Reference `Lemma 5.1' on page 50 undefined on input line 1835.


LaTeX Warning: Reference `Lemma 5.1' on page 50 undefined on input line 1852.


LaTeX Warning: Reference `Satz 3.5' on page 50 undefined on input line 1860.


LaTeX Warning: Reference `Satz 4.6' on page 50 undefined on input line 1863.


LaTeX Warning: Reference `Satz 5.3' on page 50 undefined on input line 1863.

[50]
\IeC {\textsection } 6.

LaTeX Warning: Reference `Satz 3.5' on page 51 undefined on input line 1890.


LaTeX Warning: Reference `Satz 4.6' on page 51 undefined on input line 1903.


LaTeX Warning: Reference `Satz 4.6' on page 51 undefined on input line 1903.


LaTeX Warning: Reference `Satz 5.3' on page 51 undefined on input line 1911.


LaTeX Warning: Reference `Satz 5.3' on page 51 undefined on input line 1911.


LaTeX Warning: Reference `Satz 5.3' on page 51 undefined on input line 1911.


LaTeX Warning: Reference `Satz 5.3' on page 51 undefined on input line 1911.

[51]

LaTeX Warning: Reference `Satz 6.2' on page 52 undefined on input line 1938.


LaTeX Warning: Reference `Satz 5.4' on page 52 undefined on input line 1945.


LaTeX Warning: Reference `Lemma 5.1' on page 52 undefined on input line 1949.


LaTeX Warning: Reference `Satz 4.9' on page 52 undefined on input line 1957.


LaTeX Warning: Reference `Satz 5.3' on page 52 undefined on input line 1959.


LaTeX Warning: Reference `Folgerung 4.10' on page 52 undefined on input line 19
60.


LaTeX Warning: Reference `Lemma 5.1' on page 52 undefined on input line 1960.


LaTeX Warning: Reference `Satz 4.9' on page 52 undefined on input line 1964.

[52]

LaTeX Warning: Reference `Satz 5.3' on page 53 undefined on input line 1974.


LaTeX Warning: Reference `Lemma 6.1' on page 53 undefined on input line 1987.


LaTeX Warning: Reference `Satz 5.2' on page 53 undefined on input line 1987.


LaTeX Warning: Reference `Lemma 6.1' on page 53 undefined on input line 1987.


LaTeX Warning: Reference `Satz 5.2' on page 53 undefined on input line 1987.


LaTeX Warning: Reference `Satz 4.14' on page 53 undefined on input line 2000.


LaTeX Warning: Reference `Satz 6.2' on page 53 undefined on input line 2001.


LaTeX Warning: Reference `Satz 6.2' on page 53 undefined on input line 2005.

[53]

LaTeX Warning: Reference `Satz 4.14' on page 54 undefined on input line 2013.


LaTeX Warning: Reference `Satz 4.6' on page 54 undefined on input line 2023.


LaTeX Warning: Reference `Satz 4.9' on page 54 undefined on input line 2024.


LaTeX Warning: Reference `Satz 6.2' on page 54 undefined on input line 2025.


LaTeX Warning: Reference `Satz 4.13' on page 54 undefined on input line 2028.


LaTeX Warning: Reference `Satz 4.13' on page 54 undefined on input line 2029.


LaTeX Warning: Reference `Satz 4.13' on page 54 undefined on input line 2031.


LaTeX Warning: Reference `Folgerung 6.3' on page 54 undefined on input line 203
6.

[54]

LaTeX Warning: Reference `Satz 6.2' on page 55 undefined on input line 2061.


LaTeX Warning: Reference `Satz 6.2' on page 55 undefined on input line 2069.


LaTeX Warning: Reference `Satz 6.2' on page 55 undefined on input line 2069.

[55] [56]
\IeC {\textsection } 7.

LaTeX Warning: Reference `Lemma 5.1' on page 57 undefined on input line 2103.


LaTeX Warning: Reference `Satz 6.2' on page 57 undefined on input line 2105.

[57]

LaTeX Warning: Reference `Satz 4.9' on page 58 undefined on input line 2126.


LaTeX Warning: Reference `Satz 7.1' on page 58 undefined on input line 2127.

[58]

LaTeX Warning: Reference `Satz 6.2' on page 59 undefined on input line 2150.

[59] [60]
\IeC {\textsection } 8.

LaTeX Warning: Reference `Satz 3.2' on page 61 undefined on input line 2174.


LaTeX Warning: Reference `Lemma 8.1' on page 61 undefined on input line 2189.

[61]

LaTeX Warning: Reference `Lemma 8.1' on page 62 undefined on input line 2213.


LaTeX Warning: Reference `Lemma 8.1' on page 62 undefined on input line 2229.


LaTeX Warning: Reference `Lemma 8.3' on page 62 undefined on input line 2229.


LaTeX Warning: Reference `Lemma 8.2' on page 62 undefined on input line 2235.

[62]
\IeC {\textsection } 9.

LaTeX Warning: Reference `Satz 9.1' on page 63 undefined on input line 2273.


LaTeX Warning: Reference `Satz 4.13' on page 63 undefined on input line 2281.


LaTeX Warning: Reference `Satz 4.13' on page 63 undefined on input line 2281.


LaTeX Warning: Reference `Satz 4.11' on page 63 undefined on input line 2282.


LaTeX Warning: Reference `Satz 9.1' on page 63 undefined on input line 2287.

[63]

LaTeX Warning: Reference `Satz 4.13' on page 64 undefined on input line 2290.


LaTeX Warning: Reference `Satz 9.1' on page 64 undefined on input line 2295.


LaTeX Warning: Reference `Kapitel 8' on page 64 undefined on input line 2313.


LaTeX Warning: Reference `Satz 2.6' on page 64 undefined on input line 2323.

[64]

LaTeX Warning: Reference `Satz 9.1' on page 65 undefined on input line 2340.


LaTeX Warning: Reference `Satz 5.2' on page 65 undefined on input line 2342.


LaTeX Warning: Reference `Satz 3.4' on page 65 undefined on input line 2359.


LaTeX Warning: Reference `Satz 3.4' on page 65 undefined on input line 2362.

[65]

LaTeX Warning: Reference `Satz 9.1' on page 66 undefined on input line 2384.


LaTeX Warning: Reference `Satz 4.13' on page 66 undefined on input line 2391.


LaTeX Warning: Reference `Satz 4.13' on page 66 undefined on input line 2391.


LaTeX Warning: Reference `Kapitel 3' on page 66 undefined on input line 2395.


LaTeX Warning: Reference `Satz 9.1' on page 66 undefined on input line 2400.

[66] [67] [68]
\IeC {\textsection } 10.

LaTeX Warning: Reference `Satz 9.1' on page 69 undefined on input line 2437.


LaTeX Warning: Reference `Satz 3.6' on page 69 undefined on input line 2438.


LaTeX Warning: Reference `Satz 4.5' on page 69 undefined on input line 2438.


LaTeX Warning: Reference `Satz 4.6' on page 69 undefined on input line 2444.


LaTeX Warning: Reference `Satz 4.6' on page 69 undefined on input line 2445.

[69]

LaTeX Warning: Reference `Satz 10.1' on page 70 undefined on input line 2473.


LaTeX Warning: Reference `Lemma 8.1' on page 70 undefined on input line 2478.


LaTeX Warning: Reference `Satz 10.1' on page 70 undefined on input line 2483.


LaTeX Warning: Reference `Satz 10.1' on page 70 undefined on input line 2489.


LaTeX Warning: Reference `Satz 10.1' on page 70 undefined on input line 2489.


LaTeX Warning: Reference `Satz 4.9' on page 70 undefined on input line 2490.


LaTeX Warning: Reference `Satz 4.10' on page 70 undefined on input line 2491.


LaTeX Warning: Reference `Satz 4.9' on page 70 undefined on input line 2497.


LaTeX Warning: Reference `Folgerung 9.2' on page 70 undefined on input line 250
1.


LaTeX Warning: Reference `Lemma 9.3' on page 70 undefined on input line 2510.


LaTeX Warning: Reference `Satz 5.3' on page 70 undefined on input line 2517.


LaTeX Warning: Reference `Satz 5.3' on page 70 undefined on input line 2517.

[70]

LaTeX Warning: Reference `Satz 10.1' on page 71 undefined on input line 2518.


LaTeX Warning: Reference `Satz 5.3' on page 71 undefined on input line 2524.


LaTeX Warning: Reference `Satz 5.3' on page 71 undefined on input line 2524.


LaTeX Warning: Reference `Satz 4.9' on page 71 undefined on input line 2525.


LaTeX Warning: Reference `Satz 10.1' on page 71 undefined on input line 2534.


LaTeX Warning: Reference `Satz 10.1' on page 71 undefined on input line 2534.


LaTeX Warning: Reference `Lemma 9.3' on page 71 undefined on input line 2546.


LaTeX Warning: Reference `Satz 10.1' on page 71 undefined on input line 2546.


LaTeX Warning: Reference `Satz 10.2' on page 71 undefined on input line 2546.


LaTeX Warning: Reference `Satz 10.1' on page 71 undefined on input line 2550.


LaTeX Warning: Reference `Satz 10.2' on page 71 undefined on input line 2550.


LaTeX Warning: Reference `Satz 10.3' on page 71 undefined on input line 2550.


LaTeX Warning: Reference `Lemma 9.3' on page 71 undefined on input line 2555.


LaTeX Warning: Reference `Satz 3.8' on page 71 undefined on input line 2556.


LaTeX Warning: Reference `Satz 10.1' on page 71 undefined on input line 2556.


LaTeX Warning: Reference `Satz 4.9' on page 71 undefined on input line 2563.


LaTeX Warning: Reference `Satz 10.2' on page 71 undefined on input line 2570.


LaTeX Warning: Reference `Satz 10.2' on page 71 undefined on input line 2570.

[71]

LaTeX Warning: Reference `Satz 4.12' on page 72 undefined on input line 2576.


LaTeX Warning: Reference `Satz 4.13' on page 72 undefined on input line 2581.


LaTeX Warning: Reference `Satz 4.12' on page 72 undefined on input line 2599.


LaTeX Warning: Reference `Lemma 9.3' on page 72 undefined on input line 2607.


LaTeX Warning: Reference `Satz 4.9' on page 72 undefined on input line 2611.


LaTeX Warning: Reference `Satz 10.3' on page 72 undefined on input line 2618.


LaTeX Warning: Reference `Satz 10.3' on page 72 undefined on input line 2618.

[72]

LaTeX Warning: Reference `Satz 10.1' on page 73 undefined on input line 2640.


LaTeX Warning: Reference `Satz 10.1' on page 73 undefined on input line 2640.


LaTeX Warning: Reference `Satz 4.9' on page 73 undefined on input line 2641.

[73]

LaTeX Warning: Reference `Satz 4.14' on page 74 undefined on input line 2676.


LaTeX Warning: Reference `Satz 10.3' on page 74 undefined on input line 2692.


LaTeX Warning: Reference `Satz 10.3' on page 74 undefined on input line 2692.


LaTeX Warning: Reference `Satz 10.3' on page 74 undefined on input line 2700.


LaTeX Warning: Reference `Satz 10.3' on page 74 undefined on input line 2700.

[74] [75] [76]
\IeC {\textsection } 11.

Underfull \hbox (badness 10000) in paragraph at lines 2786--2787

[77]

LaTeX Warning: Reference `Folgerung 11.3' on page 78 undefined on input line 28
16.

[78]

LaTeX Warning: Reference `Satz 11.2' on page 79 undefined on input line 2845.


Overfull \hbox (2.12668pt too wide) in paragraph at lines 2843--2846
[]\T1/cmr/m/n/10.95 Ist ein In-te-gral der Form $[][] \OML/cmm/m/it/10.95 f\OT1
/cmr/m/n/10.95 (\OML/cmm/m/it/10.95 x; y\OT1/cmr/m/n/10.95 )\OML/cmm/m/it/10.95
 d\OT1/cmr/m/n/10.95 (\OML/cmm/m/it/10.95 x; y\OT1/cmr/m/n/10.95 )$

LaTeX Warning: Reference `Kapitel 10' on page 79 undefined on input line 2861.


LaTeX Warning: Reference `Kapitel 10' on page 79 undefined on input line 2861.


LaTeX Warning: Reference `Kapitel 10' on page 79 undefined on input line 2874.


LaTeX Warning: Reference `Kapitel 10' on page 79 undefined on input line 2874.

[79]

LaTeX Warning: Reference `Kapitel 10' on page 80 undefined on input line 2887.


LaTeX Warning: Reference `Kapitel 10' on page 80 undefined on input line 2887.

[80]

LaTeX Warning: Reference `Satz 11.2' on page 81 undefined on input line 2924.


Overfull \hbox (39.816pt too wide) in paragraph at lines 2923--2925
[]\T1/cmr/m/n/10.95 Ist ein In-te-gral der Form $[][] \OML/cmm/m/it/10.95 f\OT1
/cmr/m/n/10.95 (\OML/cmm/m/it/10.95 x; y; z\OT1/cmr/m/n/10.95 )\OML/cmm/m/it/10
.95 d\OT1/cmr/m/n/10.95 (\OML/cmm/m/it/10.95 x; y; z\OT1/cmr/m/n/10.95 )$

Overfull \hbox (45.90694pt too wide) in paragraph at lines 2938--2938
[] 

LaTeX Warning: Reference `Satz 11.2' on page 81 undefined on input line 2950.


Overfull \hbox (26.06529pt too wide) in paragraph at lines 2949--2951
[]\T1/cmr/m/n/10.95 Ist ein In-te-gral der Form $[][] \OML/cmm/m/it/10.95 f\OT1
/cmr/m/n/10.95 (\OML/cmm/m/it/10.95 x; y; z\OT1/cmr/m/n/10.95 )\OML/cmm/m/it/10
.95 d\OT1/cmr/m/n/10.95 (\OML/cmm/m/it/10.95 x; y; z\OT1/cmr/m/n/10.95 )$
[81] [82]
\IeC {\textsection } 12.
[83] [84]
\IeC {\textsection } 13.

Package hyperref Warning: Token not allowed in a PDF string (PDFDocEncoding):
(hyperref)                removing `math shift' on input line 3023.


Package hyperref Warning: Token not allowed in a PDF string (PDFDocEncoding):
(hyperref)                removing `superscript' on input line 3023.


Package hyperref Warning: Token not allowed in a PDF string (PDFDocEncoding):
(hyperref)                removing `math shift' on input line 3023.


LaTeX Warning: Reference `Satz 13.1' on page 85 undefined on input line 3050.


LaTeX Warning: Reference `Satz 13.1' on page 85 undefined on input line 3050.

[85]
Underfull \hbox (badness 10000) in paragraph at lines 3085--3086

[86]
\IeC {\textsection } 14.

Package hyperref Warning: Token not allowed in a PDF string (PDFDocEncoding):
(hyperref)                removing `math shift' on input line 3092.


Package hyperref Warning: Token not allowed in a PDF string (PDFDocEncoding):
(hyperref)                removing `superscript' on input line 3092.


Package hyperref Warning: Token not allowed in a PDF string (PDFDocEncoding):
(hyperref)                removing `math shift' on input line 3092.

[87] [88]
\IeC {\textsection } 15.
[89] [90]
\IeC {\textsection } 16.

Package hyperref Warning: Token not allowed in a PDF string (PDFDocEncoding):
(hyperref)                removing `math shift' on input line 3249.


Package hyperref Warning: Token not allowed in a PDF string (PDFDocEncoding):
(hyperref)                removing `superscript' on input line 3249.


Package hyperref Warning: Token not allowed in a PDF string (PDFDocEncoding):
(hyperref)                removing `math shift' on input line 3249.


Package hyperref Warning: Token not allowed in a PDF string (PDFDocEncoding):
(hyperref)                removing `math shift' on input line 3249.


Package hyperref Warning: Token not allowed in a PDF string (PDFDocEncoding):
(hyperref)                removing `superscript' on input line 3249.


Package hyperref Warning: Token not allowed in a PDF string (PDFDocEncoding):
(hyperref)                removing `math shift' on input line 3249.

[91]

LaTeX Warning: Reference `Satz 4.14' on page 92 undefined on input line 3311.


LaTeX Warning: Reference `Satz 4.14' on page 92 undefined on input line 3314.


LaTeX Warning: Reference `Satz 5.2' on page 92 undefined on input line 3360.

[92]

LaTeX Warning: Reference `Satz 4.11' on page 93 undefined on input line 3384.


LaTeX Warning: Reference `Satz 4.9' on page 93 undefined on input line 3398.


Underfull \hbox (badness 10000) in paragraph at lines 3397--3399

[93]

LaTeX Warning: Reference `Satz 16.1' on page 94 undefined on input line 3439.


LaTeX Warning: Reference `Satz 4.14' on page 94 undefined on input line 3456.

[94]

LaTeX Warning: Reference `Satz 16.2' on page 95 undefined on input line 3462.


LaTeX Warning: Reference `Satz 4.14' on page 95 undefined on input line 3463.


LaTeX Warning: Reference `Satz 16.1' on page 95 undefined on input line 3486.


LaTeX Warning: Reference `Satz 6.2' on page 95 undefined on input line 3491.


LaTeX Warning: Reference `Satz 16.1' on page 95 undefined on input line 3495.

[95]

LaTeX Warning: Reference `Satz 16.1' on page 96 undefined on input line 3526.

[96]

LaTeX Warning: Reference `Satz 16.4' on page 97 undefined on input line 3576.


LaTeX Warning: Reference `Satz 16.4' on page 97 undefined on input line 3591.

[97]

LaTeX Warning: Reference `Satz 6.2' on page 98 undefined on input line 3617.


LaTeX Warning: Reference `Satz 6.2' on page 98 undefined on input line 3617.


LaTeX Warning: Reference `Satz 5.2' on page 98 undefined on input line 3618.


LaTeX Warning: Reference `Satz 16.1' on page 98 undefined on input line 3640.


LaTeX Warning: Reference `Satz 16.3' on page 98 undefined on input line 3642.

[98]

LaTeX Warning: Reference `Satz 16.4' on page 99 undefined on input line 3668.


LaTeX Warning: Reference `Satz 16.4' on page 99 undefined on input line 3669.


LaTeX Warning: Reference `Satz 16.5' on page 99 undefined on input line 3695.


LaTeX Warning: Reference `Satz 16.4' on page 99 undefined on input line 3705.

[99] [100] [101]

LaTeX Warning: Reference `Satz 4.9' on page 102 undefined on input line 3810.


LaTeX Warning: Reference `Satz 6.2' on page 102 undefined on input line 3815.


LaTeX Warning: Reference `Satz 4.12' on page 102 undefined on input line 3840.

[102]
\IeC {\textsection } 17.

Overfull \hbox (3.88815pt too wide) in paragraph at lines 3874--3876
$\U/euf/m/n/10.95 L[]\OT1/cmr/m/n/10.95 (\OML/cmm/m/it/10.95 X; \U/msb/m/n/10.9
5 C\OT1/cmr/m/n/10.95 )$ \T1/cmr/m/n/10.95 ist ein kom-ple-xer Vek-tor-raum (si
e-he 17.1) und $\OMS/cmsy/m/n/10.95 N$ \T1/cmr/m/n/10.95 ist ein Un-ter-vek-tor
-raum von $\U/euf/m/n/10.95 L[]\OT1/cmr/m/n/10.95 (\OML/cmm/m/it/10.95 X; \U/ms
b/m/n/10.95 C\OT1/cmr/m/n/10.95 )$\T1/cmr/m/n/10.95 . 
[103]

LaTeX Warning: Reference `Satz 16.1' on page 104 undefined on input line 3915.


LaTeX Warning: Reference `Satz 16.3' on page 104 undefined on input line 3915.


LaTeX Warning: Reference `Beispiel 16.6' on page 104 undefined on input line 39
15.


Overfull \hbox (1.20503pt too wide) in paragraph at lines 3940--3944
\T1/cmr/m/n/10.95 Insbesondere ist $\OMS/cmsy/m/n/10.95 k\OML/cmm/m/it/10.95 b[
]\OMS/cmsy/m/n/10.95 k[] \OT1/cmr/m/n/10.95 = 1$\T1/cmr/m/n/10.95 . Das heiÿt $
\OMS/cmsy/m/n/10.95 f\OML/cmm/m/it/10.95 b[] \OMS/cmsy/m/n/10.95 j \OML/cmm/m/i
t/10.95 k \OMS/cmsy/m/n/10.95 2 \U/msb/m/n/10.95 Z\OMS/cmsy/m/n/10.95 g$ \T1/cm
r/m/n/10.95 ist ein \T1/cmr/bx/n/10.95 Or-tho-nor-mal-sys-tem \T1/cmr/m/n/10.95
 in $\OML/cmm/m/it/10.95 L[]\OT1/cmr/m/n/10.95 ([0\OML/cmm/m/it/10.95 ; \OT1/cm
r/m/n/10.95 2\OML/cmm/m/it/10.95 ^^Y\OT1/cmr/m/n/10.95 ]\OML/cmm/m/it/10.95 ; \
U/msb/m/n/10.95 C\OT1/cmr/m/n/10.95 )$\T1/cmr/m/n/10.95 .
[104]

LaTeX Warning: Reference `Beispiel 17.2' on page 105 undefined on input line 39
66.


LaTeX Warning: Reference `Satz 18.5' on page 105 undefined on input line 3971.

[105] [106]
\IeC {\textsection } 18.

LaTeX Warning: Reference `Beispiel 17.2' on page 107 undefined on input line 39
79.


LaTeX Warning: Reference `Beispiel 16.6' on page 107 undefined on input line 39
98.

[107] [108]

LaTeX Warning: Reference `Satz 16.2' on page 109 undefined on input line 4101.


LaTeX Warning: Reference `Bemerkung 18.3' on page 109 undefined on input line 4
116.


LaTeX Warning: Reference `Satz 18.2' on page 109 undefined on input line 4138.


LaTeX Warning: Reference `Satz 16.8' on page 109 undefined on input line 4139.


LaTeX Warning: Reference `Satz 18.4' on page 109 undefined on input line 4141.

[109]
Underfull \hbox (badness 10000) in paragraph at lines 4170--4173


LaTeX Warning: Reference `Satz 18.5' on page 110 undefined on input line 4177.

[110]

LaTeX Warning: Reference `Satz 18.5' on page 111 undefined on input line 4239.


LaTeX Warning: Reference `Satz 16.5' on page 111 undefined on input line 4242.

[111]

LaTeX Warning: Reference `Satz 18.7' on page 112 undefined on input line 4249.


LaTeX Warning: Reference `Satz 18.6' on page 112 undefined on input line 4249.


LaTeX Warning: Reference `Satz 18.7' on page 112 undefined on input line 4257.


LaTeX Warning: Reference `Satz 18.7' on page 112 undefined on input line 4280.


LaTeX Warning: Reference `Satz 18.7' on page 112 undefined on input line 4282.


LaTeX Warning: Reference `Satz 18.8' on page 112 undefined on input line 4282.

[112]

LaTeX Warning: Reference `Satz 18.9' on page 113 undefined on input line 4294.


LaTeX Warning: Reference `Satz 18.7' on page 113 undefined on input line 4294.

[113] [114]
Anhang A.
** Generating table of satz,wichtigedefinition
No file Ana3Bachelor.thm.
No file Ana3Bachelor.ind.
[115] [116]
Anhang B.

Underfull \hbox (badness 10000) in paragraph at lines 4316--4335

[117] (./Ana3Bachelor.aux)

Package rerunfilecheck Warning: File `Ana3Bachelor.out' has changed.
(rerunfilecheck)                Rerun to get outlines right
(rerunfilecheck)                or use package `bookmark'.


LaTeX Font Warning: Some font shapes were not available, defaults substituted.


LaTeX Warning: There were undefined references.


LaTeX Warning: Label(s) may have changed. Rerun to get cross-references right.

 )
(see the transcript file for additional information){/usr/share/texmf/fonts/enc
/dvips/cm-super/cm-super-t1.enc}</usr/share/texlive/texmf-dist/fonts/type1/publ
ic/amsfonts/cm/cmbsy10.pfb></usr/share/texlive/texmf-dist/fonts/type1/public/am
sfonts/cm/cmbx8.pfb></usr/share/texlive/texmf-dist/fonts/type1/public/amsfonts/
cm/cmex10.pfb></usr/share/texlive/texmf-dist/fonts/type1/public/amsfonts/cmextr
a/cmex8.pfb></usr/share/texlive/texmf-dist/fonts/type1/public/amsfonts/cm/cmmi1
0.pfb></usr/share/texlive/texmf-dist/fonts/type1/public/amsfonts/cm/cmmi12.pfb>
</usr/share/texlive/texmf-dist/fonts/type1/public/amsfonts/cm/cmmi6.pfb></usr/s
hare/texlive/texmf-dist/fonts/type1/public/amsfonts/cm/cmmi8.pfb></usr/share/te
xlive/texmf-dist/fonts/type1/public/amsfonts/cm/cmmib10.pfb></usr/share/texlive
/texmf-dist/fonts/type1/public/amsfonts/cmextra/cmmib8.pfb></usr/share/texlive/
texmf-dist/fonts/type1/public/amsfonts/cm/cmr10.pfb></usr/share/texlive/texmf-d
ist/fonts/type1/public/amsfonts/cm/cmr12.pfb></usr/share/texlive/texmf-dist/fon
ts/type1/public/amsfonts/cm/cmr17.pfb></usr/share/texlive/texmf-dist/fonts/type
1/public/amsfonts/cm/cmr6.pfb></usr/share/texlive/texmf-dist/fonts/type1/public
/amsfonts/cm/cmr8.pfb></usr/share/texlive/texmf-dist/fonts/type1/public/amsfont
s/cm/cmsy10.pfb></usr/share/texlive/texmf-dist/fonts/type1/public/amsfonts/cm/c
msy6.pfb></usr/share/texlive/texmf-dist/fonts/type1/public/amsfonts/cm/cmsy8.pf
b></usr/share/texlive/texmf-dist/fonts/type1/public/doublestroke/dsrom10.pfb></
usr/share/texlive/texmf-dist/fonts/type1/public/amsfonts/euler/eufb10.pfb></usr
/share/texlive/texmf-dist/fonts/type1/public/amsfonts/euler/eufm10.pfb></usr/sh
are/texlive/texmf-dist/fonts/type1/public/amsfonts/symbols/msam10.pfb></usr/sha
re/texlive/texmf-dist/fonts/type1/public/amsfonts/symbols/msbm10.pfb></usr/shar
e/texmf/fonts/type1/public/cm-super/sfbx0600.pfb></usr/share/texmf/fonts/type1/
public/cm-super/sfbx0800.pfb></usr/share/texmf/fonts/type1/public/cm-super/sfbx
1095.pfb></usr/share/texmf/fonts/type1/public/cm-super/sfrm0600.pfb></usr/share
/texmf/fonts/type1/public/cm-super/sfrm0800.pfb></usr/share/texmf/fonts/type1/p
ublic/cm-super/sfrm1095.pfb></usr/share/texmf/fonts/type1/public/cm-super/sfrm1
440.pfb></usr/share/texmf/fonts/type1/public/cm-super/sfsl1095.pfb></usr/share/
texmf/fonts/type1/public/cm-super/sfsx1095.pfb></usr/share/texmf/fonts/type1/pu
blic/cm-super/sfsx1440.pfb></usr/share/texmf/fonts/type1/public/cm-super/sfsx20
74.pfb></usr/share/texmf/fonts/type1/public/cm-super/sfti1095.pfb></usr/share/t
exmf/fonts/type1/public/cm-super/sftt1095.pfb></usr/share/texmf/fonts/type1/pub
lic/cm-super/sftt1440.pfb></usr/share/texlive/texmf-dist/fonts/type1/public/was
y/wasy10.pfb>
Output written on Ana3Bachelor.pdf (117 pages, 812088 bytes).
Transcript written on Ana3Bachelor.log.
Result: ExitSuccess

Running /usr/bin/makeindex WS10/Ana3Bachelor.idx in an env with 4 entries:
This is makeindex, version 2.15 [TeX Live 2013] (kpathsea + Thai support).
Scanning input file WS10/Ana3Bachelor.idx....done (94 entries accepted, 0 rejected).
Sorting entries....done (661 comparisons).
Generating output file WS10/Ana3Bachelor.ind....done (157 lines written, 0 warnings).
Output written in WS10/Ana3Bachelor.ind.
Transcript written in WS10/Ana3Bachelor.ilg.
Result: ExitSuccess

Running /usr/bin/pdflatex Ana3Bachelor.tex in an env with 4 entries:
This is pdfTeX, Version 3.1415926-2.5-1.40.14 (TeX Live 2013/Debian)
 restricted \write18 enabled.
entering extended mode
(../data/WS10/Ana3Bachelor.tex
LaTeX2e <2011/06/27>
Babel <3.9h> and hyphenation patterns for 78 languages loaded.
(/usr/share/texlive/texmf-dist/tex/latex/koma-script/scrbook.cls
Document Class: scrbook 2013/12/19 v3.12 KOMA-Script document class (book)
(/usr/share/texlive/texmf-dist/tex/latex/koma-script/scrkbase.sty
(/usr/share/texlive/texmf-dist/tex/latex/koma-script/scrbase.sty
(/usr/share/texlive/texmf-dist/tex/latex/graphics/keyval.sty)
(/usr/share/texlive/texmf-dist/tex/latex/koma-script/scrlfile.sty
Package scrlfile, 2013/12/19 v3.12 KOMA-Script package (loading files)
                  Copyright (C) Markus Kohm

))) (/usr/share/texlive/texmf-dist/tex/latex/koma-script/tocbasic.sty)
(/usr/share/texlive/texmf-dist/tex/latex/koma-script/scrsize11pt.clo)
(/usr/share/texlive/texmf-dist/tex/latex/koma-script/typearea.sty
Package typearea, 2013/12/19 v3.12 KOMA-Script package (type area)
                  Copyright (C) Frank Neukam, 1992-1994
                  Copyright (C) Markus Kohm, 1994-

)) (../data/ana.sty (../data/mathe.sty (../data/latexki.sty)
(/usr/share/texlive/texmf-dist/tex/latex/base/inputenc.sty
(/usr/share/texlive/texmf-dist/tex/latex/base/utf8.def
(/usr/share/texlive/texmf-dist/tex/latex/base/t1enc.dfu)
(/usr/share/texlive/texmf-dist/tex/latex/base/ot1enc.dfu)
(/usr/share/texlive/texmf-dist/tex/latex/base/omsenc.dfu)))
(/usr/share/texlive/texmf-dist/tex/generic/babel/babel.sty
(/usr/share/texlive/texmf-dist/tex/generic/babel-german/ngermanb.ldf
(/usr/share/texlive/texmf-dist/tex/generic/babel/babel.def)))
(/usr/share/texlive/texmf-dist/tex/latex/base/fontenc.sty
(/usr/share/texlive/texmf-dist/tex/latex/base/t1enc.def))
(/usr/share/texlive/texmf-dist/tex/latex/amsfonts/amsfonts.sty)
(/usr/share/texlive/texmf-dist/tex/latex/amsfonts/amssymb.sty)
(/usr/share/texlive/texmf-dist/tex/latex/amsmath/amsmath.sty
For additional information on amsmath, use the `?' option.
(/usr/share/texlive/texmf-dist/tex/latex/amsmath/amstext.sty
(/usr/share/texlive/texmf-dist/tex/latex/amsmath/amsgen.sty))
(/usr/share/texlive/texmf-dist/tex/latex/amsmath/amsbsy.sty)
(/usr/share/texlive/texmf-dist/tex/latex/amsmath/amsopn.sty))
(/usr/share/texlive/texmf-dist/tex/latex/stmaryrd/stmaryrd.sty)
(/usr/share/texlive/texmf-dist/tex/latex/tools/verbatim.sty)
(/usr/share/texlive/texmf-dist/tex/latex/base/ifthen.sty)
(/usr/share/texlive/texmf-dist/tex/latex/ntheorem/ntheorem.sty
Style `ntheorem', Version 1.33 <2011/08/15>
) (/usr/share/texlive/texmf-dist/tex/latex/framed/framed.sty)
(/usr/share/texlive/texmf-dist/tex/latex/pstricks/pstricks.sty
(/usr/share/texlive/texmf-dist/tex/generic/oberdiek/ifpdf.sty)
(/usr/share/texlive/texmf-dist/tex/generic/pstricks/pstricks.tex
(/usr/share/texlive/texmf-dist/tex/generic/xkeyval/pst-xkey.tex
(/usr/share/texlive/texmf-dist/tex/latex/xkeyval/xkeyval.sty
(/usr/share/texlive/texmf-dist/tex/generic/xkeyval/xkeyval.tex)))
(/usr/share/texlive/texmf-dist/tex/generic/pstricks/pst-fp.tex
`pst-fp' v0.05, 2010/01/17 (hv))
(/usr/share/texmf/tex/generic/pgf/utilities/pgfutil-common.tex)
(/usr/share/texmf/tex/generic/pgf/utilities/pgfkeys.code.tex
(/usr/share/texmf/tex/generic/pgf/utilities/pgfkeysfiltered.code.tex))
(/usr/share/texmf/tex/generic/pgf/utilities/pgffor.code.tex)
`PSTricks' v2.51  <2014/02/03> (tvz)
(/usr/share/texlive/texmf-dist/tex/generic/pstricks/pstricks.con))
(/usr/share/texlive/texmf-dist/tex/generic/pstricks/pst-fp.tex)
(/usr/share/texmf/tex/latex/xcolor/xcolor.sty
(/usr/share/texlive/texmf-dist/tex/latex/latexconfig/color.cfg)
(/usr/share/texlive/texmf-dist/tex/latex/pdftex-def/pdftex.def
(/usr/share/texlive/texmf-dist/tex/generic/oberdiek/infwarerr.sty)
(/usr/share/texlive/texmf-dist/tex/generic/oberdiek/ltxcmds.sty))))
(/usr/share/texlive/texmf-dist/tex/latex/carlisle/slashed.sty)
(/usr/share/texlive/texmf-dist/tex/latex/base/makeidx.sty)
(/usr/share/texlive/texmf-dist/tex/latex/wasysym/wasysym.sty)
(/usr/share/texlive/texmf-dist/tex/latex/jknapltx/mathrsfs.sty)
(/usr/share/texlive/texmf-dist/tex/latex/mh/mathtools.sty
(/usr/share/texlive/texmf-dist/tex/latex/tools/calc.sty)
(/usr/share/texlive/texmf-dist/tex/latex/mh/mhsetup.sty))
(/usr/share/texlive/texmf-dist/tex/latex/doublestroke/dsfont.sty)
(/usr/share/texlive/texmf-dist/tex/latex/hyperref/hyperref.sty
(/usr/share/texlive/texmf-dist/tex/generic/oberdiek/hobsub-hyperref.sty
(/usr/share/texlive/texmf-dist/tex/generic/oberdiek/hobsub-generic.sty))
(/usr/share/texlive/texmf-dist/tex/generic/ifxetex/ifxetex.sty)
(/usr/share/texlive/texmf-dist/tex/latex/oberdiek/auxhook.sty)
(/usr/share/texlive/texmf-dist/tex/latex/oberdiek/kvoptions.sty)
(/usr/share/texlive/texmf-dist/tex/latex/hyperref/pd1enc.def)
(/usr/share/texlive/texmf-dist/tex/latex/latexconfig/hyperref.cfg)
(/usr/share/texlive/texmf-dist/tex/latex/url/url.sty))

Package hyperref Message: Driver (autodetected): hpdftex.

(/usr/share/texlive/texmf-dist/tex/latex/hyperref/hpdftex.def
(/usr/share/texlive/texmf-dist/tex/latex/oberdiek/rerunfilecheck.sty))
(/usr/share/texlive/texmf-dist/tex/latex/etex-pkg/etex.sty))
(../data/saetze-schmoeger.sty))
(/usr/share/texlive/texmf-dist/tex/latex/physics/physics.sty
(/usr/share/texlive/texmf-dist/tex/latex/l3packages/xparse/xparse.sty
(/usr/share/texlive/texmf-dist/tex/latex/l3kernel/expl3.sty
(/usr/share/texlive/texmf-dist/tex/latex/l3kernel/l3names.sty
(/usr/share/texlive/texmf-dist/tex/latex/l3kernel/l3bootstrap.sty))
(/usr/share/texlive/texmf-dist/tex/latex/l3kernel/l3basics.sty)
(/usr/share/texlive/texmf-dist/tex/latex/l3kernel/l3expan.sty)
(/usr/share/texlive/texmf-dist/tex/latex/l3kernel/l3tl.sty)
(/usr/share/texlive/texmf-dist/tex/latex/l3kernel/l3seq.sty)
(/usr/share/texlive/texmf-dist/tex/latex/l3kernel/l3int.sty)
(/usr/share/texlive/texmf-dist/tex/latex/l3kernel/l3quark.sty)
(/usr/share/texlive/texmf-dist/tex/latex/l3kernel/l3prg.sty)
(/usr/share/texlive/texmf-dist/tex/latex/l3kernel/l3clist.sty)
(/usr/share/texlive/texmf-dist/tex/latex/l3kernel/l3token.sty)
(/usr/share/texlive/texmf-dist/tex/latex/l3kernel/l3prop.sty)
(/usr/share/texlive/texmf-dist/tex/latex/l3kernel/l3msg.sty)
(/usr/share/texlive/texmf-dist/tex/latex/l3kernel/l3file.sty)
(/usr/share/texlive/texmf-dist/tex/latex/l3kernel/l3skip.sty)
(/usr/share/texlive/texmf-dist/tex/latex/l3kernel/l3keys.sty)
(/usr/share/texlive/texmf-dist/tex/latex/l3kernel/l3fp.sty)
(/usr/share/texlive/texmf-dist/tex/latex/l3kernel/l3box.sty)
(/usr/share/texlive/texmf-dist/tex/latex/l3kernel/l3coffins.sty)
(/usr/share/texlive/texmf-dist/tex/latex/l3kernel/l3color.sty)
(/usr/share/texlive/texmf-dist/tex/latex/l3kernel/l3luatex.sty)
(/usr/share/texlive/texmf-dist/tex/latex/l3kernel/l3candidates.sty)))
*************************************************
* LaTeX warning: "xparse/redefine-command"
* 
* Redefining document command \cp with arg. spec. '' on line 222.
*************************************************
*************************************************
* LaTeX warning: "xparse/redefine-command"
* 
* Redefining document command \grad with arg. spec. '' on line 233.
*************************************************
*************************************************
* LaTeX warning: "xparse/redefine-command"
* 
* Redefining document command \Re with arg. spec. 'g' on line 277.
*************************************************
*************************************************
* LaTeX warning: "xparse/redefine-command"
* 
* Redefining document command \Im with arg. spec. 'g' on line 278.
*************************************************
*************************************************
* LaTeX warning: "xparse/redefine-command"
* 
* Redefining document command \sin with arg. spec. '' on line 309.
*************************************************
*************************************************
* LaTeX warning: "xparse/redefine-command"
* 
* Redefining document command \cos with arg. spec. '' on line 310.
*************************************************
*************************************************
* LaTeX warning: "xparse/redefine-command"
* 
* Redefining document command \tan with arg. spec. '' on line 311.
*************************************************
*************************************************
* LaTeX warning: "xparse/redefine-command"
* 
* Redefining document command \csc with arg. spec. '' on line 312.
*************************************************
*************************************************
* LaTeX warning: "xparse/redefine-command"
* 
* Redefining document command \sec with arg. spec. '' on line 313.
*************************************************
*************************************************
* LaTeX warning: "xparse/redefine-command"
* 
* Redefining document command \cot with arg. spec. '' on line 314.
*************************************************
*************************************************
* LaTeX warning: "xparse/redefine-command"
* 
* Redefining document command \arcsin with arg. spec. '' on line 316.
*************************************************
*************************************************
* LaTeX warning: "xparse/redefine-command"
* 
* Redefining document command \arccos with arg. spec. '' on line 317.
*************************************************
*************************************************
* LaTeX warning: "xparse/redefine-command"
* 
* Redefining document command \arctan with arg. spec. '' on line 318.
*************************************************
*************************************************
* LaTeX warning: "xparse/redefine-command"
* 
* Redefining document command \sinh with arg. spec. '' on line 339.
*************************************************
*************************************************
* LaTeX warning: "xparse/redefine-command"
* 
* Redefining document command \cosh with arg. spec. '' on line 340.
*************************************************
*************************************************
* LaTeX warning: "xparse/redefine-command"
* 
* Redefining document command \tanh with arg. spec. '' on line 341.
*************************************************
*************************************************
* LaTeX warning: "xparse/redefine-command"
* 
* Redefining document command \coth with arg. spec. '' on line 346.
*************************************************
*************************************************
* LaTeX warning: "xparse/redefine-command"
* 
* Redefining document command \exp with arg. spec. '' on line 348.
*************************************************
*************************************************
* LaTeX warning: "xparse/redefine-command"
* 
* Redefining document command \log with arg. spec. '' on line 349.
*************************************************
*************************************************
* LaTeX warning: "xparse/redefine-command"
* 
* Redefining document command \ln with arg. spec. '' on line 350.
*************************************************
*************************************************
* LaTeX warning: "xparse/redefine-command"
* 
* Redefining document command \det with arg. spec. '' on line 351.
*************************************************
*************************************************
* LaTeX warning: "xparse/redefine-command"
* 
* Redefining document command \Pr with arg. spec. '' on line 352.
*************************************************
)
Writing index file Ana3Bachelor.idx
(./Ana3Bachelor.aux)
(/usr/share/texlive/texmf-dist/tex/latex/graphics/graphics.sty
(/usr/share/texlive/texmf-dist/tex/latex/graphics/trig.sty)
(/usr/share/texlive/texmf-dist/tex/latex/latexconfig/graphics.cfg))
(/usr/share/texlive/texmf-dist/tex/latex/oberdiek/epstopdf-base.sty
(/usr/share/texlive/texmf-dist/tex/latex/oberdiek/grfext.sty)
(/usr/share/texlive/texmf-dist/tex/latex/latexconfig/epstopdf-sys.cfg))
(/usr/share/texlive/texmf-dist/tex/context/base/supp-pdf.mkii
[Loading MPS to PDF converter (version 2006.09.02).]
) (/usr/share/texlive/texmf-dist/tex/latex/graphics/graphicx.sty)
(/usr/share/texlive/texmf-dist/tex/latex/hyperref/nameref.sty
(/usr/share/texlive/texmf-dist/tex/generic/oberdiek/gettitlestring.sty))
(./Ana3Bachelor.out) (./Ana3Bachelor.out)
(/usr/share/texlive/texmf-dist/tex/latex/base/t1cmss.fd)
(/usr/share/texlive/texmf-dist/tex/latex/amsfonts/umsa.fd)
(/usr/share/texlive/texmf-dist/tex/latex/amsfonts/umsb.fd)
(/usr/share/texlive/texmf-dist/tex/latex/stmaryrd/Ustmry.fd)
(/usr/share/texlive/texmf-dist/tex/latex/wasysym/uwasy.fd)
(/usr/share/texlive/texmf-dist/tex/latex/jknapltx/ursfs.fd)
(/usr/share/texlive/texmf-dist/tex/latex/base/t1cmtt.fd) [1
Non-PDF special ignored!
Non-PDF special ignored!
Non-PDF special ignored!
Non-PDF special ignored!
Non-PDF special ignored!
Non-PDF special ignored!
Non-PDF special ignored!{/var/lib/texmf/fonts/map/pdftex/updmap/pdftex.map}]
[2] (./Ana3Bachelor.toc
(/usr/share/texlive/texmf-dist/tex/latex/amsfonts/ueuf.fd) [3]) [4]
Kapitel I.
[5] [6]
\IeC {\textsection } 0.
(/usr/share/texlive/texmf-dist/tex/latex/doublestroke/Udsrom.fd) [7] [8]
\IeC {\textsection } 1.

Package hyperref Warning: Token not allowed in a PDF string (PDFDocEncoding):
(hyperref)                removing `math shift' on input line 74.


Package hyperref Warning: Token not allowed in a PDF string (PDFDocEncoding):
(hyperref)                removing `\sigma' on input line 74.


Package hyperref Warning: Token not allowed in a PDF string (PDFDocEncoding):
(hyperref)                removing `math shift' on input line 74.

[9] [10]

LaTeX Font Warning: Font shape `U/stmry/b/n' undefined
(Font)              using `U/stmry/m/n' instead on input line 228.


LaTeX Font Warning: Font shape `U/wasy/b/n' in size <8> not available
(Font)              Font shape `U/wasy/m/n' tried instead on input line 228.


LaTeX Font Warning: Font shape `U/wasy/b/n' in size <6> not available
(Font)              Font shape `U/wasy/m/n' tried instead on input line 228.

[11] [12] [13] [14] [15] [16]
\IeC {\textsection } 2.
[17] [18]
Overfull \hbox (0.17937pt too wide) in paragraph at lines 549--553
[]\T1/cmr/m/n/10.95 Aus Lem-ma [][]2.1[][] folgt: Es exis-tiert $\OMS/cmsy/m/n/
10.95 f\OML/cmm/m/it/10.95 I[]; [] ; I[]\OMS/cmsy/m/n/10.95 g ^^R I[]$ \T1/cmr/
m/n/10.95 dis-junkt und es exis-tiert $\OMS/cmsy/m/n/10.95 f\OML/cmm/m/it/10.95
 I[]; [] ; I[]\OMS/cmsy/m/n/10.95 g ^^R
[19] [20] [21] [22] [23] [24] [25] [26]
\IeC {\textsection } 3.

Overfull \hbox (9.84479pt too wide) in paragraph at lines 906--908
[]\T1/cmr/m/n/10.95 Sei $\OML/cmm/m/it/10.95 C \OMS/cmsy/m/n/10.95 2 \U/euf/m/n
/10.95 C$\T1/cmr/m/n/10.95 ; $\OML/cmm/m/it/10.95 g$ \T1/cmr/m/n/10.95 ist mess
-bar, dar-aus folgt $\OML/cmm/m/it/10.95 g[]\OT1/cmr/m/n/10.95 (\OML/cmm/m/it/1
0.95 C\OT1/cmr/m/n/10.95 ) \OMS/cmsy/m/n/10.95 2 \U/euf/m/n/10.95 B$\T1/cmr/m/n
/10.95 ; $\OML/cmm/m/it/10.95 f$ \T1/cmr/m/n/10.95 ist mess-bar, dar-aus folgt 
$\OML/cmm/m/it/10.95 f[]\OT1/cmr/m/n/10.95 (\OML/cmm/m/it/10.95 g[]\OT1/cmr/m/n
/10.95 (\OML/cmm/m/it/10.95 C\OT1/cmr/m/n/10.95 )) =
[27] [28]
Overfull \hbox (14.67358pt too wide) in paragraph at lines 973--974
[]$\OML/cmm/m/it/10.95 A \OT1/cmr/m/n/10.95 := \OMS/cmsy/m/n/10.95 f\OML/cmm/m/
it/10.95 x \OMS/cmsy/m/n/10.95 2 \OML/cmm/m/it/10.95 X \OMS/cmsy/m/n/10.95 j \O
ML/cmm/m/it/10.95 f\OT1/cmr/m/n/10.95 (\OML/cmm/m/it/10.95 x\OT1/cmr/m/n/10.95 
) \OMS/cmsy/m/n/10.95 ^^U \OML/cmm/m/it/10.95 g\OT1/cmr/m/n/10.95 (\OML/cmm/m/i
t/10.95 x\OT1/cmr/m/n/10.95 )\OMS/cmsy/m/n/10.95 g \OT1/cmr/m/n/10.95 = \OMS/cm
sy/m/n/10.95 f\OML/cmm/m/it/10.95 x \OMS/cmsy/m/n/10.95 2 \OML/cmm/m/it/10.95 X
 \OMS/cmsy/m/n/10.95 j \OML/cmm/m/it/10.95 f\OT1/cmr/m/n/10.95 (\OML/cmm/m/it/1
0.95 x\OT1/cmr/m/n/10.95 ) \OMS/cmsy/m/n/10.95 ^^@ \OML/cmm/m/it/10.95 g\OT1/cm
r/m/n/10.95 (\OML/cmm/m/it/10.95 x\OT1/cmr/m/n/10.95 ) \OMS/cmsy/m/n/10.95 2 \O
T1/cmr/m/n/10.95 [0\OML/cmm/m/it/10.95 ; \OMS/cmsy/m/n/10.95 1\OT1/cmr/m/n/10.9
5 )\OMS/cmsy/m/n/10.95 g \OT1/cmr/m/n/10.95 = []([]) \OMS/cmsy/m/n/10.95 2
[29] [30] [31] [32] [33] [34] [35] [36]
\IeC {\textsection } 4.
[37] [38] [39] [40] [41]
Overfull \hbox (20.52858pt too wide) in paragraph at lines 1479--1481
[]\T1/cmr/m/n/10.95 Sei $\OML/cmm/m/it/10.95 f \OT1/cmr/m/n/10.95 : \OML/cmm/m/
it/10.95 X \OMS/cmsy/m/n/10.95 ! []$ \T1/cmr/m/n/10.95 mess-bar. $\OML/cmm/m/it
/10.95 f$ \T1/cmr/m/n/10.95 heiÿt (Lebesgue-)\T1/cmr/bx/n/10.95 integrierbar \T
1/cmr/m/n/10.95 (über $\OML/cmm/m/it/10.95 X$\T1/cmr/m/n/10.95 ), ge-nau dann w
enn $[][] \OML/cmm/m/it/10.95 f[]\OT1/cmr/m/n/10.95 (\OML/cmm/m/it/10.95 x\OT1/
cmr/m/n/10.95 )[]\OML/cmm/m/it/10.95 x <
[42] [43] [44] [45] [46]
\IeC {\textsection } 5.
[47] [48] [49] [50]
\IeC {\textsection } 6.
[51] [52] [53] [54] [55] [56]
\IeC {\textsection } 7.
[57] [58] [59] [60]
\IeC {\textsection } 8.
[61] [62]
\IeC {\textsection } 9.
[63] [64] [65] [66] [67] [68]
\IeC {\textsection } 10.
[69] [70] [71] [72] [73] [74] [75] [76]
\IeC {\textsection } 11.

Underfull \hbox (badness 10000) in paragraph at lines 2786--2787

[77] [78]
Overfull \hbox (2.12668pt too wide) in paragraph at lines 2843--2846
[]\T1/cmr/m/n/10.95 Ist ein In-te-gral der Form $[][] \OML/cmm/m/it/10.95 f\OT1
/cmr/m/n/10.95 (\OML/cmm/m/it/10.95 x; y\OT1/cmr/m/n/10.95 )\OML/cmm/m/it/10.95
 d\OT1/cmr/m/n/10.95 (\OML/cmm/m/it/10.95 x; y\OT1/cmr/m/n/10.95 )$
[79] [80]
Overfull \hbox (39.816pt too wide) in paragraph at lines 2923--2925
[]\T1/cmr/m/n/10.95 Ist ein In-te-gral der Form $[][] \OML/cmm/m/it/10.95 f\OT1
/cmr/m/n/10.95 (\OML/cmm/m/it/10.95 x; y; z\OT1/cmr/m/n/10.95 )\OML/cmm/m/it/10
.95 d\OT1/cmr/m/n/10.95 (\OML/cmm/m/it/10.95 x; y; z\OT1/cmr/m/n/10.95 )$

Overfull \hbox (45.90694pt too wide) in paragraph at lines 2938--2938
[] 

Overfull \hbox (26.06529pt too wide) in paragraph at lines 2949--2951
[]\T1/cmr/m/n/10.95 Ist ein In-te-gral der Form $[][] \OML/cmm/m/it/10.95 f\OT1
/cmr/m/n/10.95 (\OML/cmm/m/it/10.95 x; y; z\OT1/cmr/m/n/10.95 )\OML/cmm/m/it/10
.95 d\OT1/cmr/m/n/10.95 (\OML/cmm/m/it/10.95 x; y; z\OT1/cmr/m/n/10.95 )$
[81] [82]
\IeC {\textsection } 12.
[83] [84]
\IeC {\textsection } 13.

Package hyperref Warning: Token not allowed in a PDF string (PDFDocEncoding):
(hyperref)                removing `math shift' on input line 3023.


Package hyperref Warning: Token not allowed in a PDF string (PDFDocEncoding):
(hyperref)                removing `superscript' on input line 3023.


Package hyperref Warning: Token not allowed in a PDF string (PDFDocEncoding):
(hyperref)                removing `math shift' on input line 3023.

[85]
Underfull \hbox (badness 10000) in paragraph at lines 3085--3086

[86]
\IeC {\textsection } 14.

Package hyperref Warning: Token not allowed in a PDF string (PDFDocEncoding):
(hyperref)                removing `math shift' on input line 3092.


Package hyperref Warning: Token not allowed in a PDF string (PDFDocEncoding):
(hyperref)                removing `superscript' on input line 3092.


Package hyperref Warning: Token not allowed in a PDF string (PDFDocEncoding):
(hyperref)                removing `math shift' on input line 3092.

[87] [88]
\IeC {\textsection } 15.
[89] [90]
\IeC {\textsection } 16.

Package hyperref Warning: Token not allowed in a PDF string (PDFDocEncoding):
(hyperref)                removing `math shift' on input line 3249.


Package hyperref Warning: Token not allowed in a PDF string (PDFDocEncoding):
(hyperref)                removing `superscript' on input line 3249.


Package hyperref Warning: Token not allowed in a PDF string (PDFDocEncoding):
(hyperref)                removing `math shift' on input line 3249.


Package hyperref Warning: Token not allowed in a PDF string (PDFDocEncoding):
(hyperref)                removing `math shift' on input line 3249.


Package hyperref Warning: Token not allowed in a PDF string (PDFDocEncoding):
(hyperref)                removing `superscript' on input line 3249.


Package hyperref Warning: Token not allowed in a PDF string (PDFDocEncoding):
(hyperref)                removing `math shift' on input line 3249.

[91] [92]
Underfull \hbox (badness 10000) in paragraph at lines 3397--3399

[93] [94] [95] [96] [97] [98] [99] [100] [101] [102]
\IeC {\textsection } 17.

Overfull \hbox (3.88815pt too wide) in paragraph at lines 3874--3876
$\U/euf/m/n/10.95 L[]\OT1/cmr/m/n/10.95 (\OML/cmm/m/it/10.95 X; \U/msb/m/n/10.9
5 C\OT1/cmr/m/n/10.95 )$ \T1/cmr/m/n/10.95 ist ein kom-ple-xer Vek-tor-raum (si
e-he 17.1) und $\OMS/cmsy/m/n/10.95 N$ \T1/cmr/m/n/10.95 ist ein Un-ter-vek-tor
-raum von $\U/euf/m/n/10.95 L[]\OT1/cmr/m/n/10.95 (\OML/cmm/m/it/10.95 X; \U/ms
b/m/n/10.95 C\OT1/cmr/m/n/10.95 )$\T1/cmr/m/n/10.95 . 
[103]
Overfull \hbox (1.20503pt too wide) in paragraph at lines 3940--3944
\T1/cmr/m/n/10.95 Insbesondere ist $\OMS/cmsy/m/n/10.95 k\OML/cmm/m/it/10.95 b[
]\OMS/cmsy/m/n/10.95 k[] \OT1/cmr/m/n/10.95 = 1$\T1/cmr/m/n/10.95 . Das heiÿt $
\OMS/cmsy/m/n/10.95 f\OML/cmm/m/it/10.95 b[] \OMS/cmsy/m/n/10.95 j \OML/cmm/m/i
t/10.95 k \OMS/cmsy/m/n/10.95 2 \U/msb/m/n/10.95 Z\OMS/cmsy/m/n/10.95 g$ \T1/cm
r/m/n/10.95 ist ein \T1/cmr/bx/n/10.95 Or-tho-nor-mal-sys-tem \T1/cmr/m/n/10.95
 in $\OML/cmm/m/it/10.95 L[]\OT1/cmr/m/n/10.95 ([0\OML/cmm/m/it/10.95 ; \OT1/cm
r/m/n/10.95 2\OML/cmm/m/it/10.95 ^^Y\OT1/cmr/m/n/10.95 ]\OML/cmm/m/it/10.95 ; \
U/msb/m/n/10.95 C\OT1/cmr/m/n/10.95 )$\T1/cmr/m/n/10.95 .
[104] [105] [106]
\IeC {\textsection } 18.
[107] [108] [109]
Underfull \hbox (badness 10000) in paragraph at lines 4170--4173

[110] [111] [112] [113] [114]
Anhang A.
** Generating table of satz,wichtigedefinition
(./Ana3Bachelor.thm) (./Ana3Bachelor.ind [115] [116] [117] [118])
Anhang B.

Underfull \hbox (badness 10000) in paragraph at lines 4316--4335

[119] (./Ana3Bachelor.aux)

Package rerunfilecheck Warning: File `Ana3Bachelor.out' has changed.
(rerunfilecheck)                Rerun to get outlines right
(rerunfilecheck)                or use package `bookmark'.


LaTeX Font Warning: Some font shapes were not available, defaults substituted.

 )
(see the transcript file for additional information)pdfTeX warning (dest): name
{appendix.753} has been referenced but does not exist, replaced by a fixed one

{/usr/share/texmf/fonts/enc/dvips/cm-super/cm-super-t1.enc}</usr/share/texlive/
texmf-dist/fonts/type1/public/amsfonts/cm/cmbsy10.pfb></usr/share/texlive/texmf
-dist/fonts/type1/public/amsfonts/cm/cmbx8.pfb></usr/share/texlive/texmf-dist/f
onts/type1/public/amsfonts/cm/cmex10.pfb></usr/share/texlive/texmf-dist/fonts/t
ype1/public/amsfonts/cmextra/cmex8.pfb></usr/share/texlive/texmf-dist/fonts/typ
e1/public/amsfonts/cm/cmmi10.pfb></usr/share/texlive/texmf-dist/fonts/type1/pub
lic/amsfonts/cm/cmmi12.pfb></usr/share/texlive/texmf-dist/fonts/type1/public/am
sfonts/cm/cmmi6.pfb></usr/share/texlive/texmf-dist/fonts/type1/public/amsfonts/
cm/cmmi8.pfb></usr/share/texlive/texmf-dist/fonts/type1/public/amsfonts/cm/cmmi
b10.pfb></usr/share/texlive/texmf-dist/fonts/type1/public/amsfonts/cmextra/cmmi
b8.pfb></usr/share/texlive/texmf-dist/fonts/type1/public/amsfonts/cm/cmr10.pfb>
</usr/share/texlive/texmf-dist/fonts/type1/public/amsfonts/cm/cmr12.pfb></usr/s
hare/texlive/texmf-dist/fonts/type1/public/amsfonts/cm/cmr17.pfb></usr/share/te
xlive/texmf-dist/fonts/type1/public/amsfonts/cm/cmr6.pfb></usr/share/texlive/te
xmf-dist/fonts/type1/public/amsfonts/cm/cmr8.pfb></usr/share/texlive/texmf-dist
/fonts/type1/public/amsfonts/cm/cmsy10.pfb></usr/share/texlive/texmf-dist/fonts
/type1/public/amsfonts/cm/cmsy6.pfb></usr/share/texlive/texmf-dist/fonts/type1/
public/amsfonts/cm/cmsy8.pfb></usr/share/texlive/texmf-dist/fonts/type1/public/
doublestroke/dsrom10.pfb></usr/share/texlive/texmf-dist/fonts/type1/public/amsf
onts/euler/eufb10.pfb></usr/share/texlive/texmf-dist/fonts/type1/public/amsfont
s/euler/eufm10.pfb></usr/share/texlive/texmf-dist/fonts/type1/public/amsfonts/s
ymbols/msam10.pfb></usr/share/texlive/texmf-dist/fonts/type1/public/amsfonts/sy
mbols/msbm10.pfb></usr/share/texmf/fonts/type1/public/cm-super/sfbx1095.pfb></u
sr/share/texmf/fonts/type1/public/cm-super/sfrm0600.pfb></usr/share/texmf/fonts
/type1/public/cm-super/sfrm0800.pfb></usr/share/texmf/fonts/type1/public/cm-sup
er/sfrm1095.pfb></usr/share/texmf/fonts/type1/public/cm-super/sfrm1440.pfb></us
r/share/texmf/fonts/type1/public/cm-super/sfsl1095.pfb></usr/share/texmf/fonts/
type1/public/cm-super/sfsx1095.pfb></usr/share/texmf/fonts/type1/public/cm-supe
r/sfsx1440.pfb></usr/share/texmf/fonts/type1/public/cm-super/sfsx2074.pfb></usr
/share/texmf/fonts/type1/public/cm-super/sfti1095.pfb></usr/share/texmf/fonts/t
ype1/public/cm-super/sftt1095.pfb></usr/share/texmf/fonts/type1/public/cm-super
/sftt1440.pfb></usr/share/texlive/texmf-dist/fonts/type1/public/wasy/wasy10.pfb
>
Output written on Ana3Bachelor.pdf (119 pages, 832538 bytes).
Transcript written on Ana3Bachelor.log.
Result: ExitSuccess

Running /usr/bin/pdflatex Ana3Bachelor.tex in an env with 4 entries:
This is pdfTeX, Version 3.1415926-2.5-1.40.14 (TeX Live 2013/Debian)
 restricted \write18 enabled.
entering extended mode
(../data/WS10/Ana3Bachelor.tex
LaTeX2e <2011/06/27>
Babel <3.9h> and hyphenation patterns for 78 languages loaded.
(/usr/share/texlive/texmf-dist/tex/latex/koma-script/scrbook.cls
Document Class: scrbook 2013/12/19 v3.12 KOMA-Script document class (book)
(/usr/share/texlive/texmf-dist/tex/latex/koma-script/scrkbase.sty
(/usr/share/texlive/texmf-dist/tex/latex/koma-script/scrbase.sty
(/usr/share/texlive/texmf-dist/tex/latex/graphics/keyval.sty)
(/usr/share/texlive/texmf-dist/tex/latex/koma-script/scrlfile.sty
Package scrlfile, 2013/12/19 v3.12 KOMA-Script package (loading files)
                  Copyright (C) Markus Kohm

))) (/usr/share/texlive/texmf-dist/tex/latex/koma-script/tocbasic.sty)
(/usr/share/texlive/texmf-dist/tex/latex/koma-script/scrsize11pt.clo)
(/usr/share/texlive/texmf-dist/tex/latex/koma-script/typearea.sty
Package typearea, 2013/12/19 v3.12 KOMA-Script package (type area)
                  Copyright (C) Frank Neukam, 1992-1994
                  Copyright (C) Markus Kohm, 1994-

)) (../data/ana.sty (../data/mathe.sty (../data/latexki.sty)
(/usr/share/texlive/texmf-dist/tex/latex/base/inputenc.sty
(/usr/share/texlive/texmf-dist/tex/latex/base/utf8.def
(/usr/share/texlive/texmf-dist/tex/latex/base/t1enc.dfu)
(/usr/share/texlive/texmf-dist/tex/latex/base/ot1enc.dfu)
(/usr/share/texlive/texmf-dist/tex/latex/base/omsenc.dfu)))
(/usr/share/texlive/texmf-dist/tex/generic/babel/babel.sty
(/usr/share/texlive/texmf-dist/tex/generic/babel-german/ngermanb.ldf
(/usr/share/texlive/texmf-dist/tex/generic/babel/babel.def)))
(/usr/share/texlive/texmf-dist/tex/latex/base/fontenc.sty
(/usr/share/texlive/texmf-dist/tex/latex/base/t1enc.def))
(/usr/share/texlive/texmf-dist/tex/latex/amsfonts/amsfonts.sty)
(/usr/share/texlive/texmf-dist/tex/latex/amsfonts/amssymb.sty)
(/usr/share/texlive/texmf-dist/tex/latex/amsmath/amsmath.sty
For additional information on amsmath, use the `?' option.
(/usr/share/texlive/texmf-dist/tex/latex/amsmath/amstext.sty
(/usr/share/texlive/texmf-dist/tex/latex/amsmath/amsgen.sty))
(/usr/share/texlive/texmf-dist/tex/latex/amsmath/amsbsy.sty)
(/usr/share/texlive/texmf-dist/tex/latex/amsmath/amsopn.sty))
(/usr/share/texlive/texmf-dist/tex/latex/stmaryrd/stmaryrd.sty)
(/usr/share/texlive/texmf-dist/tex/latex/tools/verbatim.sty)
(/usr/share/texlive/texmf-dist/tex/latex/base/ifthen.sty)
(/usr/share/texlive/texmf-dist/tex/latex/ntheorem/ntheorem.sty
Style `ntheorem', Version 1.33 <2011/08/15>
) (/usr/share/texlive/texmf-dist/tex/latex/framed/framed.sty)
(/usr/share/texlive/texmf-dist/tex/latex/pstricks/pstricks.sty
(/usr/share/texlive/texmf-dist/tex/generic/oberdiek/ifpdf.sty)
(/usr/share/texlive/texmf-dist/tex/generic/pstricks/pstricks.tex
(/usr/share/texlive/texmf-dist/tex/generic/xkeyval/pst-xkey.tex
(/usr/share/texlive/texmf-dist/tex/latex/xkeyval/xkeyval.sty
(/usr/share/texlive/texmf-dist/tex/generic/xkeyval/xkeyval.tex)))
(/usr/share/texlive/texmf-dist/tex/generic/pstricks/pst-fp.tex
`pst-fp' v0.05, 2010/01/17 (hv))
(/usr/share/texmf/tex/generic/pgf/utilities/pgfutil-common.tex)
(/usr/share/texmf/tex/generic/pgf/utilities/pgfkeys.code.tex
(/usr/share/texmf/tex/generic/pgf/utilities/pgfkeysfiltered.code.tex))
(/usr/share/texmf/tex/generic/pgf/utilities/pgffor.code.tex)
`PSTricks' v2.51  <2014/02/03> (tvz)
(/usr/share/texlive/texmf-dist/tex/generic/pstricks/pstricks.con))
(/usr/share/texlive/texmf-dist/tex/generic/pstricks/pst-fp.tex)
(/usr/share/texmf/tex/latex/xcolor/xcolor.sty
(/usr/share/texlive/texmf-dist/tex/latex/latexconfig/color.cfg)
(/usr/share/texlive/texmf-dist/tex/latex/pdftex-def/pdftex.def
(/usr/share/texlive/texmf-dist/tex/generic/oberdiek/infwarerr.sty)
(/usr/share/texlive/texmf-dist/tex/generic/oberdiek/ltxcmds.sty))))
(/usr/share/texlive/texmf-dist/tex/latex/carlisle/slashed.sty)
(/usr/share/texlive/texmf-dist/tex/latex/base/makeidx.sty)
(/usr/share/texlive/texmf-dist/tex/latex/wasysym/wasysym.sty)
(/usr/share/texlive/texmf-dist/tex/latex/jknapltx/mathrsfs.sty)
(/usr/share/texlive/texmf-dist/tex/latex/mh/mathtools.sty
(/usr/share/texlive/texmf-dist/tex/latex/tools/calc.sty)
(/usr/share/texlive/texmf-dist/tex/latex/mh/mhsetup.sty))
(/usr/share/texlive/texmf-dist/tex/latex/doublestroke/dsfont.sty)
(/usr/share/texlive/texmf-dist/tex/latex/hyperref/hyperref.sty
(/usr/share/texlive/texmf-dist/tex/generic/oberdiek/hobsub-hyperref.sty
(/usr/share/texlive/texmf-dist/tex/generic/oberdiek/hobsub-generic.sty))
(/usr/share/texlive/texmf-dist/tex/generic/ifxetex/ifxetex.sty)
(/usr/share/texlive/texmf-dist/tex/latex/oberdiek/auxhook.sty)
(/usr/share/texlive/texmf-dist/tex/latex/oberdiek/kvoptions.sty)
(/usr/share/texlive/texmf-dist/tex/latex/hyperref/pd1enc.def)
(/usr/share/texlive/texmf-dist/tex/latex/latexconfig/hyperref.cfg)
(/usr/share/texlive/texmf-dist/tex/latex/url/url.sty))

Package hyperref Message: Driver (autodetected): hpdftex.

(/usr/share/texlive/texmf-dist/tex/latex/hyperref/hpdftex.def
(/usr/share/texlive/texmf-dist/tex/latex/oberdiek/rerunfilecheck.sty))
(/usr/share/texlive/texmf-dist/tex/latex/etex-pkg/etex.sty))
(../data/saetze-schmoeger.sty))
(/usr/share/texlive/texmf-dist/tex/latex/physics/physics.sty
(/usr/share/texlive/texmf-dist/tex/latex/l3packages/xparse/xparse.sty
(/usr/share/texlive/texmf-dist/tex/latex/l3kernel/expl3.sty
(/usr/share/texlive/texmf-dist/tex/latex/l3kernel/l3names.sty
(/usr/share/texlive/texmf-dist/tex/latex/l3kernel/l3bootstrap.sty))
(/usr/share/texlive/texmf-dist/tex/latex/l3kernel/l3basics.sty)
(/usr/share/texlive/texmf-dist/tex/latex/l3kernel/l3expan.sty)
(/usr/share/texlive/texmf-dist/tex/latex/l3kernel/l3tl.sty)
(/usr/share/texlive/texmf-dist/tex/latex/l3kernel/l3seq.sty)
(/usr/share/texlive/texmf-dist/tex/latex/l3kernel/l3int.sty)
(/usr/share/texlive/texmf-dist/tex/latex/l3kernel/l3quark.sty)
(/usr/share/texlive/texmf-dist/tex/latex/l3kernel/l3prg.sty)
(/usr/share/texlive/texmf-dist/tex/latex/l3kernel/l3clist.sty)
(/usr/share/texlive/texmf-dist/tex/latex/l3kernel/l3token.sty)
(/usr/share/texlive/texmf-dist/tex/latex/l3kernel/l3prop.sty)
(/usr/share/texlive/texmf-dist/tex/latex/l3kernel/l3msg.sty)
(/usr/share/texlive/texmf-dist/tex/latex/l3kernel/l3file.sty)
(/usr/share/texlive/texmf-dist/tex/latex/l3kernel/l3skip.sty)
(/usr/share/texlive/texmf-dist/tex/latex/l3kernel/l3keys.sty)
(/usr/share/texlive/texmf-dist/tex/latex/l3kernel/l3fp.sty)
(/usr/share/texlive/texmf-dist/tex/latex/l3kernel/l3box.sty)
(/usr/share/texlive/texmf-dist/tex/latex/l3kernel/l3coffins.sty)
(/usr/share/texlive/texmf-dist/tex/latex/l3kernel/l3color.sty)
(/usr/share/texlive/texmf-dist/tex/latex/l3kernel/l3luatex.sty)
(/usr/share/texlive/texmf-dist/tex/latex/l3kernel/l3candidates.sty)))
*************************************************
* LaTeX warning: "xparse/redefine-command"
* 
* Redefining document command \cp with arg. spec. '' on line 222.
*************************************************
*************************************************
* LaTeX warning: "xparse/redefine-command"
* 
* Redefining document command \grad with arg. spec. '' on line 233.
*************************************************
*************************************************
* LaTeX warning: "xparse/redefine-command"
* 
* Redefining document command \Re with arg. spec. 'g' on line 277.
*************************************************
*************************************************
* LaTeX warning: "xparse/redefine-command"
* 
* Redefining document command \Im with arg. spec. 'g' on line 278.
*************************************************
*************************************************
* LaTeX warning: "xparse/redefine-command"
* 
* Redefining document command \sin with arg. spec. '' on line 309.
*************************************************
*************************************************
* LaTeX warning: "xparse/redefine-command"
* 
* Redefining document command \cos with arg. spec. '' on line 310.
*************************************************
*************************************************
* LaTeX warning: "xparse/redefine-command"
* 
* Redefining document command \tan with arg. spec. '' on line 311.
*************************************************
*************************************************
* LaTeX warning: "xparse/redefine-command"
* 
* Redefining document command \csc with arg. spec. '' on line 312.
*************************************************
*************************************************
* LaTeX warning: "xparse/redefine-command"
* 
* Redefining document command \sec with arg. spec. '' on line 313.
*************************************************
*************************************************
* LaTeX warning: "xparse/redefine-command"
* 
* Redefining document command \cot with arg. spec. '' on line 314.
*************************************************
*************************************************
* LaTeX warning: "xparse/redefine-command"
* 
* Redefining document command \arcsin with arg. spec. '' on line 316.
*************************************************
*************************************************
* LaTeX warning: "xparse/redefine-command"
* 
* Redefining document command \arccos with arg. spec. '' on line 317.
*************************************************
*************************************************
* LaTeX warning: "xparse/redefine-command"
* 
* Redefining document command \arctan with arg. spec. '' on line 318.
*************************************************
*************************************************
* LaTeX warning: "xparse/redefine-command"
* 
* Redefining document command \sinh with arg. spec. '' on line 339.
*************************************************
*************************************************
* LaTeX warning: "xparse/redefine-command"
* 
* Redefining document command \cosh with arg. spec. '' on line 340.
*************************************************
*************************************************
* LaTeX warning: "xparse/redefine-command"
* 
* Redefining document command \tanh with arg. spec. '' on line 341.
*************************************************
*************************************************
* LaTeX warning: "xparse/redefine-command"
* 
* Redefining document command \coth with arg. spec. '' on line 346.
*************************************************
*************************************************
* LaTeX warning: "xparse/redefine-command"
* 
* Redefining document command \exp with arg. spec. '' on line 348.
*************************************************
*************************************************
* LaTeX warning: "xparse/redefine-command"
* 
* Redefining document command \log with arg. spec. '' on line 349.
*************************************************
*************************************************
* LaTeX warning: "xparse/redefine-command"
* 
* Redefining document command \ln with arg. spec. '' on line 350.
*************************************************
*************************************************
* LaTeX warning: "xparse/redefine-command"
* 
* Redefining document command \det with arg. spec. '' on line 351.
*************************************************
*************************************************
* LaTeX warning: "xparse/redefine-command"
* 
* Redefining document command \Pr with arg. spec. '' on line 352.
*************************************************
)
Writing index file Ana3Bachelor.idx
(./Ana3Bachelor.aux)
(/usr/share/texlive/texmf-dist/tex/latex/graphics/graphics.sty
(/usr/share/texlive/texmf-dist/tex/latex/graphics/trig.sty)
(/usr/share/texlive/texmf-dist/tex/latex/latexconfig/graphics.cfg))
(/usr/share/texlive/texmf-dist/tex/latex/oberdiek/epstopdf-base.sty
(/usr/share/texlive/texmf-dist/tex/latex/oberdiek/grfext.sty)
(/usr/share/texlive/texmf-dist/tex/latex/latexconfig/epstopdf-sys.cfg))
(/usr/share/texlive/texmf-dist/tex/context/base/supp-pdf.mkii
[Loading MPS to PDF converter (version 2006.09.02).]
) (/usr/share/texlive/texmf-dist/tex/latex/graphics/graphicx.sty)
(/usr/share/texlive/texmf-dist/tex/latex/hyperref/nameref.sty
(/usr/share/texlive/texmf-dist/tex/generic/oberdiek/gettitlestring.sty))
(./Ana3Bachelor.out) (./Ana3Bachelor.out)
(/usr/share/texlive/texmf-dist/tex/latex/base/t1cmss.fd)
(/usr/share/texlive/texmf-dist/tex/latex/amsfonts/umsa.fd)
(/usr/share/texlive/texmf-dist/tex/latex/amsfonts/umsb.fd)
(/usr/share/texlive/texmf-dist/tex/latex/stmaryrd/Ustmry.fd)
(/usr/share/texlive/texmf-dist/tex/latex/wasysym/uwasy.fd)
(/usr/share/texlive/texmf-dist/tex/latex/jknapltx/ursfs.fd)
(/usr/share/texlive/texmf-dist/tex/latex/base/t1cmtt.fd) [1
Non-PDF special ignored!
Non-PDF special ignored!
Non-PDF special ignored!
Non-PDF special ignored!
Non-PDF special ignored!
Non-PDF special ignored!
Non-PDF special ignored!{/var/lib/texmf/fonts/map/pdftex/updmap/pdftex.map}]
[2] (./Ana3Bachelor.toc
(/usr/share/texlive/texmf-dist/tex/latex/amsfonts/ueuf.fd) [3]) [4]
Kapitel I.
[5] [6]
\IeC {\textsection } 0.
(/usr/share/texlive/texmf-dist/tex/latex/doublestroke/Udsrom.fd) [7] [8]
\IeC {\textsection } 1.

Package hyperref Warning: Token not allowed in a PDF string (PDFDocEncoding):
(hyperref)                removing `math shift' on input line 74.


Package hyperref Warning: Token not allowed in a PDF string (PDFDocEncoding):
(hyperref)                removing `\sigma' on input line 74.


Package hyperref Warning: Token not allowed in a PDF string (PDFDocEncoding):
(hyperref)                removing `math shift' on input line 74.

[9] [10]

LaTeX Font Warning: Font shape `U/stmry/b/n' undefined
(Font)              using `U/stmry/m/n' instead on input line 228.


LaTeX Font Warning: Font shape `U/wasy/b/n' in size <8> not available
(Font)              Font shape `U/wasy/m/n' tried instead on input line 228.


LaTeX Font Warning: Font shape `U/wasy/b/n' in size <6> not available
(Font)              Font shape `U/wasy/m/n' tried instead on input line 228.

[11] [12] [13] [14] [15] [16]
\IeC {\textsection } 2.
[17] [18]
Overfull \hbox (0.17937pt too wide) in paragraph at lines 549--553
[]\T1/cmr/m/n/10.95 Aus Lem-ma [][]2.1[][] folgt: Es exis-tiert $\OMS/cmsy/m/n/
10.95 f\OML/cmm/m/it/10.95 I[]; [] ; I[]\OMS/cmsy/m/n/10.95 g ^^R I[]$ \T1/cmr/
m/n/10.95 dis-junkt und es exis-tiert $\OMS/cmsy/m/n/10.95 f\OML/cmm/m/it/10.95
 I[]; [] ; I[]\OMS/cmsy/m/n/10.95 g ^^R
[19] [20] [21] [22] [23] [24] [25] [26]
\IeC {\textsection } 3.

Overfull \hbox (9.84479pt too wide) in paragraph at lines 906--908
[]\T1/cmr/m/n/10.95 Sei $\OML/cmm/m/it/10.95 C \OMS/cmsy/m/n/10.95 2 \U/euf/m/n
/10.95 C$\T1/cmr/m/n/10.95 ; $\OML/cmm/m/it/10.95 g$ \T1/cmr/m/n/10.95 ist mess
-bar, dar-aus folgt $\OML/cmm/m/it/10.95 g[]\OT1/cmr/m/n/10.95 (\OML/cmm/m/it/1
0.95 C\OT1/cmr/m/n/10.95 ) \OMS/cmsy/m/n/10.95 2 \U/euf/m/n/10.95 B$\T1/cmr/m/n
/10.95 ; $\OML/cmm/m/it/10.95 f$ \T1/cmr/m/n/10.95 ist mess-bar, dar-aus folgt 
$\OML/cmm/m/it/10.95 f[]\OT1/cmr/m/n/10.95 (\OML/cmm/m/it/10.95 g[]\OT1/cmr/m/n
/10.95 (\OML/cmm/m/it/10.95 C\OT1/cmr/m/n/10.95 )) =
[27] [28]
Overfull \hbox (14.67358pt too wide) in paragraph at lines 973--974
[]$\OML/cmm/m/it/10.95 A \OT1/cmr/m/n/10.95 := \OMS/cmsy/m/n/10.95 f\OML/cmm/m/
it/10.95 x \OMS/cmsy/m/n/10.95 2 \OML/cmm/m/it/10.95 X \OMS/cmsy/m/n/10.95 j \O
ML/cmm/m/it/10.95 f\OT1/cmr/m/n/10.95 (\OML/cmm/m/it/10.95 x\OT1/cmr/m/n/10.95 
) \OMS/cmsy/m/n/10.95 ^^U \OML/cmm/m/it/10.95 g\OT1/cmr/m/n/10.95 (\OML/cmm/m/i
t/10.95 x\OT1/cmr/m/n/10.95 )\OMS/cmsy/m/n/10.95 g \OT1/cmr/m/n/10.95 = \OMS/cm
sy/m/n/10.95 f\OML/cmm/m/it/10.95 x \OMS/cmsy/m/n/10.95 2 \OML/cmm/m/it/10.95 X
 \OMS/cmsy/m/n/10.95 j \OML/cmm/m/it/10.95 f\OT1/cmr/m/n/10.95 (\OML/cmm/m/it/1
0.95 x\OT1/cmr/m/n/10.95 ) \OMS/cmsy/m/n/10.95 ^^@ \OML/cmm/m/it/10.95 g\OT1/cm
r/m/n/10.95 (\OML/cmm/m/it/10.95 x\OT1/cmr/m/n/10.95 ) \OMS/cmsy/m/n/10.95 2 \O
T1/cmr/m/n/10.95 [0\OML/cmm/m/it/10.95 ; \OMS/cmsy/m/n/10.95 1\OT1/cmr/m/n/10.9
5 )\OMS/cmsy/m/n/10.95 g \OT1/cmr/m/n/10.95 = []([]) \OMS/cmsy/m/n/10.95 2
[29] [30] [31] [32] [33] [34] [35] [36]
\IeC {\textsection } 4.
[37] [38] [39] [40] [41]
Overfull \hbox (20.52858pt too wide) in paragraph at lines 1479--1481
[]\T1/cmr/m/n/10.95 Sei $\OML/cmm/m/it/10.95 f \OT1/cmr/m/n/10.95 : \OML/cmm/m/
it/10.95 X \OMS/cmsy/m/n/10.95 ! []$ \T1/cmr/m/n/10.95 mess-bar. $\OML/cmm/m/it
/10.95 f$ \T1/cmr/m/n/10.95 heiÿt (Lebesgue-)\T1/cmr/bx/n/10.95 integrierbar \T
1/cmr/m/n/10.95 (über $\OML/cmm/m/it/10.95 X$\T1/cmr/m/n/10.95 ), ge-nau dann w
enn $[][] \OML/cmm/m/it/10.95 f[]\OT1/cmr/m/n/10.95 (\OML/cmm/m/it/10.95 x\OT1/
cmr/m/n/10.95 )[]\OML/cmm/m/it/10.95 x <
[42] [43] [44] [45] [46]
\IeC {\textsection } 5.
[47] [48] [49] [50]
\IeC {\textsection } 6.
[51] [52] [53] [54] [55] [56]
\IeC {\textsection } 7.
[57] [58] [59] [60]
\IeC {\textsection } 8.
[61] [62]
\IeC {\textsection } 9.
[63] [64] [65] [66] [67] [68]
\IeC {\textsection } 10.
[69] [70] [71] [72] [73] [74] [75] [76]
\IeC {\textsection } 11.

Underfull \hbox (badness 10000) in paragraph at lines 2786--2787

[77] [78]
Overfull \hbox (2.12668pt too wide) in paragraph at lines 2843--2846
[]\T1/cmr/m/n/10.95 Ist ein In-te-gral der Form $[][] \OML/cmm/m/it/10.95 f\OT1
/cmr/m/n/10.95 (\OML/cmm/m/it/10.95 x; y\OT1/cmr/m/n/10.95 )\OML/cmm/m/it/10.95
 d\OT1/cmr/m/n/10.95 (\OML/cmm/m/it/10.95 x; y\OT1/cmr/m/n/10.95 )$
[79] [80]
Overfull \hbox (39.816pt too wide) in paragraph at lines 2923--2925
[]\T1/cmr/m/n/10.95 Ist ein In-te-gral der Form $[][] \OML/cmm/m/it/10.95 f\OT1
/cmr/m/n/10.95 (\OML/cmm/m/it/10.95 x; y; z\OT1/cmr/m/n/10.95 )\OML/cmm/m/it/10
.95 d\OT1/cmr/m/n/10.95 (\OML/cmm/m/it/10.95 x; y; z\OT1/cmr/m/n/10.95 )$

Overfull \hbox (45.90694pt too wide) in paragraph at lines 2938--2938
[] 

Overfull \hbox (26.06529pt too wide) in paragraph at lines 2949--2951
[]\T1/cmr/m/n/10.95 Ist ein In-te-gral der Form $[][] \OML/cmm/m/it/10.95 f\OT1
/cmr/m/n/10.95 (\OML/cmm/m/it/10.95 x; y; z\OT1/cmr/m/n/10.95 )\OML/cmm/m/it/10
.95 d\OT1/cmr/m/n/10.95 (\OML/cmm/m/it/10.95 x; y; z\OT1/cmr/m/n/10.95 )$
[81] [82]
\IeC {\textsection } 12.
[83] [84]
\IeC {\textsection } 13.

Package hyperref Warning: Token not allowed in a PDF string (PDFDocEncoding):
(hyperref)                removing `math shift' on input line 3023.


Package hyperref Warning: Token not allowed in a PDF string (PDFDocEncoding):
(hyperref)                removing `superscript' on input line 3023.


Package hyperref Warning: Token not allowed in a PDF string (PDFDocEncoding):
(hyperref)                removing `math shift' on input line 3023.

[85]
Underfull \hbox (badness 10000) in paragraph at lines 3085--3086

[86]
\IeC {\textsection } 14.

Package hyperref Warning: Token not allowed in a PDF string (PDFDocEncoding):
(hyperref)                removing `math shift' on input line 3092.


Package hyperref Warning: Token not allowed in a PDF string (PDFDocEncoding):
(hyperref)                removing `superscript' on input line 3092.


Package hyperref Warning: Token not allowed in a PDF string (PDFDocEncoding):
(hyperref)                removing `math shift' on input line 3092.

[87] [88]
\IeC {\textsection } 15.
[89] [90]
\IeC {\textsection } 16.

Package hyperref Warning: Token not allowed in a PDF string (PDFDocEncoding):
(hyperref)                removing `math shift' on input line 3249.


Package hyperref Warning: Token not allowed in a PDF string (PDFDocEncoding):
(hyperref)                removing `superscript' on input line 3249.


Package hyperref Warning: Token not allowed in a PDF string (PDFDocEncoding):
(hyperref)                removing `math shift' on input line 3249.


Package hyperref Warning: Token not allowed in a PDF string (PDFDocEncoding):
(hyperref)                removing `math shift' on input line 3249.


Package hyperref Warning: Token not allowed in a PDF string (PDFDocEncoding):
(hyperref)                removing `superscript' on input line 3249.


Package hyperref Warning: Token not allowed in a PDF string (PDFDocEncoding):
(hyperref)                removing `math shift' on input line 3249.

[91] [92]
Underfull \hbox (badness 10000) in paragraph at lines 3397--3399

[93] [94] [95] [96] [97] [98] [99] [100] [101] [102]
\IeC {\textsection } 17.

Overfull \hbox (3.88815pt too wide) in paragraph at lines 3874--3876
$\U/euf/m/n/10.95 L[]\OT1/cmr/m/n/10.95 (\OML/cmm/m/it/10.95 X; \U/msb/m/n/10.9
5 C\OT1/cmr/m/n/10.95 )$ \T1/cmr/m/n/10.95 ist ein kom-ple-xer Vek-tor-raum (si
e-he 17.1) und $\OMS/cmsy/m/n/10.95 N$ \T1/cmr/m/n/10.95 ist ein Un-ter-vek-tor
-raum von $\U/euf/m/n/10.95 L[]\OT1/cmr/m/n/10.95 (\OML/cmm/m/it/10.95 X; \U/ms
b/m/n/10.95 C\OT1/cmr/m/n/10.95 )$\T1/cmr/m/n/10.95 . 
[103]
Overfull \hbox (1.20503pt too wide) in paragraph at lines 3940--3944
\T1/cmr/m/n/10.95 Insbesondere ist $\OMS/cmsy/m/n/10.95 k\OML/cmm/m/it/10.95 b[
]\OMS/cmsy/m/n/10.95 k[] \OT1/cmr/m/n/10.95 = 1$\T1/cmr/m/n/10.95 . Das heiÿt $
\OMS/cmsy/m/n/10.95 f\OML/cmm/m/it/10.95 b[] \OMS/cmsy/m/n/10.95 j \OML/cmm/m/i
t/10.95 k \OMS/cmsy/m/n/10.95 2 \U/msb/m/n/10.95 Z\OMS/cmsy/m/n/10.95 g$ \T1/cm
r/m/n/10.95 ist ein \T1/cmr/bx/n/10.95 Or-tho-nor-mal-sys-tem \T1/cmr/m/n/10.95
 in $\OML/cmm/m/it/10.95 L[]\OT1/cmr/m/n/10.95 ([0\OML/cmm/m/it/10.95 ; \OT1/cm
r/m/n/10.95 2\OML/cmm/m/it/10.95 ^^Y\OT1/cmr/m/n/10.95 ]\OML/cmm/m/it/10.95 ; \
U/msb/m/n/10.95 C\OT1/cmr/m/n/10.95 )$\T1/cmr/m/n/10.95 .
[104] [105] [106]
\IeC {\textsection } 18.
[107] [108] [109]
Underfull \hbox (badness 10000) in paragraph at lines 4170--4173

[110] [111] [112] [113] [114]
Anhang A.
** Generating table of satz,wichtigedefinition
(./Ana3Bachelor.thm) (./Ana3Bachelor.ind [115] [116] [117] [118])
Anhang B.

Underfull \hbox (badness 10000) in paragraph at lines 4316--4335

[119] (./Ana3Bachelor.aux)

LaTeX Font Warning: Some font shapes were not available, defaults substituted.

 )
(see the transcript file for additional information){/usr/share/texmf/fonts/enc
/dvips/cm-super/cm-super-t1.enc}</usr/share/texlive/texmf-dist/fonts/type1/publ
ic/amsfonts/cm/cmbsy10.pfb></usr/share/texlive/texmf-dist/fonts/type1/public/am
sfonts/cm/cmbx8.pfb></usr/share/texlive/texmf-dist/fonts/type1/public/amsfonts/
cm/cmex10.pfb></usr/share/texlive/texmf-dist/fonts/type1/public/amsfonts/cmextr
a/cmex8.pfb></usr/share/texlive/texmf-dist/fonts/type1/public/amsfonts/cm/cmmi1
0.pfb></usr/share/texlive/texmf-dist/fonts/type1/public/amsfonts/cm/cmmi12.pfb>
</usr/share/texlive/texmf-dist/fonts/type1/public/amsfonts/cm/cmmi6.pfb></usr/s
hare/texlive/texmf-dist/fonts/type1/public/amsfonts/cm/cmmi8.pfb></usr/share/te
xlive/texmf-dist/fonts/type1/public/amsfonts/cm/cmmib10.pfb></usr/share/texlive
/texmf-dist/fonts/type1/public/amsfonts/cmextra/cmmib8.pfb></usr/share/texlive/
texmf-dist/fonts/type1/public/amsfonts/cm/cmr10.pfb></usr/share/texlive/texmf-d
ist/fonts/type1/public/amsfonts/cm/cmr12.pfb></usr/share/texlive/texmf-dist/fon
ts/type1/public/amsfonts/cm/cmr17.pfb></usr/share/texlive/texmf-dist/fonts/type
1/public/amsfonts/cm/cmr6.pfb></usr/share/texlive/texmf-dist/fonts/type1/public
/amsfonts/cm/cmr8.pfb></usr/share/texlive/texmf-dist/fonts/type1/public/amsfont
s/cm/cmsy10.pfb></usr/share/texlive/texmf-dist/fonts/type1/public/amsfonts/cm/c
msy6.pfb></usr/share/texlive/texmf-dist/fonts/type1/public/amsfonts/cm/cmsy8.pf
b></usr/share/texlive/texmf-dist/fonts/type1/public/doublestroke/dsrom10.pfb></
usr/share/texlive/texmf-dist/fonts/type1/public/amsfonts/euler/eufb10.pfb></usr
/share/texlive/texmf-dist/fonts/type1/public/amsfonts/euler/eufm10.pfb></usr/sh
are/texlive/texmf-dist/fonts/type1/public/amsfonts/symbols/msam10.pfb></usr/sha
re/texlive/texmf-dist/fonts/type1/public/amsfonts/symbols/msbm10.pfb></usr/shar
e/texmf/fonts/type1/public/cm-super/sfbx1095.pfb></usr/share/texmf/fonts/type1/
public/cm-super/sfrm0600.pfb></usr/share/texmf/fonts/type1/public/cm-super/sfrm
0800.pfb></usr/share/texmf/fonts/type1/public/cm-super/sfrm1095.pfb></usr/share
/texmf/fonts/type1/public/cm-super/sfrm1440.pfb></usr/share/texmf/fonts/type1/p
ublic/cm-super/sfsl1095.pfb></usr/share/texmf/fonts/type1/public/cm-super/sfsx1
095.pfb></usr/share/texmf/fonts/type1/public/cm-super/sfsx1440.pfb></usr/share/
texmf/fonts/type1/public/cm-super/sfsx2074.pfb></usr/share/texmf/fonts/type1/pu
blic/cm-super/sfti1095.pfb></usr/share/texmf/fonts/type1/public/cm-super/sftt10
95.pfb></usr/share/texmf/fonts/type1/public/cm-super/sftt1440.pfb></usr/share/t
exlive/texmf-dist/fonts/type1/public/wasy/wasy10.pfb>
Output written on Ana3Bachelor.pdf (119 pages, 832511 bytes).
Transcript written on Ana3Bachelor.log.
Result: ExitSuccess

Running /usr/bin/convert -verbose WS10/Ana3Bachelor.pdf[0] -resize 70x WS10/Ana3Bachelor.png in an env with 4 entries:
"gs" -q -dQUIET -dSAFER -dBATCH -dNOPAUSE -dNOPROMPT -dMaxBitmap=500000000 -dAlignToPixels=0 -dGridFitTT=2 "-sDEVICE=pngalpha" -dTextAlphaBits=4 -dGraphicsAlphaBits=4 "-r72x72" -dFirstPage=1 -dLastPage=1 "-sOutputFile=/tmp/magick-V1WSTOFm-%08d" "-f/tmp/magick-C-GMDkYJ" "-f/tmp/magick-wiFrE0g7"
/tmp/magick-V1WSTOFm-00000001 PNG 595x842 595x842+0+0 8-bit DirectClass 11.3KB 0.020u 0:00.010
WS10/Ana3Bachelor.pdf[0]=>WS10/Ana3Bachelor.pdf PDF 595x842 595x842+0+0 16-bit DirectClass 11.3KB 0.000u 0:00.000
WS10/Ana3Bachelor.pdf[0]=>WS10/Ana3Bachelor.png PDF 595x842=>70x99 70x99+0+0 16-bit DirectClass 0.030u 0:00.019
Result: ExitSuccess

Running /usr/bin/optipng -verbose WS10/Ana3Bachelor.png in an env with 4 entries:
OptiPNG 0.6.4: Advanced PNG optimizer.
Copyright (C) 2001-2010 Cosmin Truta.

** Processing: WS10/Ana3Bachelor.png
70x99 pixels, 4x16 bits/pixel, RGB+alpha
Input IDAT size = 1292 bytes
Input file size = 1591 bytes

Trying:
  zc = 9  zm = 8  zs = 0  f = 0		IDAT size = 1160
  zc = 9  zm = 8  zs = 1  f = 0		IDAT size = 1154
  zc = 1  zm = 8  zs = 2  f = 0		IDAT too big
  zc = 9  zm = 8  zs = 3  f = 0		IDAT too big
  zc = 9  zm = 8  zs = 0  f = 5		IDAT too big
  zc = 9  zm = 8  zs = 1  f = 5		IDAT too big
  zc = 1  zm = 8  zs = 2  f = 5		IDAT too big
  zc = 9  zm = 8  zs = 3  f = 5		IDAT too big

Selecting parameters:
  zc = 9  zm = 8  zs = 1  f = 0		IDAT size = 1154

Output IDAT size = 1154 bytes (138 bytes decrease)
Output file size = 1453 bytes (138 bytes = 8.67% decrease)

** Status report
1 file(s) have been processed.
Result: ExitSuccess
