This is pdfTeX, Version 3.1415926-2.5-1.40.14 (TeX Live 2013/Debian) (format=pdflatex 2018.8.7)  7 AUG 2018 14:10
entering extended mode
 restricted \write18 enabled.
 %&-line parsing enabled.
**Ana3.tex
(../data/WS08/Ana3.tex
LaTeX2e <2011/06/27>
Babel <3.9h> and hyphenation patterns for 78 languages loaded.
(/usr/share/texlive/texmf-dist/tex/latex/koma-script/scrreprt.cls
Document Class: scrreprt 2013/12/19 v3.12 KOMA-Script document class (report)
(/usr/share/texlive/texmf-dist/tex/latex/koma-script/scrkbase.sty
Package: scrkbase 2013/12/19 v3.12 KOMA-Script package (KOMA-Script-dependent b
asics and keyval usage)

(/usr/share/texlive/texmf-dist/tex/latex/koma-script/scrbase.sty
Package: scrbase 2013/12/19 v3.12 KOMA-Script package (KOMA-Script-independent 
basics and keyval usage)

(/usr/share/texlive/texmf-dist/tex/latex/graphics/keyval.sty
Package: keyval 1999/03/16 v1.13 key=value parser (DPC)
\KV@toks@=\toks14
)
(/usr/share/texlive/texmf-dist/tex/latex/koma-script/scrlfile.sty
Package: scrlfile 2013/12/19 v3.12 KOMA-Script package (loading files)

Package scrlfile, 2013/12/19 v3.12 KOMA-Script package (loading files)
                  Copyright (C) Markus Kohm

))) (/usr/share/texlive/texmf-dist/tex/latex/koma-script/tocbasic.sty
Package: tocbasic 2013/12/19 v3.12 KOMA-Script package (handling toc-files)
)
Package tocbasic Info: omitting babel extension for `toc'
(tocbasic)             because of feature `nobabel' available
(tocbasic)             for `toc' on input line 117.
Package tocbasic Info: omitting babel extension for `lof'
(tocbasic)             because of feature `nobabel' available
(tocbasic)             for `lof' on input line 118.
Package tocbasic Info: omitting babel extension for `lot'
(tocbasic)             because of feature `nobabel' available
(tocbasic)             for `lot' on input line 119.
Package tocbasic Info: defining new hook before heading of `' on input line 112
3.
Class scrreprt Info: File `scrsize11pt.clo' used instead of
(scrreprt)           file `scrsize11.clo' to setup font sizes on input line 165
5.

(/usr/share/texlive/texmf-dist/tex/latex/koma-script/scrsize11pt.clo
File: scrsize11pt.clo 2013/12/19 v3.12 KOMA-Script font size class option (11pt
)
)
(/usr/share/texlive/texmf-dist/tex/latex/koma-script/typearea.sty
Package: typearea 2013/12/19 v3.12 KOMA-Script package (type area)

Package typearea, 2013/12/19 v3.12 KOMA-Script package (type area)
                  Copyright (C) Frank Neukam, 1992-1994
                  Copyright (C) Markus Kohm, 1994-

\ta@bcor=\skip41
\ta@div=\count79
Package typearea Info: You've used standard option `a4paper'.
(typearea)             This is correct!
(typearea)             Internally I'm using `paper=a4'.
(typearea)             If you'd like to set the option with \KOMAoptions,
(typearea)             you'd have to use `paper=a4' there
(typearea)             instead of `a4paper', too.
\ta@hblk=\skip42
\ta@vblk=\skip43
\ta@temp=\skip44
\footheight=\skip45
Package typearea Info: These are the values describing the layout:
(typearea)             DIV  = 10
(typearea)             BCOR = 0.0pt
(typearea)             \paperwidth      = 597.50793pt
(typearea)              \textwidth      = 418.25555pt
(typearea)              DIV departure   = -6%
(typearea)              \evensidemargin = 17.3562pt
(typearea)              \oddsidemargin  = 17.3562pt
(typearea)             \paperheight     = 845.04694pt
(typearea)              \textheight     = 595.80026pt
(typearea)              \topmargin      = -25.16531pt
(typearea)              \headheight     = 17.0pt
(typearea)              \headsep        = 20.40001pt
(typearea)              \topskip        = 11.0pt
(typearea)              \footskip       = 47.6pt
(typearea)              \baselineskip   = 13.6pt
(typearea)              on input line 1330.
)
\c@part=\count80
\c@chapter=\count81
\c@section=\count82
\c@subsection=\count83
\c@subsubsection=\count84
\c@paragraph=\count85
\c@subparagraph=\count86
\abovecaptionskip=\skip46
\belowcaptionskip=\skip47
\c@pti@nb@sid@b@x=\box26
\c@figure=\count87
\c@table=\count88
\bibindent=\dimen102
) (/usr/share/texlive/texmf-dist/tex/latex/amsmath/amsmath.sty
Package: amsmath 2013/01/14 v2.14 AMS math features
\@mathmargin=\skip48

For additional information on amsmath, use the `?' option.
(/usr/share/texlive/texmf-dist/tex/latex/amsmath/amstext.sty
Package: amstext 2000/06/29 v2.01

(/usr/share/texlive/texmf-dist/tex/latex/amsmath/amsgen.sty
File: amsgen.sty 1999/11/30 v2.0
\@emptytoks=\toks15
\ex@=\dimen103
))
(/usr/share/texlive/texmf-dist/tex/latex/amsmath/amsbsy.sty
Package: amsbsy 1999/11/29 v1.2d
\pmbraise@=\dimen104
)
(/usr/share/texlive/texmf-dist/tex/latex/amsmath/amsopn.sty
Package: amsopn 1999/12/14 v2.01 operator names
)
\inf@bad=\count89
LaTeX Info: Redefining \frac on input line 210.
\uproot@=\count90
\leftroot@=\count91
LaTeX Info: Redefining \overline on input line 306.
\classnum@=\count92
\DOTSCASE@=\count93
LaTeX Info: Redefining \ldots on input line 378.
LaTeX Info: Redefining \dots on input line 381.
LaTeX Info: Redefining \cdots on input line 466.
\Mathstrutbox@=\box27
\strutbox@=\box28
\big@size=\dimen105
LaTeX Font Info:    Redeclaring font encoding OML on input line 566.
LaTeX Font Info:    Redeclaring font encoding OMS on input line 567.
\macc@depth=\count94
\c@MaxMatrixCols=\count95
\dotsspace@=\muskip10
\c@parentequation=\count96
\dspbrk@lvl=\count97
\tag@help=\toks16
\row@=\count98
\column@=\count99
\maxfields@=\count100
\andhelp@=\toks17
\eqnshift@=\dimen106
\alignsep@=\dimen107
\tagshift@=\dimen108
\tagwidth@=\dimen109
\totwidth@=\dimen110
\lineht@=\dimen111
\@envbody=\toks18
\multlinegap=\skip49
\multlinetaggap=\skip50
\mathdisplay@stack=\toks19
LaTeX Info: Redefining \[ on input line 2665.
LaTeX Info: Redefining \] on input line 2666.
)
(/usr/share/texlive/texmf-dist/tex/latex/amsfonts/amsfonts.sty
Package: amsfonts 2013/01/14 v3.01 Basic AMSFonts support
\symAMSa=\mathgroup4
\symAMSb=\mathgroup5
LaTeX Font Info:    Overwriting math alphabet `\mathfrak' in version `bold'
(Font)                  U/euf/m/n --> U/euf/b/n on input line 106.
)
(/usr/share/texlive/texmf-dist/tex/latex/amsfonts/amssymb.sty
Package: amssymb 2013/01/14 v3.01 AMS font symbols
)
(/usr/share/texlive/texmf-dist/tex/latex/amscls/amsthm.sty
Package: amsthm 2004/08/06 v2.20
\thm@style=\toks20
\thm@bodyfont=\toks21
\thm@headfont=\toks22
\thm@notefont=\toks23
\thm@headpunct=\toks24
\thm@preskip=\skip51
\thm@postskip=\skip52
\thm@headsep=\skip53
\dth@everypar=\toks25
)
(/usr/share/texlive/texmf-dist/tex/latex/base/fontenc.sty
Package: fontenc 2005/09/27 v1.99g Standard LaTeX package

(/usr/share/texlive/texmf-dist/tex/latex/base/t1enc.def
File: t1enc.def 2005/09/27 v1.99g Standard LaTeX file
LaTeX Font Info:    Redeclaring font encoding T1 on input line 43.
))
(/usr/share/texlive/texmf-dist/tex/latex/base/inputenc.sty
Package: inputenc 2008/03/30 v1.1d Input encoding file
\inpenc@prehook=\toks26
\inpenc@posthook=\toks27

(/usr/share/texlive/texmf-dist/tex/latex/base/utf8.def
File: utf8.def 2008/04/05 v1.1m UTF-8 support for inputenc
Now handling font encoding OML ...
... no UTF-8 mapping file for font encoding OML
Now handling font encoding T1 ...
... processing UTF-8 mapping file for font encoding T1

(/usr/share/texlive/texmf-dist/tex/latex/base/t1enc.dfu
File: t1enc.dfu 2008/04/05 v1.1m UTF-8 support for inputenc
   defining Unicode char U+00A1 (decimal 161)
   defining Unicode char U+00A3 (decimal 163)
   defining Unicode char U+00AB (decimal 171)
   defining Unicode char U+00BB (decimal 187)
   defining Unicode char U+00BF (decimal 191)
   defining Unicode char U+00C0 (decimal 192)
   defining Unicode char U+00C1 (decimal 193)
   defining Unicode char U+00C2 (decimal 194)
   defining Unicode char U+00C3 (decimal 195)
   defining Unicode char U+00C4 (decimal 196)
   defining Unicode char U+00C5 (decimal 197)
   defining Unicode char U+00C6 (decimal 198)
   defining Unicode char U+00C7 (decimal 199)
   defining Unicode char U+00C8 (decimal 200)
   defining Unicode char U+00C9 (decimal 201)
   defining Unicode char U+00CA (decimal 202)
   defining Unicode char U+00CB (decimal 203)
   defining Unicode char U+00CC (decimal 204)
   defining Unicode char U+00CD (decimal 205)
   defining Unicode char U+00CE (decimal 206)
   defining Unicode char U+00CF (decimal 207)
   defining Unicode char U+00D0 (decimal 208)
   defining Unicode char U+00D1 (decimal 209)
   defining Unicode char U+00D2 (decimal 210)
   defining Unicode char U+00D3 (decimal 211)
   defining Unicode char U+00D4 (decimal 212)
   defining Unicode char U+00D5 (decimal 213)
   defining Unicode char U+00D6 (decimal 214)
   defining Unicode char U+00D8 (decimal 216)
   defining Unicode char U+00D9 (decimal 217)
   defining Unicode char U+00DA (decimal 218)
   defining Unicode char U+00DB (decimal 219)
   defining Unicode char U+00DC (decimal 220)
   defining Unicode char U+00DD (decimal 221)
   defining Unicode char U+00DE (decimal 222)
   defining Unicode char U+00DF (decimal 223)
   defining Unicode char U+00E0 (decimal 224)
   defining Unicode char U+00E1 (decimal 225)
   defining Unicode char U+00E2 (decimal 226)
   defining Unicode char U+00E3 (decimal 227)
   defining Unicode char U+00E4 (decimal 228)
   defining Unicode char U+00E5 (decimal 229)
   defining Unicode char U+00E6 (decimal 230)
   defining Unicode char U+00E7 (decimal 231)
   defining Unicode char U+00E8 (decimal 232)
   defining Unicode char U+00E9 (decimal 233)
   defining Unicode char U+00EA (decimal 234)
   defining Unicode char U+00EB (decimal 235)
   defining Unicode char U+00EC (decimal 236)
   defining Unicode char U+00ED (decimal 237)
   defining Unicode char U+00EE (decimal 238)
   defining Unicode char U+00EF (decimal 239)
   defining Unicode char U+00F0 (decimal 240)
   defining Unicode char U+00F1 (decimal 241)
   defining Unicode char U+00F2 (decimal 242)
   defining Unicode char U+00F3 (decimal 243)
   defining Unicode char U+00F4 (decimal 244)
   defining Unicode char U+00F5 (decimal 245)
   defining Unicode char U+00F6 (decimal 246)
   defining Unicode char U+00F8 (decimal 248)
   defining Unicode char U+00F9 (decimal 249)
   defining Unicode char U+00FA (decimal 250)
   defining Unicode char U+00FB (decimal 251)
   defining Unicode char U+00FC (decimal 252)
   defining Unicode char U+00FD (decimal 253)
   defining Unicode char U+00FE (decimal 254)
   defining Unicode char U+00FF (decimal 255)
   defining Unicode char U+0102 (decimal 258)
   defining Unicode char U+0103 (decimal 259)
   defining Unicode char U+0104 (decimal 260)
   defining Unicode char U+0105 (decimal 261)
   defining Unicode char U+0106 (decimal 262)
   defining Unicode char U+0107 (decimal 263)
   defining Unicode char U+010C (decimal 268)
   defining Unicode char U+010D (decimal 269)
   defining Unicode char U+010E (decimal 270)
   defining Unicode char U+010F (decimal 271)
   defining Unicode char U+0110 (decimal 272)
   defining Unicode char U+0111 (decimal 273)
   defining Unicode char U+0118 (decimal 280)
   defining Unicode char U+0119 (decimal 281)
   defining Unicode char U+011A (decimal 282)
   defining Unicode char U+011B (decimal 283)
   defining Unicode char U+011E (decimal 286)
   defining Unicode char U+011F (decimal 287)
   defining Unicode char U+0130 (decimal 304)
   defining Unicode char U+0131 (decimal 305)
   defining Unicode char U+0132 (decimal 306)
   defining Unicode char U+0133 (decimal 307)
   defining Unicode char U+0139 (decimal 313)
   defining Unicode char U+013A (decimal 314)
   defining Unicode char U+013D (decimal 317)
   defining Unicode char U+013E (decimal 318)
   defining Unicode char U+0141 (decimal 321)
   defining Unicode char U+0142 (decimal 322)
   defining Unicode char U+0143 (decimal 323)
   defining Unicode char U+0144 (decimal 324)
   defining Unicode char U+0147 (decimal 327)
   defining Unicode char U+0148 (decimal 328)
   defining Unicode char U+014A (decimal 330)
   defining Unicode char U+014B (decimal 331)
   defining Unicode char U+0150 (decimal 336)
   defining Unicode char U+0151 (decimal 337)
   defining Unicode char U+0152 (decimal 338)
   defining Unicode char U+0153 (decimal 339)
   defining Unicode char U+0154 (decimal 340)
   defining Unicode char U+0155 (decimal 341)
   defining Unicode char U+0158 (decimal 344)
   defining Unicode char U+0159 (decimal 345)
   defining Unicode char U+015A (decimal 346)
   defining Unicode char U+015B (decimal 347)
   defining Unicode char U+015E (decimal 350)
   defining Unicode char U+015F (decimal 351)
   defining Unicode char U+0160 (decimal 352)
   defining Unicode char U+0161 (decimal 353)
   defining Unicode char U+0162 (decimal 354)
   defining Unicode char U+0163 (decimal 355)
   defining Unicode char U+0164 (decimal 356)
   defining Unicode char U+0165 (decimal 357)
   defining Unicode char U+016E (decimal 366)
   defining Unicode char U+016F (decimal 367)
   defining Unicode char U+0170 (decimal 368)
   defining Unicode char U+0171 (decimal 369)
   defining Unicode char U+0178 (decimal 376)
   defining Unicode char U+0179 (decimal 377)
   defining Unicode char U+017A (decimal 378)
   defining Unicode char U+017B (decimal 379)
   defining Unicode char U+017C (decimal 380)
   defining Unicode char U+017D (decimal 381)
   defining Unicode char U+017E (decimal 382)
   defining Unicode char U+200C (decimal 8204)
   defining Unicode char U+2013 (decimal 8211)
   defining Unicode char U+2014 (decimal 8212)
   defining Unicode char U+2018 (decimal 8216)
   defining Unicode char U+2019 (decimal 8217)
   defining Unicode char U+201A (decimal 8218)
   defining Unicode char U+201C (decimal 8220)
   defining Unicode char U+201D (decimal 8221)
   defining Unicode char U+201E (decimal 8222)
   defining Unicode char U+2030 (decimal 8240)
   defining Unicode char U+2031 (decimal 8241)
   defining Unicode char U+2039 (decimal 8249)
   defining Unicode char U+203A (decimal 8250)
   defining Unicode char U+2423 (decimal 9251)
)
Now handling font encoding OT1 ...
... processing UTF-8 mapping file for font encoding OT1

(/usr/share/texlive/texmf-dist/tex/latex/base/ot1enc.dfu
File: ot1enc.dfu 2008/04/05 v1.1m UTF-8 support for inputenc
   defining Unicode char U+00A1 (decimal 161)
   defining Unicode char U+00A3 (decimal 163)
   defining Unicode char U+00B8 (decimal 184)
   defining Unicode char U+00BF (decimal 191)
   defining Unicode char U+00C5 (decimal 197)
   defining Unicode char U+00C6 (decimal 198)
   defining Unicode char U+00D8 (decimal 216)
   defining Unicode char U+00DF (decimal 223)
   defining Unicode char U+00E6 (decimal 230)
   defining Unicode char U+00EC (decimal 236)
   defining Unicode char U+00ED (decimal 237)
   defining Unicode char U+00EE (decimal 238)
   defining Unicode char U+00EF (decimal 239)
   defining Unicode char U+00F8 (decimal 248)
   defining Unicode char U+0131 (decimal 305)
   defining Unicode char U+0141 (decimal 321)
   defining Unicode char U+0142 (decimal 322)
   defining Unicode char U+0152 (decimal 338)
   defining Unicode char U+0153 (decimal 339)
   defining Unicode char U+2013 (decimal 8211)
   defining Unicode char U+2014 (decimal 8212)
   defining Unicode char U+2018 (decimal 8216)
   defining Unicode char U+2019 (decimal 8217)
   defining Unicode char U+201C (decimal 8220)
   defining Unicode char U+201D (decimal 8221)
)
Now handling font encoding OMS ...
... processing UTF-8 mapping file for font encoding OMS

(/usr/share/texlive/texmf-dist/tex/latex/base/omsenc.dfu
File: omsenc.dfu 2008/04/05 v1.1m UTF-8 support for inputenc
   defining Unicode char U+00A7 (decimal 167)
   defining Unicode char U+00B6 (decimal 182)
   defining Unicode char U+00B7 (decimal 183)
   defining Unicode char U+2020 (decimal 8224)
   defining Unicode char U+2021 (decimal 8225)
   defining Unicode char U+2022 (decimal 8226)
)
Now handling font encoding OMX ...
... no UTF-8 mapping file for font encoding OMX
Now handling font encoding U ...
... no UTF-8 mapping file for font encoding U
   defining Unicode char U+00A9 (decimal 169)
   defining Unicode char U+00AA (decimal 170)
   defining Unicode char U+00AE (decimal 174)
   defining Unicode char U+00BA (decimal 186)
   defining Unicode char U+02C6 (decimal 710)
   defining Unicode char U+02DC (decimal 732)
   defining Unicode char U+200C (decimal 8204)
   defining Unicode char U+2026 (decimal 8230)
   defining Unicode char U+2122 (decimal 8482)
   defining Unicode char U+2423 (decimal 9251)
))
(/usr/share/texlive/texmf-dist/tex/generic/babel/babel.sty
Package: babel 2013/12/03 3.9h The Babel package

(/usr/share/texlive/texmf-dist/tex/generic/babel-german/ngermanb.ldf
Language: ngermanb 2013/12/13 v2.7 German support for babel (new orthography)

(/usr/share/texlive/texmf-dist/tex/generic/babel/babel.def
File: babel.def 2013/12/03 3.9h Babel common definitions
\babel@savecnt=\count101
\U@D=\dimen112
)
\l@naustrian = a dialect from \language\l@ngerman 
\l@nswissgerman = a dialect from \language\l@ngerman 
Package babel Info: Making " an active character on input line 88.
))
(/usr/share/texlive/texmf-dist/tex/generic/ulem/ulem.sty
\UL@box=\box29
\UL@hyphenbox=\box30
\UL@skip=\skip54
\UL@hook=\toks28
\UL@height=\dimen113
\UL@pe=\count102
\UL@pixel=\dimen114
\ULC@box=\box31
Package: ulem 2012/05/18
\ULdepth=\dimen115
) (../data/latexki.sty) (/usr/share/texlive/texmf-dist/tex/latex/hyperref/hyper
ref.sty
Package: hyperref 2012/11/06 v6.83m Hypertext links for LaTeX

(/usr/share/texlive/texmf-dist/tex/generic/oberdiek/hobsub-hyperref.sty
Package: hobsub-hyperref 2012/05/28 v1.13 Bundle oberdiek, subset hyperref (HO)


(/usr/share/texlive/texmf-dist/tex/generic/oberdiek/hobsub-generic.sty
Package: hobsub-generic 2012/05/28 v1.13 Bundle oberdiek, subset generic (HO)
Package: hobsub 2012/05/28 v1.13 Construct package bundles (HO)
Package: infwarerr 2010/04/08 v1.3 Providing info/warning/error messages (HO)
Package: ltxcmds 2011/11/09 v1.22 LaTeX kernel commands for general use (HO)
Package: ifluatex 2010/03/01 v1.3 Provides the ifluatex switch (HO)
Package ifluatex Info: LuaTeX not detected.
Package: ifvtex 2010/03/01 v1.5 Detect VTeX and its facilities (HO)
Package ifvtex Info: VTeX not detected.
Package: intcalc 2007/09/27 v1.1 Expandable calculations with integers (HO)
Package: ifpdf 2011/01/30 v2.3 Provides the ifpdf switch (HO)
Package ifpdf Info: pdfTeX in PDF mode is detected.
Package: etexcmds 2011/02/16 v1.5 Avoid name clashes with e-TeX commands (HO)
Package etexcmds Info: Could not find \expanded.
(etexcmds)             That can mean that you are not using pdfTeX 1.50 or
(etexcmds)             that some package has redefined \expanded.
(etexcmds)             In the latter case, load this package earlier.
Package: kvsetkeys 2012/04/25 v1.16 Key value parser (HO)
Package: kvdefinekeys 2011/04/07 v1.3 Define keys (HO)
Package: pdftexcmds 2011/11/29 v0.20 Utility functions of pdfTeX for LuaTeX (HO
)
Package pdftexcmds Info: LuaTeX not detected.
Package pdftexcmds Info: \pdf@primitive is available.
Package pdftexcmds Info: \pdf@ifprimitive is available.
Package pdftexcmds Info: \pdfdraftmode found.
Package: pdfescape 2011/11/25 v1.13 Implements pdfTeX's escape features (HO)
Package: bigintcalc 2012/04/08 v1.3 Expandable calculations on big integers (HO
)
Package: bitset 2011/01/30 v1.1 Handle bit-vector datatype (HO)
Package: uniquecounter 2011/01/30 v1.2 Provide unlimited unique counter (HO)
)
Package hobsub Info: Skipping package `hobsub' (already loaded).
Package: letltxmacro 2010/09/02 v1.4 Let assignment for LaTeX macros (HO)
Package: hopatch 2012/05/28 v1.2 Wrapper for package hooks (HO)
Package: xcolor-patch 2011/01/30 xcolor patch
Package: atveryend 2011/06/30 v1.8 Hooks at the very end of document (HO)
Package atveryend Info: \enddocument detected (standard20110627).
Package: atbegshi 2011/10/05 v1.16 At begin shipout hook (HO)
Package: refcount 2011/10/16 v3.4 Data extraction from label references (HO)
Package: hycolor 2011/01/30 v1.7 Color options for hyperref/bookmark (HO)
)
(/usr/share/texlive/texmf-dist/tex/generic/ifxetex/ifxetex.sty
Package: ifxetex 2010/09/12 v0.6 Provides ifxetex conditional
)
(/usr/share/texlive/texmf-dist/tex/latex/oberdiek/auxhook.sty
Package: auxhook 2011/03/04 v1.3 Hooks for auxiliary files (HO)
)
(/usr/share/texlive/texmf-dist/tex/latex/oberdiek/kvoptions.sty
Package: kvoptions 2011/06/30 v3.11 Key value format for package options (HO)
)
\@linkdim=\dimen116
\Hy@linkcounter=\count103
\Hy@pagecounter=\count104

(/usr/share/texlive/texmf-dist/tex/latex/hyperref/pd1enc.def
File: pd1enc.def 2012/11/06 v6.83m Hyperref: PDFDocEncoding definition (HO)
Now handling font encoding PD1 ...
... no UTF-8 mapping file for font encoding PD1
)
\Hy@SavedSpaceFactor=\count105

(/usr/share/texlive/texmf-dist/tex/latex/latexconfig/hyperref.cfg
File: hyperref.cfg 2002/06/06 v1.2 hyperref configuration of TeXLive
)
Package hyperref Info: Option `plainpages' set `false' on input line 4319.
Package hyperref Info: Hyper figures OFF on input line 4443.
Package hyperref Info: Link nesting OFF on input line 4448.
Package hyperref Info: Hyper index ON on input line 4451.
Package hyperref Info: Plain pages OFF on input line 4458.
Package hyperref Info: Backreferencing OFF on input line 4463.
Package hyperref Info: Implicit mode ON; LaTeX internals redefined.
Package hyperref Info: Bookmarks ON on input line 4688.
\c@Hy@tempcnt=\count106

(/usr/share/texlive/texmf-dist/tex/latex/url/url.sty
\Urlmuskip=\muskip11
Package: url 2013/09/16  ver 3.4  Verb mode for urls, etc.
)
LaTeX Info: Redefining \url on input line 5041.
\XeTeXLinkMargin=\dimen117
\Fld@menulength=\count107
\Field@Width=\dimen118
\Fld@charsize=\dimen119
Package hyperref Info: Hyper figures OFF on input line 6295.
Package hyperref Info: Link nesting OFF on input line 6300.
Package hyperref Info: Hyper index ON on input line 6303.
Package hyperref Info: backreferencing OFF on input line 6310.
Package hyperref Info: Link coloring OFF on input line 6315.
Package hyperref Info: Link coloring with OCG OFF on input line 6320.
Package hyperref Info: PDF/A mode OFF on input line 6325.
LaTeX Info: Redefining \ref on input line 6365.
LaTeX Info: Redefining \pageref on input line 6369.
\Hy@abspage=\count108
\c@Item=\count109
\c@Hfootnote=\count110
)

Package hyperref Message: Driver: hpdftex.

(/usr/share/texlive/texmf-dist/tex/latex/hyperref/hpdftex.def
File: hpdftex.def 2012/11/06 v6.83m Hyperref driver for pdfTeX
\Fld@listcount=\count111
\c@bookmark@seq@number=\count112

(/usr/share/texlive/texmf-dist/tex/latex/oberdiek/rerunfilecheck.sty
Package: rerunfilecheck 2011/04/15 v1.7 Rerun checks for auxiliary files (HO)
Package uniquecounter Info: New unique counter `rerunfilecheck' on input line 2
82.
)
\Hy@SectionHShift=\skip55
)
Package hyperref Info: Option `colorlinks' set `true' on input line 21.
\c@thm=\count113

(./Ana3.aux)
\openout1 = `Ana3.aux'.

LaTeX Font Info:    Checking defaults for OML/cmm/m/it on input line 120.
LaTeX Font Info:    ... okay on input line 120.
LaTeX Font Info:    Checking defaults for T1/cmr/m/n on input line 120.
LaTeX Font Info:    ... okay on input line 120.
LaTeX Font Info:    Checking defaults for OT1/cmr/m/n on input line 120.
LaTeX Font Info:    ... okay on input line 120.
LaTeX Font Info:    Checking defaults for OMS/cmsy/m/n on input line 120.
LaTeX Font Info:    ... okay on input line 120.
LaTeX Font Info:    Checking defaults for OMX/cmex/m/n on input line 120.
LaTeX Font Info:    ... okay on input line 120.
LaTeX Font Info:    Checking defaults for U/cmr/m/n on input line 120.
LaTeX Font Info:    ... okay on input line 120.
LaTeX Font Info:    Checking defaults for PD1/pdf/m/n on input line 120.
LaTeX Font Info:    ... okay on input line 120.
\AtBeginShipoutBox=\box32
 (/usr/share/texlive/texmf-dist/tex/latex/graphics/color.sty
Package: color 2005/11/14 v1.0j Standard LaTeX Color (DPC)

(/usr/share/texlive/texmf-dist/tex/latex/latexconfig/color.cfg
File: color.cfg 2007/01/18 v1.5 color configuration of teTeX/TeXLive
)
Package color Info: Driver file: pdftex.def on input line 130.

(/usr/share/texlive/texmf-dist/tex/latex/pdftex-def/pdftex.def
File: pdftex.def 2011/05/27 v0.06d Graphics/color for pdfTeX
\Gread@gobject=\count114

(/usr/share/texlive/texmf-dist/tex/context/base/supp-pdf.mkii
[Loading MPS to PDF converter (version 2006.09.02).]
\scratchcounter=\count115
\scratchdimen=\dimen120
\scratchbox=\box33
\nofMPsegments=\count116
\nofMParguments=\count117
\everyMPshowfont=\toks29
\MPscratchCnt=\count118
\MPscratchDim=\dimen121
\MPnumerator=\count119
\makeMPintoPDFobject=\count120
\everyMPtoPDFconversion=\toks30
)))
Package hyperref Info: Link coloring ON on input line 120.
 (/usr/share/texlive/texmf-dist/tex/latex/hyperref/nameref.sty
Package: nameref 2012/10/27 v2.43 Cross-referencing by name of section

(/usr/share/texlive/texmf-dist/tex/generic/oberdiek/gettitlestring.sty
Package: gettitlestring 2010/12/03 v1.4 Cleanup title references (HO)
)
\c@section@level=\count121
)
LaTeX Info: Redefining \ref on input line 120.
LaTeX Info: Redefining \pageref on input line 120.
LaTeX Info: Redefining \nameref on input line 120.

(./Ana3.out) (./Ana3.out)
\@outlinefile=\write3
\openout3 = `Ana3.out'.

LaTeX Font Info:    Try loading font information for T1+cmss on input line 123.


(/usr/share/texlive/texmf-dist/tex/latex/base/t1cmss.fd
File: t1cmss.fd 1999/05/25 v2.5h Standard LaTeX font definitions
)
LaTeX Font Info:    Try loading font information for U+msa on input line 123.

(/usr/share/texlive/texmf-dist/tex/latex/amsfonts/umsa.fd
File: umsa.fd 2013/01/14 v3.01 AMS symbols A
)
LaTeX Font Info:    Try loading font information for U+msb on input line 123.

(/usr/share/texlive/texmf-dist/tex/latex/amsfonts/umsb.fd
File: umsb.fd 2013/01/14 v3.01 AMS symbols B
)
Package babel Info: Redefining ngerman shorthand "|
(babel)             in language  on input line 123.
Package babel Info: Redefining ngerman shorthand "~
(babel)             in language  on input line 123.
Package babel Info: Redefining ngerman shorthand "|
(babel)             in language  on input line 123.
Package babel Info: Redefining ngerman shorthand "~
(babel)             in language  on input line 123.
 [1



{/var/lib/texmf/fonts/map/pdftex/updmap/pdftex.map}]
Package babel Info: Redefining ngerman shorthand "|
(babel)             in language  on input line 143.
Package babel Info: Redefining ngerman shorthand "~
(babel)             in language  on input line 143.
Package babel Info: Redefining ngerman shorthand "|
(babel)             in language  on input line 143.
Package babel Info: Redefining ngerman shorthand "~
(babel)             in language  on input line 143.
 [2


] (./Ana3.toc)
\tf@toc=\write4
\openout4 = `Ana3.toc'.

Package babel Info: Redefining ngerman shorthand "|
(babel)             in language  on input line 148.
Package babel Info: Redefining ngerman shorthand "~
(babel)             in language  on input line 148.
Package babel Info: Redefining ngerman shorthand "|
(babel)             in language  on input line 148.
Package babel Info: Redefining ngerman shorthand "~
(babel)             in language  on input line 148.
 [1


]
Package babel Info: Redefining ngerman shorthand "|
(babel)             in language  on input line 150.
Package babel Info: Redefining ngerman shorthand "~
(babel)             in language  on input line 150.
Package babel Info: Redefining ngerman shorthand "|
(babel)             in language  on input line 154.
Package babel Info: Redefining ngerman shorthand "~
(babel)             in language  on input line 154.
Package babel Info: Redefining ngerman shorthand "|
(babel)             in language  on input line 208.
Package babel Info: Redefining ngerman shorthand "~
(babel)             in language  on input line 208.
Package babel Info: Redefining ngerman shorthand "|
(babel)             in language  on input line 208.
Package babel Info: Redefining ngerman shorthand "~
(babel)             in language  on input line 208.
 [2]
Package babel Info: Redefining ngerman shorthand "|
(babel)             in language  on input line 210.
Package babel Info: Redefining ngerman shorthand "~
(babel)             in language  on input line 210.
Package babel Info: Redefining ngerman shorthand "|
(babel)             in language  on input line 210.
Package babel Info: Redefining ngerman shorthand "~
(babel)             in language  on input line 210.
 [3]
Package babel Info: Redefining ngerman shorthand "|
(babel)             in language  on input line 231.
Package babel Info: Redefining ngerman shorthand "~
(babel)             in language  on input line 231.
Package babel Info: Redefining ngerman shorthand "|
(babel)             in language  on input line 253.
Package babel Info: Redefining ngerman shorthand "~
(babel)             in language  on input line 253.
Package babel Info: Redefining ngerman shorthand "|
(babel)             in language  on input line 283.
Package babel Info: Redefining ngerman shorthand "~
(babel)             in language  on input line 283.
Package babel Info: Redefining ngerman shorthand "|
(babel)             in language  on input line 283.
Package babel Info: Redefining ngerman shorthand "~
(babel)             in language  on input line 283.
 [4]
Package babel Info: Redefining ngerman shorthand "|
(babel)             in language  on input line 285.
Package babel Info: Redefining ngerman shorthand "~
(babel)             in language  on input line 285.
Package babel Info: Redefining ngerman shorthand "|
(babel)             in language  on input line 285.
Package babel Info: Redefining ngerman shorthand "~
(babel)             in language  on input line 285.
 [5]
Package babel Info: Redefining ngerman shorthand "|
(babel)             in language  on input line 289.
Package babel Info: Redefining ngerman shorthand "~
(babel)             in language  on input line 289.
LaTeX Font Info:    Try loading font information for OMS+cmr on input line 296.


(/usr/share/texlive/texmf-dist/tex/latex/base/omscmr.fd
File: omscmr.fd 1999/05/25 v2.5h Standard LaTeX font definitions
)
LaTeX Font Info:    Font shape `OMS/cmr/m/n' in size <10.95> not available
(Font)              Font shape `OMS/cmsy/m/n' tried instead on input line 296.
Package babel Info: Redefining ngerman shorthand "|
(babel)             in language  on input line 323.
Package babel Info: Redefining ngerman shorthand "~
(babel)             in language  on input line 323.
Package babel Info: Redefining ngerman shorthand "|
(babel)             in language  on input line 323.
Package babel Info: Redefining ngerman shorthand "~
(babel)             in language  on input line 323.
 [6]
Kapitel 1.
Package babel Info: Redefining ngerman shorthand "|
(babel)             in language  on input line 323.
Package babel Info: Redefining ngerman shorthand "~
(babel)             in language  on input line 323.
Package babel Info: Redefining ngerman shorthand "|
(babel)             in language  on input line 325.
Package babel Info: Redefining ngerman shorthand "~
(babel)             in language  on input line 325.
Package babel Info: Redefining ngerman shorthand "|
(babel)             in language  on input line 387.
Package babel Info: Redefining ngerman shorthand "~
(babel)             in language  on input line 387.
Package babel Info: Redefining ngerman shorthand "|
(babel)             in language  on input line 387.
Package babel Info: Redefining ngerman shorthand "~
(babel)             in language  on input line 387.
[7

]
Package babel Info: Redefining ngerman shorthand "|
(babel)             in language  on input line 444.
Package babel Info: Redefining ngerman shorthand "~
(babel)             in language  on input line 444.
Package babel Info: Redefining ngerman shorthand "|
(babel)             in language  on input line 444.
Package babel Info: Redefining ngerman shorthand "~
(babel)             in language  on input line 444.
 [8]
Overfull \hbox (3.89885pt too wide) in paragraph at lines 458--462
|   [] $\OMS/cmsy/m/n/10.95 A \OT1/cmr/m/n/10.95 = \OMS/cmsy/m/n/10.95 f;\OML/c
mm/m/it/10.95 ; \OMS/cmsy/m/n/10.95 f\OT1/cmr/m/n/10.95 1\OMS/cmsy/m/n/10.95 g\
OML/cmm/m/it/10.95 ; \OMS/cmsy/m/n/10.95 f\OT1/cmr/m/n/10.95 2\OMS/cmsy/m/n/10.
95 g\OML/cmm/m/it/10.95 ; \OMS/cmsy/m/n/10.95 f\OT1/cmr/m/n/10.95 1\OML/cmm/m/i
t/10.95 ; \OT1/cmr/m/n/10.95 2\OMS/cmsy/m/n/10.95 g\OML/cmm/m/it/10.95 ; \OMS/c
msy/m/n/10.95 f\OT1/cmr/m/n/10.95 3\OML/cmm/m/it/10.95 ; \OT1/cmr/m/n/10.95 4\O
ML/cmm/m/it/10.95 ; \OT1/cmr/m/n/10.95 5\OMS/cmsy/m/n/10.95 g\OML/cmm/m/it/10.9
5 ; \OMS/cmsy/m/n/10.95 f\OT1/cmr/m/n/10.95 1\OML/cmm/m/it/10.95 ; \OT1/cmr/m/n
/10.95 3\OML/cmm/m/it/10.95 ; \OT1/cmr/m/n/10.95 4\OML/cmm/m/it/10.95 ; \OT1/cm
r/m/n/10.95 5\OMS/cmsy/m/n/10.95 g\OML/cmm/m/it/10.95 ; \OMS/cmsy/m/n/10.95 f\O
T1/cmr/m/n/10.95 2\OML/cmm/m/it/10.95 ; \OT1/cmr/m/n/10.95 3\OML/cmm/m/it/10.95
 ; \OT1/cmr/m/n/10.95 4\OML/cmm/m/it/10.95 ; \OT1/cmr/m/n/10.95 5\OMS/cmsy/m/n/
10.95 g\OML/cmm/m/it/10.95 ; X\OMS/cmsy/m/n/10.95 g$ \T1/cmr/m/n/10.95 ist ei-n
e $\OML/cmm/m/it/10.95 ^^[$\T1/cmr/m/n/10.95 -Algebra.
 []

Package babel Info: Redefining ngerman shorthand "|
(babel)             in language  on input line 507.
Package babel Info: Redefining ngerman shorthand "~
(babel)             in language  on input line 507.
Package babel Info: Redefining ngerman shorthand "|
(babel)             in language  on input line 507.
Package babel Info: Redefining ngerman shorthand "~
(babel)             in language  on input line 507.
[9]
Package babel Info: Redefining ngerman shorthand "|
(babel)             in language  on input line 560.
Package babel Info: Redefining ngerman shorthand "~
(babel)             in language  on input line 560.
Package babel Info: Redefining ngerman shorthand "|
(babel)             in language  on input line 560.
Package babel Info: Redefining ngerman shorthand "~
(babel)             in language  on input line 560.
 [10]
Package babel Info: Redefining ngerman shorthand "|
(babel)             in language  on input line 617.
Package babel Info: Redefining ngerman shorthand "~
(babel)             in language  on input line 617.
Package babel Info: Redefining ngerman shorthand "|
(babel)             in language  on input line 617.
Package babel Info: Redefining ngerman shorthand "~
(babel)             in language  on input line 617.
 [11]
Package babel Info: Redefining ngerman shorthand "|
(babel)             in language  on input line 677.
Package babel Info: Redefining ngerman shorthand "~
(babel)             in language  on input line 677.
Package babel Info: Redefining ngerman shorthand "|
(babel)             in language  on input line 677.
Package babel Info: Redefining ngerman shorthand "~
(babel)             in language  on input line 677.
 [12]
Package babel Info: Redefining ngerman shorthand "|
(babel)             in language  on input line 719.
Package babel Info: Redefining ngerman shorthand "~
(babel)             in language  on input line 719.
Package babel Info: Redefining ngerman shorthand "|
(babel)             in language  on input line 719.
Package babel Info: Redefining ngerman shorthand "~
(babel)             in language  on input line 719.
 [13]
Package babel Info: Redefining ngerman shorthand "|
(babel)             in language  on input line 748.
Package babel Info: Redefining ngerman shorthand "~
(babel)             in language  on input line 748.
Package babel Info: Redefining ngerman shorthand "|
(babel)             in language  on input line 776.
Package babel Info: Redefining ngerman shorthand "~
(babel)             in language  on input line 776.
Package babel Info: Redefining ngerman shorthand "|
(babel)             in language  on input line 776.
Package babel Info: Redefining ngerman shorthand "~
(babel)             in language  on input line 776.
 [14]
Package babel Info: Redefining ngerman shorthand "|
(babel)             in language  on input line 817.
Package babel Info: Redefining ngerman shorthand "~
(babel)             in language  on input line 817.
Package babel Info: Redefining ngerman shorthand "|
(babel)             in language  on input line 817.
Package babel Info: Redefining ngerman shorthand "~
(babel)             in language  on input line 817.
 [15]
Package babel Info: Redefining ngerman shorthand "|
(babel)             in language  on input line 858.
Package babel Info: Redefining ngerman shorthand "~
(babel)             in language  on input line 858.
Package babel Info: Redefining ngerman shorthand "|
(babel)             in language  on input line 858.
Package babel Info: Redefining ngerman shorthand "~
(babel)             in language  on input line 858.
 [16]
Package babel Info: Redefining ngerman shorthand "|
(babel)             in language  on input line 917.
Package babel Info: Redefining ngerman shorthand "~
(babel)             in language  on input line 917.
Package babel Info: Redefining ngerman shorthand "|
(babel)             in language  on input line 917.
Package babel Info: Redefining ngerman shorthand "~
(babel)             in language  on input line 917.
 [17]
Package babel Info: Redefining ngerman shorthand "|
(babel)             in language  on input line 957.
Package babel Info: Redefining ngerman shorthand "~
(babel)             in language  on input line 957.
Package babel Info: Redefining ngerman shorthand "|
(babel)             in language  on input line 957.
Package babel Info: Redefining ngerman shorthand "~
(babel)             in language  on input line 957.
 [18]
Package babel Info: Redefining ngerman shorthand "|
(babel)             in language  on input line 1001.
Package babel Info: Redefining ngerman shorthand "~
(babel)             in language  on input line 1001.
Package babel Info: Redefining ngerman shorthand "|
(babel)             in language  on input line 1001.
Package babel Info: Redefining ngerman shorthand "~
(babel)             in language  on input line 1001.
 [19]
Package babel Info: Redefining ngerman shorthand "|
(babel)             in language  on input line 1059.
Package babel Info: Redefining ngerman shorthand "~
(babel)             in language  on input line 1059.
Package babel Info: Redefining ngerman shorthand "|
(babel)             in language  on input line 1059.
Package babel Info: Redefining ngerman shorthand "~
(babel)             in language  on input line 1059.
 [20]
Package babel Info: Redefining ngerman shorthand "|
(babel)             in language  on input line 1105.
Package babel Info: Redefining ngerman shorthand "~
(babel)             in language  on input line 1105.
Package babel Info: Redefining ngerman shorthand "|
(babel)             in language  on input line 1105.
Package babel Info: Redefining ngerman shorthand "~
(babel)             in language  on input line 1105.
 [21]
Package babel Info: Redefining ngerman shorthand "|
(babel)             in language  on input line 1151.
Package babel Info: Redefining ngerman shorthand "~
(babel)             in language  on input line 1151.
Package babel Info: Redefining ngerman shorthand "|
(babel)             in language  on input line 1151.
Package babel Info: Redefining ngerman shorthand "~
(babel)             in language  on input line 1151.
 [22]
Overfull \hbox (22.14162pt too wide) in paragraph at lines 1199--1201
\T1/cmr/m/n/10.95 Dann $\OT1/cmr/m/n/10.95 3[] = \OML/cmm/m/it/10.95 ^^U[]\OT1/
cmr/m/n/10.95 ([\OMS/cmsy/m/n/10.95 ^^@\OT1/cmr/m/n/10.95 1\OML/cmm/m/it/10.95 
; \OT1/cmr/m/n/10.95 2][]) [] \OML/cmm/m/it/10.95 ^^U[]\OT1/cmr/m/n/10.95 ([][]
 \OML/cmm/m/it/10.95 q[] \OT1/cmr/m/n/10.95 + 
) [] [][] \OML/cmm/m/it/10.95 ^^U[]\OT1/cmr/m/n/10.95 (\OML/cmm/m/it/10.95 q[] 
\OT1/cmr/m/n/10.95 + 
) [] [][] \OML/cmm/m/it/10.95 ^^U[]\OT1/cmr/m/n/10.95 (
) \OMS/cmsy/m/n/10.95 )
 []

Package babel Info: Redefining ngerman shorthand "|
(babel)             in language  on input line 1201.
Package babel Info: Redefining ngerman shorthand "~
(babel)             in language  on input line 1201.
Package babel Info: Redefining ngerman shorthand "|
(babel)             in language  on input line 1201.
Package babel Info: Redefining ngerman shorthand "~
(babel)             in language  on input line 1201.
[23]
Package babel Info: Redefining ngerman shorthand "|
(babel)             in language  on input line 1209.
Package babel Info: Redefining ngerman shorthand "~
(babel)             in language  on input line 1209.
Package babel Info: Redefining ngerman shorthand "|
(babel)             in language  on input line 1209.
Package babel Info: Redefining ngerman shorthand "~
(babel)             in language  on input line 1209.
 [24]
Kapitel 2.
Package babel Info: Redefining ngerman shorthand "|
(babel)             in language  on input line 1209.
Package babel Info: Redefining ngerman shorthand "~
(babel)             in language  on input line 1209.
Package babel Info: Redefining ngerman shorthand "|
(babel)             in language  on input line 1214.
Package babel Info: Redefining ngerman shorthand "~
(babel)             in language  on input line 1214.
Package babel Info: Redefining ngerman shorthand "|
(babel)             in language  on input line 1265.
Package babel Info: Redefining ngerman shorthand "~
(babel)             in language  on input line 1265.
Package babel Info: Redefining ngerman shorthand "|
(babel)             in language  on input line 1265.
Package babel Info: Redefining ngerman shorthand "~
(babel)             in language  on input line 1265.
[25

]
Package babel Info: Redefining ngerman shorthand "|
(babel)             in language  on input line 1310.
Package babel Info: Redefining ngerman shorthand "~
(babel)             in language  on input line 1310.
Package babel Info: Redefining ngerman shorthand "|
(babel)             in language  on input line 1310.
Package babel Info: Redefining ngerman shorthand "~
(babel)             in language  on input line 1310.
 [26]
Package babel Info: Redefining ngerman shorthand "|
(babel)             in language  on input line 1366.
Package babel Info: Redefining ngerman shorthand "~
(babel)             in language  on input line 1366.
Package babel Info: Redefining ngerman shorthand "|
(babel)             in language  on input line 1366.
Package babel Info: Redefining ngerman shorthand "~
(babel)             in language  on input line 1366.
 [27]
Package babel Info: Redefining ngerman shorthand "|
(babel)             in language  on input line 1428.
Package babel Info: Redefining ngerman shorthand "~
(babel)             in language  on input line 1428.
Package babel Info: Redefining ngerman shorthand "|
(babel)             in language  on input line 1428.
Package babel Info: Redefining ngerman shorthand "~
(babel)             in language  on input line 1428.
 [28]
Overfull \hbox (4.26802pt too wide) in paragraph at lines 1467--1469
\T1/cmr/m/n/10.95 Sei $\OT1/cmr/m/n/10.95 
 \OMS/cmsy/m/n/10.95 2 B[]$ \T1/cmr/m/n/10.95 aus [][]Satz 1.26[][], $\OML/cmm/
m/it/10.95 f[] \OT1/cmr/m/n/10.95 := [][]\OML/cmm/m/it/10.95 ;  x \OMS/cmsy/m/n
/10.95 2 \OT1/cmr/m/n/10.95 
$\T1/cmr/m/n/10.95 . Dann sind al-le $\OML/cmm/m/it/10.95 f[]$ \T1/cmr/m/n/10.9
5 mess-bar, aber $[][] [][] \OT1/cmr/m/n/10.95 =
 []

Package babel Info: Redefining ngerman shorthand "|
(babel)             in language  on input line 1482.
Package babel Info: Redefining ngerman shorthand "~
(babel)             in language  on input line 1482.
Package babel Info: Redefining ngerman shorthand "|
(babel)             in language  on input line 1482.
Package babel Info: Redefining ngerman shorthand "~
(babel)             in language  on input line 1482.
[29]
Package babel Info: Redefining ngerman shorthand "|
(babel)             in language  on input line 1529.
Package babel Info: Redefining ngerman shorthand "~
(babel)             in language  on input line 1529.
Package babel Info: Redefining ngerman shorthand "|
(babel)             in language  on input line 1529.
Package babel Info: Redefining ngerman shorthand "~
(babel)             in language  on input line 1529.
 [30]
Overfull \hbox (4.72794pt too wide) in paragraph at lines 1550--1552
\T1/cmr/m/n/10.95 für al-le $\OML/cmm/m/it/10.95 j \OT1/cmr/m/n/10.95 = 0\OML/c
mm/m/it/10.95 ; [] ; n \OMS/cmsy/m/n/10.95 ^^A \OT1/cmr/m/n/10.95 2[]\OML/cmm/m
/it/10.95 ;  n \OMS/cmsy/m/n/10.95 2 \U/msb/m/n/10.95 N$\T1/cmr/m/n/10.95 . Dan
n folgt, dass die Ver-ei-ni-gung $\OML/cmm/m/it/10.95 X \OT1/cmr/m/n/10.95 = []
[] \OML/cmm/m/it/10.95 A[]$
 []

Package babel Info: Redefining ngerman shorthand "|
(babel)             in language  on input line 1589.
Package babel Info: Redefining ngerman shorthand "~
(babel)             in language  on input line 1589.
Package babel Info: Redefining ngerman shorthand "|
(babel)             in language  on input line 1589.
Package babel Info: Redefining ngerman shorthand "~
(babel)             in language  on input line 1589.
[31]
Package babel Info: Redefining ngerman shorthand "|
(babel)             in language  on input line 1598.
Package babel Info: Redefining ngerman shorthand "~
(babel)             in language  on input line 1598.
Package babel Info: Redefining ngerman shorthand "|
(babel)             in language  on input line 1639.
Package babel Info: Redefining ngerman shorthand "~
(babel)             in language  on input line 1639.
Package babel Info: Redefining ngerman shorthand "|
(babel)             in language  on input line 1639.
Package babel Info: Redefining ngerman shorthand "~
(babel)             in language  on input line 1639.
 [32]
Package babel Info: Redefining ngerman shorthand "|
(babel)             in language  on input line 1696.
Package babel Info: Redefining ngerman shorthand "~
(babel)             in language  on input line 1696.
Package babel Info: Redefining ngerman shorthand "|
(babel)             in language  on input line 1696.
Package babel Info: Redefining ngerman shorthand "~
(babel)             in language  on input line 1696.
 [33]
Package babel Info: Redefining ngerman shorthand "|
(babel)             in language  on input line 1751.
Package babel Info: Redefining ngerman shorthand "~
(babel)             in language  on input line 1751.
Package babel Info: Redefining ngerman shorthand "|
(babel)             in language  on input line 1751.
Package babel Info: Redefining ngerman shorthand "~
(babel)             in language  on input line 1751.
 [34]
Package babel Info: Redefining ngerman shorthand "|
(babel)             in language  on input line 1793.
Package babel Info: Redefining ngerman shorthand "~
(babel)             in language  on input line 1793.
Package babel Info: Redefining ngerman shorthand "|
(babel)             in language  on input line 1793.
Package babel Info: Redefining ngerman shorthand "~
(babel)             in language  on input line 1793.
 [35]
Package babel Info: Redefining ngerman shorthand "|
(babel)             in language  on input line 1843.
Package babel Info: Redefining ngerman shorthand "~
(babel)             in language  on input line 1843.
Package babel Info: Redefining ngerman shorthand "|
(babel)             in language  on input line 1843.
Package babel Info: Redefining ngerman shorthand "~
(babel)             in language  on input line 1843.
 [36]
Package babel Info: Redefining ngerman shorthand "|
(babel)             in language  on input line 1897.
Package babel Info: Redefining ngerman shorthand "~
(babel)             in language  on input line 1897.
Package babel Info: Redefining ngerman shorthand "|
(babel)             in language  on input line 1897.
Package babel Info: Redefining ngerman shorthand "~
(babel)             in language  on input line 1897.
 [37]
Package babel Info: Redefining ngerman shorthand "|
(babel)             in language  on input line 1949.
Package babel Info: Redefining ngerman shorthand "~
(babel)             in language  on input line 1949.
Package babel Info: Redefining ngerman shorthand "|
(babel)             in language  on input line 1949.
Package babel Info: Redefining ngerman shorthand "~
(babel)             in language  on input line 1949.
 [38]
Package babel Info: Redefining ngerman shorthand "|
(babel)             in language  on input line 1998.
Package babel Info: Redefining ngerman shorthand "~
(babel)             in language  on input line 1998.
Package babel Info: Redefining ngerman shorthand "|
(babel)             in language  on input line 1998.
Package babel Info: Redefining ngerman shorthand "~
(babel)             in language  on input line 1998.
 [39]
Package babel Info: Redefining ngerman shorthand "|
(babel)             in language  on input line 2044.
Package babel Info: Redefining ngerman shorthand "~
(babel)             in language  on input line 2044.
Package babel Info: Redefining ngerman shorthand "|
(babel)             in language  on input line 2044.
Package babel Info: Redefining ngerman shorthand "~
(babel)             in language  on input line 2044.
 [40]
Package babel Info: Redefining ngerman shorthand "|
(babel)             in language  on input line 2093.
Package babel Info: Redefining ngerman shorthand "~
(babel)             in language  on input line 2093.
Package babel Info: Redefining ngerman shorthand "|
(babel)             in language  on input line 2093.
Package babel Info: Redefining ngerman shorthand "~
(babel)             in language  on input line 2093.
 [41]
Package babel Info: Redefining ngerman shorthand "|
(babel)             in language  on input line 2116.
Package babel Info: Redefining ngerman shorthand "~
(babel)             in language  on input line 2116.
Package babel Info: Redefining ngerman shorthand "|
(babel)             in language  on input line 2116.
Package babel Info: Redefining ngerman shorthand "~
(babel)             in language  on input line 2116.
 [42]
Kapitel 3.
Package babel Info: Redefining ngerman shorthand "|
(babel)             in language  on input line 2116.
Package babel Info: Redefining ngerman shorthand "~
(babel)             in language  on input line 2116.
Package babel Info: Redefining ngerman shorthand "|
(babel)             in language  on input line 2120.
Package babel Info: Redefining ngerman shorthand "~
(babel)             in language  on input line 2120.
Package babel Info: Redefining ngerman shorthand "|
(babel)             in language  on input line 2161.
Package babel Info: Redefining ngerman shorthand "~
(babel)             in language  on input line 2161.
Package babel Info: Redefining ngerman shorthand "|
(babel)             in language  on input line 2161.
Package babel Info: Redefining ngerman shorthand "~
(babel)             in language  on input line 2161.
[43

]
LaTeX Font Info:    Font shape `OMS/cmr/m/it' in size <10.95> not available
(Font)              Font shape `OMS/cmsy/m/n' tried instead on input line 2183.

Package babel Info: Redefining ngerman shorthand "|
(babel)             in language  on input line 2212.
Package babel Info: Redefining ngerman shorthand "~
(babel)             in language  on input line 2212.
Package babel Info: Redefining ngerman shorthand "|
(babel)             in language  on input line 2212.
Package babel Info: Redefining ngerman shorthand "~
(babel)             in language  on input line 2212.
 [44]
Overfull \hbox (18.71443pt too wide) in paragraph at lines 2236--2240
\T1/cmr/m/n/10.95 Dann exis-tiert ei-ne mess-ba-re Funk-ti-on $\OML/cmm/m/it/10
.95 f \OT1/cmr/m/n/10.95 : \OML/cmm/m/it/10.95 X \OMS/cmsy/m/n/10.95 ! \OT1/cmr
/m/n/10.95 [0\OML/cmm/m/it/10.95 ; \OMS/cmsy/m/n/10.95 1\OT1/cmr/m/n/10.95 ]$ \
T1/cmr/m/n/10.95 mit $\OML/cmm/m/it/10.95 f[] [] f$ \T1/cmr/m/n/10.95 und $[][]
 [][] \OML/cmm/m/it/10.95 f[]dx \OT1/cmr/m/n/10.95 =
 []

Package babel Info: Redefining ngerman shorthand "|
(babel)             in language  on input line 2251.
Package babel Info: Redefining ngerman shorthand "~
(babel)             in language  on input line 2251.
Package babel Info: Redefining ngerman shorthand "|
(babel)             in language  on input line 2259.
Package babel Info: Redefining ngerman shorthand "~
(babel)             in language  on input line 2259.
Package babel Info: Redefining ngerman shorthand "|
(babel)             in language  on input line 2259.
Package babel Info: Redefining ngerman shorthand "~
(babel)             in language  on input line 2259.
[45]
Package babel Info: Redefining ngerman shorthand "|
(babel)             in language  on input line 2302.
Package babel Info: Redefining ngerman shorthand "~
(babel)             in language  on input line 2302.
Package babel Info: Redefining ngerman shorthand "|
(babel)             in language  on input line 2302.
Package babel Info: Redefining ngerman shorthand "~
(babel)             in language  on input line 2302.
 [46]
Package babel Info: Redefining ngerman shorthand "|
(babel)             in language  on input line 2353.
Package babel Info: Redefining ngerman shorthand "~
(babel)             in language  on input line 2353.
Package babel Info: Redefining ngerman shorthand "|
(babel)             in language  on input line 2353.
Package babel Info: Redefining ngerman shorthand "~
(babel)             in language  on input line 2353.
 [47]
Package babel Info: Redefining ngerman shorthand "|
(babel)             in language  on input line 2390.
Package babel Info: Redefining ngerman shorthand "~
(babel)             in language  on input line 2390.
Package babel Info: Redefining ngerman shorthand "|
(babel)             in language  on input line 2390.
Package babel Info: Redefining ngerman shorthand "~
(babel)             in language  on input line 2390.
 [48]
Package babel Info: Redefining ngerman shorthand "|
(babel)             in language  on input line 2441.
Package babel Info: Redefining ngerman shorthand "~
(babel)             in language  on input line 2441.
Package babel Info: Redefining ngerman shorthand "|
(babel)             in language  on input line 2441.
Package babel Info: Redefining ngerman shorthand "~
(babel)             in language  on input line 2441.
 [49]
Package babel Info: Redefining ngerman shorthand "|
(babel)             in language  on input line 2481.
Package babel Info: Redefining ngerman shorthand "~
(babel)             in language  on input line 2481.
Package babel Info: Redefining ngerman shorthand "|
(babel)             in language  on input line 2481.
Package babel Info: Redefining ngerman shorthand "~
(babel)             in language  on input line 2481.
 [50]
Package babel Info: Redefining ngerman shorthand "|
(babel)             in language  on input line 2504.
Package babel Info: Redefining ngerman shorthand "~
(babel)             in language  on input line 2504.
Package babel Info: Redefining ngerman shorthand "|
(babel)             in language  on input line 2526.
Package babel Info: Redefining ngerman shorthand "~
(babel)             in language  on input line 2526.
Package babel Info: Redefining ngerman shorthand "|
(babel)             in language  on input line 2526.
Package babel Info: Redefining ngerman shorthand "~
(babel)             in language  on input line 2526.
 [51]
Package babel Info: Redefining ngerman shorthand "|
(babel)             in language  on input line 2601.
Package babel Info: Redefining ngerman shorthand "~
(babel)             in language  on input line 2601.
Package babel Info: Redefining ngerman shorthand "|
(babel)             in language  on input line 2601.
Package babel Info: Redefining ngerman shorthand "~
(babel)             in language  on input line 2601.
 [52]
Package babel Info: Redefining ngerman shorthand "|
(babel)             in language  on input line 2642.
Package babel Info: Redefining ngerman shorthand "~
(babel)             in language  on input line 2642.
Package babel Info: Redefining ngerman shorthand "|
(babel)             in language  on input line 2642.
Package babel Info: Redefining ngerman shorthand "~
(babel)             in language  on input line 2642.
 [53]
Package babel Info: Redefining ngerman shorthand "|
(babel)             in language  on input line 2697.
Package babel Info: Redefining ngerman shorthand "~
(babel)             in language  on input line 2697.
Package babel Info: Redefining ngerman shorthand "|
(babel)             in language  on input line 2697.
Package babel Info: Redefining ngerman shorthand "~
(babel)             in language  on input line 2697.
 [54]
Package babel Info: Redefining ngerman shorthand "|
(babel)             in language  on input line 2757.
Package babel Info: Redefining ngerman shorthand "~
(babel)             in language  on input line 2757.
Package babel Info: Redefining ngerman shorthand "|
(babel)             in language  on input line 2757.
Package babel Info: Redefining ngerman shorthand "~
(babel)             in language  on input line 2757.
 [55]
Package babel Info: Redefining ngerman shorthand "|
(babel)             in language  on input line 2815.
Package babel Info: Redefining ngerman shorthand "~
(babel)             in language  on input line 2815.
Package babel Info: Redefining ngerman shorthand "|
(babel)             in language  on input line 2815.
Package babel Info: Redefining ngerman shorthand "~
(babel)             in language  on input line 2815.
 [56]
Package babel Info: Redefining ngerman shorthand "|
(babel)             in language  on input line 2854.
Package babel Info: Redefining ngerman shorthand "~
(babel)             in language  on input line 2854.
Package babel Info: Redefining ngerman shorthand "|
(babel)             in language  on input line 2854.
Package babel Info: Redefining ngerman shorthand "~
(babel)             in language  on input line 2854.
 [57]
Package babel Info: Redefining ngerman shorthand "|
(babel)             in language  on input line 2894.
Package babel Info: Redefining ngerman shorthand "~
(babel)             in language  on input line 2894.
Package babel Info: Redefining ngerman shorthand "|
(babel)             in language  on input line 2894.
Package babel Info: Redefining ngerman shorthand "~
(babel)             in language  on input line 2894.
 [58]
Package babel Info: Redefining ngerman shorthand "|
(babel)             in language  on input line 2947.
Package babel Info: Redefining ngerman shorthand "~
(babel)             in language  on input line 2947.
Package babel Info: Redefining ngerman shorthand "|
(babel)             in language  on input line 2947.
Package babel Info: Redefining ngerman shorthand "~
(babel)             in language  on input line 2947.
 [59]
Package babel Info: Redefining ngerman shorthand "|
(babel)             in language  on input line 2997.
Package babel Info: Redefining ngerman shorthand "~
(babel)             in language  on input line 2997.
Package babel Info: Redefining ngerman shorthand "|
(babel)             in language  on input line 2997.
Package babel Info: Redefining ngerman shorthand "~
(babel)             in language  on input line 2997.

[60]
Package babel Info: Redefining ngerman shorthand "|
(babel)             in language  on input line 3027.
Package babel Info: Redefining ngerman shorthand "~
(babel)             in language  on input line 3027.
Package babel Info: Redefining ngerman shorthand "|
(babel)             in language  on input line 3027.
Package babel Info: Redefining ngerman shorthand "~
(babel)             in language  on input line 3027.
 [61]
Package babel Info: Redefining ngerman shorthand "|
(babel)             in language  on input line 3053.
Package babel Info: Redefining ngerman shorthand "~
(babel)             in language  on input line 3053.
Package babel Info: Redefining ngerman shorthand "|
(babel)             in language  on input line 3075.
Package babel Info: Redefining ngerman shorthand "~
(babel)             in language  on input line 3075.
Package babel Info: Redefining ngerman shorthand "|
(babel)             in language  on input line 3075.
Package babel Info: Redefining ngerman shorthand "~
(babel)             in language  on input line 3075.
 [62]
Package babel Info: Redefining ngerman shorthand "|
(babel)             in language  on input line 3130.
Package babel Info: Redefining ngerman shorthand "~
(babel)             in language  on input line 3130.
Package babel Info: Redefining ngerman shorthand "|
(babel)             in language  on input line 3130.
Package babel Info: Redefining ngerman shorthand "~
(babel)             in language  on input line 3130.
 [63]
Package babel Info: Redefining ngerman shorthand "|
(babel)             in language  on input line 3173.
Package babel Info: Redefining ngerman shorthand "~
(babel)             in language  on input line 3173.
Package babel Info: Redefining ngerman shorthand "|
(babel)             in language  on input line 3173.
Package babel Info: Redefining ngerman shorthand "~
(babel)             in language  on input line 3173.
 [64]
Package babel Info: Redefining ngerman shorthand "|
(babel)             in language  on input line 3227.
Package babel Info: Redefining ngerman shorthand "~
(babel)             in language  on input line 3227.
Package babel Info: Redefining ngerman shorthand "|
(babel)             in language  on input line 3227.
Package babel Info: Redefining ngerman shorthand "~
(babel)             in language  on input line 3227.
 [65]
Package babel Info: Redefining ngerman shorthand "|
(babel)             in language  on input line 3283.
Package babel Info: Redefining ngerman shorthand "~
(babel)             in language  on input line 3283.
Package babel Info: Redefining ngerman shorthand "|
(babel)             in language  on input line 3283.
Package babel Info: Redefining ngerman shorthand "~
(babel)             in language  on input line 3283.
 [66]
Package babel Info: Redefining ngerman shorthand "|
(babel)             in language  on input line 3342.
Package babel Info: Redefining ngerman shorthand "~
(babel)             in language  on input line 3342.
Package babel Info: Redefining ngerman shorthand "|
(babel)             in language  on input line 3342.
Package babel Info: Redefining ngerman shorthand "~
(babel)             in language  on input line 3342.
 [67]
Overfull \hbox (6.45691pt too wide) in paragraph at lines 3374--3375
[][]\T1/cmr/bx/n/10.95 Beispiel 3.36 \T1/cmr/m/n/10.95 (ro-ta-ti-ons-sym-me-tri
-sche Funk-ti-on)\T1/cmr/bx/n/10.95 . []\T1/cmr/m/n/10.95 Sei $\OML/cmm/m/it/10
.95 I \OMS/cmsy/m/n/10.95 ^^Z \U/msb/m/n/10.95 R[]$ \T1/cmr/m/n/10.95 ein In-te
r-vall, $\OML/cmm/m/it/10.95 a \OT1/cmr/m/n/10.95 = [] \OML/cmm/m/it/10.95 I[];
  b \OT1/cmr/m/n/10.95 =
 []

Package babel Info: Redefining ngerman shorthand "|
(babel)             in language  on input line 3399.
Package babel Info: Redefining ngerman shorthand "~
(babel)             in language  on input line 3399.
Package babel Info: Redefining ngerman shorthand "|
(babel)             in language  on input line 3399.
Package babel Info: Redefining ngerman shorthand "~
(babel)             in language  on input line 3399.
[68]
Package babel Info: Redefining ngerman shorthand "|
(babel)             in language  on input line 3454.
Package babel Info: Redefining ngerman shorthand "~
(babel)             in language  on input line 3454.
Package babel Info: Redefining ngerman shorthand "|
(babel)             in language  on input line 3454.
Package babel Info: Redefining ngerman shorthand "~
(babel)             in language  on input line 3454.
 [69]
Package babel Info: Redefining ngerman shorthand "|
(babel)             in language  on input line 3468.
Package babel Info: Redefining ngerman shorthand "~
(babel)             in language  on input line 3468.
Package babel Info: Redefining ngerman shorthand "|
(babel)             in language  on input line 3468.
Package babel Info: Redefining ngerman shorthand "~
(babel)             in language  on input line 3468.
 [70]
Kapitel 4.
Package babel Info: Redefining ngerman shorthand "|
(babel)             in language  on input line 3468.
Package babel Info: Redefining ngerman shorthand "~
(babel)             in language  on input line 3468.
Package babel Info: Redefining ngerman shorthand "|
(babel)             in language  on input line 3472.
Package babel Info: Redefining ngerman shorthand "~
(babel)             in language  on input line 3472.

Overfull \hbox (4.56155pt too wide) in paragraph at lines 3490--3491
[]\T1/cmr/m/n/10.95 Wenn in [][]Def 4.1[][] $\OML/cmm/m/it/10.95   \OMS/cmsy/m/
n/10.95 2 \OML/cmm/m/it/10.95 C[]\OT1/cmr/m/n/10.95 ([]\OML/cmm/m/it/10.95 ; \U
/msb/m/n/10.95 R[]\OT1/cmr/m/n/10.95 )$\T1/cmr/m/n/10.95 , dann gilt auch $\OML
/cmm/m/it/10.95  [] \OMS/cmsy/m/n/10.95 2 \OML/cmm/m/it/10.95 C[]\OT1/cmr/m/n/1
0.95 ([]\OML/cmm/m/it/10.95 ; \U/msb/m/n/10.95 R[]\OT1/cmr/m/n/10.95 )$\T1/cmr/
m/n/10.95 .
 []

Package babel Info: Redefining ngerman shorthand "|
(babel)             in language  on input line 3519.
Package babel Info: Redefining ngerman shorthand "~
(babel)             in language  on input line 3519.
Package babel Info: Redefining ngerman shorthand "|
(babel)             in language  on input line 3519.
Package babel Info: Redefining ngerman shorthand "~
(babel)             in language  on input line 3519.
[71

]
Overfull \hbox (20.15868pt too wide) in paragraph at lines 3557--3558
\T1/cmr/m/n/10.95 Sei $\OML/cmm/m/it/10.95 x \OMS/cmsy/m/n/10.95 2 \OML/cmm/m/i
t/10.95 @D$\T1/cmr/m/n/10.95 , $\OML/cmm/m/it/10.95 F$ \T1/cmr/m/n/10.95 sei ei
-ne [][]Pa-ra-me-tri-sie-rung[][] wie in [][]Def 4.1[][] mit $\OML/cmm/m/it/10.
95 F\OT1/cmr/m/n/10.95 (\OML/cmm/m/it/10.95 t\OT1/cmr/m/n/10.95 ) = \OML/cmm/m/
it/10.95 x$\T1/cmr/m/n/10.95 . Sei $\OML/cmm/m/it/10.95 ^^^ \OMS/cmsy/m/n/10.95
 2 \OML/cmm/m/it/10.95 C[]\OT1/cmr/m/n/10.95 ((\OMS/cmsy/m/n/10.95 ^^@\OT1/cmr/
m/n/10.95 1\OML/cmm/m/it/10.95 ; \OT1/cmr/m/n/10.95 1)\OML/cmm/m/it/10.95 ; \U/
msb/m/n/10.95 R[]\OT1/cmr/m/n/10.95 )$
 []

Package babel Info: Redefining ngerman shorthand "|
(babel)             in language  on input line 3564.
Package babel Info: Redefining ngerman shorthand "~
(babel)             in language  on input line 3564.
Package babel Info: Redefining ngerman shorthand "|
(babel)             in language  on input line 3564.
Package babel Info: Redefining ngerman shorthand "~
(babel)             in language  on input line 3564.
[72]
Package babel Info: Redefining ngerman shorthand "|
(babel)             in language  on input line 3625.
Package babel Info: Redefining ngerman shorthand "~
(babel)             in language  on input line 3625.
Package babel Info: Redefining ngerman shorthand "|
(babel)             in language  on input line 3625.
Package babel Info: Redefining ngerman shorthand "~
(babel)             in language  on input line 3625.
 [73]
Package babel Info: Redefining ngerman shorthand "|
(babel)             in language  on input line 3660.
Package babel Info: Redefining ngerman shorthand "~
(babel)             in language  on input line 3660.
Package babel Info: Redefining ngerman shorthand "|
(babel)             in language  on input line 3660.
Package babel Info: Redefining ngerman shorthand "~
(babel)             in language  on input line 3660.
 [74]
Package babel Info: Redefining ngerman shorthand "|
(babel)             in language  on input line 3675.
Package babel Info: Redefining ngerman shorthand "~
(babel)             in language  on input line 3675.

Overfull \hbox (5.47156pt too wide) in paragraph at lines 3685--3686
[]$\OML/cmm/m/it/10.95 T[]$ \T1/cmr/m/n/10.95 ist ein Par-al-le-lo-gramm in $[]
[]$, das von $\OML/cmm/m/it/10.95 v[] \OT1/cmr/m/n/10.95 = \OML/cmm/m/it/10.95 
@[]F\OT1/cmr/m/n/10.95 (\OML/cmm/m/it/10.95 s[]; t[]\OT1/cmr/m/n/10.95 )^^A\OML
/cmm/m/it/10.95 s[]$ \T1/cmr/m/n/10.95 und $\OML/cmm/m/it/10.95 v[] \OT1/cmr/m/
n/10.95 = \OML/cmm/m/it/10.95 @[]F\OT1/cmr/m/n/10.95 (\OML/cmm/m/it/10.95 s[]; 
t[]\OT1/cmr/m/n/10.95 )^^A\OML/cmm/m/it/10.95 t[]$\T1/cmr/m/n/10.95 .
 []

Package babel Info: Redefining ngerman shorthand "|
(babel)             in language  on input line 3707.
Package babel Info: Redefining ngerman shorthand "~
(babel)             in language  on input line 3707.
Package babel Info: Redefining ngerman shorthand "|
(babel)             in language  on input line 3707.
Package babel Info: Redefining ngerman shorthand "~
(babel)             in language  on input line 3707.
[75]
Overfull \hbox (18.2384pt too wide) in paragraph at lines 3707--3708
[][]\T1/cmr/bx/n/10.95 Definition 4.8. []\T1/cmr/m/n/10.95 Sei $\OML/cmm/m/it/1
0.95 F \OT1/cmr/m/n/10.95 : \OML/cmm/m/it/10.95 U \OMS/cmsy/m/n/10.95 ! \U/msb/
m/n/10.95 R[]$ \T1/cmr/m/n/10.95 ei-ne [][]Pa-ra-me-tri-sie-rung[][]. Dann ist 
die []|   []   |   []
 []


Overfull \hbox (1.2073pt too wide) in paragraph at lines 3731--3732
\T1/cmr/m/n/10.95 sphä-ri-schen Ko-or-di-na-ten (sie-he [][]Bsp 4.3[][]a), [][]
Bsp 4.6[][]a)). Dann gilt für $\OML/cmm/m/it/10.95 ' \OMS/cmsy/m/n/10.95 2 \OT1
/cmr/m/n/10.95 (0\OML/cmm/m/it/10.95 ; \OT1/cmr/m/n/10.95 2\OML/cmm/m/it/10.95 
^^Y\OT1/cmr/m/n/10.95 )\OML/cmm/m/it/10.95 ;  \OT1/cmr/m/n/10.95 ^^B \OMS/cmsy/
m/n/10.95 2
 []

Package babel Info: Redefining ngerman shorthand "|
(babel)             in language  on input line 3800.
Package babel Info: Redefining ngerman shorthand "~
(babel)             in language  on input line 3800.
Package babel Info: Redefining ngerman shorthand "|
(babel)             in language  on input line 3800.
Package babel Info: Redefining ngerman shorthand "~
(babel)             in language  on input line 3800.
[76]
Overfull \hbox (6.0945pt too wide) in paragraph at lines 3815--3816
[]\T1/cmr/m/n/10.95 Sei fer-ner $\OML/cmm/m/it/10.95 f$ \T1/cmr/m/n/10.95 po-si
-tiv oder $\OML/cmm/m/it/10.95 f \OMS/cmsy/m/n/10.95 ^^N \OML/cmm/m/it/10.95 F 
\OMS/cmsy/m/n/10.95 ^^A []$ \T1/cmr/m/n/10.95 in-te-grier-bar, dann de-fi-nie-r
en wir das |   []
 []

Package babel Info: Redefining ngerman shorthand "|
(babel)             in language  on input line 3852.
Package babel Info: Redefining ngerman shorthand "~
(babel)             in language  on input line 3852.
Package babel Info: Redefining ngerman shorthand "|
(babel)             in language  on input line 3852.
Package babel Info: Redefining ngerman shorthand "~
(babel)             in language  on input line 3852.
[77]
Package babel Info: Redefining ngerman shorthand "|
(babel)             in language  on input line 3898.
Package babel Info: Redefining ngerman shorthand "~
(babel)             in language  on input line 3898.
Package babel Info: Redefining ngerman shorthand "|
(babel)             in language  on input line 3898.
Package babel Info: Redefining ngerman shorthand "~
(babel)             in language  on input line 3898.
 [78]
Package babel Info: Redefining ngerman shorthand "|
(babel)             in language  on input line 3937.
Package babel Info: Redefining ngerman shorthand "~
(babel)             in language  on input line 3937.
Package babel Info: Redefining ngerman shorthand "|
(babel)             in language  on input line 3937.
Package babel Info: Redefining ngerman shorthand "~
(babel)             in language  on input line 3937.
 [79]
Package babel Info: Redefining ngerman shorthand "|
(babel)             in language  on input line 3974.
Package babel Info: Redefining ngerman shorthand "~
(babel)             in language  on input line 3974.
Package babel Info: Redefining ngerman shorthand "|
(babel)             in language  on input line 3974.
Package babel Info: Redefining ngerman shorthand "~
(babel)             in language  on input line 3974.
 [80]
Package babel Info: Redefining ngerman shorthand "|
(babel)             in language  on input line 4036.
Package babel Info: Redefining ngerman shorthand "~
(babel)             in language  on input line 4036.
Package babel Info: Redefining ngerman shorthand "|
(babel)             in language  on input line 4036.
Package babel Info: Redefining ngerman shorthand "~
(babel)             in language  on input line 4036.
 [81]
Package babel Info: Redefining ngerman shorthand "|
(babel)             in language  on input line 4073.
Package babel Info: Redefining ngerman shorthand "~
(babel)             in language  on input line 4073.
Package babel Info: Redefining ngerman shorthand "|
(babel)             in language  on input line 4073.
Package babel Info: Redefining ngerman shorthand "~
(babel)             in language  on input line 4073.
 [82]
Overfull \hbox (29.5642pt too wide) in paragraph at lines 4091--4093
\OML/cmm/m/it/10.95 Q\OT1/cmr/m/n/10.95 (\OML/cmm/m/it/10.95 x[]; [] ; x[]\OT1/
cmr/m/n/10.95 ) := (\OMS/cmsy/m/n/10.95 ^^@\OML/cmm/m/it/10.95 x[]; x[]; x[]; [
] ; x[]; x[]\OT1/cmr/m/n/10.95 )$ $(\OML/cmm/m/it/10.95 d \OMS/cmsy/m/n/10.95 ^
^U \OT1/cmr/m/n/10.95 3)$\T1/cmr/m/n/10.95 . Dann folgt $[]\OT1/cmr/m/n/10.95 (
\OML/cmm/m/it/10.95 W[]\OT1/cmr/m/n/10.95 ) = \OML/cmm/m/it/10.95 @B\OT1/cmr/m/
n/10.95 (0\OML/cmm/m/it/10.95 ; R\OT1/cmr/m/n/10.95 )\OMS/cmsy/m/n/10.95 n\OT1/
cmr/m/n/10.95 (\U/msb/m/n/10.95 R[] \OMS/cmsy/m/n/10.95 ^^B
 []

Package babel Info: Redefining ngerman shorthand "|
(babel)             in language  on input line 4113.
Package babel Info: Redefining ngerman shorthand "~
(babel)             in language  on input line 4113.
Package babel Info: Redefining ngerman shorthand "|
(babel)             in language  on input line 4113.
Package babel Info: Redefining ngerman shorthand "~
(babel)             in language  on input line 4113.
[83]
Package babel Info: Redefining ngerman shorthand "|
(babel)             in language  on input line 4118.
Package babel Info: Redefining ngerman shorthand "~
(babel)             in language  on input line 4118.
Package babel Info: Redefining ngerman shorthand "|
(babel)             in language  on input line 4156.
Package babel Info: Redefining ngerman shorthand "~
(babel)             in language  on input line 4156.
Package babel Info: Redefining ngerman shorthand "|
(babel)             in language  on input line 4156.
Package babel Info: Redefining ngerman shorthand "~
(babel)             in language  on input line 4156.
 [84]
Package babel Info: Redefining ngerman shorthand "|
(babel)             in language  on input line 4215.
Package babel Info: Redefining ngerman shorthand "~
(babel)             in language  on input line 4215.
Package babel Info: Redefining ngerman shorthand "|
(babel)             in language  on input line 4215.
Package babel Info: Redefining ngerman shorthand "~
(babel)             in language  on input line 4215.
 [85]
Package babel Info: Redefining ngerman shorthand "|
(babel)             in language  on input line 4252.
Package babel Info: Redefining ngerman shorthand "~
(babel)             in language  on input line 4252.
Package babel Info: Redefining ngerman shorthand "|
(babel)             in language  on input line 4252.
Package babel Info: Redefining ngerman shorthand "~
(babel)             in language  on input line 4252.
 [86]
Package babel Info: Redefining ngerman shorthand "|
(babel)             in language  on input line 4294.
Package babel Info: Redefining ngerman shorthand "~
(babel)             in language  on input line 4294.
Package babel Info: Redefining ngerman shorthand "|
(babel)             in language  on input line 4294.
Package babel Info: Redefining ngerman shorthand "~
(babel)             in language  on input line 4294.
 [87]
Package babel Info: Redefining ngerman shorthand "|
(babel)             in language  on input line 4356.
Package babel Info: Redefining ngerman shorthand "~
(babel)             in language  on input line 4356.
Package babel Info: Redefining ngerman shorthand "|
(babel)             in language  on input line 4356.
Package babel Info: Redefining ngerman shorthand "~
(babel)             in language  on input line 4356.
 [88]
Package babel Info: Redefining ngerman shorthand "|
(babel)             in language  on input line 4408.
Package babel Info: Redefining ngerman shorthand "~
(babel)             in language  on input line 4408.
Package babel Info: Redefining ngerman shorthand "|
(babel)             in language  on input line 4408.
Package babel Info: Redefining ngerman shorthand "~
(babel)             in language  on input line 4408.
 [89]
Package babel Info: Redefining ngerman shorthand "|
(babel)             in language  on input line 4450.
Package babel Info: Redefining ngerman shorthand "~
(babel)             in language  on input line 4450.
Package babel Info: Redefining ngerman shorthand "|
(babel)             in language  on input line 4450.
Package babel Info: Redefining ngerman shorthand "~
(babel)             in language  on input line 4450.
 [90]
Package babel Info: Redefining ngerman shorthand "|
(babel)             in language  on input line 4502.
Package babel Info: Redefining ngerman shorthand "~
(babel)             in language  on input line 4502.
Package babel Info: Redefining ngerman shorthand "|
(babel)             in language  on input line 4502.
Package babel Info: Redefining ngerman shorthand "~
(babel)             in language  on input line 4502.
 [91]
Overfull \hbox (23.3862pt too wide) in paragraph at lines 4525--4526
[]\T1/cmr/bx/n/10.95 Beispiel. []\T1/cmr/m/n/10.95 Ei-ne Ku-gel-kap-pe lässt si
ch mit dem Graph von $\OML/cmm/m/it/10.95 h\OT1/cmr/m/n/10.95 (\OML/cmm/m/it/10
.95 x[]; x[]; x[]\OT1/cmr/m/n/10.95 ) = []$
 []

Package babel Info: Redefining ngerman shorthand "|
(babel)             in language  on input line 4537.
Package babel Info: Redefining ngerman shorthand "~
(babel)             in language  on input line 4537.
Package babel Info: Redefining ngerman shorthand "|
(babel)             in language  on input line 4537.
Package babel Info: Redefining ngerman shorthand "~
(babel)             in language  on input line 4537.
[92]
Kapitel 5.
Package babel Info: Redefining ngerman shorthand "|
(babel)             in language  on input line 4537.
Package babel Info: Redefining ngerman shorthand "~
(babel)             in language  on input line 4537.
Package babel Info: Redefining ngerman shorthand "|
(babel)             in language  on input line 4544.
Package babel Info: Redefining ngerman shorthand "~
(babel)             in language  on input line 4544.

Package hyperref Warning: Token not allowed in a PDF string (PDFDocEncoding):
(hyperref)                removing `math shift' on input line 4544.


Package hyperref Warning: Token not allowed in a PDF string (PDFDocEncoding):
(hyperref)                removing `superscript' on input line 4544.


Package hyperref Warning: Token not allowed in a PDF string (PDFDocEncoding):
(hyperref)                removing `math shift' on input line 4544.

Package babel Info: Redefining ngerman shorthand "|
(babel)             in language  on input line 4585.
Package babel Info: Redefining ngerman shorthand "~
(babel)             in language  on input line 4585.
Package babel Info: Redefining ngerman shorthand "|
(babel)             in language  on input line 4585.
Package babel Info: Redefining ngerman shorthand "~
(babel)             in language  on input line 4585.
[93

]
Package babel Info: Redefining ngerman shorthand "|
(babel)             in language  on input line 4646.
Package babel Info: Redefining ngerman shorthand "~
(babel)             in language  on input line 4646.
Package babel Info: Redefining ngerman shorthand "|
(babel)             in language  on input line 4646.
Package babel Info: Redefining ngerman shorthand "~
(babel)             in language  on input line 4646.
 [94]
Package babel Info: Redefining ngerman shorthand "|
(babel)             in language  on input line 4688.
Package babel Info: Redefining ngerman shorthand "~
(babel)             in language  on input line 4688.
Package babel Info: Redefining ngerman shorthand "|
(babel)             in language  on input line 4688.
Package babel Info: Redefining ngerman shorthand "~
(babel)             in language  on input line 4688.
 [95]
Package babel Info: Redefining ngerman shorthand "|
(babel)             in language  on input line 4753.
Package babel Info: Redefining ngerman shorthand "~
(babel)             in language  on input line 4753.
Package babel Info: Redefining ngerman shorthand "|
(babel)             in language  on input line 4753.
Package babel Info: Redefining ngerman shorthand "~
(babel)             in language  on input line 4753.
 [96]
Package babel Info: Redefining ngerman shorthand "|
(babel)             in language  on input line 4812.
Package babel Info: Redefining ngerman shorthand "~
(babel)             in language  on input line 4812.
Package babel Info: Redefining ngerman shorthand "|
(babel)             in language  on input line 4812.
Package babel Info: Redefining ngerman shorthand "~
(babel)             in language  on input line 4812.
 [97]
Package babel Info: Redefining ngerman shorthand "|
(babel)             in language  on input line 4858.
Package babel Info: Redefining ngerman shorthand "~
(babel)             in language  on input line 4858.
Package babel Info: Redefining ngerman shorthand "|
(babel)             in language  on input line 4858.
Package babel Info: Redefining ngerman shorthand "~
(babel)             in language  on input line 4858.
 [98]
Overfull \hbox (1.63898pt too wide) in paragraph at lines 4895--4896
[]\T1/cmr/m/n/10.95 Also folgt aus Kon-ver-genz $\OML/cmm/m/it/10.95 f[] [] f$ 
\T1/cmr/m/n/10.95 in $\OMS/cmsy/m/n/10.95 L[]\OT1/cmr/m/n/10.95 (\OML/cmm/m/it/
10.95 X\OT1/cmr/m/n/10.95 )$ |   [] \T1/cmr/m/n/10.95 die punkt-wei-se Kon-ver-
genz $\OML/cmm/m/it/10.95 f[] []
 []

Package babel Info: Redefining ngerman shorthand "|
(babel)             in language  on input line 4913.
Package babel Info: Redefining ngerman shorthand "~
(babel)             in language  on input line 4913.
Package babel Info: Redefining ngerman shorthand "|
(babel)             in language  on input line 4913.
Package babel Info: Redefining ngerman shorthand "~
(babel)             in language  on input line 4913.
[99]
Package atveryend Info: Empty hook `BeforeClearDocument' on input line 4949.
Package babel Info: Redefining ngerman shorthand "|
(babel)             in language  on input line 4949.
Package babel Info: Redefining ngerman shorthand "~
(babel)             in language  on input line 4949.
Package babel Info: Redefining ngerman shorthand "|
(babel)             in language  on input line 4949.
Package babel Info: Redefining ngerman shorthand "~
(babel)             in language  on input line 4949.
 [100]
Package atveryend Info: Empty hook `AfterLastShipout' on input line 4949.
 (./Ana3.aux)
Package atveryend Info: Executing hook `AtVeryEndDocument' on input line 4949.
Package atveryend Info: Executing hook `AtEndAfterFileList' on input line 4949.

Package rerunfilecheck Info: File `Ana3.out' has not changed.
(rerunfilecheck)             Checksum: A51F58081080C012BD1B1398551ADE07;1509.
Package atveryend Info: Empty hook `AtVeryVeryEnd' on input line 4949.
 )
(\end occurred inside a group at level 4)

### simple group (level 4) entered at line 1945 ({)
### simple group (level 3) entered at line 771 ({)
### simple group (level 2) entered at line 542 ({)
### simple group (level 1) entered at line 487 ({)
### bottom level 
Here is how much of TeX's memory you used:
 9030 strings out of 493304
 126407 string characters out of 6139872
 273271 words of memory out of 5000000
 11845 multiletter control sequences out of 15000+600000
 27377 words of font info for 72 fonts, out of 8000000 for 9000
 957 hyphenation exceptions out of 8191
 40i,28n,51p,751b,863s stack positions out of 5000i,500n,10000p,200000b,80000s
{/usr/share/texmf/fonts/enc/dvips/cm-super/cm-super-t1.enc}</us
r/share/texlive/texmf-dist/fonts/type1/public/amsfonts/cm/cmex10.pfb></usr/shar
e/texlive/texmf-dist/fonts/type1/public/amsfonts/cmextra/cmex8.pfb></usr/share/
texlive/texmf-dist/fonts/type1/public/amsfonts/cm/cmmi10.pfb></usr/share/texliv
e/texmf-dist/fonts/type1/public/amsfonts/cm/cmmi12.pfb></usr/share/texlive/texm
f-dist/fonts/type1/public/amsfonts/cm/cmmi5.pfb></usr/share/texlive/texmf-dist/
fonts/type1/public/amsfonts/cm/cmmi6.pfb></usr/share/texlive/texmf-dist/fonts/t
ype1/public/amsfonts/cm/cmmi8.pfb></usr/share/texlive/texmf-dist/fonts/type1/pu
blic/amsfonts/cm/cmr10.pfb></usr/share/texlive/texmf-dist/fonts/type1/public/am
sfonts/cm/cmr12.pfb></usr/share/texlive/texmf-dist/fonts/type1/public/amsfonts/
cm/cmr6.pfb></usr/share/texlive/texmf-dist/fonts/type1/public/amsfonts/cm/cmr8.
pfb></usr/share/texlive/texmf-dist/fonts/type1/public/amsfonts/cm/cmsy10.pfb></
usr/share/texlive/texmf-dist/fonts/type1/public/amsfonts/cm/cmsy6.pfb></usr/sha
re/texlive/texmf-dist/fonts/type1/public/amsfonts/cm/cmsy8.pfb></usr/share/texl
ive/texmf-dist/fonts/type1/public/amsfonts/latxfont/lasy6.pfb></usr/share/texli
ve/texmf-dist/fonts/type1/public/amsfonts/symbols/msam10.pfb></usr/share/texliv
e/texmf-dist/fonts/type1/public/amsfonts/symbols/msbm10.pfb></usr/share/texlive
/texmf-dist/fonts/type1/public/amsfonts/symbols/msbm7.pfb></usr/share/texmf/fon
ts/type1/public/cm-super/sfbi1095.pfb></usr/share/texmf/fonts/type1/public/cm-s
uper/sfbx0800.pfb></usr/share/texmf/fonts/type1/public/cm-super/sfbx1095.pfb></
usr/share/texmf/fonts/type1/public/cm-super/sfrm0600.pfb></usr/share/texmf/font
s/type1/public/cm-super/sfrm0800.pfb></usr/share/texmf/fonts/type1/public/cm-su
per/sfrm1000.pfb></usr/share/texmf/fonts/type1/public/cm-super/sfrm1095.pfb></u
sr/share/texmf/fonts/type1/public/cm-super/sfrm1440.pfb></usr/share/texmf/fonts
/type1/public/cm-super/sfsx1095.pfb></usr/share/texmf/fonts/type1/public/cm-sup
er/sfsx1200.pfb></usr/share/texmf/fonts/type1/public/cm-super/sfsx1440.pfb></us
r/share/texmf/fonts/type1/public/cm-super/sfsx2074.pfb></usr/share/texmf/fonts/
type1/public/cm-super/sfti0600.pfb></usr/share/texmf/fonts/type1/public/cm-supe
r/sfti0800.pfb></usr/share/texmf/fonts/type1/public/cm-super/sfti1095.pfb>
Output written on Ana3.pdf (102 pages, 912939 bytes).
PDF statistics:
 2495 PDF objects out of 2984 (max. 8388607)
 2119 compressed objects within 22 object streams
 528 named destinations out of 1000 (max. 500000)
 177 words of extra memory for PDF output out of 10000 (max. 10000000)

