
Running /usr/bin/pdflatex LA2.tex in an env with 4 entries:
This is pdfTeX, Version 3.1415926-2.5-1.40.14 (TeX Live 2013/Debian)
 restricted \write18 enabled.
entering extended mode
(../data/SS10/LA2.tex
LaTeX2e <2011/06/27>
Babel <3.9h> and hyphenation patterns for 78 languages loaded.
(/usr/share/texlive/texmf-dist/tex/latex/koma-script/scrbook.cls
Document Class: scrbook 2013/12/19 v3.12 KOMA-Script document class (book)
(/usr/share/texlive/texmf-dist/tex/latex/koma-script/scrkbase.sty
(/usr/share/texlive/texmf-dist/tex/latex/koma-script/scrbase.sty
(/usr/share/texlive/texmf-dist/tex/latex/graphics/keyval.sty)
(/usr/share/texlive/texmf-dist/tex/latex/koma-script/scrlfile.sty
Package scrlfile, 2013/12/19 v3.12 KOMA-Script package (loading files)
                  Copyright (C) Markus Kohm

))) (/usr/share/texlive/texmf-dist/tex/latex/koma-script/tocbasic.sty)
(/usr/share/texlive/texmf-dist/tex/latex/koma-script/scrsize11pt.clo)
(/usr/share/texlive/texmf-dist/tex/latex/koma-script/typearea.sty
Package typearea, 2013/12/19 v3.12 KOMA-Script package (type area)
                  Copyright (C) Frank Neukam, 1992-1994
                  Copyright (C) Markus Kohm, 1994-

)) (../data/SS10/la.sty
(/usr/share/texlive/texmf-dist/tex/generic/babel/babel.sty
(/usr/share/texlive/texmf-dist/tex/generic/babel-german/ngermanb.ldf
(/usr/share/texlive/texmf-dist/tex/generic/babel/babel.def)))
(/usr/share/texlive/texmf-dist/tex/latex/base/inputenc.sty
(/usr/share/texlive/texmf-dist/tex/latex/base/utf8.def
(/usr/share/texlive/texmf-dist/tex/latex/base/t1enc.dfu)
(/usr/share/texlive/texmf-dist/tex/latex/base/ot1enc.dfu)
(/usr/share/texlive/texmf-dist/tex/latex/base/omsenc.dfu)))
(/usr/share/texlive/texmf-dist/tex/latex/amsmath/amsmath.sty
For additional information on amsmath, use the `?' option.
(/usr/share/texlive/texmf-dist/tex/latex/amsmath/amstext.sty
(/usr/share/texlive/texmf-dist/tex/latex/amsmath/amsgen.sty))
(/usr/share/texlive/texmf-dist/tex/latex/amsmath/amsbsy.sty)
(/usr/share/texlive/texmf-dist/tex/latex/amsmath/amsopn.sty))
(/usr/share/texlive/texmf-dist/tex/latex/amsfonts/amsfonts.sty)
(/usr/share/texlive/texmf-dist/tex/latex/amsfonts/amssymb.sty)
(/usr/share/texlive/texmf-dist/tex/latex/graphics/color.sty
(/usr/share/texlive/texmf-dist/tex/latex/latexconfig/color.cfg)
(/usr/share/texlive/texmf-dist/tex/latex/pdftex-def/pdftex.def
(/usr/share/texlive/texmf-dist/tex/generic/oberdiek/infwarerr.sty)
(/usr/share/texlive/texmf-dist/tex/generic/oberdiek/ltxcmds.sty)))
(/usr/share/texlive/texmf-dist/tex/latex/tools/enumerate.sty)
(/usr/share/texlive/texmf-dist/tex/latex/ntheorem/ntheorem.sty
Style `ntheorem', Version 1.33 <2011/08/15>
(/usr/share/texlive/texmf-dist/tex/latex/base/ifthen.sty))
(/usr/share/texlive/texmf-dist/tex/latex/framed/framed.sty)
(/usr/share/texlive/texmf-dist/tex/latex/base/makeidx.sty)
(/usr/share/texlive/texmf-dist/tex/latex/stmaryrd/stmaryrd.sty)
(/usr/share/texlive/texmf-dist/tex/latex/hyperref/hyperref.sty
(/usr/share/texlive/texmf-dist/tex/generic/oberdiek/hobsub-hyperref.sty
(/usr/share/texlive/texmf-dist/tex/generic/oberdiek/hobsub-generic.sty))
(/usr/share/texlive/texmf-dist/tex/generic/ifxetex/ifxetex.sty)
(/usr/share/texlive/texmf-dist/tex/latex/oberdiek/auxhook.sty)
(/usr/share/texlive/texmf-dist/tex/latex/oberdiek/kvoptions.sty)
(/usr/share/texlive/texmf-dist/tex/latex/hyperref/pd1enc.def)
(/usr/share/texlive/texmf-dist/tex/latex/latexconfig/hyperref.cfg)
(/usr/share/texlive/texmf-dist/tex/latex/url/url.sty))

Package hyperref Message: Driver (autodetected): hpdftex.

(/usr/share/texlive/texmf-dist/tex/latex/hyperref/hpdftex.def
(/usr/share/texlive/texmf-dist/tex/latex/oberdiek/rerunfilecheck.sty)))
(../data/latexki.sty)
Writing index file LA2.idx
No file LA2.aux.
(/usr/share/texlive/texmf-dist/tex/context/base/supp-pdf.mkii
[Loading MPS to PDF converter (version 2006.09.02).]
) (/usr/share/texlive/texmf-dist/tex/latex/hyperref/nameref.sty
(/usr/share/texlive/texmf-dist/tex/generic/oberdiek/gettitlestring.sty))
(/usr/share/texlive/texmf-dist/tex/latex/amsfonts/umsa.fd)
(/usr/share/texlive/texmf-dist/tex/latex/amsfonts/umsb.fd)
(/usr/share/texlive/texmf-dist/tex/latex/stmaryrd/Ustmry.fd) [1{/var/lib/texmf/
fonts/map/pdftex/updmap/pdftex.map}] [2] [3] [4]
Kapitel I.
[5] [6]
\IeC {\textsection } 14.
[7]

LaTeX Warning: Reference `Satz 14.1; Behauptung a' on page 8 undefined on input
 line 154.

[8] [9]

LaTeX Warning: Reference `Satz 14.3 Beh 1' on page 10 undefined on input line 2
51.


LaTeX Warning: Reference `Satz 14.3 Beh 2' on page 10 undefined on input line 2
51.


LaTeX Warning: Reference `Satz 14.3 Beh 2' on page 10 undefined on input line 2
61.


LaTeX Warning: Reference `Satz 14.3 Beh 3' on page 10 undefined on input line 2
61.


LaTeX Warning: Reference `Satz 14.3 Beh 3' on page 10 undefined on input line 2
62.


LaTeX Warning: Reference `Satz 14.3 Beh 4' on page 10 undefined on input line 2
62.


LaTeX Warning: Reference `Satz 14.3 Beh 4' on page 10 undefined on input line 2
64.


LaTeX Warning: Reference `Satz 14.3 Beh 1' on page 10 undefined on input line 2
64.

[10]

LaTeX Warning: Reference `Satz 14.3 Beh 1' on page 11 undefined on input line 2
83.

[11] (/usr/share/texlive/texmf-dist/tex/latex/base/omscmr.fd)

LaTeX Warning: Reference `Hilfssatz 14.1' on page 12 undefined on input line 38
6.


Overfull \hbox (1.89188pt too wide) in paragraph at lines 394--397
[]\OT1/cmr/m/n/10.95 Die Dar-stel-lungs-ma-trix von $\OML/cmm/m/it/10.95 ^^^\OM
S/cmsy/m/n/10.95 j[]$ \OT1/cmr/m/n/10.95 bez[]uglich der Ba-sis $\OML/cmm/m/it/
10.95 B \OT1/cmr/m/n/10.95 = \OMS/cmsy/m/n/10.95 f\OML/cmm/m/it/10.95 u; ^^^\OT
1/cmr/m/n/10.95 (\OML/cmm/m/it/10.95 u\OT1/cmr/m/n/10.95 )\OML/cmm/m/it/10.95 ;
 ^^^[]\OT1/cmr/m/n/10.95 (\OML/cmm/m/it/10.95 u\OT1/cmr/m/n/10.95 )\OML/cmm/m/i
t/10.95 ; [] ; ^^^[]\OT1/cmr/m/n/10.95 (\OML/cmm/m/it/10.95 u\OT1/cmr/m/n/10.95
 )\OMS/cmsy/m/n/10.95 g$
[12] [13] [14]
Overfull \hbox (14.3948pt too wide) in paragraph at lines 550--554
[]\OT1/cmr/m/n/10.95 Wegen der Vor-aus-set-zung an $\OML/cmm/m/it/10.95 g[]$ \O
T1/cmr/m/n/10.95 ist $\OML/cmm/m/it/10.95 V \OT1/cmr/m/n/10.95 = [][] []$ mit $
\OML/cmm/m/it/10.95 H\OT1/cmr/m/n/10.95 (\OML/cmm/m/it/10.95 ^^^; ^^U\OT1/cmr/m
/n/10.95 ) = [] []$.

LaTeX Warning: Reference `Satz 14.4' on page 15 undefined on input line 559.


LaTeX Warning: Reference `eq: Formel Anzahl Jordankaestchen' on page 15 undefin
ed on input line 579.

[15] [16]
\IeC {\textsection } 15.

Overfull \hbox (18.34375pt too wide) in paragraph at lines 678--681
[]\OT1/cmr/m/n/10.95 Seien $\OML/cmm/m/it/10.95 V; W$ $K$\OT1/cmr/m/n/10.95 -VR
me. Ei-ne Ab-bil-dung $\OML/cmm/m/it/10.95 P \OT1/cmr/m/n/10.95 : \OML/cmm/m/it
/10.95 V \OMS/cmsy/m/n/10.95 ^^B \OML/cmm/m/it/10.95 W \OMS/cmsy/m/n/10.95 ! \O
ML/cmm/m/it/10.95 K$ \OT1/cmr/m/n/10.95 hei^^Yt []\OT1/cmr/bx/n/10.95 Paarung\O
T1/cmr/m/n/10.95 ,
[17]
Overfull \hbox (11.46544pt too wide) in paragraph at lines 736--740
[]\OT1/cmr/m/n/10.95 Seien $\OML/cmm/m/it/10.95 V; W$ $K$\OT1/cmr/m/n/10.95 -VR
me mit je-wei-li-ger Ba-sis $\OML/cmm/m/it/10.95 B \OT1/cmr/m/n/10.95 := \OMS/c
msy/m/n/10.95 f\OML/cmm/m/it/10.95 b[]; [] ; b[]\OMS/cmsy/m/n/10.95 g ^^R \OML/
cmm/m/it/10.95 V; C \OT1/cmr/m/n/10.95 := \OMS/cmsy/m/n/10.95 f\OML/cmm/m/it/10
.95 c[]; [] ; c[]\OMS/cmsy/m/n/10.95 g ^^R
[18] [19]
Overfull \hbox (1.43193pt too wide) in paragraph at lines 874--880
\OML/cmm/m/it/10.95 P\OMS/cmsy/m/n/10.95 j[]$ \OT1/cmr/m/n/10.95 sym-me-trisch 
ist, exis-tiert nach In-duk-ti-ons-vor-aus-set-zung ei-ne OGB $\OMS/cmsy/m/n/10
.95 f\OML/cmm/m/it/10.95 b[]; [] ; b[]\OMS/cmsy/m/n/10.95 g$
[20] [21] [22]
Underfull \hbox (badness 10000) in paragraph at lines 981--990
\OT1/cmr/m/n/10.95 ver-sel-len Ab-bil-dungs-ei-gen-schaft. Da-zu be-nut-ze den 
$\OML/cmm/m/it/10.95 K$\OT1/cmr/m/n/10.95 -Vektorraum

Underfull \hbox (badness 10000) in paragraph at lines 981--990
\OT1/cmr/m/n/10.95 Sei $\OML/cmm/m/it/10.95 f \OT1/cmr/m/n/10.95 :  \OML/cmm/m/
it/10.95 V \OMS/cmsy/m/n/10.95 ^^B \OML/cmm/m/it/10.95 W \OMS/cmsy/m/n/10.95 ! 
\OML/cmm/m/it/10.95 K$ \OT1/cmr/m/n/10.95 ei-ne Ab-bil-dung mit end-li-chem Tr[
]ager
[23]

LaTeX Warning: Reference `Satz 15.5' on page 24 undefined on input line 1057.

[24]
\IeC {\textsection } 16.
[25] [26] [27] [28] [29] [30]
\IeC {\textsection } 17.
[31] [32]

LaTeX Warning: Reference `eq: Gram-Schmidt; lineare Huelle' on page 33 undefine
d on input line 1434.

[33]
Overfull \hbox (2.29831pt too wide) in paragraph at lines 1534--1539
\OT1/cmr/m/n/10.95 Das Schmidt-sche Or-tho-go-na-li-sie-rungs-ver-fah-ren lie-f
ert ei-ne Or-tho-nor-mal-ba-sis und
[34] [35]
Overfull \hbox (11.84131pt too wide) in paragraph at lines 1617--1621
\OT1/cmr/m/n/10.95 Das Schmidt-sche Or-tho-go-na-li-sie-rungs-ver-fah-ren lie-f
ert ei-ne Or-tho-nor-mal-ba-sis $\OMS/cmsy/m/n/10.95 f\OML/cmm/m/it/10.95 c[]; 
[] ; c[]\OMS/cmsy/m/n/10.95 g$
[36] [37] [38] [39] [40]
\IeC {\textsection } 18.

Overfull \hbox (0.35983pt too wide) in paragraph at lines 1815--1817
[]\OT1/cmr/m/n/10.95 Aus $\OML/cmm/m/it/10.95 ^^^ \OMS/cmsy/m/n/10.95 2 [][]\OT
1/cmr/m/n/10.95 (\OML/cmm/m/it/10.95 V; W\OT1/cmr/m/n/10.95 )$ folgt $\OML/cmm/
m/it/10.95 ^^^[] \OMS/cmsy/m/n/10.95 2 [][]\OT1/cmr/m/n/10.95 (\OML/cmm/m/it/10
.95 W; V\OT1/cmr/m/n/10.95 )$ und $(\OML/cmm/m/it/10.95 ^^^[]\OT1/cmr/m/n/10.95
 )[] = \OML/cmm/m/it/10.95 ^^^$\OT1/cmr/m/n/10.95 , so-wie $[] \OML/cmm/m/it/10
.95 ^^^ \OT1/cmr/m/n/10.95 =
[41] [42]
Overfull \hbox (0.65028pt too wide) in paragraph at lines 1898--1900
[]\OT1/cmr/m/n/10.95 Ist $\OML/cmm/m/it/10.95 ^^^$ \OT1/cmr/m/n/10.95 nor-mal, 
dann folgt $[](\OML/cmm/m/it/10.95 ^^^\OT1/cmr/m/n/10.95 ) = [](\OML/cmm/m/it/1
0.95 ^^^[]\OT1/cmr/m/n/10.95 )$, ins-be-son-de-re $\OML/cmm/m/it/10.95 E[]\OT1/
cmr/m/n/10.95 (\OML/cmm/m/it/10.95 ^^^\OT1/cmr/m/n/10.95 ) = \OML/cmm/m/it/10.9
5 E[]\OT1/cmr/m/n/10.95 (\OML/cmm/m/it/10.95 ^^^[]\OT1/cmr/m/n/10.95 )$. 
[43] [44]

LaTeX Warning: Reference `Lemma: 18.2; 1; Beh. 2' on page 45 undefined on input
 line 1984.


LaTeX Warning: Reference `Lemma: 18.2; 1; Beh. 1' on page 45 undefined on input
 line 1993.


LaTeX Warning: Reference `Lemma: 18.2; 1; Beh. 3' on page 45 undefined on input
 line 1995.

[45] [46] [47]
Underfull \hbox (badness 10000) in paragraph at lines 2136--2139

[48] [49] [50]
\IeC {\textsection } 19.

Overfull \hbox (6.15709pt too wide) in paragraph at lines 2234--2236
[]\OT1/cmr/m/n/10.95 Ein \OT1/cmr/bx/n/10.95 Mor-phis-mus von $[]$-VRmen mit Se
s-qui-li-ne-ar-form \OT1/cmr/m/n/10.95 ist $^^H \OMS/cmsy/m/n/10.95 2 []\OT1/cm
r/m/n/10.95 (\OML/cmm/m/it/10.95 V[]; V[]\OT1/cmr/m/n/10.95 )$

Underfull \hbox (badness 10000) in paragraph at lines 2234--2236


Underfull \hbox (badness 10000) in paragraph at lines 2246--2247


Overfull \hbox (3.73405pt too wide) in paragraph at lines 2263--2270
\OML/cmm/m/it/10.95 U\OT1/cmr/m/n/10.95 (\OML/cmm/m/it/10.95 V; s\OT1/cmr/m/n/1
0.95 ) := [](\OML/cmm/m/it/10.95 s\OT1/cmr/m/n/10.95 )$ hei^^Yt \OT1/cmr/bx/n/1
0.95 unit[]are Grup-pe\OT1/cmr/m/n/10.95 . Die Ele-men-te der Grup-pe hei-^^Yen
 \OT1/cmr/bx/n/10.95 unit[]are
[51]
Underfull \hbox (badness 10000) in paragraph at lines 2278--2279

[52] [53] [54]

Package hyperref Warning: Token not allowed in a PDF string (PDFDocEncoding):
(hyperref)                removing `math shift' on input line 2422.


Package hyperref Warning: Token not allowed in a PDF string (PDFDocEncoding):
(hyperref)                removing `math shift' on input line 2422.


Underfull \hbox (badness 10000) in paragraph at lines 2432--2434

[55]

Package hyperref Warning: Token not allowed in a PDF string (PDFDocEncoding):
(hyperref)                removing `math shift' on input line 2478.


Package hyperref Warning: Token not allowed in a PDF string (PDFDocEncoding):
(hyperref)                removing `math shift' on input line 2478.

[56]
Underfull \hbox (badness 2735) in paragraph at lines 2546--2552
\OT1/cmr/m/n/10.95 Ferner sei $\OML/cmm/m/it/10.95 Spec\OT1/cmr/m/n/10.95 (\OML
/cmm/m/it/10.95 ^^^\OT1/cmr/m/n/10.95 ) = \OMS/cmsy/m/n/10.95 f\OML/cmm/m/it/10
.95 ^^U[]; [] ; ^^U[]; ^^U[]; []; [] ; ^^U[]; []\OMS/cmsy/m/n/10.95 g$ \OT1/cmr
/m/n/10.95 mit $\OML/cmm/m/it/10.95 ^^U[] \OMS/cmsy/m/n/10.95 2 \U/msb/m/n/10.9
5 R \OT1/cmr/m/n/10.95 (\OML/cmm/m/it/10.95 j \OT1/cmr/m/n/10.95 =
[57]
Underfull \hbox (badness 10000) in paragraph at lines 2584--2586

[58] [59] [60]
\IeC {\textsection } 20.
[61] [62] [63]
Underfull \hbox (badness 10000) in paragraph at lines 2867--2870

[64]
Underfull \hbox (badness 10000) in paragraph at lines 2870--2873


Underfull \hbox (badness 10000) in paragraph at lines 2888--2891

[65] [66]
Underfull \hbox (badness 10000) in paragraph at lines 2965--2966


Overfull \hbox (30.22694pt too wide) in paragraph at lines 3002--3003
[]\OT1/cmr/m/n/10.95 Auf den Teilr[]aumen ei-ner fes-ten Di-men-si-on ist Par-a
l-le-lit[]at ei-ne []Aquivalenzrelation. 
[67] [68] [69] [70]
\IeC {\textsection } 21.
[71] [72]

LaTeX Warning: Reference `Satz 21.2' on page 73 undefined on input line 3208.

[73]

Package hyperref Warning: Token not allowed in a PDF string (PDFDocEncoding):
(hyperref)                removing `math shift' on input line 3260.


Package hyperref Warning: Token not allowed in a PDF string (PDFDocEncoding):
(hyperref)                removing `subscript' on input line 3260.


Package hyperref Warning: Token not allowed in a PDF string (PDFDocEncoding):
(hyperref)                removing `math shift' on input line 3260.


Underfull \hbox (badness 10000) in paragraph at lines 3261--3263

[74]
Overfull \hbox (8.2485pt too wide) in paragraph at lines 3287--3290
\OT1/cmr/m/n/10.95 Dann hat der Kern von $\OML/cmm/m/it/10.95 ^^Z[]$ \OT1/cmr/m
/n/10.95 Di-men-si-on $\OML/cmm/m/it/10.95 n \OMS/cmsy/m/n/10.95 ^^@ \OML/cmm/m
/it/10.95 r$ \OT1/cmr/m/n/10.95 und ei-ne Ba-sis aus Zei-len-vek-to-ren $\OMS/c
msy/m/n/10.95 f\OML/cmm/m/it/10.95 c[]; [] ; c[]\OMS/cmsy/m/n/10.95 g$\OT1/cmr/
m/n/10.95 .
[75] [76] [77] [78] [79] [80]
Underfull \hbox (badness 2460) in paragraph at lines 3625--3629
[]\OT1/cmr/m/n/10.95 Dann gilt f[]ur $\OML/cmm/m/it/10.95 O; P; Q \OMS/cmsy/m/n
/10.95 2 \OML/cmm/m/it/10.95 A \OT1/cmr/m/n/10.95 :  \OML/cmm/m/it/10.95 '\OT1/
cmr/m/n/10.95 ([\OML/cmm/m/it/10.95 P; Q\OT1/cmr/m/n/10.95 ]) = [\OML/cmm/m/it/
10.95 '\OT1/cmr/m/n/10.95 (\OML/cmm/m/it/10.95 Q\OT1/cmr/m/n/10.95 )\OML/cmm/m/
it/10.95 ; '\OT1/cmr/m/n/10.95 (\OML/cmm/m/it/10.95 P\OT1/cmr/m/n/10.95 )]$ und
 $\OML/cmm/m/it/10.95 '\OT1/cmr/m/n/10.95 ([\OML/cmm/m/it/10.95 O; P; Q\OT1/cmr
/m/n/10.95 ]) =
[81] [82]

LaTeX Warning: Reference `Satz 21.5 Behauptung 1' on page 83 undefined on input
 line 3725.


LaTeX Warning: Reference `Satz 21.5 Behauptung 2' on page 83 undefined on input
 line 3725.


Underfull \hbox (badness 2662) in paragraph at lines 3733--3741
[]\OT1/cmr/m/n/10.95 Dies ist leicht zu re-du-zie-ren auf den Fall: $\OML/cmm/m
/it/10.95 P;  Q$ \OT1/cmr/m/n/10.95 sind li-ne-ar un-abh[]angig: 
[83] [84]
\IeC {\textsection } 22.
[85]
Overfull \hbox (6.69768pt too wide) in paragraph at lines 3885--3887
[]$\OML/cmm/m/it/10.95 A; B$ \OT1/cmr/m/n/10.95 af-fi-ne Teilr[]aume ei-nes eu-
kli-di-schen Raum-es $\OML/cmm/m/it/10.95 E$ \OT1/cmr/m/n/10.95 hei-^^Yen \OT1/
cmr/bx/n/10.95 or-tho-go-nal\OT1/cmr/m/n/10.95 , falls $\OML/cmm/m/it/10.95 U[]
\OMS/cmsy/m/n/10.95 ?\OML/cmm/m/it/10.95 U[]$\OT1/cmr/m/n/10.95 . 
[86] [87]

Package hyperref Warning: Token not allowed in a PDF string (PDFDocEncoding):
(hyperref)                removing `math shift' on input line 3964.


Package hyperref Warning: Token not allowed in a PDF string (PDFDocEncoding):
(hyperref)                removing `superscript' on input line 3964.


Package hyperref Warning: Token not allowed in a PDF string (PDFDocEncoding):
(hyperref)                removing `math shift' on input line 3964.

[88] [89] [90] [91] [92]
\IeC {\textsection } 23.
[93] [94] [95]

LaTeX Warning: Reference `Satz 23.1' on page 96 undefined on input line 4341.


Overfull \hbox (16.51697pt too wide) in paragraph at lines 4351--4356
\OT1/cmr/m/n/10.95 Behauptung: $\OML/cmm/m/it/10.95 p \OT1/cmr/m/n/10.95 = [] [
]$ wo-bei $\OML/cmm/m/it/10.95 s[]\OT1/cmr/m/n/10.95 (\OML/cmm/m/it/10.95 x; y\
OT1/cmr/m/n/10.95 ) :=
[96]

LaTeX Warning: Reference `Satz 23.2' on page 97 undefined on input line 4392.

[97]
Overfull \hbox (46.32161pt too wide) in paragraph at lines 4458--4462
\OT1/cmr/m/n/10.95 Jetzt sei $\OML/cmm/m/it/10.95 Az \OT1/cmr/m/n/10.95 = \OMS/
cmsy/m/n/10.95 ^^@\OML/cmm/m/it/10.95 b$ \OT1/cmr/m/n/10.95 unl[]osbar. Es ist 
aber auch f[]ur $\OML/cmm/m/it/10.95 A$ \OT1/cmr/m/n/10.95 Dia-go-nal-form er-r
eich-bar: $\OML/cmm/m/it/10.95 A \OT1/cmr/m/n/10.95 = [](\OML/cmm/m/it/10.95 [
]; [] ; []; \OT1/cmr/m/n/10.95 0\OML/cmm/m/it/10.95 ; [] ; \OT1/cmr/m/n/10.95 
0)$,
[98] [99]
Underfull \hbox (badness 10000) in paragraph at lines 4611--4616
\OT1/cmr/m/n/10.95 Kettenregel an-wen-den auf $\OML/cmm/m/it/10.95 f \OMS/cmsy/
m/n/10.95 ^^N \OML/cmm/m/it/10.95 '[]\OT1/cmr/m/n/10.95 (\OML/cmm/m/it/10.95 X\
OT1/cmr/m/n/10.95 ) = \OML/cmm/m/it/10.95 f\OT1/cmr/m/n/10.95 (\OML/cmm/m/it/10
.95 AX \OT1/cmr/m/n/10.95 + \OML/cmm/m/it/10.95 b\OT1/cmr/m/n/10.95 )$ mit
[100]

LaTeX Warning: Reference `Satz 23.3' on page 101 undefined on input line 4656.

[101] [102] [103] [104] [105] [106]
\IeC {\textsection } 24.
[107] [108]

LaTeX Warning: Reference `Bew: Dimension proj. Teilraeume' on page 109 undefine
d on input line 5050.


LaTeX Warning: Reference `Bew: Dimension proj. Teilraeume' on page 109 undefine
d on input line 5050.

[109] [110] [111]
Overfull \hbox (1.15227pt too wide) in paragraph at lines 5251--5257
[]\OT1/cmr/m/n/10.95 F[]ur ei-gent-li-che Punk-te $\OML/cmm/m/it/10.95 p \OT1/c
mr/m/n/10.95 = (\OML/cmm/m/it/10.95 y[] \OT1/cmr/m/n/10.95 : \OML/cmm/m/it/10.9
5 y[] \OT1/cmr/m/n/10.95 : [] : \OML/cmm/m/it/10.95 y[]\OT1/cmr/m/n/10.95 )$, d
.h. $\OML/cmm/m/it/10.95 p \OMS/cmsy/m/n/10.95 62 \OML/cmm/m/it/10.95 H$\OT1/cm
r/m/n/10.95 , gilt: $\OML/cmm/m/it/10.95 y[] \OMS/cmsy/m/n/10.95 6\OT1/cmr/m/n/
10.95 = 0$, al-so $\OML/cmm/m/it/10.95 p \OT1/cmr/m/n/10.95 = []$,
[112]
No file LA2.ind.
[113] (./LA2.aux)

Package rerunfilecheck Warning: File `LA2.out' has changed.
(rerunfilecheck)                Rerun to get outlines right
(rerunfilecheck)                or use package `bookmark'.


LaTeX Warning: There were undefined references.


LaTeX Warning: Label(s) may have changed. Rerun to get cross-references right.

 )
(see the transcript file for additional information)</usr/share/texlive/texmf-d
ist/fonts/type1/public/amsfonts/cm/cmbx10.pfb></usr/share/texlive/texmf-dist/fo
nts/type1/public/amsfonts/cm/cmbx8.pfb></usr/share/texlive/texmf-dist/fonts/typ
e1/public/amsfonts/cm/cmex10.pfb></usr/share/texlive/texmf-dist/fonts/type1/pub
lic/amsfonts/cmextra/cmex8.pfb></usr/share/texlive/texmf-dist/fonts/type1/publi
c/amsfonts/cm/cmmi10.pfb></usr/share/texlive/texmf-dist/fonts/type1/public/amsf
onts/cm/cmmi12.pfb></usr/share/texlive/texmf-dist/fonts/type1/public/amsfonts/c
m/cmmi6.pfb></usr/share/texlive/texmf-dist/fonts/type1/public/amsfonts/cm/cmmi8
.pfb></usr/share/texlive/texmf-dist/fonts/type1/public/amsfonts/cm/cmr10.pfb></
usr/share/texlive/texmf-dist/fonts/type1/public/amsfonts/cm/cmr12.pfb></usr/sha
re/texlive/texmf-dist/fonts/type1/public/amsfonts/cm/cmr6.pfb></usr/share/texli
ve/texmf-dist/fonts/type1/public/amsfonts/cm/cmr8.pfb></usr/share/texlive/texmf
-dist/fonts/type1/public/amsfonts/cm/cmsl10.pfb></usr/share/texlive/texmf-dist/
fonts/type1/public/amsfonts/cm/cmssbx10.pfb></usr/share/texlive/texmf-dist/font
s/type1/public/amsfonts/cm/cmsy10.pfb></usr/share/texlive/texmf-dist/fonts/type
1/public/amsfonts/cm/cmsy6.pfb></usr/share/texlive/texmf-dist/fonts/type1/publi
c/amsfonts/cm/cmsy8.pfb></usr/share/texlive/texmf-dist/fonts/type1/public/amsfo
nts/cm/cmti10.pfb></usr/share/texlive/texmf-dist/fonts/type1/public/amsfonts/cm
/cmtt10.pfb></usr/share/texlive/texmf-dist/fonts/type1/public/amsfonts/cm/cmtt1
2.pfb></usr/share/texlive/texmf-dist/fonts/type1/public/amsfonts/symbols/msam10
.pfb></usr/share/texlive/texmf-dist/fonts/type1/public/amsfonts/symbols/msbm10.
pfb></usr/share/texlive/texmf-dist/fonts/type1/public/stmaryrd/stmary10.pfb>
Output written on LA2.pdf (113 pages, 592755 bytes).
Transcript written on LA2.log.
Result: ExitSuccess

Running /usr/bin/makeindex SS10/LA2.idx in an env with 4 entries:
This is makeindex, version 2.15 [TeX Live 2013] (kpathsea + Thai support).
Scanning input file SS10/LA2.idx....done (246 entries accepted, 0 rejected).
Sorting entries.....done (2194 comparisons).
Generating output file SS10/LA2.ind....done (313 lines written, 0 warnings).
Output written in SS10/LA2.ind.
Transcript written in SS10/LA2.ilg.
Result: ExitSuccess

Running /usr/bin/pdflatex LA2.tex in an env with 4 entries:
This is pdfTeX, Version 3.1415926-2.5-1.40.14 (TeX Live 2013/Debian)
 restricted \write18 enabled.
entering extended mode
(../data/SS10/LA2.tex
LaTeX2e <2011/06/27>
Babel <3.9h> and hyphenation patterns for 78 languages loaded.
(/usr/share/texlive/texmf-dist/tex/latex/koma-script/scrbook.cls
Document Class: scrbook 2013/12/19 v3.12 KOMA-Script document class (book)
(/usr/share/texlive/texmf-dist/tex/latex/koma-script/scrkbase.sty
(/usr/share/texlive/texmf-dist/tex/latex/koma-script/scrbase.sty
(/usr/share/texlive/texmf-dist/tex/latex/graphics/keyval.sty)
(/usr/share/texlive/texmf-dist/tex/latex/koma-script/scrlfile.sty
Package scrlfile, 2013/12/19 v3.12 KOMA-Script package (loading files)
                  Copyright (C) Markus Kohm

))) (/usr/share/texlive/texmf-dist/tex/latex/koma-script/tocbasic.sty)
(/usr/share/texlive/texmf-dist/tex/latex/koma-script/scrsize11pt.clo)
(/usr/share/texlive/texmf-dist/tex/latex/koma-script/typearea.sty
Package typearea, 2013/12/19 v3.12 KOMA-Script package (type area)
                  Copyright (C) Frank Neukam, 1992-1994
                  Copyright (C) Markus Kohm, 1994-

)) (../data/SS10/la.sty
(/usr/share/texlive/texmf-dist/tex/generic/babel/babel.sty
(/usr/share/texlive/texmf-dist/tex/generic/babel-german/ngermanb.ldf
(/usr/share/texlive/texmf-dist/tex/generic/babel/babel.def)))
(/usr/share/texlive/texmf-dist/tex/latex/base/inputenc.sty
(/usr/share/texlive/texmf-dist/tex/latex/base/utf8.def
(/usr/share/texlive/texmf-dist/tex/latex/base/t1enc.dfu)
(/usr/share/texlive/texmf-dist/tex/latex/base/ot1enc.dfu)
(/usr/share/texlive/texmf-dist/tex/latex/base/omsenc.dfu)))
(/usr/share/texlive/texmf-dist/tex/latex/amsmath/amsmath.sty
For additional information on amsmath, use the `?' option.
(/usr/share/texlive/texmf-dist/tex/latex/amsmath/amstext.sty
(/usr/share/texlive/texmf-dist/tex/latex/amsmath/amsgen.sty))
(/usr/share/texlive/texmf-dist/tex/latex/amsmath/amsbsy.sty)
(/usr/share/texlive/texmf-dist/tex/latex/amsmath/amsopn.sty))
(/usr/share/texlive/texmf-dist/tex/latex/amsfonts/amsfonts.sty)
(/usr/share/texlive/texmf-dist/tex/latex/amsfonts/amssymb.sty)
(/usr/share/texlive/texmf-dist/tex/latex/graphics/color.sty
(/usr/share/texlive/texmf-dist/tex/latex/latexconfig/color.cfg)
(/usr/share/texlive/texmf-dist/tex/latex/pdftex-def/pdftex.def
(/usr/share/texlive/texmf-dist/tex/generic/oberdiek/infwarerr.sty)
(/usr/share/texlive/texmf-dist/tex/generic/oberdiek/ltxcmds.sty)))
(/usr/share/texlive/texmf-dist/tex/latex/tools/enumerate.sty)
(/usr/share/texlive/texmf-dist/tex/latex/ntheorem/ntheorem.sty
Style `ntheorem', Version 1.33 <2011/08/15>
(/usr/share/texlive/texmf-dist/tex/latex/base/ifthen.sty))
(/usr/share/texlive/texmf-dist/tex/latex/framed/framed.sty)
(/usr/share/texlive/texmf-dist/tex/latex/base/makeidx.sty)
(/usr/share/texlive/texmf-dist/tex/latex/stmaryrd/stmaryrd.sty)
(/usr/share/texlive/texmf-dist/tex/latex/hyperref/hyperref.sty
(/usr/share/texlive/texmf-dist/tex/generic/oberdiek/hobsub-hyperref.sty
(/usr/share/texlive/texmf-dist/tex/generic/oberdiek/hobsub-generic.sty))
(/usr/share/texlive/texmf-dist/tex/generic/ifxetex/ifxetex.sty)
(/usr/share/texlive/texmf-dist/tex/latex/oberdiek/auxhook.sty)
(/usr/share/texlive/texmf-dist/tex/latex/oberdiek/kvoptions.sty)
(/usr/share/texlive/texmf-dist/tex/latex/hyperref/pd1enc.def)
(/usr/share/texlive/texmf-dist/tex/latex/latexconfig/hyperref.cfg)
(/usr/share/texlive/texmf-dist/tex/latex/url/url.sty))

Package hyperref Message: Driver (autodetected): hpdftex.

(/usr/share/texlive/texmf-dist/tex/latex/hyperref/hpdftex.def
(/usr/share/texlive/texmf-dist/tex/latex/oberdiek/rerunfilecheck.sty)))
(../data/latexki.sty)
Writing index file LA2.idx
(./LA2.aux) (/usr/share/texlive/texmf-dist/tex/context/base/supp-pdf.mkii
[Loading MPS to PDF converter (version 2006.09.02).]
) (/usr/share/texlive/texmf-dist/tex/latex/hyperref/nameref.sty
(/usr/share/texlive/texmf-dist/tex/generic/oberdiek/gettitlestring.sty))
(./LA2.out) (./LA2.out)
(/usr/share/texlive/texmf-dist/tex/latex/amsfonts/umsa.fd)
(/usr/share/texlive/texmf-dist/tex/latex/amsfonts/umsb.fd)
(/usr/share/texlive/texmf-dist/tex/latex/stmaryrd/Ustmry.fd) [1{/var/lib/texmf/
fonts/map/pdftex/updmap/pdftex.map}] [2] (./LA2.toc [3]) [4]
Kapitel I.
[5] [6]
\IeC {\textsection } 14.
[7] [8] [9] [10] [11] (/usr/share/texlive/texmf-dist/tex/latex/base/omscmr.fd)
Overfull \hbox (1.89188pt too wide) in paragraph at lines 394--397
[]\OT1/cmr/m/n/10.95 Die Dar-stel-lungs-ma-trix von $\OML/cmm/m/it/10.95 ^^^\OM
S/cmsy/m/n/10.95 j[]$ \OT1/cmr/m/n/10.95 bez[]uglich der Ba-sis $\OML/cmm/m/it/
10.95 B \OT1/cmr/m/n/10.95 = \OMS/cmsy/m/n/10.95 f\OML/cmm/m/it/10.95 u; ^^^\OT
1/cmr/m/n/10.95 (\OML/cmm/m/it/10.95 u\OT1/cmr/m/n/10.95 )\OML/cmm/m/it/10.95 ;
 ^^^[]\OT1/cmr/m/n/10.95 (\OML/cmm/m/it/10.95 u\OT1/cmr/m/n/10.95 )\OML/cmm/m/i
t/10.95 ; [] ; ^^^[]\OT1/cmr/m/n/10.95 (\OML/cmm/m/it/10.95 u\OT1/cmr/m/n/10.95
 )\OMS/cmsy/m/n/10.95 g$
[12] [13] [14]
Overfull \hbox (14.3948pt too wide) in paragraph at lines 550--554
[]\OT1/cmr/m/n/10.95 Wegen der Vor-aus-set-zung an $\OML/cmm/m/it/10.95 g[]$ \O
T1/cmr/m/n/10.95 ist $\OML/cmm/m/it/10.95 V \OT1/cmr/m/n/10.95 = [][] []$ mit $
\OML/cmm/m/it/10.95 H\OT1/cmr/m/n/10.95 (\OML/cmm/m/it/10.95 ^^^; ^^U\OT1/cmr/m
/n/10.95 ) = [] []$.
[15] [16]
\IeC {\textsection } 15.

Overfull \hbox (18.34375pt too wide) in paragraph at lines 678--681
[]\OT1/cmr/m/n/10.95 Seien $\OML/cmm/m/it/10.95 V; W$ $K$\OT1/cmr/m/n/10.95 -VR
me. Ei-ne Ab-bil-dung $\OML/cmm/m/it/10.95 P \OT1/cmr/m/n/10.95 : \OML/cmm/m/it
/10.95 V \OMS/cmsy/m/n/10.95 ^^B \OML/cmm/m/it/10.95 W \OMS/cmsy/m/n/10.95 ! \O
ML/cmm/m/it/10.95 K$ \OT1/cmr/m/n/10.95 hei^^Yt []\OT1/cmr/bx/n/10.95 Paarung\O
T1/cmr/m/n/10.95 ,
[17]
Overfull \hbox (11.46544pt too wide) in paragraph at lines 736--740
[]\OT1/cmr/m/n/10.95 Seien $\OML/cmm/m/it/10.95 V; W$ $K$\OT1/cmr/m/n/10.95 -VR
me mit je-wei-li-ger Ba-sis $\OML/cmm/m/it/10.95 B \OT1/cmr/m/n/10.95 := \OMS/c
msy/m/n/10.95 f\OML/cmm/m/it/10.95 b[]; [] ; b[]\OMS/cmsy/m/n/10.95 g ^^R \OML/
cmm/m/it/10.95 V; C \OT1/cmr/m/n/10.95 := \OMS/cmsy/m/n/10.95 f\OML/cmm/m/it/10
.95 c[]; [] ; c[]\OMS/cmsy/m/n/10.95 g ^^R
[18] [19]
Overfull \hbox (1.43193pt too wide) in paragraph at lines 874--880
\OML/cmm/m/it/10.95 P\OMS/cmsy/m/n/10.95 j[]$ \OT1/cmr/m/n/10.95 sym-me-trisch 
ist, exis-tiert nach In-duk-ti-ons-vor-aus-set-zung ei-ne OGB $\OMS/cmsy/m/n/10
.95 f\OML/cmm/m/it/10.95 b[]; [] ; b[]\OMS/cmsy/m/n/10.95 g$
[20] [21] [22]
Underfull \hbox (badness 10000) in paragraph at lines 981--990
\OT1/cmr/m/n/10.95 ver-sel-len Ab-bil-dungs-ei-gen-schaft. Da-zu be-nut-ze den 
$\OML/cmm/m/it/10.95 K$\OT1/cmr/m/n/10.95 -Vektorraum

Underfull \hbox (badness 10000) in paragraph at lines 981--990
\OT1/cmr/m/n/10.95 Sei $\OML/cmm/m/it/10.95 f \OT1/cmr/m/n/10.95 :  \OML/cmm/m/
it/10.95 V \OMS/cmsy/m/n/10.95 ^^B \OML/cmm/m/it/10.95 W \OMS/cmsy/m/n/10.95 ! 
\OML/cmm/m/it/10.95 K$ \OT1/cmr/m/n/10.95 ei-ne Ab-bil-dung mit end-li-chem Tr[
]ager
[23] [24]
\IeC {\textsection } 16.
[25] [26] [27] [28] [29] [30]
\IeC {\textsection } 17.
[31] [32] [33]
Overfull \hbox (2.29831pt too wide) in paragraph at lines 1534--1539
\OT1/cmr/m/n/10.95 Das Schmidt-sche Or-tho-go-na-li-sie-rungs-ver-fah-ren lie-f
ert ei-ne Or-tho-nor-mal-ba-sis und
[34] [35]
Overfull \hbox (11.84131pt too wide) in paragraph at lines 1617--1621
\OT1/cmr/m/n/10.95 Das Schmidt-sche Or-tho-go-na-li-sie-rungs-ver-fah-ren lie-f
ert ei-ne Or-tho-nor-mal-ba-sis $\OMS/cmsy/m/n/10.95 f\OML/cmm/m/it/10.95 c[]; 
[] ; c[]\OMS/cmsy/m/n/10.95 g$
[36] [37] [38] [39] [40]
\IeC {\textsection } 18.

Overfull \hbox (0.35983pt too wide) in paragraph at lines 1815--1817
[]\OT1/cmr/m/n/10.95 Aus $\OML/cmm/m/it/10.95 ^^^ \OMS/cmsy/m/n/10.95 2 [][]\OT
1/cmr/m/n/10.95 (\OML/cmm/m/it/10.95 V; W\OT1/cmr/m/n/10.95 )$ folgt $\OML/cmm/
m/it/10.95 ^^^[] \OMS/cmsy/m/n/10.95 2 [][]\OT1/cmr/m/n/10.95 (\OML/cmm/m/it/10
.95 W; V\OT1/cmr/m/n/10.95 )$ und $(\OML/cmm/m/it/10.95 ^^^[]\OT1/cmr/m/n/10.95
 )[] = \OML/cmm/m/it/10.95 ^^^$\OT1/cmr/m/n/10.95 , so-wie $[] \OML/cmm/m/it/10
.95 ^^^ \OT1/cmr/m/n/10.95 =
[41] [42]
Overfull \hbox (0.65028pt too wide) in paragraph at lines 1898--1900
[]\OT1/cmr/m/n/10.95 Ist $\OML/cmm/m/it/10.95 ^^^$ \OT1/cmr/m/n/10.95 nor-mal, 
dann folgt $[](\OML/cmm/m/it/10.95 ^^^\OT1/cmr/m/n/10.95 ) = [](\OML/cmm/m/it/1
0.95 ^^^[]\OT1/cmr/m/n/10.95 )$, ins-be-son-de-re $\OML/cmm/m/it/10.95 E[]\OT1/
cmr/m/n/10.95 (\OML/cmm/m/it/10.95 ^^^\OT1/cmr/m/n/10.95 ) = \OML/cmm/m/it/10.9
5 E[]\OT1/cmr/m/n/10.95 (\OML/cmm/m/it/10.95 ^^^[]\OT1/cmr/m/n/10.95 )$. 
[43] [44] [45] [46] [47]
Underfull \hbox (badness 10000) in paragraph at lines 2136--2139

[48] [49] [50]
\IeC {\textsection } 19.

Overfull \hbox (6.15709pt too wide) in paragraph at lines 2234--2236
[]\OT1/cmr/m/n/10.95 Ein \OT1/cmr/bx/n/10.95 Mor-phis-mus von $[]$-VRmen mit Se
s-qui-li-ne-ar-form \OT1/cmr/m/n/10.95 ist $^^H \OMS/cmsy/m/n/10.95 2 []\OT1/cm
r/m/n/10.95 (\OML/cmm/m/it/10.95 V[]; V[]\OT1/cmr/m/n/10.95 )$

Underfull \hbox (badness 10000) in paragraph at lines 2234--2236


Underfull \hbox (badness 10000) in paragraph at lines 2246--2247


Overfull \hbox (3.73405pt too wide) in paragraph at lines 2263--2270
\OML/cmm/m/it/10.95 U\OT1/cmr/m/n/10.95 (\OML/cmm/m/it/10.95 V; s\OT1/cmr/m/n/1
0.95 ) := [](\OML/cmm/m/it/10.95 s\OT1/cmr/m/n/10.95 )$ hei^^Yt \OT1/cmr/bx/n/1
0.95 unit[]are Grup-pe\OT1/cmr/m/n/10.95 . Die Ele-men-te der Grup-pe hei-^^Yen
 \OT1/cmr/bx/n/10.95 unit[]are
[51]
Underfull \hbox (badness 10000) in paragraph at lines 2278--2279

[52] [53] [54]

Package hyperref Warning: Token not allowed in a PDF string (PDFDocEncoding):
(hyperref)                removing `math shift' on input line 2422.


Package hyperref Warning: Token not allowed in a PDF string (PDFDocEncoding):
(hyperref)                removing `math shift' on input line 2422.


Underfull \hbox (badness 10000) in paragraph at lines 2432--2434

[55]

Package hyperref Warning: Token not allowed in a PDF string (PDFDocEncoding):
(hyperref)                removing `math shift' on input line 2478.


Package hyperref Warning: Token not allowed in a PDF string (PDFDocEncoding):
(hyperref)                removing `math shift' on input line 2478.

[56]
Underfull \hbox (badness 2735) in paragraph at lines 2546--2552
\OT1/cmr/m/n/10.95 Ferner sei $\OML/cmm/m/it/10.95 Spec\OT1/cmr/m/n/10.95 (\OML
/cmm/m/it/10.95 ^^^\OT1/cmr/m/n/10.95 ) = \OMS/cmsy/m/n/10.95 f\OML/cmm/m/it/10
.95 ^^U[]; [] ; ^^U[]; ^^U[]; []; [] ; ^^U[]; []\OMS/cmsy/m/n/10.95 g$ \OT1/cmr
/m/n/10.95 mit $\OML/cmm/m/it/10.95 ^^U[] \OMS/cmsy/m/n/10.95 2 \U/msb/m/n/10.9
5 R \OT1/cmr/m/n/10.95 (\OML/cmm/m/it/10.95 j \OT1/cmr/m/n/10.95 =
[57]
Underfull \hbox (badness 10000) in paragraph at lines 2584--2586

[58] [59] [60]
\IeC {\textsection } 20.
[61] [62] [63]
Underfull \hbox (badness 10000) in paragraph at lines 2867--2870

[64]
Underfull \hbox (badness 10000) in paragraph at lines 2870--2873


Underfull \hbox (badness 10000) in paragraph at lines 2888--2891

[65] [66]
Underfull \hbox (badness 10000) in paragraph at lines 2965--2966


Overfull \hbox (30.22694pt too wide) in paragraph at lines 3002--3003
[]\OT1/cmr/m/n/10.95 Auf den Teilr[]aumen ei-ner fes-ten Di-men-si-on ist Par-a
l-le-lit[]at ei-ne []Aquivalenzrelation. 
[67] [68] [69] [70]
\IeC {\textsection } 21.
[71] [72] [73]

Package hyperref Warning: Token not allowed in a PDF string (PDFDocEncoding):
(hyperref)                removing `math shift' on input line 3260.


Package hyperref Warning: Token not allowed in a PDF string (PDFDocEncoding):
(hyperref)                removing `subscript' on input line 3260.


Package hyperref Warning: Token not allowed in a PDF string (PDFDocEncoding):
(hyperref)                removing `math shift' on input line 3260.


Underfull \hbox (badness 10000) in paragraph at lines 3261--3263

[74]
Overfull \hbox (8.2485pt too wide) in paragraph at lines 3287--3290
\OT1/cmr/m/n/10.95 Dann hat der Kern von $\OML/cmm/m/it/10.95 ^^Z[]$ \OT1/cmr/m
/n/10.95 Di-men-si-on $\OML/cmm/m/it/10.95 n \OMS/cmsy/m/n/10.95 ^^@ \OML/cmm/m
/it/10.95 r$ \OT1/cmr/m/n/10.95 und ei-ne Ba-sis aus Zei-len-vek-to-ren $\OMS/c
msy/m/n/10.95 f\OML/cmm/m/it/10.95 c[]; [] ; c[]\OMS/cmsy/m/n/10.95 g$\OT1/cmr/
m/n/10.95 .
[75] [76] [77] [78] [79] [80]
Underfull \hbox (badness 2460) in paragraph at lines 3625--3629
[]\OT1/cmr/m/n/10.95 Dann gilt f[]ur $\OML/cmm/m/it/10.95 O; P; Q \OMS/cmsy/m/n
/10.95 2 \OML/cmm/m/it/10.95 A \OT1/cmr/m/n/10.95 :  \OML/cmm/m/it/10.95 '\OT1/
cmr/m/n/10.95 ([\OML/cmm/m/it/10.95 P; Q\OT1/cmr/m/n/10.95 ]) = [\OML/cmm/m/it/
10.95 '\OT1/cmr/m/n/10.95 (\OML/cmm/m/it/10.95 Q\OT1/cmr/m/n/10.95 )\OML/cmm/m/
it/10.95 ; '\OT1/cmr/m/n/10.95 (\OML/cmm/m/it/10.95 P\OT1/cmr/m/n/10.95 )]$ und
 $\OML/cmm/m/it/10.95 '\OT1/cmr/m/n/10.95 ([\OML/cmm/m/it/10.95 O; P; Q\OT1/cmr
/m/n/10.95 ]) =
[81] [82]
Underfull \hbox (badness 2662) in paragraph at lines 3733--3741
[]\OT1/cmr/m/n/10.95 Dies ist leicht zu re-du-zie-ren auf den Fall: $\OML/cmm/m
/it/10.95 P;  Q$ \OT1/cmr/m/n/10.95 sind li-ne-ar un-abh[]angig: 
[83] [84]
\IeC {\textsection } 22.
[85]
Overfull \hbox (6.69768pt too wide) in paragraph at lines 3885--3887
[]$\OML/cmm/m/it/10.95 A; B$ \OT1/cmr/m/n/10.95 af-fi-ne Teilr[]aume ei-nes eu-
kli-di-schen Raum-es $\OML/cmm/m/it/10.95 E$ \OT1/cmr/m/n/10.95 hei-^^Yen \OT1/
cmr/bx/n/10.95 or-tho-go-nal\OT1/cmr/m/n/10.95 , falls $\OML/cmm/m/it/10.95 U[]
\OMS/cmsy/m/n/10.95 ?\OML/cmm/m/it/10.95 U[]$\OT1/cmr/m/n/10.95 . 
[86] [87]

Package hyperref Warning: Token not allowed in a PDF string (PDFDocEncoding):
(hyperref)                removing `math shift' on input line 3964.


Package hyperref Warning: Token not allowed in a PDF string (PDFDocEncoding):
(hyperref)                removing `superscript' on input line 3964.


Package hyperref Warning: Token not allowed in a PDF string (PDFDocEncoding):
(hyperref)                removing `math shift' on input line 3964.

[88] [89] [90] [91] [92]
\IeC {\textsection } 23.
[93] [94] [95]
Overfull \hbox (16.51697pt too wide) in paragraph at lines 4351--4356
\OT1/cmr/m/n/10.95 Behauptung: $\OML/cmm/m/it/10.95 p \OT1/cmr/m/n/10.95 = [] [
]$ wo-bei $\OML/cmm/m/it/10.95 s[]\OT1/cmr/m/n/10.95 (\OML/cmm/m/it/10.95 x; y\
OT1/cmr/m/n/10.95 ) :=
[96] [97]
Overfull \hbox (46.32161pt too wide) in paragraph at lines 4458--4462
\OT1/cmr/m/n/10.95 Jetzt sei $\OML/cmm/m/it/10.95 Az \OT1/cmr/m/n/10.95 = \OMS/
cmsy/m/n/10.95 ^^@\OML/cmm/m/it/10.95 b$ \OT1/cmr/m/n/10.95 unl[]osbar. Es ist 
aber auch f[]ur $\OML/cmm/m/it/10.95 A$ \OT1/cmr/m/n/10.95 Dia-go-nal-form er-r
eich-bar: $\OML/cmm/m/it/10.95 A \OT1/cmr/m/n/10.95 = [](\OML/cmm/m/it/10.95 [
]; [] ; []; \OT1/cmr/m/n/10.95 0\OML/cmm/m/it/10.95 ; [] ; \OT1/cmr/m/n/10.95 
0)$,
[98] [99]
Underfull \hbox (badness 10000) in paragraph at lines 4611--4616
\OT1/cmr/m/n/10.95 Kettenregel an-wen-den auf $\OML/cmm/m/it/10.95 f \OMS/cmsy/
m/n/10.95 ^^N \OML/cmm/m/it/10.95 '[]\OT1/cmr/m/n/10.95 (\OML/cmm/m/it/10.95 X\
OT1/cmr/m/n/10.95 ) = \OML/cmm/m/it/10.95 f\OT1/cmr/m/n/10.95 (\OML/cmm/m/it/10
.95 AX \OT1/cmr/m/n/10.95 + \OML/cmm/m/it/10.95 b\OT1/cmr/m/n/10.95 )$ mit
[100] [101] [102] [103] [104] [105] [106]
\IeC {\textsection } 24.
[107] [108] [109] [110] [111]
Overfull \hbox (1.15227pt too wide) in paragraph at lines 5251--5257
[]\OT1/cmr/m/n/10.95 F[]ur ei-gent-li-che Punk-te $\OML/cmm/m/it/10.95 p \OT1/c
mr/m/n/10.95 = (\OML/cmm/m/it/10.95 y[] \OT1/cmr/m/n/10.95 : \OML/cmm/m/it/10.9
5 y[] \OT1/cmr/m/n/10.95 : [] : \OML/cmm/m/it/10.95 y[]\OT1/cmr/m/n/10.95 )$, d
.h. $\OML/cmm/m/it/10.95 p \OMS/cmsy/m/n/10.95 62 \OML/cmm/m/it/10.95 H$\OT1/cm
r/m/n/10.95 , gilt: $\OML/cmm/m/it/10.95 y[] \OMS/cmsy/m/n/10.95 6\OT1/cmr/m/n/
10.95 = 0$, al-so $\OML/cmm/m/it/10.95 p \OT1/cmr/m/n/10.95 = []$,
[112] (./LA2.ind [113] [114] [115] [116] [117]) (./LA2.aux) )
(see the transcript file for additional information)</usr/share/texlive/texmf-d
ist/fonts/type1/public/amsfonts/cm/cmbx10.pfb></usr/share/texlive/texmf-dist/fo
nts/type1/public/amsfonts/cm/cmex10.pfb></usr/share/texlive/texmf-dist/fonts/ty
pe1/public/amsfonts/cmextra/cmex8.pfb></usr/share/texlive/texmf-dist/fonts/type
1/public/amsfonts/cm/cmmi10.pfb></usr/share/texlive/texmf-dist/fonts/type1/publ
ic/amsfonts/cm/cmmi12.pfb></usr/share/texlive/texmf-dist/fonts/type1/public/ams
fonts/cm/cmmi6.pfb></usr/share/texlive/texmf-dist/fonts/type1/public/amsfonts/c
m/cmmi8.pfb></usr/share/texlive/texmf-dist/fonts/type1/public/amsfonts/cm/cmr10
.pfb></usr/share/texlive/texmf-dist/fonts/type1/public/amsfonts/cm/cmr12.pfb></
usr/share/texlive/texmf-dist/fonts/type1/public/amsfonts/cm/cmr6.pfb></usr/shar
e/texlive/texmf-dist/fonts/type1/public/amsfonts/cm/cmr8.pfb></usr/share/texliv
e/texmf-dist/fonts/type1/public/amsfonts/cm/cmsl10.pfb></usr/share/texlive/texm
f-dist/fonts/type1/public/amsfonts/cm/cmssbx10.pfb></usr/share/texlive/texmf-di
st/fonts/type1/public/amsfonts/cm/cmsy10.pfb></usr/share/texlive/texmf-dist/fon
ts/type1/public/amsfonts/cm/cmsy6.pfb></usr/share/texlive/texmf-dist/fonts/type
1/public/amsfonts/cm/cmsy8.pfb></usr/share/texlive/texmf-dist/fonts/type1/publi
c/amsfonts/cm/cmti10.pfb></usr/share/texlive/texmf-dist/fonts/type1/public/amsf
onts/cm/cmtt10.pfb></usr/share/texlive/texmf-dist/fonts/type1/public/amsfonts/c
m/cmtt12.pfb></usr/share/texlive/texmf-dist/fonts/type1/public/amsfonts/symbols
/msam10.pfb></usr/share/texlive/texmf-dist/fonts/type1/public/amsfonts/symbols/
msbm10.pfb></usr/share/texlive/texmf-dist/fonts/type1/public/stmaryrd/stmary10.
pfb>
Output written on LA2.pdf (117 pages, 607464 bytes).
Transcript written on LA2.log.
Result: ExitSuccess

Running /usr/bin/pdflatex LA2.tex in an env with 4 entries:
This is pdfTeX, Version 3.1415926-2.5-1.40.14 (TeX Live 2013/Debian)
 restricted \write18 enabled.
entering extended mode
(../data/SS10/LA2.tex
LaTeX2e <2011/06/27>
Babel <3.9h> and hyphenation patterns for 78 languages loaded.
(/usr/share/texlive/texmf-dist/tex/latex/koma-script/scrbook.cls
Document Class: scrbook 2013/12/19 v3.12 KOMA-Script document class (book)
(/usr/share/texlive/texmf-dist/tex/latex/koma-script/scrkbase.sty
(/usr/share/texlive/texmf-dist/tex/latex/koma-script/scrbase.sty
(/usr/share/texlive/texmf-dist/tex/latex/graphics/keyval.sty)
(/usr/share/texlive/texmf-dist/tex/latex/koma-script/scrlfile.sty
Package scrlfile, 2013/12/19 v3.12 KOMA-Script package (loading files)
                  Copyright (C) Markus Kohm

))) (/usr/share/texlive/texmf-dist/tex/latex/koma-script/tocbasic.sty)
(/usr/share/texlive/texmf-dist/tex/latex/koma-script/scrsize11pt.clo)
(/usr/share/texlive/texmf-dist/tex/latex/koma-script/typearea.sty
Package typearea, 2013/12/19 v3.12 KOMA-Script package (type area)
                  Copyright (C) Frank Neukam, 1992-1994
                  Copyright (C) Markus Kohm, 1994-

)) (../data/SS10/la.sty
(/usr/share/texlive/texmf-dist/tex/generic/babel/babel.sty
(/usr/share/texlive/texmf-dist/tex/generic/babel-german/ngermanb.ldf
(/usr/share/texlive/texmf-dist/tex/generic/babel/babel.def)))
(/usr/share/texlive/texmf-dist/tex/latex/base/inputenc.sty
(/usr/share/texlive/texmf-dist/tex/latex/base/utf8.def
(/usr/share/texlive/texmf-dist/tex/latex/base/t1enc.dfu)
(/usr/share/texlive/texmf-dist/tex/latex/base/ot1enc.dfu)
(/usr/share/texlive/texmf-dist/tex/latex/base/omsenc.dfu)))
(/usr/share/texlive/texmf-dist/tex/latex/amsmath/amsmath.sty
For additional information on amsmath, use the `?' option.
(/usr/share/texlive/texmf-dist/tex/latex/amsmath/amstext.sty
(/usr/share/texlive/texmf-dist/tex/latex/amsmath/amsgen.sty))
(/usr/share/texlive/texmf-dist/tex/latex/amsmath/amsbsy.sty)
(/usr/share/texlive/texmf-dist/tex/latex/amsmath/amsopn.sty))
(/usr/share/texlive/texmf-dist/tex/latex/amsfonts/amsfonts.sty)
(/usr/share/texlive/texmf-dist/tex/latex/amsfonts/amssymb.sty)
(/usr/share/texlive/texmf-dist/tex/latex/graphics/color.sty
(/usr/share/texlive/texmf-dist/tex/latex/latexconfig/color.cfg)
(/usr/share/texlive/texmf-dist/tex/latex/pdftex-def/pdftex.def
(/usr/share/texlive/texmf-dist/tex/generic/oberdiek/infwarerr.sty)
(/usr/share/texlive/texmf-dist/tex/generic/oberdiek/ltxcmds.sty)))
(/usr/share/texlive/texmf-dist/tex/latex/tools/enumerate.sty)
(/usr/share/texlive/texmf-dist/tex/latex/ntheorem/ntheorem.sty
Style `ntheorem', Version 1.33 <2011/08/15>
(/usr/share/texlive/texmf-dist/tex/latex/base/ifthen.sty))
(/usr/share/texlive/texmf-dist/tex/latex/framed/framed.sty)
(/usr/share/texlive/texmf-dist/tex/latex/base/makeidx.sty)
(/usr/share/texlive/texmf-dist/tex/latex/stmaryrd/stmaryrd.sty)
(/usr/share/texlive/texmf-dist/tex/latex/hyperref/hyperref.sty
(/usr/share/texlive/texmf-dist/tex/generic/oberdiek/hobsub-hyperref.sty
(/usr/share/texlive/texmf-dist/tex/generic/oberdiek/hobsub-generic.sty))
(/usr/share/texlive/texmf-dist/tex/generic/ifxetex/ifxetex.sty)
(/usr/share/texlive/texmf-dist/tex/latex/oberdiek/auxhook.sty)
(/usr/share/texlive/texmf-dist/tex/latex/oberdiek/kvoptions.sty)
(/usr/share/texlive/texmf-dist/tex/latex/hyperref/pd1enc.def)
(/usr/share/texlive/texmf-dist/tex/latex/latexconfig/hyperref.cfg)
(/usr/share/texlive/texmf-dist/tex/latex/url/url.sty))

Package hyperref Message: Driver (autodetected): hpdftex.

(/usr/share/texlive/texmf-dist/tex/latex/hyperref/hpdftex.def
(/usr/share/texlive/texmf-dist/tex/latex/oberdiek/rerunfilecheck.sty)))
(../data/latexki.sty)
Writing index file LA2.idx
(./LA2.aux) (/usr/share/texlive/texmf-dist/tex/context/base/supp-pdf.mkii
[Loading MPS to PDF converter (version 2006.09.02).]
) (/usr/share/texlive/texmf-dist/tex/latex/hyperref/nameref.sty
(/usr/share/texlive/texmf-dist/tex/generic/oberdiek/gettitlestring.sty))
(./LA2.out) (./LA2.out)
(/usr/share/texlive/texmf-dist/tex/latex/amsfonts/umsa.fd)
(/usr/share/texlive/texmf-dist/tex/latex/amsfonts/umsb.fd)
(/usr/share/texlive/texmf-dist/tex/latex/stmaryrd/Ustmry.fd) [1{/var/lib/texmf/
fonts/map/pdftex/updmap/pdftex.map}] [2] (./LA2.toc [3]) [4]
Kapitel I.
[5] [6]
\IeC {\textsection } 14.
[7] [8] [9] [10] [11] (/usr/share/texlive/texmf-dist/tex/latex/base/omscmr.fd)
Overfull \hbox (1.89188pt too wide) in paragraph at lines 394--397
[]\OT1/cmr/m/n/10.95 Die Dar-stel-lungs-ma-trix von $\OML/cmm/m/it/10.95 ^^^\OM
S/cmsy/m/n/10.95 j[]$ \OT1/cmr/m/n/10.95 bez[]uglich der Ba-sis $\OML/cmm/m/it/
10.95 B \OT1/cmr/m/n/10.95 = \OMS/cmsy/m/n/10.95 f\OML/cmm/m/it/10.95 u; ^^^\OT
1/cmr/m/n/10.95 (\OML/cmm/m/it/10.95 u\OT1/cmr/m/n/10.95 )\OML/cmm/m/it/10.95 ;
 ^^^[]\OT1/cmr/m/n/10.95 (\OML/cmm/m/it/10.95 u\OT1/cmr/m/n/10.95 )\OML/cmm/m/i
t/10.95 ; [] ; ^^^[]\OT1/cmr/m/n/10.95 (\OML/cmm/m/it/10.95 u\OT1/cmr/m/n/10.95
 )\OMS/cmsy/m/n/10.95 g$
[12] [13] [14]
Overfull \hbox (14.3948pt too wide) in paragraph at lines 550--554
[]\OT1/cmr/m/n/10.95 Wegen der Vor-aus-set-zung an $\OML/cmm/m/it/10.95 g[]$ \O
T1/cmr/m/n/10.95 ist $\OML/cmm/m/it/10.95 V \OT1/cmr/m/n/10.95 = [][] []$ mit $
\OML/cmm/m/it/10.95 H\OT1/cmr/m/n/10.95 (\OML/cmm/m/it/10.95 ^^^; ^^U\OT1/cmr/m
/n/10.95 ) = [] []$.
[15] [16]
\IeC {\textsection } 15.

Overfull \hbox (18.34375pt too wide) in paragraph at lines 678--681
[]\OT1/cmr/m/n/10.95 Seien $\OML/cmm/m/it/10.95 V; W$ $K$\OT1/cmr/m/n/10.95 -VR
me. Ei-ne Ab-bil-dung $\OML/cmm/m/it/10.95 P \OT1/cmr/m/n/10.95 : \OML/cmm/m/it
/10.95 V \OMS/cmsy/m/n/10.95 ^^B \OML/cmm/m/it/10.95 W \OMS/cmsy/m/n/10.95 ! \O
ML/cmm/m/it/10.95 K$ \OT1/cmr/m/n/10.95 hei^^Yt []\OT1/cmr/bx/n/10.95 Paarung\O
T1/cmr/m/n/10.95 ,
[17]
Overfull \hbox (11.46544pt too wide) in paragraph at lines 736--740
[]\OT1/cmr/m/n/10.95 Seien $\OML/cmm/m/it/10.95 V; W$ $K$\OT1/cmr/m/n/10.95 -VR
me mit je-wei-li-ger Ba-sis $\OML/cmm/m/it/10.95 B \OT1/cmr/m/n/10.95 := \OMS/c
msy/m/n/10.95 f\OML/cmm/m/it/10.95 b[]; [] ; b[]\OMS/cmsy/m/n/10.95 g ^^R \OML/
cmm/m/it/10.95 V; C \OT1/cmr/m/n/10.95 := \OMS/cmsy/m/n/10.95 f\OML/cmm/m/it/10
.95 c[]; [] ; c[]\OMS/cmsy/m/n/10.95 g ^^R
[18] [19]
Overfull \hbox (1.43193pt too wide) in paragraph at lines 874--880
\OML/cmm/m/it/10.95 P\OMS/cmsy/m/n/10.95 j[]$ \OT1/cmr/m/n/10.95 sym-me-trisch 
ist, exis-tiert nach In-duk-ti-ons-vor-aus-set-zung ei-ne OGB $\OMS/cmsy/m/n/10
.95 f\OML/cmm/m/it/10.95 b[]; [] ; b[]\OMS/cmsy/m/n/10.95 g$
[20] [21] [22]
Underfull \hbox (badness 10000) in paragraph at lines 981--990
\OT1/cmr/m/n/10.95 ver-sel-len Ab-bil-dungs-ei-gen-schaft. Da-zu be-nut-ze den 
$\OML/cmm/m/it/10.95 K$\OT1/cmr/m/n/10.95 -Vektorraum

Underfull \hbox (badness 10000) in paragraph at lines 981--990
\OT1/cmr/m/n/10.95 Sei $\OML/cmm/m/it/10.95 f \OT1/cmr/m/n/10.95 :  \OML/cmm/m/
it/10.95 V \OMS/cmsy/m/n/10.95 ^^B \OML/cmm/m/it/10.95 W \OMS/cmsy/m/n/10.95 ! 
\OML/cmm/m/it/10.95 K$ \OT1/cmr/m/n/10.95 ei-ne Ab-bil-dung mit end-li-chem Tr[
]ager
[23] [24]
\IeC {\textsection } 16.
[25] [26] [27] [28] [29] [30]
\IeC {\textsection } 17.
[31] [32] [33]
Overfull \hbox (2.29831pt too wide) in paragraph at lines 1534--1539
\OT1/cmr/m/n/10.95 Das Schmidt-sche Or-tho-go-na-li-sie-rungs-ver-fah-ren lie-f
ert ei-ne Or-tho-nor-mal-ba-sis und
[34] [35]
Overfull \hbox (11.84131pt too wide) in paragraph at lines 1617--1621
\OT1/cmr/m/n/10.95 Das Schmidt-sche Or-tho-go-na-li-sie-rungs-ver-fah-ren lie-f
ert ei-ne Or-tho-nor-mal-ba-sis $\OMS/cmsy/m/n/10.95 f\OML/cmm/m/it/10.95 c[]; 
[] ; c[]\OMS/cmsy/m/n/10.95 g$
[36] [37] [38] [39] [40]
\IeC {\textsection } 18.

Overfull \hbox (0.35983pt too wide) in paragraph at lines 1815--1817
[]\OT1/cmr/m/n/10.95 Aus $\OML/cmm/m/it/10.95 ^^^ \OMS/cmsy/m/n/10.95 2 [][]\OT
1/cmr/m/n/10.95 (\OML/cmm/m/it/10.95 V; W\OT1/cmr/m/n/10.95 )$ folgt $\OML/cmm/
m/it/10.95 ^^^[] \OMS/cmsy/m/n/10.95 2 [][]\OT1/cmr/m/n/10.95 (\OML/cmm/m/it/10
.95 W; V\OT1/cmr/m/n/10.95 )$ und $(\OML/cmm/m/it/10.95 ^^^[]\OT1/cmr/m/n/10.95
 )[] = \OML/cmm/m/it/10.95 ^^^$\OT1/cmr/m/n/10.95 , so-wie $[] \OML/cmm/m/it/10
.95 ^^^ \OT1/cmr/m/n/10.95 =
[41] [42]
Overfull \hbox (0.65028pt too wide) in paragraph at lines 1898--1900
[]\OT1/cmr/m/n/10.95 Ist $\OML/cmm/m/it/10.95 ^^^$ \OT1/cmr/m/n/10.95 nor-mal, 
dann folgt $[](\OML/cmm/m/it/10.95 ^^^\OT1/cmr/m/n/10.95 ) = [](\OML/cmm/m/it/1
0.95 ^^^[]\OT1/cmr/m/n/10.95 )$, ins-be-son-de-re $\OML/cmm/m/it/10.95 E[]\OT1/
cmr/m/n/10.95 (\OML/cmm/m/it/10.95 ^^^\OT1/cmr/m/n/10.95 ) = \OML/cmm/m/it/10.9
5 E[]\OT1/cmr/m/n/10.95 (\OML/cmm/m/it/10.95 ^^^[]\OT1/cmr/m/n/10.95 )$. 
[43] [44] [45] [46] [47]
Underfull \hbox (badness 10000) in paragraph at lines 2136--2139

[48] [49] [50]
\IeC {\textsection } 19.

Overfull \hbox (6.15709pt too wide) in paragraph at lines 2234--2236
[]\OT1/cmr/m/n/10.95 Ein \OT1/cmr/bx/n/10.95 Mor-phis-mus von $[]$-VRmen mit Se
s-qui-li-ne-ar-form \OT1/cmr/m/n/10.95 ist $^^H \OMS/cmsy/m/n/10.95 2 []\OT1/cm
r/m/n/10.95 (\OML/cmm/m/it/10.95 V[]; V[]\OT1/cmr/m/n/10.95 )$

Underfull \hbox (badness 10000) in paragraph at lines 2234--2236


Underfull \hbox (badness 10000) in paragraph at lines 2246--2247


Overfull \hbox (3.73405pt too wide) in paragraph at lines 2263--2270
\OML/cmm/m/it/10.95 U\OT1/cmr/m/n/10.95 (\OML/cmm/m/it/10.95 V; s\OT1/cmr/m/n/1
0.95 ) := [](\OML/cmm/m/it/10.95 s\OT1/cmr/m/n/10.95 )$ hei^^Yt \OT1/cmr/bx/n/1
0.95 unit[]are Grup-pe\OT1/cmr/m/n/10.95 . Die Ele-men-te der Grup-pe hei-^^Yen
 \OT1/cmr/bx/n/10.95 unit[]are
[51]
Underfull \hbox (badness 10000) in paragraph at lines 2278--2279

[52] [53] [54]

Package hyperref Warning: Token not allowed in a PDF string (PDFDocEncoding):
(hyperref)                removing `math shift' on input line 2422.


Package hyperref Warning: Token not allowed in a PDF string (PDFDocEncoding):
(hyperref)                removing `math shift' on input line 2422.


Underfull \hbox (badness 10000) in paragraph at lines 2432--2434

[55]

Package hyperref Warning: Token not allowed in a PDF string (PDFDocEncoding):
(hyperref)                removing `math shift' on input line 2478.


Package hyperref Warning: Token not allowed in a PDF string (PDFDocEncoding):
(hyperref)                removing `math shift' on input line 2478.

[56]
Underfull \hbox (badness 2735) in paragraph at lines 2546--2552
\OT1/cmr/m/n/10.95 Ferner sei $\OML/cmm/m/it/10.95 Spec\OT1/cmr/m/n/10.95 (\OML
/cmm/m/it/10.95 ^^^\OT1/cmr/m/n/10.95 ) = \OMS/cmsy/m/n/10.95 f\OML/cmm/m/it/10
.95 ^^U[]; [] ; ^^U[]; ^^U[]; []; [] ; ^^U[]; []\OMS/cmsy/m/n/10.95 g$ \OT1/cmr
/m/n/10.95 mit $\OML/cmm/m/it/10.95 ^^U[] \OMS/cmsy/m/n/10.95 2 \U/msb/m/n/10.9
5 R \OT1/cmr/m/n/10.95 (\OML/cmm/m/it/10.95 j \OT1/cmr/m/n/10.95 =
[57]
Underfull \hbox (badness 10000) in paragraph at lines 2584--2586

[58] [59] [60]
\IeC {\textsection } 20.
[61] [62] [63]
Underfull \hbox (badness 10000) in paragraph at lines 2867--2870

[64]
Underfull \hbox (badness 10000) in paragraph at lines 2870--2873


Underfull \hbox (badness 10000) in paragraph at lines 2888--2891

[65] [66]
Underfull \hbox (badness 10000) in paragraph at lines 2965--2966


Overfull \hbox (30.22694pt too wide) in paragraph at lines 3002--3003
[]\OT1/cmr/m/n/10.95 Auf den Teilr[]aumen ei-ner fes-ten Di-men-si-on ist Par-a
l-le-lit[]at ei-ne []Aquivalenzrelation. 
[67] [68] [69] [70]
\IeC {\textsection } 21.
[71] [72] [73]

Package hyperref Warning: Token not allowed in a PDF string (PDFDocEncoding):
(hyperref)                removing `math shift' on input line 3260.


Package hyperref Warning: Token not allowed in a PDF string (PDFDocEncoding):
(hyperref)                removing `subscript' on input line 3260.


Package hyperref Warning: Token not allowed in a PDF string (PDFDocEncoding):
(hyperref)                removing `math shift' on input line 3260.


Underfull \hbox (badness 10000) in paragraph at lines 3261--3263

[74]
Overfull \hbox (8.2485pt too wide) in paragraph at lines 3287--3290
\OT1/cmr/m/n/10.95 Dann hat der Kern von $\OML/cmm/m/it/10.95 ^^Z[]$ \OT1/cmr/m
/n/10.95 Di-men-si-on $\OML/cmm/m/it/10.95 n \OMS/cmsy/m/n/10.95 ^^@ \OML/cmm/m
/it/10.95 r$ \OT1/cmr/m/n/10.95 und ei-ne Ba-sis aus Zei-len-vek-to-ren $\OMS/c
msy/m/n/10.95 f\OML/cmm/m/it/10.95 c[]; [] ; c[]\OMS/cmsy/m/n/10.95 g$\OT1/cmr/
m/n/10.95 .
[75] [76] [77] [78] [79] [80]
Underfull \hbox (badness 2460) in paragraph at lines 3625--3629
[]\OT1/cmr/m/n/10.95 Dann gilt f[]ur $\OML/cmm/m/it/10.95 O; P; Q \OMS/cmsy/m/n
/10.95 2 \OML/cmm/m/it/10.95 A \OT1/cmr/m/n/10.95 :  \OML/cmm/m/it/10.95 '\OT1/
cmr/m/n/10.95 ([\OML/cmm/m/it/10.95 P; Q\OT1/cmr/m/n/10.95 ]) = [\OML/cmm/m/it/
10.95 '\OT1/cmr/m/n/10.95 (\OML/cmm/m/it/10.95 Q\OT1/cmr/m/n/10.95 )\OML/cmm/m/
it/10.95 ; '\OT1/cmr/m/n/10.95 (\OML/cmm/m/it/10.95 P\OT1/cmr/m/n/10.95 )]$ und
 $\OML/cmm/m/it/10.95 '\OT1/cmr/m/n/10.95 ([\OML/cmm/m/it/10.95 O; P; Q\OT1/cmr
/m/n/10.95 ]) =
[81] [82]
Underfull \hbox (badness 2662) in paragraph at lines 3733--3741
[]\OT1/cmr/m/n/10.95 Dies ist leicht zu re-du-zie-ren auf den Fall: $\OML/cmm/m
/it/10.95 P;  Q$ \OT1/cmr/m/n/10.95 sind li-ne-ar un-abh[]angig: 
[83] [84]
\IeC {\textsection } 22.
[85]
Overfull \hbox (6.69768pt too wide) in paragraph at lines 3885--3887
[]$\OML/cmm/m/it/10.95 A; B$ \OT1/cmr/m/n/10.95 af-fi-ne Teilr[]aume ei-nes eu-
kli-di-schen Raum-es $\OML/cmm/m/it/10.95 E$ \OT1/cmr/m/n/10.95 hei-^^Yen \OT1/
cmr/bx/n/10.95 or-tho-go-nal\OT1/cmr/m/n/10.95 , falls $\OML/cmm/m/it/10.95 U[]
\OMS/cmsy/m/n/10.95 ?\OML/cmm/m/it/10.95 U[]$\OT1/cmr/m/n/10.95 . 
[86] [87]

Package hyperref Warning: Token not allowed in a PDF string (PDFDocEncoding):
(hyperref)                removing `math shift' on input line 3964.


Package hyperref Warning: Token not allowed in a PDF string (PDFDocEncoding):
(hyperref)                removing `superscript' on input line 3964.


Package hyperref Warning: Token not allowed in a PDF string (PDFDocEncoding):
(hyperref)                removing `math shift' on input line 3964.

[88] [89] [90] [91] [92]
\IeC {\textsection } 23.
[93] [94] [95]
Overfull \hbox (16.51697pt too wide) in paragraph at lines 4351--4356
\OT1/cmr/m/n/10.95 Behauptung: $\OML/cmm/m/it/10.95 p \OT1/cmr/m/n/10.95 = [] [
]$ wo-bei $\OML/cmm/m/it/10.95 s[]\OT1/cmr/m/n/10.95 (\OML/cmm/m/it/10.95 x; y\
OT1/cmr/m/n/10.95 ) :=
[96] [97]
Overfull \hbox (46.32161pt too wide) in paragraph at lines 4458--4462
\OT1/cmr/m/n/10.95 Jetzt sei $\OML/cmm/m/it/10.95 Az \OT1/cmr/m/n/10.95 = \OMS/
cmsy/m/n/10.95 ^^@\OML/cmm/m/it/10.95 b$ \OT1/cmr/m/n/10.95 unl[]osbar. Es ist 
aber auch f[]ur $\OML/cmm/m/it/10.95 A$ \OT1/cmr/m/n/10.95 Dia-go-nal-form er-r
eich-bar: $\OML/cmm/m/it/10.95 A \OT1/cmr/m/n/10.95 = [](\OML/cmm/m/it/10.95 [
]; [] ; []; \OT1/cmr/m/n/10.95 0\OML/cmm/m/it/10.95 ; [] ; \OT1/cmr/m/n/10.95 
0)$,
[98] [99]
Underfull \hbox (badness 10000) in paragraph at lines 4611--4616
\OT1/cmr/m/n/10.95 Kettenregel an-wen-den auf $\OML/cmm/m/it/10.95 f \OMS/cmsy/
m/n/10.95 ^^N \OML/cmm/m/it/10.95 '[]\OT1/cmr/m/n/10.95 (\OML/cmm/m/it/10.95 X\
OT1/cmr/m/n/10.95 ) = \OML/cmm/m/it/10.95 f\OT1/cmr/m/n/10.95 (\OML/cmm/m/it/10
.95 AX \OT1/cmr/m/n/10.95 + \OML/cmm/m/it/10.95 b\OT1/cmr/m/n/10.95 )$ mit
[100] [101] [102] [103] [104] [105] [106]
\IeC {\textsection } 24.
[107] [108] [109] [110] [111]
Overfull \hbox (1.15227pt too wide) in paragraph at lines 5251--5257
[]\OT1/cmr/m/n/10.95 F[]ur ei-gent-li-che Punk-te $\OML/cmm/m/it/10.95 p \OT1/c
mr/m/n/10.95 = (\OML/cmm/m/it/10.95 y[] \OT1/cmr/m/n/10.95 : \OML/cmm/m/it/10.9
5 y[] \OT1/cmr/m/n/10.95 : [] : \OML/cmm/m/it/10.95 y[]\OT1/cmr/m/n/10.95 )$, d
.h. $\OML/cmm/m/it/10.95 p \OMS/cmsy/m/n/10.95 62 \OML/cmm/m/it/10.95 H$\OT1/cm
r/m/n/10.95 , gilt: $\OML/cmm/m/it/10.95 y[] \OMS/cmsy/m/n/10.95 6\OT1/cmr/m/n/
10.95 = 0$, al-so $\OML/cmm/m/it/10.95 p \OT1/cmr/m/n/10.95 = []$,
[112] (./LA2.ind [113] [114] [115] [116] [117]) (./LA2.aux) )
(see the transcript file for additional information)</usr/share/texlive/texmf-d
ist/fonts/type1/public/amsfonts/cm/cmbx10.pfb></usr/share/texlive/texmf-dist/fo
nts/type1/public/amsfonts/cm/cmex10.pfb></usr/share/texlive/texmf-dist/fonts/ty
pe1/public/amsfonts/cmextra/cmex8.pfb></usr/share/texlive/texmf-dist/fonts/type
1/public/amsfonts/cm/cmmi10.pfb></usr/share/texlive/texmf-dist/fonts/type1/publ
ic/amsfonts/cm/cmmi12.pfb></usr/share/texlive/texmf-dist/fonts/type1/public/ams
fonts/cm/cmmi6.pfb></usr/share/texlive/texmf-dist/fonts/type1/public/amsfonts/c
m/cmmi8.pfb></usr/share/texlive/texmf-dist/fonts/type1/public/amsfonts/cm/cmr10
.pfb></usr/share/texlive/texmf-dist/fonts/type1/public/amsfonts/cm/cmr12.pfb></
usr/share/texlive/texmf-dist/fonts/type1/public/amsfonts/cm/cmr6.pfb></usr/shar
e/texlive/texmf-dist/fonts/type1/public/amsfonts/cm/cmr8.pfb></usr/share/texliv
e/texmf-dist/fonts/type1/public/amsfonts/cm/cmsl10.pfb></usr/share/texlive/texm
f-dist/fonts/type1/public/amsfonts/cm/cmssbx10.pfb></usr/share/texlive/texmf-di
st/fonts/type1/public/amsfonts/cm/cmsy10.pfb></usr/share/texlive/texmf-dist/fon
ts/type1/public/amsfonts/cm/cmsy6.pfb></usr/share/texlive/texmf-dist/fonts/type
1/public/amsfonts/cm/cmsy8.pfb></usr/share/texlive/texmf-dist/fonts/type1/publi
c/amsfonts/cm/cmti10.pfb></usr/share/texlive/texmf-dist/fonts/type1/public/amsf
onts/cm/cmtt10.pfb></usr/share/texlive/texmf-dist/fonts/type1/public/amsfonts/c
m/cmtt12.pfb></usr/share/texlive/texmf-dist/fonts/type1/public/amsfonts/symbols
/msam10.pfb></usr/share/texlive/texmf-dist/fonts/type1/public/amsfonts/symbols/
msbm10.pfb></usr/share/texlive/texmf-dist/fonts/type1/public/stmaryrd/stmary10.
pfb>
Output written on LA2.pdf (117 pages, 607464 bytes).
Transcript written on LA2.log.
Result: ExitSuccess

Running /usr/bin/convert -verbose SS10/LA2.pdf[0] -resize 70x SS10/LA2.png in an env with 4 entries:
"gs" -q -dQUIET -dSAFER -dBATCH -dNOPAUSE -dNOPROMPT -dMaxBitmap=500000000 -dAlignToPixels=0 -dGridFitTT=2 "-sDEVICE=pngalpha" -dTextAlphaBits=4 -dGraphicsAlphaBits=4 "-r72x72" -dFirstPage=1 -dLastPage=1 "-sOutputFile=/tmp/magick-KlVquLiI-%08d" "-f/tmp/magick-Qe6sqy3b" "-f/tmp/magick-LIpUJuOF"
/tmp/magick-KlVquLiI-00000001 PNG 595x842 595x842+0+0 8-bit DirectClass 10.9KB 0.010u 0:00.009
SS10/LA2.pdf[0]=>SS10/LA2.pdf PDF 595x842 595x842+0+0 16-bit DirectClass 10.9KB 0.000u 0:00.000
SS10/LA2.pdf[0]=>SS10/LA2.png PDF 595x842=>70x99 70x99+0+0 16-bit DirectClass 0.040u 0:00.019
Result: ExitSuccess

Running /usr/bin/optipng -verbose SS10/LA2.png in an env with 4 entries:
OptiPNG 0.6.4: Advanced PNG optimizer.
Copyright (C) 2001-2010 Cosmin Truta.

** Processing: SS10/LA2.png
70x99 pixels, 4x16 bits/pixel, RGB+alpha
Input IDAT size = 1135 bytes
Input file size = 1434 bytes

Trying:
  zc = 9  zm = 8  zs = 0  f = 0		IDAT size = 1028
  zc = 9  zm = 8  zs = 1  f = 0		IDAT size = 1026
  zc = 1  zm = 8  zs = 2  f = 0		IDAT too big
  zc = 9  zm = 8  zs = 3  f = 0		IDAT too big
  zc = 9  zm = 8  zs = 0  f = 5		IDAT too big
  zc = 9  zm = 8  zs = 1  f = 5		IDAT too big
  zc = 1  zm = 8  zs = 2  f = 5		IDAT too big
  zc = 9  zm = 8  zs = 3  f = 5		IDAT too big

Selecting parameters:
  zc = 9  zm = 8  zs = 1  f = 0		IDAT size = 1026

Output IDAT size = 1026 bytes (109 bytes decrease)
Output file size = 1325 bytes (109 bytes = 7.60% decrease)

** Status report
1 file(s) have been processed.
Result: ExitSuccess
